L J MC_steps R2 R2_std E E_std E2 E2_std E4 E4_std Sin1 Sin1_std Cos1 Cos1_std Mag2 Mag2_std Mag4 Mag4_std
5 1.25 250000 5.61384 0.127275 -3.68949 0.0573677 16.051 0.433871 363.154 16.8993 -0.0342814 0.0229129 0.0159374 0.0316811 0.660091 0.00841448 0.494374 0.00955058 
5 1.25 500000 5.82478 0.112561 -3.6147 0.0430754 15.4765 0.339651 340.576 12.7508 -0.000604277 0.016756 0.00333612 0.0184025 0.654002 0.00572632 0.485385 0.00656655 
5 1.25 750000 5.77486 0.0977318 -3.58889 0.0330822 15.2922 0.238873 332.89 8.82564 0.00552618 0.0163724 0.0151652 0.0139968 0.649155 0.00452959 0.478659 0.00521707 
5 1.25 1000000 5.71615 0.0813984 -3.60161 0.0279271 15.355 0.196114 334.909 7.13007 0.0127538 0.0123131 0.0110599 0.0118603 0.648898 0.00398254 0.47871 0.00457557 
5 1.25 1250000 5.69655 0.0669907 -3.60939 0.0228809 15.3878 0.158723 335.529 5.78585 0.018344 0.013076 -0.00108918 0.0106792 0.650159 0.00352141 0.479869 0.00405948 
5 1.25 1500000 5.72017 0.0691272 -3.60556 0.0256015 15.35 0.182057 334.325 6.89829 0.0149771 0.0138641 0.00371954 0.010598 0.649743 0.00317163 0.478887 0.00368012 
5 1.25 1750000 5.71034 0.0607391 -3.61721 0.021662 15.4355 0.153321 337.869 5.90589 0.00906054 0.0123163 -0.00421686 0.00995152 0.650993 0.00297967 0.480436 0.00346634 
5 1.25 2000000 5.70182 0.0529321 -3.61963 0.0191295 15.461 0.140324 339.429 5.56809 0.0113761 0.0105578 -0.00523014 0.0114125 0.650988 0.00283804 0.480713 0.00327117 
5 1.25 2250000 5.70129 0.0465035 -3.62162 0.017038 15.4676 0.122885 339.357 4.87665 0.00852651 0.00933943 -0.00243252 0.0109522 0.651795 0.00265758 0.481298 0.00305474 
5 1.25 2500000 5.70025 0.0418842 -3.61804 0.0164259 15.4507 0.111578 338.642 4.33791 0.00952098 0.00874104 -0.00395599 0.0100536 0.651827 0.00254939 0.481314 0.00292212 
5 1.25 2750000 5.70918 0.0378377 -3.61777 0.0159165 15.443 0.106346 338.349 4.07914 0.00727905 0.00888974 -0.00429248 0.00932455 0.651778 0.00242301 0.481314 0.00278611 
5 1.25 3000000 5.69602 0.0400665 -3.62265 0.0151997 15.4817 0.103454 339.843 3.9726 0.0027238 0.00917474 -0.00661197 0.0087606 0.651897 0.00230556 0.481635 0.00262955 
5 1.25 3250000 5.70182 0.0372794 -3.62381 0.0143767 15.4802 0.0948421 339.821 3.64161 0.00283849 0.0084109 -0.00443963 0.00829552 0.651762 0.0022326 0.481523 0.00253883 
5 1.25 3500000 5.69005 0.0352526 -3.62599 0.0136878 15.5049 0.0906917 340.654 3.4553 0.00261278 0.00776693 -0.00664362 0.00794479 0.651915 0.00213001 0.481876 0.00246113 
5 1.25 3750000 5.69936 0.033673 -3.62565 0.013155 15.5019 0.0861231 341.019 3.2277 0.00196545 0.00749171 -0.00502539 0.00754031 0.652355 0.00205163 0.482339 0.00237396 
5 1.25 4000000 5.69336 0.0319367 -3.62598 0.0126272 15.5234 0.0828167 342.281 3.25005 -0.00127906 0.00744815 -0.00229367 0.00751618 0.652322 0.00196568 0.482678 0.00228229 
5 1.25 4250000 5.68054 0.0313124 -3.62985 0.0122379 15.5463 0.0794263 343.145 3.15978 0.00107505 0.00734525 -0.000620269 0.0072303 0.6527 0.0018954 0.482962 0.00217188 
5 1.25 4500000 5.68015 0.0297094 -3.63105 0.0119551 15.5544 0.077973 343.577 3.00326 -0.000167986 0.00702961 -0.00250857 0.00704726 0.652962 0.00184148 0.483269 0.00211274 
5 1.25 4750000 5.68251 0.02897 -3.62734 0.0117519 15.5343 0.0765469 343.024 2.88691 -0.000467534 0.00664345 -0.000241195 0.00701101 0.652754 0.00181734 0.483039 0.00208214 
5 1.25 5000000 5.6803 0.0279111 -3.62621 0.0114228 15.5242 0.0743332 342.725 2.75037 0.00237698 0.00686774 -0.000558253 0.00664918 0.652567 0.00177428 0.482672 0.0020293 
5 1.25 5250000 5.67881 0.0268164 -3.62699 0.01107 15.5277 0.0721516 342.788 2.61356 0.00172041 0.00655566 -0.00132368 0.00636062 0.65248 0.00172522 0.482509 0.00197716 
5 1.25 5500000 5.67881 0.0259652 -3.62699 0.010768 15.5277 0.0701788 342.788 2.58606 0.00172041 0.00642917 -0.00132368 0.00607135 0.65248 0.0016733 0.482509 0.0019205 
5 1.25 5750000 5.66708 0.0249884 -3.62707 0.0105786 15.5222 0.0689269 342.554 2.58606 -0.00192263 0.00646195 -0.00256435 0.00585107 0.652477 0.00163958 0.482439 0.00188261 
5 1.25 6000000 5.66708 0.0239944 -3.62707 0.0103099 15.5222 0.0672643 342.554 2.58606 -0.00192263 0.00631481 -0.00256435 0.00559692 0.652477 0.00159878 0.482439 0.00183549 
5 1.25 6250000 5.66113 0.0236294 -3.62628 0.0101333 15.5224 0.0666194 342.729 2.42463 -0.00085289 0.00605674 -0.000975154 0.00559974 0.652545 0.00157288 0.482562 0.00180133 
5 1.25 6500000 5.66113 0.0234082 -3.62628 0.010923 15.5224 0.0744233 342.729 2.71469 -0.00085289 0.00582467 -0.000975154 0.00546155 0.652545 0.00154519 0.482562 0.00184543 
5 1.25 6750000 5.6567 0.022722 -3.62322 0.0105068 15.4995 0.071591 341.717 2.61334 0.00012464 0.00575028 0.00163729 0.00548885 0.652125 0.00151076 0.482062 0.00177601 
5 1.25 7000000 5.6567 0.0222707 -3.62322 0.0101825 15.4995 0.0696723 341.717 2.54451 0.00012464 0.00554169 0.00163729 0.00533592 0.652125 0.00149163 0.482062 0.00174331 
5 1.25 7250000 5.64767 0.0217719 -3.62024 0.010003 15.4787 0.067704 341.062 2.46048 0.000101743 0.00534745 0.00133248 0.00524767 0.651644 0.00146065 0.481346 0.00170396 
5 1.25 7500000 5.64767 0.0217719 -3.62024 0.00983764 15.4787 0.0661832 341.062 2.40768 0.000101743 0.00517122 0.00133248 0.00514203 0.651644 0.00143314 0.481346 0.00165413 
5 1.25 7750000 5.65267 0.0217719 -3.6191 0.00960814 15.4729 0.0647643 340.893 2.40768 0.000505675 0.00499998 0.00104838 0.00500648 0.651772 0.00141112 0.481543 0.001643 
5 1.25 8000000 5.65267 0.0217719 -3.6191 0.00931583 15.4729 0.0628873 340.893 2.40768 0.000505675 0.00492512 0.00104838 0.00485836 0.651772 0.00138825 0.481543 0.00159722 
5 1.25 8250000 5.65784 0.0212922 -3.62061 0.00903984 15.4806 0.0609241 341.211 2.21394 -0.00198115 0.00501008 0.000714857 0.00470665 0.651933 0.0013023 0.481712 0.00154769 
5 1.25 8500000 5.65784 0.0212922 -3.62061 0.00883542 15.4806 0.0598684 341.211 2.20654 -0.00198115 0.0048655 0.000714857 0.00457314 0.651933 0.00127719 0.481712 0.00151919 
5 1.25 8750000 5.66108 0.0212922 -3.61909 0.00860197 15.469 0.0581178 340.572 2.14271 -0.00243055 0.00472572 0.00115965 0.00459128 0.651891 0.00125241 0.481522 0.00147732 
5 1.25 9000000 5.66108 0.0212922 -3.61909 0.00847557 15.469 0.0568952 340.572 2.11132 -0.00243055 0.00460343 0.00115965 0.00446301 0.651891 0.00123388 0.481522 0.00146026 
5 1.25 9250000 5.66054 0.0190967 -3.62139 0.00828031 15.4796 0.0556026 340.678 2.03383 -0.00288408 0.00447679 0.000668468 0.00440602 0.652212 0.00122344 0.481844 0.00143244 
5 1.25 9500000 5.66054 0.0190967 -3.62139 0.00814921 15.4796 0.0547627 340.678 2.00832 -0.00288408 0.00435734 0.000668468 0.00430538 0.652212 0.00120313 0.481844 0.00140175 
5 1.25 9750000 5.66054 0.0190967 -3.62139 0.00819592 15.4796 0.0547089 340.678 1.99401 -0.00288408 0.00435734 0.000668468 0.00425795 0.652212 0.00119414 0.481844 0.00140535 
5 1.25 10000000 5.65964 0.0190967 -3.62298 0.00804376 15.4894 0.053381 341.001 1.94524 -0.00263336 0.0042582 0.000789018 0.00419973 0.652415 0.00118103 0.482092 0.00138496 
5 1.25 10250000 5.65964 0.0190967 -3.62298 0.00787054 15.4894 0.0523706 341.001 1.94272 -0.00263336 0.00415833 0.000789018 0.0041189 0.652415 0.00115546 0.482092 0.00135832 
5 1.25 10500000 5.65923 0.0174708 -3.62479 0.00774764 15.4959 0.0513069 341.051 1.87892 -0.00385253 0.00415867 0.000759613 0.00414476 0.652745 0.00114329 0.482447 0.0013311 
5 1.25 10750000 5.65923 0.0172318 -3.62479 0.00759497 15.4959 0.0501498 341.051 1.8351 -0.00385253 0.0040838 0.000759613 0.00409314 0.652745 0.00113943 0.482447 0.00131293 
5 1.25 11000000 5.65923 0.0172318 -3.62479 0.00742434 15.4959 0.0489749 341.051 1.79324 -0.00385253 0.00404106 0.000759613 0.00403478 0.652745 0.00112122 0.482447 0.00129324 
5 1.25 11250000 5.65923 0.0172318 -3.62479 0.00733455 15.4959 0.0483397 341.051 1.78392 -0.00385253 0.00414681 0.000759613 0.0039569 0.652745 0.00110546 0.482447 0.00127443 
5 1.25 11500000 5.66566 0.0168229 -3.62361 0.007326 15.4852 0.0483017 340.751 1.75157 -0.00361734 0.00405352 0.000807283 0.00390056 0.65261 0.00108629 0.482253 0.00126186 
5 1.25 11750000 5.66566 0.0168229 -3.62361 0.00752917 15.4852 0.0497051 340.751 1.78388 -0.00361734 0.00396914 0.000807283 0.00386708 0.65261 0.00109921 0.482253 0.00127996 
5 1.25 12000000 5.66566 0.0168229 -3.62361 0.00737296 15.4852 0.0487587 340.751 1.75453 -0.00361734 0.00391423 0.000807283 0.00380089 0.65261 0.00107716 0.482253 0.00125677 
5 1.25 12250000 5.66566 0.0168229 -3.62361 0.00731066 15.4852 0.0479963 340.751 1.71949 -0.00361734 0.00383095 0.000807283 0.00375185 0.65261 0.00107017 0.482253 0.00124133 
5 1.25 12500000 5.66191 0.0162534 -3.62585 0.00716181 15.4986 0.0471108 341.038 1.69133 -0.00390032 0.00379366 0.000582755 0.00372859 0.652649 0.00104913 0.482188 0.00121656 
5 1.25 12750000 5.66191 0.0160165 -3.62585 0.00705486 15.4986 0.0464685 341.038 1.66854 -0.00390032 0.00374811 0.000582755 0.00368369 0.652649 0.00103316 0.482188 0.00120165 
5 1.25 13000000 5.66191 0.0158748 -3.62585 0.00697031 15.4986 0.0458916 341.038 1.64763 -0.00390032 0.00368607 0.000582755 0.00364241 0.652649 0.00102641 0.482188 0.00119939 
5 1.25 13250000 5.66191 0.0158344 -3.62585 0.00711614 15.4986 0.0468599 341.038 1.6827 -0.00390032 0.00361768 0.000582755 0.00359933 0.652649 0.00102096 0.482188 0.00119853 
5 1.25 13500000 5.6671 0.0155976 -3.62752 0.00698938 15.5068 0.046034 341.226 1.65789 -0.00378994 0.00354945 0.000719993 0.00354671 0.653099 0.00100817 0.482795 0.00118441 
5 1.25 13750000 5.6671 0.0155621 -3.62752 0.00690303 15.5068 0.0453728 341.226 1.63327 -0.00378994 0.00348641 0.000719993 0.00352902 0.653099 0.000996461 0.482795 0.00116748 
5 1.25 14000000 5.6671 0.0154463 -3.62752 0.00678879 15.5068 0.0445853 341.226 1.60363 -0.00378994 0.00342497 0.000719993 0.00351129 0.653099 0.000985143 0.482795 0.00115071 
5 1.25 14250000 5.6671 0.0154463 -3.62752 0.00667713 15.5068 0.0438268 341.226 1.57493 -0.00378994 0.00336565 0.000719993 0.00345699 0.653099 0.000977756 0.482795 0.00113343 
5 1.25 14500000 5.6761 0.0167563 -3.62696 0.00656103 15.5044 0.0431029 341.207 1.55053 -0.00443078 0.00331057 0.00033605 0.00341963 0.653037 0.000971864 0.482807 0.00113618 
5 1.25 14750000 5.6761 0.0167563 -3.62696 0.00645887 15.5044 0.0423906 341.207 1.52361 -0.00443078 0.00325582 0.00033605 0.00339257 0.653037 0.000967385 0.482807 0.00112057 
5 1.25 15000000 5.6761 0.0167563 -3.62696 0.00644045 15.5044 0.042581 341.207 1.5508 -0.00443078 0.00323974 0.00033605 0.00337352 0.653037 0.000958354 0.482807 0.00111004 
5 1.25 15250000 5.6761 0.0167563 -3.62696 0.00646633 15.5044 0.042621 341.207 1.54155 -0.00443078 0.00318573 0.00033605 0.00334472 0.653037 0.000953653 0.482807 0.00111563 
5 1.25 15500000 5.67546 0.0164089 -3.6266 0.00640827 15.5033 0.0421348 341.322 1.52177 -0.00567379 0.00323225 0.0022508 0.00330063 0.652933 0.000949069 0.482632 0.00110715 
5 1.25 15750000 5.67546 0.0164089 -3.6266 0.00634661 15.5033 0.0417737 341.322 1.5101 -0.00567379 0.00317976 0.0022508 0.00325472 0.652933 0.000941504 0.482632 0.00109857 
5 1.25 16000000 5.67546 0.0164089 -3.6266 0.00628169 15.5033 0.0414316 341.322 1.49619 -0.00567379 0.00313412 0.0022508 0.003214 0.652933 0.000929334 0.482632 0.00108237 
5 1.25 16250000 5.67546 0.0164089 -3.6266 0.00618405 15.5033 0.0410632 341.322 1.49419 -0.00567379 0.00317738 0.0022508 0.00316911 0.652933 0.000911524 0.482632 0.00106626 
5 1.25 16500000 5.68164 0.0158482 -3.62298 0.00624321 15.481 0.0414497 340.597 1.50493 -0.00552437 0.00315286 0.00160305 0.00314242 0.652563 0.000914159 0.482223 0.00107149 
5 1.25 16750000 5.68164 0.0158482 -3.62298 0.00620784 15.481 0.0412618 340.597 1.49041 -0.00552437 0.00327247 0.00160305 0.00310102 0.652563 0.000906811 0.482223 0.00106573 
5 1.25 17000000 5.68164 0.0158482 -3.62298 0.00611784 15.481 0.0406977 340.597 1.47132 -0.00552437 0.00322352 0.00160305 0.00307326 0.652563 0.000894639 0.482223 0.00105078 
5 1.25 17250000 5.68164 0.0158482 -3.62298 0.00602776 15.481 0.0401258 340.597 1.45134 -0.00552437 0.00317836 0.00160305 0.00305168 0.652563 0.000883761 0.482223 0.00103854 
5 1.25 17500000 5.68112 0.0152661 -3.62196 0.00598186 15.47 0.0396951 340.219 1.43297 -0.0063609 0.0031547 0.000639028 0.00302889 0.652478 0.000882868 0.482098 0.00103614 
5 1.25 17750000 5.68112 0.0152661 -3.62196 0.00591396 15.47 0.0392101 340.219 1.41435 -0.0063609 0.00311072 0.000639028 0.0030017 0.652478 0.000875198 0.482098 0.00103614 
5 1.25 18000000 5.68112 0.0152661 -3.62196 0.00596466 15.47 0.0393544 340.219 1.408 -0.0063609 0.00309178 0.000639028 0.00296303 0.652478 0.000876622 0.482098 0.00103614 
5 1.25 18250000 5.68112 0.0152661 -3.62196 0.00593058 15.47 0.039051 340.219 1.39846 -0.0063609 0.00305478 0.000639028 0.00296508 0.652478 0.000864757 0.482098 0.00103614 
5 1.25 18500000 5.68495 0.0145775 -3.62179 0.00586936 15.4658 0.0387542 340.055 1.3892 -0.00578614 0.00302443 0.00190521 0.00294733 0.652478 0.000855376 0.482022 0.00100147 
5 1.25 18750000 5.68495 0.0145775 -3.62179 0.0058924 15.4658 0.0390788 340.055 1.40103 -0.00578614 0.00298831 0.00190521 0.00291703 0.652478 0.000863733 0.482022 0.00100765 
5 1.25 19000000 5.68495 0.0145775 -3.62179 0.00583392 15.4658 0.0386335 340.055 1.38553 -0.00578614 0.00295689 0.00190521 0.00289688 0.652478 0.000852763 0.482022 0.000995387 
5 1.25 19250000 5.68495 0.0145775 -3.62179 0.00577918 15.4658 0.038287 340.055 1.37539 -0.00578614 0.0029685 0.00190521 0.00292334 0.652478 0.000847696 0.482022 0.000988841 
5 1.25 19500000 5.68704 0.0139589 -3.61989 0.00572108 15.4545 0.0379027 339.714 1.35899 -0.00573998 0.00297986 0.00174554 0.00294936 0.652243 0.000839541 0.481821 0.000979611 
5 1.25 19750000 5.68704 0.0139589 -3.61989 0.00565544 15.4545 0.03743 339.714 1.3414 -0.00573998 0.00294944 0.00174554 0.00294936 0.652243 0.000834171 0.481821 0.000973076 
5 1.25 20000000 5.68704 0.0139589 -3.61989 0.00559436 15.4545 0.0370443 339.714 1.32897 -0.00573998 0.00292492 0.00174554 0.00287998 0.652243 0.000824739 0.481821 0.000962454 
5 1.25 20250000 5.68704 0.0139589 -3.61989 0.00564457 15.4545 0.0373186 339.714 1.33384 -0.00573998 0.00288883 0.00174554 0.00287998 0.652243 0.000828157 0.481821 0.000967912 
5 1.25 20500000 5.68704 0.0139589 -3.61989 0.00561825 15.4545 0.0371868 339.714 1.33268 -0.00573998 0.00288883 0.00174554 0.00287998 0.652243 0.000824729 0.481821 0.000965027 
5 1.25 20750000 5.68633 0.015803 -3.62185 0.00555757 15.4655 0.0368979 339.998 1.32794 -0.00558014 0.0028563 0.00161679 0.00280867 0.652473 0.000818028 0.482078 0.000955223 
5 1.25 21000000 5.68633 0.015803 -3.62185 0.00553876 15.4655 0.036814 339.998 1.32096 -0.00558014 0.0028443 0.00161679 0.00280867 0.652473 0.000815426 0.482078 0.00095141 
5 1.25 21250000 5.68633 0.015803 -3.62185 0.00552761 15.4655 0.036581 339.998 1.30804 -0.00558014 0.00282035 0.00161679 0.00278362 0.652473 0.00081878 0.482078 0.000950433 
5 1.25 21500000 5.68633 0.015803 -3.62185 0.00547617 15.4655 0.0362424 339.998 1.29796 -0.00558014 0.00282083 0.00161679 0.00278362 0.652473 0.000810995 0.482078 0.000941715 
5 1.25 21750000 5.68633 0.015803 -3.62185 0.0054116 15.4655 0.0358161 339.998 1.28365 -0.00558014 0.00280129 0.00161679 0.00271853 0.652473 0.000801491 0.482078 0.000930711 
5 1.25 22000000 5.68633 0.015803 -3.62185 0.00538407 15.4655 0.0357524 339.998 1.28799 -0.00558014 0.00277792 0.00161679 0.00271853 0.652473 0.00079649 0.482078 0.000925226 
5 1.25 22250000 5.68633 0.015803 -3.62185 0.00533588 15.4655 0.0354706 339.998 1.27803 -0.00558014 0.00274792 0.00161679 0.00265534 0.652473 0.000790038 0.482078 0.000920033 
5 1.25 22500000 5.68633 0.015803 -3.62185 0.00527935 15.4655 0.0351237 339.998 1.26514 -0.00558014 0.00271791 0.00161679 0.00265534 0.652473 0.000781131 0.482078 0.000909558 
5 1.25 22750000 5.69092 0.015803 -3.62226 0.00524141 15.4686 0.0348186 339.968 1.25239 -0.00449752 0.00271124 0.00162854 0.00265476 0.652466 0.000774792 0.48212 0.000902156 
5 1.25 23000000 5.69092 0.015803 -3.62226 0.0052243 15.4686 0.034622 339.968 1.24342 -0.00449752 0.0026883 0.00162854 0.00267254 0.652466 0.000770444 0.48212 0.000896463 
5 1.25 23250000 5.69092 0.015803 -3.62226 0.00517567 15.4686 0.0343229 339.968 1.2327 -0.00449752 0.00269843 0.00162854 0.00267846 0.652466 0.000762848 0.48212 0.00088771 
5 1.25 23500000 5.69092 0.015803 -3.62226 0.00513257 15.4686 0.0340234 339.968 1.22059 -0.00449752 0.00266939 0.00162854 0.00267846 0.652466 0.000755778 0.48212 0.000882242 
5 1.25 23750000 5.69092 0.015803 -3.62226 0.00507963 15.4686 0.0337495 339.968 1.21223 -0.00449752 0.00264293 0.00162854 0.00265008 0.652466 0.000751938 0.48212 0.000876024 
5 1.25 24000000 5.69092 0.015803 -3.62226 0.00503245 15.4686 0.0334014 339.968 1.19929 -0.00449752 0.0026161 0.00162854 0.00262524 0.652466 0.000746153 0.48212 0.000868683 
5 1.25 24250000 5.69092 0.015803 -3.62226 0.00500494 15.4686 0.0332179 339.968 1.19318 -0.00449752 0.0026022 0.00162854 0.00259531 0.652466 0.000741737 0.48212 0.000865126 
5 1.25 24500000 5.69092 0.015803 -3.62226 0.00496834 15.4686 0.0329443 339.968 1.18273 -0.00449752 0.00257655 0.00162854 0.00257033 0.652466 0.000736678 0.48212 0.000859316 
5 1.25 24750000 5.6948 0.0152739 -3.62088 0.00494987 15.4607 0.0328558 339.781 1.1828 -0.00339133 0.00255302 0.00208972 0.00255719 0.652146 0.000734688 0.481799 0.000857762 
5 1.25 25000000 5.6948 0.0152739 -3.62088 0.00494987 15.4607 0.0328002 339.781 1.19219 -0.00339133 0.00253156 0.00208972 0.00254102 0.652146 0.000732368 0.481799 0.000856095 
5 1.25 25250000 5.6948 0.0152739 -3.62088 0.00492135 15.4607 0.0326673 339.781 1.18144 -0.00339133 0.00251705 0.00208972 0.00251821 0.652146 0.000729173 0.481799 0.000851903 
5 1.25 25500000 5.6948 0.0152739 -3.62088 0.00492304 15.4607 0.0326481 339.781 1.17599 -0.00339133 0.002499 0.00208972 0.00249686 0.652146 0.0007283 0.481799 0.000851486 
5 1.25 25750000 5.6948 0.0152739 -3.62088 0.00491537 15.4607 0.0325662 339.781 1.16642 -0.00339133 0.0024867 0.00208972 0.00247213 0.652146 0.00072527 0.481799 0.000848151 
5 1.25 26000000 5.6948 0.0152739 -3.62088 0.00488373 15.4607 0.0323166 339.781 1.15583 -0.00339133 0.00246933 0.00208972 0.00244772 0.652146 0.000722653 0.481799 0.000844799 
5 1.25 26250000 5.6948 0.0152739 -3.62088 0.00490946 15.4607 0.0324847 339.781 1.15673 -0.00339133 0.00245739 0.00208972 0.00242408 0.652146 0.000730662 0.481799 0.000854664 
5 1.25 26500000 5.6948 0.0152739 -3.62088 0.00486541 15.4607 0.0322194 339.781 1.14963 -0.00339133 0.00245073 0.00208972 0.00240307 0.652146 0.000724558 0.481799 0.000846595 
5 1.25 26750000 5.69939 0.0152739 -3.62318 0.00484644 15.4715 0.0320847 340.127 1.14209 -0.00300515 0.00245073 0.00189543 0.00238142 0.652444 0.000721372 0.482119 0.000844363 
5 1.25 27000000 5.69939 0.0152739 -3.62318 0.00480484 15.4715 0.0317983 340.127 1.13179 -0.00300515 0.00245852 0.00189543 0.00236071 0.652444 0.000715671 0.482119 0.000837138 
5 1.25 27250000 5.69939 0.0152739 -3.62318 0.00476638 15.4715 0.0315607 340.127 1.12404 -0.00300515 0.00245073 0.00189543 0.00235568 0.652444 0.000709887 0.482119 0.000830064 
5 1.25 27500000 5.69939 0.0152739 -3.62318 0.00473926 15.4715 0.0314015 340.127 1.11671 -0.00300515 0.00245073 0.00189543 0.00233938 0.652444 0.000705117 0.482119 0.000824925 
5 1.25 27750000 5.69939 0.0152739 -3.62318 0.00472075 15.4715 0.0313187 340.127 1.11641 -0.00300515 0.00245073 0.00189543 0.00233746 0.652444 0.00070469 0.482119 0.000824652 
5 1.25 28000000 5.69939 0.0152739 -3.62318 0.00468695 15.4715 0.0311231 340.127 1.11053 -0.00300515 0.00245073 0.00189543 0.00233066 0.652444 0.000699362 0.482119 0.000817324 
5 1.25 28250000 5.69939 0.0152739 -3.62318 0.00467274 15.4715 0.0309722 340.127 1.10371 -0.00300515 0.00245073 0.00189543 0.00231843 0.652444 0.000698951 0.482119 0.000815284 
5 1.25 28500000 5.69939 0.0152739 -3.62318 0.00464804 15.4715 0.0308217 340.127 1.09728 -0.00300515 0.00245073 0.00189543 0.0023128 0.652444 0.000695855 0.482119 0.000812599 
5 1.25 28750000 5.6999 0.0139158 -3.62324 0.00465877 15.4715 0.0307176 340.047 1.08994 -0.00361956 0.00234865 0.00185268 0.00230182 0.65262 0.000693761 0.482283 0.000809479 
5 1.25 29000000 5.6999 0.0139158 -3.62324 0.00469217 15.4715 0.0308741 340.047 1.09374 -0.00361956 0.00235116 0.00185268 0.00230679 0.65262 0.00070064 0.482283 0.000819129 
5 1.25 29250000 5.6999 0.0139158 -3.62324 0.00465301 15.4715 0.0306138 340.047 1.08499 -0.00361956 0.00233828 0.00185268 0.00228909 0.65262 0.000694764 0.482283 0.000812167 
5 1.25 29500000 5.6999 0.0139158 -3.62324 0.00462873 15.4715 0.0305121 340.047 1.08026 -0.00361956 0.00234437 0.00185268 0.00228229 0.65262 0.00069182 0.482283 0.000809686 
5 1.25 29750000 5.6999 0.0139158 -3.62324 0.00460407 15.4715 0.0304134 340.047 1.07819 -0.00361956 0.00232747 0.00185268 0.00227981 0.65262 0.000688985 0.482283 0.000806093 
5 1.25 30000000 5.6999 0.0139158 -3.62324 0.0045814 15.4715 0.0302433 340.047 1.07088 -0.00361956 0.00235045 0.00185268 0.00226759 0.65262 0.000683457 0.482283 0.00080022 
5 1.25 30250000 5.6999 0.0139158 -3.62324 0.00454375 15.4715 0.0300366 340.047 1.06938 -0.00361956 0.00234527 0.00185268 0.00225256 0.65262 0.000677802 0.482283 0.000795202 
5 1.25 30500000 5.6999 0.0139158 -3.62324 0.00452172 15.4715 0.0298543 340.047 1.06244 -0.00361956 0.00232812 0.00185268 0.00224144 0.65262 0.000673312 0.482283 0.000789449 
5 1.25 30750000 5.69302 0.0139158 -3.6249 0.00449079 15.4805 0.0296386 340.241 1.05366 -0.00329498 0.00230883 0.00220919 0.00223407 0.652854 0.000669612 0.482543 0.000784982 
5 1.25 31000000 5.69302 0.0139158 -3.6249 0.00447328 15.4805 0.0295227 340.241 1.05366 -0.00329498 0.00230883 0.00220919 0.00223791 0.652854 0.000667839 0.482543 0.000781731 
5 1.25 31250000 5.69302 0.0139158 -3.6249 0.00444511 15.4805 0.0293616 340.241 1.04628 -0.00329498 0.00230773 0.00220919 0.00223228 0.652854 0.000664036 0.482543 0.00077824 
5 1.25 31500000 5.69302 0.0139158 -3.6249 0.00442972 15.4805 0.0292284 340.241 1.04771 -0.00329498 0.00230267 0.00220919 0.00222942 0.652854 0.000660245 0.482543 0.000773669 
5 1.25 31750000 5.69302 0.0139158 -3.6249 0.00439516 15.4805 0.0290128 340.241 1.04729 -0.00329498 0.00228632 0.00220919 0.00221186 0.652854 0.000659666 0.482543 0.00076974 
5 1.25 32000000 5.69302 0.0139158 -3.6249 0.00437908 15.4805 0.0288612 340.241 1.03887 -0.00329498 0.00227777 0.00220919 0.00220247 0.652854 0.000655585 0.482543 0.000765915 
5 1.25 32250000 5.69302 0.0139158 -3.6249 0.00434668 15.4805 0.0286502 340.241 1.03207 -0.00329498 0.00225966 0.00220919 0.00220629 0.652854 0.000649037 0.482543 0.000760861 
5 1.25 32500000 5.69302 0.0139158 -3.6249 0.00431625 15.4805 0.0284584 340.241 1.02935 -0.00329498 0.00225464 0.00220919 0.00220882 0.652854 0.000645689 0.482543 0.000755845 
5 1.25 32750000 5.69302 0.0139158 -3.6249 0.00430641 15.4805 0.0283524 340.241 1.02488 -0.00329498 0.00223768 0.00220919 0.00220882 0.652854 0.000643189 0.482543 0.000754656 
5 1.25 33000000 5.69249 0.0140106 -3.62612 0.00430568 15.4862 0.0281741 340.337 1.02102 -0.0035881 0.00224577 0.00270712 0.00217876 0.65308 0.00067328 0.482786 0.000749323 
5 1.25 33250000 5.69249 0.0140106 -3.62612 0.00430568 15.4862 0.0279716 340.337 1.01453 -0.0035881 0.00225268 0.00270712 0.00217876 0.65308 0.00067328 0.482786 0.000745997 
5 1.25 33500000 5.69249 0.0140106 -3.62612 0.00430568 15.4862 0.0279657 340.337 1.01381 -0.0035881 0.00223559 0.00270712 0.00221425 0.65308 0.00067328 0.482786 0.000743667 
5 1.25 33750000 5.69249 0.0140106 -3.62612 0.00430568 15.4862 0.0277561 340.337 1.00655 -0.0035881 0.00222985 0.00270712 0.00221425 0.65308 0.00067328 0.482786 0.000738742 
5 1.25 34000000 5.69249 0.0140106 -3.62612 0.00430568 15.4862 0.0275875 340.337 0.999732 -0.0035881 0.00221566 0.00270712 0.00221186 0.65308 0.00067328 0.482786 0.000734361 
5 1.25 34250000 5.69249 0.0140106 -3.62612 0.00430568 15.4862 0.0273963 340.337 0.992344 -0.0035881 0.00219903 0.00270712 0.00221186 0.65308 0.00067328 0.482786 0.000729669 
5 1.25 34500000 5.69249 0.0140106 -3.62612 0.00430568 15.4862 0.0274112 340.337 0.988978 -0.0035881 0.00218483 0.00270712 0.00218743 0.65308 0.00067328 0.482786 0.000733247 
5 1.25 34750000 5.69249 0.0140106 -3.62612 0.00430568 15.4862 0.0272181 340.337 0.983505 -0.0035881 0.0021696 0.00270712 0.00218743 0.65308 0.00067328 0.482786 0.000727924 
5 1.25 35000000 5.69515 0.0140106 -3.62613 0.00430568 15.4869 0.0271208 340.427 0.976341 -0.00309824 0.00215439 0.0017269 0.00216945 0.653045 0.00067328 0.482762 0.000728433 
5 1.25 35250000 5.69515 0.0140106 -3.62613 0.00430568 15.4869 0.0269452 340.427 0.969547 -0.00309824 0.00213923 0.0017269 0.00216945 0.653045 0.00067328 0.482762 0.000724335 
5 1.25 35500000 5.69515 0.0140106 -3.62613 0.00430568 15.4869 0.0269632 340.427 0.969136 -0.00309824 0.00212457 0.0017269 0.00214047 0.653045 0.00067328 0.482762 0.000722424 
5 1.25 35750000 5.69515 0.0140106 -3.62613 0.00430568 15.4869 0.0267962 340.427 0.963841 -0.00309824 0.0021117 0.0017269 0.00214047 0.653045 0.00067328 0.482762 0.000718201 
5 1.25 36000000 5.69515 0.0140106 -3.62613 0.00430568 15.4869 0.0266788 340.427 0.957543 -0.00309824 0.00209733 0.0017269 0.00211466 0.653045 0.00067328 0.482762 0.000716262 
5 1.25 36250000 5.69515 0.0140106 -3.62613 0.00430568 15.4869 0.0266573 340.427 0.957596 -0.00309824 0.00208441 0.0017269 0.00211466 0.653045 0.00067328 0.482762 0.000715922 
5 1.25 36500000 5.69515 0.0140106 -3.62613 0.00430568 15.4869 0.0265814 340.427 0.953005 -0.00309824 0.00207371 0.0017269 0.00209168 0.653045 0.00067328 0.482762 0.000714306 
5 1.25 36750000 5.69515 0.0140106 -3.62613 0.00430568 15.4869 0.0265615 340.427 0.951303 -0.00309824 0.00207022 0.0017269 0.00209168 0.653045 0.00067328 0.482762 0.000711361 
5 1.25 37000000 5.6969 0.0131295 -3.62448 0.00412823 15.477 0.026445 340.151 0.946868 -0.00313845 0.00205866 0.00130275 0.00206264 0.652801 0.000654009 0.482493 0.000708285 
5 1.25 37250000 5.6969 0.0131295 -3.62448 0.00412823 15.477 0.0264012 340.151 0.942517 -0.00313845 0.00204805 0.00130275 0.00206264 0.652801 0.000654009 0.482493 0.000706972 
5 1.25 37500000 5.6969 0.0131295 -3.62448 0.00412823 15.477 0.0262479 340.151 0.937043 -0.00313845 0.00203442 0.00130275 0.00205378 0.652801 0.000654009 0.482493 0.000703002 
5 1.25 37750000 5.6969 0.0131295 -3.62448 0.00412823 15.477 0.0261036 340.151 0.930669 -0.00313845 0.00203289 0.00130275 0.00204233 0.652801 0.000654009 0.482493 0.000699488 
5 1.25 38000000 5.6969 0.0131295 -3.62448 0.00412823 15.477 0.0261762 340.151 0.930244 -0.00313845 0.00202288 0.00130275 0.0020356 0.652801 0.000654009 0.482493 0.000703602 
5 1.25 38250000 5.6969 0.0131295 -3.62448 0.00412823 15.477 0.0260756 340.151 0.924866 -0.00313845 0.00201147 0.00130275 0.00202392 0.652801 0.000654009 0.482493 0.000699606 
5 1.25 38500000 5.6969 0.0131295 -3.62448 0.00412823 15.477 0.0260335 340.151 0.926762 -0.00313845 0.00199869 0.00130275 0.00202148 0.652801 0.000654009 0.482493 0.000698517 
5 1.25 38750000 5.6969 0.0131295 -3.62448 0.00412823 15.477 0.0258885 340.151 0.924062 -0.00313845 0.00198923 0.00130275 0.00202148 0.652801 0.000654009 0.482493 0.000696366 
5 1.25 39000000 5.69766 0.0131295 -3.62583 0.00412823 15.487 0.0257441 340.544 0.918204 -0.00288258 0.00198368 0.00193322 0.00200311 0.653058 0.000654009 0.482811 0.000728687 
5 1.25 39250000 5.69766 0.0131295 -3.62583 0.00412823 15.487 0.0255924 340.544 0.913583 -0.00288258 0.00197091 0.00193322 0.00199588 0.653058 0.000654009 0.482811 0.000728687 
5 1.25 39500000 5.69766 0.0131295 -3.62583 0.00412823 15.487 0.0257589 340.544 0.9081 -0.00288258 0.00195887 0.00193322 0.00198255 0.653058 0.000654009 0.482811 0.000728687 
5 1.25 39750000 5.69766 0.0131295 -3.62583 0.00412823 15.487 0.0257241 340.544 0.906197 -0.00288258 0.00195857 0.00193322 0.001978 0.653058 0.000654009 0.482811 0.000728687 
5 1.25 40000000 5.69766 0.0131295 -3.62583 0.00412823 15.487 0.0256262 340.544 0.903027 -0.00288258 0.00195376 0.00193322 0.0019788 0.653058 0.000654009 0.482811 0.000728687 
5 1.25 40250000 5.69766 0.0131295 -3.62583 0.00412823 15.487 0.0254909 340.544 0.897801 -0.00288258 0.00194216 0.00193322 0.0019788 0.653058 0.000654009 0.482811 0.000728687 
5 1.25 40500000 5.69766 0.0131295 -3.62583 0.00412823 15.487 0.0254005 340.544 0.894912 -0.00288258 0.00194305 0.00193322 0.00196355 0.653058 0.000654009 0.482811 0.000728687 
5 1.25 40750000 5.69766 0.0131295 -3.62583 0.00412823 15.487 0.0252625 340.544 0.889527 -0.00288258 0.00194016 0.00193322 0.00195713 0.653058 0.000654009 0.482811 0.000728687 
5 1.25 41000000 5.69924 0.0120239 -3.62399 0.00427997 15.478 0.025119 340.254 0.884109 -0.00278071 0.00192845 0.00159497 0.00194774 0.652861 0.000728659 0.482614 0.000744838 
5 1.25 41250000 5.69924 0.0120239 -3.62399 0.00427997 15.478 0.0249936 340.254 0.881373 -0.00278071 0.00192668 0.00159497 0.00194146 0.652861 0.000728659 0.482614 0.000744838 
5 1.25 41500000 5.69924 0.0120239 -3.62399 0.00427997 15.478 0.0248704 340.254 0.876673 -0.00278071 0.0019176 0.00159497 0.00196369 0.652861 0.000728659 0.482614 0.000744838 
5 1.25 41750000 5.69924 0.0120239 -3.62399 0.00427997 15.478 0.0248083 340.254 0.875295 -0.00278071 0.0019176 0.00159497 0.00196369 0.652861 0.000728659 0.482614 0.000744838 
5 1.25 42000000 5.69924 0.0120239 -3.62399 0.00427997 15.478 0.0247093 340.254 0.871347 -0.00278071 0.00190618 0.00159497 0.00196369 0.652861 0.000728659 0.482614 0.000744838 
5 1.25 42250000 5.69924 0.0120239 -3.62399 0.00427997 15.478 0.0246117 340.254 0.870666 -0.00278071 0.00189819 0.00159497 0.00193974 0.652861 0.000728659 0.482614 0.000744838 
5 1.25 42500000 5.69924 0.0120239 -3.62399 0.00427997 15.478 0.0245988 340.254 0.866967 -0.00278071 0.00188675 0.00159497 0.00193974 0.652861 0.000728659 0.482614 0.000744838 
5 1.25 42750000 5.69924 0.0120239 -3.62399 0.00427997 15.478 0.0245988 340.254 0.861937 -0.00278071 0.00187732 0.00159497 0.00191645 0.652861 0.000728659 0.482614 0.000744838 
5 1.25 43000000 5.69924 0.0120239 -3.62399 0.00427997 15.478 0.0245988 340.254 0.857952 -0.00278071 0.00187526 0.00159497 0.00191645 0.652861 0.000728659 0.482614 0.000744838 
5 1.25 43250000 5.69924 0.0120239 -3.62399 0.00427997 15.478 0.0241622 340.254 0.856541 -0.00278071 0.00188419 0.00159497 0.00189434 0.652861 0.000728659 0.482614 0.000744838 
5 1.25 43500000 5.69924 0.0120239 -3.62399 0.00427997 15.478 0.0240251 340.254 0.852065 -0.00278071 0.00187307 0.00159497 0.00189434 0.652861 0.000728659 0.482614 0.000744838 
5 1.25 43750000 5.69924 0.0120239 -3.62399 0.00427997 15.478 0.0239349 340.254 0.84917 -0.00278071 0.00186224 0.00159497 0.00187896 0.652861 0.000728659 0.482614 0.000744838 
5 1.25 44000000 5.69924 0.0120239 -3.62399 0.00427997 15.478 0.0238596 340.254 0.844208 -0.00278071 0.00185835 0.00159497 0.00187847 0.652861 0.000728659 0.482614 0.000744838 
5 1.25 44250000 5.69924 0.0120239 -3.62399 0.00427997 15.478 0.0238245 340.254 0.843732 -0.00278071 0.001848 0.00159497 0.00187159 0.652861 0.000728659 0.482614 0.000744838 
5 1.25 44500000 5.69924 0.0120239 -3.62399 0.00427997 15.478 0.0237018 340.254 0.840921 -0.00278071 0.00184015 0.00159497 0.00186458 0.652861 0.000728659 0.482614 0.000744838 
5 1.25 44750000 5.69924 0.0120239 -3.62399 0.00427997 15.478 0.0236263 340.254 0.836275 -0.00278071 0.00183948 0.00159497 0.00185607 0.652861 0.000728659 0.482614 0.000744838 
5 1.25 45000000 5.69924 0.0120239 -3.62399 0.00427997 15.478 0.0235429 340.254 0.837196 -0.00278071 0.00183659 0.00159497 0.00184663 0.652861 0.000728659 0.482614 0.000744838 
5 1.25 45250000 5.69848 0.0112238 -3.62313 0.00427997 15.4756 0.0234523 340.252 0.832491 -0.00341402 0.00185239 0.00252021 0.00185103 0.652708 0.000728659 0.482484 0.000744838 
5 1.25 45500000 5.69848 0.0112238 -3.62313 0.00427997 15.4756 0.0235067 340.252 0.832895 -0.00341402 0.00184228 0.00252021 0.00185103 0.652708 0.000728659 0.482484 0.000744838 
5 1.25 45750000 5.69848 0.0112238 -3.62313 0.00427997 15.4756 0.0235397 340.252 0.832658 -0.00341402 0.00183199 0.00252021 0.00183063 0.652708 0.000728659 0.482484 0.000744838 
5 1.25 46000000 5.69848 0.0112238 -3.62313 0.00427997 15.4756 0.0234197 340.252 0.828816 -0.00341402 0.00182201 0.00252021 0.00183063 0.652708 0.000728659 0.482484 0.000744838 
5 1.25 46250000 5.69848 0.0112238 -3.62313 0.00427997 15.4756 0.0233157 340.252 0.8245 -0.00341402 0.00182145 0.00252021 0.00185265 0.652708 0.000728659 0.482484 0.000744838 
5 1.25 46500000 5.69848 0.0112238 -3.62313 0.00427997 15.4756 0.0232371 340.252 0.821379 -0.00341402 0.00181148 0.00252021 0.00185265 0.652708 0.000728659 0.482484 0.000744838 
5 1.25 46750000 5.69848 0.0112238 -3.62313 0.00427997 15.4756 0.0231132 340.252 0.81934 -0.00341402 0.00181013 0.00252021 0.00184959 0.652708 0.000728659 0.482484 0.000744838 
5 1.25 47000000 5.69848 0.0112238 -3.62313 0.00427997 15.4756 0.0230578 340.252 0.817248 -0.00341402 0.0018012 0.00252021 0.00184959 0.652708 0.000728659 0.482484 0.000744838 
5 1.25 47250000 5.69848 0.0112238 -3.62313 0.00427997 15.4756 0.0230198 340.252 0.817243 -0.00341402 0.00179141 0.00252021 0.00183738 0.652708 0.000728659 0.482484 0.000744838 
5 1.25 47500000 5.69848 0.0112238 -3.62313 0.00427997 15.4756 0.0229823 340.252 0.815408 -0.00341402 0.00178173 0.00252021 0.00183738 0.652708 0.000728659 0.482484 0.000744838 
5 1.25 47750000 5.69848 0.0112238 -3.62313 0.00427997 15.4756 0.0228805 340.252 0.812519 -0.00341402 0.00177251 0.00252021 0.00182031 0.652708 0.000728659 0.482484 0.000744838 
5 1.25 48000000 5.69848 0.0112238 -3.62313 0.00427997 15.4756 0.0228805 340.252 0.808768 -0.00341402 0.00176479 0.00252021 0.00182031 0.652708 0.000728659 0.482484 0.000744838 
5 1.25 48250000 5.69848 0.0112238 -3.62313 0.00427997 15.4756 0.0226753 340.252 0.808194 -0.00341402 0.00175846 0.00252021 0.00180925 0.652708 0.000728659 0.482484 0.000744838 
5 1.25 48500000 5.69848 0.0112238 -3.62313 0.00427997 15.4756 0.0226085 340.252 0.804976 -0.00341402 0.00178126 0.00252021 0.00180925 0.652708 0.000728659 0.482484 0.000744838 
5 1.25 48750000 5.69848 0.0112238 -3.62313 0.00427997 15.4756 0.0226085 340.252 0.80419 -0.00341402 0.00177574 0.00252021 0.00179028 0.652708 0.000728659 0.482484 0.000744838 
5 1.25 49000000 5.69848 0.0112238 -3.62313 0.00427997 15.4756 0.0226085 340.252 0.800548 -0.00341402 0.00177298 0.00252021 0.00179028 0.652708 0.000728659 0.482484 0.000744838 
5 1.25 49250000 5.69601 0.0103151 -3.62256 0.00379973 15.4738 0.0224265 340.289 0.79733 -0.00365732 0.00177539 0.0026209 0.00178063 0.652649 0.000637492 0.482439 0.000640909 
5 1.25 49500000 5.69601 0.0103151 -3.62256 0.00379973 15.4738 0.0223259 340.289 0.793759 -0.00365732 0.00177049 0.0026209 0.00178063 0.652649 0.000637492 0.482439 0.000640909 
5 1.25 49750000 5.69601 0.0103151 -3.62256 0.00379973 15.4738 0.0222608 340.289 0.793193 -0.00365732 0.00176453 0.0026209 0.00176279 0.652649 0.000637492 0.482439 0.000640909 
5 1.25 50000000 5.69601 0.0103151 -3.62256 0.00379973 15.4738 0.0221724 340.289 0.789379 -0.00365732 0.00175574 0.0026209 0.00176279 0.652649 0.000637492 0.482439 0.000640909 
5 1.25 50250000 5.69601 0.0103151 -3.62256 0.00379973 15.4738 0.0220926 340.289 0.785357 -0.00365732 0.00175034 0.0026209 0.00175294 0.652649 0.000637492 0.482439 0.000640909 
5 1.25 50500000 5.69601 0.0103151 -3.62256 0.00379973 15.4738 0.0222728 340.289 0.783856 -0.00365732 0.00174478 0.0026209 0.00175294 0.652649 0.000637492 0.482439 0.000640909 
5 1.25 50750000 5.69601 0.0103151 -3.62256 0.00379973 15.4738 0.0221739 340.289 0.781956 -0.00365732 0.00173639 0.0026209 0.00174644 0.652649 0.000637492 0.482439 0.000640909 
5 1.25 51000000 5.69601 0.0103151 -3.62256 0.00379973 15.4738 0.0221515 340.289 0.784945 -0.00365732 0.00172827 0.0026209 0.00174644 0.652649 0.000637492 0.482439 0.000640909 
5 1.25 51250000 5.69601 0.0103151 -3.62256 0.00379973 15.4738 0.0220464 340.289 0.781994 -0.00365732 0.00171993 0.0026209 0.00175582 0.652649 0.000637492 0.482439 0.000640909 
5 1.25 51500000 5.69601 0.0103151 -3.62256 0.00379973 15.4738 0.0220082 340.289 0.781362 -0.00365732 0.00171227 0.0026209 0.00175582 0.652649 0.000637492 0.482439 0.000640909 
5 1.25 51750000 5.69601 0.0103151 -3.62256 0.00379973 15.4738 0.0219976 340.289 0.780435 -0.00365732 0.00170438 0.0026209 0.00174354 0.652649 0.000637492 0.482439 0.000640909 
5 1.25 52000000 5.69601 0.0103151 -3.62256 0.00379973 15.4738 0.0219541 340.289 0.776718 -0.00365732 0.00169805 0.0026209 0.00174354 0.652649 0.000637492 0.482439 0.000640909 
5 1.25 52250000 5.69601 0.0103151 -3.62256 0.00379973 15.4738 0.0218816 340.289 0.77383 -0.00365732 0.00170595 0.0026209 0.00173749 0.652649 0.000637492 0.482439 0.000640909 
5 1.25 52500000 5.69601 0.0103151 -3.62256 0.00379973 15.4738 0.0218442 340.289 0.77383 -0.00365732 0.00170595 0.0026209 0.00173749 0.652649 0.000637492 0.482439 0.000640909 
5 1.25 52750000 5.69601 0.0103151 -3.62256 0.00379973 15.4738 0.0218133 340.289 0.77056 -0.00365732 0.0016982 0.0026209 0.00173749 0.652649 0.000637492 0.482439 0.000640909 
5 1.25 53000000 5.69601 0.0103151 -3.62256 0.00379973 15.4738 0.0217662 340.289 0.768649 -0.00365732 0.00169244 0.0026209 0.0017209 0.652649 0.000637492 0.482439 0.000640909 
5 1.25 53250000 5.69601 0.0103151 -3.62256 0.00379973 15.4738 0.0216739 340.289 0.765243 -0.00365732 0.00168904 0.0026209 0.0017209 0.652649 0.000637492 0.482439 0.000640909 
5 1.25 53500000 5.69791 0.00980658 -3.62257 0.00379973 15.4701 0.0216068 340.019 0.764139 -0.00389886 0.00168219 0.00272822 0.00170855 0.652614 0.000637492 0.482352 0.000640909 
5 1.25 53750000 5.69791 0.00980658 -3.62257 0.00379973 15.4701 0.0215717 340.019 0.763862 -0.00389886 0.00167422 0.00272822 0.00170855 0.652614 0.000637492 0.482352 0.000640909 
5 1.25 54000000 5.69791 0.00980658 -3.62257 0.00379973 15.4701 0.0215794 340.019 0.764381 -0.00389886 0.00166652 0.00272822 0.00169236 0.652614 0.000637492 0.482352 0.000640909 
5 1.25 54250000 5.69791 0.00980658 -3.62257 0.00379973 15.4701 0.0214798 340.019 0.760925 -0.00389886 0.00166141 0.00272822 0.0016923 0.652614 0.000637492 0.482352 0.000640909 
5 1.25 54500000 5.69791 0.00980658 -3.62257 0.00379973 15.4701 0.0213792 340.019 0.757357 -0.00389886 0.00165555 0.00272822 0.00168709 0.652614 0.000637492 0.482352 0.000640909 
5 1.25 54750000 5.69791 0.00980658 -3.62257 0.00379973 15.4701 0.0213116 340.019 0.755025 -0.00389886 0.00165036 0.00272822 0.00168671 0.652614 0.000637492 0.482352 0.000640909 
5 1.25 55000000 5.69791 0.00980658 -3.62257 0.00379973 15.4701 0.0212256 340.019 0.751659 -0.00389886 0.00165679 0.00272822 0.00168277 0.652614 0.000637492 0.482352 0.000640909 
5 1.25 55250000 5.69791 0.00980658 -3.62257 0.00379973 15.4701 0.0212246 340.019 0.751242 -0.00389886 0.00164917 0.00272822 0.00168277 0.652614 0.000637492 0.482352 0.000640909 
5 1.25 55500000 5.69791 0.00980658 -3.62257 0.00379973 15.4701 0.021852 340.019 0.751605 -0.00389886 0.00164163 0.00272822 0.00166871 0.652614 0.000637492 0.482352 0.000640909 
5 1.25 55750000 5.69791 0.00980658 -3.62257 0.00379973 15.4701 0.021852 340.019 0.748234 -0.00389886 0.00163442 0.00272822 0.00166871 0.652614 0.000637492 0.482352 0.000640909 
5 1.25 56000000 5.69791 0.00980658 -3.62257 0.00379973 15.4701 0.021852 340.019 0.74715 -0.00389886 0.00163356 0.00272822 0.00170055 0.652614 0.000637492 0.482352 0.000640909 
5 1.25 56250000 5.69791 0.00980658 -3.62257 0.00379973 15.4701 0.021852 340.019 0.744954 -0.00389886 0.00162613 0.00272822 0.00170055 0.652614 0.000637492 0.482352 0.000640909 
5 1.25 56500000 5.69791 0.00980658 -3.62257 0.00379973 15.4701 0.021852 340.019 0.743946 -0.00389886 0.00162025 0.00272822 0.00168903 0.652614 0.000637492 0.482352 0.000640909 
5 1.25 56750000 5.69791 0.00980658 -3.62257 0.00379973 15.4701 0.021852 340.019 0.742794 -0.00389886 0.00161629 0.00272822 0.00168903 0.652614 0.000637492 0.482352 0.000640909 
5 1.25 57000000 5.69791 0.00980658 -3.62257 0.00379973 15.4701 0.021852 340.019 0.742794 -0.00389886 0.00160979 0.00272822 0.00169401 0.652614 0.000637492 0.482352 0.000640909 
5 1.25 57250000 5.69791 0.00980658 -3.62257 0.00379973 15.4701 0.021852 340.019 0.742794 -0.00389886 0.00160609 0.00272822 0.00169401 0.652614 0.000637492 0.482352 0.000640909 
5 1.25 57500000 5.6994 0.00911589 -3.62157 0.00348853 15.4645 0.0215229 339.91 0.746331 -0.00344168 0.00160848 0.00240582 0.00168196 0.652451 0.00057616 0.48217 0.000609753 
5 1.25 57750000 5.6994 0.00911589 -3.62157 0.00348853 15.4645 0.0215229 339.91 0.746331 -0.00344168 0.00160504 0.00240582 0.00168196 0.652451 0.00057616 0.48217 0.000609753 
5 1.25 58000000 5.6994 0.00911589 -3.62157 0.00348853 15.4645 0.0215229 339.91 0.746331 -0.00344168 0.00160663 0.00240582 0.00167362 0.652451 0.00057616 0.48217 0.000609753 
5 1.25 58250000 5.6994 0.00911589 -3.62157 0.00348853 15.4645 0.0215229 339.91 0.746331 -0.00344168 0.00160244 0.00240582 0.00167362 0.652451 0.00057616 0.48217 0.000609753 
5 1.25 58500000 5.6994 0.00911589 -3.62157 0.00348853 15.4645 0.0215229 339.91 0.746331 -0.00344168 0.00160159 0.00240582 0.00166534 0.652451 0.00057616 0.48217 0.000609753 
5 1.25 58750000 5.6994 0.00911589 -3.62157 0.00348853 15.4645 0.0215229 339.91 0.746331 -0.00344168 0.00159644 0.00240582 0.00166534 0.652451 0.00057616 0.48217 0.000609753 
5 1.25 59000000 5.6994 0.00911589 -3.62157 0.00348853 15.4645 0.0215229 339.91 0.746331 -0.00344168 0.00158966 0.00240582 0.0016607 0.652451 0.00057616 0.48217 0.000609753 
5 1.25 59250000 5.6994 0.00911589 -3.62157 0.00348853 15.4645 0.0215229 339.91 0.746331 -0.00344168 0.0015891 0.00240582 0.0016607 0.652451 0.00057616 0.48217 0.000609753 
5 1.25 59500000 5.6994 0.00911589 -3.62157 0.00338169 15.4645 0.0210792 339.91 0.7238 -0.00344168 0.00159023 0.00240582 0.00165 0.652451 0.00057616 0.48217 0.000602984 
5 1.25 59750000 5.6994 0.00911589 -3.62157 0.00338169 15.4645 0.0210792 339.91 0.723738 -0.00344168 0.00159019 0.00240582 0.00165 0.652451 0.00057616 0.48217 0.000602984 
5 1.25 60000000 5.6994 0.00911589 -3.62157 0.00338169 15.4645 0.0210792 339.91 0.723738 -0.00344168 0.00159 0.00240582 0.00163591 0.652451 0.00057616 0.48217 0.000602984 
5 1.25 60250000 5.6994 0.00911589 -3.62157 0.00338169 15.4645 0.0210792 339.91 0.723738 -0.00344168 0.00158336 0.00240582 0.00163591 0.652451 0.00057616 0.48217 0.000602984 
5 1.25 60500000 5.6994 0.00911589 -3.62157 0.00338169 15.4645 0.0207808 339.91 0.721845 -0.00344168 0.0015767 0.00240582 0.0016298 0.652451 0.00057616 0.48217 0.000602984 
5 1.25 60750000 5.6994 0.00911589 -3.62157 0.00338169 15.4645 0.0207808 339.91 0.722115 -0.00344168 0.00157459 0.00240582 0.0016298 0.652451 0.00057616 0.48217 0.000602984 
5 1.25 61000000 5.6994 0.00911589 -3.62157 0.00338169 15.4645 0.0207808 339.91 0.722377 -0.00344168 0.00157343 0.00240582 0.0016343 0.652451 0.00057616 0.48217 0.000602984 
5 1.25 61250000 5.6994 0.00911589 -3.62157 0.00338169 15.4645 0.0207808 339.91 0.724199 -0.00344168 0.00156996 0.00240582 0.0016343 0.652451 0.00057616 0.48217 0.000602984 
5 1.25 61500000 5.69895 0.00897164 -3.62108 0.00338169 15.4622 0.0204461 339.901 0.721385 -0.00324754 0.00157002 0.00196499 0.00162493 0.652389 0.00057616 0.482131 0.000602984 
5 1.25 61750000 5.69895 0.00897164 -3.62108 0.00338169 15.4622 0.0204461 339.901 0.718703 -0.00324754 0.00157357 0.00196499 0.00162493 0.652389 0.00057616 0.482131 0.000602984 
5 1.25 62000000 5.69895 0.00897164 -3.62108 0.00338169 15.4622 0.0204461 339.901 0.716151 -0.00324754 0.0015721 0.00196499 0.00161205 0.652389 0.00057616 0.482131 0.000602984 
5 1.25 62250000 5.69895 0.00897164 -3.62108 0.00338169 15.4622 0.0204461 339.901 0.713568 -0.00324754 0.00156635 0.00196499 0.00161205 0.652389 0.00057616 0.482131 0.000602984 
5 1.25 62500000 5.69895 0.00897164 -3.62108 0.00338169 15.4622 0.0202207 339.901 0.714086 -0.00324754 0.00156 0.00196499 0.00159962 0.652389 0.00057616 0.482131 0.000602984 
5 1.25 62750000 5.69895 0.00897164 -3.62108 0.00338169 15.4622 0.0202592 339.901 0.717174 -0.00324754 0.00155628 0.00196499 0.00159962 0.652389 0.00057616 0.482131 0.000602984 
5 1.25 63000000 5.69895 0.00897164 -3.62108 0.00338169 15.4622 0.0202592 339.901 0.717174 -0.00324754 0.0015534 0.00196499 0.00159962 0.652389 0.00057616 0.482131 0.000602984 
5 1.25 63250000 5.69895 0.00897164 -3.62108 0.00338169 15.4622 0.0202207 339.901 0.71577 -0.00324754 0.00155017 0.00196499 0.00159575 0.652389 0.00057616 0.482131 0.000602984 
5 1.25 63500000 5.69895 0.00897164 -3.62108 0.00338169 15.4622 0.0202207 339.901 0.713643 -0.00324754 0.00154552 0.00196499 0.00159575 0.652389 0.00057616 0.482131 0.000602984 
5 1.25 63750000 5.69895 0.00897164 -3.62108 0.00338169 15.4622 0.0201475 339.901 0.711968 -0.00324754 0.00154278 0.00196499 0.00158358 0.652389 0.00057616 0.482131 0.000602984 
5 1.25 64000000 5.69895 0.00897164 -3.62108 0.00338169 15.4622 0.0201475 339.901 0.709209 -0.00324754 0.00154014 0.00196499 0.00158358 0.652389 0.00057616 0.482131 0.000602984 
5 1.25 64250000 5.69895 0.00897164 -3.62108 0.00338169 15.4622 0.0201475 339.901 0.706847 -0.00324754 0.00153693 0.00196499 0.00157695 0.652389 0.00057616 0.482131 0.000602984 
5 1.25 64500000 5.69895 0.00897164 -3.62108 0.00338169 15.4622 0.0201475 339.901 0.706564 -0.00324754 0.00153676 0.00196499 0.00157695 0.652389 0.00057616 0.482131 0.000602984 
5 1.25 64750000 5.69895 0.00897164 -3.62108 0.00338169 15.4622 0.0201285 339.901 0.704242 -0.00324754 0.00153099 0.00196499 0.00156456 0.652389 0.00057616 0.482131 0.000602984 
5 1.25 65000000 5.69895 0.00897164 -3.62108 0.00338169 15.4622 0.0201285 339.901 0.701465 -0.00324754 0.00152596 0.00196499 0.00156456 0.652389 0.00057616 0.482131 0.000602984 
5 1.25 65250000 5.69895 0.00897164 -3.62108 0.00338169 15.4622 0.0201285 339.901 0.70606 -0.00324754 0.00152666 0.00196499 0.00155251 0.652389 0.00057616 0.482131 0.000602984 
5 1.25 65500000 5.69895 0.00897164 -3.62108 0.00338169 15.4622 0.0201285 339.901 0.703291 -0.00324754 0.00152623 0.00196499 0.00155251 0.652389 0.00057616 0.482131 0.000602984 
5 1.25 65750000 5.69738 0.00813029 -3.62095 0.0031764 15.4604 0.0199705 339.8 0.708366 -0.0029501 0.00152332 0.00159697 0.00157106 0.652377 0.000508965 0.482103 0.000554552 
5 1.25 66000000 5.69738 0.00813029 -3.62095 0.0031764 15.4604 0.0198962 339.8 0.705659 -0.0029501 0.00152135 0.00159697 0.00157106 0.652377 0.000508965 0.482103 0.000554552 
5 1.25 66250000 5.69738 0.00813029 -3.62095 0.0031764 15.4604 0.0198266 339.8 0.703134 -0.0029501 0.00151719 0.00159697 0.00156635 0.652377 0.000508965 0.482103 0.000554552 
5 1.25 66500000 5.69738 0.00813029 -3.62095 0.0031764 15.4604 0.0197763 339.8 0.701265 -0.0029501 0.00151362 0.00159697 0.00156635 0.652377 0.000508965 0.482103 0.000554552 
5 1.25 66750000 5.69738 0.00813029 -3.62095 0.0031764 15.4604 0.0197107 339.8 0.698833 -0.0029501 0.00151221 0.00159697 0.00155906 0.652377 0.000508965 0.482103 0.000554552 
5 1.25 67000000 5.69738 0.00813029 -3.62095 0.0031764 15.4604 0.0197498 339.8 0.698793 -0.0029501 0.00150715 0.00159697 0.00155906 0.652377 0.000508965 0.482103 0.000554552 
5 1.25 67250000 5.69738 0.00813029 -3.62095 0.0031764 15.4604 0.019729 339.8 0.698142 -0.0029501 0.00150365 0.00159697 0.00154875 0.652377 0.000508965 0.482103 0.000554552 
5 1.25 67500000 5.69738 0.00813029 -3.62095 0.0031764 15.4604 0.0197107 339.8 0.697192 -0.0029501 0.00149915 0.00159697 0.00154875 0.652377 0.000508965 0.482103 0.000554552 
5 1.25 67750000 5.69738 0.00813029 -3.62095 0.00315783 15.4604 0.0202277 339.8 0.694965 -0.0029501 0.00149359 0.00159697 0.00154155 0.652377 0.000508965 0.482103 0.000570236 
5 1.25 68000000 5.69738 0.00813029 -3.62095 0.00315783 15.4604 0.0202277 339.8 0.694095 -0.0029501 0.00148928 0.00159697 0.00154155 0.652377 0.000508965 0.482103 0.000570236 
5 1.25 68250000 5.69738 0.00813029 -3.62095 0.00315783 15.4604 0.0202277 339.8 0.694095 -0.0029501 0.00148519 0.00159697 0.00153102 0.652377 0.000508965 0.482103 0.000570236 
5 1.25 68500000 5.69738 0.00813029 -3.62095 0.00315783 15.4604 0.0202277 339.8 0.694095 -0.0029501 0.00148288 0.00159697 0.00153102 0.652377 0.000508965 0.482103 0.000570236 
5 1.25 68750000 5.69738 0.00813029 -3.62095 0.00315783 15.4604 0.0202277 339.8 0.694095 -0.0029501 0.00148005 0.00159697 0.00152561 0.652377 0.000508965 0.482103 0.000570236 
5 1.25 69000000 5.69738 0.00813029 -3.62095 0.00315783 15.4604 0.0202277 339.8 0.694095 -0.0029501 0.00148666 0.00159697 0.00152561 0.652377 0.000508965 0.482103 0.000570236 
5 1.25 69250000 5.69738 0.00813029 -3.62095 0.00315783 15.4604 0.0202277 339.8 0.694095 -0.0029501 0.00148159 0.00159697 0.00152959 0.652377 0.000508965 0.482103 0.000570236 
5 1.25 69500000 5.69738 0.00813029 -3.62095 0.00315783 15.4604 0.0202277 339.8 0.694095 -0.0029501 0.00148092 0.00159697 0.00152959 0.652377 0.000508965 0.482103 0.000570236 
5 1.25 69750000 5.69684 0.00807478 -3.62193 0.00307598 15.4687 0.0196953 340.07 0.678128 -0.00225415 0.00147547 0.00186873 0.0015186 0.65255 0.000508965 0.482357 0.000556695 
5 1.25 70000000 5.69684 0.00807478 -3.62193 0.00307598 15.4687 0.0196953 340.07 0.677757 -0.00225415 0.00147015 0.00186873 0.0015186 0.65255 0.000508965 0.482357 0.000556695 
5 1.25 70250000 5.69684 0.00807478 -3.62193 0.00307598 15.4687 0.0196953 340.07 0.677756 -0.00225415 0.00147728 0.00186873 0.00153396 0.65255 0.000508965 0.482357 0.000556695 
5 1.25 70500000 5.69684 0.00807478 -3.62193 0.00307598 15.4687 0.0196953 340.07 0.675747 -0.00225415 0.00147206 0.00186873 0.00153396 0.65255 0.000508965 0.482357 0.000556695 
5 1.25 70750000 5.69684 0.00807478 -3.62193 0.00307598 15.4687 0.0196953 340.07 0.678861 -0.00225415 0.00147043 0.00186873 0.00152355 0.65255 0.000508965 0.482357 0.000556695 
5 1.25 71000000 5.69684 0.00807478 -3.62193 0.00307598 15.4687 0.0196953 340.07 0.676448 -0.00225415 0.00146702 0.00186873 0.00152355 0.65255 0.000508965 0.482357 0.000556695 
5 1.25 71250000 5.69684 0.00807478 -3.62193 0.00307598 15.4687 0.0196953 340.07 0.676178 -0.00225415 0.00147075 0.00186873 0.00151498 0.65255 0.000508965 0.482357 0.000556695 
5 1.25 71500000 5.69684 0.00807478 -3.62193 0.00307598 15.4687 0.0196953 340.07 0.674961 -0.00225415 0.00146627 0.00186873 0.00151498 0.65255 0.000508965 0.482357 0.000556695 
5 1.25 71750000 5.69684 0.00807478 -3.62193 0.00301499 15.4687 0.0193624 340.07 0.673483 -0.00225415 0.00146274 0.00186873 0.00150554 0.65255 0.000508965 0.482357 0.000540817 
5 1.25 72000000 5.69684 0.00807478 -3.62193 0.00301499 15.4687 0.0193624 340.07 0.671537 -0.00225415 0.00145865 0.00186873 0.00150554 0.65255 0.000508965 0.482357 0.000540817 
5 1.25 72250000 5.69684 0.00807478 -3.62193 0.00301499 15.4687 0.0193624 340.07 0.671481 -0.00225415 0.00145366 0.00186873 0.00149671 0.65255 0.000508965 0.482357 0.000540817 
5 1.25 72500000 5.69684 0.00807478 -3.62193 0.00301499 15.4687 0.0193624 340.07 0.671276 -0.00225415 0.00144982 0.00186873 0.00149671 0.65255 0.000508965 0.482357 0.000540817 
5 1.25 72750000 5.69684 0.00807478 -3.62193 0.00301499 15.4687 0.0193624 340.07 0.671276 -0.00225415 0.00144573 0.00186873 0.00149352 0.65255 0.000508965 0.482357 0.000540817 
5 1.25 73000000 5.69684 0.00807478 -3.62193 0.00301499 15.4687 0.0193624 340.07 0.671276 -0.00225415 0.00144119 0.00186873 0.00149352 0.65255 0.000508965 0.482357 0.000540817 
5 1.25 73250000 5.69684 0.00807478 -3.62193 0.00301499 15.4687 0.0193624 340.07 0.671276 -0.00225415 0.00143953 0.00186873 0.00148764 0.65255 0.000508965 0.482357 0.000540817 
5 1.25 73500000 5.69684 0.00807478 -3.62193 0.00301499 15.4687 0.0193624 340.07 0.673323 -0.00225415 0.00143695 0.00186873 0.00148764 0.65255 0.000508965 0.482357 0.000540817 
5 1.25 73750000 5.69684 0.00807478 -3.62193 0.00301499 15.4687 0.0193624 340.07 0.673323 -0.00225415 0.00143695 0.00186873 0.00148764 0.65255 0.000508965 0.482357 0.000540817 
5 1.25 74000000 5.69744 0.00726663 -3.62104 0.00315377 15.4642 0.0202257 339.974 0.694743 -0.00213096 0.00143234 0.00112521 0.0014782 0.652444 0.000466114 0.482227 0.000539926 
5 1.25 74250000 5.69744 0.00726663 -3.62104 0.00315377 15.4642 0.0202257 339.974 0.694743 -0.00213096 0.00143037 0.00112521 0.0014782 0.652444 0.000466114 0.482227 0.000539926 
5 1.25 74500000 5.69744 0.00726663 -3.62104 0.00315377 15.4642 0.0202257 339.974 0.694743 -0.00213096 0.00142601 0.00112521 0.00146875 0.652444 0.000466114 0.482227 0.000539926 
5 1.25 74750000 5.69744 0.00726663 -3.62104 0.00315377 15.4642 0.0202257 339.974 0.694743 -0.00213096 0.00142171 0.00112521 0.00146875 0.652444 0.000466114 0.482227 0.000539926 
5 1.25 75000000 5.69744 0.00726663 -3.62104 0.00315377 15.4642 0.0202257 339.974 0.694743 -0.00213096 0.00141717 0.00112521 0.00146492 0.652444 0.000466114 0.482227 0.000539926 
5 1.25 75250000 5.69744 0.00726663 -3.62104 0.00315377 15.4642 0.0202257 339.974 0.694743 -0.00213096 0.00141751 0.00112521 0.00146492 0.652444 0.000466114 0.482227 0.000539926 
5 1.25 75500000 5.69744 0.00726663 -3.62104 0.00315377 15.4642 0.0202257 339.974 0.694743 -0.00213096 0.00141662 0.00112521 0.00145668 0.652444 0.000466114 0.482227 0.000539926 
5 1.25 75750000 5.69744 0.00726663 -3.62104 0.00315377 15.4642 0.0202257 339.974 0.694743 -0.00213096 0.00141207 0.00112521 0.00145668 0.652444 0.000466114 0.482227 0.000539926 
5 1.25 76000000 5.69744 0.00726663 -3.62104 0.00315008 15.4642 0.0199994 339.974 0.683695 -0.00213096 0.00140734 0.00112521 0.00144693 0.652444 0.000458466 0.482227 0.000528339 
5 1.25 76250000 5.69744 0.00726663 -3.62104 0.00315008 15.4642 0.0199994 339.974 0.683695 -0.00213096 0.00140716 0.00112521 0.00144693 0.652444 0.000458466 0.482227 0.000528339 
5 1.25 76500000 5.69744 0.00726663 -3.62104 0.00315008 15.4642 0.0199994 339.974 0.683695 -0.00213096 0.00140258 0.00112521 0.00144002 0.652444 0.000458466 0.482227 0.000528339 
5 1.25 76750000 5.69744 0.00726663 -3.62104 0.00315008 15.4642 0.0199994 339.974 0.683695 -0.00213096 0.00140238 0.00112521 0.00144002 0.652444 0.000458466 0.482227 0.000528339 
5 1.25 77000000 5.69744 0.00726663 -3.62104 0.00315008 15.4642 0.0199994 339.974 0.683695 -0.00213096 0.00139933 0.00112521 0.00144899 0.652444 0.000458466 0.482227 0.000528339 
5 1.25 77250000 5.69744 0.00726663 -3.62104 0.00315008 15.4642 0.0199994 339.974 0.683695 -0.00213096 0.00139831 0.00112521 0.00144899 0.652444 0.000458466 0.482227 0.000528339 
5 1.25 77500000 5.69744 0.00726663 -3.62104 0.00315008 15.4642 0.0199994 339.974 0.683695 -0.00213096 0.0013941 0.00112521 0.00144342 0.652444 0.000458466 0.482227 0.000528339 
5 1.25 77750000 5.69744 0.00726663 -3.62104 0.00315008 15.4642 0.0199994 339.974 0.683695 -0.00213096 0.00138979 0.00112521 0.00144342 0.652444 0.000458466 0.482227 0.000528339 
5 1.25 78000000 5.69841 0.00717777 -3.6216 0.00307143 15.4665 0.0195156 340.041 0.666749 -0.00210573 0.00138542 0.000606716 0.00143661 0.652515 0.000456828 0.482283 0.000514437 
5 1.25 78250000 5.69841 0.00717777 -3.6216 0.00307143 15.4665 0.0195156 340.041 0.666749 -0.00210573 0.00138219 0.000606716 0.00143661 0.652515 0.000456828 0.482283 0.000514437 
5 1.25 78500000 5.69841 0.00717777 -3.6216 0.00307143 15.4665 0.0195156 340.041 0.666749 -0.00210573 0.00137859 0.000606716 0.0014278 0.652515 0.000456828 0.482283 0.000514437 
5 1.25 78750000 5.69841 0.00717777 -3.6216 0.00307143 15.4665 0.0195156 340.041 0.666749 -0.00210573 0.0013768 0.000606716 0.0014278 0.652515 0.000456828 0.482283 0.000514437 
5 1.25 79000000 5.69841 0.00717777 -3.6216 0.00307143 15.4665 0.0195156 340.041 0.666749 -0.00210573 0.0013746 0.000606716 0.00142547 0.652515 0.000456828 0.482283 0.000514437 
5 1.25 79250000 5.69841 0.00717777 -3.6216 0.00307143 15.4665 0.0195156 340.041 0.666749 -0.00210573 0.00137699 0.000606716 0.00142547 0.652515 0.000456828 0.482283 0.000514437 
5 1.25 79500000 5.69841 0.00717777 -3.6216 0.00307143 15.4665 0.0195156 340.041 0.666749 -0.00210573 0.00137359 0.000606716 0.00141794 0.652515 0.000456828 0.482283 0.000514437 
5 1.25 79750000 5.69841 0.00717777 -3.6216 0.00307143 15.4665 0.0195156 340.041 0.666749 -0.00210573 0.00137329 0.000606716 0.00141794 0.652515 0.000456828 0.482283 0.000514437 
5 1.25 80000000 5.69841 0.00717777 -3.6216 0.00299343 15.4665 0.0190308 340.041 0.652675 -0.00210573 0.00137329 0.000606716 0.00141119 0.652515 0.000456828 0.482283 0.000503183 
5 1.25 80250000 5.69841 0.00717777 -3.6216 0.00299343 15.4665 0.0190308 340.041 0.652675 -0.00210573 0.00137329 0.000606716 0.00141119 0.652515 0.000456828 0.482283 0.000501667 
5 1.25 80500000 5.69841 0.00717777 -3.6216 0.00299343 15.4665 0.0190308 340.041 0.652675 -0.00210573 0.00137329 0.000606716 0.00140711 0.652515 0.000456828 0.482283 0.000501409 
5 1.25 80750000 5.69841 0.00717777 -3.6216 0.00299343 15.4665 0.0190308 340.041 0.652675 -0.00210573 0.00137329 0.000606716 0.00140711 0.652515 0.000456828 0.482283 0.000501409 
5 1.25 81000000 5.69841 0.00717777 -3.6216 0.00299343 15.4665 0.0190308 340.041 0.652675 -0.00210573 0.00137329 0.000606716 0.00140126 0.652515 0.000456828 0.482283 0.000501409 
5 1.25 81250000 5.69841 0.00717777 -3.6216 0.00299343 15.4665 0.0190308 340.041 0.652675 -0.00210573 0.00137329 0.000606716 0.00140126 0.652515 0.000456828 0.482283 0.000501409 
5 1.25 81500000 5.69841 0.00717777 -3.6216 0.00299343 15.4665 0.0190308 340.041 0.652675 -0.00210573 0.00137329 0.000606716 0.00141847 0.652515 0.000456828 0.482283 0.000501409 
5 1.25 81750000 5.69841 0.00717777 -3.6216 0.00299343 15.4665 0.0190308 340.041 0.652675 -0.00210573 0.00137329 0.000606716 0.00141847 0.652515 0.000456828 0.482283 0.000501409 
5 1.25 82000000 5.69717 0.00671056 -3.62214 0.00295595 15.4684 0.0187346 340.053 0.64077 -0.0017756 0.001344 0.000330448 0.00141133 0.652645 0.000453423 0.48239 0.000497762 
5 1.25 82250000 5.69717 0.00671056 -3.62214 0.00295595 15.4684 0.0187346 340.053 0.64077 -0.0017756 0.00134126 0.000330448 0.00141133 0.652645 0.000453423 0.48239 0.000497762 
5 1.25 82500000 5.69717 0.00671056 -3.62214 0.00295595 15.4684 0.0187346 340.053 0.64077 -0.0017756 0.00133721 0.000330448 0.0014035 0.652645 0.000453423 0.48239 0.000497762 
5 1.25 82750000 5.69717 0.00671056 -3.62214 0.00295595 15.4684 0.0187346 340.053 0.64077 -0.0017756 0.00133324 0.000330448 0.0014035 0.652645 0.000453423 0.48239 0.000497762 
5 1.25 83000000 5.69717 0.00671056 -3.62214 0.00295595 15.4684 0.0187346 340.053 0.64077 -0.0017756 0.00133688 0.000330448 0.0014031 0.652645 0.000453423 0.48239 0.000497762 
5 1.25 83250000 5.69717 0.00671056 -3.62214 0.00295595 15.4684 0.0187346 340.053 0.64077 -0.0017756 0.00133289 0.000330448 0.0014031 0.652645 0.000453423 0.48239 0.000497762 
5 1.25 83500000 5.69717 0.00671056 -3.62214 0.00295595 15.4684 0.0187346 340.053 0.64077 -0.0017756 0.00132881 0.000330448 0.00139467 0.652645 0.000453423 0.48239 0.000497762 
5 1.25 83750000 5.69717 0.00671056 -3.62214 0.00295595 15.4684 0.0187346 340.053 0.64077 -0.0017756 0.00133327 0.000330448 0.00139467 0.652645 0.000453423 0.48239 0.000497762 
5 1.25 84000000 5.69717 0.00671056 -3.62214 0.0029007 15.4684 0.0185337 340.053 0.640213 -0.0017756 0.00132947 0.000330448 0.00139162 0.652645 0.000453423 0.48239 0.000486499 
5 1.25 84250000 5.69717 0.00671056 -3.62214 0.0029007 15.4684 0.0185337 340.053 0.640213 -0.0017756 0.00132902 0.000330448 0.00139162 0.652645 0.000453423 0.48239 0.000486499 
5 1.25 84500000 5.69717 0.00671056 -3.62214 0.0029007 15.4684 0.0185337 340.053 0.640213 -0.0017756 0.00132902 0.000330448 0.00139162 0.652645 0.000453423 0.48239 0.000486499 
5 1.25 84750000 5.69717 0.00671056 -3.62214 0.0029007 15.4684 0.0185337 340.053 0.640213 -0.0017756 0.00133387 0.000330448 0.0013832 0.652645 0.000453423 0.48239 0.000486499 
5 1.25 85000000 5.69717 0.00671056 -3.62214 0.0029007 15.4684 0.0185337 340.053 0.640213 -0.0017756 0.00133714 0.000330448 0.0013832 0.652645 0.000453423 0.48239 0.000486499 
5 1.25 85250000 5.69717 0.00671056 -3.62214 0.0029007 15.4684 0.0185337 340.053 0.640213 -0.0017756 0.00133313 0.000330448 0.00137496 0.652645 0.000453423 0.48239 0.000486499 
5 1.25 85500000 5.69717 0.00671056 -3.62214 0.0029007 15.4684 0.0185337 340.053 0.640213 -0.0017756 0.00133227 0.000330448 0.00137496 0.652645 0.000453423 0.48239 0.000486499 
5 1.25 85750000 5.69717 0.00671056 -3.62214 0.0029007 15.4684 0.0185337 340.053 0.640213 -0.0017756 0.00132829 0.000330448 0.00137325 0.652645 0.000453423 0.48239 0.000486499 
5 1.25 86000000 5.69717 0.00671056 -3.62214 0.0029007 15.4684 0.0185337 340.053 0.640213 -0.0017756 0.00132592 0.000330448 0.00137325 0.652645 0.000453423 0.48239 0.000486499 
5 1.25 86250000 5.69717 0.00646474 -3.62214 0.00285488 15.4684 0.0183436 340.053 0.630825 -0.0017756 0.00132344 0.000330448 0.00137325 0.652645 0.000453423 0.48239 0.000488058 
5 1.25 86500000 5.69717 0.00646474 -3.62214 0.00285488 15.4684 0.0183436 340.053 0.630825 -0.0017756 0.00131998 0.000330448 0.00137325 0.652645 0.000453423 0.48239 0.000488058 
5 1.25 86750000 5.69717 0.00646474 -3.62214 0.00285488 15.4684 0.0183436 340.053 0.630825 -0.0017756 0.00131649 0.000330448 0.00137325 0.652645 0.000453423 0.48239 0.000488058 
5 1.25 87000000 5.69717 0.00646474 -3.62214 0.00285488 15.4684 0.0183436 340.053 0.630825 -0.0017756 0.00131318 0.000330448 0.00137325 0.652645 0.000453423 0.48239 0.000488058 
5 1.25 87250000 5.69717 0.00646474 -3.62214 0.00285488 15.4684 0.0183436 340.053 0.630825 -0.0017756 0.0013114 0.000330448 0.00137325 0.652645 0.000453423 0.48239 0.000488058 
5 1.25 87500000 5.69717 0.00646474 -3.62214 0.00285488 15.4684 0.0183436 340.053 0.630825 -0.0017756 0.00130946 0.000330448 0.00137325 0.652645 0.000453423 0.48239 0.000488058 
5 1.25 87750000 5.69717 0.00646474 -3.62214 0.00285488 15.4684 0.0183436 340.053 0.630825 -0.0017756 0.00130688 0.000330448 0.00137325 0.652645 0.000453423 0.48239 0.000488058 
5 1.25 88000000 5.69717 0.00646474 -3.62214 0.00285488 15.4684 0.0183436 340.053 0.630825 -0.0017756 0.00130353 0.000330448 0.00137325 0.652645 0.000453423 0.48239 0.000488058 
5 1.25 88250000 5.69717 0.00646474 -3.62214 0.00284022 15.4684 0.0183464 340.053 0.631433 -0.0017756 0.0013006 0.000330448 0.00137325 0.652645 0.000453423 0.48239 0.000488029 
5 1.25 88500000 5.69717 0.00646474 -3.62214 0.00284022 15.4684 0.0183464 340.053 0.631433 -0.0017756 0.00129698 0.000330448 0.00137325 0.652645 0.000453423 0.48239 0.000488029 
5 1.25 88750000 5.69717 0.00646474 -3.62214 0.00284022 15.4684 0.0183464 340.053 0.631433 -0.0017756 0.00129333 0.000330448 0.00137325 0.652645 0.000453423 0.48239 0.000488029 
5 1.25 89000000 5.69717 0.00646474 -3.62214 0.00284022 15.4684 0.0183464 340.053 0.631433 -0.0017756 0.00129002 0.000330448 0.00137325 0.652645 0.000453423 0.48239 0.000488029 
5 1.25 89250000 5.69717 0.00646474 -3.62214 0.00284022 15.4684 0.0183464 340.053 0.631433 -0.0017756 0.0012922 0.000330448 0.00137325 0.652645 0.000453423 0.48239 0.000488029 
5 1.25 89500000 5.69717 0.00646474 -3.62214 0.00284022 15.4684 0.0183464 340.053 0.631433 -0.0017756 0.0012896 0.000330448 0.00137325 0.652645 0.000453423 0.48239 0.000488029 
5 1.25 89750000 5.69717 0.00646474 -3.62214 0.00284022 15.4684 0.0183464 340.053 0.631433 -0.0017756 0.00128857 0.000330448 0.00137325 0.652645 0.000453423 0.48239 0.000488029 
5 1.25 90000000 5.69717 0.00646474 -3.62214 0.00284022 15.4684 0.0183464 340.053 0.631433 -0.0017756 0.00128721 0.000330448 0.00137325 0.652645 0.000453423 0.48239 0.000488029 
5 1.25 90250000 5.69323 0.00697628 -3.62275 0.0028143 15.4734 0.0181458 340.214 0.621385 -0.00183031 0.00128429 0.000420543 0.00137325 0.652746 0.000423128 0.482479 0.000479541 
5 1.25 90500000 5.69323 0.00697628 -3.62275 0.0028143 15.4734 0.0181458 340.214 0.621385 -0.00183031 0.00128247 0.000420543 0.00137325 0.652746 0.000423128 0.482479 0.000479541 
5 1.25 90750000 5.69323 0.00697628 -3.62275 0.0028143 15.4734 0.0181458 340.214 0.621385 -0.00183031 0.00128247 0.000420543 0.00137325 0.652746 0.000423128 0.482479 0.000479541 
5 1.25 91000000 5.69323 0.00697628 -3.62275 0.0028143 15.4734 0.0181458 340.214 0.621385 -0.00183031 0.00128247 0.000420543 0.00137325 0.652746 0.000423128 0.482479 0.000479541 
5 1.25 91250000 5.69323 0.00697628 -3.62275 0.0028143 15.4734 0.0181458 340.214 0.621385 -0.00183031 0.00128247 0.000420543 0.00137325 0.652746 0.000423128 0.482479 0.000479541 
5 1.25 91500000 5.69323 0.00697628 -3.62275 0.0028143 15.4734 0.0181458 340.214 0.621385 -0.00183031 0.00128247 0.000420543 0.00137325 0.652746 0.000423128 0.482479 0.000479541 
5 1.25 91750000 5.69323 0.00697628 -3.62275 0.0028143 15.4734 0.0181458 340.214 0.621385 -0.00183031 0.00128247 0.000420543 0.00137325 0.652746 0.000423128 0.482479 0.000479541 
5 1.25 92000000 5.69323 0.00697628 -3.62275 0.0028143 15.4734 0.0181458 340.214 0.621385 -0.00183031 0.00128247 0.000420543 0.00137325 0.652746 0.000423128 0.482479 0.000479541 
5 1.25 92250000 5.69323 0.00697628 -3.62275 0.00275205 15.4734 0.0177591 340.214 0.608017 -0.00183031 0.00128247 0.000420543 0.00137325 0.652746 0.000423128 0.482479 0.000468885 
5 1.25 92500000 5.69323 0.00697628 -3.62275 0.00275205 15.4734 0.0177591 340.214 0.608017 -0.00183031 0.00128247 0.000420543 0.00137325 0.652746 0.000423128 0.482479 0.000468885 
5 1.25 92750000 5.69323 0.00697628 -3.62275 0.00275205 15.4734 0.0177591 340.214 0.608017 -0.00183031 0.00128247 0.000420543 0.00137325 0.652746 0.000423128 0.482479 0.000468885 
5 1.25 93000000 5.69323 0.00697628 -3.62275 0.00275205 15.4734 0.0177591 340.214 0.608017 -0.00183031 0.00128247 0.000420543 0.00137325 0.652746 0.000423128 0.482479 0.000468885 
5 1.25 93250000 5.69323 0.00697628 -3.62275 0.00275205 15.4734 0.0177591 340.214 0.608017 -0.00183031 0.00128247 0.000420543 0.00137325 0.652746 0.000423128 0.482479 0.000468885 
5 1.25 93500000 5.69323 0.00697628 -3.62275 0.00275205 15.4734 0.0177591 340.214 0.608017 -0.00183031 0.00128247 0.000420543 0.00137325 0.652746 0.000423128 0.482479 0.000468885 
5 1.25 93750000 5.69323 0.00697628 -3.62275 0.00275205 15.4734 0.0177591 340.214 0.608017 -0.00183031 0.00128247 0.000420543 0.00137325 0.652746 0.000423128 0.482479 0.000468885 
5 1.25 94000000 5.69323 0.00697628 -3.62275 0.00275205 15.4734 0.0177591 340.214 0.608017 -0.00183031 0.00128247 0.000420543 0.00137325 0.652746 0.000423128 0.482479 0.000468885 
5 1.25 94250000 5.69323 0.00697628 -3.62275 0.00270788 15.4734 0.0174227 340.214 0.596081 -0.00183031 0.00128247 0.000420543 0.00137325 0.652746 0.000423128 0.482479 0.000460986 
5 1.25 94500000 5.69323 0.00697628 -3.62275 0.00270788 15.4734 0.0174227 340.214 0.596081 -0.00183031 0.00128247 0.000420543 0.00137325 0.652746 0.000423128 0.482479 0.000460986 
5 1.25 94750000 5.69323 0.00697628 -3.62275 0.00270788 15.4734 0.0174227 340.214 0.596081 -0.00183031 0.00128247 0.000420543 0.00137325 0.652746 0.000423128 0.482479 0.000460986 
5 1.25 95000000 5.69323 0.00697628 -3.62275 0.00270788 15.4734 0.0174227 340.214 0.596081 -0.00183031 0.00128247 0.000420543 0.00137325 0.652746 0.000423128 0.482479 0.000460986 
5 1.25 95250000 5.69323 0.00697628 -3.62275 0.00270788 15.4734 0.0174227 340.214 0.596081 -0.00183031 0.00128247 0.000420543 0.00137325 0.652746 0.000423128 0.482479 0.000460986 
5 1.25 95500000 5.69323 0.00697628 -3.62275 0.00270788 15.4734 0.0174227 340.214 0.596081 -0.00183031 0.00128247 0.000420543 0.00137325 0.652746 0.000423128 0.482479 0.000460986 
5 1.25 95750000 5.69323 0.00697628 -3.62275 0.00270788 15.4734 0.0174227 340.214 0.596081 -0.00183031 0.00128247 0.000420543 0.00137325 0.652746 0.000423128 0.482479 0.000460986 
5 1.25 96000000 5.69323 0.00697628 -3.62275 0.00270788 15.4734 0.0174227 340.214 0.596081 -0.00183031 0.00128247 0.000420543 0.00137325 0.652746 0.000423128 0.482479 0.000460986 
5 1.25 96250000 5.69323 0.00697628 -3.62275 0.00270788 15.4734 0.0174227 340.214 0.596081 -0.00183031 0.00128247 0.000420543 0.00137325 0.652746 0.000423128 0.482479 0.000460986 
5 1.25 96500000 5.69323 0.00697628 -3.62275 0.00265189 15.4734 0.0171503 340.214 0.590695 -0.00183031 0.00128247 0.000420543 0.00137325 0.652746 0.000423128 0.482479 0.000454287 
5 1.25 96750000 5.69323 0.00697628 -3.62275 0.00265189 15.4734 0.0171503 340.214 0.590695 -0.00183031 0.00128247 0.000420543 0.00137325 0.652746 0.000423128 0.482479 0.000454287 
5 1.25 97000000 5.69323 0.00697628 -3.62275 0.00265189 15.4734 0.0171503 340.214 0.590695 -0.00183031 0.00128247 0.000420543 0.00137325 0.652746 0.000423128 0.482479 0.000454287 
5 1.25 97250000 5.69323 0.00697628 -3.62275 0.00265189 15.4734 0.0171503 340.214 0.590695 -0.00183031 0.00128247 0.000420543 0.00137325 0.652746 0.000423128 0.482479 0.000454287 
5 1.25 97500000 5.69323 0.00697628 -3.62275 0.00265189 15.4734 0.0171503 340.214 0.590695 -0.00183031 0.00128247 0.000420543 0.00137325 0.652746 0.000423128 0.482479 0.000454287 
5 1.25 97750000 5.69323 0.00697628 -3.62275 0.00265189 15.4734 0.0171503 340.214 0.590695 -0.00183031 0.00128247 0.000420543 0.00137325 0.652746 0.000423128 0.482479 0.000454287 
5 1.25 98000000 5.69323 0.00697628 -3.62275 0.00265189 15.4734 0.0171503 340.214 0.590695 -0.00183031 0.00128247 0.000420543 0.00137325 0.652746 0.000423128 0.482479 0.000454287 
5 1.25 98250000 5.69323 0.00697628 -3.62275 0.00265189 15.4734 0.0171503 340.214 0.590695 -0.00183031 0.00128247 0.000420543 0.00137325 0.652746 0.000423128 0.482479 0.000454287 
5 1.25 98500000 5.69202 0.00649989 -3.62335 0.00262067 15.4763 0.0169974 340.277 0.585761 -0.00164804 0.00122691 0.000610909 0.00128534 0.652791 0.000390256 0.482513 0.00044672 
5 1.25 98750000 5.69202 0.00649989 -3.62335 0.00262067 15.4763 0.0169974 340.277 0.585761 -0.00164804 0.00122409 0.000610909 0.00128534 0.652791 0.000390256 0.482513 0.00044672 
5 1.25 99000000 5.69202 0.00649989 -3.62335 0.00262067 15.4763 0.0169974 340.277 0.585761 -0.00164804 0.0012236 0.000610909 0.00127932 0.652791 0.000390256 0.482513 0.00044672 
5 1.25 99250000 5.69202 0.00649989 -3.62335 0.00262067 15.4763 0.0169974 340.277 0.585761 -0.00164804 0.00122626 0.000610909 0.00127932 0.652791 0.000390256 0.482513 0.00044672 
5 1.25 99500000 5.69202 0.00649989 -3.62335 0.00262067 15.4763 0.0169974 340.277 0.585761 -0.00164804 0.00122641 0.000610909 0.00127288 0.652791 0.000390256 0.482513 0.00044672 
5 1.25 99750000 5.69202 0.00649989 -3.62335 0.00262067 15.4763 0.0169974 340.277 0.585761 -0.00164804 0.00122341 0.000610909 0.00127288 0.652791 0.000390256 0.482513 0.00044672 
5 1.25 100000000 5.69202 0.00649989 -3.62335 0.00262067 15.4763 0.0169974 340.277 0.585761 -0.00164804 0.00122318 0.000610909 0.00126637 0.652791 0.000390256 0.482513 0.00044672 
