L J MC_steps R2 R2_std E E_std E2 E2_std E4 E4_std Sin1 Sin1_std Cos1 Cos1_std Mag2 Mag2_std Mag4 Mag4_std
6 1 360000 7.16964 0.159998 -4.2778 0.0703027 22.5709 0.570068 791.923 32.5703 -0.0238712 0.0297205 -0.0200982 0.0243772 0.55931 0.00836844 0.373217 0.00885817 
6 1 720000 7.52232 0.145273 -4.25994 0.0491666 22.5408 0.391717 790.041 22.4138 -0.00559254 0.0178428 0.00127949 0.0153835 0.55966 0.00584661 0.376413 0.00612306 
6 1 1080000 7.50142 0.133635 -4.2318 0.0400668 22.3672 0.32452 787.935 19.2756 0.008398 0.0132065 0.00813215 0.012325 0.559447 0.00473691 0.376309 0.00494587 
6 1 1440000 7.55104 0.109736 -4.24005 0.03395 22.3994 0.27747 789.959 16.4892 0.0100825 0.0129414 -5.33775e-06 0.0117543 0.559841 0.00403994 0.376729 0.00422404 
6 1 1800000 7.54523 0.0884793 -4.23951 0.0307284 22.3895 0.251465 791.903 14.6886 0.00899266 0.0104861 -0.00455606 0.0104688 0.558133 0.00358452 0.374987 0.00376321 
6 1 2160000 7.56889 0.0980361 -4.22801 0.0279721 22.2777 0.225451 785.189 13.1594 0.00596519 0.0112569 -0.00462224 0.010181 0.55849 0.00328662 0.37485 0.00343461 
6 1 2520000 7.56971 0.0847926 -4.22336 0.0259397 22.2392 0.208205 784.17 12.1159 -0.000573204 0.0112312 -0.0049344 0.00872874 0.558176 0.00303109 0.374334 0.00316432 
6 1 2880000 7.59167 0.072688 -4.22659 0.0243546 22.2569 0.196212 785.607 11.659 -0.00312734 0.010099 -0.0091327 0.00752564 0.558409 0.00284351 0.374698 0.00297131 
6 1 3240000 7.63879 0.0696479 -4.21334 0.022669 22.1468 0.183878 781.322 11.0244 8.95681e-05 0.00885352 -0.00746572 0.00688283 0.556866 0.00266304 0.373196 0.00277207 
6 1 3600000 7.64268 0.0689857 -4.20531 0.0215378 22.0999 0.17723 778.056 10.4578 -0.00253832 0.00801295 -0.00832606 0.00649095 0.556275 0.00257038 0.37288 0.00266747 
6 1 3960000 7.63008 0.0634956 -4.20433 0.0203468 22.1147 0.165287 779.99 9.84737 -0.00369768 0.00764437 -0.00653509 0.0061179 0.555969 0.00243029 0.372835 0.00252529 
6 1 4320000 7.63281 0.0577821 -4.20191 0.0194269 22.0983 0.157846 778.788 9.34501 -0.00296574 0.00698438 -0.00895986 0.00591366 0.555889 0.00230155 0.372408 0.00239247 
6 1 4680000 7.60645 0.0586753 -4.21354 0.0186565 22.1692 0.153173 782.096 8.86263 -0.00283179 0.00640363 -0.00998452 0.00570967 0.556328 0.00221966 0.372597 0.00231337 
6 1 5040000 7.61208 0.0544316 -4.21396 0.0187436 22.1727 0.147162 781.997 8.59805 -0.00111106 0.00613788 -0.00808136 0.00545824 0.556543 0.00213594 0.372843 0.00223199 
6 1 5400000 7.59877 0.0521449 -4.2161 0.0180977 22.1663 0.143348 781.382 8.32732 0.00129085 0.0061515 -0.00781107 0.00523463 0.556353 0.00207041 0.372179 0.00216871 
6 1 5760000 7.61068 0.050009 -4.21094 0.0172852 22.1409 0.136584 781.282 8.00865 7.22207e-05 0.00586086 -0.00735973 0.00528011 0.555964 0.0020284 0.371942 0.00210449 
6 1 6120000 7.62085 0.0479069 -4.20739 0.0166077 22.1078 0.131004 779.126 7.71661 0.00209476 0.00583311 -0.00705335 0.00505647 0.55606 0.00194356 0.372171 0.00202345 
6 1 6480000 7.62224 0.0451091 -4.21204 0.0163051 22.1403 0.130911 780.829 7.64818 0.00101024 0.0055899 -0.00626739 0.00493796 0.556743 0.00189595 0.372908 0.00199512 
6 1 6840000 7.63194 0.0436339 -4.20882 0.0155443 22.1089 0.125469 778.705 7.38438 0.000801563 0.00528324 -0.00606807 0.0047864 0.556313 0.00182806 0.372407 0.00192351 
6 1 7200000 7.64659 0.0437253 -4.20542 0.0150336 22.0747 0.122393 777.325 7.16264 -0.000957269 0.00528984 -0.00736503 0.00465214 0.555891 0.00176965 0.371857 0.00185987 
6 1 7560000 7.64434 0.041597 -4.20256 0.0144044 22.0542 0.117468 776.404 6.97807 -0.000770491 0.00571558 -0.00799651 0.00452563 0.555672 0.00170851 0.371613 0.00179387 
6 1 7920000 7.64434 0.0396179 -4.20256 0.0141792 22.0542 0.117008 776.404 6.89581 -0.000770491 0.00571558 -0.00799651 0.00442658 0.555672 0.00166887 0.371613 0.00174846 
6 1 8280000 7.64435 0.0378187 -4.20412 0.0138724 22.0701 0.115098 777.395 6.72175 0.000820522 0.00571558 -0.00672689 0.00430261 0.555849 0.00165242 0.371756 0.0017685 
6 1 8640000 7.64435 0.0381025 -4.20412 0.013535 22.0701 0.112587 777.395 6.56366 0.000820522 0.00571558 -0.00672689 0.00422552 0.555849 0.00162012 0.371756 0.00173118 
6 1 9000000 7.65348 0.0366413 -4.19914 0.0132481 22.0227 0.110669 774.449 6.38903 0.000573422 0.00491845 -0.00495859 0.00420741 0.555191 0.00157718 0.371103 0.0016896 
6 1 9360000 7.65348 0.0352109 -4.19914 0.0133376 22.0227 0.110108 774.449 6.26316 0.000573422 0.00491845 -0.00495859 0.00414171 0.555191 0.00155065 0.371103 0.0016585 
6 1 9720000 7.6534 0.0338895 -4.19801 0.0129034 22.0163 0.106937 774.905 6.16344 0.000558378 0.00491845 -0.00555884 0.00405245 0.555243 0.00153004 0.371024 0.00160255 
6 1 10080000 7.6534 0.0336665 -4.19801 0.0127124 22.0163 0.104922 774.905 6.0259 0.000558378 0.00491845 -0.00555884 0.00398504 0.555243 0.00151348 0.371024 0.0015729 
6 1 10440000 7.64872 0.0326725 -4.20142 0.0124787 22.0349 0.10198 775.049 5.88875 0.00139933 0.00428459 -0.00537896 0.00389009 0.555452 0.00149529 0.37135 0.00155795 
6 1 10800000 7.64872 0.0316672 -4.20142 0.0125179 22.0349 0.10322 775.049 5.91074 0.00139933 0.00428459 -0.00537896 0.00380944 0.555452 0.00149417 0.37135 0.0015574 
6 1 11160000 7.64909 0.030706 -4.20007 0.0122126 22.0264 0.100103 775.118 5.79812 0.00393806 0.00428459 -0.00486445 0.00376459 0.555072 0.00146273 0.371142 0.00152778 
6 1 11520000 7.64909 0.0297723 -4.20007 0.0120023 22.0264 0.0982004 775.118 5.6887 0.00393806 0.00428459 -0.00486445 0.00371297 0.555072 0.00144154 0.371142 0.00150026 
6 1 11880000 7.64734 0.0290611 -4.20118 0.0118278 22.0352 0.096927 775.81 5.61198 0.00336992 0.00436208 -0.00480454 0.00364763 0.555129 0.0014178 0.371232 0.00147882 
6 1 12240000 7.64734 0.0282194 -4.20118 0.011708 22.0352 0.0959297 775.81 5.56592 0.00336992 0.00425428 -0.00480454 0.00360787 0.555129 0.00140285 0.371232 0.00146452 
6 1 12600000 7.63844 0.0283408 -4.20295 0.0117397 22.0432 0.09584 776.593 5.52193 0.00349118 0.00417767 -0.00365718 0.00354987 0.555291 0.00140166 0.371225 0.00146317 
6 1 12960000 7.63844 0.027673 -4.20295 0.0115161 22.0432 0.0941698 776.593 5.44658 0.00349118 0.00420838 -0.00365718 0.00346971 0.555291 0.0013774 0.371225 0.00143896 
6 1 13320000 7.64084 0.0273958 -4.20077 0.0113224 22.0228 0.0927053 775.372 5.36199 0.00165417 0.00414542 -0.00208544 0.0035622 0.555205 0.00135586 0.37105 0.00141578 
6 1 13680000 7.64084 0.0267336 -4.20077 0.0112766 22.0228 0.0922196 775.372 5.3154 0.00165417 0.00405052 -0.00208544 0.0035622 0.555205 0.00134986 0.37105 0.00140628 
6 1 14040000 7.64084 0.0266625 -4.20077 0.0111573 22.0228 0.0909749 775.372 5.21859 0.00165417 0.00405052 -0.00208544 0.0035622 0.555205 0.00133181 0.37105 0.00138603 
6 1 14400000 7.64155 0.025961 -4.19425 0.0109654 21.9898 0.0894781 774.524 5.15863 0.00146174 0.00405052 -0.00354448 0.0035622 0.554277 0.00130397 0.370272 0.00135706 
6 1 14760000 7.64155 0.0256918 -4.19425 0.0107829 21.9898 0.0877845 774.524 5.08765 0.00146174 0.00405052 -0.00354448 0.0035622 0.554277 0.00128475 0.370272 0.00133913 
6 1 15120000 7.64658 0.0253139 -4.1928 0.0106007 21.9789 0.0862188 773.741 4.99989 0.0020916 0.00378199 -0.00221894 0.00333571 0.554022 0.00128285 0.370051 0.00131464 
6 1 15480000 7.64658 0.0251177 -4.1928 0.010554 21.9789 0.0860514 773.741 4.9924 0.0020916 0.00374673 -0.00221894 0.00333571 0.554022 0.00128285 0.370051 0.00130752 
6 1 15840000 7.64658 0.0247201 -4.1928 0.0104233 21.9789 0.0850245 773.741 4.92543 0.0020916 0.00366901 -0.00221894 0.003368 0.554022 0.00128285 0.370051 0.00129458 
6 1 16200000 7.64658 0.0243599 -4.1928 0.0103926 21.9789 0.0838191 773.741 4.86349 0.0020916 0.00366901 -0.00221894 0.003368 0.554022 0.00128285 0.370051 0.00128341 
6 1 16560000 7.64018 0.023972 -4.19927 0.0106003 22.0289 0.083392 776.184 4.856 0.000543158 0.0036476 -0.000605342 0.00329768 0.554747 0.00135565 0.370899 0.00134477 
6 1 16920000 7.64018 0.0237363 -4.19927 0.0106003 22.0289 0.0822114 776.184 4.78488 0.000543158 0.0036476 -0.000605342 0.00329768 0.554747 0.00135565 0.370899 0.00134477 
6 1 17280000 7.64018 0.0234908 -4.19927 0.0106003 22.0289 0.0821148 776.184 4.77843 0.000543158 0.0036476 -0.000605342 0.00329768 0.554747 0.00135565 0.370899 0.00134477 
6 1 17640000 7.64018 0.023214 -4.19927 0.0106003 22.0289 0.0814676 776.184 4.73992 0.000543158 0.0036476 -0.000605342 0.00329768 0.554747 0.00135565 0.370899 0.00134477 
6 1 18000000 7.64347 0.0229953 -4.19594 0.0102259 22.0135 0.0810026 776.288 4.71788 0.000360931 0.00334819 -0.00108564 0.00305765 0.5544 0.00128635 0.370606 0.0012643 
6 1 18360000 7.64347 0.022692 -4.19594 0.0102259 22.0135 0.0804034 776.288 4.67749 0.000360931 0.00334819 -0.00108564 0.00305765 0.5544 0.00128635 0.370606 0.0012643 
6 1 18720000 7.64347 0.0226384 -4.19594 0.0102259 22.0135 0.0797287 776.288 4.63379 0.000360931 0.00334819 -0.00108564 0.00305765 0.5544 0.00128635 0.370606 0.0012643 
6 1 19080000 7.64347 0.0223855 -4.19594 0.0102259 22.0135 0.0788471 776.288 4.58963 0.000360931 0.00334819 -0.00108564 0.00305765 0.5544 0.00128635 0.370606 0.0012643 
6 1 19440000 7.63634 0.0221114 -4.1967 0.00964872 22.0192 0.0775793 776.989 4.5178 0.000456404 0.0030955 -0.000868956 0.00289399 0.55454 0.00119499 0.370744 0.00120862 
6 1 19800000 7.63634 0.021887 -4.1967 0.00955295 22.0192 0.0770167 776.989 4.48146 0.000456404 0.00309199 -0.000868956 0.00289399 0.55454 0.00119499 0.370744 0.00118821 
6 1 20160000 7.63634 0.0217287 -4.1967 0.009467 22.0192 0.0762753 776.989 4.44662 0.000456404 0.00309199 -0.000868956 0.00293149 0.55454 0.00119499 0.370744 0.00118319 
6 1 20520000 7.63634 0.0214832 -4.1967 0.009467 22.0192 0.0751884 776.989 4.38208 0.000456404 0.00309199 -0.000868956 0.00293149 0.55454 0.00119499 0.370744 0.00117463 
6 1 20880000 7.63937 0.0212377 -4.19839 0.00919371 22.0421 0.0743535 778.691 4.33992 8.71295e-05 0.00299574 -0.00177293 0.00282688 0.55476 0.0011297 0.371052 0.00115191 
6 1 21240000 7.63937 0.0209697 -4.19839 0.00919371 22.0421 0.0733235 778.691 4.28529 8.71295e-05 0.00297558 -0.00177293 0.00282688 0.55476 0.0011297 0.371052 0.00113739 
6 1 21600000 7.63937 0.0207208 -4.19839 0.00906013 22.0421 0.0726196 778.691 4.24748 8.71295e-05 0.00293373 -0.00177293 0.00285039 0.55476 0.0011297 0.371052 0.00113028 
6 1 21960000 7.63937 0.0204895 -4.19839 0.00906013 22.0421 0.071904 778.691 4.20902 8.71295e-05 0.0028931 -0.00177293 0.00285039 0.55476 0.0011297 0.371052 0.00113557 
6 1 22320000 7.63711 0.0204628 -4.19531 0.00889924 22.0293 0.0714771 778.966 4.1847 0.000165239 0.00289386 -0.00117981 0.00276572 0.554488 0.00108991 0.370843 0.00113912 
6 1 22680000 7.63711 0.0203973 -4.19531 0.00885972 22.0293 0.0708209 778.966 4.15001 0.000165239 0.00284798 -0.00117981 0.00276572 0.554488 0.00108668 0.370843 0.001121 
6 1 23040000 7.63711 0.0202198 -4.19531 0.00885972 22.0293 0.0701527 778.966 4.11199 0.000165239 0.00280663 -0.00117981 0.00271233 0.554488 0.00108668 0.370843 0.00110872 
6 1 23400000 7.63711 0.0196044 -4.19531 0.00885972 22.0293 0.0685321 778.966 3.9726 0.000165239 0.00276335 -0.00117981 0.00271233 0.554488 0.00108668 0.370843 0.00109173 
6 1 23760000 7.6347 0.0195112 -4.19478 0.00852676 22.0317 0.0677025 779.335 3.94369 6.54543e-05 0.00273353 -0.000810553 0.00262867 0.554288 0.00103692 0.370728 0.00107657 
6 1 24120000 7.6347 0.0193726 -4.19478 0.00852676 22.0317 0.0667771 779.335 3.90033 6.54543e-05 0.0027136 -0.000810553 0.00262867 0.554288 0.00103692 0.370728 0.00106328 
6 1 24480000 7.6347 0.0191991 -4.19478 0.00840139 22.0317 0.065892 779.335 3.85837 6.54543e-05 0.00267805 -0.000810553 0.00255285 0.554288 0.00103692 0.370728 0.00104916 
6 1 24840000 7.6347 0.0191743 -4.19478 0.00840139 22.0317 0.0657344 779.335 3.83859 6.54543e-05 0.00266746 -0.000810553 0.00255285 0.554288 0.00103692 0.370728 0.00103718 
6 1 25200000 7.64321 0.0190905 -4.19818 0.00849888 22.054 0.0648414 780.473 3.78883 -0.000686374 0.00263426 0.000243168 0.00263552 0.5547 0.00105441 0.371128 0.00102928 
6 1 25560000 7.64321 0.0189346 -4.19818 0.00849888 22.054 0.0649002 780.473 3.7694 -0.000686374 0.00259715 0.000243168 0.00263552 0.5547 0.00105441 0.371128 0.00102928 
6 1 25920000 7.64321 0.0188694 -4.19818 0.00872316 22.054 0.0647025 780.473 3.75121 -0.000686374 0.00257079 0.000243168 0.00257143 0.5547 0.00106483 0.371128 0.00102928 
6 1 26280000 7.64321 0.0187271 -4.19818 0.00872316 22.054 0.0640706 780.473 3.73116 -0.000686374 0.00256782 0.000243168 0.00257143 0.5547 0.00106483 0.371128 0.00102928 
6 1 26640000 7.64838 0.018559 -4.19382 0.00907844 22.0162 0.068152 778.207 3.69493 -0.000330404 0.00254296 -4.79798e-05 0.00255037 0.554153 0.00112851 0.370597 0.0011006 
6 1 27000000 7.64838 0.0184563 -4.19382 0.00907844 22.0162 0.068152 778.207 3.6889 -0.000330404 0.00251307 -4.79798e-05 0.00255037 0.554153 0.00112851 0.370597 0.0011006 
6 1 27360000 7.64838 0.0184759 -4.19382 0.00907844 22.0162 0.068152 778.207 3.67407 -0.000330404 0.00248261 -4.79798e-05 0.00248517 0.554153 0.00112851 0.370597 0.0011006 
6 1 27720000 7.64838 0.018282 -4.19382 0.00907844 22.0162 0.068152 778.207 3.65027 -0.000330404 0.00246352 -4.79798e-05 0.00248517 0.554153 0.00112851 0.370597 0.0011006 
6 1 28080000 7.64633 0.0180477 -4.1955 0.00875489 22.0356 0.0672672 779.767 3.76031 -0.000358123 0.00243859 -0.000387783 0.00242796 0.554389 0.00109348 0.370901 0.00108374 
6 1 28440000 7.64633 0.0179011 -4.1955 0.00875489 22.0356 0.0672672 779.767 3.76031 -0.000358123 0.00241704 -0.000387783 0.00242796 0.554389 0.00109348 0.370901 0.00108374 
6 1 28800000 7.64633 0.0177748 -4.1955 0.00875489 22.0356 0.0672672 779.767 3.76031 -0.000358123 0.00240628 -0.000387783 0.00236812 0.554389 0.00109348 0.370901 0.00108374 
6 1 29160000 7.64633 0.0177517 -4.1955 0.00875489 22.0356 0.0672672 779.767 3.76031 -0.000358123 0.00238194 -0.000387783 0.00236812 0.554389 0.00109348 0.370901 0.00108374 
6 1 29520000 7.64633 0.0177095 -4.1955 0.00875489 22.0356 0.0672672 779.767 3.76031 -0.000358123 0.00238194 -0.000387783 0.00236812 0.554389 0.00109348 0.370901 0.00108374 
6 1 29880000 7.64678 0.0175612 -4.19457 0.00836612 22.0279 0.0643452 779.437 3.58681 -1.16937e-05 0.00235614 -3.79508e-05 0.00235281 0.554241 0.00104876 0.37077 0.00103738 
6 1 30240000 7.64678 0.0174539 -4.19457 0.00836612 22.0279 0.0643452 779.437 3.58681 -1.16937e-05 0.00233287 -3.79508e-05 0.00235281 0.554241 0.00104876 0.37077 0.00103738 
6 1 30600000 7.64678 0.0172572 -4.19457 0.00836612 22.0279 0.0643452 779.437 3.58681 -1.16937e-05 0.0023131 -3.79508e-05 0.00231334 0.554241 0.00104876 0.37077 0.00103738 
6 1 30960000 7.64678 0.0171548 -4.19457 0.00836612 22.0279 0.0643452 779.437 3.58681 -1.16937e-05 0.00230803 -3.79508e-05 0.00231334 0.554241 0.00104876 0.37077 0.00103738 
6 1 31320000 7.64678 0.0170311 -4.19457 0.00837118 22.0279 0.0652419 779.437 3.66238 -1.16937e-05 0.00231282 -3.79508e-05 0.00238568 0.554241 0.00105543 0.37077 0.00104206 
6 1 31680000 7.64678 0.0168933 -4.19457 0.00837118 22.0279 0.0652419 779.437 3.66238 -1.16937e-05 0.00228956 -3.79508e-05 0.00238568 0.554241 0.00105543 0.37077 0.00104206 
6 1 32040000 7.64678 0.016804 -4.19457 0.00837118 22.0279 0.0652419 779.437 3.66238 -1.16937e-05 0.00229268 -3.79508e-05 0.0023905 0.554241 0.00105543 0.37077 0.00104206 
6 1 32400000 7.64678 0.0166731 -4.19457 0.00837118 22.0279 0.0652419 779.437 3.66238 -1.16937e-05 0.00226923 -3.79508e-05 0.0023905 0.554241 0.00105543 0.37077 0.00104206 
6 1 32760000 7.64054 0.0165495 -4.19763 0.00800145 22.0511 0.0622774 780.609 3.50037 0.00065497 0.00224633 -0.000134577 0.0023408 0.554607 0.00100758 0.371151 0.000995504 
6 1 33120000 7.64054 0.0164308 -4.19763 0.00800145 22.0511 0.0622774 780.609 3.50037 0.00065497 0.00223565 -0.000134577 0.0023408 0.554607 0.00100758 0.371151 0.000995504 
6 1 33480000 7.64054 0.0163412 -4.19763 0.00800145 22.0511 0.0622774 780.609 3.50037 0.00065497 0.00222057 -0.000134577 0.00229494 0.554607 0.00100758 0.371151 0.000995504 
6 1 33840000 7.64054 0.0162468 -4.19763 0.00800145 22.0511 0.0622774 780.609 3.50037 0.00065497 0.0022042 -0.000134577 0.00229494 0.554607 0.00100758 0.371151 0.000995504 
6 1 34200000 7.64054 0.0161678 -4.19763 0.00766688 22.0511 0.0599702 780.609 3.36913 0.00065497 0.00219707 -0.000134577 0.00225193 0.554607 0.000964366 0.371151 0.000954341 
6 1 34560000 7.64054 0.0161787 -4.19763 0.00766688 22.0511 0.0599702 780.609 3.36913 0.00065497 0.00218849 -0.000134577 0.00225193 0.554607 0.000964366 0.371151 0.000954341 
6 1 34920000 7.64054 0.0160759 -4.19763 0.00766688 22.0511 0.0599702 780.609 3.36913 0.00065497 0.00217558 -0.000134577 0.00220467 0.554607 0.000964366 0.371151 0.000954341 
6 1 35280000 7.64054 0.0159964 -4.19763 0.00766688 22.0511 0.0599702 780.609 3.36913 0.00065497 0.00215678 -0.000134577 0.00220467 0.554607 0.000964366 0.371151 0.000954341 
6 1 35640000 7.63847 0.0159058 -4.19708 0.00741308 22.0496 0.0580949 780.46 3.27058 0.000676492 0.00215309 0.000136607 0.0021626 0.554449 0.000943126 0.370989 0.000941033 
6 1 36000000 7.63847 0.0158021 -4.19708 0.00741308 22.0496 0.0580949 780.46 3.27058 0.000676492 0.00214089 0.000136607 0.0021626 0.554449 0.000943126 0.370989 0.000941033 
6 1 36360000 7.63847 0.0157628 -4.19708 0.00741308 22.0496 0.0580949 780.46 3.27058 0.000676492 0.00213066 0.000136607 0.00212102 0.554449 0.000943126 0.370989 0.000941033 
6 1 36720000 7.63847 0.0156659 -4.19708 0.00741308 22.0496 0.0580949 780.46 3.27058 0.000676492 0.00211491 0.000136607 0.00212102 0.554449 0.000943126 0.370989 0.000941033 
6 1 37080000 7.63847 0.0155637 -4.19708 0.00717267 22.0496 0.0560133 780.46 3.14198 0.000676492 0.00210619 0.000136607 0.00208481 0.554449 0.000918892 0.370989 0.000915938 
6 1 37440000 7.63847 0.0154709 -4.19708 0.00717267 22.0496 0.0560133 780.46 3.14198 0.000676492 0.00209073 0.000136607 0.00208481 0.554449 0.000918892 0.370989 0.000915938 
6 1 37800000 7.63847 0.0154001 -4.19708 0.00717267 22.0496 0.0560133 780.46 3.14198 0.000676492 0.00207631 0.000136607 0.00204522 0.554449 0.000918892 0.370989 0.000915938 
6 1 38160000 7.63847 0.0153411 -4.19708 0.00717267 22.0496 0.0560133 780.46 3.14198 0.000676492 0.00206046 0.000136607 0.00204522 0.554449 0.000918892 0.370989 0.000915938 
6 1 38520000 7.64528 0.0153253 -4.19887 0.00694953 22.0652 0.0548023 781.349 3.11361 0.00108817 0.00205326 0.000173615 0.00201276 0.554657 0.0008848 0.371234 0.000885201 
6 1 38880000 7.64528 0.0152601 -4.19887 0.00694953 22.0652 0.0548023 781.349 3.11361 0.00108817 0.00204588 0.000173615 0.00201276 0.554657 0.0008848 0.371234 0.000885201 
6 1 39240000 7.64528 0.0151535 -4.19887 0.00694953 22.0652 0.0548023 781.349 3.11361 0.00108817 0.00202918 0.000173615 0.00197486 0.554657 0.0008848 0.371234 0.000885201 
6 1 39600000 7.64528 0.0150427 -4.19887 0.00694953 22.0652 0.0548023 781.349 3.11361 0.00108817 0.00201999 0.000173615 0.00197486 0.554657 0.0008848 0.371234 0.000885201 
6 1 39960000 7.64528 0.0149273 -4.19887 0.00678872 22.0652 0.0535469 781.349 3.02248 0.00108817 0.00201255 0.000173615 0.00196176 0.554657 0.000870322 0.371234 0.00086656 
6 1 40320000 7.64528 0.0148545 -4.19887 0.00678872 22.0652 0.0535469 781.349 3.02248 0.00108817 0.00200034 0.000173615 0.00196176 0.554657 0.000870322 0.371234 0.00086656 
6 1 40680000 7.64528 0.0147396 -4.19887 0.00678872 22.0652 0.0535469 781.349 3.02248 0.00108817 0.00199108 0.000173615 0.00194629 0.554657 0.000870322 0.371234 0.00086656 
6 1 41040000 7.64528 0.0146387 -4.19887 0.00678872 22.0652 0.0535469 781.349 3.02248 0.00108817 0.00198867 0.000173615 0.00194629 0.554657 0.000870322 0.371234 0.00086656 
6 1 41400000 7.64202 0.0145452 -4.20089 0.00659975 22.0824 0.0522278 782.234 2.95499 0.00123471 0.00197282 -9.05158e-05 0.00192431 0.554916 0.000842709 0.371488 0.000840746 
6 1 41760000 7.64202 0.0145433 -4.20089 0.00659975 22.0824 0.0522278 782.234 2.95499 0.00123471 0.00195848 -9.05158e-05 0.00192431 0.554916 0.000842709 0.371488 0.000840746 
6 1 42120000 7.64202 0.0144616 -4.20089 0.00659975 22.0824 0.0522278 782.234 2.95499 0.00123471 0.00194723 -9.05158e-05 0.00191236 0.554916 0.000842709 0.371488 0.000840746 
6 1 42480000 7.64202 0.0144079 -4.20089 0.00659975 22.0824 0.0522278 782.234 2.95499 0.00123471 0.00193212 -9.05158e-05 0.00191236 0.554916 0.000842709 0.371488 0.000840746 
6 1 42840000 7.64202 0.0143285 -4.20089 0.00663365 22.0824 0.0521977 782.234 2.95075 0.00123471 0.00192371 -9.05158e-05 0.0018926 0.554916 0.000833526 0.371488 0.000833769 
6 1 43200000 7.64202 0.014286 -4.20089 0.00663365 22.0824 0.0521977 782.234 2.95075 0.00123471 0.00192016 -9.05158e-05 0.0018926 0.554916 0.000833526 0.371488 0.000833769 
6 1 43560000 7.64202 0.0141841 -4.20089 0.00663365 22.0824 0.0521977 782.234 2.95075 0.00123471 0.00190451 -9.05158e-05 0.00190451 0.554916 0.000833526 0.371488 0.000833769 
6 1 43920000 7.64202 0.0140932 -4.20089 0.00663365 22.0824 0.0521977 782.234 2.95075 0.00123471 0.00189755 -9.05158e-05 0.00189917 0.554916 0.000833526 0.371488 0.000833769 
6 1 44280000 7.64098 0.0140168 -4.20015 0.00690694 22.0765 0.054028 781.978 3.02416 0.00176864 0.00188783 0.000344025 0.00189732 0.554869 0.000837208 0.371443 0.000839512 
6 1 44640000 7.64098 0.0139367 -4.20015 0.00690694 22.0765 0.054028 781.978 3.02416 0.00176864 0.00187883 0.000344025 0.00189732 0.554869 0.000837208 0.371443 0.000839512 
6 1 45000000 7.64098 0.0138821 -4.20015 0.00690694 22.0765 0.054028 781.978 3.02416 0.00176864 0.00186877 0.000344025 0.00188498 0.554869 0.000837208 0.371443 0.000839512 
6 1 45360000 7.64098 0.0138231 -4.20015 0.00690694 22.0765 0.054028 781.978 3.02416 0.00176864 0.00186245 0.000344025 0.00186954 0.554869 0.000837208 0.371443 0.000839512 
6 1 45720000 7.64098 0.0137448 -4.20015 0.00690694 22.0765 0.054028 781.978 3.02416 0.00176864 0.00185674 0.000344025 0.00185463 0.554869 0.000837208 0.371443 0.000839512 
6 1 46080000 7.64098 0.0137874 -4.20015 0.0068191 22.0765 0.0532791 781.978 2.95384 0.00176864 0.00184932 0.000344025 0.00183968 0.554869 0.000857155 0.371443 0.000861557 
6 1 46440000 7.64098 0.0136515 -4.20015 0.0068191 22.0765 0.0532791 781.978 2.95384 0.00176864 0.00183472 0.000344025 0.00182539 0.554869 0.000857155 0.371443 0.000861557 
6 1 46800000 7.64098 0.0135687 -4.20015 0.0068191 22.0765 0.0532791 781.978 2.95384 0.00176864 0.00182703 0.000344025 0.00181287 0.554869 0.000857155 0.371443 0.000861557 
6 1 47160000 7.64098 0.0134992 -4.20015 0.0068191 22.0765 0.0532791 781.978 2.95384 0.00176864 0.00182311 0.000344025 0.00180355 0.554869 0.000857155 0.371443 0.000861557 
6 1 47520000 7.64578 0.0134128 -4.19962 0.00686596 22.0685 0.0547053 781.27 3.06489 0.00160042 0.0018124 0.000140524 0.00178984 0.555048 0.000836834 0.371584 0.000847593 
6 1 47880000 7.64578 0.0133089 -4.19962 0.00686596 22.0685 0.0547053 781.27 3.06489 0.00160042 0.0018072 0.000140524 0.00177885 0.555048 0.000836834 0.371584 0.000847593 
6 1 48240000 7.64578 0.0132225 -4.19962 0.00686596 22.0685 0.0547053 781.27 3.06489 0.00160042 0.00179498 0.000140524 0.00176592 0.555048 0.000836834 0.371584 0.000847593 
6 1 48600000 7.64578 0.0132232 -4.19962 0.00686596 22.0685 0.0547053 781.27 3.06489 0.00160042 0.00178853 0.000140524 0.00176112 0.555048 0.000836834 0.371584 0.000847593 
6 1 48960000 7.64578 0.0131464 -4.19962 0.00673075 22.0685 0.053857 781.27 3.02983 0.00160042 0.00178646 0.000140524 0.00178638 0.555048 0.000817892 0.371584 0.00082859 
6 1 49320000 7.64578 0.013071 -4.19962 0.00673075 22.0685 0.053857 781.27 3.02983 0.00160042 0.00179326 0.000140524 0.00178638 0.555048 0.000817892 0.371584 0.00082859 
6 1 49680000 7.64578 0.0130123 -4.19962 0.00673075 22.0685 0.053857 781.27 3.02983 0.00160042 0.00178251 0.000140524 0.00180973 0.555048 0.000817892 0.371584 0.00082859 
6 1 50040000 7.64578 0.0129589 -4.19962 0.00673075 22.0685 0.053857 781.27 3.02983 0.00160042 0.00177554 0.000140524 0.00180973 0.555048 0.000817892 0.371584 0.00082859 
6 1 50400000 7.64565 0.0129342 -4.20016 0.00670623 22.0703 0.0534406 781.309 3.0071 0.0015996 0.00176561 -0.000622743 0.00178315 0.555118 0.000812098 0.37168 0.000828672 
6 1 50760000 7.64565 0.0129406 -4.20016 0.00670623 22.0703 0.0534406 781.309 3.0071 0.0015996 0.00175389 -0.000622743 0.00178315 0.555118 0.000812098 0.37168 0.000828672 
6 1 51120000 7.64565 0.012847 -4.20016 0.00670623 22.0703 0.0534406 781.309 3.0071 0.0015996 0.00174862 -0.000622743 0.00176674 0.555118 0.000812098 0.37168 0.000828672 
6 1 51480000 7.64565 0.0127627 -4.20016 0.00670623 22.0703 0.0534406 781.309 3.0071 0.0015996 0.00174093 -0.000622743 0.00176674 0.555118 0.000812098 0.37168 0.000828672 
6 1 51840000 7.64565 0.0127204 -4.20016 0.00659874 22.0703 0.0521436 781.309 2.92143 0.0015996 0.00173905 -0.000622743 0.00177995 0.555118 0.000789569 0.37168 0.000804996 
6 1 52200000 7.64565 0.012672 -4.20016 0.00659874 22.0703 0.0521436 781.309 2.92143 0.0015996 0.00172785 -0.000622743 0.00177995 0.555118 0.000789569 0.37168 0.000804996 
6 1 52560000 7.64565 0.0126992 -4.20016 0.00659874 22.0703 0.0521436 781.309 2.92143 0.0015996 0.00172066 -0.000622743 0.00176185 0.555118 0.000789569 0.37168 0.000804996 
6 1 52920000 7.64565 0.0126326 -4.20016 0.00659874 22.0703 0.0521436 781.309 2.92143 0.0015996 0.00171099 -0.000622743 0.00176185 0.555118 0.000789569 0.37168 0.000804996 
6 1 53280000 7.64591 0.0125557 -4.20087 0.00642482 22.0699 0.0509697 781.019 2.85875 0.00206598 0.00170825 -0.00108786 0.0017415 0.555132 0.000767858 0.371652 0.000783175 
6 1 53640000 7.64591 0.0125163 -4.20087 0.00642482 22.0699 0.0509697 781.019 2.85875 0.00206598 0.00169778 -0.00108786 0.0017415 0.555132 0.000767858 0.371652 0.000783175 
6 1 54000000 7.64591 0.0125557 -4.20087 0.00642482 22.0699 0.0509697 781.019 2.85875 0.00206598 0.00168727 -0.00108786 0.00180669 0.555132 0.000767858 0.371652 0.000783175 
6 1 54360000 7.64591 0.0125964 -4.20087 0.00642482 22.0699 0.0509697 781.019 2.85875 0.00206598 0.00168384 -0.00108786 0.00180669 0.555132 0.000767858 0.371652 0.000783175 
6 1 54720000 7.64591 0.0125839 -4.20087 0.00632196 22.0699 0.0498118 781.019 2.78619 0.00206598 0.0016765 -0.00108786 0.0017836 0.555132 0.000751143 0.371652 0.000763273 
6 1 55080000 7.64591 0.0124999 -4.20087 0.00632196 22.0699 0.0498118 781.019 2.78619 0.00206598 0.0016686 -0.00108786 0.0017836 0.555132 0.000751143 0.371652 0.000763273 
6 1 55440000 7.64591 0.0124193 -4.20087 0.00632196 22.0699 0.0498118 781.019 2.78619 0.00206598 0.00166091 -0.00108786 0.00178467 0.555132 0.000751143 0.371652 0.000763273 
6 1 55800000 7.64591 0.0124016 -4.20087 0.00632196 22.0699 0.0498118 781.019 2.78619 0.00206598 0.00165418 -0.00108786 0.00178467 0.555132 0.000751143 0.371652 0.000763273 
6 1 56160000 7.64656 0.0123349 -4.20102 0.00625053 22.0713 0.0488686 781.166 2.73023 0.00225677 0.00164719 -0.00155544 0.00178168 0.555093 0.000732411 0.371647 0.000744255 
6 1 56520000 7.64656 0.0122894 -4.20102 0.00625053 22.0713 0.0488686 781.166 2.73023 0.00225677 0.0016383 -0.00155544 0.00178168 0.555093 0.000732411 0.371647 0.000744255 
6 1 56880000 7.64656 0.0122249 -4.20102 0.00625053 22.0713 0.0488686 781.166 2.73023 0.00225677 0.00163446 -0.00155544 0.00177603 0.555093 0.000732411 0.371647 0.000744255 
6 1 57240000 7.64656 0.0121467 -4.20102 0.00625053 22.0713 0.0488686 781.166 2.73023 0.00225677 0.00162461 -0.00155544 0.00177603 0.555093 0.000732411 0.371647 0.000744255 
6 1 57600000 7.64656 0.012324 -4.20102 0.00609478 22.0713 0.0478134 781.166 2.6858 0.00225677 0.00163433 -0.00155544 0.00175437 0.555093 0.000716301 0.371647 0.000728099 
6 1 57960000 7.64656 0.0123177 -4.20102 0.00609478 22.0713 0.0478134 781.166 2.6858 0.00225677 0.00162447 -0.00155544 0.00175437 0.555093 0.000716301 0.371647 0.000728099 
6 1 58320000 7.64656 0.0122435 -4.20102 0.00609478 22.0713 0.0478134 781.166 2.6858 0.00225677 0.00161529 -0.00155544 0.00174549 0.555093 0.000716301 0.371647 0.000728099 
6 1 58680000 7.64656 0.0121734 -4.20102 0.00609478 22.0713 0.0478134 781.166 2.6858 0.00225677 0.00161314 -0.00155544 0.00174549 0.555093 0.000716301 0.371647 0.000728099 
6 1 59040000 7.64751 0.0121096 -4.20241 0.00605122 22.0834 0.0472368 781.813 2.63241 0.00240543 0.00160317 -0.00136649 0.00181889 0.555326 0.00071845 0.371878 0.000728162 
6 1 59400000 7.64751 0.0120481 -4.20241 0.00605122 22.0834 0.0472368 781.813 2.63241 0.00240543 0.00159939 -0.00136649 0.00181889 0.555326 0.00071845 0.371878 0.000728162 
6 1 59760000 7.64751 0.0119828 -4.20241 0.00605122 22.0834 0.0472368 781.813 2.63241 0.00240543 0.0016211 -0.00136649 0.00181889 0.555326 0.00071845 0.371878 0.000728162 
6 1 60120000 7.64751 0.0119828 -4.20241 0.00605122 22.0834 0.0472368 781.813 2.63241 0.00240543 0.0016211 -0.00136649 0.00181889 0.555326 0.00071845 0.371878 0.000728162 
6 1 60480000 7.64751 0.0119093 -4.20241 0.00605122 22.0834 0.0472368 781.813 2.63241 0.00240543 0.00161227 -0.00136649 0.00181889 0.555326 0.00071845 0.371878 0.000728162 
6 1 60840000 7.64751 0.0118864 -4.20241 0.00591154 22.0834 0.0462047 781.813 2.57393 0.00240543 0.00161233 -0.00136649 0.00181889 0.555326 0.000701187 0.371878 0.00071041 
6 1 61200000 7.64751 0.0118767 -4.20241 0.00591154 22.0834 0.0462047 781.813 2.57393 0.00240543 0.00160367 -0.00136649 0.00181889 0.555326 0.000701187 0.371878 0.00071041 
6 1 61560000 7.64751 0.0118802 -4.20241 0.00591154 22.0834 0.0462047 781.813 2.57393 0.00240543 0.00159448 -0.00136649 0.00181889 0.555326 0.000701187 0.371878 0.00071041 
6 1 61920000 7.64751 0.0118112 -4.20241 0.00591154 22.0834 0.0462047 781.813 2.57393 0.00240543 0.00158595 -0.00136649 0.00181889 0.555326 0.000701187 0.371878 0.00071041 
6 1 62280000 7.64751 0.0117666 -4.20241 0.00598846 22.0834 0.0468036 781.813 2.58895 0.00240543 0.00157987 -0.00136649 0.00181889 0.555326 0.000697686 0.371878 0.000708331 
6 1 62640000 7.64751 0.0117067 -4.20241 0.00598846 22.0834 0.0468036 781.813 2.58895 0.00240543 0.0015797 -0.00136649 0.00181889 0.555326 0.000697686 0.371878 0.000708331 
6 1 63000000 7.64751 0.0117092 -4.20241 0.00598846 22.0834 0.0468036 781.813 2.58895 0.00240543 0.00157165 -0.00136649 0.00181889 0.555326 0.000697686 0.371878 0.000708331 
6 1 63360000 7.64751 0.0117079 -4.20241 0.00598846 22.0834 0.0468036 781.813 2.58895 0.00240543 0.00157828 -0.00136649 0.00181889 0.555326 0.000697686 0.371878 0.000708331 
6 1 63720000 7.64751 0.0117177 -4.20241 0.00589351 22.0834 0.0458652 781.813 2.53174 0.00240543 0.00157827 -0.00136649 0.00181889 0.555326 0.000684349 0.371878 0.000692085 
6 1 64080000 7.64751 0.0116502 -4.20241 0.00589351 22.0834 0.0458652 781.813 2.53174 0.00240543 0.00157322 -0.00136649 0.00181889 0.555326 0.000684349 0.371878 0.000692085 
6 1 64440000 7.64751 0.0115873 -4.20241 0.00589351 22.0834 0.0458652 781.813 2.53174 0.00240543 0.00157532 -0.00136649 0.00181889 0.555326 0.000684349 0.371878 0.000692085 
6 1 64800000 7.64751 0.0115449 -4.20241 0.00589351 22.0834 0.0458652 781.813 2.53174 0.00240543 0.00157338 -0.00136649 0.00181889 0.555326 0.000684349 0.371878 0.000692085 
6 1 65160000 7.64444 0.0114863 -4.20133 0.00578111 22.0731 0.0450733 781.2 2.48958 0.00268546 0.00156537 -0.00118967 0.00181889 0.555104 0.000680932 0.3716 0.000691632 
6 1 65520000 7.64444 0.011619 -4.20133 0.00578111 22.0731 0.0450733 781.2 2.48958 0.00268546 0.00155654 -0.00118967 0.00181889 0.555104 0.000680932 0.3716 0.000691632 
6 1 65880000 7.64444 0.0115771 -4.20133 0.00578111 22.0731 0.0450733 781.2 2.48958 0.00268546 0.00154802 -0.00118967 0.00181889 0.555104 0.000680932 0.3716 0.000691632 
6 1 66240000 7.64444 0.011513 -4.20133 0.00578111 22.0731 0.0450733 781.2 2.48958 0.00268546 0.00154104 -0.00118967 0.00181889 0.555104 0.000680932 0.3716 0.000691632 
6 1 66600000 7.64444 0.0115005 -4.20133 0.00565396 22.0731 0.0441555 781.2 2.43945 0.00268546 0.00153328 -0.00118967 0.00181889 0.555104 0.00066615 0.3716 0.000677303 
6 1 66960000 7.64444 0.011463 -4.20133 0.00565396 22.0731 0.0441555 781.2 2.43945 0.00268546 0.00152712 -0.00118967 0.00181889 0.555104 0.00066615 0.3716 0.000677303 
6 1 67320000 7.64444 0.0114782 -4.20133 0.00565396 22.0731 0.0441555 781.2 2.43945 0.00268546 0.00151873 -0.00118967 0.00181889 0.555104 0.00066615 0.3716 0.000677303 
6 1 67680000 7.64444 0.0114439 -4.20133 0.00565396 22.0731 0.0441555 781.2 2.43945 0.00268546 0.00151184 -0.00118967 0.00181889 0.555104 0.00066615 0.3716 0.000677303 
6 1 68040000 7.64444 0.0114026 -4.20133 0.00554487 22.0731 0.0433024 781.2 2.39571 0.00268546 0.00150838 -0.00118967 0.00181889 0.555104 0.000653132 0.3716 0.000665155 
6 1 68400000 7.64444 0.0113553 -4.20133 0.00554487 22.0731 0.0433024 781.2 2.39571 0.00268546 0.00150076 -0.00118967 0.00181889 0.555104 0.000653132 0.3716 0.000665155 
6 1 68760000 7.64444 0.0113181 -4.20133 0.00554487 22.0731 0.0433024 781.2 2.39571 0.00268546 0.00149302 -0.00118967 0.00181889 0.555104 0.000653132 0.3716 0.000665155 
6 1 69120000 7.64444 0.0113168 -4.20133 0.00554487 22.0731 0.0433024 781.2 2.39571 0.00268546 0.0014868 -0.00118967 0.00181889 0.555104 0.000653132 0.3716 0.000665155 
6 1 69480000 7.64444 0.0112582 -4.20133 0.00546258 22.0731 0.0424777 781.2 2.35179 0.00268546 0.001482 -0.00118967 0.00181889 0.555104 0.000640667 0.3716 0.000651441 
6 1 69840000 7.64444 0.0112698 -4.20133 0.00546258 22.0731 0.0424777 781.2 2.35179 0.00268546 0.00147416 -0.00118967 0.00181889 0.555104 0.000640667 0.3716 0.000651441 
6 1 70200000 7.64444 0.0112753 -4.20133 0.00546258 22.0731 0.0424777 781.2 2.35179 0.00268546 0.00146651 -0.00118967 0.00181889 0.555104 0.000640667 0.3716 0.000651441 
6 1 70560000 7.64444 0.0112995 -4.20133 0.00546258 22.0731 0.0424777 781.2 2.35179 0.00268546 0.00145971 -0.00118967 0.00181889 0.555104 0.000640667 0.3716 0.000651441 
6 1 70920000 7.64598 0.0112569 -4.2012 0.00549665 22.0711 0.0429141 781.25 2.35711 0.00280945 0.00145842 -0.00159084 0.00155441 0.555163 0.000629338 0.371651 0.000641609 
6 1 71280000 7.64598 0.0112063 -4.2012 0.00549665 22.0711 0.0429141 781.25 2.35711 0.00280945 0.0014594 -0.00159084 0.00155441 0.555163 0.000629338 0.371651 0.000641609 
6 1 71640000 7.64598 0.0112103 -4.2012 0.00549665 22.0711 0.0429141 781.25 2.35711 0.00280945 0.00145781 -0.00159084 0.00154176 0.555163 0.000629338 0.371651 0.000641609 
6 1 72000000 7.64598 0.0112155 -4.2012 0.00549665 22.0711 0.0429141 781.25 2.35711 0.00280945 0.00145184 -0.00159084 0.00154176 0.555163 0.000629338 0.371651 0.000641609 
6 1 72360000 7.64598 0.0111798 -4.2012 0.00538567 22.0711 0.0421106 781.25 2.32203 0.00280945 0.0014447 -0.00159084 0.00152951 0.555163 0.000616698 0.371651 0.000628923 
6 1 72720000 7.64598 0.0111234 -4.2012 0.00538567 22.0711 0.0421106 781.25 2.32203 0.00280945 0.00143926 -0.00159084 0.00152951 0.555163 0.000616698 0.371651 0.000628923 
6 1 73080000 7.64598 0.0110738 -4.2012 0.00538567 22.0711 0.0421106 781.25 2.32203 0.00280945 0.001432 -0.00159084 0.00152951 0.555163 0.000616698 0.371651 0.000628923 
6 1 73440000 7.64598 0.0110741 -4.2012 0.00538567 22.0711 0.0421106 781.25 2.32203 0.00280945 0.00142541 -0.00159084 0.00152951 0.555163 0.000616698 0.371651 0.000628923 
6 1 73800000 7.64598 0.0110188 -4.2012 0.00553345 22.0711 0.0428648 781.25 2.3647 0.00280945 0.00141829 -0.00159084 0.00152951 0.555163 0.000631118 0.371651 0.000644659 
6 1 74160000 7.64598 0.0109652 -4.2012 0.00553345 22.0711 0.0428648 781.25 2.3647 0.00280945 0.00141557 -0.00159084 0.00152951 0.555163 0.000631118 0.371651 0.000644659 
6 1 74520000 7.64598 0.0109136 -4.2012 0.00553345 22.0711 0.0428648 781.25 2.3647 0.00280945 0.00141083 -0.00159084 0.00152951 0.555163 0.000631118 0.371651 0.000644659 
6 1 74880000 7.64598 0.0108691 -4.2012 0.00553345 22.0711 0.0428648 781.25 2.3647 0.00280945 0.00140683 -0.00159084 0.00152951 0.555163 0.000631118 0.371651 0.000644659 
6 1 75240000 7.64598 0.0109279 -4.2012 0.00544204 22.0711 0.042112 781.25 2.32051 0.00280945 0.00140051 -0.00159084 0.00152951 0.555163 0.000619444 0.371651 0.000632592 
6 1 75600000 7.64598 0.0109279 -4.2012 0.00544204 22.0711 0.042112 781.25 2.32051 0.00280945 0.00139993 -0.00159084 0.00152951 0.555163 0.000619444 0.371651 0.000632592 
6 1 75960000 7.64598 0.0108747 -4.2012 0.00544204 22.0711 0.042112 781.25 2.32051 0.00280945 0.00139804 -0.00159084 0.00152951 0.555163 0.000619444 0.371651 0.000632592 
6 1 76320000 7.64598 0.0108231 -4.2012 0.00544204 22.0711 0.042112 781.25 2.32051 0.00280945 0.0013999 -0.00159084 0.00152951 0.555163 0.000619444 0.371651 0.000632592 
6 1 76680000 7.64598 0.0108097 -4.2012 0.00544204 22.0711 0.042112 781.25 2.32051 0.00280945 0.0013949 -0.00159084 0.00152951 0.555163 0.000619444 0.371651 0.000632592 
6 1 77040000 7.65069 0.0107684 -4.19992 0.00533944 22.0596 0.0416046 780.57 2.30677 0.00246314 0.00139607 -0.0016672 0.00152951 0.555031 0.000607563 0.371483 0.000621032 
6 1 77400000 7.65069 0.0107183 -4.19992 0.00533944 22.0596 0.0416046 780.57 2.30677 0.00246314 0.00139088 -0.0016672 0.00152951 0.555031 0.000607563 0.371483 0.000621032 
6 1 77760000 7.65069 0.0107515 -4.19992 0.00533944 22.0596 0.0416046 780.57 2.30677 0.00246314 0.00138699 -0.0016672 0.00152951 0.555031 0.000607563 0.371483 0.000621032 
6 1 78120000 7.65069 0.0107897 -4.19992 0.00533944 22.0596 0.0416046 780.57 2.30677 0.00246314 0.00138411 -0.0016672 0.00152951 0.555031 0.000607563 0.371483 0.000621032 
6 1 78480000 7.65069 0.01074 -4.19992 0.00530489 22.0596 0.0417494 780.57 2.32818 0.00246314 0.00138019 -0.0016672 0.00152951 0.555031 0.000604759 0.371483 0.000622938 
6 1 78840000 7.65069 0.0107004 -4.19992 0.00530489 22.0596 0.0417494 780.57 2.32818 0.00246314 0.00138117 -0.0016672 0.00152951 0.555031 0.000604759 0.371483 0.000622938 
6 1 79200000 7.65069 0.0106505 -4.19992 0.00530489 22.0596 0.0417494 780.57 2.32818 0.00246314 0.00137943 -0.0016672 0.00152951 0.555031 0.000604759 0.371483 0.000622938 
6 1 79560000 7.65069 0.010644 -4.19992 0.00530489 22.0596 0.0417494 780.57 2.32818 0.00246314 0.00138271 -0.0016672 0.00152951 0.555031 0.000604759 0.371483 0.000622938 
6 1 79920000 7.65069 0.0106509 -4.19992 0.00521545 22.0596 0.0411339 780.57 2.29473 0.00246314 0.00138061 -0.0016672 0.00152951 0.555031 0.000599511 0.371483 0.000616193 
6 1 80280000 7.65069 0.0107264 -4.19992 0.00521545 22.0596 0.0411339 780.57 2.29473 0.00246314 0.00137776 -0.0016672 0.00152951 0.555031 0.000599511 0.371483 0.000616193 
6 1 80640000 7.65069 0.0108123 -4.19992 0.00521545 22.0596 0.0411339 780.57 2.29473 0.00246314 0.00137149 -0.0016672 0.00152951 0.555031 0.000599511 0.371483 0.000616193 
6 1 81000000 7.65069 0.0107754 -4.19992 0.00521545 22.0596 0.0411339 780.57 2.29473 0.00246314 0.00138304 -0.0016672 0.00152951 0.555031 0.000599511 0.371483 0.000616193 
6 1 81360000 7.65069 0.0107273 -4.19992 0.00512164 22.0596 0.0403871 780.57 2.25936 0.00246314 0.00137855 -0.0016672 0.00152951 0.555031 0.000602132 0.371483 0.000612198 
6 1 81720000 7.65069 0.0106946 -4.19992 0.00512164 22.0596 0.0403871 780.57 2.25936 0.00246314 0.00137275 -0.0016672 0.00152951 0.555031 0.000602132 0.371483 0.000612198 
6 1 82080000 7.65069 0.0106561 -4.19992 0.00512164 22.0596 0.0403871 780.57 2.25936 0.00246314 0.00136663 -0.0016672 0.00152951 0.555031 0.000602132 0.371483 0.000612198 
6 1 82440000 7.65069 0.0106538 -4.19992 0.00512164 22.0596 0.0403871 780.57 2.25936 0.00246314 0.00136248 -0.0016672 0.00152951 0.555031 0.000602132 0.371483 0.000612198 
6 1 82800000 7.65226 0.0106083 -4.2001 0.00514176 22.0623 0.040895 780.612 2.28531 0.00213752 0.00135973 -0.00161172 0.00141189 0.555207 0.000607382 0.371632 0.00062031 
6 1 83160000 7.65226 0.0105687 -4.2001 0.00514176 22.0623 0.040895 780.612 2.28531 0.00213752 0.00135447 -0.00161172 0.00141189 0.555207 0.000607382 0.371632 0.00062031 
6 1 83520000 7.65226 0.0105271 -4.2001 0.00514176 22.0623 0.040895 780.612 2.28531 0.00213752 0.00134849 -0.00161172 0.001425 0.555207 0.000607382 0.371632 0.00062031 
6 1 83880000 7.65226 0.0104807 -4.2001 0.00514176 22.0623 0.040895 780.612 2.28531 0.00213752 0.00134329 -0.00161172 0.001425 0.555207 0.000607382 0.371632 0.00062031 
6 1 84240000 7.65226 0.0105355 -4.2001 0.00508225 22.0623 0.0404212 780.612 2.24979 0.00213752 0.00134392 -0.00161172 0.00141259 0.555207 0.000600358 0.371632 0.000613416 
6 1 84600000 7.65226 0.0106222 -4.2001 0.00508225 22.0623 0.0404212 780.612 2.24979 0.00213752 0.00135264 -0.00161172 0.00141259 0.555207 0.000600358 0.371632 0.000613416 
6 1 84960000 7.65226 0.0105936 -4.2001 0.00508225 22.0623 0.0404212 780.612 2.24979 0.00213752 0.00134681 -0.00161172 0.00140739 0.555207 0.000600358 0.371632 0.000613416 
6 1 85320000 7.65226 0.0107005 -4.2001 0.00508225 22.0623 0.0404212 780.612 2.24979 0.00213752 0.00134126 -0.00161172 0.00140739 0.555207 0.000600358 0.371632 0.000613416 
6 1 85680000 7.65226 0.0107956 -4.2001 0.00502849 22.0623 0.0399964 780.612 2.22825 0.00213752 0.0013398 -0.00161172 0.00140001 0.555207 0.000590018 0.371632 0.000602851 
6 1 86040000 7.65226 0.0107956 -4.2001 0.00502849 22.0623 0.0399964 780.612 2.22825 0.00213752 0.00133648 -0.00161172 0.00140001 0.555207 0.000590018 0.371632 0.000602851 
6 1 86400000 7.65226 0.0107956 -4.2001 0.00502849 22.0623 0.0399964 780.612 2.22825 0.00213752 0.0013388 -0.00161172 0.00139078 0.555207 0.000590018 0.371632 0.000602851 
6 1 86760000 7.65226 0.0107956 -4.2001 0.00502849 22.0623 0.0399964 780.612 2.22825 0.00213752 0.00133683 -0.00161172 0.00139078 0.555207 0.000590018 0.371632 0.000602851 
6 1 87120000 7.65226 0.0106206 -4.2001 0.00494431 22.0623 0.0393368 780.612 2.19251 0.00213752 0.00133366 -0.00161172 0.00138038 0.555207 0.000580164 0.371632 0.000592639 
6 1 87480000 7.65226 0.0106206 -4.2001 0.00494431 22.0623 0.0393368 780.612 2.19251 0.00213752 0.00132951 -0.00161172 0.00138038 0.555207 0.000580164 0.371632 0.000592639 
6 1 87840000 7.65226 0.0106206 -4.2001 0.00494431 22.0623 0.0393368 780.612 2.19251 0.00213752 0.00132986 -0.00161172 0.00136933 0.555207 0.000580164 0.371632 0.000592639 
6 1 88200000 7.65226 0.0106206 -4.2001 0.00494431 22.0623 0.0393368 780.612 2.19251 0.00213752 0.00132465 -0.00161172 0.00136933 0.555207 0.000580164 0.371632 0.000592639 
6 1 88560000 7.64998 0.010445 -4.1996 0.00490157 22.0596 0.0388978 780.655 2.16383 0.00160672 0.00132454 -0.00167377 0.00137038 0.555076 0.000573071 0.37151 0.000584905 
6 1 88920000 7.64998 0.010445 -4.1996 0.00490157 22.0596 0.0388978 780.655 2.16383 0.00160672 0.00131971 -0.00167377 0.00137038 0.555076 0.000573071 0.37151 0.000584905 
6 1 89280000 7.64998 0.010445 -4.1996 0.00490157 22.0596 0.0388978 780.655 2.16383 0.00160672 0.00132307 -0.00167377 0.00135921 0.555076 0.000573071 0.37151 0.000584905 
6 1 89640000 7.64998 0.010445 -4.1996 0.00490157 22.0596 0.0388978 780.655 2.16383 0.00160672 0.00131794 -0.00167377 0.00135921 0.555076 0.000573071 0.37151 0.000584905 
6 1 90000000 7.64998 0.0102874 -4.1996 0.00482541 22.0596 0.038318 780.655 2.13152 0.00160672 0.00131308 -0.00167377 0.00134809 0.555076 0.000563723 0.37151 0.00057544 
6 1 90360000 7.64998 0.0102874 -4.1996 0.00482541 22.0596 0.038318 780.655 2.13152 0.00160672 0.00131145 -0.00167377 0.00134809 0.555076 0.000563723 0.37151 0.00057544 
6 1 90720000 7.64998 0.0102874 -4.1996 0.00482541 22.0596 0.038318 780.655 2.13152 0.00160672 0.00131014 -0.00167377 0.00134809 0.555076 0.000563723 0.37151 0.00057544 
6 1 91080000 7.64998 0.0102874 -4.1996 0.00482541 22.0596 0.038318 780.655 2.13152 0.00160672 0.00131378 -0.00167377 0.00133907 0.555076 0.000563723 0.37151 0.00057544 
6 1 91440000 7.64998 0.0102874 -4.1996 0.00482541 22.0596 0.038318 780.655 2.13152 0.00160672 0.00131497 -0.00167377 0.00133907 0.555076 0.000563723 0.37151 0.00057544 
6 1 91800000 7.64998 0.0101893 -4.1996 0.00474799 22.0596 0.0377652 780.655 2.11759 0.00160672 0.00131284 -0.00167377 0.00133547 0.555076 0.000554827 0.37151 0.000567024 
6 1 92160000 7.64998 0.0101893 -4.1996 0.00474799 22.0596 0.0377652 780.655 2.11759 0.00160672 0.00130925 -0.00167377 0.00133547 0.555076 0.000554827 0.37151 0.000567024 
6 1 92520000 7.64998 0.0101893 -4.1996 0.00474799 22.0596 0.0377652 780.655 2.11759 0.00160672 0.00130865 -0.00167377 0.00132601 0.555076 0.000554827 0.37151 0.000567024 
6 1 92880000 7.64998 0.0101893 -4.1996 0.00474799 22.0596 0.0377652 780.655 2.11759 0.00160672 0.00130399 -0.00167377 0.00132601 0.555076 0.000554827 0.37151 0.000567024 
6 1 93240000 7.64998 0.0101474 -4.1996 0.00467346 22.0596 0.0371744 780.655 2.08554 0.00160672 0.00130091 -0.00167377 0.00131549 0.555076 0.000546068 0.37151 0.000558216 
6 1 93600000 7.64998 0.0101474 -4.1996 0.00467346 22.0596 0.0371744 780.655 2.08554 0.00160672 0.00129815 -0.00167377 0.00131549 0.555076 0.000546068 0.37151 0.000558216 
6 1 93960000 7.64998 0.0101474 -4.1996 0.00467346 22.0596 0.0371744 780.655 2.08554 0.00160672 0.00129317 -0.00167377 0.00131115 0.555076 0.000546068 0.37151 0.000558216 
6 1 94320000 7.64998 0.0101474 -4.1996 0.00467346 22.0596 0.0371744 780.655 2.08554 0.00160672 0.00128826 -0.00167377 0.00131115 0.555076 0.000546068 0.37151 0.000558216 
6 1 94680000 7.65073 0.0100057 -4.20101 0.00471946 22.0729 0.0378537 781.459 2.10561 0.00196033 0.00128327 -0.00179441 0.0012984 0.555253 0.000561 0.371685 0.000574878 
6 1 95040000 7.65073 0.00999033 -4.20101 0.00471946 22.0729 0.0378537 781.459 2.10561 0.00196033 0.0012834 -0.00179441 0.0012984 0.555253 0.000561 0.371685 0.000574878 
6 1 95400000 7.65073 0.00999033 -4.20101 0.00471946 22.0729 0.0378537 781.459 2.10561 0.00196033 0.0012788 -0.00179441 0.00128923 0.555253 0.000561 0.371685 0.000574878 
6 1 95760000 7.65073 0.00999033 -4.20101 0.00471946 22.0729 0.0378537 781.459 2.10561 0.00196033 0.0012792 -0.00179441 0.00128923 0.555253 0.000561 0.371685 0.000574878 
6 1 96120000 7.65073 0.00993791 -4.20101 0.00464708 22.0729 0.0372845 781.459 2.07398 0.00196033 0.00127438 -0.00179441 0.00127998 0.555253 0.000555611 0.371685 0.000572125 
6 1 96480000 7.65073 0.00990516 -4.20101 0.00464708 22.0729 0.0372845 781.459 2.07398 0.00196033 0.00128736 -0.00179441 0.00127998 0.555253 0.000555611 0.371685 0.000572125 
6 1 96840000 7.65073 0.00988974 -4.20101 0.00464708 22.0729 0.0372845 781.459 2.07398 0.00196033 0.001288 -0.00179441 0.00127172 0.555253 0.000555611 0.371685 0.000572125 
6 1 97200000 7.65073 0.00988974 -4.20101 0.00464708 22.0729 0.0372845 781.459 2.07398 0.00196033 0.00128462 -0.00179441 0.00127172 0.555253 0.000555611 0.371685 0.000572125 
6 1 97560000 7.65073 0.00982317 -4.20101 0.0046032 22.0729 0.0368677 781.459 2.04963 0.00196033 0.00128284 -0.00179441 0.00126404 0.555253 0.000551755 0.371685 0.000567643 
6 1 97920000 7.65073 0.00984839 -4.20101 0.0046032 22.0729 0.0368677 781.459 2.04963 0.00196033 0.00128431 -0.00179441 0.00126235 0.555253 0.000551755 0.371685 0.000567643 
6 1 98280000 7.65073 0.00986986 -4.20101 0.0046032 22.0729 0.0368677 781.459 2.04963 0.00196033 0.00127949 -0.00179441 0.00125653 0.555253 0.000551755 0.371685 0.000567643 
6 1 98640000 7.65073 0.00985732 -4.20101 0.0046032 22.0729 0.0368677 781.459 2.04963 0.00196033 0.00127546 -0.00179441 0.00125399 0.555253 0.000551755 0.371685 0.000567643 
6 1 99000000 7.65073 0.0100997 -4.20101 0.00454373 22.0729 0.0363411 781.459 2.01925 0.00196033 0.00127724 -0.00179441 0.0012508 0.555253 0.00055169 0.371685 0.000569453 
6 1 99360000 7.65073 0.0100997 -4.20101 0.00454373 22.0729 0.0363411 781.459 2.01925 0.00196033 0.00127272 -0.00179441 0.0012508 0.555253 0.00055169 0.371685 0.000569453 
6 1 99720000 7.65073 0.0100997 -4.20101 0.00454373 22.0729 0.0363411 781.459 2.01925 0.00196033 0.00126985 -0.00179441 0.00125526 0.555253 0.00055169 0.371685 0.000569453 
