L J MC_steps R2 R2_std E E_std E2 E2_std E4 E4_std Sin1 Sin1_std Cos1 Cos1_std Mag2 Mag2_std Mag4 Mag4_std
6 1.25 360000 6.79464 0.173945 -5.15714 0.0692594 29.9923 0.632304 1208.84 44.9312 -0.0538699 0.0361595 0.00461546 0.0294966 0.664292 0.00809426 0.486783 0.00958166 
6 1.25 720000 6.66295 0.118115 -5.18679 0.0595348 30.2487 0.55022 1227.01 38.5847 -0.0469432 0.0236863 -0.00218189 0.023164 0.665515 0.00722494 0.48849 0.00838631 
6 1.25 1080000 6.66051 0.0931472 -5.15614 0.0407706 29.9406 0.378366 1207.8 26.2434 -0.0334949 0.021465 0.0145111 0.0173009 0.65826 0.00551913 0.480888 0.00620179 
6 1.25 1440000 6.61667 0.0796959 -5.15983 0.0344536 30.0817 0.312069 1224.56 21.6613 -0.0212152 0.0167339 0.00598088 0.0162495 0.659244 0.00443067 0.482927 0.0049313 
6 1.25 1800000 6.65378 0.0685131 -5.16599 0.029762 30.145 0.270279 1228.08 18.426 -0.0110905 0.01612 0.0101342 0.0132125 0.660708 0.00397245 0.484916 0.00443168 
6 1.25 2160000 6.65412 0.0619335 -5.17455 0.0269009 30.2049 0.24422 1231.96 16.1572 -0.00883325 0.0144345 0.00964762 0.0116477 0.660941 0.00343477 0.484923 0.00384827 
6 1.25 2520000 6.62079 0.0581819 -5.17648 0.0249618 30.2647 0.229275 1237.14 15.4567 -0.012629 0.0123014 0.00395188 0.0109925 0.660428 0.00318144 0.484968 0.00361435 
6 1.25 2880000 6.59583 0.0640426 -5.1847 0.0227161 30.3785 0.210467 1247.07 14.4816 -0.00474926 0.0118657 0.00461016 0.0103183 0.661248 0.00286511 0.486353 0.00327645 
6 1.25 3240000 6.59191 0.0572019 -5.18701 0.0218784 30.4182 0.202414 1251.05 13.6732 -0.00390315 0.010643 0.00780278 0.00988215 0.66147 0.00254614 0.486578 0.00292905 
6 1.25 3600000 6.58758 0.0508478 -5.19964 0.0203606 30.5129 0.187969 1255.53 12.7353 -0.00134094 0.00973659 0.00906149 0.00924538 0.662603 0.00234852 0.487826 0.00269605 
6 1.25 3960000 6.58711 0.050014 -5.19225 0.0200953 30.4351 0.187523 1249.52 12.6831 -0.000228955 0.0100783 0.011675 0.00893874 0.66184 0.00234596 0.486936 0.00269467 
6 1.25 4320000 6.58949 0.050014 -5.1897 0.0192341 30.4143 0.181332 1248.05 12.3243 -0.00177625 0.0100783 0.0123853 0.00852651 0.661444 0.0021894 0.486551 0.00255207 
6 1.25 4680000 6.58854 0.0418963 -5.18947 0.0182505 30.4104 0.172478 1247.73 11.7387 -0.00304052 0.00878201 0.0105829 0.00812713 0.661401 0.00208539 0.486529 0.00242856 
6 1.25 5040000 6.57512 0.0416989 -5.1936 0.0172086 30.4429 0.162856 1249.62 11.1519 -0.00322862 0.00878201 0.00750388 0.00793276 0.661885 0.00194785 0.487097 0.00228158 
6 1.25 5400000 6.57115 0.0392015 -5.19503 0.0162379 30.4877 0.152898 1254.82 10.4817 -0.00342896 0.00753602 0.006198 0.00758833 0.661774 0.00187176 0.487155 0.002163 
6 1.25 5760000 6.55911 0.0392015 -5.19397 0.0155122 30.4733 0.146281 1252.92 10.0212 -0.00507004 0.00753602 0.00565873 0.00728371 0.661457 0.00181505 0.48667 0.00209986 
6 1.25 6120000 6.55566 0.0372344 -5.19399 0.0152593 30.4734 0.144127 1252.4 9.82298 -0.00589604 0.00698619 0.00591051 0.00713086 0.661357 0.00175769 0.486541 0.00204256 
6 1.25 6480000 6.55147 0.0372344 -5.19624 0.0146913 30.4989 0.138738 1254.68 9.44891 -0.00677382 0.00698619 0.00406791 0.00684665 0.661371 0.00169643 0.48664 0.001964 
6 1.25 6840000 6.53689 0.037532 -5.19859 0.0144649 30.5223 0.137294 1256.29 9.30816 -0.00493342 0.00646418 0.00371239 0.00662816 0.661194 0.00170014 0.486455 0.00195005 
6 1.25 7200000 6.54811 0.037532 -5.19642 0.0141782 30.5002 0.13509 1255.06 9.1713 -0.00351746 0.0062778 0.00348434 0.0064413 0.661273 0.00168969 0.486523 0.00196192 
6 1.25 7560000 6.55625 0.0384481 -5.19807 0.0140607 30.514 0.13299 1255.59 8.97786 -0.00475208 0.00612625 0.00404801 0.00628586 0.661662 0.0016562 0.487037 0.00193076 
6 1.25 7920000 6.55625 0.0384481 -5.19807 0.0134595 30.514 0.128455 1255.59 8.76644 -0.00475208 0.00597007 0.00404801 0.00619019 0.661662 0.00158885 0.487037 0.00184675 
6 1.25 8280000 6.56587 0.0361371 -5.19879 0.0130185 30.5225 0.124852 1256.69 8.51795 -0.00548706 0.00584659 0.00661157 0.00604123 0.661886 0.00154051 0.487246 0.00179341 
6 1.25 8640000 6.56587 0.0361371 -5.19879 0.0126541 30.5225 0.121071 1256.69 8.26122 -0.00548706 0.0056988 0.00661157 0.00589643 0.661886 0.00149633 0.487246 0.00174077 
6 1.25 9000000 6.5542 0.0349606 -5.20063 0.0122221 30.5472 0.117513 1258.29 8.04887 -0.00594441 0.00565678 0.00368961 0.00575978 0.662153 0.00144843 0.487546 0.0016868 
6 1.25 9360000 6.5542 0.0349606 -5.20063 0.011831 30.5472 0.113897 1258.29 7.81361 -0.00594441 0.00559383 0.00368961 0.00563623 0.662153 0.00139649 0.487546 0.00162678 
6 1.25 9720000 6.55454 0.032273 -5.20111 0.0115711 30.5515 0.11187 1258.19 7.69949 -0.00478304 0.0055935 0.00221776 0.00553491 0.662071 0.00136907 0.487611 0.00159601 
6 1.25 10080000 6.55454 0.032273 -5.20111 0.0114962 30.5515 0.111045 1258.19 7.63407 -0.00478304 0.00554596 0.00221776 0.00541414 0.662071 0.00133372 0.487611 0.001555 
6 1.25 10440000 6.5625 0.0309345 -5.20222 0.0111892 30.558 0.107889 1258.46 7.41644 -0.00561077 0.00540951 0.00351655 0.00529914 0.66221 0.00129937 0.487765 0.00151498 
6 1.25 10800000 6.5625 0.0309345 -5.20222 0.0110575 30.558 0.106034 1258.46 7.28444 -0.00561077 0.00530197 0.00351655 0.00521504 0.66221 0.00129015 0.487765 0.00150286 
6 1.25 11160000 6.54154 0.0352672 -5.20715 0.0108861 30.6089 0.104718 1261.79 7.19165 -0.00513875 0.00524105 0.00308836 0.00514489 0.662575 0.00126901 0.488257 0.00147841 
6 1.25 11520000 6.54154 0.0352672 -5.20715 0.0106805 30.6089 0.102966 1261.79 7.06825 -0.00513875 0.0051564 0.00308836 0.00506548 0.662575 0.00124973 0.488257 0.00145539 
6 1.25 11880000 6.54578 0.0333169 -5.20636 0.0104471 30.6014 0.101012 1261.23 6.93653 -0.00137278 0.00525373 0.00387051 0.00496278 0.66253 0.00119653 0.488216 0.00140263 
6 1.25 12240000 6.54578 0.0333169 -5.20636 0.0103457 30.6014 0.100072 1261.23 6.8568 -0.00137278 0.00525373 0.00387051 0.00487672 0.66253 0.00117445 0.488216 0.00137884 
6 1.25 12600000 6.54745 0.0313991 -5.20261 0.0101325 30.5691 0.0980538 1259.76 6.73727 -0.00225694 0.00501853 0.00429684 0.00478322 0.661942 0.00116553 0.487504 0.0013792 
6 1.25 12960000 6.54745 0.0313991 -5.20261 0.0100077 30.5691 0.0969446 1259.76 6.67543 -0.00225694 0.00501853 0.00429684 0.00473961 0.661942 0.00115894 0.487504 0.00137266 
6 1.25 13320000 6.55154 0.02992 -5.20749 0.00989822 30.6051 0.0957797 1261.46 6.60266 -0.0012083 0.00484805 0.00322532 0.00467866 0.66225 0.00115149 0.487838 0.00137003 
6 1.25 13680000 6.55154 0.02992 -5.20749 0.00969485 30.6051 0.0937238 1261.46 6.46626 -0.0012083 0.00484805 0.00322532 0.00467052 0.66225 0.00112349 0.487838 0.00133875 
6 1.25 14040000 6.55154 0.02992 -5.20749 0.00964547 30.6051 0.0930924 1261.46 6.44771 -0.0012083 0.00484805 0.00322532 0.00461347 0.66225 0.0011214 0.487838 0.00133004 
6 1.25 14400000 6.55191 0.0283476 -5.2073 0.00965358 30.599 0.0936323 1260.79 6.49274 -0.000220844 0.00469237 0.00212552 0.00454111 0.662277 0.00112381 0.487808 0.00132858 
6 1.25 14760000 6.55191 0.0283476 -5.2073 0.00947543 30.599 0.0922655 1260.79 6.41088 -0.000220844 0.00469237 0.00212552 0.00451472 0.662277 0.00110346 0.487808 0.00130544 
6 1.25 15120000 6.56123 0.0284206 -5.20665 0.00941037 30.5935 0.0910413 1260.36 6.32318 0.000713474 0.00454982 0.000815637 0.00447036 0.662168 0.00111002 0.48774 0.00131766 
6 1.25 15480000 6.56123 0.0284206 -5.20665 0.00929555 30.5935 0.0901859 1260.36 6.23954 0.000713474 0.00454982 0.000815637 0.00439852 0.662168 0.00108644 0.48774 0.00129177 
6 1.25 15840000 6.56123 0.0270904 -5.20665 0.00913585 30.5935 0.0885759 1260.36 6.13029 0.000713474 0.00445575 0.000815637 0.00434764 0.662168 0.00106614 0.48774 0.00126652 
6 1.25 16200000 6.56123 0.0270904 -5.20665 0.00903229 30.5935 0.0876567 1260.36 6.06713 0.000713474 0.0043865 0.000815637 0.00428886 0.662168 0.00105019 0.48774 0.00124634 
6 1.25 16560000 6.55735 0.0259963 -5.20896 0.00889 30.6219 0.0861804 1262.11 5.96523 -0.000204828 0.00432965 0.00144583 0.00424005 0.662729 0.00103176 0.488409 0.0012228 
6 1.25 16920000 6.55735 0.0259963 -5.20896 0.00880161 30.6219 0.0852346 1262.11 5.89006 -0.000204828 0.0043069 0.00144583 0.00420253 0.662729 0.00101942 0.488409 0.00120413 
6 1.25 17280000 6.55735 0.0251375 -5.20896 0.00880542 30.6219 0.085123 1262.11 5.87317 -0.000204828 0.00426632 0.00144583 0.00414666 0.662729 0.00100836 0.488409 0.00118813 
6 1.25 17640000 6.55735 0.0251375 -5.20896 0.00872233 30.6219 0.0844466 1262.11 5.82703 -0.000204828 0.00423258 0.00144583 0.00408527 0.662729 0.000995341 0.488409 0.00117549 
6 1.25 18000000 6.55859 0.0245844 -5.20868 0.0086197 30.6178 0.0834054 1261.9 5.75075 0.0010655 0.00417385 0.00118686 0.00405991 0.662633 0.000988991 0.488273 0.00116513 
6 1.25 18360000 6.55859 0.0245844 -5.20868 0.00850934 30.6178 0.0821905 1261.9 5.66207 0.0010655 0.00414352 0.00118686 0.00400818 0.662633 0.000983476 0.488273 0.00115792 
6 1.25 18720000 6.55859 0.0239736 -5.20868 0.00843534 30.6178 0.081223 1261.9 5.58683 0.0010655 0.00409351 0.00118686 0.00396538 0.662633 0.000969407 0.488273 0.00114054 
6 1.25 19080000 6.55859 0.0239736 -5.20868 0.00836276 30.6178 0.0807485 1261.9 5.55554 0.0010655 0.00404804 0.00118686 0.00394279 0.662633 0.000962963 0.488273 0.00113889 
6 1.25 19440000 6.55469 0.0230547 -5.20843 0.00826148 30.6146 0.0794816 1261.68 5.45953 -0.000148037 0.00401433 0.00170955 0.00390562 0.662674 0.00094941 0.488321 0.00112284 
6 1.25 19800000 6.55469 0.0230547 -5.20843 0.00815753 30.6146 0.0784591 1261.68 5.38616 -0.000148037 0.00399132 0.00170955 0.00389234 0.662674 0.000940375 0.488321 0.00111115 
6 1.25 20160000 6.55469 0.0225415 -5.20843 0.00803908 30.6146 0.0776031 1261.68 5.3467 -0.000148037 0.0039624 0.00170955 0.00385848 0.662674 0.000929491 0.488321 0.00110055 
6 1.25 20520000 6.55469 0.0225415 -5.20843 0.0079406 30.6146 0.0766054 1261.68 5.27508 -0.000148037 0.00391444 0.00170955 0.00383011 0.662674 0.000921019 0.488321 0.00108847 
6 1.25 20880000 6.55029 0.0217403 -5.20887 0.00789411 30.6206 0.0759367 1261.89 5.21532 0.000145389 0.00387996 0.00326827 0.00380533 0.662663 0.000921306 0.48834 0.00108676 
6 1.25 21240000 6.55029 0.0217403 -5.20887 0.00779188 30.6206 0.0752576 1261.89 5.17975 0.000145389 0.00386224 0.00326827 0.00375756 0.662663 0.000909898 0.48834 0.00107228 
6 1.25 21600000 6.55029 0.021005 -5.20887 0.00771179 30.6206 0.0743925 1261.89 5.11943 0.000145389 0.00381735 0.00326827 0.00372535 0.662663 0.000902704 0.48834 0.00106197 
6 1.25 21960000 6.55029 0.021005 -5.20887 0.00762775 30.6206 0.0736034 1261.89 5.06748 0.000145389 0.0037709 0.00326827 0.00371996 0.662663 0.000889913 0.48834 0.0010475 
6 1.25 22320000 6.55078 0.0203438 -5.20957 0.00754812 30.6312 0.073046 1263.02 5.03741 -0.000339101 0.00376959 0.00298187 0.00368248 0.662768 0.000880762 0.488509 0.00103516 
6 1.25 22680000 6.55078 0.0203438 -5.20957 0.00747512 30.6312 0.0724372 1263.02 5.00912 -0.000339101 0.00373016 0.00298187 0.00365833 0.662768 0.000871811 0.488509 0.00102521 
6 1.25 23040000 6.55078 0.0196973 -5.20957 0.00743607 30.6312 0.0722402 1263.02 4.99346 -0.000339101 0.0036959 0.00298187 0.00364034 0.662768 0.000867479 0.488509 0.00102238 
6 1.25 23400000 6.55078 0.0196973 -5.20957 0.00742866 30.6312 0.0723072 1263.02 5.00762 -0.000339101 0.00365131 0.00298187 0.00355277 0.662768 0.00086516 0.488509 0.00102201 
6 1.25 23760000 6.54895 0.0192349 -5.20958 0.00735444 30.6378 0.0716253 1263.8 4.9617 -0.000926763 0.00364428 0.00398148 0.00351419 0.6628 0.000852416 0.488674 0.00100658 
6 1.25 24120000 6.54895 0.0192349 -5.20958 0.00733241 30.6378 0.071408 1263.8 4.94305 -0.000926763 0.00360398 0.00398148 0.00346477 0.6628 0.000848661 0.488674 0.00100075 
6 1.25 24480000 6.54895 0.0191834 -5.20958 0.00727669 30.6378 0.0709405 1263.8 4.92187 -0.000926763 0.00358796 0.00398148 0.00351977 0.6628 0.000843357 0.488674 0.000995677 
6 1.25 24840000 6.54895 0.0191834 -5.20958 0.00724497 30.6378 0.0705765 1263.8 4.89074 -0.000926763 0.00358966 0.00398148 0.00348605 0.6628 0.000840033 0.488674 0.000990872 
6 1.25 25200000 6.5536 0.0186194 -5.2076 0.00727587 30.6188 0.0705285 1262.77 4.86222 -0.00215829 0.00355738 0.00337381 0.00348631 0.662699 0.000836997 0.488586 0.000984966 
6 1.25 25560000 6.5536 0.0186194 -5.2076 0.00724992 30.6188 0.0701437 1262.77 4.82542 -0.00215829 0.00353055 0.00337381 0.0034884 0.662699 0.000831174 0.488586 0.000977777 
6 1.25 25920000 6.5536 0.0189631 -5.2076 0.00725673 30.6188 0.0701277 1262.77 4.80812 -0.00215829 0.0034991 0.00337381 0.00344433 0.662699 0.000830781 0.488586 0.000972166 
6 1.25 26280000 6.5536 0.0189631 -5.2076 0.00719252 30.6188 0.0695393 1262.77 4.77024 -0.00215829 0.00346298 0.00337381 0.0034227 0.662699 0.000825671 0.488586 0.000963734 
6 1.25 26640000 6.56049 0.0184692 -5.2044 0.00712031 30.5932 0.068874 1261.59 4.72705 -0.00288858 0.00343181 0.00255527 0.00339931 0.662344 0.000815899 0.488233 0.000952832 
6 1.25 27000000 6.56049 0.0184692 -5.2044 0.00714303 30.5932 0.0691482 1261.59 4.74841 -0.00288858 0.0034105 0.00255527 0.0033557 0.662344 0.000816641 0.488233 0.000954057 
6 1.25 27360000 6.56049 0.0180621 -5.2044 0.00710051 30.5932 0.0686211 1261.59 4.70775 -0.00288858 0.00339354 0.00255527 0.0033174 0.662344 0.000813588 0.488233 0.000948746 
6 1.25 27720000 6.56049 0.0180621 -5.2044 0.00706238 30.5932 0.0680697 1261.59 4.65969 -0.00288858 0.00339916 0.00255527 0.00327556 0.662344 0.000811176 0.488233 0.000943621 
6 1.25 28080000 6.55834 0.0175894 -5.20496 0.00698272 30.6034 0.0672962 1262.75 4.60771 -0.00143447 0.00336775 0.00242477 0.0032457 0.662348 0.000803782 0.488253 0.000935232 
6 1.25 28440000 6.55834 0.0175894 -5.20496 0.00693677 30.6034 0.0668719 1262.75 4.57786 -0.00143447 0.00335864 0.00242477 0.00320734 0.662348 0.000798511 0.488253 0.000929217 
6 1.25 28800000 6.55834 0.0171725 -5.20496 0.00690276 30.6034 0.0664946 1262.75 4.5463 -0.00143447 0.00334269 0.00242477 0.00316735 0.662348 0.000794424 0.488253 0.000924327 
6 1.25 29160000 6.55834 0.0171725 -5.20496 0.00686265 30.6034 0.066062 1262.75 4.51497 -0.00143447 0.00331224 0.00242477 0.00314283 0.662348 0.000787275 0.488253 0.000915791 
6 1.25 29520000 6.55834 0.0171725 -5.20496 0.00682688 30.6034 0.0657974 1262.75 4.50294 -0.00143447 0.00328267 0.00242477 0.00311681 0.662348 0.000782345 0.488253 0.000910635 
6 1.25 29880000 6.55898 0.0168314 -5.20465 0.00675666 30.5988 0.0651564 1262.17 4.46124 -0.000997491 0.00327159 0.00242847 0.00311658 0.662204 0.000773776 0.488082 0.000900603 
6 1.25 30240000 6.55898 0.0168314 -5.20465 0.00670048 30.5988 0.0646223 1262.17 4.42607 -0.000997491 0.00324551 0.00242847 0.00308293 0.662204 0.000767074 0.488082 0.00089275 
6 1.25 30600000 6.55898 0.0166879 -5.20465 0.00663625 30.5988 0.0640134 1262.17 4.38942 -0.000997491 0.00322972 0.00242847 0.00309294 0.662204 0.000760729 0.488082 0.000886244 
6 1.25 30960000 6.55898 0.0166879 -5.20465 0.00660367 30.5988 0.0637773 1262.17 4.37149 -0.000997491 0.00322972 0.00242847 0.00306215 0.662204 0.000757541 0.488082 0.000885136 
6 1.25 31320000 6.55898 0.0163974 -5.20465 0.00656098 30.5988 0.0633413 1262.17 4.33827 -0.000997491 0.00322972 0.00242847 0.00306143 0.662204 0.000752481 0.488082 0.000880209 
6 1.25 31680000 6.55898 0.0163974 -5.20465 0.00650717 30.5988 0.0627681 1262.17 4.29466 -0.000997491 0.00322972 0.00242847 0.00305759 0.662204 0.000746403 0.488082 0.000872645 
6 1.25 32040000 6.55898 0.0160776 -5.20465 0.00646724 30.5988 0.0623784 1262.17 4.26815 -0.000997491 0.00322972 0.00242847 0.00303106 0.662204 0.000739191 0.488082 0.000864437 
6 1.25 32400000 6.55898 0.0160776 -5.20465 0.00642587 30.5988 0.0619993 1262.17 4.23954 -0.000997491 0.00322972 0.00242847 0.00300252 0.662204 0.000735377 0.488082 0.00086025 
6 1.25 32760000 6.55296 0.0159129 -5.20342 0.00638406 30.587 0.0616223 1261.3 4.22046 -0.00194072 0.00312488 0.000494003 0.00298836 0.662026 0.000730087 0.487844 0.000854443 
6 1.25 33120000 6.55296 0.0159129 -5.20342 0.00634813 30.587 0.0612433 1261.3 4.19077 -0.00194072 0.00310394 0.000494003 0.00296817 0.662026 0.000724998 0.487844 0.000848151 
6 1.25 33480000 6.55296 0.0157431 -5.20342 0.00629679 30.587 0.0607411 1261.3 4.15889 -0.00194072 0.00307344 0.000494003 0.00301126 0.662026 0.000720815 0.487844 0.000841448 
6 1.25 33840000 6.55296 0.0157431 -5.20342 0.00624485 30.587 0.0601874 1261.3 4.11966 -0.00194072 0.00307075 0.000494003 0.00300696 0.662026 0.000716101 0.487844 0.000835634 
6 1.25 34200000 6.55296 0.0156585 -5.20342 0.00619931 30.587 0.059805 1261.3 4.09234 -0.00194072 0.00307075 0.000494003 0.00299728 0.662026 0.000710302 0.487844 0.00082947 
6 1.25 34560000 6.55296 0.0156585 -5.20342 0.00616137 30.587 0.0594716 1261.3 4.06837 -0.00194072 0.00307075 0.000494003 0.00299228 0.662026 0.000706548 0.487844 0.000825232 
6 1.25 34920000 6.55296 0.0155154 -5.20342 0.00611228 30.587 0.0591561 1261.3 4.0556 -0.00194072 0.00307075 0.000494003 0.00299228 0.662026 0.000701949 0.487844 0.000821169 
6 1.25 35280000 6.55296 0.0155154 -5.20342 0.00608117 30.587 0.0589555 1261.3 4.04436 -0.00194072 0.00307075 0.000494003 0.00299228 0.662026 0.000698561 0.487844 0.000818222 
6 1.25 35640000 6.5448 0.0169534 -5.20426 0.00606433 30.5965 0.058743 1262.2 4.0259 -0.000482257 0.00314218 -0.00215076 0.00478008 0.662019 0.000698918 0.487893 0.000817801 
6 1.25 36000000 6.5448 0.0169534 -5.20426 0.0060234 30.5965 0.0583714 1262.2 4.00047 -0.000482257 0.00314218 -0.00215076 0.00478008 0.662019 0.000694219 0.487893 0.000811737 
6 1.25 36360000 6.5448 0.0169534 -5.20426 0.00599238 30.5965 0.058072 1262.2 3.97967 -0.000482257 0.00314218 -0.00215076 0.00478008 0.662019 0.000689507 0.487893 0.000807146 
6 1.25 36720000 6.5448 0.0169534 -5.20426 0.0059479 30.5965 0.0576122 1262.2 3.94849 -0.000482257 0.00314218 -0.00215076 0.00478008 0.662019 0.000685251 0.487893 0.000802055 
6 1.25 37080000 6.5448 0.0169534 -5.20426 0.00594211 30.5965 0.0575632 1262.2 3.94182 -0.000482257 0.00314218 -0.00215076 0.00478008 0.662019 0.000682701 0.487893 0.000799083 
6 1.25 37440000 6.5448 0.0169534 -5.20426 0.00590285 30.5965 0.057192 1262.2 3.91681 -0.000482257 0.00314218 -0.00215076 0.00478008 0.662019 0.00067923 0.487893 0.000795565 
6 1.25 37800000 6.5448 0.0169534 -5.20426 0.00586725 30.5965 0.0568975 1262.2 3.90217 -0.000482257 0.00314218 -0.00215076 0.00478008 0.662019 0.000674531 0.487893 0.000789663 
6 1.25 38160000 6.5448 0.0169534 -5.20426 0.00584834 30.5965 0.0567243 1262.2 3.89145 -0.000482257 0.00314218 -0.00215076 0.00478008 0.662019 0.00067122 0.487893 0.00078595 
6 1.25 38520000 6.54992 0.0169534 -5.20401 0.00583565 30.601 0.0566907 1262.94 3.89905 -0.000375754 0.00290228 -0.00204873 0.00478008 0.662082 0.000668059 0.488042 0.000782841 
6 1.25 38880000 6.54992 0.0169534 -5.20401 0.00582425 30.601 0.0564629 1262.94 3.87853 -0.000375754 0.00290228 -0.00204873 0.00478008 0.662082 0.000667144 0.488042 0.000781129 
6 1.25 39240000 6.54992 0.0169534 -5.20401 0.00578156 30.601 0.0561159 1262.94 3.86673 -0.000375754 0.00290228 -0.00204873 0.00478008 0.662082 0.000663041 0.488042 0.000776581 
6 1.25 39600000 6.54992 0.0169534 -5.20401 0.00574375 30.601 0.0557714 1262.94 3.84593 -0.000375754 0.00290228 -0.00204873 0.00478008 0.662082 0.000658377 0.488042 0.00077249 
6 1.25 39960000 6.54992 0.0169534 -5.20401 0.00569755 30.601 0.0553371 1262.94 3.81839 -0.000375754 0.00290228 -0.00204873 0.00478008 0.662082 0.000653121 0.488042 0.000766303 
6 1.25 40320000 6.54992 0.0169534 -5.20401 0.00568313 30.601 0.0552099 1262.94 3.80613 -0.000375754 0.00290228 -0.00204873 0.00478008 0.662082 0.000653568 0.488042 0.000765738 
6 1.25 40680000 6.54992 0.0169534 -5.20401 0.00566974 30.601 0.0550637 1262.94 3.79242 -0.000375754 0.00290228 -0.00204873 0.00478008 0.662082 0.000652039 0.488042 0.000764061 
6 1.25 41040000 6.54992 0.0169534 -5.20401 0.00563513 30.601 0.0547198 1262.94 3.77074 -0.000375754 0.00290228 -0.00204873 0.00478008 0.662082 0.000648199 0.488042 0.000759454 
6 1.25 41400000 6.54667 0.0149291 -5.20288 0.00561729 30.5899 0.0545137 1262.05 3.75446 0.000299816 0.00277248 -0.00210482 0.00409743 0.661766 0.000646146 0.487642 0.000757407 
6 1.25 41760000 6.54667 0.0149291 -5.20288 0.00559433 30.5899 0.0542177 1262.05 3.73111 0.000299816 0.00277248 -0.00210482 0.00409743 0.661766 0.000643785 0.487642 0.000753582 
6 1.25 42120000 6.54667 0.0146703 -5.20288 0.00556866 30.5899 0.0540082 1262.05 3.72175 0.000299816 0.00277248 -0.00210482 0.00409743 0.661766 0.000641538 0.487642 0.000750709 
6 1.25 42480000 6.54667 0.0146703 -5.20288 0.00554986 30.5899 0.0538379 1262.05 3.71076 0.000299816 0.00277248 -0.00210482 0.00409743 0.661766 0.000639716 0.487642 0.000748004 
6 1.25 42840000 6.54667 0.0146703 -5.20288 0.0055153 30.5899 0.0534931 1262.05 3.68904 0.000299816 0.00277248 -0.00210482 0.00409743 0.661766 0.000635418 0.487642 0.000742869 
6 1.25 43200000 6.54667 0.0146703 -5.20288 0.0055094 30.5899 0.0533278 1262.05 3.67245 0.000299816 0.00277248 -0.00210482 0.00409743 0.661766 0.00063504 0.487642 0.000741454 
6 1.25 43560000 6.54667 0.0146338 -5.20288 0.00548285 30.5899 0.0530485 1262.05 3.65327 0.000299816 0.00277248 -0.00210482 0.00409743 0.661766 0.000632096 0.487642 0.000737791 
6 1.25 43920000 6.54667 0.0146338 -5.20288 0.00545572 30.5899 0.0527562 1262.05 3.62966 0.000299816 0.00277248 -0.00210482 0.00409743 0.661766 0.000629478 0.487642 0.000734768 
6 1.25 44280000 6.55098 0.0146338 -5.20163 0.00544508 30.5799 0.052637 1261.66 3.61789 0.000383078 0.00265296 -0.00234354 0.00409743 0.66153 0.000629011 0.487434 0.000734277 
6 1.25 44640000 6.55098 0.0146338 -5.20163 0.00544334 30.5799 0.0526343 1261.66 3.61513 0.000383078 0.00263872 -0.00234354 0.00409743 0.66153 0.000627284 0.487434 0.000732231 
6 1.25 45000000 6.55098 0.0146338 -5.20163 0.0054249 30.5799 0.0523546 1261.66 3.59196 0.000383078 0.00262556 -0.00234354 0.00409743 0.66153 0.000625011 0.487434 0.000728699 
6 1.25 45360000 6.55098 0.0146338 -5.20163 0.00539502 30.5799 0.0520531 1261.66 3.57293 0.000383078 0.00261585 -0.00234354 0.00409743 0.66153 0.000621855 0.487434 0.000725678 
6 1.25 45720000 6.55098 0.0146338 -5.20163 0.00536882 30.5799 0.0518592 1261.66 3.56404 0.000383078 0.00260455 -0.00234354 0.00409743 0.66153 0.000619408 0.487434 0.000723573 
6 1.25 46080000 6.55098 0.0146338 -5.20163 0.0053498 30.5799 0.0516524 1261.66 3.54949 0.000383078 0.00258953 -0.00234354 0.00409743 0.66153 0.00061733 0.487434 0.000720949 
6 1.25 46440000 6.55098 0.0146338 -5.20163 0.00524136 30.5799 0.0506138 1261.66 3.46312 0.000383078 0.0025889 -0.00234354 0.00409743 0.66153 0.000610702 0.487434 0.00071362 
6 1.25 46800000 6.55098 0.0146338 -5.20163 0.00520748 30.5799 0.0502911 1261.66 3.44138 0.000383078 0.0025889 -0.00234354 0.00409743 0.66153 0.000607372 0.487434 0.00071036 
6 1.25 47160000 6.55098 0.0146338 -5.20163 0.00518276 30.5799 0.0500782 1261.66 3.4292 0.000383078 0.0025889 -0.00234354 0.00409743 0.66153 0.000604616 0.487434 0.000706823 
6 1.25 47520000 6.54703 0.0140545 -5.20176 0.0052175 30.5801 0.0502408 1261.59 3.43065 -6.9554e-05 0.00246634 -0.00127654 0.00366801 0.661537 0.000611322 0.487389 0.000711297 
6 1.25 47880000 6.54703 0.0140545 -5.20176 0.00521463 30.5801 0.050158 1261.59 3.42448 -6.9554e-05 0.00246634 -0.00127654 0.00366801 0.661537 0.000610421 0.487389 0.000710243 
6 1.25 48240000 6.54703 0.0138513 -5.20176 0.00522551 30.5801 0.0503105 1261.59 3.43694 -6.9554e-05 0.00246634 -0.00127654 0.00366801 0.661537 0.000609901 0.487389 0.000710412 
6 1.25 48600000 6.54703 0.0138513 -5.20176 0.00520039 30.5801 0.0500323 1261.59 3.41767 -6.9554e-05 0.00246634 -0.00127654 0.00366801 0.661537 0.000607977 0.487389 0.000707767 
6 1.25 48960000 6.54703 0.0136631 -5.20176 0.0052027 30.5801 0.0498936 1261.59 3.39776 -6.9554e-05 0.00246634 -0.00127654 0.00366801 0.661537 0.000610547 0.487389 0.000709042 
6 1.25 49320000 6.54703 0.0136631 -5.20176 0.00518112 30.5801 0.0496209 1261.59 3.3768 -6.9554e-05 0.00246634 -0.00127654 0.00366801 0.661537 0.000608135 0.487389 0.000705991 
6 1.25 49680000 6.54703 0.0135593 -5.20176 0.00514885 30.5801 0.0492737 1261.59 3.35379 -6.9554e-05 0.00246634 -0.00127654 0.00366801 0.661537 0.000605999 0.487389 0.000702338 
6 1.25 50040000 6.54703 0.0135593 -5.20176 0.005127 30.5801 0.0490889 1261.59 3.34053 -6.9554e-05 0.00246634 -0.00127654 0.00366801 0.661537 0.000603459 0.487389 0.000699282 
6 1.25 50400000 6.54926 0.0133658 -5.2008 0.005135 30.5763 0.0492985 1261.63 3.36275 -0.000286967 0.00237176 -0.000164377 0.00366801 0.661438 0.000601479 0.48734 0.000698214 
6 1.25 50760000 6.54926 0.0133658 -5.2008 0.00511152 30.5763 0.0490515 1261.63 3.34469 -0.000286967 0.00235596 -0.000164377 0.00366801 0.661438 0.000598282 0.48734 0.000694492 
6 1.25 51120000 6.54926 0.0131877 -5.2008 0.00509504 30.5763 0.0489115 1261.63 3.33923 -0.000286967 0.00234271 -0.000164377 0.00366801 0.661438 0.000595763 0.48734 0.000691279 
6 1.25 51480000 6.54926 0.0131877 -5.2008 0.0050748 30.5763 0.0487485 1261.63 3.32808 -0.000286967 0.00233083 -0.000164377 0.00366801 0.661438 0.000593421 0.48734 0.000689168 
6 1.25 51840000 6.54926 0.0132491 -5.2008 0.00505151 30.5763 0.0485193 1261.63 3.31275 -0.000286967 0.00233083 -0.000164377 0.00366801 0.661438 0.000591745 0.48734 0.000687629 
6 1.25 52200000 6.54926 0.0132491 -5.2008 0.00504805 30.5763 0.0485487 1261.63 3.31856 -0.000286967 0.00233083 -0.000164377 0.00366801 0.661438 0.000592739 0.48734 0.000688728 
6 1.25 52560000 6.54926 0.0130753 -5.2008 0.00502672 30.5763 0.0483252 1261.63 3.30287 -0.000286967 0.00233083 -0.000164377 0.00366801 0.661438 0.000590715 0.48734 0.000686627 
6 1.25 52920000 6.54926 0.0130753 -5.2008 0.00501219 30.5763 0.0482684 1261.63 3.30795 -0.000286967 0.00233083 -0.000164377 0.00366801 0.661438 0.000588441 0.48734 0.000684658 
6 1.25 53280000 6.55219 0.0129228 -5.19973 0.00499006 30.5656 0.0480408 1260.93 3.29263 -0.000308729 0.00229322 -0.000142994 0.00343114 0.661257 0.000587002 0.487126 0.000682966 
6 1.25 53640000 6.55219 0.0129228 -5.19973 0.00498931 30.5656 0.0481733 1260.93 3.31385 -0.000308729 0.00228508 -0.000142994 0.00343114 0.661257 0.000586551 0.487126 0.000683351 
6 1.25 54000000 6.55219 0.0127872 -5.19973 0.00497744 30.5656 0.0480257 1260.93 3.30013 -0.000308729 0.00227428 -0.000142994 0.00343114 0.661257 0.000586342 0.487126 0.000682069 
6 1.25 54360000 6.55219 0.0127872 -5.19973 0.00497074 30.5656 0.0479646 1260.93 3.29544 -0.000308729 0.00226039 -0.000142994 0.00343114 0.661257 0.000585184 0.487126 0.000681314 
6 1.25 54720000 6.55219 0.01277 -5.19973 0.0049454 30.5656 0.0476943 1260.93 3.27573 -0.000308729 0.00225557 -0.000142994 0.00343114 0.661257 0.000581554 0.487126 0.000677005 
6 1.25 55080000 6.55219 0.01277 -5.19973 0.0049413 30.5656 0.0476537 1260.93 3.26949 -0.000308729 0.00225269 -0.000142994 0.00343114 0.661257 0.000580426 0.487126 0.000676569 
6 1.25 55440000 6.55219 0.0126396 -5.19973 0.00491115 30.5656 0.0473739 1260.93 3.2501 -0.000308729 0.00223877 -0.000142994 0.00343114 0.661257 0.000577429 0.487126 0.000673415 
6 1.25 55800000 6.55219 0.0126396 -5.19973 0.00488645 30.5656 0.0471286 1260.93 3.23208 -0.000308729 0.00223494 -0.000142994 0.00343114 0.661257 0.000574593 0.487126 0.000670203 
6 1.25 56160000 6.55425 0.0124736 -5.20033 0.00488426 30.5747 0.0471705 1261.64 3.23617 2.82019e-05 0.00223429 -0.000404645 0.00343114 0.661285 0.000572471 0.487204 0.000668356 
6 1.25 56520000 6.55425 0.0124736 -5.20033 0.00488295 30.5747 0.0471347 1261.64 3.23148 2.82019e-05 0.00222384 -0.000404645 0.00343114 0.661285 0.000573646 0.487204 0.000668733 
6 1.25 56880000 6.55425 0.0123832 -5.20033 0.00486047 30.5747 0.0469275 1261.64 3.21679 2.82019e-05 0.0022154 -0.000404645 0.00343114 0.661285 0.00057101 0.487204 0.000665877 
6 1.25 57240000 6.55425 0.0123832 -5.20033 0.00485551 30.5747 0.046913 1261.64 3.21326 2.82019e-05 0.00220366 -0.000404645 0.00343114 0.661285 0.0005694 0.487204 0.000664511 
6 1.25 57600000 6.55425 0.0123832 -5.20033 0.00484362 30.5747 0.046805 1261.64 3.20541 2.82019e-05 0.00219381 -0.000404645 0.00343114 0.661285 0.000567303 0.487204 0.00066176 
6 1.25 57960000 6.55425 0.0123832 -5.20033 0.00482525 30.5747 0.0466656 1261.64 3.20239 2.82019e-05 0.00218597 -0.000404645 0.00343114 0.661285 0.000565616 0.487204 0.000660387 
6 1.25 58320000 6.55425 0.0123832 -5.20033 0.00480967 30.5747 0.0464793 1261.64 3.18952 2.82019e-05 0.00218513 -0.000404645 0.00343114 0.661285 0.000564865 0.487204 0.000658998 
6 1.25 58680000 6.55425 0.0123832 -5.20033 0.00480192 30.5747 0.0463298 1261.64 3.17511 2.82019e-05 0.00217294 -0.000404645 0.00343114 0.661285 0.000564525 0.487204 0.000657064 
6 1.25 59040000 6.55464 0.0120742 -5.20022 0.00477558 30.5726 0.0460698 1261.37 3.15739 -9.99244e-05 0.00217126 -0.000758519 0.00314275 0.661324 0.000561862 0.487242 0.000653686 
6 1.25 59400000 6.55464 0.0120742 -5.20022 0.00475312 30.5726 0.0458498 1261.37 3.14636 -9.99244e-05 0.00216225 -0.000758519 0.00314275 0.661324 0.00055876 0.487242 0.000649874 
6 1.25 59760000 6.55464 0.0120708 -5.20022 0.00472728 30.5726 0.0456159 1261.37 3.13253 -9.99244e-05 0.00215349 -0.000758519 0.00314275 0.661324 0.000555818 0.487242 0.000646571 
6 1.25 60120000 6.55464 0.0120708 -5.20022 0.00473217 30.5726 0.0456562 1261.37 3.12982 -9.99244e-05 0.00214524 -0.000758519 0.00314275 0.661324 0.000556049 0.487242 0.0006469 
6 1.25 60480000 6.55464 0.0120708 -5.20022 0.00471534 30.5726 0.045494 1261.37 3.11834 -9.99244e-05 0.00214434 -0.000758519 0.00314275 0.661324 0.000553233 0.487242 0.000643615 
6 1.25 60840000 6.55464 0.011924 -5.20022 0.00471164 30.5726 0.0454436 1261.37 3.1111 -9.99244e-05 0.0021341 -0.000758519 0.00314275 0.661324 0.000551495 0.487242 0.000641423 
6 1.25 61200000 6.55464 0.011924 -5.20022 0.00469228 30.5726 0.0452803 1261.37 3.10096 -9.99244e-05 0.00212643 -0.000758519 0.00314275 0.661324 0.00055025 0.487242 0.000640457 
6 1.25 61560000 6.55464 0.0120153 -5.20022 0.00467209 30.5726 0.0450939 1261.37 3.08852 -9.99244e-05 0.00211894 -0.000758519 0.00314275 0.661324 0.000547732 0.487242 0.000637226 
6 1.25 61920000 6.55464 0.0120153 -5.20022 0.00464789 30.5726 0.0448464 1261.37 3.07121 -9.99244e-05 0.00211239 -0.000758519 0.00314275 0.661324 0.000547732 0.487242 0.000634197 
6 1.25 62280000 6.55464 0.0118724 -5.20022 0.00463138 30.5726 0.0446753 1261.37 3.06088 -9.99244e-05 0.00211012 -0.000758519 0.00314275 0.661324 0.000547732 0.487242 0.000632189 
6 1.25 62640000 6.55464 0.0118724 -5.20022 0.00460985 30.5726 0.0444779 1261.37 3.05077 -9.99244e-05 0.0021053 -0.000758519 0.00314275 0.661324 0.000547732 0.487242 0.000629727 
6 1.25 63000000 6.55464 0.0117328 -5.20022 0.00460957 30.5726 0.0444823 1261.37 3.05277 -9.99244e-05 0.00210054 -0.000758519 0.00314275 0.661324 0.000547732 0.487242 0.000627974 
6 1.25 63360000 6.55464 0.0117328 -5.20022 0.00458604 30.5726 0.0442526 1261.37 3.03646 -9.99244e-05 0.00211172 -0.000758519 0.00314275 0.661324 0.000547732 0.487242 0.000625634 
6 1.25 63720000 6.55464 0.0116495 -5.20022 0.00456787 30.5726 0.0440851 1261.37 3.02688 -9.99244e-05 0.00211061 -0.000758519 0.00314275 0.661324 0.000547732 0.487242 0.000623225 
6 1.25 64080000 6.55464 0.0116495 -5.20022 0.00454938 30.5726 0.0439027 1261.37 3.01406 -9.99244e-05 0.00210157 -0.000758519 0.00314275 0.661324 0.000547732 0.487242 0.000621165 
6 1.25 64440000 6.55464 0.0116596 -5.20022 0.00452476 30.5726 0.0436579 1261.37 2.99805 -9.99244e-05 0.00209136 -0.000758519 0.00314275 0.661324 0.000547732 0.487242 0.000617822 
6 1.25 64800000 6.55464 0.0116596 -5.20022 0.00450408 30.5726 0.0434513 1261.37 2.98362 -9.99244e-05 0.00208346 -0.000758519 0.00314275 0.661324 0.000547732 0.487242 0.000616006 
6 1.25 65160000 6.56117 0.0120774 -5.19833 0.0044894 30.5515 0.0432987 1259.57 2.97456 1.98384e-05 0.00207695 -0.000439902 0.0030996 0.661178 0.000547732 0.486992 0.000613377 
6 1.25 65520000 6.56117 0.0120774 -5.19833 0.0044683 30.5515 0.0431105 1259.57 2.96471 1.98384e-05 0.00207115 -0.000439902 0.0030996 0.661178 0.000547732 0.486992 0.000611503 
6 1.25 65880000 6.56117 0.0120774 -5.19833 0.00447455 30.5515 0.0431743 1259.57 2.96704 1.98384e-05 0.00206994 -0.000439902 0.0030996 0.661178 0.000547732 0.486992 0.000612715 
6 1.25 66240000 6.56117 0.0120774 -5.19833 0.00448976 30.5515 0.043314 1259.57 2.97534 1.98384e-05 0.00206831 -0.000439902 0.0030996 0.661178 0.000547732 0.486992 0.000614406 
6 1.25 66600000 6.56117 0.0120774 -5.19833 0.00448772 30.5515 0.0433154 1259.57 2.97211 1.98384e-05 0.00206613 -0.000439902 0.0030996 0.661178 0.000547732 0.486992 0.000613967 
6 1.25 66960000 6.56117 0.0120774 -5.19833 0.00446847 30.5515 0.0431356 1259.57 2.96044 1.98384e-05 0.00205511 -0.000439902 0.0030996 0.661178 0.000547732 0.486992 0.000611021 
6 1.25 67320000 6.56117 0.0120774 -5.19833 0.00446831 30.5515 0.0430871 1259.57 2.9542 1.98384e-05 0.00205107 -0.000439902 0.0030996 0.661178 0.000547732 0.486992 0.000610023 
6 1.25 67680000 6.56117 0.0120774 -5.19833 0.00446136 30.5515 0.043043 1259.57 2.9529 1.98384e-05 0.00204749 -0.000439902 0.0030996 0.661178 0.000547732 0.486992 0.000609221 
6 1.25 68040000 6.56117 0.0120774 -5.19833 0.0044384 30.5515 0.0428304 1259.57 2.94026 1.98384e-05 0.00204751 -0.000439902 0.0030996 0.661178 0.000547732 0.486992 0.000606795 
6 1.25 68400000 6.56117 0.0120774 -5.19833 0.00441981 30.5515 0.0426548 1259.57 2.92713 1.98384e-05 0.00203813 -0.000439902 0.0030996 0.661178 0.000547732 0.486992 0.000604476 
6 1.25 68760000 6.56117 0.0120774 -5.19833 0.00440644 30.5515 0.0425583 1259.57 2.92092 1.98384e-05 0.00203073 -0.000439902 0.0030996 0.661178 0.000547732 0.486992 0.000603555 
6 1.25 69120000 6.56117 0.0120774 -5.19833 0.00438693 30.5515 0.0423555 1259.57 2.90668 1.98384e-05 0.00202082 -0.000439902 0.0030996 0.661178 0.000547732 0.486992 0.00060143 
6 1.25 69480000 6.56117 0.0120774 -5.19833 0.00438887 30.5515 0.0424105 1259.57 2.91078 1.98384e-05 0.00201249 -0.000439902 0.0030996 0.661178 0.000547732 0.486992 0.000601471 
6 1.25 69840000 6.56117 0.0120774 -5.19833 0.00437278 30.5515 0.0422767 1259.57 2.90223 1.98384e-05 0.00202069 -0.000439902 0.0030996 0.661178 0.000547732 0.486992 0.000599302 
6 1.25 70200000 6.56117 0.0120774 -5.19833 0.00435324 30.5515 0.0420863 1259.57 2.8906 1.98384e-05 0.00201143 -0.000439902 0.0030996 0.661178 0.000547732 0.486992 0.000596593 
6 1.25 70560000 6.56117 0.0120774 -5.19833 0.00434184 30.5515 0.0419853 1259.57 2.88785 1.98384e-05 0.00200516 -0.000439902 0.0030996 0.661178 0.000547732 0.486992 0.000594743 
6 1.25 70920000 6.56504 0.011676 -5.19985 0.00432715 30.5634 0.0418519 1260.12 2.87913 0.000493371 0.00200338 -0.000318871 0.00263627 0.661541 0.00054413 0.487384 0.000619697 
6 1.25 71280000 6.56504 0.011676 -5.19985 0.0043172 30.5634 0.041763 1260.12 2.87324 0.000493371 0.00199415 -0.000318871 0.00263627 0.661541 0.00054413 0.487384 0.000619697 
6 1.25 71640000 6.56504 0.011676 -5.19985 0.00432753 30.5634 0.0418775 1260.12 2.88152 0.000493371 0.0019916 -0.000318871 0.00263627 0.661541 0.00054413 0.487384 0.000619697 
6 1.25 72000000 6.56504 0.011676 -5.19985 0.00431922 30.5634 0.0417791 1260.12 2.87547 0.000493371 0.00198264 -0.000318871 0.00263627 0.661541 0.00054413 0.487384 0.000619697 
6 1.25 72360000 6.56504 0.011676 -5.19985 0.00430237 30.5634 0.041627 1260.12 2.86637 0.000493371 0.00197658 -0.000318871 0.00263627 0.661541 0.00054413 0.487384 0.000619697 
6 1.25 72720000 6.56504 0.011676 -5.19985 0.00429881 30.5634 0.0415562 1260.12 2.8567 0.000493371 0.00197533 -0.000318871 0.00263627 0.661541 0.00054413 0.487384 0.000619697 
6 1.25 73080000 6.56504 0.011676 -5.19985 0.00428479 30.5634 0.0414049 1260.12 2.84637 0.000493371 0.00196554 -0.000318871 0.00263627 0.661541 0.00054413 0.487384 0.000619697 
6 1.25 73440000 6.56504 0.011676 -5.19985 0.0042863 30.5634 0.0414092 1260.12 2.84617 0.000493371 0.00195652 -0.000318871 0.00263627 0.661541 0.00054413 0.487384 0.000619697 
6 1.25 73800000 6.56504 0.011676 -5.19985 0.00426995 30.5634 0.0412591 1260.12 2.83702 0.000493371 0.00194892 -0.000318871 0.00263627 0.661541 0.00054413 0.487384 0.000619697 
6 1.25 74160000 6.56504 0.011676 -5.19985 0.00425727 30.5634 0.0410904 1260.12 2.824 0.000493371 0.00194371 -0.000318871 0.00263627 0.661541 0.00054413 0.487384 0.000619697 
6 1.25 74520000 6.56504 0.011676 -5.19985 0.00424254 30.5634 0.0409326 1260.12 2.81335 0.000493371 0.0019378 -0.000318871 0.00263627 0.661541 0.00054413 0.487384 0.000619697 
6 1.25 74880000 6.56504 0.011676 -5.19985 0.00423479 30.5634 0.040875 1260.12 2.80833 0.000493371 0.00193282 -0.000318871 0.00263627 0.661541 0.00054413 0.487384 0.000619697 
6 1.25 75240000 6.56504 0.011676 -5.19985 0.00422125 30.5634 0.0407451 1260.12 2.79954 0.000493371 0.00192537 -0.000318871 0.00263627 0.661541 0.00054413 0.487384 0.000619697 
6 1.25 75600000 6.56504 0.011676 -5.19985 0.00420729 30.5634 0.040605 1260.12 2.78959 0.000493371 0.00192462 -0.000318871 0.00263627 0.661541 0.00054413 0.487384 0.000619697 
6 1.25 75960000 6.56504 0.011676 -5.19985 0.00419344 30.5634 0.0404761 1260.12 2.77943 0.000493371 0.00191927 -0.000318871 0.00263627 0.661541 0.00054413 0.487384 0.000619697 
6 1.25 76320000 6.56504 0.011676 -5.19985 0.00417429 30.5634 0.0402934 1260.12 2.76708 0.000493371 0.00191387 -0.000318871 0.00263627 0.661541 0.00054413 0.487384 0.000619697 
6 1.25 76680000 6.56504 0.011676 -5.19985 0.00415785 30.5634 0.0401403 1260.12 2.75566 0.000493371 0.00191292 -0.000318871 0.00263627 0.661541 0.00054413 0.487384 0.000619697 
6 1.25 77040000 6.56304 0.0112906 -5.19839 0.00414193 30.5462 0.0399701 1258.44 2.74281 0.000117075 0.00190874 -0.00024715 0.002614 0.661394 0.000521714 0.487177 0.000605675 
6 1.25 77400000 6.56304 0.0112906 -5.19839 0.00412748 30.5462 0.039818 1258.44 2.73225 0.000117075 0.00190053 -0.00024715 0.002614 0.661394 0.000521714 0.487177 0.000605675 
6 1.25 77760000 6.56304 0.0112906 -5.19839 0.0041294 30.5462 0.0398545 1258.44 2.73246 0.000117075 0.00189917 -0.00024715 0.002614 0.661394 0.000521714 0.487177 0.000605675 
6 1.25 78120000 6.56304 0.0112906 -5.19839 0.00411211 30.5462 0.0396891 1258.44 2.72076 0.000117075 0.00189376 -0.00024715 0.002614 0.661394 0.000521714 0.487177 0.000605675 
6 1.25 78480000 6.56304 0.0112906 -5.19839 0.0040961 30.5462 0.0395182 1258.44 2.70848 0.000117075 0.00188718 -0.00024715 0.002614 0.661394 0.000521714 0.487177 0.000605675 
6 1.25 78840000 6.56304 0.0112906 -5.19839 0.00407996 30.5462 0.039393 1258.44 2.70369 0.000117075 0.00187921 -0.00024715 0.002614 0.661394 0.000521714 0.487177 0.000605675 
6 1.25 79200000 6.56304 0.0112906 -5.19839 0.00406996 30.5462 0.0392874 1258.44 2.69537 0.000117075 0.00187663 -0.00024715 0.002614 0.661394 0.000521714 0.487177 0.000605675 
6 1.25 79560000 6.56304 0.0112906 -5.19839 0.00406434 30.5462 0.0392532 1258.44 2.69509 0.000117075 0.00187058 -0.00024715 0.002614 0.661394 0.000521714 0.487177 0.000605675 
6 1.25 79920000 6.56304 0.0112906 -5.19839 0.00405917 30.5462 0.0392339 1258.44 2.69624 0.000117075 0.00186393 -0.00024715 0.002614 0.661394 0.000521714 0.487177 0.000605675 
6 1.25 80280000 6.56304 0.0112906 -5.19839 0.00404868 30.5462 0.039129 1258.44 2.68879 0.000117075 0.00186164 -0.00024715 0.002614 0.661394 0.000521714 0.487177 0.000605675 
6 1.25 80640000 6.56304 0.0112906 -5.19839 0.00403495 30.5462 0.0389921 1258.44 2.6795 0.000117075 0.00185682 -0.00024715 0.002614 0.661394 0.000521714 0.487177 0.000605675 
6 1.25 81000000 6.56304 0.0112906 -5.19839 0.00404167 30.5462 0.0390446 1258.44 2.68296 0.000117075 0.00185253 -0.00024715 0.002614 0.661394 0.000521714 0.487177 0.000605675 
6 1.25 81360000 6.56304 0.0112906 -5.19839 0.00402418 30.5462 0.0388755 1258.44 2.67197 0.000117075 0.00185312 -0.00024715 0.002614 0.661394 0.000521714 0.487177 0.000605675 
6 1.25 81720000 6.56304 0.0112906 -5.19839 0.00400759 30.5462 0.0387181 1258.44 2.66181 0.000117075 0.0018468 -0.00024715 0.002614 0.661394 0.000521714 0.487177 0.000605675 
6 1.25 82080000 6.56304 0.0112906 -5.19839 0.003994 30.5462 0.0385783 1258.44 2.65221 0.000117075 0.0018409 -0.00024715 0.002614 0.661394 0.000521714 0.487177 0.000605675 
6 1.25 82440000 6.56304 0.0112906 -5.19839 0.00398288 30.5462 0.0384618 1258.44 2.64418 0.000117075 0.00183516 -0.00024715 0.002614 0.661394 0.000521714 0.487177 0.000605675 
6 1.25 82800000 6.56414 0.0102202 -5.19954 0.00397142 30.5581 0.0383578 1259.35 2.63582 -0.000310559 0.00182963 0.000925116 0.0025271 0.661605 0.000525498 0.487422 0.000609864 
6 1.25 83160000 6.56414 0.0102202 -5.19954 0.00396152 30.5581 0.0382605 1259.35 2.6285 -0.000310559 0.00183264 0.000925116 0.0025271 0.661605 0.000525498 0.487422 0.000609864 
6 1.25 83520000 6.56414 0.0102202 -5.19954 0.00395237 30.5581 0.0381599 1259.35 2.62121 -0.000310559 0.00182512 0.000925116 0.0025271 0.661605 0.000525498 0.487422 0.000609864 
6 1.25 83880000 6.56414 0.0102202 -5.19954 0.00394427 30.5581 0.038093 1259.35 2.6163 -0.000310559 0.00183233 0.000925116 0.0025271 0.661605 0.000525498 0.487422 0.000609864 
6 1.25 84240000 6.56414 0.0102202 -5.19954 0.00393796 30.5581 0.0380455 1259.35 2.61155 -0.000310559 0.00182487 0.000925116 0.0025271 0.661605 0.000525498 0.487422 0.000609864 
6 1.25 84600000 6.56414 0.0102202 -5.19954 0.00392369 30.5581 0.0379336 1259.35 2.60813 -0.000310559 0.00182634 0.000925116 0.0025271 0.661605 0.000525498 0.487422 0.000609864 
6 1.25 84960000 6.56414 0.0102202 -5.19954 0.00392266 30.5581 0.0379088 1259.35 2.60403 -0.000310559 0.00182202 0.000925116 0.0025271 0.661605 0.000525498 0.487422 0.000609864 
6 1.25 85320000 6.56414 0.0102202 -5.19954 0.00391013 30.5581 0.0377906 1259.35 2.59693 -0.000310559 0.00181823 0.000925116 0.0025271 0.661605 0.000525498 0.487422 0.000609864 
6 1.25 85680000 6.56414 0.0102202 -5.19954 0.00389715 30.5581 0.0376577 1259.35 2.58726 -0.000310559 0.00181388 0.000925116 0.0025271 0.661605 0.000525498 0.487422 0.000609864 
6 1.25 86040000 6.56414 0.0102202 -5.19954 0.00390144 30.5581 0.0376772 1259.35 2.58472 -0.000310559 0.00180849 0.000925116 0.0025271 0.661605 0.000525498 0.487422 0.000609864 
6 1.25 86400000 6.56414 0.0102202 -5.19954 0.00388902 30.5581 0.037553 1259.35 2.57633 -0.000310559 0.00180406 0.000925116 0.0025271 0.661605 0.000525498 0.487422 0.000609864 
6 1.25 86760000 6.56414 0.0102202 -5.19954 0.00387971 30.5581 0.0374618 1259.35 2.57508 -0.000310559 0.00179874 0.000925116 0.0025271 0.661605 0.000525498 0.487422 0.000609864 
6 1.25 87120000 6.56414 0.0102202 -5.19954 0.00387819 30.5581 0.037462 1259.35 2.57508 -0.000310559 0.00179562 0.000925116 0.0025271 0.661605 0.000525498 0.487422 0.000609864 
6 1.25 87480000 6.56414 0.0102202 -5.19954 0.00386577 30.5581 0.0373302 1259.35 2.57508 -0.000310559 0.00179027 0.000925116 0.0025271 0.661605 0.000525498 0.487422 0.000609864 
6 1.25 87840000 6.56414 0.0102202 -5.19954 0.00387092 30.5581 0.0373629 1259.35 2.57508 -0.000310559 0.00178542 0.000925116 0.0025271 0.661605 0.000525498 0.487422 0.000609864 
6 1.25 88200000 6.56414 0.0102202 -5.19954 0.00385804 30.5581 0.037266 1259.35 2.57508 -0.000310559 0.00178293 0.000925116 0.0025271 0.661605 0.000525498 0.487422 0.000609864 
6 1.25 88560000 6.56458 0.00986338 -5.19891 0.00385254 30.5511 0.0372184 1258.91 2.55183 -4.94928e-05 0.00177585 0.000442481 0.00251924 0.661485 0.000504126 0.487247 0.0005936 
6 1.25 88920000 6.56458 0.00986338 -5.19891 0.00384945 30.5511 0.0372058 1258.91 2.55241 -4.94928e-05 0.00177039 0.000442481 0.00251924 0.661485 0.000504126 0.487247 0.0005936 
6 1.25 89280000 6.56458 0.0101692 -5.19891 0.0038421 30.5511 0.0371497 1258.91 2.54828 -4.94928e-05 0.00176959 0.000442481 0.00251924 0.661485 0.000504126 0.487247 0.0005936 
6 1.25 89640000 6.56458 0.0101692 -5.19891 0.00384058 30.5511 0.0371593 1258.91 2.55132 -4.94928e-05 0.00176572 0.000442481 0.00251924 0.661485 0.000504126 0.487247 0.0005936 
6 1.25 90000000 6.56458 0.0101431 -5.19891 0.00382768 30.5511 0.0370271 1258.91 2.54164 -4.94928e-05 0.00175924 0.000442481 0.00251924 0.661485 0.000504126 0.487247 0.0005936 
6 1.25 90360000 6.56458 0.0101431 -5.19891 0.00381787 30.5511 0.0369231 1258.91 2.53381 -4.94928e-05 0.00175527 0.000442481 0.00251924 0.661485 0.000504126 0.487247 0.0005936 
6 1.25 90720000 6.56458 0.0101431 -5.19891 0.00380649 30.5511 0.0368167 1258.91 2.52748 -4.94928e-05 0.00175154 0.000442481 0.00251924 0.661485 0.000504126 0.487247 0.0005936 
6 1.25 91080000 6.56458 0.0100915 -5.19891 0.0037958 30.5511 0.0367033 1258.91 2.51959 -4.94928e-05 0.00174613 0.000442481 0.00251924 0.661485 0.000504126 0.487247 0.0005936 
6 1.25 91440000 6.56458 0.0100915 -5.19891 0.00378379 30.5511 0.0366005 1258.91 2.51236 -4.94928e-05 0.00174493 0.000442481 0.00251924 0.661485 0.000504126 0.487247 0.0005936 
6 1.25 91800000 6.56458 0.00999502 -5.19891 0.00377097 30.5511 0.0364694 1258.91 2.5027 -4.94928e-05 0.00174179 0.000442481 0.00251924 0.661485 0.000504126 0.487247 0.0005936 
6 1.25 92160000 6.56458 0.00999502 -5.19891 0.00375712 30.5511 0.0363502 1258.91 2.49623 -4.94928e-05 0.00174212 0.000442481 0.00251924 0.661485 0.000504126 0.487247 0.0005936 
6 1.25 92520000 6.56458 0.00993119 -5.19891 0.00359016 30.5511 0.0352352 1258.91 2.44106 -4.94928e-05 0.00168081 0.000442481 0.00251924 0.661485 0.000504126 0.487247 0.0005936 
6 1.25 92880000 6.56458 0.00993119 -5.19891 0.00357772 30.5511 0.0351146 1258.91 2.44104 -4.94928e-05 0.00168087 0.000442481 0.00251924 0.661485 0.000504126 0.487247 0.0005936 
6 1.25 93240000 6.56458 0.00990782 -5.19891 0.00356975 30.5511 0.0350237 1258.91 2.44104 -4.94928e-05 0.0016822 0.000442481 0.00251924 0.661485 0.000504126 0.487247 0.0005936 
6 1.25 93600000 6.56458 0.00990782 -5.19891 0.00355965 30.5511 0.0349005 1258.91 2.44104 -4.94928e-05 0.00167932 0.000442481 0.00251924 0.661485 0.000504126 0.487247 0.0005936 
6 1.25 93960000 6.56458 0.00986864 -5.19891 0.00355418 30.5511 0.0348234 1258.91 2.44104 -4.94928e-05 0.00167363 0.000442481 0.00251924 0.661485 0.000504126 0.487247 0.0005936 
6 1.25 94320000 6.56458 0.00986864 -5.19891 0.0035443 30.5511 0.0347309 1258.91 2.44104 -4.94928e-05 0.00166996 0.000442481 0.00251924 0.661485 0.000504126 0.487247 0.0005936 
6 1.25 94680000 6.56587 0.00981354 -5.19906 0.00354169 30.5524 0.0347603 1258.78 2.40784 0.000237645 0.00166729 0.000303763 0.00227968 0.661529 0.000474544 0.487319 0.000560793 
6 1.25 95040000 6.56587 0.00981354 -5.19906 0.00353608 30.5524 0.0347011 1258.78 2.40257 0.000237645 0.00166548 0.000303763 0.00227968 0.661529 0.000474544 0.487319 0.000560793 
6 1.25 95400000 6.56587 0.00991182 -5.19906 0.0035225 30.5524 0.0345682 1258.78 2.39399 0.000237645 0.00166305 0.000303763 0.00227968 0.661529 0.000474544 0.487319 0.000560793 
6 1.25 95760000 6.56587 0.00991182 -5.19906 0.00351403 30.5524 0.0344778 1258.78 2.38742 0.000237645 0.00166193 0.000303763 0.00227968 0.661529 0.000474544 0.487319 0.000560793 
6 1.25 96120000 6.56587 0.00988243 -5.19906 0.00353031 30.5524 0.0345887 1258.78 2.39419 0.000237645 0.00165718 0.000303763 0.00227968 0.661529 0.000474544 0.487319 0.000560793 
6 1.25 96480000 6.56587 0.00988243 -5.19906 0.00352922 30.5524 0.0345984 1258.78 2.39462 0.000237645 0.00165442 0.000303763 0.00227968 0.661529 0.000474544 0.487319 0.000560793 
6 1.25 96840000 6.56587 0.00980806 -5.19906 0.00351946 30.5524 0.0344919 1258.78 2.38697 0.000237645 0.00165379 0.000303763 0.00227968 0.661529 0.000474544 0.487319 0.000560793 
6 1.25 97200000 6.56587 0.00980806 -5.19906 0.0035118 30.5524 0.0344065 1258.78 2.38091 0.000237645 0.00164753 0.000303763 0.00227968 0.661529 0.000474544 0.487319 0.000560793 
6 1.25 97560000 6.56587 0.00985524 -5.19906 0.00351145 30.5524 0.0343693 1258.78 2.45833 0.000237645 0.0016438 0.000303763 0.00227968 0.661529 0.000474544 0.487319 0.000560793 
6 1.25 97920000 6.56587 0.00985524 -5.19906 0.00349869 30.5524 0.0342466 1258.78 2.45833 0.000237645 0.00163853 0.000303763 0.00227968 0.661529 0.000474544 0.487319 0.000560793 
6 1.25 98280000 6.56587 0.0097892 -5.19906 0.00349356 30.5524 0.0341991 1258.78 2.45833 0.000237645 0.00163329 0.000303763 0.00227968 0.661529 0.000474544 0.487319 0.000560793 
6 1.25 98640000 6.56587 0.0097892 -5.19906 0.00348853 30.5524 0.0341414 1258.78 2.45833 0.000237645 0.00163189 0.000303763 0.00227968 0.661529 0.000474544 0.487319 0.000560793 
6 1.25 99000000 6.56587 0.00973803 -5.19906 0.00348372 30.5524 0.0340592 1258.78 2.45833 0.000237645 0.00162834 0.000303763 0.00227968 0.661529 0.000474544 0.487319 0.000560793 
6 1.25 99360000 6.56587 0.00973803 -5.19906 0.00348009 30.5524 0.0340249 1258.78 2.45833 0.000237645 0.00162998 0.000303763 0.00227968 0.661529 0.000474544 0.487319 0.000560793 
6 1.25 99720000 6.56587 0.00980798 -5.19906 0.00346968 30.5524 0.0339408 1258.78 2.45833 0.000237645 0.00163105 0.000303763 0.00227968 0.661529 0.000474544 0.487319 0.000560793 
