L J MC_steps R2 R2_std E E_std E2 E2_std E4 E4_std Sin1 Sin1_std Cos1 Cos1_std Mag2 Mag2_std Mag4 Mag4_std
7 1.5 490000 6.92857 0.207213 -7.48187 0.0660451 58.9954 0.937258 4055.57 115.993 0.0407642 0.049189 -0.0487219 0.0427906 0.737407 0.0064664 0.574502 0.00860585 
7 1.5 980000 6.98996 0.12798 -7.50863 0.0404345 59.3006 0.572032 4078.2 69.7203 0.0231716 0.0322766 -0.0324663 0.0264513 0.73772 0.00402296 0.573745 0.00528895 
7 1.5 1470000 6.79474 0.123816 -7.56374 0.0359246 60.1298 0.561547 4182.76 76.6511 0.0315471 0.0258405 -0.0217299 0.0263939 0.740683 0.00319698 0.577086 0.00423227 
7 1.5 1960000 6.9026 0.11834 -7.54788 0.0330409 59.9551 0.489737 4168.29 64.1278 0.0141603 0.0237253 -0.0232925 0.0201104 0.739038 0.0032912 0.575637 0.00402798 
7 1.5 2450000 6.89433 0.0961703 -7.5513 0.0280492 60.0233 0.400081 4176.46 51.1208 -0.000212266 0.0216859 -0.0157155 0.0178167 0.73924 0.00256616 0.575944 0.00318676 
7 1.5 2940000 6.89453 0.0855809 -7.54071 0.0281037 59.8951 0.371046 4163.23 44.761 0.0104508 0.0198293 -0.0150965 0.0157845 0.737904 0.00249993 0.574204 0.00297589 
7 1.5 3430000 6.92999 0.0767168 -7.5343 0.0261951 59.8026 0.33739 4152.04 38.6799 0.00409473 0.0181848 -0.00282027 0.0149012 0.737824 0.00214716 0.57414 0.00267627 
7 1.5 3920000 6.94661 0.0692963 -7.53751 0.0240364 59.8565 0.308561 4161.36 35.5133 0.00209465 0.0161249 -0.00206562 0.0134465 0.738676 0.00196446 0.575568 0.00252344 
7 1.5 4410000 6.98644 0.0666957 -7.52944 0.0210347 59.7498 0.271422 4149.37 32.425 0.0028645 0.0146924 -0.00112499 0.0127702 0.738614 0.00182412 0.57571 0.00233217 
7 1.5 4900000 6.99054 0.0635485 -7.52658 0.0202857 59.6979 0.269139 4141.88 30.1109 0.00200328 0.0139845 0.00135689 0.0123406 0.738299 0.00171474 0.575321 0.00219075 
7 1.5 5390000 6.99766 0.0583522 -7.52784 0.0185041 59.7252 0.24607 4146.26 27.8199 -0.00121195 0.013677 -0.000110184 0.0125017 0.738464 0.00166295 0.575516 0.00212532 
7 1.5 5880000 6.99343 0.0532003 -7.52497 0.0170433 59.6903 0.226161 4143.32 26.8599 -0.00733404 0.0131948 0.0044393 0.0115715 0.738208 0.00161149 0.575191 0.00205556 
7 1.5 6370000 7.01204 0.0519213 -7.52178 0.0159193 59.646 0.215419 4138.32 25.9623 -0.00822398 0.0125317 0.00837525 0.0110819 0.737616 0.00154928 0.574531 0.00197974 
7 1.5 6860000 7.01893 0.0496923 -7.51328 0.0168121 59.5167 0.231483 4122.15 26.6381 -0.00516133 0.0118069 0.00906838 0.0108711 0.736871 0.00150384 0.573512 0.00192409 
7 1.5 7350000 7.01563 0.047031 -7.52026 0.0169981 59.5941 0.227523 4128.43 25.4651 -0.00151 0.0112304 0.00838455 0.0103798 0.737621 0.00144634 0.574241 0.00184751 
7 1.5 7840000 7.01211 0.0464583 -7.51882 0.0159255 59.569 0.213736 4124.66 25.5174 0.000889021 0.0107512 0.00643515 0.0102101 0.737434 0.00142214 0.57398 0.00181316 
7 1.5 8330000 7.02051 0.0450941 -7.51139 0.016571 59.4637 0.224815 4111.28 25.9997 -0.00434014 0.0107223 0.00703724 0.00990368 0.736645 0.00147037 0.57294 0.00179834 
7 1.5 8820000 7.02665 0.0439336 -7.50907 0.0157582 59.4254 0.214835 4106.33 24.9381 -0.00316841 0.0104135 0.00521966 0.00950777 0.736409 0.00140268 0.572537 0.00173704 
7 1.5 9310000 7.04405 0.0425342 -7.50585 0.0152095 59.3921 0.205462 4104.47 23.8089 -0.00411445 0.00991134 0.00462007 0.00912456 0.736009 0.00138068 0.572189 0.00168104 
7 1.5 9800000 7.05448 0.0405262 -7.50477 0.0144469 59.3743 0.195419 4102.48 23.7522 -0.00163788 0.00995759 0.00780426 0.00895257 0.736056 0.00130882 0.572291 0.00165836 
7 1.5 10290000 7.06348 0.0501438 -7.50386 0.0137532 59.3543 0.186668 4099.29 23.4535 -0.00310383 0.00977068 0.00618236 0.00877308 0.735978 0.0012457 0.57214 0.00158228 
7 1.5 10780000 7.06348 0.0501438 -7.50386 0.0135607 59.3543 0.182977 4099.29 23.4535 -0.00310383 0.00964715 0.00618236 0.00856384 0.735978 0.00126715 0.57214 0.0015554 
7 1.5 11270000 7.0641 0.0501438 -7.50699 0.0129525 59.3789 0.179693 4099.03 23.4535 -0.00215733 0.00941357 0.00630139 0.0083781 0.736508 0.00121165 0.572771 0.00149359 
7 1.5 11760000 7.0641 0.0501438 -7.50699 0.0124794 59.3789 0.179693 4099.03 23.4535 -0.00215733 0.0091606 0.00630139 0.00819496 0.736508 0.00116247 0.572771 0.00145388 
7 1.5 12250000 7.06104 0.0418459 -7.50945 0.0120281 59.4112 0.163777 4102 19.7081 -0.00113182 0.00900016 0.00938099 0.00825733 0.736459 0.00112681 0.57267 0.00143418 
7 1.5 12740000 7.06104 0.0418459 -7.50945 0.0122029 59.4112 0.166929 4102 19.7005 -0.00113182 0.00882153 0.00938099 0.00835009 0.736459 0.00113701 0.57267 0.00143661 
7 1.5 13230000 7.05116 0.0418459 -7.50783 0.0119489 59.3946 0.163693 4100.97 19.7005 0.00316915 0.00859194 0.0104632 0.00823238 0.736241 0.00110669 0.572437 0.00139628 
7 1.5 13720000 7.05116 0.0418459 -7.50783 0.0116722 59.3946 0.15998 4100.97 19.7005 0.00316915 0.00841424 0.0104632 0.00803315 0.736241 0.00109389 0.572437 0.00136972 
7 1.5 14210000 7.04569 0.0385793 -7.5085 0.0113586 59.4094 0.155272 4103.51 18.2765 0.00308895 0.00830421 0.00995941 0.00784386 0.736096 0.00105964 0.57232 0.00133159 
7 1.5 14700000 7.04569 0.0385793 -7.5085 0.0111944 59.4094 0.153189 4103.51 18.0168 0.00308895 0.00822743 0.00995941 0.00767849 0.736096 0.00105053 0.57232 0.00131712 
7 1.5 15190000 7.04453 0.0385793 -7.51041 0.0109403 59.4366 0.14947 4106.79 17.533 -0.000561193 0.00810813 0.00831567 0.00763909 0.73613 0.00102315 0.57234 0.00130011 
7 1.5 15680000 7.04453 0.0385793 -7.51041 0.010691 59.4366 0.145573 4106.79 17.0076 -0.000561193 0.00793747 0.00831567 0.00756905 0.73613 0.0010145 0.57234 0.00128909 
7 1.5 16170000 7.0498 0.0339757 -7.50904 0.0104504 59.4274 0.14225 4108.07 16.6385 -0.000587337 0.00777392 0.0100137 0.00748935 0.736044 0.00097164 0.572281 0.00122105 
7 1.5 16660000 7.0498 0.0339757 -7.50904 0.0103557 59.4274 0.141087 4108.07 16.9244 -0.000587337 0.00766199 0.0100137 0.00741433 0.736044 0.000978002 0.572281 0.00122063 
7 1.5 17150000 7.04699 0.0339757 -7.51199 0.0101282 59.476 0.138082 4115.3 16.4706 -0.000350431 0.00749293 0.0120794 0.00739833 0.736283 0.000961313 0.572661 0.00119856 
7 1.5 17640000 7.04699 0.0339757 -7.51199 0.0100088 59.476 0.13664 4115.3 16.2832 -0.000350431 0.00732878 0.0120794 0.00721274 0.736283 0.00094727 0.572661 0.0011788 
7 1.5 18130000 7.05105 0.0302235 -7.50808 0.00996347 59.418 0.135901 4108.25 15.9804 0.00174414 0.00718741 0.011398 0.00708498 0.736036 0.000930584 0.572288 0.00116752 
7 1.5 18620000 7.05105 0.0302235 -7.50808 0.00979989 59.418 0.133705 4108.25 15.8513 0.00174414 0.00710969 0.011398 0.00696399 0.736036 0.000912369 0.572288 0.0011479 
7 1.5 19110000 7.05105 0.0302235 -7.50808 0.00963115 59.418 0.131333 4108.25 15.6399 0.00174414 0.00708705 0.011398 0.00686356 0.736036 0.000900023 0.572288 0.00112938 
7 1.5 19600000 7.03408 0.0302235 -7.50947 0.00949282 59.4374 0.129723 4110.68 15.4573 0.00382083 0.00691851 0.0121008 0.00683586 0.736185 0.000891482 0.572463 0.00111134 
7 1.5 20090000 7.03408 0.0302235 -7.50947 0.00940494 59.4374 0.129216 4110.68 15.0952 0.00382083 0.00684449 0.0121008 0.00668987 0.736185 0.000875746 0.572463 0.00111572 
7 1.5 20580000 7.02944 0.034339 -7.50932 0.00925231 59.4282 0.127063 4108.57 14.9106 0.00556286 0.00669766 0.00845337 0.00661522 0.736137 0.000861905 0.572369 0.00109764 
7 1.5 21070000 7.02944 0.034339 -7.50932 0.0091089 59.4282 0.12516 4108.57 14.6149 0.00556286 0.00687475 0.00845337 0.00654313 0.736137 0.000853513 0.572369 0.00108615 
7 1.5 21560000 7.02944 0.034339 -7.50932 0.00897458 59.4282 0.123325 4108.57 14.4428 0.00556286 0.00674753 0.00845337 0.00642891 0.736137 0.000840317 0.572369 0.00107038 
7 1.5 22050000 7.02944 0.034339 -7.50932 0.0089035 59.4282 0.122023 4108.57 14.3043 0.00556286 0.00667248 0.00845337 0.00632927 0.736137 0.000835741 0.572369 0.0010623 
7 1.5 22540000 7.02459 0.034339 -7.51091 0.00883421 59.4528 0.121184 4111.85 14.3043 0.00433497 0.00657396 0.00685744 0.00621221 0.7362 0.000831143 0.572428 0.00105898 
7 1.5 23030000 7.02459 0.034339 -7.51091 0.00878159 59.4528 0.120818 4111.85 14.3043 0.00433497 0.00657396 0.00685744 0.0061212 0.7362 0.000818085 0.572428 0.00104299 
7 1.5 23520000 7.02459 0.034339 -7.51091 0.00869368 59.4528 0.11936 4111.85 14.3043 0.00433497 0.00629686 0.00685744 0.00601944 0.7362 0.000813339 0.572428 0.0010351 
7 1.5 24010000 7.02459 0.034339 -7.51091 0.00855134 59.4528 0.117588 4111.85 14.3043 0.00433497 0.00629686 0.00685744 0.00595627 0.7362 0.00079934 0.572428 0.0010199 
7 1.5 24500000 7.03076 0.029301 -7.51115 0.00846084 59.4581 0.116331 4112.53 13.6133 0.00317641 0.00620997 0.00822211 0.00588841 0.736135 0.000788843 0.572426 0.00100745 
7 1.5 24990000 7.03076 0.029301 -7.51115 0.00834576 59.4581 0.114837 4112.53 13.663 0.00317641 0.00620997 0.00822211 0.00582381 0.736135 0.000777987 0.572426 0.000992279 
7 1.5 25480000 7.03076 0.029301 -7.51115 0.00819452 59.4581 0.112821 4112.53 13.4292 0.00317641 0.00602005 0.00822211 0.005736 0.736135 0.000764035 0.572426 0.000977036 
7 1.5 25970000 7.03076 0.029301 -7.51115 0.00810322 59.4581 0.111951 4112.53 13.5497 0.00317641 0.00601847 0.00822211 0.00566557 0.736135 0.000758998 0.572426 0.000971674 
7 1.5 26460000 7.02434 0.0286411 -7.51382 0.00809768 59.5019 0.111863 4118.68 13.4734 0.0053388 0.00633206 0.0094614 0.00558198 0.736484 0.000763405 0.572945 0.000972827 
7 1.5 26950000 7.02434 0.0286411 -7.51382 0.00798879 59.5019 0.110289 4118.68 13.2547 0.0053388 0.00633206 0.0094614 0.00554799 0.736484 0.000754493 0.572945 0.000961167 
7 1.5 27440000 7.02434 0.0286411 -7.51382 0.00789546 59.5019 0.109134 4118.68 13.0702 0.0053388 0.00613228 0.0094614 0.00551294 0.736484 0.000744707 0.572945 0.00095033 
7 1.5 27930000 7.02434 0.0286411 -7.51382 0.00781485 59.5019 0.108084 4118.68 12.8978 0.0053388 0.00613228 0.0094614 0.00555614 0.736484 0.00073972 0.572945 0.000942967 
7 1.5 28420000 7.02309 0.0257887 -7.51245 0.00775241 59.4834 0.107257 4117.1 12.67 0.00425806 0.00615654 0.0074374 0.00552457 0.736318 0.00073395 0.572716 0.000937637 
7 1.5 28910000 7.02309 0.0257887 -7.51245 0.00764725 59.4834 0.105777 4117.1 12.466 0.00425806 0.00615654 0.0074374 0.00547304 0.736318 0.000728101 0.572716 0.000929761 
7 1.5 29400000 7.02309 0.0257887 -7.51245 0.00759548 59.4834 0.105082 4117.1 12.6045 0.00425806 0.00621821 0.0074374 0.00542649 0.736318 0.000723646 0.572716 0.000924679 
7 1.5 29890000 7.02309 0.0257887 -7.51245 0.0075054 59.4834 0.103932 4117.1 12.5293 0.00425806 0.00621821 0.0074374 0.00539544 0.736318 0.000715446 0.572716 0.000913578 
7 1.5 30380000 7.02389 0.0255567 -7.50986 0.00760802 59.4443 0.106269 4112.51 12.8144 0.00167024 0.00605365 0.00941541 0.00540045 0.735973 0.000718465 0.572262 0.000922817 
7 1.5 30870000 7.02389 0.0255567 -7.50986 0.00752226 59.4443 0.104938 4112.51 12.6363 0.00167024 0.00605365 0.00941541 0.00534317 0.735973 0.000714136 0.572262 0.000911102 
7 1.5 31360000 7.02389 0.0255567 -7.50986 0.0074861 59.4443 0.103703 4112.51 12.4536 0.00167024 0.00594727 0.00941541 0.00531125 0.735973 0.000708783 0.572262 0.000906677 
7 1.5 31850000 7.02389 0.0255567 -7.50986 0.00740294 59.4443 0.102936 4112.51 12.3726 0.00167024 0.00594727 0.00941541 0.00525563 0.735973 0.000699914 0.572262 0.000895264 
7 1.5 32340000 7.03537 0.0251634 -7.5094 0.00732111 59.4381 0.101649 4111.85 12.2189 0.000945717 0.00576985 0.00950296 0.00523491 0.73604 0.000695655 0.572317 0.000885318 
7 1.5 32830000 7.03537 0.0251634 -7.5094 0.00727764 59.4381 0.100929 4111.85 12.0866 0.000945717 0.00576985 0.00950296 0.00519408 0.73604 0.000687712 0.572317 0.000874429 
7 1.5 33320000 7.03537 0.0251634 -7.5094 0.00721104 59.4381 0.100067 4111.85 12.002 0.000945717 0.00559588 0.00950296 0.00515468 0.73604 0.000682717 0.572317 0.000869661 
7 1.5 33810000 7.03537 0.0251634 -7.5094 0.00714835 59.4381 0.0988959 4111.85 11.8443 0.000945717 0.00559588 0.00950296 0.00509429 0.73604 0.000676034 0.572317 0.000861134 
7 1.5 34300000 7.03585 0.0251403 -7.50779 0.00711485 59.415 0.098692 4108.73 11.8442 0.00153749 0.00547392 0.0109225 0.00508067 0.735961 0.000668186 0.5722 0.000856826 
7 1.5 34790000 7.03585 0.0251403 -7.50779 0.00702394 59.415 0.0974257 4108.73 11.6871 0.00153749 0.00547392 0.0109225 0.00504092 0.735961 0.0006632 0.5722 0.00084684 
7 1.5 35280000 7.03585 0.0251403 -7.50779 0.00697321 59.415 0.0971045 4108.73 11.7019 0.00153749 0.00532124 0.0109225 0.0050022 0.735961 0.000656684 0.5722 0.000840099 
7 1.5 35770000 7.03585 0.0251403 -7.50779 0.00691997 59.415 0.0965167 4108.73 11.6414 0.00153749 0.00532124 0.0109225 0.0049962 0.735961 0.000651422 0.5722 0.000839056 
7 1.5 36260000 7.03442 0.0224143 -7.50927 0.00694663 59.4298 0.096693 4109.89 11.617 0.00164043 0.00517435 0.00792732 0.00504059 0.73604 0.000650116 0.572246 0.00083451 
7 1.5 36750000 7.03442 0.0224143 -7.50927 0.00698379 59.4298 0.0975187 4109.89 11.7199 0.00164043 0.00517435 0.00792732 0.00504059 0.73604 0.000654805 0.572246 0.000845574 
7 1.5 37240000 7.03442 0.0224143 -7.50927 0.00689155 59.4298 0.0962513 4109.89 11.5849 0.00164043 0.00510299 0.00792732 0.00504059 0.73604 0.00064641 0.572246 0.000835101 
7 1.5 37730000 7.03442 0.0224143 -7.50927 0.00681184 59.4298 0.0951927 4109.89 11.4659 0.00164043 0.00508083 0.00792732 0.00504059 0.73604 0.000641665 0.572246 0.000828865 
7 1.5 38220000 7.03796 0.0223647 -7.51128 0.00674676 59.4608 0.0943517 4114 11.3757 0.000896809 0.00501783 0.00863845 0.00482866 0.736291 0.000641123 0.572606 0.000831785 
7 1.5 38710000 7.03796 0.0223647 -7.51128 0.00669002 59.4608 0.0935262 4114 11.2763 0.000896809 0.00506348 0.00863845 0.00482519 0.736291 0.00063304 0.572606 0.000821098 
7 1.5 39200000 7.03796 0.0223647 -7.51128 0.00661428 59.4608 0.0924373 4114 11.1385 0.000896809 0.0050009 0.00863845 0.00482519 0.736291 0.000626671 0.572606 0.000813181 
7 1.5 39690000 7.03796 0.0223647 -7.51128 0.00659758 59.4608 0.0922468 4114 11.0969 0.000896809 0.00494759 0.00863845 0.00482519 0.736291 0.000624719 0.572606 0.000810765 
7 1.5 40180000 7.03796 0.0223647 -7.51128 0.00664734 59.4608 0.0929362 4114 11.1781 0.000896809 0.00493054 0.00863845 0.00482519 0.736291 0.000632216 0.572606 0.000820507 
7 1.5 40670000 7.04045 0.0209255 -7.51262 0.00656875 59.4771 0.0918078 4115.3 11.051 0.000227901 0.00488775 0.00709416 0.00482473 0.736399 0.000624889 0.572738 0.000811422 
7 1.5 41160000 7.04045 0.0209255 -7.51262 0.00659534 59.4771 0.0921285 4115.3 11.088 0.000227901 0.00492324 0.00709416 0.00482473 0.736399 0.000627102 0.572738 0.000813275 
7 1.5 41650000 7.04045 0.0209255 -7.51262 0.00653554 59.4771 0.0912554 4115.3 10.9772 0.000227901 0.0048821 0.00709416 0.00482473 0.736399 0.000620494 0.572738 0.000803788 
7 1.5 42140000 7.04045 0.0209255 -7.51262 0.00652409 59.4771 0.0911301 4115.3 10.9515 0.000227901 0.00482393 0.00709416 0.00482473 0.736399 0.000624834 0.572738 0.000811103 
7 1.5 42630000 7.04045 0.0209255 -7.51262 0.00646402 59.4771 0.0903937 4115.3 10.8755 0.000227901 0.00484066 0.00709416 0.00473413 0.736399 0.00061856 0.572738 0.000802026 
7 1.5 43120000 7.04045 0.0209255 -7.51262 0.00638908 59.4771 0.0893489 4115.3 10.7513 0.000227901 0.00480721 0.00709416 0.00473413 0.736399 0.000611372 0.572738 0.000792781 
7 1.5 43610000 7.04045 0.0209255 -7.51262 0.00632929 59.4771 0.0885536 4115.3 10.6649 0.000227901 0.00475732 0.00709416 0.00473413 0.736399 0.00060826 0.572738 0.000790084 
7 1.5 44100000 7.04045 0.0209255 -7.51262 0.00628186 59.4771 0.087821 4115.3 10.5589 0.000227901 0.00472314 0.00709416 0.00473413 0.736399 0.000603994 0.572738 0.000782976 
7 1.5 44590000 7.03604 0.0200222 -7.51248 0.00622018 59.4778 0.0869986 4115.3 10.4667 -0.00207433 0.00467872 0.0052006 0.00457428 0.736335 0.000597767 0.572693 0.000774605 
7 1.5 45080000 7.03604 0.0200222 -7.51248 0.00618405 59.4778 0.0864735 4115.3 10.3952 -0.00207433 0.00465231 0.0052006 0.00457428 0.736335 0.000592793 0.572693 0.000768262 
7 1.5 45570000 7.03604 0.0200222 -7.51248 0.00613111 59.4778 0.085679 4115.3 10.2949 -0.00207433 0.00470153 0.0052006 0.00457428 0.736335 0.000587058 0.572693 0.000760692 
7 1.5 46060000 7.03604 0.0200222 -7.51248 0.00613409 59.4778 0.0855198 4115.3 10.2504 -0.00207433 0.00465594 0.0052006 0.00457428 0.736335 0.0005878 0.572693 0.000759375 
7 1.5 46550000 7.03604 0.020223 -7.51248 0.00626802 59.4778 0.0866659 4115.3 10.3516 -0.00207433 0.00461072 0.0052006 0.00444109 0.736335 0.000600011 0.572693 0.000773161 
7 1.5 47040000 7.03604 0.020223 -7.51248 0.0063013 59.4778 0.0870581 4115.3 10.3913 -0.00207433 0.00464811 0.0052006 0.00444109 0.736335 0.000602294 0.572693 0.000777742 
7 1.5 47530000 7.03604 0.020223 -7.51248 0.00624433 59.4778 0.0862835 4115.3 10.3047 -0.00207433 0.0046147 0.0052006 0.00444109 0.736335 0.000596327 0.572693 0.000770582 
7 1.5 48020000 7.03604 0.020223 -7.51248 0.00618274 59.4778 0.08566 4115.3 10.2335 -0.00207433 0.00457557 0.0052006 0.00444109 0.736335 0.000590739 0.572693 0.000764157 
7 1.5 48510000 7.03326 0.0197455 -7.51273 0.0061355 59.4789 0.0855547 4115.05 10.2296 -0.00150766 0.00453273 0.0041097 0.00432599 0.736339 0.000591406 0.572658 0.000767566 
7 1.5 49000000 7.03326 0.0197455 -7.51273 0.0060834 59.4789 0.0847725 4115.05 10.1297 -0.00150766 0.00458504 0.0041097 0.00434001 0.736339 0.000585698 0.572658 0.000760079 
7 1.5 49490000 7.03326 0.0197455 -7.51273 0.00602304 59.4789 0.0839534 4115.05 10.0555 -0.00150766 0.00456425 0.0041097 0.00430614 0.736339 0.000580665 0.572658 0.00075713 
7 1.5 49980000 7.03326 0.0197455 -7.51273 0.00596407 59.4789 0.0831266 4115.05 9.9562 -0.00150766 0.00454115 0.0041097 0.00427432 0.736339 0.000575443 0.572658 0.00075713 
7 1.5 50470000 7.03326 0.0189579 -7.51273 0.00595531 59.4789 0.0830967 4115.05 9.96615 -0.00150766 0.00451848 0.0041097 0.00424874 0.736339 0.000572611 0.572658 0.000742795 
7 1.5 50960000 7.03326 0.0189579 -7.51273 0.00591569 59.4789 0.0826637 4115.05 9.92526 -0.00150766 0.00449572 0.0041097 0.00423506 0.736339 0.000568385 0.572658 0.00073754 
7 1.5 51450000 7.03326 0.0189579 -7.51273 0.00585892 59.4789 0.0819036 4115.05 9.84131 -0.00150766 0.00445311 0.0041097 0.00423506 0.736339 0.000563527 0.572658 0.00073425 
7 1.5 51940000 7.03326 0.0189579 -7.51273 0.00583361 59.4789 0.0815167 4115.05 9.77994 -0.00150766 0.00441864 0.0041097 0.00423506 0.736339 0.000559623 0.572658 0.00073425 
7 1.5 52430000 7.02994 0.0184699 -7.5146 0.0058748 59.4997 0.0819684 4116.76 9.7947 -0.00316312 0.0044413 0.00291443 0.00422205 0.736534 0.00056271 0.57289 0.00072937 
7 1.5 52920000 7.02994 0.0184699 -7.5146 0.00583875 59.4997 0.0814331 4116.76 9.72148 -0.00316312 0.0044413 0.00291443 0.00418513 0.736534 0.000560868 0.57289 0.000727226 
7 1.5 53410000 7.02994 0.0184699 -7.5146 0.0057866 59.4997 0.0807112 4116.76 9.63573 -0.00316312 0.0044413 0.00291443 0.00417655 0.736534 0.000556281 0.57289 0.000721524 
7 1.5 53900000 7.02994 0.0184699 -7.5146 0.00573908 59.4997 0.0800226 4116.76 9.54809 -0.00316312 0.0044413 0.00291443 0.00415019 0.736534 0.000554511 0.57289 0.00071877 
7 1.5 54390000 7.02994 0.0177882 -7.5146 0.00569991 59.4997 0.0794875 4116.76 9.48857 -0.00316312 0.00430916 0.00291443 0.00413951 0.736534 0.000551205 0.57289 0.000714624 
7 1.5 54880000 7.02994 0.0177882 -7.5146 0.00565615 59.4997 0.0788878 4116.76 9.4217 -0.00316312 0.00428466 0.00291443 0.00410764 0.736534 0.000546938 0.57289 0.000708913 
7 1.5 55370000 7.02994 0.0177882 -7.5146 0.00562327 59.4997 0.0783774 4116.76 9.35235 -0.00316312 0.00427687 0.00291443 0.00412234 0.736534 0.000543092 0.57289 0.000703514 
7 1.5 55860000 7.02994 0.0177882 -7.5146 0.00559854 59.4997 0.0780263 4116.76 9.30936 -0.00316312 0.00428486 0.00291443 0.00411085 0.736534 0.000539823 0.57289 0.000698028 
7 1.5 56350000 7.03782 0.0189421 -7.5132 0.00562328 59.4756 0.078259 4113.38 9.3186 -0.00173003 0.00436511 0.0039835 0.00409555 0.736567 0.000540042 0.57289 0.000697545 
7 1.5 56840000 7.03782 0.0189421 -7.5132 0.0057449 59.4756 0.0790247 4113.38 9.34434 -0.00173003 0.00436511 0.0039835 0.00407563 0.736567 0.000547851 0.57289 0.000699402 
7 1.5 57330000 7.03782 0.0189421 -7.5132 0.00573323 59.4756 0.0789243 4113.38 9.30103 -0.00173003 0.00436511 0.0039835 0.00406058 0.736567 0.000545895 0.57289 0.000695477 
7 1.5 57820000 7.03782 0.0189421 -7.5132 0.00568502 59.4756 0.0783483 4113.38 9.26966 -0.00173003 0.00436511 0.0039835 0.0040779 0.736567 0.000541875 0.57289 0.000692336 
7 1.5 58310000 7.03782 0.0182892 -7.5132 0.00565333 59.4756 0.07783 4113.38 9.25851 -0.00173003 0.00422013 0.0039835 0.00404328 0.736567 0.000538387 0.57289 0.000693711 
7 1.5 58800000 7.03782 0.0182892 -7.5132 0.00567969 59.4756 0.0783328 4113.38 9.24486 -0.00173003 0.00422013 0.0039835 0.00400882 0.736567 0.000537816 0.57289 0.000691081 
7 1.5 59290000 7.03782 0.0182892 -7.5132 0.00563217 59.4756 0.0776724 4113.38 9.19961 -0.00173003 0.00422013 0.0039835 0.00398238 0.736567 0.00053353 0.57289 0.000685615 
7 1.5 59780000 7.03782 0.0182892 -7.5132 0.00558992 59.4756 0.0770197 4113.38 9.17097 -0.00173003 0.00422013 0.0039835 0.0039799 0.736567 0.000532657 0.57289 0.000681489 
7 1.5 60270000 7.0395 0.017748 -7.51247 0.00554752 59.4651 0.0765856 4111.98 9.13763 -0.00249647 0.00419319 0.00520397 0.00395177 0.736545 0.000529155 0.572842 0.000683959 
7 1.5 60760000 7.0395 0.017748 -7.51247 0.00554752 59.4651 0.0768934 4111.98 9.18223 -0.00249647 0.00419319 0.00520397 0.00393676 0.736545 0.000528458 0.572842 0.000684382 
7 1.5 61250000 7.0395 0.017748 -7.51247 0.00558309 59.4651 0.0774018 4111.98 9.16839 -0.00249647 0.00419319 0.00520397 0.00392725 0.736545 0.000525711 0.572842 0.000679274 
7 1.5 61740000 7.0395 0.017748 -7.51247 0.00554466 59.4651 0.0768652 4111.98 9.17588 -0.00249647 0.00419319 0.00520397 0.00391458 0.736545 0.000523799 0.572842 0.00067803 
7 1.5 62230000 7.0395 0.017748 -7.51247 0.00556745 59.4651 0.0772135 4111.98 9.14693 -0.00249647 0.00419319 0.00520397 0.00389717 0.736545 0.000523077 0.572842 0.000677175 
7 1.5 62720000 7.0395 0.0172273 -7.51247 0.00552665 59.4651 0.0766309 4111.98 9.0916 -0.00249647 0.00407561 0.00520397 0.00386763 0.736545 0.00052023 0.572842 0.000673626 
7 1.5 63210000 7.0395 0.0172273 -7.51247 0.00548712 59.4651 0.0760436 4111.98 9.0207 -0.00249647 0.00407561 0.00520397 0.00384891 0.736545 0.00051637 0.572842 0.000668909 
7 1.5 63700000 7.0395 0.0172273 -7.51247 0.00544662 59.4651 0.0755074 4111.98 8.96412 -0.00249647 0.00407561 0.00520397 0.00382975 0.736545 0.000515596 0.572842 0.000666798 
7 1.5 64190000 7.0395 0.0172273 -7.51247 0.00542097 59.4651 0.075092 4111.98 8.902 -0.00249647 0.00407561 0.00520397 0.00380779 0.736545 0.000511823 0.572842 0.00066203 
7 1.5 64680000 7.04369 0.0169194 -7.51244 0.00537862 59.4629 0.0745054 4111.9 8.8345 -0.00277663 0.00394961 0.00468005 0.00380731 0.736529 0.000508022 0.572801 0.000657182 
7 1.5 65170000 7.04369 0.0169194 -7.51244 0.00533893 59.4629 0.0739418 4111.9 8.7684 -0.00277663 0.00394961 0.00468005 0.00380384 0.736529 0.000504407 0.572801 0.000652547 
7 1.5 65660000 7.04369 0.0169194 -7.51244 0.00529839 59.4629 0.073373 4111.9 8.71617 -0.00277663 0.00398525 0.00468005 0.0037785 0.736529 0.000500585 0.572801 0.000647578 
7 1.5 66150000 7.04369 0.0169194 -7.51244 0.0052907 59.4629 0.073145 4111.9 8.72381 -0.00277663 0.00399524 0.00468005 0.00376389 0.736529 0.000499305 0.572801 0.000646493 
7 1.5 66640000 7.04369 0.0164772 -7.51244 0.00526892 59.4629 0.0728469 4111.9 8.69402 -0.00277663 0.00396683 0.00468005 0.003747 0.736529 0.000496883 0.572801 0.000644445 
7 1.5 67130000 7.04369 0.0164772 -7.51244 0.00523687 59.4629 0.0725494 4111.9 8.66255 -0.00277663 0.00393909 0.00468005 0.0037442 0.736529 0.000494896 0.572801 0.000641536 
7 1.5 67620000 7.04369 0.0164772 -7.51244 0.00521282 59.4629 0.072786 4111.9 8.68379 -0.00277663 0.00391123 0.00468005 0.0037505 0.736529 0.000494079 0.572801 0.000641057 
7 1.5 68110000 7.04369 0.0164772 -7.51244 0.00518277 59.4629 0.0722909 4111.9 8.62079 -0.00277663 0.00390907 0.00468005 0.00374593 0.736529 0.000490987 0.572801 0.000636777 
7 1.5 68600000 7.04705 0.0160922 -7.51224 0.00516736 59.4649 0.0720306 4112.74 8.5848 -0.00261086 0.00395384 0.00231304 0.00375696 0.736557 0.000489136 0.572885 0.000634291 
7 1.5 69090000 7.04705 0.0160922 -7.51224 0.00515075 59.4649 0.0717461 4112.74 8.54252 -0.00261086 0.00392862 0.00231304 0.00375696 0.736557 0.000485753 0.572885 0.000629813 
7 1.5 69580000 7.04705 0.0160922 -7.51224 0.00515291 59.4649 0.0717052 4112.74 8.53515 -0.00261086 0.00390215 0.00231304 0.00375696 0.736557 0.000491719 0.572885 0.000635843 
7 1.5 70070000 7.04705 0.0160922 -7.51224 0.00512635 59.4649 0.0713639 4112.74 8.4987 -0.00261086 0.00387691 0.00231304 0.00375696 0.736557 0.000489206 0.572885 0.000633282 
7 1.5 70560000 7.04705 0.015702 -7.51224 0.00509647 59.4649 0.0709145 4112.74 8.44068 -0.00261086 0.00387583 0.00231304 0.00373032 0.736557 0.000485897 0.572885 0.000628965 
7 1.5 71050000 7.04705 0.015702 -7.51224 0.00506625 59.4649 0.0704693 4112.74 8.38722 -0.00261086 0.00385207 0.00231304 0.00373245 0.736557 0.000482593 0.572885 0.00062464 
7 1.5 71540000 7.04705 0.015702 -7.51224 0.00508056 59.4649 0.0705698 4112.74 8.38278 -0.00261086 0.00386316 0.00231304 0.00371659 0.736557 0.000484503 0.572885 0.000626665 
7 1.5 72030000 7.04705 0.015702 -7.51224 0.00505118 59.4649 0.070105 4112.74 8.32421 -0.00261086 0.00384656 0.00231304 0.00372092 0.736557 0.000483087 0.572885 0.000624001 
7 1.5 72520000 7.0467 0.0153078 -7.51311 0.00502154 59.4751 0.069652 4113.31 8.26783 -0.00197491 0.00382828 0.00103079 0.0041967 0.736568 0.000480272 0.572914 0.000620098 
7 1.5 73010000 7.0467 0.0153078 -7.51311 0.00499835 59.4751 0.0693057 4113.31 8.22269 -0.00197491 0.00386938 0.00103079 0.0041967 0.736568 0.000478296 0.572914 0.00061714 
7 1.5 73500000 7.0467 0.0153078 -7.51311 0.004977 59.4751 0.0690554 4113.31 8.19813 -0.00197491 0.00386519 0.00103079 0.0041967 0.736568 0.000475938 0.572914 0.000614614 
7 1.5 73990000 7.0467 0.0153078 -7.51311 0.00494332 59.4751 0.0685926 4113.31 8.14398 -0.00197491 0.00385713 0.00103079 0.0041967 0.736568 0.000472753 0.572914 0.00061053 
7 1.5 74480000 7.0467 0.0151988 -7.51311 0.0049359 59.4751 0.0684152 4113.31 8.10966 -0.00197491 0.00383593 0.00103079 0.0041967 0.736568 0.000471135 0.572914 0.000607463 
7 1.5 74970000 7.0467 0.0151988 -7.51311 0.00490289 59.4751 0.067964 4113.31 8.06161 -0.00197491 0.00383591 0.00103079 0.0041967 0.736568 0.000468014 0.572914 0.000603445 
7 1.5 75460000 7.0467 0.0151988 -7.51311 0.00487247 59.4751 0.0675521 4113.31 8.0164 -0.00197491 0.00381122 0.00103079 0.0041967 0.736568 0.000465058 0.572914 0.000599523 
7 1.5 75950000 7.0467 0.0151988 -7.51311 0.00488443 59.4751 0.067708 4113.31 8.02475 -0.00197491 0.00379031 0.00103079 0.0041967 0.736568 0.000467051 0.572914 0.00060149 
7 1.5 76440000 7.04254 0.0148375 -7.51353 0.00485435 59.4871 0.0672673 4115.4 7.97245 -0.000965805 0.00376685 0.000529692 0.0041967 0.736536 0.00046509 0.57292 0.000598403 
7 1.5 76930000 7.04254 0.0148375 -7.51353 0.0048278 59.4871 0.0668864 4115.4 7.9235 -0.000965805 0.00375981 0.000529692 0.0041967 0.736536 0.000462229 0.57292 0.000594715 
7 1.5 77420000 7.04254 0.0148375 -7.51353 0.00479807 59.4871 0.0664594 4115.4 7.87343 -0.000965805 0.00373808 0.000529692 0.0041967 0.736536 0.000459694 0.57292 0.000591217 
7 1.5 77910000 7.04254 0.0148375 -7.51353 0.00478147 59.4871 0.0661863 4115.4 7.83801 -0.000965805 0.00374582 0.000529692 0.0041967 0.736536 0.000457919 0.57292 0.000589208 
7 1.5 78400000 7.04254 0.0146345 -7.51353 0.00475227 59.4871 0.0657893 4115.4 7.79363 -0.000965805 0.00374574 0.000529692 0.0041967 0.736536 0.000455729 0.57292 0.000586611 
7 1.5 78890000 7.04254 0.0146345 -7.51353 0.00472753 59.4871 0.0654885 4115.4 7.76961 -0.000965805 0.00372787 0.000529692 0.0041967 0.736536 0.000453034 0.57292 0.000583842 
7 1.5 79380000 7.04254 0.0146345 -7.51353 0.0047121 59.4871 0.0652861 4115.4 7.74622 -0.000965805 0.0037046 0.000529692 0.0041967 0.736536 0.000450877 0.57292 0.000581247 
7 1.5 79870000 7.04254 0.0146345 -7.51353 0.00474097 59.4871 0.0654841 4115.4 7.7445 -0.000965805 0.00368666 0.000529692 0.0041967 0.736536 0.000451449 0.57292 0.000581623 
7 1.5 80360000 7.04724 0.0144632 -7.51347 0.00471989 59.4877 0.065149 4115.64 7.6999 -0.00149566 0.0036716 0.00198377 0.00388372 0.736563 0.000451021 0.572991 0.000580459 
7 1.5 80850000 7.04724 0.0144632 -7.51347 0.00469184 59.4877 0.0647683 4115.64 7.66084 -0.00149566 0.00365075 0.00198377 0.00388372 0.736563 0.000449853 0.572991 0.000577884 
7 1.5 81340000 7.04724 0.0144632 -7.51347 0.00468714 59.4877 0.0646197 4115.64 7.63872 -0.00149566 0.00364745 0.00198377 0.00388372 0.736563 0.000452428 0.572991 0.000579383 
7 1.5 81830000 7.04724 0.0144632 -7.51347 0.00467382 59.4877 0.0644495 4115.64 7.61952 -0.00149566 0.00363853 0.00198377 0.00388372 0.736563 0.000452428 0.572991 0.000577618 
7 1.5 82320000 7.04724 0.0144632 -7.51347 0.00464822 59.4877 0.0640672 4115.64 7.57322 -0.00149566 0.00364666 0.00198377 0.00388372 0.736563 0.000451947 0.572991 0.00057616 
7 1.5 82810000 7.04724 0.0143343 -7.51347 0.00463078 59.4877 0.0637071 4115.64 7.5286 -0.00149566 0.00364488 0.00198377 0.00388372 0.736563 0.000458489 0.572991 0.000575279 
7 1.5 83300000 7.04724 0.0143343 -7.51347 0.00462384 59.4877 0.0636129 4115.64 7.50955 -0.00149566 0.00362755 0.00198377 0.00388372 0.736563 0.000458489 0.572991 0.000574788 
7 1.5 83790000 7.04724 0.0143343 -7.51347 0.00463492 59.4877 0.0634475 4115.64 7.48787 -0.00149566 0.00362831 0.00198377 0.00388372 0.736563 0.000458489 0.572991 0.000574788 
7 1.5 84280000 7.04724 0.0143343 -7.51347 0.00461185 59.4877 0.0632153 4115.64 7.46006 -0.00149566 0.00363427 0.00198377 0.00388372 0.736563 0.000458489 0.572991 0.000574788 
7 1.5 84770000 7.04724 0.013939 -7.51347 0.00459373 59.4877 0.0628452 4115.64 7.41723 -0.00149566 0.0036173 0.00198377 0.00388372 0.736563 0.000454072 0.572991 0.000572443 
7 1.5 85260000 7.04724 0.013939 -7.51347 0.00456805 59.4877 0.0626418 4115.64 7.40042 -0.00149566 0.00360922 0.00198377 0.00388372 0.736563 0.000454072 0.572991 0.000572443 
7 1.5 85750000 7.04724 0.013939 -7.51347 0.00460267 59.4877 0.0630753 4115.64 7.42104 -0.00149566 0.00359528 0.00198377 0.00388372 0.736563 0.000454072 0.572991 0.000572443 
7 1.5 86240000 7.04724 0.013939 -7.51347 0.00458523 59.4877 0.0629212 4115.64 7.3807 -0.00149566 0.00357631 0.00198377 0.00388372 0.736563 0.000454072 0.572991 0.000572443 
7 1.5 86730000 7.04724 0.0139107 -7.51347 0.004576 59.4877 0.0627113 4115.64 7.3486 -0.00149566 0.00355948 0.00198377 0.00388372 0.736563 0.000445301 0.572991 0.000563441 
7 1.5 87220000 7.04724 0.0139107 -7.51347 0.00455356 59.4877 0.0623602 4115.64 7.32059 -0.00149566 0.0035451 0.00198377 0.00388372 0.736563 0.000445301 0.572991 0.000563441 
7 1.5 87710000 7.04724 0.0139107 -7.51347 0.00454448 59.4877 0.0623134 4115.64 7.31604 -0.00149566 0.00353296 0.00198377 0.00388372 0.736563 0.000445301 0.572991 0.000563441 
7 1.5 88200000 7.04724 0.0139107 -7.51347 0.00452299 59.4877 0.0620635 4115.64 7.29333 -0.00149566 0.00352261 0.00198377 0.00388372 0.736563 0.000445301 0.572991 0.000563441 
7 1.5 88690000 7.04777 0.013452 -7.51483 0.00450365 59.5074 0.0617522 4117.88 7.27107 -0.000306967 0.00350351 0.00204503 0.00360193 0.736775 0.000438302 0.57323 0.000555198 
7 1.5 89180000 7.04777 0.013452 -7.51483 0.00447835 59.5074 0.0614196 4117.88 7.23134 -0.000306967 0.00349918 0.00204503 0.00360193 0.736775 0.000438302 0.57323 0.000555198 
7 1.5 89670000 7.04777 0.013452 -7.51483 0.00445571 59.5074 0.0611218 4117.88 7.19284 -0.000306967 0.00351471 0.00204503 0.00360193 0.736775 0.000438302 0.57323 0.000555198 
7 1.5 90160000 7.04777 0.013452 -7.51483 0.00443221 59.5074 0.0608836 4117.88 7.16528 -0.000306967 0.00350336 0.00204503 0.00360193 0.736775 0.000438302 0.57323 0.000555198 
7 1.5 90650000 7.04777 0.013452 -7.51483 0.00443598 59.5074 0.0607008 4117.88 7.14972 -0.000306967 0.00348407 0.00204503 0.00360193 0.736775 0.000435902 0.57323 0.000552634 
7 1.5 91140000 7.04777 0.013452 -7.51483 0.0044115 59.5074 0.0604219 4117.88 7.11269 -0.000306967 0.00346644 0.00204503 0.00360193 0.736775 0.000435902 0.57323 0.000552634 
7 1.5 91630000 7.04777 0.013452 -7.51483 0.00441173 59.5074 0.0604689 4117.88 7.11007 -0.000306967 0.00346308 0.00204503 0.00360193 0.736775 0.000435902 0.57323 0.000552634 
7 1.5 92120000 7.04777 0.013452 -7.51483 0.0043881 59.5074 0.0601708 4117.88 7.09588 -0.000306967 0.00345367 0.00204503 0.00360193 0.736775 0.000435902 0.57323 0.000552634 
7 1.5 92610000 7.04777 0.0129276 -7.51483 0.00437065 59.5074 0.0600728 4117.88 7.07587 -0.000306967 0.00344038 0.00204503 0.00360193 0.736775 0.000429646 0.57323 0.000543775 
7 1.5 93100000 7.04777 0.0129276 -7.51483 0.00434885 59.5074 0.0597513 4117.88 7.04039 -0.000306967 0.00343797 0.00204503 0.00360193 0.736775 0.000429646 0.57323 0.000543775 
7 1.5 93590000 7.04777 0.0129276 -7.51483 0.00433975 59.5074 0.0596217 4117.88 7.03281 -0.000306967 0.00342329 0.00204503 0.00360193 0.736775 0.000429646 0.57323 0.000543775 
7 1.5 94080000 7.04777 0.0129276 -7.51483 0.00431971 59.5074 0.0593512 4117.88 7.00412 -0.000306967 0.00340713 0.00204503 0.00360193 0.736775 0.000429646 0.57323 0.000543775 
7 1.5 94570000 7.04777 0.0129276 -7.51483 0.004319 59.5074 0.0593342 4117.88 6.98529 -0.000306967 0.00340245 0.00204503 0.00360193 0.736775 0.000427852 0.57323 0.000542844 
7 1.5 95060000 7.04777 0.0129276 -7.51483 0.00429859 59.5074 0.0590707 4117.88 6.96204 -0.000306967 0.00338471 0.00204503 0.00360193 0.736775 0.000427852 0.57323 0.000542844 
7 1.5 95550000 7.04777 0.0129276 -7.51483 0.00427973 59.5074 0.0587742 4117.88 6.92679 -0.000306967 0.00337178 0.00204503 0.00360193 0.736775 0.000427852 0.57323 0.000542844 
7 1.5 96040000 7.04777 0.0129276 -7.51483 0.00427196 59.5074 0.0586317 4117.88 6.90024 -0.000306967 0.00338423 0.00204503 0.00360193 0.736775 0.000427852 0.57323 0.000542844 
7 1.5 96530000 7.04922 0.0123902 -7.51319 0.00425641 59.4862 0.0584182 4115.71 6.88984 0.000364732 0.00337253 0.00184482 0.00324255 0.736518 0.00042115 0.572911 0.000533506 
7 1.5 97020000 7.04922 0.0123902 -7.51319 0.00424729 59.4862 0.0582132 4115.71 6.85904 0.000364732 0.00335888 0.00184482 0.00324255 0.736518 0.00042115 0.572911 0.000533506 
7 1.5 97510000 7.04922 0.0123902 -7.51319 0.00422553 59.4862 0.0579896 4115.71 6.83627 0.000364732 0.00336548 0.00184482 0.00324255 0.736518 0.00042115 0.572911 0.000533506 
7 1.5 98000000 7.04922 0.0123902 -7.51319 0.00421243 59.4862 0.0579199 4115.71 6.83015 0.000364732 0.00335645 0.00184482 0.00324255 0.736518 0.00042115 0.572911 0.000533506 
7 1.5 98490000 7.04922 0.0123902 -7.51319 0.00420474 59.4862 0.0578157 4115.71 6.81647 0.000364732 0.00336661 0.00184482 0.00324255 0.736518 0.000418569 0.572911 0.000526474 
7 1.5 98980000 7.04922 0.0123902 -7.51319 0.00420913 59.4862 0.0578974 4115.71 6.79423 0.000364732 0.00335064 0.00184482 0.00324255 0.736518 0.000416473 0.572911 0.000524623 
7 1.5 99470000 7.04922 0.0123902 -7.51319 0.00419322 59.4862 0.057743 4115.71 6.78678 0.000364732 0.00333674 0.00184482 0.00324255 0.736518 0.000414394 0.572911 0.000523217 
7 1.5 99960000 7.04922 0.0123902 -7.51319 0.00418497 59.4862 0.0576681 4115.71 6.78251 0.000364732 0.00332351 0.00184482 0.00324255 0.736518 0.000412584 0.572911 0.000523217 
