L J MC_steps R2 R2_std E E_std E2 E2_std E4 E4_std Sin1 Sin1_std Cos1 Cos1_std Mag2 Mag2_std Mag4 Mag4_std
8 0.75 640000 13.2612 0.319377 -4.77837 0.0955859 30.6719 0.976699 1757.31 120.539 -0.0110453 0.0157665 0.02907 0.0173048 0.392818 0.00779444 0.208786 0.00711256 
8 0.75 1280000 13.3605 0.210421 -4.73894 0.0641029 30.3392 0.654993 1735.92 72.1557 -0.0027805 0.0109043 0.0219694 0.0118676 0.392205 0.00530472 0.208109 0.00459397 
8 0.75 1920000 13.1591 0.169002 -4.79196 0.0517215 31.1192 0.53632 1831.9 61.7932 0.00678534 0.00860721 0.0132565 0.0126438 0.395413 0.0041634 0.211311 0.00368673 
8 0.75 2560000 13.1078 0.143902 -4.79788 0.0451131 31.2255 0.473335 1863.77 52.6975 -0.000734997 0.00751025 0.00953507 0.00952116 0.395405 0.00365997 0.212337 0.00323024 
8 0.75 3200000 13.1057 0.12754 -4.80063 0.0403816 31.2467 0.424874 1865.31 47.4065 0.00134957 0.0067054 -0.00147467 0.0103261 0.3967 0.00325073 0.213106 0.00288643 
8 0.75 3840000 13.1168 0.117022 -4.78283 0.0372997 31.1056 0.402447 1860.6 55.3953 0.00106763 0.00627721 -0.000741957 0.0110557 0.396108 0.00305762 0.212889 0.00272717 
8 0.75 4480000 13.1245 0.111711 -4.7747 0.0343859 31.1117 0.356846 1862.98 46.4118 -0.0003556 0.00593653 0.0019752 0.00947229 0.395463 0.00280001 0.212669 0.00249075 
8 0.75 5120000 13.1525 0.104282 -4.76665 0.0324391 31.0452 0.337238 1860.89 40.0207 -0.00242292 0.0064843 -0.00140351 0.0082779 0.395693 0.00263717 0.212891 0.00230262 
8 0.75 5760000 13.133 0.0979252 -4.77715 0.0303194 31.1514 0.315646 1866.49 38.1909 -0.00292565 0.00646961 -0.00248367 0.0072556 0.396378 0.00243342 0.213222 0.0021762 
8 0.75 6400000 13.1317 0.0934388 -4.78129 0.0286494 31.1924 0.298831 1870.54 34.2109 -0.00144196 0.00591652 -0.00139109 0.00662946 0.396796 0.00229235 0.213666 0.00202198 
8 0.75 7040000 13.1122 0.0877174 -4.78463 0.0270652 31.2137 0.281356 1873.26 37.9218 -0.00162635 0.00565208 -0.000982695 0.00610527 0.39674 0.00215156 0.213665 0.00191291 
8 0.75 7680000 13.1171 0.0831527 -4.77555 0.0259786 31.1266 0.272474 1869.63 37.9218 0.00042477 0.00542731 -0.00120116 0.00555415 0.39656 0.0020873 0.213403 0.00186291 
8 0.75 8320000 13.114 0.0787238 -4.78071 0.0250946 31.1797 0.262523 1874.36 31.6175 -0.002201 0.00506068 -0.000272088 0.00517805 0.397147 0.00207941 0.213815 0.00184616 
8 0.75 8960000 13.1412 0.0762227 -4.77578 0.0241933 31.1873 0.252801 1880.57 31.6175 -0.00246441 0.00488172 -0.002758 0.0053353 0.397195 0.00199228 0.214207 0.00176365 
8 0.75 9600000 13.1439 0.0735773 -4.76943 0.0232512 31.1783 0.244348 1883.6 28.4177 -0.00380531 0.0046205 -0.00162898 0.00507226 0.397145 0.0019393 0.21427 0.00173053 
8 0.75 10240000 13.1096 0.0711755 -4.7764 0.0227827 31.211 0.239639 1883.64 28.4177 -0.00415546 0.00439169 -0.00178199 0.00473642 0.397817 0.00189157 0.214669 0.00169228 
8 0.75 10880000 13.1264 0.0680163 -4.77153 0.0219031 31.1473 0.230916 1876.06 25.8475 -0.00565829 0.00419433 -0.000869049 0.00452752 0.397376 0.00181103 0.214321 0.00161578 
8 0.75 11520000 13.1217 0.0653925 -4.77413 0.0214001 31.1824 0.225847 1880.47 25.8475 -0.00563707 0.00405515 -0.000595992 0.00426942 0.397312 0.00176044 0.214335 0.00157697 
8 0.75 12160000 13.1424 0.0640408 -4.77681 0.0205766 31.2002 0.217236 1881.51 23.9467 -0.00701036 0.00393445 -0.00108636 0.00406029 0.397471 0.00168937 0.214548 0.00151229 
8 0.75 12800000 13.1344 0.0623945 -4.77648 0.0200915 31.197 0.211338 1883.52 23.5445 -0.00688156 0.00375612 -0.000697064 0.00386521 0.39708 0.00164472 0.214244 0.00147593 
8 0.75 13440000 13.164 0.0606065 -4.77914 0.0197492 31.24 0.207768 1888.6 22.9025 -0.00674994 0.003618 0.000991017 0.00402373 0.397402 0.00161541 0.214608 0.00145012 
8 0.75 14080000 13.164 0.0587314 -4.77914 0.0192966 31.24 0.202986 1888.6 22.348 -0.00674994 0.00351524 0.000991017 0.0038997 0.397402 0.00158959 0.214608 0.00142654 
8 0.75 14720000 13.1202 0.0608274 -4.77781 0.0188494 31.244 0.197741 1887.05 21.7226 -0.00668849 0.00341482 0.00153264 0.00372752 0.396839 0.00155244 0.214255 0.00140488 
8 0.75 15360000 13.1202 0.0608274 -4.77781 0.0183734 31.244 0.19289 1887.05 21.2349 -0.00668849 0.00328986 0.00153264 0.00360549 0.396839 0.00151523 0.214255 0.00136977 
8 0.75 16000000 13.1146 0.0577838 -4.7765 0.0179922 31.2407 0.188987 1886.55 20.7973 -0.00567246 0.00317039 0.0011959 0.00356213 0.396749 0.00147772 0.214314 0.00133215 
8 0.75 16640000 13.1146 0.0577838 -4.7765 0.0175761 31.2407 0.184413 1886.55 20.2742 -0.00567246 0.00313601 0.0011959 0.00346667 0.396749 0.0014594 0.214314 0.00131059 
8 0.75 17280000 13.1192 0.0577838 -4.77562 0.0172067 31.2165 0.181412 1881.68 20.0423 -0.00731805 0.00306363 0.00255568 0.00341974 0.397064 0.00143229 0.214479 0.00128699 
8 0.75 17920000 13.1192 0.0577838 -4.77562 0.0168469 31.2165 0.177554 1881.68 19.5994 -0.00731805 0.00300273 0.00255568 0.00345315 0.397064 0.00140132 0.214479 0.00125518 
8 0.75 18560000 13.1331 0.0523988 -4.77615 0.0164777 31.2026 0.17413 1879.08 19.183 -0.00762895 0.0029347 0.00102136 0.00336238 0.397323 0.00137292 0.214631 0.00123004 
8 0.75 19200000 13.1331 0.0523988 -4.77615 0.0161276 31.2026 0.169957 1879.08 18.7588 -0.00762895 0.00290068 0.00102136 0.00326499 0.397323 0.00135453 0.214631 0.00122176 
8 0.75 19840000 13.1407 0.0523988 -4.776 0.0158964 31.1772 0.167907 1873.85 18.4534 -0.00695286 0.00286145 0.000641758 0.00323746 0.397031 0.00134163 0.214319 0.00120291 
8 0.75 20480000 13.1407 0.0523988 -4.776 0.0157221 31.1772 0.166356 1873.85 18.1619 -0.00695286 0.00282433 0.000641758 0.00321747 0.397031 0.0013303 0.214319 0.0011894 
8 0.75 21120000 13.1483 0.0480193 -4.77169 0.0155135 31.1641 0.164117 1876.85 17.7566 -0.00748124 0.00275518 0.000429727 0.00316067 0.396799 0.00131946 0.214304 0.00117761 
8 0.75 21760000 13.1483 0.0480193 -4.77169 0.0152003 31.1641 0.160852 1876.85 17.431 -0.00748124 0.00270257 0.000429727 0.00306539 0.396799 0.00129165 0.214304 0.00115296 
8 0.75 22400000 13.1548 0.0480193 -4.77279 0.0150966 31.1669 0.158948 1876.32 17.146 -0.00705424 0.00264607 0.00022292 0.00298647 0.396886 0.00125923 0.214383 0.0011251 
8 0.75 23040000 13.1548 0.0480193 -4.77279 0.014905 31.1669 0.157734 1876.32 17.0553 -0.00705424 0.00259687 0.00022292 0.00292666 0.396886 0.00125107 0.214383 0.00111847 
8 0.75 23680000 13.1603 0.0445248 -4.77112 0.014794 31.167 0.155943 1877.29 16.8009 -0.00781572 0.00255402 0.000992509 0.00286971 0.396643 0.00125524 0.214301 0.00111597 
8 0.75 24320000 13.1603 0.0441918 -4.77112 0.0148277 31.167 0.15601 1877.29 16.8973 -0.00781572 0.00250903 0.000992509 0.00280205 0.396643 0.00125928 0.214301 0.00111423 
8 0.75 24960000 13.1603 0.0441455 -4.77112 0.0146129 31.167 0.153904 1877.29 16.6815 -0.00781572 0.00248041 0.000992509 0.00280205 0.396643 0.00124046 0.214301 0.00109833 
8 0.75 25600000 13.1647 0.0441455 -4.77329 0.0145521 31.1836 0.153876 1878.66 16.6272 -0.00720768 0.00243303 0.00134112 0.00273047 0.396753 0.00124025 0.214393 0.00110363 
8 0.75 26240000 13.1647 0.0441455 -4.77329 0.0146216 31.1836 0.152737 1878.66 16.7883 -0.00720768 0.00240794 0.00134112 0.00268192 0.396753 0.00122046 0.214393 0.00108615 
8 0.75 26880000 13.1631 0.0414092 -4.77574 0.0143131 31.206 0.149339 1880.77 16.3766 -0.00714524 0.00237457 0.00124882 0.00262657 0.396885 0.0011989 0.214529 0.00106453 
8 0.75 27520000 13.1631 0.040749 -4.77574 0.0139776 31.206 0.147806 1880.77 16.0534 -0.00714524 0.00234261 0.00124882 0.00257951 0.396885 0.00118598 0.214529 0.00105181 
8 0.75 28160000 13.1631 0.0401443 -4.77574 0.0142336 31.206 0.14901 1880.77 16.2358 -0.00714524 0.00231683 0.00124882 0.00254889 0.396885 0.00116946 0.214529 0.0010383 
8 0.75 28800000 13.1631 0.039821 -4.77574 0.0139107 31.206 0.145633 1880.77 15.8777 -0.00714524 0.00228551 0.00124882 0.00252177 0.396885 0.00115078 0.214529 0.0010208 
8 0.75 29440000 13.1658 0.0391326 -4.77901 0.0136099 31.2327 0.142529 1884.76 15.5299 -0.00550722 0.00245889 0.00065791 0.0024874 0.397306 0.00112878 0.214861 0.00100028 
8 0.75 30080000 13.1658 0.0389667 -4.77901 0.013339 31.2327 0.141017 1884.76 15.4334 -0.00550722 0.00245889 0.00065791 0.00244982 0.397306 0.00111996 0.214861 0.00099601 
8 0.75 30720000 13.1658 0.038704 -4.77901 0.0130906 31.2327 0.138749 1884.76 15.1436 -0.00550722 0.00245889 0.00065791 0.00245559 0.397306 0.00110922 0.214861 0.000983547 
8 0.75 31360000 13.1658 0.0382998 -4.77901 0.013002 31.2327 0.137603 1884.76 14.8889 -0.00550722 0.00245889 0.00065791 0.00252592 0.397306 0.00109636 0.214861 0.000971679 
8 0.75 32000000 13.1601 0.0379945 -4.77643 0.0131791 31.1941 0.138433 1880.81 14.928 -0.00587391 0.00228116 0.000514403 0.00253076 0.397276 0.0010885 0.214806 0.000964907 
8 0.75 32640000 13.1601 0.0376981 -4.77643 0.0130585 31.1941 0.138486 1880.81 15.1344 -0.00587391 0.00228116 0.000514403 0.0024798 0.397276 0.00107622 0.214806 0.000957816 
8 0.75 33280000 13.1601 0.0372417 -4.77643 0.0128322 31.1941 0.136111 1880.81 14.8623 -0.00587391 0.00228116 0.000514403 0.00243705 0.397276 0.0010701 0.214806 0.000951065 
8 0.75 33920000 13.1601 0.0371252 -4.77643 0.0128451 31.1941 0.136365 1880.81 14.8133 -0.00587391 0.00228116 0.000514403 0.00246254 0.397276 0.00106477 0.214806 0.000944802 
8 0.75 34560000 13.1455 0.036741 -4.78686 0.0126384 31.3126 0.13413 1892.48 14.5533 -0.00561919 0.00211986 0.000210362 0.00242125 0.398268 0.00115651 0.215641 0.000932342 
8 0.75 35200000 13.1455 0.0367248 -4.78686 0.0125282 31.3126 0.132464 1892.48 14.3009 -0.00561919 0.00212187 0.000210362 0.00244608 0.398268 0.00115651 0.215641 0.000924249 
8 0.75 35840000 13.1455 0.0361829 -4.78686 0.0123384 31.3126 0.132464 1892.48 14.0387 -0.00561919 0.00211986 0.000210362 0.0024124 0.398268 0.00115651 0.215641 0.000924249 
8 0.75 36480000 13.1455 0.035769 -4.78686 0.0122701 31.3126 0.132464 1892.48 14.0984 -0.00561919 0.00211986 0.000210362 0.00236866 0.398268 0.00115651 0.215641 0.000924249 
8 0.75 37120000 13.1434 0.0353211 -4.78877 0.0122274 31.3233 0.13325 1892.94 13.8756 -0.00570059 0.00205181 0.000245991 0.00246279 0.398485 0.00119606 0.215778 0.000947132 
8 0.75 37760000 13.1434 0.0352099 -4.78877 0.0122274 31.3233 0.13325 1892.94 13.7826 -0.00570059 0.00201954 0.000245991 0.00242318 0.398485 0.00119606 0.215778 0.000947132 
8 0.75 38400000 13.1434 0.0348025 -4.78877 0.0122274 31.3233 0.13325 1892.94 13.6739 -0.00570059 0.00199794 0.000245991 0.00238169 0.398485 0.00119606 0.215778 0.000947132 
8 0.75 39040000 13.1434 0.0344999 -4.78877 0.0122274 31.3233 0.13325 1892.94 13.5626 -0.00570059 0.00197303 0.000245991 0.00242244 0.398485 0.00119606 0.215778 0.000947132 
8 0.75 39680000 13.1592 0.0344115 -4.79005 0.0122274 31.3308 0.13325 1894.86 13.4579 -0.00615254 0.00196939 -0.000180848 0.00238225 0.398387 0.00119606 0.215696 0.000947132 
8 0.75 40320000 13.1592 0.0340424 -4.79005 0.0122274 31.3308 0.13325 1894.86 13.4165 -0.00615254 0.00195064 -0.000180848 0.00234677 0.398387 0.00119606 0.215696 0.000947132 
8 0.75 40960000 13.1592 0.0338047 -4.79005 0.0122274 31.3308 0.13325 1894.86 13.2603 -0.00615254 0.00194102 -0.000180848 0.00231094 0.398387 0.00119606 0.215696 0.000947132 
8 0.75 41600000 13.1592 0.0335221 -4.79005 0.0122274 31.3308 0.13325 1894.86 13.1611 -0.00615254 0.00191531 -0.000180848 0.00231758 0.398387 0.00119606 0.215696 0.000947132 
8 0.75 42240000 13.1497 0.033384 -4.79322 0.0114782 31.3617 0.121993 1898.48 12.989 -0.00621114 0.00190588 0.000223028 0.0022814 0.398692 0.00106431 0.215895 0.000839602 
8 0.75 42880000 13.1497 0.0332931 -4.79322 0.0114782 31.3617 0.121993 1898.48 12.8569 -0.00621114 0.00189008 0.000223028 0.00224711 0.398692 0.00106431 0.215895 0.000835853 
8 0.75 43520000 13.1497 0.0329234 -4.79322 0.0114782 31.3617 0.121993 1898.48 12.7861 -0.00621114 0.00186721 0.000223028 0.00222516 0.398692 0.00106431 0.215895 0.000835853 
8 0.75 44160000 13.1497 0.0326634 -4.79322 0.0114782 31.3617 0.121993 1898.48 12.6693 -0.00621114 0.00185656 0.000223028 0.00222123 0.398692 0.00106431 0.215895 0.000835853 
8 0.75 44800000 13.1437 0.0325979 -4.79503 0.0114782 31.3726 0.121993 1899.12 12.5127 -0.00555928 0.0018479 -0.000221759 0.00222029 0.398731 0.00106431 0.215877 0.000835853 
8 0.75 45440000 13.1437 0.0326632 -4.79503 0.0114782 31.3726 0.121993 1899.12 12.5002 -0.00555928 0.00183099 -0.000221759 0.00221496 0.398731 0.00106431 0.215877 0.000835853 
8 0.75 46080000 13.1437 0.0322794 -4.79503 0.0114782 31.3726 0.121993 1899.12 12.5002 -0.00555928 0.00182961 -0.000221759 0.00218396 0.398731 0.00106431 0.215877 0.000835853 
8 0.75 46720000 13.1437 0.0320225 -4.79503 0.0114782 31.3726 0.121993 1899.12 12.5002 -0.00555928 0.00181532 -0.000221759 0.00215573 0.398731 0.00106431 0.215877 0.000835853 
8 0.75 47360000 13.1537 0.0316264 -4.79527 0.0108237 31.3846 0.113006 1900.99 12.1896 -0.00522818 0.00179464 -0.000378961 0.00215364 0.39872 0.000946418 0.215907 0.000798439 
8 0.75 48000000 13.1537 0.0313129 -4.79527 0.0107369 31.3846 0.111904 1900.99 12.0572 -0.00522818 0.00177344 -0.000378961 0.00212646 0.39872 0.000946418 0.215907 0.000790086 
8 0.75 48640000 13.1537 0.0311063 -4.79527 0.0106686 31.3846 0.111081 1900.99 11.9618 -0.00522818 0.00176274 -0.000378961 0.00211544 0.39872 0.000946418 0.215907 0.000788147 
8 0.75 49280000 13.1537 0.0310342 -4.79527 0.0105911 31.3846 0.110567 1900.99 11.8445 -0.00522818 0.00174765 -0.000378961 0.00209009 0.39872 0.000946418 0.215907 0.000780348 
8 0.75 49920000 13.153 0.0305998 -4.79812 0.0105062 31.4015 0.110567 1901.74 11.7732 -0.00495179 0.00173687 -0.000241873 0.00206384 0.398901 0.000946418 0.216041 0.000772321 
8 0.75 50560000 13.153 0.0303303 -4.79812 0.0104261 31.4015 0.110567 1901.74 11.6775 -0.00495179 0.00171511 -0.000241873 0.00204038 0.398901 0.000946418 0.216041 0.000765069 
8 0.75 51200000 13.153 0.0302966 -4.79812 0.0104143 31.4015 0.110567 1901.74 11.6306 -0.00495179 0.00169666 -0.000241873 0.00204782 0.398901 0.000946418 0.216041 0.000761814 
8 0.75 51840000 13.153 0.0300763 -4.79812 0.0103846 31.4015 0.110567 1901.74 11.5282 -0.00495179 0.00168038 -0.000241873 0.00202642 0.398901 0.000946418 0.216041 0.000756894 
8 0.75 52480000 13.153 0.0298587 -4.79812 0.0103846 31.4015 0.110567 1901.74 11.4702 -0.00495179 0.00166916 -0.000241873 0.00202642 0.398901 0.000946418 0.216041 0.000753784 
8 0.75 53120000 13.1569 0.0299652 -4.79618 0.0121491 31.3699 0.117377 1897.3 12.442 -0.00502304 0.00165579 0.000391909 0.00200111 0.398758 0.0010232 0.21587 0.000793708 
8 0.75 53760000 13.1569 0.0297802 -4.79618 0.0121491 31.3699 0.117377 1897.3 12.442 -0.00502304 0.00163654 0.000391909 0.00197647 0.398758 0.0010232 0.21587 0.000793708 
8 0.75 54400000 13.1569 0.0294994 -4.79618 0.0121491 31.3699 0.117377 1897.3 12.442 -0.00502304 0.0016209 0.000391909 0.00195718 0.398758 0.0010232 0.21587 0.000793708 
8 0.75 55040000 13.1569 0.0295445 -4.79618 0.0121491 31.3699 0.117377 1897.3 12.442 -0.00502304 0.00160752 0.000391909 0.00196818 0.398758 0.0010232 0.21587 0.000793708 
8 0.75 55680000 13.1569 0.0294489 -4.79618 0.0121491 31.3699 0.117377 1897.3 12.442 -0.00502304 0.0016041 0.000391909 0.00195087 0.398758 0.0010232 0.21587 0.000793708 
8 0.75 56320000 13.1569 0.0294489 -4.79618 0.0121491 31.3699 0.117377 1897.3 12.442 -0.00502304 0.00159875 0.000391909 0.00194119 0.398758 0.0010232 0.21587 0.000793708 
8 0.75 56960000 13.1569 0.0290916 -4.79618 0.0121491 31.3699 0.117377 1897.3 12.442 -0.00502304 0.00159379 0.000391909 0.00192039 0.398758 0.0010232 0.21587 0.000793708 
8 0.75 57600000 13.1569 0.0289347 -4.79618 0.0121491 31.3699 0.117377 1897.3 12.442 -0.00502304 0.00158037 0.000391909 0.00189912 0.398758 0.0010232 0.21587 0.000793708 
8 0.75 58240000 13.1519 0.0286478 -4.79505 0.0121491 31.3681 0.117377 1897.87 12.442 -0.00476396 0.00156747 0.000371603 0.00187763 0.398828 0.0010232 0.215944 0.000793708 
8 0.75 58880000 13.1519 0.0285132 -4.79505 0.0121491 31.3681 0.117377 1897.87 12.442 -0.00476396 0.00157055 0.000371603 0.00185677 0.398828 0.0010232 0.215944 0.000793708 
8 0.75 59520000 13.1519 0.0283724 -4.79505 0.0121491 31.3681 0.117377 1897.87 12.442 -0.00476396 0.00156583 0.000371603 0.00183673 0.398828 0.0010232 0.215944 0.000793708 
8 0.75 60160000 13.1519 0.0281771 -4.79505 0.0121491 31.3681 0.117377 1897.87 12.442 -0.00476396 0.00155739 0.000371603 0.00182274 0.398828 0.0010232 0.215944 0.000793708 
8 0.75 60800000 13.1519 0.0280308 -4.79505 0.0121491 31.3681 0.117377 1897.87 12.442 -0.00476396 0.00154074 0.000371603 0.00181701 0.398828 0.0010232 0.215944 0.000793708 
8 0.75 61440000 13.1519 0.0277666 -4.79505 0.0121491 31.3681 0.117377 1897.87 12.442 -0.00476396 0.00153113 0.000371603 0.00179921 0.398828 0.0010232 0.215944 0.000793708 
8 0.75 62080000 13.1519 0.0275839 -4.79505 0.0121491 31.3681 0.117377 1897.87 12.442 -0.00476396 0.00152377 0.000371603 0.00178495 0.398828 0.0010232 0.215944 0.000793708 
8 0.75 62720000 13.1519 0.0274294 -4.79505 0.0121491 31.3681 0.117377 1897.87 12.442 -0.00476396 0.00152748 0.000371603 0.00176695 0.398828 0.0010232 0.215944 0.000793708 
8 0.75 63360000 13.1481 0.0272999 -4.79545 0.0101459 31.3742 0.097893 1898.24 10.4329 -0.00379563 0.00164097 0.000128479 0.00174909 0.39888 0.000859925 0.216034 0.000682913 
8 0.75 64000000 13.1481 0.0271671 -4.79545 0.0101459 31.3742 0.097893 1898.24 10.4033 -0.00379563 0.00164097 0.000128479 0.00173353 0.39888 0.000859925 0.216034 0.000679069 
8 0.75 64640000 13.1481 0.0270762 -4.79545 0.0101459 31.3742 0.097893 1898.24 10.4033 -0.00379563 0.00164097 0.000128479 0.00172552 0.39888 0.000859925 0.216034 0.00067803 
8 0.75 65280000 13.1481 0.0270176 -4.79545 0.0101459 31.3742 0.097893 1898.24 10.4033 -0.00379563 0.00164097 0.000128479 0.00170812 0.39888 0.000859925 0.216034 0.00067803 
8 0.75 65920000 13.1481 0.0268653 -4.79545 0.0101459 31.3742 0.097893 1898.24 10.4033 -0.00379563 0.00164097 0.000128479 0.0016944 0.39888 0.000859925 0.216034 0.00067803 
8 0.75 66560000 13.1481 0.0267811 -4.79545 0.0101459 31.3742 0.097893 1898.24 10.4033 -0.00379563 0.00164097 0.000128479 0.00167763 0.39888 0.000859925 0.216034 0.00067803 
8 0.75 67200000 13.1481 0.0265899 -4.79545 0.0101459 31.3742 0.097893 1898.24 10.4033 -0.00379563 0.00164097 0.000128479 0.00167723 0.39888 0.000859925 0.216034 0.00067803 
8 0.75 67840000 13.1481 0.0264894 -4.79545 0.0101459 31.3742 0.097893 1898.24 10.4033 -0.00379563 0.00164097 0.000128479 0.00166155 0.39888 0.000859925 0.216034 0.00067803 
8 0.75 68480000 13.1496 0.0263461 -4.79675 0.0101459 31.3938 0.097893 1900.5 10.4033 -0.00360786 0.00164097 0.000117807 0.00165468 0.399061 0.000859925 0.216215 0.00067803 
8 0.75 69120000 13.1496 0.0261595 -4.79675 0.0101459 31.3938 0.097893 1900.5 10.4033 -0.00360786 0.00164097 0.000117807 0.00163952 0.399061 0.000859925 0.216215 0.00067803 
8 0.75 69760000 13.1496 0.0261019 -4.79675 0.0101459 31.3938 0.097893 1900.5 10.4033 -0.00360786 0.00164097 0.000117807 0.00163165 0.399061 0.000859925 0.216215 0.00067803 
8 0.75 70400000 13.1496 0.025935 -4.79675 0.0101459 31.3938 0.097893 1900.5 10.4033 -0.00360786 0.00164097 0.000117807 0.00161726 0.399061 0.000859925 0.216215 0.00067803 
8 0.75 71040000 13.1496 0.0258588 -4.79675 0.0101459 31.3938 0.097893 1900.5 10.4033 -0.00360786 0.00164097 0.000117807 0.00160326 0.399061 0.000859925 0.216215 0.00067803 
8 0.75 71680000 13.1496 0.0257269 -4.79675 0.0101459 31.3938 0.097893 1900.5 10.4033 -0.00360786 0.00164097 0.000117807 0.00158988 0.399061 0.000859925 0.216215 0.00067803 
8 0.75 72320000 13.1496 0.0255946 -4.79675 0.0101459 31.3938 0.097893 1900.5 10.4033 -0.00360786 0.00164097 0.000117807 0.00157588 0.399061 0.000859925 0.216215 0.00067803 
8 0.75 72960000 13.1496 0.0254597 -4.79675 0.0101459 31.3938 0.097893 1900.5 10.4033 -0.00360786 0.00164097 0.000117807 0.00157376 0.399061 0.000859925 0.216215 0.00067803 
8 0.75 73600000 13.1544 0.0253053 -4.7942 0.0087731 31.375 0.0893495 1899.85 9.71533 -0.0036428 0.00142479 9.72131e-05 0.00156115 0.398848 0.000737677 0.216038 0.000634796 
8 0.75 74240000 13.1544 0.0251549 -4.7942 0.0087731 31.375 0.0890575 1899.85 9.69493 -0.0036428 0.00141873 9.72131e-05 0.00155097 0.398848 0.000737677 0.216038 0.000631276 
8 0.75 74880000 13.1544 0.0250683 -4.7942 0.0087731 31.375 0.0884409 1899.85 9.67201 -0.0036428 0.0014185 9.72131e-05 0.00154425 0.398848 0.000737677 0.216038 0.000626706 
8 0.75 75520000 13.1544 0.0249376 -4.7942 0.0087731 31.375 0.0881028 1899.85 9.67201 -0.0036428 0.00141364 9.72131e-05 0.00154112 0.398848 0.000737677 0.216038 0.000624641 
8 0.75 76160000 13.1544 0.0248635 -4.7942 0.0087731 31.375 0.087629 1899.85 9.53981 -0.0036428 0.00141364 9.72131e-05 0.00152802 0.398848 0.000737677 0.216038 0.000620412 
8 0.75 76800000 13.1544 0.0247434 -4.7942 0.0087731 31.375 0.08745 1899.85 9.51133 -0.0036428 0.00141364 9.72131e-05 0.00151732 0.398848 0.000737677 0.216038 0.000618245 
8 0.75 77440000 13.1544 0.0247245 -4.7942 0.0087731 31.375 0.0870644 1899.85 9.48672 -0.0036428 0.00141364 9.72131e-05 0.00150466 0.398848 0.000737677 0.216038 0.000615191 
8 0.75 78080000 13.1544 0.0246251 -4.7942 0.0087731 31.375 0.0865506 1899.85 9.43311 -0.0036428 0.00141364 9.72131e-05 0.00149479 0.398848 0.000737677 0.216038 0.000611059 
8 0.75 78720000 13.1578 0.0244396 -4.79105 0.0087731 31.3269 0.0861152 1893.91 9.48804 -0.00311641 0.00141364 0.000150373 0.00148542 0.398467 0.000737677 0.215671 0.000616583 
8 0.75 79360000 13.1578 0.0243429 -4.79105 0.0087731 31.3269 0.0855571 1893.91 9.48804 -0.00311641 0.00141364 0.000150373 0.00148542 0.398467 0.000737677 0.215671 0.000616583 
8 0.75 80000000 13.1578 0.0243336 -4.79105 0.0087731 31.3269 0.0853145 1893.91 9.48804 -0.00311641 0.00141364 0.000150373 0.00150049 0.398467 0.000737677 0.215671 0.000616583 
8 0.75 80640000 13.1578 0.0241659 -4.79105 0.0087731 31.3269 0.0849538 1893.91 9.42805 -0.00311641 0.00141364 0.000150373 0.00148833 0.398467 0.000737677 0.215671 0.000616583 
8 0.75 81280000 13.1578 0.0240296 -4.79105 0.0087731 31.3269 0.0849538 1893.91 9.42805 -0.00311641 0.00141364 0.000150373 0.00147812 0.398467 0.000737677 0.215671 0.000616583 
8 0.75 81920000 13.1578 0.02394 -4.79105 0.0087731 31.3269 0.0849538 1893.91 9.42805 -0.00311641 0.00141364 0.000150373 0.00146636 0.398467 0.000737677 0.215671 0.000616583 
8 0.75 82560000 13.1578 0.0230183 -4.79105 0.0087731 31.3269 0.0849538 1893.91 9.42805 -0.00311641 0.00141364 0.000150373 0.00147771 0.398467 0.000737677 0.215671 0.000616583 
8 0.75 83200000 13.1578 0.0229206 -4.79105 0.0087731 31.3269 0.0849538 1893.91 9.42805 -0.00311641 0.00141364 0.000150373 0.00146714 0.398467 0.000737677 0.215671 0.000616583 
8 0.75 83840000 13.1578 0.0228585 -4.79105 0.0087731 31.3269 0.0849538 1893.91 9.42805 -0.00311641 0.00141364 0.000150373 0.00149654 0.398467 0.000737677 0.215671 0.000616583 
8 0.75 84480000 13.1628 0.022709 -4.7909 0.00827328 31.3238 0.087635 1892.18 10.6769 -0.0033501 0.00131278 0.000581244 0.00148953 0.398536 0.000708274 0.215725 0.000586952 
8 0.75 85120000 13.1628 0.022709 -4.7909 0.00827328 31.3238 0.087635 1892.18 10.6769 -0.0033501 0.00130466 0.000581244 0.00147831 0.398536 0.000708274 0.215725 0.000586952 
8 0.75 85760000 13.1628 0.0223903 -4.7909 0.00827328 31.3238 0.087635 1892.18 10.6769 -0.0033501 0.00129844 0.000581244 0.00146789 0.398536 0.000708274 0.215725 0.000586952 
8 0.75 86400000 13.1628 0.0223786 -4.7909 0.00827328 31.3238 0.087635 1892.18 10.6769 -0.0033501 0.00129315 0.000581244 0.00145669 0.398536 0.000708274 0.215725 0.000586952 
8 0.75 87040000 13.1628 0.0222145 -4.7909 0.00827328 31.3238 0.087635 1892.18 10.6769 -0.0033501 0.0012886 0.000581244 0.00144617 0.398536 0.000708274 0.215725 0.000586952 
8 0.75 87680000 13.1628 0.022204 -4.7909 0.00827328 31.3238 0.087635 1892.18 10.6769 -0.0033501 0.00128297 0.000581244 0.00143715 0.398536 0.000708274 0.215725 0.000586952 
8 0.75 88320000 13.1628 0.022021 -4.7909 0.00827328 31.3238 0.087635 1892.18 10.6769 -0.0033501 0.00128268 0.000581244 0.0014466 0.398536 0.000708274 0.215725 0.000586952 
8 0.75 88960000 13.1628 0.0219801 -4.7909 0.00827328 31.3238 0.087635 1892.18 10.6769 -0.0033501 0.00127778 0.000581244 0.00143728 0.398536 0.000708274 0.215725 0.000586952 
8 0.75 89600000 13.1651 0.0218731 -4.79051 0.00827328 31.3185 0.087635 1890.8 10.6769 -0.00323443 0.00127066 0.000382521 0.00142872 0.398485 0.000708274 0.215655 0.000586952 
8 0.75 90240000 13.1651 0.0223246 -4.79051 0.00827328 31.3185 0.087635 1890.8 10.6769 -0.00323443 0.00126794 0.000382521 0.00141996 0.398485 0.000708274 0.215655 0.000586952 
8 0.75 90880000 13.1651 0.0223201 -4.79051 0.00827328 31.3185 0.087635 1890.8 10.6769 -0.00323443 0.00126688 0.000382521 0.00141699 0.398485 0.000708274 0.215655 0.000586952 
8 0.75 91520000 13.1651 0.0222392 -4.79051 0.00827328 31.3185 0.087635 1890.8 10.6769 -0.00323443 0.00126688 0.000382521 0.0014104 0.398485 0.000708274 0.215655 0.000586952 
8 0.75 92160000 13.1651 0.0221526 -4.79051 0.00827328 31.3185 0.087635 1890.8 10.6769 -0.00323443 0.00126688 0.000382521 0.00140303 0.398485 0.000708274 0.215655 0.000586952 
8 0.75 92800000 13.1651 0.0220296 -4.79051 0.00827328 31.3185 0.087635 1890.8 10.6769 -0.00323443 0.00126688 0.000382521 0.00139425 0.398485 0.000708274 0.215655 0.000586952 
8 0.75 93440000 13.1651 0.0219864 -4.79051 0.00827328 31.3185 0.087635 1890.8 10.6769 -0.00323443 0.00126688 0.000382521 0.00139479 0.398485 0.000708274 0.215655 0.000586952 
8 0.75 94080000 13.1651 0.0218969 -4.79051 0.00827328 31.3185 0.087635 1890.8 10.6769 -0.00323443 0.00126688 0.000382521 0.00138772 0.398485 0.000708274 0.215655 0.000586952 
8 0.75 94720000 13.1702 0.0217664 -4.79111 0.00741316 31.3269 0.0779516 1891.57 9.50832 -0.00275461 0.00125831 -8.45158e-05 0.00137956 0.398446 0.000635364 0.215674 0.000543563 
8 0.75 95360000 13.1702 0.0217433 -4.79111 0.00739794 31.3269 0.0779516 1891.57 9.50832 -0.00275461 0.00125831 -8.45158e-05 0.00137031 0.398446 0.000635364 0.215674 0.00053995 
8 0.75 96000000 13.1702 0.0216294 -4.79111 0.00736421 31.3269 0.0779516 1891.57 9.50832 -0.00275461 0.00125831 -8.45158e-05 0.00136298 0.398446 0.000635364 0.215674 0.00053789 
8 0.75 96640000 13.1702 0.0216782 -4.79111 0.00735646 31.3269 0.0779516 1891.57 9.50832 -0.00275461 0.00125831 -8.45158e-05 0.00136433 0.398446 0.000635364 0.215674 0.000535222 
8 0.75 97280000 13.1702 0.0217641 -4.79111 0.00735646 31.3269 0.0779516 1891.57 9.50832 -0.00275461 0.00125831 -8.45158e-05 0.00135593 0.398446 0.000635364 0.215674 0.000533213 
8 0.75 97920000 13.1702 0.0216195 -4.79111 0.00735646 31.3269 0.0779516 1891.57 9.50832 -0.00275461 0.00125831 -8.45158e-05 0.0013477 0.398446 0.000635364 0.215674 0.000532049 
8 0.75 98560000 13.1702 0.0214819 -4.79111 0.00735646 31.3269 0.0779516 1891.57 9.50832 -0.00275461 0.00125831 -8.45158e-05 0.00133943 0.398446 0.000635364 0.215674 0.000530753 
8 0.75 99200000 13.1702 0.0213505 -4.79111 0.00735646 31.3269 0.0779516 1891.57 9.50832 -0.00275461 0.00125831 -8.45158e-05 0.00134957 0.398446 0.000635364 0.215674 0.000528291 
8 0.75 99840000 13.1752 0.021307 -4.7886 0.00735646 31.2998 0.0779516 1888.81 9.50832 -0.00251259 0.00125831 -0.000121628 0.00137869 0.398188 0.000635364 0.215432 0.000546138 
