L J MC_steps R2 R2_std E E_std E2 E2_std E4 E4_std Sin1 Sin1_std Cos1 Cos1_std Mag2 Mag2_std Mag4 Mag4_std
9 1.5 810000 7.68304 0.244737 -11.6504 0.125542 140.722 2.98633 22156.2 942.468 0.0282745 0.0621509 -0.0800513 0.0552806 0.757148 0.00643156 0.595859 0.00905091 
9 1.5 1620000 7.92746 0.199272 -11.6819 0.0745158 141.075 1.75817 22119 550.388 0.0536104 0.0431944 -0.0409744 0.0378836 0.761474 0.00381747 0.601078 0.00537142 
9 1.5 2430000 7.85724 0.187308 -11.6422 0.0504028 140.125 1.19253 21810.1 374.178 0.00231219 0.0448273 -0.00383401 0.0323179 0.75948 0.00293085 0.59841 0.0039608 
9 1.5 3240000 7.80521 0.158708 -11.6489 0.0489006 140.285 1.14921 21860.2 356.896 -0.0251202 0.0320808 0.00616506 0.0313991 0.75929 0.00271049 0.598226 0.00376112 
9 1.5 4050000 7.76151 0.124888 -11.6564 0.0439437 140.417 1.01355 21870.9 306.893 -0.00916016 0.0317698 0.00948885 0.0268417 0.760395 0.00251847 0.599742 0.00349861 
9 1.5 4860000 7.76705 0.127452 -11.6419 0.0393841 140.081 0.901048 21776.7 268.324 -0.00490019 0.0284313 0.00840003 0.0250199 0.759427 0.00229762 0.598474 0.00315557 
9 1.5 5670000 7.77554 0.106625 -11.6326 0.0361931 139.873 0.829679 21713.7 245.943 -0.00797955 0.0259303 0.000268137 0.0221249 0.758158 0.00206811 0.597002 0.00283651 
9 1.5 6480000 7.86224 0.124567 -11.6116 0.033037 139.409 0.753443 21586.6 221.826 -0.011782 0.0227778 -0.00972894 0.0207237 0.756968 0.001925 0.595261 0.00263688 
9 1.5 7290000 7.83364 0.109357 -11.6251 0.0320663 139.771 0.733877 21712 219.183 -0.0148493 0.0216513 -0.00661655 0.0193669 0.757182 0.00186578 0.5957 0.00255791 
9 1.5 8100000 7.75576 0.110323 -11.6433 0.0312616 140.155 0.710786 21811.2 211.19 -0.00826322 0.0203899 -0.00107371 0.0192576 0.758325 0.0018346 0.597265 0.00253859 
9 1.5 8910000 7.77109 0.117875 -11.633 0.0306748 139.913 0.679943 21742 198.253 -0.0109638 0.0198549 -0.000114275 0.0194169 0.757911 0.00208627 0.596642 0.00286938 
9 1.5 9720000 7.73402 0.117875 -11.6353 0.0306748 139.915 0.679943 21720.7 195.787 -0.004169 0.0198423 -0.00265525 0.0194169 0.758008 0.00208627 0.596581 0.00286938 
9 1.5 10530000 7.73568 0.103413 -11.6405 0.0271936 140.005 0.615501 21737.8 178.684 -0.00297828 0.0184775 -0.00497467 0.016853 0.758479 0.00181412 0.597096 0.00242689 
9 1.5 11340000 7.71274 0.103413 -11.6414 0.0264726 140.034 0.582576 21743.8 169.658 0.00510956 0.0180708 -0.00158803 0.016778 0.758611 0.00181412 0.597226 0.00242689 
9 1.5 12150000 7.71819 0.0901057 -11.6419 0.0248034 140.026 0.560568 21734.8 162.497 0.00518363 0.0172342 -0.000405389 0.0159755 0.758515 0.00155532 0.597065 0.0020804 
9 1.5 12960000 7.70534 0.0901057 -11.6434 0.0242155 140.034 0.546843 21724.7 158.238 0.000157219 0.0172342 0.00359913 0.0151983 0.758551 0.00155532 0.597202 0.0020804 
9 1.5 13770000 7.73718 0.0808189 -11.6345 0.0231797 139.829 0.523698 21663.3 151.54 0.00152501 0.0154634 0.00211767 0.0150174 0.758004 0.00144247 0.5965 0.00189547 
9 1.5 14580000 7.75264 0.0808189 -11.6371 0.022336 139.886 0.503056 21677.3 145.149 0.00104317 0.0154634 0.00979122 0.0148945 0.758203 0.00144247 0.596821 0.00189547 
9 1.5 15390000 7.7564 0.074089 -11.6369 0.0215299 139.873 0.48582 21670.2 140.379 0.00209455 0.0140083 0.00645678 0.0142532 0.758413 0.00133918 0.597055 0.00179166 
9 1.5 16200000 7.76151 0.074089 -11.6305 0.0207421 139.715 0.469184 21620.1 136.553 -0.00301592 0.0137557 0.00302435 0.013755 0.758171 0.00133918 0.596679 0.0017643 
9 1.5 17010000 7.77197 0.0685366 -11.6274 0.0203744 139.635 0.462234 21597.1 135.757 -9.05556e-05 0.0134566 0.0076324 0.0132623 0.757854 0.00131696 0.59612 0.00181906 
9 1.5 17820000 7.77197 0.0685366 -11.6274 0.0200499 139.635 0.453135 21597.1 131.565 -9.05556e-05 0.0142093 0.0076324 0.0130885 0.757854 0.00131696 0.59612 0.00181906 
9 1.5 18630000 7.79395 0.0685366 -11.6292 0.0198117 139.659 0.443403 21594 127.993 -0.00814077 0.0137526 0.00608694 0.0128489 0.757689 0.00126964 0.595841 0.00167488 
9 1.5 19440000 7.79395 0.0685366 -11.6292 0.0198117 139.659 0.436604 21594 127.96 -0.00814077 0.0137526 0.00608694 0.0124921 0.757689 0.00126964 0.595841 0.00167488 
9 1.5 20250000 7.76799 0.065006 -11.6363 0.0185312 139.821 0.419047 21644.9 121.916 -0.0116611 0.0130493 0.00397065 0.0122224 0.758176 0.00120112 0.596467 0.00164803 
9 1.5 21060000 7.76799 0.065006 -11.6363 0.0209107 139.821 0.486416 21644.9 148.782 -0.0116611 0.0130493 0.00397065 0.0140564 0.758176 0.00120112 0.596467 0.00168923 
9 1.5 21870000 7.74512 0.0639013 -11.6417 0.0201738 139.971 0.469052 21704.8 143.405 -0.00782845 0.0125958 -0.00342698 0.0136022 0.758228 0.00116146 0.596694 0.00163472 
9 1.5 22680000 7.74512 0.0639013 -11.6417 0.0197093 139.971 0.457931 21704.8 139.804 -0.00782845 0.0125958 -0.00342698 0.013108 0.758228 0.0011401 0.596694 0.00160338 
9 1.5 23490000 7.76235 0.0616159 -11.6387 0.0191307 139.889 0.443984 21675.6 135.363 -0.0103091 0.0119378 -0.00230149 0.0127416 0.758139 0.00111188 0.596537 0.00155786 
9 1.5 24300000 7.76235 0.0616159 -11.6387 0.0188471 139.889 0.437538 21675.6 133.329 -0.0103091 0.0119378 -0.00230149 0.0124652 0.758139 0.00109214 0.596537 0.00152958 
9 1.5 25110000 7.76289 0.0575105 -11.6433 0.0183864 139.981 0.426492 21697.1 129.744 -0.0116154 0.0114034 -0.00369953 0.0120665 0.758411 0.00107143 0.596852 0.00149978 
9 1.5 25920000 7.76289 0.0575105 -11.6433 0.0179502 139.981 0.415723 21697.1 126.246 -0.0116154 0.0112132 -0.00369953 0.0118186 0.758411 0.00105246 0.596852 0.00147223 
9 1.5 26730000 7.75269 0.0548141 -11.6472 0.0176054 140.065 0.407357 21719.2 123.456 -0.00735863 0.0112915 -0.00711315 0.0115519 0.758464 0.00103448 0.596835 0.00144678 
9 1.5 27540000 7.75269 0.0548141 -11.6472 0.0174346 140.065 0.402514 21719.2 121.505 -0.00735863 0.0112915 -0.00711315 0.0112032 0.758464 0.00103576 0.596835 0.00144882 
9 1.5 28350000 7.76195 0.0523666 -11.6384 0.017152 139.865 0.395621 21661.9 119.311 -0.0100144 0.0109352 -0.00579289 0.0109321 0.758026 0.00102579 0.596202 0.00143017 
9 1.5 29160000 7.76195 0.0523666 -11.6384 0.0167982 139.865 0.386978 21661.9 116.512 -0.0100144 0.0109352 -0.00579289 0.0106377 0.758026 0.00100446 0.596202 0.00140003 
9 1.5 29970000 7.75917 0.049531 -11.6352 0.0181323 139.809 0.391845 21655.4 117.337 -0.00864465 0.0104131 -0.00541494 0.0103895 0.757839 0.000996576 0.59597 0.00139024 
9 1.5 30780000 7.75917 0.049531 -11.6352 0.0181323 139.809 0.391845 21655.4 114.919 -0.00864465 0.0104131 -0.00541494 0.0101182 0.757839 0.000978092 0.59597 0.00136203 
9 1.5 31590000 7.75917 0.049531 -11.6352 0.0181323 139.809 0.391845 21655.4 112.648 -0.00864465 0.0104131 -0.00541494 0.0101182 0.757839 0.000978092 0.59597 0.00133516 
9 1.5 32400000 7.75843 0.0469296 -11.6332 0.0181323 139.762 0.391845 21640.9 109.876 -0.0071456 0.00997238 -0.00440189 0.00986785 0.757775 0.000978092 0.595882 0.00131052 
9 1.5 33210000 7.75843 0.0469296 -11.6332 0.0181323 139.762 0.391845 21640.9 107.546 -0.0071456 0.00997238 -0.00440189 0.00965119 0.757775 0.000978092 0.595882 0.00128713 
9 1.5 34020000 7.76284 0.0447901 -11.6295 0.0187952 139.683 0.399957 21619.6 105.443 -0.00516721 0.00966801 -0.0033011 0.00959172 0.757559 0.000933522 0.59555 0.00127925 
9 1.5 34830000 7.76284 0.0447901 -11.6295 0.0187952 139.683 0.399957 21619.6 105.383 -0.00516721 0.00966801 -0.0033011 0.0096117 0.757559 0.000933522 0.59555 0.00127925 
9 1.5 35640000 7.76284 0.0426582 -11.6295 0.0187952 139.683 0.399957 21619.6 105.383 -0.00516721 0.00950558 -0.0033011 0.00950623 0.757559 0.000933522 0.59555 0.00127925 
9 1.5 36450000 7.76284 0.0426582 -11.6295 0.0187952 139.683 0.399957 21619.6 105.383 -0.00516721 0.00950558 -0.0033011 0.00940194 0.757559 0.000933522 0.59555 0.00127925 
9 1.5 37260000 7.76438 0.0407582 -11.6286 0.0187952 139.658 0.399957 21608 105.383 -0.00993598 0.00935929 -0.00725141 0.009323 0.757665 0.000933522 0.595699 0.00127925 
9 1.5 38070000 7.76438 0.0407582 -11.6286 0.0187952 139.658 0.399957 21608 105.383 -0.00993598 0.00935929 -0.00725141 0.00922642 0.757665 0.000933522 0.595699 0.00127925 
9 1.5 38880000 7.76438 0.0396446 -11.6286 0.0187952 139.658 0.399957 21608 105.383 -0.00993598 0.00939101 -0.00725141 0.00906574 0.757665 0.000933522 0.595699 0.00127925 
9 1.5 39690000 7.76438 0.0396446 -11.6286 0.0187952 139.658 0.399957 21608 105.383 -0.00993598 0.00939101 -0.00725141 0.00892974 0.757665 0.000933522 0.595699 0.00127925 
9 1.5 40500000 7.7723 0.0379967 -11.6239 0.0164759 139.549 0.355047 21577.7 95.7871 -0.00854281 0.00993282 -0.0113234 0.0103919 0.75751 0.000807437 0.595523 0.00111606 
9 1.5 41310000 7.7723 0.0379967 -11.6239 0.0164759 139.549 0.355047 21577.7 95.7871 -0.00854281 0.00993282 -0.0113234 0.0103919 0.75751 0.000799274 0.595523 0.00110382 
9 1.5 42120000 7.7723 0.0365462 -11.6239 0.0164759 139.549 0.355047 21577.7 95.7871 -0.00854281 0.00955608 -0.0113234 0.0103919 0.75751 0.000788489 0.595523 0.00108886 
9 1.5 42930000 7.7723 0.0365462 -11.6239 0.0164759 139.549 0.355047 21577.7 95.7871 -0.00854281 0.00955608 -0.0113234 0.0103919 0.75751 0.000786266 0.595523 0.00108132 
9 1.5 43740000 7.77486 0.0354629 -11.6217 0.0164759 139.485 0.355047 21555.9 95.7871 -0.00846019 0.0092158 -0.00864459 0.0103919 0.757286 0.000779185 0.595198 0.00106631 
9 1.5 44550000 7.77486 0.0354629 -11.6217 0.0164759 139.485 0.355047 21555.9 95.7871 -0.00846019 0.0092158 -0.00864459 0.0103919 0.757286 0.000779185 0.595198 0.00106631 
9 1.5 45360000 7.77486 0.0350345 -11.6217 0.0164759 139.485 0.355047 21555.9 95.7871 -0.00846019 0.00888985 -0.00864459 0.0103919 0.757286 0.000779185 0.595198 0.00106631 
9 1.5 46170000 7.77486 0.0350345 -11.6217 0.0164759 139.485 0.355047 21555.9 95.7871 -0.00846019 0.00888985 -0.00864459 0.0103919 0.757286 0.000779185 0.595198 0.00106631 
9 1.5 46980000 7.77368 0.0344351 -11.6176 0.0152904 139.409 0.330816 21541.7 88.6146 -0.00741179 0.00858731 -0.00557331 0.0103769 0.756935 0.000853991 0.594757 0.00115688 
9 1.5 47790000 7.77368 0.0344351 -11.6176 0.0152904 139.409 0.330816 21541.7 88.6146 -0.00741179 0.00858731 -0.00557331 0.0103769 0.756935 0.000853991 0.594757 0.00115688 
9 1.5 48600000 7.77368 0.0332613 -11.6176 0.0152904 139.409 0.330816 21541.7 88.6146 -0.00741179 0.0082946 -0.00557331 0.0103769 0.756935 0.000853991 0.594757 0.00115688 
9 1.5 49410000 7.77368 0.0332613 -11.6176 0.0152904 139.409 0.330816 21541.7 88.6146 -0.00741179 0.0082946 -0.00557331 0.0103769 0.756935 0.000853991 0.594757 0.00115688 
9 1.5 50220000 7.78584 0.0339828 -11.6131 0.0152904 139.306 0.330816 21510.1 88.6146 -0.0072591 0.00802749 -0.00513189 0.0103769 0.756757 0.000853991 0.594524 0.00115688 
9 1.5 51030000 7.78584 0.0339828 -11.6131 0.0152904 139.306 0.330816 21510.1 88.6146 -0.0072591 0.00802749 -0.00513189 0.0103769 0.756757 0.000853991 0.594524 0.00115688 
9 1.5 51840000 7.78584 0.0328911 -11.6131 0.0152904 139.306 0.330816 21510.1 88.6146 -0.0072591 0.00777996 -0.00513189 0.0103769 0.756757 0.000853991 0.594524 0.00115688 
9 1.5 52650000 7.78584 0.0328911 -11.6131 0.0152904 139.306 0.330816 21510.1 88.6146 -0.0072591 0.00777996 -0.00513189 0.0103769 0.756757 0.000853991 0.594524 0.00115688 
9 1.5 53460000 7.78989 0.0321839 -11.6121 0.0143409 139.269 0.317797 21496.1 88.5289 -0.005442 0.00765978 -0.00649177 0.00912038 0.756867 0.000750005 0.594603 0.00102247 
9 1.5 54270000 7.78989 0.0321839 -11.6121 0.0143409 139.269 0.317797 21496.1 88.5289 -0.005442 0.00765978 -0.00649177 0.00912038 0.756867 0.000750005 0.594603 0.00102247 
9 1.5 55080000 7.78989 0.0314337 -11.6121 0.0143409 139.269 0.317797 21496.1 88.5289 -0.005442 0.00794916 -0.00649177 0.00912038 0.756867 0.000750005 0.594603 0.00102247 
9 1.5 55890000 7.78989 0.0314337 -11.6121 0.0143409 139.269 0.317797 21496.1 88.5289 -0.005442 0.00794916 -0.00649177 0.00912038 0.756867 0.000750005 0.594603 0.00102247 
9 1.5 56700000 7.79125 0.0309317 -11.6142 0.0143409 139.314 0.317797 21508.4 88.5289 -0.00134374 0.00780881 -0.00680768 0.00912038 0.756928 0.000750005 0.594665 0.00102247 
9 1.5 57510000 7.79125 0.0309317 -11.6142 0.0143409 139.314 0.317797 21508.4 88.5289 -0.00134374 0.00780881 -0.00680768 0.00912038 0.756928 0.000750005 0.594665 0.00102247 
9 1.5 58320000 7.79125 0.030251 -11.6142 0.0143409 139.314 0.317797 21508.4 88.5289 -0.00134374 0.00758936 -0.00680768 0.00912038 0.756928 0.000750005 0.594665 0.00102247 
9 1.5 59130000 7.79125 0.030251 -11.6142 0.0143409 139.314 0.317797 21508.4 88.5289 -0.00134374 0.00758936 -0.00680768 0.00912038 0.756928 0.000750005 0.594665 0.00102247 
9 1.5 59940000 7.77574 0.0316839 -11.6151 0.0130595 139.325 0.287448 21506.5 79.3032 -0.00116329 0.00737877 -0.00693827 0.00811792 0.756967 0.000673369 0.594678 0.000911586 
9 1.5 60750000 7.77574 0.0316839 -11.6151 0.0130595 139.325 0.287448 21506.5 79.3032 -0.00116329 0.00737877 -0.00693827 0.00811792 0.756967 0.000673369 0.594678 0.000911586 
9 1.5 61560000 7.77574 0.0310139 -11.6151 0.0130595 139.325 0.287448 21506.5 79.3032 -0.00116329 0.00717971 -0.00693827 0.00811792 0.756967 0.000673369 0.594678 0.000911586 
9 1.5 62370000 7.77574 0.0310139 -11.6151 0.0130595 139.325 0.287448 21506.5 79.3032 -0.00116329 0.00717971 -0.00693827 0.00811792 0.756967 0.000673369 0.594678 0.000911586 
9 1.5 63180000 7.77686 0.0305301 -11.6178 0.0130595 139.385 0.287448 21522.1 79.3032 -0.00255918 0.00711152 -0.00497701 0.00811792 0.757163 0.000673369 0.594929 0.000911586 
9 1.5 63990000 7.77686 0.0305301 -11.6178 0.0130595 139.385 0.287448 21522.1 79.3032 -0.00255918 0.00711152 -0.00497701 0.00811792 0.757163 0.000673369 0.594929 0.000911586 
9 1.5 64800000 7.77686 0.0298863 -11.6178 0.0130595 139.385 0.287448 21522.1 79.3032 -0.00255918 0.00693873 -0.00497701 0.00811792 0.757163 0.000673369 0.594929 0.000911586 
9 1.5 65610000 7.77686 0.0298863 -11.6178 0.0130595 139.385 0.287448 21522.1 79.3032 -0.00255918 0.00693873 -0.00497701 0.00811792 0.757163 0.000673369 0.594929 0.000911586 
9 1.5 66420000 7.77686 0.0298863 -11.6178 0.0130595 139.385 0.287448 21522.1 79.3032 -0.00255918 0.00693873 -0.00497701 0.00811792 0.757163 0.000673369 0.594929 0.000911586 
9 1.5 67230000 7.76902 0.0295413 -11.6214 0.0167025 139.472 0.372995 21547.7 101.939 -0.00157809 0.00679222 -0.0057718 0.00738946 0.757387 0.00080663 0.595243 0.00107542 
9 1.5 68040000 7.76902 0.0295413 -11.6214 0.0167025 139.472 0.372995 21547.7 101.939 -0.00157809 0.00679222 -0.0057718 0.00738946 0.757387 0.00080663 0.595243 0.00107542 
9 1.5 68850000 7.76902 0.029556 -11.6214 0.0167025 139.472 0.372995 21547.7 101.939 -0.00157809 0.00716345 -0.0057718 0.00738946 0.757387 0.00080663 0.595243 0.00107542 
9 1.5 69660000 7.76902 0.029556 -11.6214 0.0167025 139.472 0.372995 21547.7 101.939 -0.00157809 0.00716345 -0.0057718 0.00738946 0.757387 0.00080663 0.595243 0.00107542 
9 1.5 70470000 7.76902 0.0289461 -11.6214 0.0167025 139.472 0.372995 21547.7 101.939 -0.00157809 0.00701805 -0.0057718 0.00738946 0.757387 0.00080663 0.595243 0.00107542 
9 1.5 71280000 7.76902 0.0289461 -11.6214 0.0167025 139.472 0.372995 21547.7 101.939 -0.00157809 0.00701805 -0.0057718 0.00738946 0.757387 0.00080663 0.595243 0.00107542 
9 1.5 72090000 7.76902 0.0283787 -11.6214 0.0167025 139.472 0.372995 21547.7 101.939 -0.00157809 0.00685545 -0.0057718 0.00738946 0.757387 0.00080663 0.595243 0.00107542 
9 1.5 72900000 7.76902 0.0283787 -11.6214 0.0167025 139.472 0.372995 21547.7 101.939 -0.00157809 0.00685545 -0.0057718 0.00738946 0.757387 0.00080663 0.595243 0.00107542 
9 1.5 73710000 7.76167 0.0277399 -11.6257 0.0167025 139.547 0.372995 21560.9 101.939 -0.00452029 0.00675601 -0.00426596 0.00686941 0.757526 0.00080663 0.595397 0.00107542 
9 1.5 74520000 7.76167 0.0277399 -11.6257 0.0167025 139.547 0.372995 21560.9 101.939 -0.00452029 0.00675601 -0.00426596 0.00686941 0.757526 0.00080663 0.595397 0.00107542 
9 1.5 75330000 7.76167 0.0271937 -11.6257 0.0167025 139.547 0.372995 21560.9 101.939 -0.00452029 0.00674804 -0.00426596 0.00686941 0.757526 0.00080663 0.595397 0.00107542 
9 1.5 76140000 7.76167 0.0271937 -11.6257 0.0167025 139.547 0.372995 21560.9 101.939 -0.00452029 0.00674804 -0.00426596 0.00686941 0.757526 0.00080663 0.595397 0.00107542 
9 1.5 76950000 7.76167 0.0268139 -11.6257 0.0167025 139.547 0.372995 21560.9 101.939 -0.00452029 0.00671112 -0.00426596 0.00686941 0.757526 0.00080663 0.595397 0.00107542 
9 1.5 77760000 7.76167 0.0268139 -11.6257 0.0167025 139.547 0.372995 21560.9 101.939 -0.00452029 0.00671112 -0.00426596 0.00686941 0.757526 0.00080663 0.595397 0.00107542 
9 1.5 78570000 7.76167 0.0264017 -11.6257 0.0167025 139.547 0.372995 21560.9 101.939 -0.00452029 0.00660235 -0.00426596 0.00686941 0.757526 0.00080663 0.595397 0.00107542 
9 1.5 79380000 7.76167 0.0264017 -11.6257 0.0167025 139.547 0.372995 21560.9 101.939 -0.00452029 0.00660235 -0.00426596 0.00686941 0.757526 0.00080663 0.595397 0.00107542 
9 1.5 80190000 7.7664 0.025949 -11.6259 0.0145056 139.56 0.32089 21568.6 87.0505 -0.00165943 0.00647888 -0.00691699 0.00678926 0.757548 0.000688121 0.595454 0.000916574 
9 1.5 81000000 7.7664 0.025949 -11.6259 0.0145056 139.56 0.32089 21568.6 87.0505 -0.00165943 0.00647888 -0.00691699 0.00678926 0.757548 0.000688121 0.595454 0.000916574 
9 1.5 81810000 7.7664 0.0255569 -11.6259 0.0145056 139.56 0.32089 21568.6 87.0505 -0.00165943 0.00634706 -0.00691699 0.00678926 0.757548 0.000688121 0.595454 0.000916574 
9 1.5 82620000 7.7664 0.0255569 -11.6259 0.0145056 139.56 0.32089 21568.6 87.0505 -0.00165943 0.00634706 -0.00691699 0.00678926 0.757548 0.000688121 0.595454 0.000916574 
9 1.5 83430000 7.7664 0.025982 -11.6259 0.0145056 139.56 0.32089 21568.6 87.0505 -0.00165943 0.00624311 -0.00691699 0.00678926 0.757548 0.000688121 0.595454 0.000916574 
9 1.5 84240000 7.7664 0.025982 -11.6259 0.0145056 139.56 0.32089 21568.6 87.0505 -0.00165943 0.00624311 -0.00691699 0.00678926 0.757548 0.000688121 0.595454 0.000916574 
9 1.5 85050000 7.7664 0.0255785 -11.6259 0.0145056 139.56 0.32089 21568.6 87.0505 -0.00165943 0.00614928 -0.00691699 0.00678926 0.757548 0.000688121 0.595454 0.000916574 
9 1.5 85860000 7.7664 0.0255785 -11.6259 0.0145056 139.56 0.32089 21568.6 87.0505 -0.00165943 0.00614928 -0.00691699 0.00678926 0.757548 0.000688121 0.595454 0.000916574 
9 1.5 86670000 7.77379 0.0250868 -11.6235 0.0145056 139.512 0.32089 21557.1 87.0505 -0.000298116 0.00605979 -0.00732777 0.00627942 0.757386 0.000688121 0.595248 0.000916574 
9 1.5 87480000 7.77379 0.0250868 -11.6235 0.0145056 139.512 0.32089 21557.1 87.0505 -0.000298116 0.00605979 -0.00732777 0.00627942 0.757386 0.000688121 0.595248 0.000916574 
9 1.5 88290000 7.77379 0.0246469 -11.6235 0.0145056 139.512 0.32089 21557.1 87.0505 -0.000298116 0.00594559 -0.00732777 0.00627942 0.757386 0.000688121 0.595248 0.000916574 
9 1.5 89100000 7.77379 0.0246469 -11.6235 0.0145056 139.512 0.32089 21557.1 87.0505 -0.000298116 0.00594559 -0.00732777 0.00627942 0.757386 0.000688121 0.595248 0.000916574 
9 1.5 89910000 7.77379 0.0243577 -11.6235 0.0145056 139.512 0.32089 21557.1 87.0505 -0.000298116 0.00588029 -0.00732777 0.00627942 0.757386 0.000688121 0.595248 0.000916574 
9 1.5 90720000 7.77379 0.0243577 -11.6235 0.0145056 139.512 0.32089 21557.1 87.0505 -0.000298116 0.00588029 -0.00732777 0.00627942 0.757386 0.000688121 0.595248 0.000916574 
9 1.5 91530000 7.77379 0.0247707 -11.6235 0.0145056 139.512 0.32089 21557.1 87.0505 -0.000298116 0.00582499 -0.00732777 0.00627942 0.757386 0.000688121 0.595248 0.000916574 
9 1.5 92340000 7.77379 0.0247707 -11.6235 0.0145056 139.512 0.32089 21557.1 87.0505 -0.000298116 0.00582499 -0.00732777 0.00627942 0.757386 0.000688121 0.595248 0.000916574 
9 1.5 93150000 7.77482 0.0243636 -11.6251 0.012454 139.549 0.275231 21566.3 74.6435 -0.000904388 0.00575078 -0.00855436 0.00594948 0.757597 0.00059436 0.595563 0.000794946 
9 1.5 93960000 7.77482 0.0243636 -11.6251 0.012454 139.549 0.275231 21566.3 74.6435 -0.000904388 0.00575078 -0.00855436 0.00594948 0.757597 0.00059436 0.595563 0.000794946 
9 1.5 94770000 7.77482 0.0246124 -11.6251 0.012454 139.549 0.275231 21566.3 74.6435 -0.000904388 0.00575259 -0.00855436 0.00594948 0.757597 0.00059436 0.595563 0.000794946 
9 1.5 95580000 7.77482 0.0246124 -11.6251 0.012454 139.549 0.275231 21566.3 74.6435 -0.000904388 0.00575259 -0.00855436 0.00594948 0.757597 0.00059436 0.595563 0.000794946 
9 1.5 96390000 7.77482 0.0242497 -11.6251 0.012454 139.549 0.275231 21566.3 74.6435 -0.000904388 0.00571581 -0.00855436 0.00594948 0.757597 0.000591546 0.595563 0.000794946 
9 1.5 97200000 7.77482 0.0242497 -11.6251 0.012454 139.549 0.275231 21566.3 74.6435 -0.000904388 0.00571581 -0.00855436 0.00594948 0.757597 0.000591546 0.595563 0.000794946 
9 1.5 98010000 7.77482 0.0239593 -11.6251 0.012454 139.549 0.275231 21566.3 74.6435 -0.000904388 0.0056481 -0.00855436 0.00594948 0.757597 0.000591546 0.595563 0.000794946 
9 1.5 98820000 7.77482 0.0239593 -11.6251 0.012454 139.549 0.275231 21566.3 74.6435 -0.000904388 0.0056481 -0.00855436 0.00594948 0.757597 0.000591546 0.595563 0.000794946 
9 1.5 99630000 7.77098 0.0235934 -11.6273 0.012454 139.611 0.275231 21590.1 74.6435 0.000285068 0.00556601 -0.00877523 0.00570676 0.757751 0.000591546 0.59577 0.000792106 
