L J MC_steps R2 R2_std E E_std E2 E2_std E4 E4_std Sin1 Sin1_std Cos1 Cos1_std Mag2 Mag2_std Mag4 Mag4_std
100 0.37 1000000 171 0 -57.0885 0 3259.1 0 1.06217e+07 0 -0.360198 0 -0.0477093 0 0.132019 0 0.0174289 0 
100 0.37 1100000 147 16.9706 -53.8338 2.30148 2908.67 247.795 8.58315e+06 1.44151e+06 -0.158469 0.142644 -0.0764461 0.02032 0.0724768 0.0421025 0.00879812 0.0061029 
100 0.37 1200000 222.333 62.5412 -63.6717 8.17788 4254.72 1111.39 2.18082e+07 1.08409e+07 -0.166493 0.0953213 -0.131161 0.0466832 0.0787194 0.0285274 0.00863817 0.0040707 
100 0.37 1300000 187.5 55.7691 -84.7629 19.2677 8669.73 3913.31 1.3642e+08 9.95893e+07 -0.0257704 0.14129 -0.0823424 0.0548936 0.0993496 0.0278742 0.0129782 0.00484232 
100 0.37 1400000 190.2 44.6806 -81.3025 15.7219 7845.98 3216.18 1.13278e+08 8.23163e+07 -0.0284676 0.113058 -0.0973377 0.0459174 0.0847378 0.025847 0.0105208 0.00445397 
100 0.37 1500000 159.333 46.6938 -74.3321 14.565 6798.09 2845.74 9.48036e+07 7.06397e+07 -0.0671967 0.10063 -0.0992723 0.0383052 0.0839327 0.0215517 0.00983156 0.0037646 
100 0.37 1600000 137.286 44.9279 -78.0542 12.9512 7266.58 2477.47 9.57683e+07 6.05549e+07 -0.0943173 0.0898348 -0.0688861 0.0432369 0.083219 0.0184847 0.0093172 0.00326175 
100 0.37 1700000 121.25 42.0765 -104.903 27.5528 17077.8 9430.13 1.00307e+09 8.50357e+08 -0.096767 0.0786388 0.0264399 0.096863 0.134595 0.0507066 0.0386851 0.027619 
100 0.37 1800000 111 38.6296 -135.319 37.7117 31110.7 15662.2 3.17561e+09 2.18331e+09 -0.0856009 0.0706895 0.111673 0.117774 0.189608 0.0687144 0.0784462 0.0448107 
100 0.37 1900000 123.6 36.7642 -127.639 34.7136 28342.1 14338.6 2.85922e+09 1.98777e+09 -0.0583365 0.0686774 0.107463 0.113618 0.17463 0.0634545 0.0707602 0.0409835 
100 0.37 2000000 148.273 40.8709 -118.335 32.781 25823.7 13254.4 2.59933e+09 1.82397e+09 -0.0693541 0.0633116 0.108574 0.113618 0.162986 0.0587444 0.0645245 0.0377291 
100 0.37 2100000 137 38.9886 -132.526 32.9783 30614 12986.7 2.96106e+09 1.70747e+09 -0.0661974 0.0581142 0.162461 0.107169 0.197017 0.0629386 0.0863509 0.0404081 
100 0.37 2200000 129.615 36.6822 -139.354 31.1403 32025.9 12064.2 2.91774e+09 1.57668e+09 -0.0337803 0.0620298 0.193595 0.107169 0.216316 0.0609843 0.0951406 0.0382439 
100 0.37 2300000 135.286 34.4975 -131.219 29.9598 29784.6 11408.8 2.70936e+09 1.47776e+09 -0.028279 0.0578426 0.167014 0.0955213 0.203275 0.0580059 0.0884262 0.0360968 
100 0.37 2400000 126.6 33.2731 -140.177 29.2711 32501.4 10966.9 2.86043e+09 1.38694e+09 -0.0279722 0.0549187 0.206294 0.0968932 0.227883 0.0591288 0.104374 0.0370461 
100 0.37 2500000 120.875 31.6822 -149.006 28.7424 35420.7 10662.9 3.07379e+09 1.31657e+09 -0.0273163 0.050617 0.237252 0.103879 0.244428 0.0577015 0.113016 0.0357246 
100 0.37 2600000 114.294 30.4944 -155.398 27.7535 37243 10190.2 3.15234e+09 1.24146e+09 -0.0172246 0.0486351 0.263299 0.103879 0.258477 0.0559916 0.120106 0.0343195 
100 0.37 2700000 108.444 29.356 -161.304 26.8326 38978.9 9770.83 3.2378e+09 1.17543e+09 0.0188945 0.0610192 0.262922 0.0954555 0.270028 0.0540591 0.125518 0.0328367 
100 0.37 2800000 104.474 28.0782 -167.977 26.2369 41295.4 9527.23 3.42991e+09 1.12916e+09 0.0546354 0.0648816 0.256239 0.0954555 0.282429 0.052638 0.132368 0.0320587 
100 0.37 2900000 102.1 28.5914 -174.056 29.1199 43423.1 10580.7 3.60994e+09 1.10283e+09 0.0861812 0.107975 0.253209 0.0909714 0.29372 0.0636965 0.138666 0.0382856 
100 0.37 3000000 102.1 28.5914 -174.056 29.1199 43423.1 10580.7 3.60994e+09 1.10283e+09 0.0861812 0.107975 0.253209 0.0909714 0.29372 0.0636965 0.138666 0.0382856 
100 0.37 3100000 98.7273 28.5914 -182.783 29.1199 46120.2 10580.7 3.77187e+09 1.10283e+09 0.141071 0.107975 0.209676 0.0909714 0.315662 0.0636965 0.152097 0.0382856 
100 0.37 3200000 98.7273 28.5914 -182.783 29.1199 46120.2 10580.7 3.77187e+09 1.10283e+09 0.141071 0.107975 0.209676 0.0909714 0.315662 0.0636965 0.152097 0.0382856 
100 0.37 3300000 91.6667 25.6593 -189.744 28.1773 48288.9 9872.87 3.92003e+09 9.61637e+08 0.183986 0.126759 0.169216 0.107824 0.332101 0.0636015 0.161741 0.0382309 
100 0.37 3400000 91.6667 25.6593 -189.744 28.1773 48288.9 9872.87 3.92003e+09 9.61637e+08 0.183986 0.126759 0.169216 0.107824 0.332101 0.0636015 0.161741 0.0382309 
100 0.37 3500000 86.3077 25.6593 -195.635 28.1773 50037.3 9872.87 4.00836e+09 9.61637e+08 0.225185 0.126759 0.151815 0.107824 0.346754 0.0636015 0.170374 0.0382309 
100 0.37 3600000 86.3077 25.6593 -195.635 28.1773 50037.3 9872.87 4.00836e+09 9.61637e+08 0.225185 0.126759 0.151815 0.107824 0.346754 0.0636015 0.170374 0.0382309 
100 0.37 3700000 83.5 23.257 -199.823 25.892 51096.2 8852.59 4.02643e+09 8.30125e+08 0.227851 0.115992 0.0976643 0.11371 0.356179 0.058897 0.174618 0.0348708 
100 0.37 3800000 83.5 23.257 -199.823 25.892 51096.2 8852.59 4.02643e+09 8.30125e+08 0.227851 0.115992 0.0976643 0.11371 0.356179 0.058897 0.174618 0.0348708 
100 0.37 3900000 81.2 23.257 -204.13 25.892 52479.3 8852.59 4.13805e+09 8.30125e+08 0.183161 0.115992 0.0546062 0.11371 0.365685 0.058897 0.179883 0.0348708 
100 0.37 4000000 81.2 23.257 -204.13 25.892 52479.3 8852.59 4.13805e+09 8.30125e+08 0.183161 0.115992 0.0546062 0.11371 0.365685 0.058897 0.179883 0.0348708 
100 0.37 4100000 76.6875 21.3243 -209.489 24.3929 54507.2 8377.45 4.34902e+09 7.86547e+08 0.127718 0.138109 0.0432497 0.11176 0.377589 0.0552896 0.188329 0.0330978 
100 0.37 4200000 76.6875 21.3243 -209.489 24.3929 54507.2 8377.45 4.34902e+09 7.86547e+08 0.127718 0.138109 0.0432497 0.11176 0.377589 0.0552896 0.188329 0.0330978 
100 0.37 4300000 73.9412 21.3243 -215.629 24.3929 57106.6 8377.45 4.67039e+09 7.86547e+08 0.0790192 0.138109 0.0176359 0.11176 0.39363 0.0552896 0.202138 0.0330978 
100 0.37 4400000 73.9412 21.3243 -215.629 24.3929 57106.6 8377.45 4.67039e+09 7.86547e+08 0.0790192 0.138109 0.0176359 0.11176 0.39363 0.0552896 0.202138 0.0330978 
100 0.37 4500000 71 19.6988 -221.002 24.248 59399.4 8759.34 4.96624e+09 9.0964e+08 0.0618965 0.137557 -0.0238471 0.117774 0.405161 0.0555975 0.211129 0.0364367 
100 0.37 4600000 71 19.6988 -221.002 24.248 59399.4 8759.34 4.96624e+09 9.0964e+08 0.0618965 0.137557 -0.0238471 0.117774 0.405161 0.0555975 0.211129 0.0364367 
100 0.37 4700000 69.5263 19.6988 -222.602 24.248 59601.9 8759.34 4.916e+09 9.0964e+08 0.0247735 0.137557 -0.0420981 0.117774 0.412896 0.0555975 0.21614 0.0364367 
100 0.37 4800000 69.5263 19.6988 -222.602 24.248 59601.9 8759.34 4.916e+09 9.0964e+08 0.0247735 0.137557 -0.0420981 0.117774 0.412896 0.0555975 0.21614 0.0364367 
100 0.37 4900000 71.05 18.3817 -217.707 28.1971 57460.1 9601.79 4.68802e+09 8.60172e+08 0.0211698 0.147321 -0.0504408 0.138943 0.402286 0.0655056 0.208124 0.0407994 
100 0.37 5000000 71.05 18.3817 -217.707 28.1971 57460.1 9601.79 4.68802e+09 8.60172e+08 0.0211698 0.147321 -0.0504408 0.138943 0.402286 0.0655056 0.208124 0.0407994 
100 0.37 5100000 71.05 18.3817 -217.707 28.1971 57460.1 9601.79 4.68802e+09 8.60172e+08 0.0211698 0.147321 -0.0504408 0.138943 0.402286 0.0655056 0.208124 0.0407994 
100 0.37 5200000 71.05 18.3817 -217.707 28.1971 57460.1 9601.79 4.68802e+09 8.60172e+08 0.0211698 0.147321 -0.0504408 0.138943 0.402286 0.0655056 0.208124 0.0407994 
100 0.37 5300000 70.8182 18.3817 -214.349 28.1971 56100 9601.79 4.53811e+09 8.3377e+08 0.0217413 0.147321 -0.0783233 0.138943 0.392185 0.0655056 0.200727 0.0407994 
100 0.37 5400000 70.8182 18.3817 -214.349 28.1971 56100 9601.79 4.53811e+09 8.3377e+08 0.0217413 0.147321 -0.0783233 0.138943 0.392185 0.0655056 0.200727 0.0407994 
100 0.37 5500000 70.8182 18.3817 -214.349 28.1971 56100 9601.79 4.53811e+09 8.3377e+08 0.0217413 0.147321 -0.0783233 0.138943 0.392185 0.0655056 0.200727 0.0407994 
100 0.37 5600000 70.8182 18.3817 -214.349 28.1971 56100 9601.79 4.53811e+09 8.3377e+08 0.0217413 0.147321 -0.0783233 0.138943 0.392185 0.0655056 0.200727 0.0407994 
100 0.37 5700000 66.9167 15.776 -215.367 23.5945 55753.5 8151.74 4.39536e+09 7.44402e+08 0.0693149 0.130397 -0.0859331 0.120233 0.396699 0.0548258 0.200888 0.0346352 
100 0.37 5800000 66.9167 15.776 -215.367 23.5945 55753.5 8151.74 4.39536e+09 7.44402e+08 0.0693149 0.130397 -0.0859331 0.120233 0.396699 0.0548258 0.200888 0.0346352 
100 0.37 5900000 66.9167 15.776 -215.367 23.5945 55753.5 8151.74 4.39536e+09 7.44402e+08 0.0693149 0.130397 -0.0859331 0.120233 0.396699 0.0548258 0.200888 0.0346352 
100 0.37 6000000 66.9167 15.776 -215.367 23.5945 55753.5 8151.74 4.39536e+09 7.44402e+08 0.0693149 0.130397 -0.0859331 0.120233 0.396699 0.0548258 0.200888 0.0346352 
100 0.37 6100000 63.9615 15.776 -219.887 23.5945 57274 8151.74 4.50462e+09 7.44402e+08 0.114389 0.130397 -0.0614442 0.120233 0.405657 0.0548258 0.205873 0.0346352 
100 0.37 6200000 63.9615 15.776 -219.887 23.5945 57274 8151.74 4.50462e+09 7.44402e+08 0.114389 0.130397 -0.0614442 0.120233 0.405657 0.0548258 0.205873 0.0346352 
100 0.37 6300000 63.9615 15.776 -219.887 23.5945 57274 8151.74 4.50462e+09 7.44402e+08 0.114389 0.130397 -0.0614442 0.120233 0.405657 0.0548258 0.205873 0.0346352 
100 0.37 6400000 63.9615 15.776 -219.887 23.5945 57274 8151.74 4.50462e+09 7.44402e+08 0.114389 0.130397 -0.0614442 0.120233 0.405657 0.0548258 0.205873 0.0346352 
100 0.37 6500000 62.1429 14.2262 -219.477 20.5787 56941.6 7073.25 4.4621e+09 6.44216e+08 0.130713 0.125393 -0.0819812 0.103122 0.403394 0.0474006 0.203785 0.0298083 
100 0.37 6600000 62.1429 14.2262 -219.477 20.5787 56941.6 7073.25 4.4621e+09 6.44216e+08 0.130713 0.125393 -0.0819812 0.103122 0.403394 0.0474006 0.203785 0.0298083 
100 0.37 6700000 62.1429 14.2262 -219.477 20.5787 56941.6 7073.25 4.4621e+09 6.44216e+08 0.130713 0.125393 -0.0819812 0.103122 0.403394 0.0474006 0.203785 0.0298083 
100 0.37 6800000 62.1429 14.2262 -219.477 20.5787 56941.6 7073.25 4.4621e+09 6.44216e+08 0.130713 0.125393 -0.0819812 0.103122 0.403394 0.0474006 0.203785 0.0298083 
100 0.37 6900000 58.8333 14.2262 -221.854 20.5787 57552.9 7073.25 4.4744e+09 6.41043e+08 0.153296 0.125393 -0.109645 0.103122 0.411184 0.0474006 0.208383 0.0298083 
100 0.37 7000000 58.8333 14.2262 -221.854 20.5787 57552.9 7073.25 4.4744e+09 6.41043e+08 0.153296 0.125393 -0.109645 0.103122 0.411184 0.0474006 0.208383 0.0298083 
100 0.37 7100000 58.8333 14.2262 -221.854 20.5787 57552.9 7073.25 4.4744e+09 6.41043e+08 0.153296 0.125393 -0.109645 0.103122 0.411184 0.0474006 0.208383 0.0298083 
100 0.37 7200000 58.8333 14.2262 -221.854 20.5787 57552.9 7073.25 4.4744e+09 6.41043e+08 0.153296 0.125393 -0.109645 0.103122 0.411184 0.0474006 0.208383 0.0298083 
100 0.37 7300000 56.75 13.4312 -223.356 18.3683 57822.5 6243.72 4.45786e+09 5.64027e+08 0.15392 0.111846 -0.142617 0.106578 0.415472 0.0429867 0.2102 0.0267635 
100 0.37 7400000 56.75 13.4312 -223.356 18.3683 57822.5 6243.72 4.45786e+09 5.64027e+08 0.15392 0.111846 -0.142617 0.106578 0.415472 0.0429867 0.2102 0.0267635 
100 0.37 7500000 56.75 13.4312 -223.356 18.3683 57822.5 6243.72 4.45786e+09 5.64027e+08 0.15392 0.111846 -0.142617 0.106578 0.415472 0.0429867 0.2102 0.0267635 
100 0.37 7600000 56.75 13.4312 -223.356 18.3683 57822.5 6243.72 4.45786e+09 5.64027e+08 0.15392 0.111846 -0.142617 0.106578 0.415472 0.0429867 0.2102 0.0267635 
100 0.37 7700000 55.1471 13.4312 -226.342 18.3683 58958.9 6243.72 4.57519e+09 5.60927e+08 0.111241 0.111846 -0.158734 0.106578 0.421605 0.0429867 0.214256 0.0267635 
100 0.37 7800000 55.1471 13.4312 -226.342 18.3683 58958.9 6243.72 4.57519e+09 5.60927e+08 0.111241 0.111846 -0.158734 0.106578 0.421605 0.0429867 0.214256 0.0267635 
100 0.37 7900000 55.1471 13.4312 -226.342 18.3683 58958.9 6243.72 4.57519e+09 5.60927e+08 0.111241 0.111846 -0.158734 0.106578 0.421605 0.0429867 0.214256 0.0267635 
100 0.37 8000000 55.1471 13.4312 -226.342 18.3683 58958.9 6243.72 4.57519e+09 5.60927e+08 0.111241 0.111846 -0.158734 0.106578 0.421605 0.0429867 0.214256 0.0267635 
100 0.37 8100000 54.1389 12.1901 -229.389 17.2899 60126.1 5959.77 4.69158e+09 5.45126e+08 0.07059 0.126714 -0.162242 0.0965259 0.425249 0.0393066 0.215751 0.0243586 
100 0.37 8200000 54.1389 12.1901 -229.389 17.2899 60126.1 5959.77 4.69158e+09 5.45126e+08 0.07059 0.126714 -0.162242 0.0965259 0.425249 0.0393066 0.215751 0.0243586 
100 0.37 8300000 54.1389 12.1901 -229.389 17.2899 60126.1 5959.77 4.69158e+09 5.45126e+08 0.07059 0.126714 -0.162242 0.0965259 0.425249 0.0393066 0.215751 0.0243586 
100 0.37 8400000 54.1389 12.1901 -229.389 17.2899 60126.1 5959.77 4.69158e+09 5.45126e+08 0.07059 0.126714 -0.162242 0.0965259 0.425249 0.0393066 0.215751 0.0243586 
100 0.37 8500000 53.1316 12.1901 -232.091 17.2899 61205.7 5959.77 4.81815e+09 5.45126e+08 0.0330155 0.126714 -0.168563 0.0965259 0.429503 0.0393066 0.218144 0.0243586 
100 0.37 8600000 53.1316 12.1901 -232.091 17.2899 61205.7 5959.77 4.81815e+09 5.45126e+08 0.0330155 0.126714 -0.168563 0.0965259 0.429503 0.0393066 0.218144 0.0243586 
100 0.37 8700000 53.1316 12.1901 -232.091 17.2899 61205.7 5959.77 4.81815e+09 5.45126e+08 0.0330155 0.126714 -0.168563 0.0965259 0.429503 0.0393066 0.218144 0.0243586 
100 0.37 8800000 53.1316 12.1901 -232.091 17.2899 61205.7 5959.77 4.81815e+09 5.45126e+08 0.0330155 0.126714 -0.168563 0.0965259 0.429503 0.0393066 0.218144 0.0243586 
100 0.37 8900000 51.775 15.7648 -233.629 20.3962 61716 6610.49 4.85938e+09 5.15792e+08 0.00109372 0.157677 -0.176594 0.0973754 0.434468 0.0443175 0.221514 0.0252121 
100 0.37 9000000 51.775 15.7648 -233.629 20.3962 61716 6610.49 4.85938e+09 5.15792e+08 0.00109372 0.157677 -0.176594 0.0973754 0.434468 0.0443175 0.221514 0.0252121 
100 0.37 9100000 51.775 15.7648 -233.629 20.3962 61716 6610.49 4.85938e+09 5.15792e+08 0.00109372 0.157677 -0.176594 0.0973754 0.434468 0.0443175 0.221514 0.0252121 
100 0.37 9200000 51.775 15.7648 -233.629 20.3962 61716 6610.49 4.85938e+09 5.15792e+08 0.00109372 0.157677 -0.176594 0.0973754 0.434468 0.0443175 0.221514 0.0252121 
100 0.37 9300000 51.775 15.7648 -233.629 20.3962 61716 6610.49 4.85938e+09 5.15792e+08 0.00109372 0.157677 -0.176594 0.0973754 0.434468 0.0443175 0.221514 0.0252121 
100 0.37 9400000 51.775 15.7648 -233.629 20.3962 61716 6610.49 4.85938e+09 5.15792e+08 0.00109372 0.157677 -0.176594 0.0973754 0.434468 0.0443175 0.221514 0.0252121 
100 0.37 9500000 51.775 15.7648 -233.629 20.3962 61716 6610.49 4.85938e+09 5.15792e+08 0.00109372 0.157677 -0.176594 0.0973754 0.434468 0.0443175 0.221514 0.0252121 
100 0.37 9600000 51.775 15.7648 -233.629 20.3962 61716 6610.49 4.85938e+09 5.15792e+08 0.00109372 0.157677 -0.176594 0.0973754 0.434468 0.0443175 0.221514 0.0252121 
100 0.37 9700000 50.6818 15.7648 -237.873 20.3962 63341 6610.49 5.02069e+09 5.11334e+08 -0.052007 0.157677 -0.14687 0.0973754 0.44346 0.0443175 0.227775 0.0252121 
100 0.37 9800000 50.6818 15.7648 -237.873 20.3962 63341 6610.49 5.02069e+09 5.11334e+08 -0.052007 0.157677 -0.14687 0.0973754 0.44346 0.0443175 0.227775 0.0252121 
100 0.37 9900000 50.6818 15.7648 -237.873 20.3962 63341 6610.49 5.02069e+09 5.11334e+08 -0.052007 0.157677 -0.14687 0.0973754 0.44346 0.0443175 0.227775 0.0252121 
100 0.37 10000000 50.6818 15.7648 -237.873 20.3962 63341 6610.49 5.02069e+09 5.11334e+08 -0.052007 0.157677 -0.14687 0.0973754 0.44346 0.0443175 0.227775 0.0252121 
100 0.37 10100000 50.6818 15.7648 -237.873 20.3962 63341 6610.49 5.02069e+09 5.11334e+08 -0.052007 0.157677 -0.14687 0.0973754 0.44346 0.0443175 0.227775 0.0252121 
100 0.37 10200000 50.6818 15.7648 -237.873 20.3962 63341 6610.49 5.02069e+09 5.11334e+08 -0.052007 0.157677 -0.14687 0.0973754 0.44346 0.0443175 0.227775 0.0252121 
100 0.37 10300000 50.6818 15.7648 -237.873 20.3962 63341 6610.49 5.02069e+09 5.11334e+08 -0.052007 0.157677 -0.14687 0.0973754 0.44346 0.0443175 0.227775 0.0252121 
100 0.37 10400000 50.6818 15.7648 -237.873 20.3962 63341 6610.49 5.02069e+09 5.11334e+08 -0.052007 0.157677 -0.14687 0.0973754 0.44346 0.0443175 0.227775 0.0252121 
100 0.37 10500000 49.7708 13.2641 -241.667 18.5132 64814.2 6192.36 5.17003e+09 5.1185e+08 -0.00485616 0.131509 -0.134721 0.0896986 0.451822 0.0401856 0.233637 0.0237462 
100 0.37 10600000 49.7708 13.2641 -241.667 18.5132 64814.2 6192.36 5.17003e+09 5.1185e+08 -0.00485616 0.131509 -0.134721 0.0896986 0.451822 0.0401856 0.233637 0.0237462 
100 0.37 10700000 49.7708 13.2641 -241.667 18.5132 64814.2 6192.36 5.17003e+09 5.1185e+08 -0.00485616 0.131509 -0.134721 0.0896986 0.451822 0.0401856 0.233637 0.0237462 
100 0.37 10800000 49.7708 13.2641 -241.667 18.5132 64814.2 6192.36 5.17003e+09 5.1185e+08 -0.00485616 0.131509 -0.134721 0.0896986 0.451822 0.0401856 0.233637 0.0237462 
100 0.37 10900000 49.7708 13.2641 -241.667 18.5132 64814.2 6192.36 5.17003e+09 5.1185e+08 -0.00485616 0.131509 -0.134721 0.0896986 0.451822 0.0401856 0.233637 0.0237462 
100 0.37 11000000 49.7708 13.2641 -241.667 18.5132 64814.2 6192.36 5.17003e+09 5.1185e+08 -0.00485616 0.131509 -0.134721 0.0896986 0.451822 0.0401856 0.233637 0.0237462 
100 0.37 11100000 49.7708 13.2641 -241.667 18.5132 64814.2 6192.36 5.17003e+09 5.1185e+08 -0.00485616 0.131509 -0.134721 0.0896986 0.451822 0.0401856 0.233637 0.0237462 
100 0.37 11200000 49.7708 13.2641 -241.667 18.5132 64814.2 6192.36 5.17003e+09 5.1185e+08 -0.00485616 0.131509 -0.134721 0.0896986 0.451822 0.0401856 0.233637 0.0237462 
100 0.37 11300000 51.7115 13.2641 -240.687 18.5132 64307.4 6192.36 5.07855e+09 5.1185e+08 -0.0190026 0.131509 -0.159103 0.0896986 0.450469 0.0401856 0.231971 0.0237462 
100 0.37 11400000 51.7115 13.2641 -240.687 18.5132 64307.4 6192.36 5.07855e+09 5.1185e+08 -0.0190026 0.131509 -0.159103 0.0896986 0.450469 0.0401856 0.231971 0.0237462 
100 0.37 11500000 51.7115 13.2641 -240.687 18.5132 64307.4 6192.36 5.07855e+09 5.1185e+08 -0.0190026 0.131509 -0.159103 0.0896986 0.450469 0.0401856 0.231971 0.0237462 
100 0.37 11600000 51.7115 13.2641 -240.687 18.5132 64307.4 6192.36 5.07855e+09 5.1185e+08 -0.0190026 0.131509 -0.159103 0.0896986 0.450469 0.0401856 0.231971 0.0237462 
100 0.37 11700000 51.7115 13.2641 -240.687 18.5132 64307.4 6192.36 5.07855e+09 5.1185e+08 -0.0190026 0.131509 -0.159103 0.0896986 0.450469 0.0401856 0.231971 0.0237462 
100 0.37 11800000 51.7115 13.2641 -240.687 18.5132 64307.4 6192.36 5.07855e+09 5.1185e+08 -0.0190026 0.131509 -0.159103 0.0896986 0.450469 0.0401856 0.231971 0.0237462 
100 0.37 11900000 51.7115 13.2641 -240.687 18.5132 64307.4 6192.36 5.07855e+09 5.1185e+08 -0.0190026 0.131509 -0.159103 0.0896986 0.450469 0.0401856 0.231971 0.0237462 
100 0.37 12000000 51.7115 13.2641 -240.687 18.5132 64307.4 6192.36 5.07855e+09 5.1185e+08 -0.0190026 0.131509 -0.159103 0.0896986 0.450469 0.0401856 0.231971 0.0237462 
100 0.37 12100000 50.8214 11.4108 -240.222 15.9248 64198.3 5338.28 5.09658e+09 4.43968e+08 -0.00271746 0.11274 -0.178428 0.0868831 0.448263 0.034602 0.230643 0.0205417 
100 0.37 12200000 50.8214 11.4108 -240.222 15.9248 64198.3 5338.28 5.09658e+09 4.43968e+08 -0.00271746 0.11274 -0.178428 0.0868831 0.448263 0.034602 0.230643 0.0205417 
100 0.37 12300000 50.8214 11.4108 -240.222 15.9248 64198.3 5338.28 5.09658e+09 4.43968e+08 -0.00271746 0.11274 -0.178428 0.0868831 0.448263 0.034602 0.230643 0.0205417 
100 0.37 12400000 50.8214 11.4108 -240.222 15.9248 64198.3 5338.28 5.09658e+09 4.43968e+08 -0.00271746 0.11274 -0.178428 0.0868831 0.448263 0.034602 0.230643 0.0205417 
100 0.37 12500000 50.8214 11.4108 -240.222 15.9248 64198.3 5338.28 5.09658e+09 4.43968e+08 -0.00271746 0.11274 -0.178428 0.0868831 0.448263 0.034602 0.230643 0.0205417 
100 0.37 12600000 50.8214 11.4108 -240.222 15.9248 64198.3 5338.28 5.09658e+09 4.43968e+08 -0.00271746 0.11274 -0.178428 0.0868831 0.448263 0.034602 0.230643 0.0205417 
100 0.37 12700000 50.8214 11.4108 -240.222 15.9248 64198.3 5338.28 5.09658e+09 4.43968e+08 -0.00271746 0.11274 -0.178428 0.0868831 0.448263 0.034602 0.230643 0.0205417 
100 0.37 12800000 50.8214 11.4108 -240.222 15.9248 64198.3 5338.28 5.09658e+09 4.43968e+08 -0.00271746 0.11274 -0.178428 0.0868831 0.448263 0.034602 0.230643 0.0205417 
100 0.37 12900000 50.6833 11.4108 -241.342 15.9248 64478.8 5338.28 5.10046e+09 4.43968e+08 0.0172111 0.11274 -0.186806 0.0868831 0.450723 0.034602 0.231912 0.0205417 
100 0.37 13000000 50.6833 11.4108 -241.342 15.9248 64478.8 5338.28 5.10046e+09 4.43968e+08 0.0172111 0.11274 -0.186806 0.0868831 0.450723 0.034602 0.231912 0.0205417 
100 0.37 13100000 50.6833 11.4108 -241.342 15.9248 64478.8 5338.28 5.10046e+09 4.43968e+08 0.0172111 0.11274 -0.186806 0.0868831 0.450723 0.034602 0.231912 0.0205417 
100 0.37 13200000 50.6833 11.4108 -241.342 15.9248 64478.8 5338.28 5.10046e+09 4.43968e+08 0.0172111 0.11274 -0.186806 0.0868831 0.450723 0.034602 0.231912 0.0205417 
100 0.37 13300000 50.6833 11.4108 -241.342 15.9248 64478.8 5338.28 5.10046e+09 4.43968e+08 0.0172111 0.11274 -0.186806 0.0868831 0.450723 0.034602 0.231912 0.0205417 
100 0.37 13400000 50.6833 11.4108 -241.342 15.9248 64478.8 5338.28 5.10046e+09 4.43968e+08 0.0172111 0.11274 -0.186806 0.0868831 0.450723 0.034602 0.231912 0.0205417 
100 0.37 13500000 50.6833 11.4108 -241.342 15.9248 64478.8 5338.28 5.10046e+09 4.43968e+08 0.0172111 0.11274 -0.186806 0.0868831 0.450723 0.034602 0.231912 0.0205417 
100 0.37 13600000 50.6833 11.4108 -241.342 15.9248 64478.8 5338.28 5.10046e+09 4.43968e+08 0.0172111 0.11274 -0.186806 0.0868831 0.450723 0.034602 0.231912 0.0205417 
100 0.37 13700000 49.3125 10.0837 -241.672 14 64427 4675.89 5.07457e+09 3.89017e+08 0.00489617 0.0995724 -0.145284 0.0821018 0.451293 0.0304091 0.231098 0.0179791 
100 0.37 13800000 49.3125 10.0837 -241.672 14 64427 4675.89 5.07457e+09 3.89017e+08 0.00489617 0.0995724 -0.145284 0.0821018 0.451293 0.0304091 0.231098 0.0179791 
100 0.37 13900000 49.3125 10.0837 -241.672 14 64427 4675.89 5.07457e+09 3.89017e+08 0.00489617 0.0995724 -0.145284 0.0821018 0.451293 0.0304091 0.231098 0.0179791 
100 0.37 14000000 49.3125 10.0837 -241.672 14 64427 4675.89 5.07457e+09 3.89017e+08 0.00489617 0.0995724 -0.145284 0.0821018 0.451293 0.0304091 0.231098 0.0179791 
100 0.37 14100000 49.3125 10.0837 -241.672 14 64427 4675.89 5.07457e+09 3.89017e+08 0.00489617 0.0995724 -0.145284 0.0821018 0.451293 0.0304091 0.231098 0.0179791 
100 0.37 14200000 49.3125 10.0837 -241.672 14 64427 4675.89 5.07457e+09 3.89017e+08 0.00489617 0.0995724 -0.145284 0.0821018 0.451293 0.0304091 0.231098 0.0179791 
100 0.37 14300000 49.3125 10.0837 -241.672 14 64427 4675.89 5.07457e+09 3.89017e+08 0.00489617 0.0995724 -0.145284 0.0821018 0.451293 0.0304091 0.231098 0.0179791 
100 0.37 14400000 49.3125 10.0837 -241.672 14 64427 4675.89 5.07457e+09 3.89017e+08 0.00489617 0.0995724 -0.145284 0.0821018 0.451293 0.0304091 0.231098 0.0179791 
100 0.37 14500000 51.4853 10.0837 -242.117 14 64788.5 4675.89 5.1323e+09 3.89017e+08 0.00926734 0.0989041 -0.104238 0.0821018 0.451992 0.0304091 0.232204 0.0179791 
100 0.37 14600000 51.4853 10.0837 -242.117 14 64788.5 4675.89 5.1323e+09 3.89017e+08 0.00926734 0.0989041 -0.104238 0.0821018 0.451992 0.0304091 0.232204 0.0179791 
100 0.37 14700000 51.4853 10.0837 -242.117 14 64788.5 4675.89 5.1323e+09 3.89017e+08 0.00926734 0.0989041 -0.104238 0.0821018 0.451992 0.0304091 0.232204 0.0179791 
100 0.37 14800000 51.4853 10.0837 -242.117 14 64788.5 4675.89 5.1323e+09 3.89017e+08 0.00926734 0.0989041 -0.104238 0.0821018 0.451992 0.0304091 0.232204 0.0179791 
100 0.37 14900000 51.4853 10.0837 -242.117 14 64788.5 4675.89 5.1323e+09 3.89017e+08 0.00926734 0.0989041 -0.104238 0.0821018 0.451992 0.0304091 0.232204 0.0179791 
100 0.37 15000000 51.4853 10.0837 -242.117 14 64788.5 4675.89 5.1323e+09 3.89017e+08 0.00926734 0.0989041 -0.104238 0.0821018 0.451992 0.0304091 0.232204 0.0179791 
100 0.37 15100000 51.4853 10.0837 -242.117 14 64788.5 4675.89 5.1323e+09 3.89017e+08 0.00926734 0.0989041 -0.104238 0.0821018 0.451992 0.0304091 0.232204 0.0179791 
100 0.37 15200000 51.4853 10.0837 -242.117 14 64788.5 4675.89 5.1323e+09 3.89017e+08 0.00926734 0.0989041 -0.104238 0.0821018 0.451992 0.0304091 0.232204 0.0179791 
100 0.37 15300000 50.1667 8.9994 -242.755 12.4863 65057.5 4198.64 5.16634e+09 3.56454e+08 -0.0263016 0.0951037 -0.093045 0.0880435 0.452266 0.0270459 0.232191 0.0160145 
100 0.37 15400000 50.1667 8.9994 -242.755 12.4863 65057.5 4198.64 5.16634e+09 3.56454e+08 -0.0263016 0.0951037 -0.093045 0.0880435 0.452266 0.0270459 0.232191 0.0160145 
100 0.37 15500000 50.1667 8.9994 -242.755 12.4863 65057.5 4198.64 5.16634e+09 3.56454e+08 -0.0263016 0.0951037 -0.093045 0.0880435 0.452266 0.0270459 0.232191 0.0160145 
100 0.37 15600000 50.1667 8.9994 -242.755 12.4863 65057.5 4198.64 5.16634e+09 3.56454e+08 -0.0263016 0.0951037 -0.093045 0.0880435 0.452266 0.0270459 0.232191 0.0160145 
100 0.37 15700000 50.1667 8.9994 -242.755 12.4863 65057.5 4198.64 5.16634e+09 3.56454e+08 -0.0263016 0.0951037 -0.093045 0.0880435 0.452266 0.0270459 0.232191 0.0160145 
100 0.37 15800000 50.1667 8.9994 -242.755 12.4863 65057.5 4198.64 5.16634e+09 3.56454e+08 -0.0263016 0.0951037 -0.093045 0.0880435 0.452266 0.0270459 0.232191 0.0160145 
100 0.37 15900000 50.1667 8.9994 -242.755 12.4863 65057.5 4198.64 5.16634e+09 3.56454e+08 -0.0263016 0.0951037 -0.093045 0.0880435 0.452266 0.0270459 0.232191 0.0160145 
100 0.37 16000000 50.1667 8.9994 -242.755 12.4863 65057.5 4198.64 5.16634e+09 3.56454e+08 -0.0263016 0.0951037 -0.093045 0.0880435 0.452266 0.0270459 0.232191 0.0160145 
100 0.37 16100000 50.8158 8.9994 -242.259 12.4863 64751.3 4198.64 5.11835e+09 3.56454e+08 -0.00847269 0.0927047 -0.0772544 0.0880435 0.451492 0.0270459 0.231416 0.0160145 
100 0.37 16200000 50.8158 8.9994 -242.259 12.4863 64751.3 4198.64 5.11835e+09 3.56454e+08 -0.00847269 0.0927047 -0.0772544 0.0880435 0.451492 0.0270459 0.231416 0.0160145 
100 0.37 16300000 50.8158 8.9994 -242.259 12.4863 64751.3 4198.64 5.11835e+09 3.56454e+08 -0.00847269 0.0927047 -0.0772544 0.0880435 0.451492 0.0270459 0.231416 0.0160145 
100 0.37 16400000 50.8158 8.9994 -242.259 12.4863 64751.3 4198.64 5.11835e+09 3.56454e+08 -0.00847269 0.0927047 -0.0772544 0.0880435 0.451492 0.0270459 0.231416 0.0160145 
100 0.37 16500000 50.8158 8.9994 -242.259 12.4863 64751.3 4198.64 5.11835e+09 3.56454e+08 -0.00847269 0.0927047 -0.0772544 0.0880435 0.451492 0.0270459 0.231416 0.0160145 
100 0.37 16600000 50.8158 8.9994 -242.259 12.4863 64751.3 4198.64 5.11835e+09 3.56454e+08 -0.00847269 0.0927047 -0.0772544 0.0880435 0.451492 0.0270459 0.231416 0.0160145 
100 0.37 16700000 50.8158 8.9994 -242.259 12.4863 64751.3 4198.64 5.11835e+09 3.56454e+08 -0.00847269 0.0927047 -0.0772544 0.0880435 0.451492 0.0270459 0.231416 0.0160145 
100 0.37 16800000 50.8158 8.9994 -242.259 12.4863 64751.3 4198.64 5.11835e+09 3.56454e+08 -0.00847269 0.0927047 -0.0772544 0.0880435 0.451492 0.0270459 0.231416 0.0160145 
100 0.37 16900000 50.8 8.12171 -242.31 11.2456 64731.8 3791.39 5.1154e+09 3.58303e+08 0.0114171 0.0907838 -0.0585689 0.0940626 0.451959 0.024343 0.231944 0.014415 
100 0.37 17000000 50.8 8.12171 -242.31 11.2456 64731.8 3791.39 5.1154e+09 3.58303e+08 0.0114171 0.0907838 -0.0585689 0.0940626 0.451959 0.024343 0.231944 0.014415 
100 0.37 17100000 50.8 8.12171 -242.31 11.2456 64731.8 3791.39 5.1154e+09 3.58303e+08 0.0114171 0.0907838 -0.0585689 0.0940626 0.451959 0.024343 0.231944 0.014415 
100 0.37 17200000 50.8 8.12171 -242.31 11.2456 64731.8 3791.39 5.1154e+09 3.58303e+08 0.0114171 0.0907838 -0.0585689 0.0940626 0.451959 0.024343 0.231944 0.014415 
100 0.37 17300000 50.8 8.12171 -242.31 11.2456 64731.8 3791.39 5.1154e+09 3.58303e+08 0.0114171 0.0907838 -0.0585689 0.0940626 0.451959 0.024343 0.231944 0.014415 
100 0.37 17400000 50.8 8.12171 -242.31 11.2456 64731.8 3791.39 5.1154e+09 3.58303e+08 0.0114171 0.0907838 -0.0585689 0.0940626 0.451959 0.024343 0.231944 0.014415 
100 0.37 17500000 50.8 8.12171 -242.31 11.2456 64731.8 3791.39 5.1154e+09 3.58303e+08 0.0114171 0.0907838 -0.0585689 0.0940626 0.451959 0.024343 0.231944 0.014415 
100 0.37 17600000 50.8 8.12171 -242.31 11.2456 64731.8 3791.39 5.1154e+09 3.58303e+08 0.0114171 0.0907838 -0.0585689 0.0940626 0.451959 0.024343 0.231944 0.014415 
100 0.37 17700000 50.8 8.12171 -242.31 11.2456 64731.8 3791.39 5.1154e+09 3.58303e+08 0.0114171 0.0907838 -0.0585689 0.0940626 0.451959 0.024343 0.231944 0.014415 
100 0.37 17800000 50.8 8.12171 -242.31 11.2456 64731.8 3791.39 5.1154e+09 3.58303e+08 0.0114171 0.0907838 -0.0585689 0.0940626 0.451959 0.024343 0.231944 0.014415 
100 0.37 17900000 50.8 8.12171 -242.31 11.2456 64731.8 3791.39 5.1154e+09 3.58303e+08 0.0114171 0.0907838 -0.0585689 0.0940626 0.451959 0.024343 0.231944 0.014415 
100 0.37 18000000 50.8 8.12171 -242.31 11.2456 64731.8 3791.39 5.1154e+09 3.58303e+08 0.0114171 0.0907838 -0.0585689 0.0940626 0.451959 0.024343 0.231944 0.014415 
100 0.37 18100000 50.8 8.12171 -242.31 11.2456 64731.8 3791.39 5.1154e+09 3.58303e+08 0.0114171 0.0907838 -0.0585689 0.0940626 0.451959 0.024343 0.231944 0.014415 
100 0.37 18200000 50.8 8.12171 -242.31 11.2456 64731.8 3791.39 5.1154e+09 3.58303e+08 0.0114171 0.0907838 -0.0585689 0.0940626 0.451959 0.024343 0.231944 0.014415 
100 0.37 18300000 50.8 8.12171 -242.31 11.2456 64731.8 3791.39 5.1154e+09 3.58303e+08 0.0114171 0.0907838 -0.0585689 0.0940626 0.451959 0.024343 0.231944 0.014415 
100 0.37 18400000 50.8 8.12171 -242.31 11.2456 64731.8 3791.39 5.1154e+09 3.58303e+08 0.0114171 0.0907838 -0.0585689 0.0940626 0.451959 0.024343 0.231944 0.014415 
100 0.37 18500000 52.8977 7.64949 -242.291 10.2233 65067.4 3571.79 5.19554e+09 3.58303e+08 0.032958 0.0850479 -0.0564139 0.0940626 0.452458 0.0221351 0.234179 0.0132767 
100 0.37 18600000 52.8977 7.64949 -242.291 10.2233 65067.4 3571.79 5.19554e+09 3.58303e+08 0.032958 0.0850479 -0.0564139 0.0940626 0.452458 0.0221351 0.234179 0.0132767 
100 0.37 18700000 52.8977 7.64949 -242.291 10.2233 65067.4 3571.79 5.19554e+09 3.58303e+08 0.032958 0.0850479 -0.0564139 0.0940626 0.452458 0.0221351 0.234179 0.0132767 
100 0.37 18800000 52.8977 7.64949 -242.291 10.2233 65067.4 3571.79 5.19554e+09 3.58303e+08 0.032958 0.0850479 -0.0564139 0.0940626 0.452458 0.0221351 0.234179 0.0132767 
100 0.37 18900000 52.8977 7.64949 -242.291 10.2233 65067.4 3571.79 5.19554e+09 3.58303e+08 0.032958 0.0850479 -0.0564139 0.0940626 0.452458 0.0221351 0.234179 0.0132767 
100 0.37 19000000 52.8977 7.64949 -242.291 10.2233 65067.4 3571.79 5.19554e+09 3.58303e+08 0.032958 0.0850479 -0.0564139 0.0940626 0.452458 0.0221351 0.234179 0.0132767 
100 0.37 19100000 52.8977 7.64949 -242.291 10.2233 65067.4 3571.79 5.19554e+09 3.58303e+08 0.032958 0.0850479 -0.0564139 0.0940626 0.452458 0.0221351 0.234179 0.0132767 
100 0.37 19200000 52.8977 7.64949 -242.291 10.2233 65067.4 3571.79 5.19554e+09 3.58303e+08 0.032958 0.0850479 -0.0564139 0.0940626 0.452458 0.0221351 0.234179 0.0132767 
100 0.37 19300000 52.8977 7.64949 -242.291 10.2233 65067.4 3571.79 5.19554e+09 3.58303e+08 0.032958 0.0850479 -0.0564139 0.0940626 0.452458 0.0221351 0.234179 0.0132767 
100 0.37 19400000 52.8977 7.64949 -242.291 10.2233 65067.4 3571.79 5.19554e+09 3.58303e+08 0.032958 0.0850479 -0.0564139 0.0940626 0.452458 0.0221351 0.234179 0.0132767 
100 0.37 19500000 52.8977 7.64949 -242.291 10.2233 65067.4 3571.79 5.19554e+09 3.58303e+08 0.032958 0.0850479 -0.0564139 0.0940626 0.452458 0.0221351 0.234179 0.0132767 
100 0.37 19600000 52.8977 7.64949 -242.291 10.2233 65067.4 3571.79 5.19554e+09 3.58303e+08 0.032958 0.0850479 -0.0564139 0.0940626 0.452458 0.0221351 0.234179 0.0132767 
100 0.37 19700000 52.8977 7.64949 -242.291 10.2233 65067.4 3571.79 5.19554e+09 3.58303e+08 0.032958 0.0850479 -0.0564139 0.0940626 0.452458 0.0221351 0.234179 0.0132767 
100 0.37 19800000 52.8977 7.64949 -242.291 10.2233 65067.4 3571.79 5.19554e+09 3.58303e+08 0.032958 0.0850479 -0.0564139 0.0940626 0.452458 0.0221351 0.234179 0.0132767 
100 0.37 19900000 52.8977 7.64949 -242.291 10.2233 65067.4 3571.79 5.19554e+09 3.58303e+08 0.032958 0.0850479 -0.0564139 0.0940626 0.452458 0.0221351 0.234179 0.0132767 
100 0.37 20000000 52.8977 7.64949 -242.291 10.2233 65067.4 3571.79 5.19554e+09 3.58303e+08 0.032958 0.0850479 -0.0564139 0.0940626 0.452458 0.0221351 0.234179 0.0132767 
100 0.37 20100000 50.8646 7.27721 -243.759 9.47622 65400.6 3189.08 5.19342e+09 3.06963e+08 0.047164 0.0791381 -0.0867918 0.082511 0.455103 0.0204481 0.234696 0.0121804 
100 0.37 20200000 50.8646 7.27721 -243.759 9.47622 65400.6 3189.08 5.19342e+09 3.06963e+08 0.047164 0.0791381 -0.0867918 0.082511 0.455103 0.0204481 0.234696 0.0121804 
100 0.37 20300000 50.8646 7.27721 -243.759 9.47622 65400.6 3189.08 5.19342e+09 3.06963e+08 0.047164 0.0791381 -0.0867918 0.082511 0.455103 0.0204481 0.234696 0.0121804 
100 0.37 20400000 50.8646 7.27721 -243.759 9.47622 65400.6 3189.08 5.19342e+09 3.06963e+08 0.047164 0.0791381 -0.0867918 0.082511 0.455103 0.0204481 0.234696 0.0121804 
100 0.37 20500000 50.8646 7.27721 -243.759 9.47622 65400.6 3189.08 5.19342e+09 3.06963e+08 0.047164 0.0791381 -0.0867918 0.082511 0.455103 0.0204481 0.234696 0.0121804 
100 0.37 20600000 50.8646 7.27721 -243.759 9.47622 65400.6 3189.08 5.19342e+09 3.06963e+08 0.047164 0.0791381 -0.0867918 0.082511 0.455103 0.0204481 0.234696 0.0121804 
100 0.37 20700000 50.8646 7.27721 -243.759 9.47622 65400.6 3189.08 5.19342e+09 3.06963e+08 0.047164 0.0791381 -0.0867918 0.082511 0.455103 0.0204481 0.234696 0.0121804 
100 0.37 20800000 50.8646 7.27721 -243.759 9.47622 65400.6 3189.08 5.19342e+09 3.06963e+08 0.047164 0.0791381 -0.0867918 0.082511 0.455103 0.0204481 0.234696 0.0121804 
100 0.37 20900000 50.8646 7.27721 -243.759 9.47622 65400.6 3189.08 5.19342e+09 3.06963e+08 0.047164 0.0791381 -0.0867918 0.082511 0.455103 0.0204481 0.234696 0.0121804 
100 0.37 21000000 50.8646 7.27721 -243.759 9.47622 65400.6 3189.08 5.19342e+09 3.06963e+08 0.047164 0.0791381 -0.0867918 0.082511 0.455103 0.0204481 0.234696 0.0121804 
100 0.37 21100000 50.8646 7.27721 -243.759 9.47622 65400.6 3189.08 5.19342e+09 3.06963e+08 0.047164 0.0791381 -0.0867918 0.082511 0.455103 0.0204481 0.234696 0.0121804 
100 0.37 21200000 50.8646 7.27721 -243.759 9.47622 65400.6 3189.08 5.19342e+09 3.06963e+08 0.047164 0.0791381 -0.0867918 0.082511 0.455103 0.0204481 0.234696 0.0121804 
100 0.37 21300000 50.8646 7.27721 -243.759 9.47622 65400.6 3189.08 5.19342e+09 3.06963e+08 0.047164 0.0791381 -0.0867918 0.082511 0.455103 0.0204481 0.234696 0.0121804 
100 0.37 21400000 50.8646 7.27721 -243.759 9.47622 65400.6 3189.08 5.19342e+09 3.06963e+08 0.047164 0.0791381 -0.0867918 0.082511 0.455103 0.0204481 0.234696 0.0121804 
100 0.37 21500000 50.8646 7.27721 -243.759 9.47622 65400.6 3189.08 5.19342e+09 3.06963e+08 0.047164 0.0791381 -0.0867918 0.082511 0.455103 0.0204481 0.234696 0.0121804 
100 0.37 21600000 50.8646 7.27721 -243.759 9.47622 65400.6 3189.08 5.19342e+09 3.06963e+08 0.047164 0.0791381 -0.0867918 0.082511 0.455103 0.0204481 0.234696 0.0121804 
100 0.37 21700000 49.1346 6.92 -244.327 8.76425 65323 3038.47 5.13614e+09 3.06963e+08 0.00436504 0.0838286 -0.098381 0.082511 0.456769 0.0189428 0.234633 0.0112686 
100 0.37 21800000 49.1346 6.92 -244.327 8.76425 65323 3038.47 5.13614e+09 3.06963e+08 0.00436504 0.0838286 -0.098381 0.082511 0.456769 0.0189428 0.234633 0.0112686 
100 0.37 21900000 49.1346 6.92 -244.327 8.76425 65323 3038.47 5.13614e+09 3.06963e+08 0.00436504 0.0838286 -0.098381 0.082511 0.456769 0.0189428 0.234633 0.0112686 
100 0.37 22000000 49.1346 6.92 -244.327 8.76425 65323 3038.47 5.13614e+09 3.06963e+08 0.00436504 0.0838286 -0.098381 0.082511 0.456769 0.0189428 0.234633 0.0112686 
100 0.37 22100000 49.1346 6.92 -244.327 8.76425 65323 3038.47 5.13614e+09 3.06963e+08 0.00436504 0.0838286 -0.098381 0.082511 0.456769 0.0189428 0.234633 0.0112686 
100 0.37 22200000 49.1346 6.92 -244.327 8.76425 65323 3038.47 5.13614e+09 3.06963e+08 0.00436504 0.0838286 -0.098381 0.082511 0.456769 0.0189428 0.234633 0.0112686 
100 0.37 22300000 49.1346 6.92 -244.327 8.76425 65323 3038.47 5.13614e+09 3.06963e+08 0.00436504 0.0838286 -0.098381 0.082511 0.456769 0.0189428 0.234633 0.0112686 
100 0.37 22400000 49.1346 6.92 -244.327 8.76425 65323 3038.47 5.13614e+09 3.06963e+08 0.00436504 0.0838286 -0.098381 0.082511 0.456769 0.0189428 0.234633 0.0112686 
100 0.37 22500000 49.1346 9.07943 -244.327 8.76425 65323 3038.47 5.13614e+09 3.06963e+08 0.00436504 0.0838286 -0.098381 0.082511 0.456769 0.0189428 0.234633 0.0112686 
100 0.37 22600000 49.1346 9.07943 -244.327 8.76425 65323 3038.47 5.13614e+09 3.06963e+08 0.00436504 0.0838286 -0.098381 0.082511 0.456769 0.0189428 0.234633 0.0112686 
100 0.37 22700000 49.1346 9.07943 -244.327 8.76425 65323 3038.47 5.13614e+09 3.06963e+08 0.00436504 0.0838286 -0.098381 0.082511 0.456769 0.0189428 0.234633 0.0112686 
100 0.37 22800000 49.1346 9.07943 -244.327 8.76425 65323 3038.47 5.13614e+09 3.06963e+08 0.00436504 0.0838286 -0.098381 0.082511 0.456769 0.0189428 0.234633 0.0112686 
100 0.37 22900000 49.1346 9.07943 -244.327 8.76425 65323 3038.47 5.13614e+09 3.06963e+08 0.00436504 0.0838286 -0.098381 0.082511 0.456769 0.0189428 0.234633 0.0112686 
100 0.37 23000000 49.1346 9.07943 -244.327 8.76425 65323 3038.47 5.13614e+09 3.06963e+08 0.00436504 0.0838286 -0.098381 0.082511 0.456769 0.0189428 0.234633 0.0112686 
100 0.37 23100000 49.1346 9.07943 -244.327 8.76425 65323 3038.47 5.13614e+09 3.06963e+08 0.00436504 0.0838286 -0.098381 0.082511 0.456769 0.0189428 0.234633 0.0112686 
100 0.37 23200000 49.1346 9.07943 -244.327 8.76425 65323 3038.47 5.13614e+09 3.06963e+08 0.00436504 0.0838286 -0.098381 0.082511 0.456769 0.0189428 0.234633 0.0112686 
100 0.37 23300000 57.7321 10.4846 -239.396 9.42352 63442.6 3280.26 4.95006e+09 3.46398e+08 -0.00630225 0.0799262 -0.0655778 0.0740234 0.447881 0.0195641 0.228542 0.0119773 
100 0.37 23400000 57.7321 10.4846 -239.396 9.42352 63442.6 3280.26 4.95006e+09 3.46398e+08 -0.00630225 0.0799262 -0.0655778 0.0740234 0.447881 0.0195641 0.228542 0.0119773 
100 0.37 23500000 57.7321 10.4846 -239.396 9.42352 63442.6 3280.26 4.95006e+09 3.46398e+08 -0.00630225 0.0799262 -0.0655778 0.0740234 0.447881 0.0195641 0.228542 0.0119773 
100 0.37 23600000 57.7321 10.4846 -239.396 9.42352 63442.6 3280.26 4.95006e+09 3.46398e+08 -0.00630225 0.0799262 -0.0655778 0.0740234 0.447881 0.0195641 0.228542 0.0119773 
100 0.37 23700000 57.7321 10.4846 -239.396 9.42352 63442.6 3280.26 4.95006e+09 3.46398e+08 -0.00630225 0.0799262 -0.0655778 0.0740234 0.447881 0.0195641 0.228542 0.0119773 
100 0.37 23800000 57.7321 10.4846 -239.396 9.42352 63442.6 3280.26 4.95006e+09 3.46398e+08 -0.00630225 0.0799262 -0.0655778 0.0740234 0.447881 0.0195641 0.228542 0.0119773 
100 0.37 23900000 57.7321 10.4846 -239.396 9.42352 63442.6 3280.26 4.95006e+09 3.46398e+08 -0.00630225 0.0799262 -0.0655778 0.0740234 0.447881 0.0195641 0.228542 0.0119773 
100 0.37 24000000 57.7321 10.4846 -239.396 9.42352 63442.6 3280.26 4.95006e+09 3.46398e+08 -0.00630225 0.0799262 -0.0655778 0.0740234 0.447881 0.0195641 0.228542 0.0119773 
100 0.37 24100000 57.7321 10.4846 -239.396 9.42352 63442.6 3280.26 4.95006e+09 3.46398e+08 -0.00630225 0.0799262 -0.0655778 0.0740234 0.447881 0.0195641 0.228542 0.0119773 
100 0.37 24200000 57.7321 10.4846 -239.396 9.42352 63442.6 3280.26 4.95006e+09 3.46398e+08 -0.00630225 0.0799262 -0.0655778 0.0740234 0.447881 0.0195641 0.228542 0.0119773 
100 0.37 24300000 57.7321 10.4846 -239.396 9.42352 63442.6 3280.26 4.95006e+09 3.46398e+08 -0.00630225 0.0799262 -0.0655778 0.0740234 0.447881 0.0195641 0.228542 0.0119773 
100 0.37 24400000 57.7321 10.4846 -239.396 9.42352 63442.6 3280.26 4.95006e+09 3.46398e+08 -0.00630225 0.0799262 -0.0655778 0.0740234 0.447881 0.0195641 0.228542 0.0119773 
100 0.37 24500000 57.7321 10.4846 -239.396 9.42352 63442.6 3280.26 4.95006e+09 3.46398e+08 -0.00630225 0.0799262 -0.0655778 0.0740234 0.447881 0.0195641 0.228542 0.0119773 
100 0.37 24600000 57.7321 10.4846 -239.396 9.42352 63442.6 3280.26 4.95006e+09 3.46398e+08 -0.00630225 0.0799262 -0.0655778 0.0740234 0.447881 0.0195641 0.228542 0.0119773 
100 0.37 24700000 57.7321 10.4846 -239.396 9.42352 63442.6 3280.26 4.95006e+09 3.46398e+08 -0.00630225 0.0799262 -0.0655778 0.0740234 0.447881 0.0195641 0.228542 0.0119773 
100 0.37 24800000 57.7321 10.4846 -239.396 9.42352 63442.6 3280.26 4.95006e+09 3.46398e+08 -0.00630225 0.0799262 -0.0655778 0.0740234 0.447881 0.0195641 0.228542 0.0119773 
100 0.37 24900000 56.0083 9.92635 -241.763 9.08769 64371.8 3190.48 5.05345e+09 3.46398e+08 0.0172102 0.0799262 -0.0853974 0.0734002 0.45236 0.0187655 0.231562 0.0115535 
100 0.37 25000000 56.0083 9.92635 -241.763 9.08769 64371.8 3190.48 5.05345e+09 3.46398e+08 0.0172102 0.0799262 -0.0853974 0.0734002 0.45236 0.0187655 0.231562 0.0115535 
100 0.37 25100000 56.0083 9.92635 -241.763 9.08769 64371.8 3190.48 5.05345e+09 3.46398e+08 0.0172102 0.0799262 -0.0853974 0.0734002 0.45236 0.0187655 0.231562 0.0115535 
100 0.37 25200000 56.0083 9.92635 -241.763 9.08769 64371.8 3190.48 5.05345e+09 3.46398e+08 0.0172102 0.0799262 -0.0853974 0.0734002 0.45236 0.0187655 0.231562 0.0115535 
100 0.37 25300000 56.0083 9.92635 -241.763 9.08769 64371.8 3190.48 5.05345e+09 3.46398e+08 0.0172102 0.0799262 -0.0853974 0.0734002 0.45236 0.0187655 0.231562 0.0115535 
100 0.37 25400000 56.0083 9.92635 -241.763 9.08769 64371.8 3190.48 5.05345e+09 3.46398e+08 0.0172102 0.0799262 -0.0853974 0.0734002 0.45236 0.0187655 0.231562 0.0115535 
100 0.37 25500000 56.0083 9.92635 -241.763 9.08769 64371.8 3190.48 5.05345e+09 3.46398e+08 0.0172102 0.0799262 -0.0853974 0.0734002 0.45236 0.0187655 0.231562 0.0115535 
100 0.37 25600000 56.0083 9.92635 -241.763 9.08769 64371.8 3190.48 5.05345e+09 3.46398e+08 0.0172102 0.0799262 -0.0853974 0.0734002 0.45236 0.0187655 0.231562 0.0115535 
100 0.37 25700000 56.0083 9.92635 -241.763 9.08769 64371.8 3190.48 5.05345e+09 3.46398e+08 0.0172102 0.0799262 -0.0853974 0.0734002 0.45236 0.0187655 0.231562 0.0115535 
100 0.37 25800000 56.0083 9.92635 -241.763 9.08769 64371.8 3190.48 5.05345e+09 3.46398e+08 0.0172102 0.0799262 -0.0853974 0.0734002 0.45236 0.0187655 0.231562 0.0115535 
100 0.37 25900000 56.0083 9.92635 -241.763 9.08769 64371.8 3190.48 5.05345e+09 3.46398e+08 0.0172102 0.0799262 -0.0853974 0.0734002 0.45236 0.0187655 0.231562 0.0115535 
100 0.37 26000000 56.0083 9.92635 -241.763 9.08769 64371.8 3190.48 5.05345e+09 3.46398e+08 0.0172102 0.0799262 -0.0853974 0.0734002 0.45236 0.0187655 0.231562 0.0115535 
100 0.37 26100000 56.0083 9.92635 -241.763 9.08769 64371.8 3190.48 5.05345e+09 3.46398e+08 0.0172102 0.0799262 -0.0853974 0.0734002 0.45236 0.0187655 0.231562 0.0115535 
100 0.37 26200000 56.0083 9.92635 -241.763 9.08769 64371.8 3190.48 5.05345e+09 3.46398e+08 0.0172102 0.0799262 -0.0853974 0.0734002 0.45236 0.0187655 0.231562 0.0115535 
100 0.37 26300000 56.0083 9.92635 -241.763 9.08769 64371.8 3190.48 5.05345e+09 3.46398e+08 0.0172102 0.0799262 -0.0853974 0.0734002 0.45236 0.0187655 0.231562 0.0115535 
100 0.37 26400000 56.0083 9.92635 -241.763 9.08769 64371.8 3190.48 5.05345e+09 3.46398e+08 0.0172102 0.0799262 -0.0853974 0.0734002 0.45236 0.0187655 0.231562 0.0115535 
100 0.37 26500000 56.5781 9.32229 -240.591 8.59494 64018.1 3010.62 5.02066e+09 3.10208e+08 0.0401514 0.0823356 -0.0918191 0.0687561 0.449766 0.0177711 0.230105 0.010923 
100 0.37 26600000 56.5781 9.32229 -240.591 8.59494 64018.1 3010.62 5.02066e+09 3.10208e+08 0.0401514 0.0823356 -0.0918191 0.0687561 0.449766 0.0177711 0.230105 0.010923 
100 0.37 26700000 56.5781 9.32229 -240.591 8.59494 64018.1 3010.62 5.02066e+09 3.10208e+08 0.0401514 0.0823356 -0.0918191 0.0687561 0.449766 0.0177711 0.230105 0.010923 
100 0.37 26800000 56.5781 9.32229 -240.591 8.59494 64018.1 3010.62 5.02066e+09 3.10208e+08 0.0401514 0.0823356 -0.0918191 0.0687561 0.449766 0.0177711 0.230105 0.010923 
100 0.37 26900000 56.5781 9.32229 -240.591 8.59494 64018.1 3010.62 5.02066e+09 3.10208e+08 0.0401514 0.0823356 -0.0918191 0.0687561 0.449766 0.0177711 0.230105 0.010923 
100 0.37 27000000 56.5781 9.32229 -240.591 8.59494 64018.1 3010.62 5.02066e+09 3.10208e+08 0.0401514 0.0823356 -0.0918191 0.0687561 0.449766 0.0177711 0.230105 0.010923 
100 0.37 27100000 56.5781 9.32229 -240.591 8.59494 64018.1 3010.62 5.02066e+09 3.10208e+08 0.0401514 0.0823356 -0.0918191 0.0687561 0.449766 0.0177711 0.230105 0.010923 
100 0.37 27200000 56.5781 9.32229 -240.591 8.59494 64018.1 3010.62 5.02066e+09 3.10208e+08 0.0401514 0.0823356 -0.0918191 0.0687561 0.449766 0.0177711 0.230105 0.010923 
100 0.37 27300000 56.5781 9.32229 -240.591 8.59494 64018.1 3010.62 5.02066e+09 3.10208e+08 0.0401514 0.0823356 -0.0918191 0.0687561 0.449766 0.0177711 0.230105 0.010923 
100 0.37 27400000 56.5781 9.32229 -240.591 8.59494 64018.1 3010.62 5.02066e+09 3.10208e+08 0.0401514 0.0823356 -0.0918191 0.0687561 0.449766 0.0177711 0.230105 0.010923 
100 0.37 27500000 56.5781 9.32229 -240.591 8.59494 64018.1 3010.62 5.02066e+09 3.10208e+08 0.0401514 0.0823356 -0.0918191 0.0687561 0.449766 0.0177711 0.230105 0.010923 
100 0.37 27600000 56.5781 9.32229 -240.591 8.59494 64018.1 3010.62 5.02066e+09 3.10208e+08 0.0401514 0.0823356 -0.0918191 0.0687561 0.449766 0.0177711 0.230105 0.010923 
100 0.37 27700000 56.5781 9.32229 -240.591 8.59494 64018.1 3010.62 5.02066e+09 3.10208e+08 0.0401514 0.0823356 -0.0918191 0.0687561 0.449766 0.0177711 0.230105 0.010923 
100 0.37 27800000 56.5781 9.32229 -240.591 8.59494 64018.1 3010.62 5.02066e+09 3.10208e+08 0.0401514 0.0823356 -0.0918191 0.0687561 0.449766 0.0177711 0.230105 0.010923 
100 0.37 27900000 56.5781 9.32229 -240.591 8.59494 64018.1 3010.62 5.02066e+09 3.10208e+08 0.0401514 0.0823356 -0.0918191 0.0687561 0.449766 0.0177711 0.230105 0.010923 
100 0.37 28000000 56.5781 9.32229 -240.591 8.59494 64018.1 3010.62 5.02066e+09 3.10208e+08 0.0401514 0.0823356 -0.0918191 0.0687561 0.449766 0.0177711 0.230105 0.010923 
100 0.37 28100000 58.2941 8.93046 -239.982 8.1109 63930.9 2834.78 5.02832e+09 3.10208e+08 0.0123419 0.0823356 -0.0903434 0.0687561 0.448347 0.0167823 0.229635 0.0102905 
100 0.37 28200000 58.2941 8.93046 -239.982 8.1109 63930.9 2834.78 5.02832e+09 3.10208e+08 0.0123419 0.0823356 -0.0903434 0.0687561 0.448347 0.0167823 0.229635 0.0102905 
100 0.37 28300000 58.2941 8.93046 -239.982 8.1109 63930.9 2834.78 5.02832e+09 3.10208e+08 0.0123419 0.0823356 -0.0903434 0.0687561 0.448347 0.0167823 0.229635 0.0102905 
100 0.37 28400000 58.2941 8.93046 -239.982 8.1109 63930.9 2834.78 5.02832e+09 3.10208e+08 0.0123419 0.0823356 -0.0903434 0.0687561 0.448347 0.0167823 0.229635 0.0102905 
100 0.37 28500000 58.2941 8.93046 -239.982 8.1109 63930.9 2834.78 5.02832e+09 3.10208e+08 0.0123419 0.0823356 -0.0903434 0.0687561 0.448347 0.0167823 0.229635 0.0102905 
100 0.37 28600000 58.2941 8.93046 -239.982 8.1109 63930.9 2834.78 5.02832e+09 3.10208e+08 0.0123419 0.0823356 -0.0903434 0.0687561 0.448347 0.0167823 0.229635 0.0102905 
100 0.37 28700000 58.2941 8.93046 -239.982 8.1109 63930.9 2834.78 5.02832e+09 3.10208e+08 0.0123419 0.0823356 -0.0903434 0.0687561 0.448347 0.0167823 0.229635 0.0102905 
100 0.37 28800000 58.2941 8.93046 -239.982 8.1109 63930.9 2834.78 5.02832e+09 3.10208e+08 0.0123419 0.0823356 -0.0903434 0.0687561 0.448347 0.0167823 0.229635 0.0102905 
100 0.37 28900000 58.2941 8.93046 -239.982 8.1109 63930.9 2834.78 5.02832e+09 3.10208e+08 0.0123419 0.0823356 -0.0903434 0.0687561 0.448347 0.0167823 0.229635 0.0102905 
100 0.37 29000000 58.2941 8.93046 -239.982 8.1109 63930.9 2834.78 5.02832e+09 3.10208e+08 0.0123419 0.0823356 -0.0903434 0.0687561 0.448347 0.0167823 0.229635 0.0102905 
100 0.37 29100000 58.2941 8.93046 -239.982 8.1109 63930.9 2834.78 5.02832e+09 3.10208e+08 0.0123419 0.0823356 -0.0903434 0.0687561 0.448347 0.0167823 0.229635 0.0102905 
100 0.37 29200000 58.2941 8.93046 -239.982 8.1109 63930.9 2834.78 5.02832e+09 3.10208e+08 0.0123419 0.0823356 -0.0903434 0.0687561 0.448347 0.0167823 0.229635 0.0102905 
100 0.37 29300000 58.2941 8.93046 -239.982 8.1109 63930.9 2834.78 5.02832e+09 3.10208e+08 0.0123419 0.0823356 -0.0903434 0.0687561 0.448347 0.0167823 0.229635 0.0102905 
100 0.37 29400000 58.2941 8.93046 -239.982 8.1109 63930.9 2834.78 5.02832e+09 3.10208e+08 0.0123419 0.0823356 -0.0903434 0.0687561 0.448347 0.0167823 0.229635 0.0102905 
100 0.37 29500000 58.2941 8.93046 -239.982 8.1109 63930.9 2834.78 5.02832e+09 3.10208e+08 0.0123419 0.0823356 -0.0903434 0.0687561 0.448347 0.0167823 0.229635 0.0102905 
100 0.37 29600000 58.2941 8.93046 -239.982 8.1109 63930.9 2834.78 5.02832e+09 3.10208e+08 0.0123419 0.0823356 -0.0903434 0.0687561 0.448347 0.0167823 0.229635 0.0102905 
100 0.37 29700000 56.7569 8.5656 -241.999 7.90702 64738 2789.82 5.12867e+09 2.93946e+08 0.016933 0.0763909 -0.0544211 0.070558 0.452635 0.0163886 0.232575 0.0101299 
100 0.37 29800000 56.7569 8.5656 -241.999 7.90702 64738 2789.82 5.12867e+09 2.93946e+08 0.016933 0.0763909 -0.0544211 0.070558 0.452635 0.0163886 0.232575 0.0101299 
100 0.37 29900000 56.7569 8.5656 -241.999 7.90702 64738 2789.82 5.12867e+09 2.93946e+08 0.016933 0.0763909 -0.0544211 0.070558 0.452635 0.0163886 0.232575 0.0101299 
100 0.37 30000000 56.7569 8.5656 -241.999 7.90702 64738 2789.82 5.12867e+09 2.93946e+08 0.016933 0.0763909 -0.0544211 0.070558 0.452635 0.0163886 0.232575 0.0101299 
100 0.37 30100000 56.7569 8.5656 -241.999 7.90702 64738 2789.82 5.12867e+09 2.93946e+08 0.016933 0.0763909 -0.0544211 0.070558 0.452635 0.0163886 0.232575 0.0101299 
100 0.37 30200000 56.7569 8.5656 -241.999 7.90702 64738 2789.82 5.12867e+09 2.93946e+08 0.016933 0.0763909 -0.0544211 0.070558 0.452635 0.0163886 0.232575 0.0101299 
100 0.37 30300000 56.7569 8.5656 -241.999 7.90702 64738 2789.82 5.12867e+09 2.93946e+08 0.016933 0.0763909 -0.0544211 0.070558 0.452635 0.0163886 0.232575 0.0101299 
100 0.37 30400000 56.7569 8.5656 -241.999 7.90702 64738 2789.82 5.12867e+09 2.93946e+08 0.016933 0.0763909 -0.0544211 0.070558 0.452635 0.0163886 0.232575 0.0101299 
100 0.37 30500000 56.7569 8.5656 -241.999 7.90702 64738 2789.82 5.12867e+09 2.93946e+08 0.016933 0.0763909 -0.0544211 0.070558 0.452635 0.0163886 0.232575 0.0101299 
100 0.37 30600000 56.7569 8.5656 -241.999 7.90702 64738 2789.82 5.12867e+09 2.93946e+08 0.016933 0.0763909 -0.0544211 0.070558 0.452635 0.0163886 0.232575 0.0101299 
100 0.37 30700000 56.7569 8.5656 -241.999 7.90702 64738 2789.82 5.12867e+09 2.93946e+08 0.016933 0.0763909 -0.0544211 0.070558 0.452635 0.0163886 0.232575 0.0101299 
100 0.37 30800000 56.7569 8.5656 -241.999 7.90702 64738 2789.82 5.12867e+09 2.93946e+08 0.016933 0.0763909 -0.0544211 0.070558 0.452635 0.0163886 0.232575 0.0101299 
100 0.37 30900000 56.7569 8.5656 -241.999 7.90702 64738 2789.82 5.12867e+09 2.93946e+08 0.016933 0.0763909 -0.0544211 0.070558 0.452635 0.0163886 0.232575 0.0101299 
100 0.37 31000000 56.7569 8.5656 -241.999 7.90702 64738 2789.82 5.12867e+09 2.93946e+08 0.016933 0.0763909 -0.0544211 0.070558 0.452635 0.0163886 0.232575 0.0101299 
100 0.37 31100000 56.7569 8.5656 -241.999 7.90702 64738 2789.82 5.12867e+09 2.93946e+08 0.016933 0.0763909 -0.0544211 0.070558 0.452635 0.0163886 0.232575 0.0101299 
100 0.37 31200000 56.7569 8.5656 -241.999 7.90702 64738 2789.82 5.12867e+09 2.93946e+08 0.016933 0.0763909 -0.0544211 0.070558 0.452635 0.0163886 0.232575 0.0101299 
100 0.37 31300000 56.8882 8.11578 -241.765 7.49432 64580.3 2647.44 5.10331e+09 2.93946e+08 0.032344 0.0763909 -0.029505 0.070558 0.451687 0.0155534 0.231595 0.00964396 
100 0.37 31400000 56.8882 8.11578 -241.765 7.49432 64580.3 2647.44 5.10331e+09 2.93946e+08 0.032344 0.0763909 -0.029505 0.070558 0.451687 0.0155534 0.231595 0.00964396 
100 0.37 31500000 56.8882 8.11578 -241.765 7.49432 64580.3 2647.44 5.10331e+09 2.93946e+08 0.032344 0.0763909 -0.029505 0.070558 0.451687 0.0155534 0.231595 0.00964396 
100 0.37 31600000 56.8882 8.11578 -241.765 7.49432 64580.3 2647.44 5.10331e+09 2.93946e+08 0.032344 0.0763909 -0.029505 0.070558 0.451687 0.0155534 0.231595 0.00964396 
100 0.37 31700000 56.8882 8.11578 -241.765 7.49432 64580.3 2647.44 5.10331e+09 2.93946e+08 0.032344 0.0763909 -0.029505 0.070558 0.451687 0.0155534 0.231595 0.00964396 
100 0.37 31800000 56.8882 8.11578 -241.765 7.49432 64580.3 2647.44 5.10331e+09 2.93946e+08 0.032344 0.0763909 -0.029505 0.070558 0.451687 0.0155534 0.231595 0.00964396 
100 0.37 31900000 56.8882 8.11578 -241.765 7.49432 64580.3 2647.44 5.10331e+09 2.93946e+08 0.032344 0.0763909 -0.029505 0.070558 0.451687 0.0155534 0.231595 0.00964396 
100 0.37 32000000 56.8882 8.11578 -241.765 7.49432 64580.3 2647.44 5.10331e+09 2.93946e+08 0.032344 0.0763909 -0.029505 0.070558 0.451687 0.0155534 0.231595 0.00964396 
100 0.37 32100000 56.8882 8.11578 -241.765 7.49432 64580.3 2647.44 5.10331e+09 2.93946e+08 0.032344 0.0763909 -0.029505 0.070558 0.451687 0.0155534 0.231595 0.00964396 
100 0.37 32200000 56.8882 8.11578 -241.765 7.49432 64580.3 2647.44 5.10331e+09 2.93946e+08 0.032344 0.0763909 -0.029505 0.070558 0.451687 0.0155534 0.231595 0.00964396 
100 0.37 32300000 56.8882 8.11578 -241.765 7.49432 64580.3 2647.44 5.10331e+09 2.93946e+08 0.032344 0.0763909 -0.029505 0.070558 0.451687 0.0155534 0.231595 0.00964396 
100 0.37 32400000 56.8882 8.11578 -241.765 7.49432 64580.3 2647.44 5.10331e+09 2.93946e+08 0.032344 0.0763909 -0.029505 0.070558 0.451687 0.0155534 0.231595 0.00964396 
100 0.37 32500000 56.8882 8.11578 -241.765 7.49432 64580.3 2647.44 5.10331e+09 2.93946e+08 0.032344 0.0763909 -0.029505 0.070558 0.451687 0.0155534 0.231595 0.00964396 
100 0.37 32600000 56.8882 8.11578 -241.765 7.49432 64580.3 2647.44 5.10331e+09 2.93946e+08 0.032344 0.0763909 -0.029505 0.070558 0.451687 0.0155534 0.231595 0.00964396 
100 0.37 32700000 56.8882 8.11578 -241.765 7.49432 64580.3 2647.44 5.10331e+09 2.93946e+08 0.032344 0.0763909 -0.029505 0.070558 0.451687 0.0155534 0.231595 0.00964396 
100 0.37 32800000 56.8882 8.11578 -241.765 7.49432 64580.3 2647.44 5.10331e+09 2.93946e+08 0.032344 0.0763909 -0.029505 0.070558 0.451687 0.0155534 0.231595 0.00964396 
100 0.37 32900000 56.3062 7.73083 -241.24 7.13799 64588.8 2515.08 5.13886e+09 2.64728e+08 0.0238803 0.069067 -0.0138896 0.0754468 0.450428 0.0148266 0.231402 0.00916369 
100 0.37 33000000 56.3062 7.73083 -241.24 7.13799 64588.8 2515.08 5.13886e+09 2.64728e+08 0.0238803 0.069067 -0.0138896 0.0754468 0.450428 0.0148266 0.231402 0.00916369 
