L J MC_steps R2 R2_std E E_std E2 E2_std E4 E4_std Sin1 Sin1_std Cos1 Cos1_std Mag2 Mag2_std Mag4 Mag4_std
100 0.27 1000000 33 0 -32.0856 0 1029.49 0 1.05985e+06 0 0.22847 0 -0.1207 0 0.0667669 0 0.00445781 0 
100 0.27 1100000 189 110.309 -35.6162 2.49647 1280.98 177.83 1.70415e+06 455592 0.0827719 0.103024 -0.0688681 0.0366504 0.0355084 0.0221031 0.00223794 0.00156969 
100 0.27 1200000 249 88.3629 -36.7831 1.91772 1364.03 136.575 1.91653e+06 349742 0.0142111 0.0886061 0.00934898 0.0683784 0.0378693 0.0148609 0.00209662 0.0010528 
100 0.27 1300000 232 67.8878 -32.2077 4.21537 1108.41 243.919 1.46656e+06 469740 0.00371866 0.0670729 -0.0143691 0.0552444 0.0304232 0.0128767 0.00158881 0.000903813 
100 0.27 1400000 204.2 59.7317 -27.5881 5.33337 903.326 267.816 1.17463e+06 457603 0.00551752 0.0536824 -0.0276302 0.0457594 0.0256725 0.0111433 0.00127995 0.000774028 
100 0.27 1500000 217.667 51.272 -25.7243 4.759 797.629 243.145 990928 416579 0.00663502 0.044747 -0.0289508 0.0381519 0.0216293 0.00999271 0.00106695 0.000673691 
100 0.27 1600000 194.143 49.0478 -25.065 4.12456 747.338 213.548 877731 372129 0.033984 0.0459585 -0.0311348 0.0327641 0.024424 0.00894744 0.00115693 0.000583426 
100 0.27 1700000 173.25 47.1572 -24.3797 3.66548 701.855 191.636 786397 336635 0.0405556 0.0406809 -0.0520533 0.0347099 0.027232 0.00825787 0.00128712 0.000524823 
100 0.27 1800000 157.222 44.5581 -22.211 3.84662 626.497 184.566 699082 310348 0.0222293 0.0400766 -0.0413454 0.0324629 0.0261434 0.00741173 0.00117788 0.000477743 
100 0.27 1900000 152 40.4072 -22.3225 3.90782 618.258 188.564 658778 303182 0.00939063 0.0427936 -0.025118 0.0335446 0.0261183 0.0066706 0.00112714 0.000432655 
100 0.27 2000000 160.273 38.8 -23.3294 3.90782 663.455 188.564 711996 303182 0.0292172 0.0427936 -0.0169362 0.0335446 0.0288311 0.00659273 0.00130933 0.000429978 
100 0.27 2100000 153.667 35.0161 -24.9201 4.02838 758.11 202.462 922457 348958 0.0277271 0.0393944 -0.00964541 0.0313196 0.026854 0.00633285 0.0012024 0.000407227 
100 0.27 2200000 155 32.3691 -25.2205 4.02838 763.708 202.462 904604 348958 0.0277851 0.0393944 -0.0152115 0.0313196 0.025368 0.00601752 0.00111427 0.000385319 
100 0.27 2300000 177.714 37.1663 -24.6824 3.45991 731.502 175.278 846979 307161 0.0205134 0.0344207 -0.021536 0.0290148 0.0247162 0.00562288 0.00105353 0.000362553 
100 0.27 2400000 171.4 35.5733 -25.1603 3.45991 750.371 175.278 859132 307161 0.031784 0.0344207 -0.0176187 0.0290148 0.0255567 0.00531047 0.00107616 0.000339088 
100 0.27 2500000 192.5 38.8288 -23.7884 3.1408 704.116 155.493 805443 271560 0.0294444 0.0312553 -0.0238464 0.0254798 0.0248208 0.0050293 0.00102078 0.000322387 
100 0.27 2600000 195.824 36.6867 -24.9001 3.1408 769.885 155.493 953380 272346 0.0369036 0.0312553 -0.0177074 0.0254798 0.0251783 0.00474614 0.00101688 0.000303447 
100 0.27 2700000 201.444 35.0765 -24.9163 2.9875 762.373 148.73 922792 265534 0.0411257 0.0298858 -0.0172821 0.0234791 0.0244932 0.00453163 0.000969561 0.000290255 
100 0.27 2800000 220.158 37.8948 -24.7138 2.9875 745.61 148.73 884594 265534 0.0357387 0.0298858 -0.0163739 0.0234791 0.0234014 0.00442269 0.000919271 0.000279301 
100 0.27 2900000 212.5 37.5769 -24.7156 2.69549 738.955 135.688 859123 246496 0.0325917 0.0280892 -0.0272748 0.0255232 0.0250154 0.00448638 0.00102832 0.000285833 
100 0.27 3000000 212.5 37.5769 -24.7156 2.69549 738.955 135.688 859123 246496 0.0325917 0.0280892 -0.0272748 0.0255232 0.0250154 0.00432749 0.00102832 0.000275582 
100 0.27 3100000 225.818 37.5769 -25.0495 2.50495 751.848 127.878 873476 224504 0.0288994 0.0257772 -0.01277 0.0255232 0.0252427 0.00422961 0.00103076 0.000266935 
100 0.27 3200000 225.818 37.5769 -25.0495 2.50495 751.848 130.856 873476 283356 0.0288994 0.0257772 -0.01277 0.0255232 0.0252427 0.00496511 0.00103076 0.000412045 
100 0.27 3300000 224.75 33.2509 -25.7373 2.38904 799.388 126.856 1.02524e+06 274256 0.0240234 0.0240859 -0.0267719 0.0267007 0.0271693 0.00486113 0.00130531 0.000398681 
100 0.27 3400000 224.75 33.2509 -25.7373 2.43641 799.388 133.3 1.02524e+06 301296 0.0240234 0.0240859 -0.0267719 0.0267007 0.0271693 0.00467331 0.00130531 0.000384255 
100 0.27 3500000 231.538 33.2509 -26.9164 2.45449 870.073 131.832 1.19006e+06 290096 0.0260636 0.0223193 -0.0184692 0.0259055 0.0266701 0.0045 0.0012378 0.00037086 
100 0.27 3600000 231.538 33.2509 -26.9164 2.45449 870.073 131.832 1.19006e+06 281343 0.0260636 0.0223193 -0.0184692 0.0259055 0.0266701 0.004418 0.0012378 0.000359907 
100 0.27 3700000 237.429 31.3145 -27.1768 2.36995 875.009 124.422 1.16943e+06 270062 0.0264106 0.0207278 -0.0101143 0.0253667 0.0272843 0.00450488 0.00131266 0.000366632 
100 0.27 3800000 237.429 30.8233 -27.1768 2.36995 875.009 124.422 1.16943e+06 263489 0.0264106 0.0207278 -0.0101143 0.0253667 0.0272843 0.0043613 0.00131266 0.00035559 
100 0.27 3900000 236.867 30.8233 -26.7369 2.36995 846.966 124.422 1.10872e+06 255635 0.0203599 0.0202098 -0.0131018 0.0238822 0.0263546 0.00425752 0.00123836 0.00034598 
100 0.27 4000000 236.867 30.8233 -26.7369 2.36995 846.966 124.422 1.10872e+06 251472 0.0203599 0.0202098 -0.0131018 0.0238822 0.0263546 0.0041765 0.00123836 0.000336491 
100 0.27 4100000 248.125 29.1113 -27.2308 2.10065 870.645 112.523 1.14113e+06 243703 0.00973928 0.0215575 -0.0145142 0.022402 0.0282178 0.00420621 0.0013624 0.000337792 
100 0.27 4200000 248.125 28.7665 -27.2308 2.10065 870.645 112.523 1.14113e+06 237834 0.00973928 0.0215575 -0.0145142 0.0224787 0.0282178 0.0040994 0.0013624 0.000327774 
100 0.27 4300000 257.471 28.7665 -26.6669 2.07432 843.935 109.028 1.09192e+06 232177 0.00537783 0.0207259 -0.00564916 0.0227708 0.0280665 0.00401806 0.00133665 0.000320315 
100 0.27 4400000 257.471 28.7665 -26.6669 2.07432 843.935 109.028 1.09192e+06 228878 0.00537783 0.0207259 -0.00564916 0.0227708 0.0280665 0.00398424 0.00133665 0.000315492 
100 0.27 4500000 257.056 27.3367 -27.2519 2.01909 874.609 107.199 1.14338e+06 223975 0.0112338 0.020385 -0.00327781 0.0220508 0.0294596 0.00391588 0.0014199 0.00030819 
100 0.27 4600000 257.056 28.5962 -27.2519 2.01909 874.609 107.199 1.14338e+06 221871 0.0112338 0.020385 -0.00327781 0.0216943 0.0294596 0.0038157 0.0014199 0.000300928 
100 0.27 4700000 265.105 27.9614 -26.6853 1.99073 843.016 106.11 1.08731e+06 217163 0.00370035 0.0206572 0.00037359 0.0216943 0.0292697 0.00371534 0.00138126 0.000293288 
100 0.27 4800000 265.105 27.4249 -26.6853 1.99073 843.016 106.11 1.08731e+06 217163 0.00370035 0.0206572 0.00037359 0.0216943 0.0292697 0.00379006 0.00138126 0.00030349 
100 0.27 4900000 261.1 26.7516 -27.3799 2.00873 884.838 108.735 1.18481e+06 227142 -0.00673999 0.0226223 -0.00763877 0.0212441 0.0312611 0.00379039 0.00155193 0.000303241 
100 0.27 5000000 261.1 26.1933 -27.3799 2.00873 884.838 108.735 1.18481e+06 227142 -0.00673999 0.0226223 -0.00763877 0.0212441 0.0312611 0.00373275 0.00155193 0.000298517 
100 0.27 5100000 261.1 26.004 -27.3799 1.92823 884.838 104.131 1.18481e+06 217343 -0.00673999 0.0226223 -0.00763877 0.020334 0.0312611 0.00365113 0.00155193 0.00029082 
100 0.27 5200000 261.1 26.004 -27.3799 1.92823 884.838 104.131 1.18481e+06 217343 -0.00673999 0.0226223 -0.00763877 0.020334 0.0312611 0.00361918 0.00155193 0.000286148 
100 0.27 5300000 259.045 26.004 -26.5286 1.93289 858.257 100.529 1.13538e+06 209247 -0.010973 0.020958 -0.00989376 0.0194105 0.0296766 0.0035999 0.00145091 0.000281626 
100 0.27 5400000 259.045 26.004 -26.5286 1.93289 858.257 100.529 1.13538e+06 209247 -0.010973 0.020958 -0.00989376 0.0194105 0.0296766 0.00356807 0.00145091 0.00028117 
100 0.27 5500000 259.045 26.004 -26.5286 2.00143 858.257 114.529 1.13538e+06 369472 -0.010973 0.022368 -0.00989376 0.0186584 0.0296766 0.0040714 0.00145091 0.000397281 
100 0.27 5600000 259.045 26.004 -26.5286 2.00143 858.257 114.529 1.13538e+06 362832 -0.010973 0.022368 -0.00989376 0.0186584 0.0296766 0.0040714 0.00145091 0.000397281 
100 0.27 5700000 257.583 23.2079 -26.5441 2.06019 887.248 114.87 1.37705e+06 356452 -0.0242447 0.0230335 -0.00625257 0.0179629 0.0311086 0.00402891 0.00168054 0.000386733 
100 0.27 5800000 257.583 22.8285 -26.5441 2.06019 887.248 114.87 1.37705e+06 349295 -0.0242447 0.0230335 -0.00625257 0.0181586 0.0311086 0.00402891 0.00168054 0.000386733 
100 0.27 5900000 257.583 22.45 -26.5441 1.98287 887.248 110.306 1.37705e+06 342973 -0.0242447 0.0230335 -0.00625257 0.0197343 0.0311086 0.00406598 0.00168054 0.00038208 
100 0.27 6000000 257.583 22.0163 -26.5441 1.98287 887.248 110.306 1.37705e+06 336605 -0.0242447 0.0230335 -0.00625257 0.0197343 0.0311086 0.00406598 0.00168054 0.00038208 
100 0.27 6100000 261.462 22.7786 -26.5317 1.91282 876.21 106.909 1.32497e+06 330988 -0.0254445 0.022045 -0.0197573 0.0204382 0.0319875 0.00392932 0.00173386 0.000369351 
100 0.27 6200000 261.462 22.3592 -26.5317 1.91282 876.21 106.909 1.32497e+06 325299 -0.0254445 0.022045 -0.0197573 0.0204382 0.0319875 0.00392932 0.00173386 0.000369351 
100 0.27 6300000 261.462 22.0623 -26.5317 1.84465 876.21 103.562 1.32497e+06 319772 -0.0254445 0.022045 -0.0197573 0.0204382 0.0319875 0.00392068 0.00173386 0.000362616 
100 0.27 6400000 261.462 21.9065 -26.5317 1.84465 876.21 103.562 1.32497e+06 314504 -0.0254445 0.022045 -0.0197573 0.0204382 0.0319875 0.00392068 0.00173386 0.000362616 
100 0.27 6500000 259.929 21.3245 -26.8511 1.82607 894.712 104.11 1.39643e+06 333670 -0.0276505 0.0198859 -0.0218769 0.0190879 0.0322716 0.00385409 0.00174624 0.00035453 
100 0.27 6600000 259.929 21.0737 -26.8511 1.82607 894.712 104.11 1.39643e+06 327824 -0.0276505 0.0198859 -0.0218769 0.0190879 0.0322716 0.00385409 0.00174624 0.00035453 
100 0.27 6700000 259.929 20.7846 -26.8511 1.76318 894.712 100.606 1.39643e+06 322941 -0.0276505 0.0198859 -0.0218769 0.0190879 0.0322716 0.00372138 0.00174624 0.000342895 
100 0.27 6800000 259.929 20.5544 -26.8511 1.76318 894.712 100.606 1.39643e+06 317979 -0.0276505 0.0198859 -0.0218769 0.0190879 0.0322716 0.00372138 0.00174624 0.000342895 
100 0.27 6900000 254.767 20.4833 -26.7908 1.70493 882.68 97.5539 1.34509e+06 312943 -0.0254867 0.019157 -0.0175538 0.0182983 0.0319012 0.00361963 0.0016824 0.000334196 
100 0.27 7000000 254.767 20.3368 -26.7908 1.70493 882.68 97.5539 1.34509e+06 308251 -0.0254867 0.019157 -0.0175538 0.0182983 0.0319012 0.00361963 0.0016824 0.000334196 
100 0.27 7100000 254.767 20.1571 -26.7908 1.66059 882.68 95.4201 1.34509e+06 303918 -0.0254867 0.019157 -0.0175538 0.0182983 0.0319012 0.0035785 0.0016824 0.000327395 
100 0.27 7200000 254.767 20.2366 -26.7908 1.66059 882.68 95.4201 1.34509e+06 299414 -0.0254867 0.019157 -0.0175538 0.0182983 0.0319012 0.0035785 0.0016824 0.000327395 
100 0.27 7300000 249.188 20.0072 -26.7764 1.61806 875.323 92.6761 1.31027e+06 295139 -0.023043 0.0176693 -0.0153671 0.0172849 0.0306227 0.00350637 0.00158709 0.000320051 
100 0.27 7400000 249.188 19.9739 -26.7764 1.61806 875.323 92.6761 1.31027e+06 290907 -0.023043 0.0176693 -0.0153671 0.0172849 0.0306227 0.00350637 0.00158709 0.000320051 
100 0.27 7500000 249.188 19.8268 -26.7764 1.57848 875.323 90.7083 1.31027e+06 287091 -0.023043 0.0176693 -0.0153671 0.0172849 0.0306227 0.00341584 0.00158709 0.000312366 
100 0.27 7600000 249.188 20.5144 -26.7764 1.57848 875.323 90.7083 1.31027e+06 283354 -0.023043 0.0176693 -0.0153671 0.0172849 0.0306227 0.00341584 0.00158709 0.000312366 
100 0.27 7700000 248.382 20.2541 -26.7585 1.53986 873.743 89.7459 1.31112e+06 283679 -0.0181405 0.0173076 -0.0129151 0.0164411 0.0300408 0.00332447 0.00152002 0.000304724 
100 0.27 7800000 248.382 20.061 -26.7585 1.53986 873.743 88.6967 1.31112e+06 279952 -0.0181405 0.0173076 -0.0129151 0.0164411 0.0300408 0.00332447 0.00152002 0.000304724 
100 0.27 7900000 248.382 20.1382 -26.7585 1.51373 873.743 87.8383 1.31112e+06 276531 -0.0181405 0.0173076 -0.0129151 0.0164411 0.0300408 0.00324749 0.00152002 0.00029754 
100 0.27 8000000 248.382 20.1381 -26.7585 1.51373 873.743 87.3754 1.31112e+06 273221 -0.0181405 0.0173076 -0.0129151 0.0164411 0.0300408 0.00324749 0.00152002 0.00029754 
100 0.27 8100000 253.083 19.8648 -26.2881 1.48983 848.847 86.1718 1.25518e+06 269475 -0.0173368 0.0163545 -0.0142042 0.0155782 0.0289563 0.00324006 0.00144841 0.000292101 
100 0.27 8200000 253.083 19.696 -26.2881 1.49534 848.847 85.7604 1.25518e+06 266331 -0.0173368 0.0163545 -0.0142042 0.0155782 0.0289563 0.00324006 0.00144841 0.000292101 
100 0.27 8300000 253.083 19.4966 -26.2881 1.49621 848.847 84.7377 1.25518e+06 263071 -0.0173368 0.0163545 -0.0142042 0.0155782 0.0289563 0.00316968 0.00144841 0.000285529 
100 0.27 8400000 253.083 19.2599 -26.2881 1.49621 848.847 84.7377 1.25518e+06 259574 -0.0173368 0.0163545 -0.0142042 0.0155782 0.0289563 0.00316968 0.00144841 0.000285529 
100 0.27 8500000 249.053 19.0527 -26.1953 1.48336 846.698 83.6627 1.24451e+06 257114 -0.0131921 0.0162981 -0.0149546 0.0147763 0.0289785 0.00310622 0.00146476 0.000281412 
100 0.27 8600000 249.053 18.8689 -26.1953 1.48336 846.698 86.8107 1.24451e+06 272834 -0.0131921 0.0162981 -0.0149546 0.0147763 0.0289785 0.00310622 0.00146476 0.000281412 
100 0.27 8700000 249.053 18.6301 -26.1953 1.46712 846.698 86.0215 1.24451e+06 269815 -0.0131921 0.0162981 -0.0149546 0.0147763 0.0289785 0.00305323 0.00146476 0.00027655 
100 0.27 8800000 249.053 18.4666 -26.1953 1.46604 846.698 84.9331 1.24451e+06 266513 -0.0131921 0.0162981 -0.0149546 0.0147763 0.0289785 0.00305323 0.00146476 0.00027655 
100 0.27 8900000 250.925 18.3579 -26.6202 1.43993 874.03 84.1709 1.33071e+06 263345 -0.00635922 0.0230568 -0.0115074 0.014434 0.0296807 0.00299106 0.00152468 0.000270628 
100 0.27 9000000 250.925 18.2147 -26.6202 1.43993 874.03 83.5039 1.33071e+06 260565 -0.00635922 0.0230568 -0.0115074 0.014434 0.0296807 0.00299106 0.00152468 0.000270628 
100 0.27 9100000 250.925 17.995 -26.6202 1.4102 874.03 82.4867 1.33071e+06 257459 -0.00635922 0.0230568 -0.0115074 0.014434 0.0296807 0.00295865 0.00152468 0.000266214 
100 0.27 9200000 250.925 17.9386 -26.6202 1.4081 874.03 81.5181 1.33071e+06 254373 -0.00635922 0.0230568 -0.0115074 0.014434 0.0296807 0.00295865 0.00152468 0.000266214 
100 0.27 9300000 250.925 18.4891 -26.6202 1.38848 874.03 80.9912 1.33071e+06 251802 -0.00635922 0.0230568 -0.0115074 0.0137873 0.0296807 0.00290465 0.00152468 0.000261471 
100 0.27 9400000 250.925 18.3681 -26.6202 1.39689 874.03 80.6444 1.33071e+06 249297 -0.00635922 0.0230568 -0.0115074 0.0137873 0.0296807 0.00290465 0.00152468 0.000261471 
100 0.27 9500000 250.925 18.4 -26.6202 1.43919 874.03 80.2818 1.33071e+06 246839 -0.00635922 0.0230568 -0.0115074 0.0137873 0.0296807 0.00285926 0.00152468 0.000257081 
100 0.27 9600000 250.925 18.343 -26.6202 1.52563 874.03 103.417 1.33071e+06 547306 -0.00635922 0.0230568 -0.0115074 0.0137873 0.0296807 0.00285926 0.00152468 0.000263666 
100 0.27 9700000 250.159 18.1376 -26.4739 1.5141 901.515 102.397 1.73542e+06 541384 -0.00329197 0.0230568 -0.0143437 0.0137068 0.02937 0.00291939 0.00153849 0.000272695 
100 0.27 9800000 250.159 18.0236 -26.4739 1.5141 901.515 101.287 1.73542e+06 535318 -0.00329197 0.0230568 -0.0143437 0.0137068 0.02937 0.00291939 0.00153849 0.000272695 
100 0.27 9900000 250.159 17.8437 -26.4739 1.49734 901.515 100.411 1.73542e+06 529420 -0.00329197 0.0230568 -0.0143437 0.0137068 0.02937 0.00289132 0.00153849 0.00026847 
100 0.27 10000000 250.159 17.651 -26.4739 1.49734 901.515 99.586 1.73542e+06 523926 -0.00329197 0.0230568 -0.0143437 0.0137068 0.02937 0.00289132 0.00153849 0.00026847 
100 0.27 10100000 250.159 17.5178 -26.4739 1.48351 901.515 98.7439 1.73542e+06 518537 -0.00329197 0.0230568 -0.0143437 0.0131108 0.02937 0.00284918 0.00153849 0.000264205 
100 0.27 10200000 250.159 17.4715 -26.4739 1.48351 901.515 98.1549 1.73542e+06 513221 -0.00329197 0.0230568 -0.0143437 0.0131108 0.02937 0.00284918 0.00153849 0.000264205 
100 0.27 10300000 250.159 17.4715 -26.4739 1.45484 901.515 97.2764 1.73542e+06 508037 -0.00329197 0.0230568 -0.0143437 0.0131108 0.02937 0.0027889 0.00153849 0.000258595 
100 0.27 10400000 250.159 17.4715 -26.4739 1.45484 901.515 96.4203 1.73542e+06 502959 -0.00329197 0.0230568 -0.0143437 0.0131108 0.02937 0.0027889 0.00153849 0.000258595 
100 0.27 10500000 255.5 16.9005 -26.4721 1.42693 893.18 95.441 1.67223e+06 497880 -0.00596311 0.0192174 -0.0134992 0.0125927 0.0281054 0.00277472 0.00144988 0.000254967 
100 0.27 10600000 255.5 16.7273 -26.4721 1.42807 893.18 96.5679 1.67223e+06 497176 -0.00596311 0.0192174 -0.0134992 0.0125927 0.0281054 0.00277472 0.00144988 0.000254967 
100 0.27 10700000 255.5 16.5784 -26.4721 1.50705 893.18 99.3041 1.67223e+06 498161 -0.00596311 0.0192174 -0.0134992 0.0125927 0.0281054 0.00272244 0.00144988 0.000249764 
100 0.27 10800000 255.5 16.5005 -26.4721 1.50705 893.18 99.3041 1.67223e+06 493554 -0.00596311 0.0192174 -0.0134992 0.0125927 0.0281054 0.00272244 0.00144988 0.000249764 
100 0.27 10900000 255.5 16.4301 -26.4721 1.48088 893.18 97.3224 1.67223e+06 488960 -0.00596311 0.0192174 -0.0134992 0.0122185 0.0281054 0.00267729 0.00144988 0.000245464 
100 0.27 11000000 255.5 16.546 -26.4721 1.48088 893.18 97.3224 1.67223e+06 484442 -0.00596311 0.0192174 -0.0134992 0.0122185 0.0281054 0.00267729 0.00144988 0.000245464 
100 0.27 11100000 255.5 16.3864 -26.4721 1.4864 893.18 96.7413 1.67223e+06 480012 -0.00596311 0.0192174 -0.0134992 0.0122185 0.0281054 0.00262804 0.00144988 0.000241054 
100 0.27 11200000 255.5 16.2853 -26.4721 1.4864 893.18 96.7413 1.67223e+06 475466 -0.00596311 0.0192174 -0.0134992 0.0122185 0.0281054 0.00262804 0.00144988 0.000241054 
100 0.27 11300000 257.827 16.3069 -26.5922 1.45792 915.294 94.9996 1.75837e+06 471119 -0.0036222 0.0192174 -0.0114147 0.0117516 0.0280133 0.0025798 0.00142475 0.000236538 
100 0.27 11400000 257.827 16.3489 -26.5922 1.45792 915.294 94.9996 1.75837e+06 466930 -0.0036222 0.0192174 -0.0114147 0.0117516 0.0280133 0.0025798 0.00142475 0.000236538 
100 0.27 11500000 257.827 16.2075 -26.5922 1.45316 915.294 93.5481 1.75837e+06 462592 -0.0036222 0.0192174 -0.0114147 0.0117516 0.0280133 0.00257421 0.00142475 0.000233577 
100 0.27 11600000 257.827 16.1029 -26.5922 1.45316 915.294 93.5481 1.75837e+06 458469 -0.0036222 0.0192174 -0.0114147 0.0117516 0.0280133 0.00257421 0.00142475 0.000233577 
100 0.27 11700000 257.827 16.0095 -26.5922 1.42978 915.294 91.8778 1.75837e+06 454323 -0.0036222 0.0192174 -0.0114147 0.0119438 0.0280133 0.00255289 0.00142475 0.000230134 
100 0.27 11800000 257.827 15.8743 -26.5922 1.42978 915.294 91.8778 1.75837e+06 450178 -0.0036222 0.0192174 -0.0114147 0.0119438 0.0280133 0.00255289 0.00142475 0.000230134 
100 0.27 11900000 257.827 15.778 -26.5922 1.41349 915.294 90.4487 1.75837e+06 446118 -0.0036222 0.0192174 -0.0114147 0.011823 0.0280133 0.00252198 0.00142475 0.000227094 
100 0.27 12000000 257.827 15.6674 -26.5922 1.41349 915.294 90.4487 1.75837e+06 442312 -0.0036222 0.0192174 -0.0114147 0.011823 0.0280133 0.00252198 0.00142475 0.000227094 
100 0.27 12100000 262.696 15.5906 -26.6959 1.39137 921.131 88.9141 1.72905e+06 438590 -0.00314572 0.0166773 -0.00909839 0.0115819 0.0274723 0.0024817 0.0013801 0.000223555 
100 0.27 12200000 262.696 15.4572 -26.6959 1.39137 921.131 88.9141 1.72905e+06 434815 -0.00314572 0.0166773 -0.00909839 0.0115819 0.0274723 0.0024817 0.0013801 0.000223555 
100 0.27 12300000 262.696 15.3899 -26.6959 1.3732 921.131 87.4952 1.72905e+06 431072 -0.00314572 0.0166773 -0.00909839 0.0115691 0.0274723 0.00243912 0.0013801 0.000219727 
100 0.27 12400000 262.696 15.3698 -26.6959 1.3732 921.131 87.4952 1.72905e+06 427365 -0.00314572 0.0166773 -0.00909839 0.0115691 0.0274723 0.00243912 0.0013801 0.000219727 
100 0.27 12500000 262.696 15.2374 -26.6959 1.34956 921.131 86.0573 1.72905e+06 423888 -0.00314572 0.0166773 -0.00909839 0.0114243 0.0274723 0.00240483 0.0013801 0.00021602 
100 0.27 12600000 262.696 15.1761 -26.6959 1.34956 921.131 86.0573 1.72905e+06 420381 -0.00314572 0.0166773 -0.00909839 0.0114243 0.0274723 0.00240483 0.0013801 0.00021602 
100 0.27 12700000 262.696 15.0712 -26.6959 1.32935 921.131 84.6196 1.72905e+06 416819 -0.00314572 0.0166773 -0.00909839 0.0113296 0.0274723 0.00236627 0.0013801 0.000212475 
100 0.27 12800000 262.696 14.9598 -26.6959 1.32935 921.131 84.6196 1.72905e+06 413511 -0.00314572 0.0166773 -0.00909839 0.0113296 0.0274723 0.00236627 0.0013801 0.000212475 
100 0.27 12900000 261.733 14.8492 -26.7938 1.31166 916.02 83.6349 1.67321e+06 410260 -0.00689061 0.0166773 -0.0114791 0.0111973 0.0278562 0.0023319 0.00138881 0.000208944 
100 0.27 13000000 261.733 14.8282 -26.7938 1.31166 916.02 83.6349 1.67321e+06 406891 -0.00689061 0.0166773 -0.0114791 0.0111581 0.0278562 0.0023319 0.00138881 0.000208944 
100 0.27 13100000 261.733 14.7163 -26.7938 1.29212 916.02 82.4474 1.67321e+06 403788 -0.00689061 0.0166773 -0.0114791 0.0110673 0.0278562 0.00230978 0.00138881 0.000206519 
100 0.27 13200000 261.733 14.6939 -26.7938 1.29212 916.02 82.3032 1.67321e+06 400683 -0.00689061 0.0166773 -0.0114791 0.011001 0.0278562 0.00230978 0.00138881 0.000206519 
100 0.27 13300000 261.733 14.7876 -26.7938 1.28251 916.02 81.6015 1.67321e+06 397668 -0.00689061 0.0166773 -0.0114791 0.0109144 0.0278562 0.00228699 0.00138881 0.000204065 
100 0.27 13400000 261.733 14.6697 -26.7938 1.28251 916.02 81.6015 1.67321e+06 394491 -0.00689061 0.0166773 -0.0114791 0.0108743 0.0278562 0.00228699 0.00138881 0.000204065 
100 0.27 13500000 261.733 14.666 -26.7938 1.2626 916.02 80.3097 1.67321e+06 391508 -0.00689061 0.0166773 -0.0114791 0.0107781 0.0278562 0.00226344 0.00138881 0.000201712 
100 0.27 13600000 261.733 14.5927 -26.7938 1.2626 916.02 80.3097 1.67321e+06 388626 -0.00689061 0.0166773 -0.0114791 0.0107672 0.0278562 0.00226344 0.00138881 0.000201712 
100 0.27 13700000 262.672 14.4684 -26.5758 1.2429 901.435 79.3211 1.61794e+06 385617 -0.00455289 0.0146519 -0.00881845 0.0107529 0.0269805 0.00223029 0.0013218 0.000198737 
100 0.27 13800000 262.672 14.4371 -26.5758 1.2429 901.435 79.0623 1.61794e+06 382782 -0.00455289 0.0146519 -0.00881845 0.0107529 0.0269805 0.00223029 0.0013218 0.000198737 
100 0.27 13900000 262.672 14.3262 -26.5758 1.23249 901.435 78.3797 1.61794e+06 380031 -0.00455289 0.0146519 -0.00881845 0.0106312 0.0269805 0.00219842 0.0013218 0.00019568 
100 0.27 14000000 262.672 14.3148 -26.5758 1.23249 901.435 78.3705 1.61794e+06 377130 -0.00455289 0.0146519 -0.00881845 0.0106312 0.0269805 0.00219842 0.0013218 0.00019568 
100 0.27 14100000 262.672 14.214 -26.5758 1.21627 901.435 77.253 1.61794e+06 374354 -0.00455289 0.0146519 -0.00881845 0.010516 0.0269805 0.0021868 0.0013218 0.000193606 
100 0.27 14200000 262.672 14.1139 -26.5758 1.21627 901.435 77.2045 1.61794e+06 371579 -0.00455289 0.0146519 -0.00881845 0.010516 0.0269805 0.0021868 0.0013218 0.000193606 
100 0.27 14300000 262.672 14.0094 -26.5758 1.19906 901.435 76.3273 1.61794e+06 368957 -0.00455289 0.0146519 -0.00881845 0.0104726 0.0269805 0.00216091 0.0013218 0.000191267 
100 0.27 14400000 262.672 13.9704 -26.5758 1.19906 901.435 76.0605 1.61794e+06 366347 -0.00455289 0.0146519 -0.00881845 0.0104726 0.0269805 0.00216091 0.0013218 0.000191267 
100 0.27 14500000 261.221 13.8743 -26.389 1.19275 886.511 75.4994 1.56112e+06 363835 0.000744431 0.0146519 -0.0044797 0.0103514 0.0267556 0.0021345 0.00128999 0.000188461 
100 0.27 14600000 261.221 13.8017 -26.389 1.19275 886.511 75.445 1.56112e+06 361220 0.000744431 0.0146519 -0.0044797 0.0103514 0.0267556 0.0021345 0.00128999 0.000188461 
100 0.27 14700000 261.221 13.8465 -26.389 1.17844 886.511 74.4365 1.56112e+06 358605 0.000744431 0.0146519 -0.0044797 0.0104529 0.0267556 0.00218087 0.00128999 0.000191237 
100 0.27 14800000 261.221 13.7666 -26.389 1.17844 886.511 74.3852 1.56112e+06 356059 0.000744431 0.0146519 -0.0044797 0.0104529 0.0267556 0.00218087 0.00128999 0.000191237 
100 0.27 14900000 261.221 13.6715 -26.389 1.16282 886.511 73.5619 1.56112e+06 353643 0.000744431 0.0146519 -0.0044797 0.010314 0.0267556 0.00217967 0.00128999 0.000190814 
100 0.27 15000000 261.221 13.5907 -26.389 1.16282 886.511 73.3353 1.56112e+06 351281 0.000744431 0.0146519 -0.0044797 0.010314 0.0267556 0.00217967 0.00128999 0.000190814 
100 0.27 15100000 261.221 13.5282 -26.389 1.1574 886.511 72.8684 1.56112e+06 348970 0.000744431 0.0146519 -0.0044797 0.0102673 0.0267556 0.00216034 0.00128999 0.000188872 
100 0.27 15200000 261.221 13.4368 -26.389 1.1574 886.511 72.8684 1.56112e+06 346693 0.000744431 0.0146519 -0.0044797 0.0102673 0.0267556 0.00216034 0.00128999 0.000188872 
100 0.27 15300000 261.778 13.3816 -26.3129 1.14258 879.351 72.1607 1.52309e+06 344317 0.00705715 0.0170129 -0.00138967 0.0100333 0.0276806 0.00214007 0.00135629 0.000186396 
100 0.27 15400000 261.778 13.302 -26.3129 1.14258 879.351 71.8753 1.52309e+06 341944 0.00705715 0.0170129 -0.00138967 0.0100303 0.0276806 0.00214007 0.00135629 0.000186396 
100 0.27 15500000 261.778 13.2301 -26.3129 1.12702 879.351 71.2697 1.52309e+06 339726 0.00705715 0.0170129 -0.00138967 0.0099873 0.0276806 0.00212777 0.00135629 0.000184549 
100 0.27 15600000 261.778 13.1574 -26.3129 1.12702 879.351 70.8999 1.52309e+06 337444 0.00705715 0.0170129 -0.00138967 0.0099873 0.0276806 0.00212777 0.00135629 0.000184549 
100 0.27 15700000 261.778 13.1382 -26.3129 1.12084 879.351 70.5451 1.52309e+06 335317 0.00705715 0.0170129 -0.00138967 0.00984313 0.0276806 0.00212777 0.00135629 0.000182781 
100 0.27 15800000 261.778 13.0717 -26.3129 1.13862 879.351 70.2671 1.52309e+06 333216 0.00705715 0.0170129 -0.00138967 0.00984313 0.0276806 0.00212777 0.00135629 0.000182781 
100 0.27 15900000 261.778 13.0407 -26.3129 1.16778 879.351 70.0609 1.52309e+06 331142 0.00705715 0.0170129 -0.00138967 0.00984313 0.0276806 0.00212777 0.00135629 0.00018113 
100 0.27 16000000 261.778 12.986 -26.3129 1.16778 879.351 70.0609 1.52309e+06 329037 0.00705715 0.0170129 -0.00138967 0.00984313 0.0276806 0.00212777 0.00135629 0.00018113 
100 0.27 16100000 260.539 12.9419 -25.7884 1.1529 857.627 69.2652 1.46276e+06 326968 0.00607702 0.0170129 0.000484698 0.00961012 0.0268055 0.00218834 0.0012937 0.000179213 
100 0.27 16200000 260.539 12.8705 -25.7884 1.1529 857.627 69.2652 1.46276e+06 324846 0.00607702 0.0170129 0.000484698 0.00961012 0.0268055 0.00218834 0.0012937 0.000179213 
100 0.27 16300000 260.539 12.7878 -25.7884 1.14133 857.627 68.4181 1.46276e+06 322738 0.00607702 0.0170129 0.000484698 0.0095675 0.0268055 0.00218834 0.0012937 0.000176896 
100 0.27 16400000 260.539 12.7154 -25.7884 1.14133 857.627 68.4181 1.46276e+06 320790 0.00607702 0.0170129 0.000484698 0.00957063 0.0268055 0.00218834 0.0012937 0.000176896 
100 0.27 16500000 260.539 12.6372 -25.7884 1.13543 857.627 68.0137 1.46276e+06 318848 0.00607702 0.0170129 0.000484698 0.0095521 0.0268055 0.00218834 0.0012937 0.000174652 
100 0.27 16600000 260.539 12.5568 -25.7884 1.13543 857.627 68.0137 1.46276e+06 316845 0.00607702 0.0170129 0.000484698 0.0095521 0.0268055 0.00218834 0.0012937 0.000174652 
100 0.27 16700000 260.539 12.5471 -25.7884 1.13195 857.627 67.6645 1.46276e+06 315349 0.00607702 0.0170129 0.000484698 0.00950186 0.0268055 0.00218834 0.0012937 0.000174258 
100 0.27 16800000 260.539 12.5311 -25.7884 1.13195 857.627 67.6645 1.46276e+06 313491 0.00607702 0.0170129 0.000484698 0.00950186 0.0268055 0.00218834 0.0012937 0.000174258 
100 0.27 16900000 260.975 12.5084 -25.9279 1.11832 862.741 66.8518 1.45904e+06 311783 0.00774262 0.0166699 -0.000666438 0.00935453 0.0268357 0.00207913 0.00128059 0.000170416 
100 0.27 17000000 260.975 12.4672 -25.9279 1.11832 862.741 66.8518 1.45904e+06 309944 0.00774262 0.0166699 -0.000666438 0.00935453 0.0268357 0.00207913 0.00128059 0.000170416 
100 0.27 17100000 260.975 12.4269 -25.9279 1.10595 862.741 66.2153 1.45904e+06 308125 0.00774262 0.0166699 -0.000666438 0.00925713 0.0268357 0.00207913 0.00128059 0.000168473 
100 0.27 17200000 260.975 12.3748 -25.9279 1.10595 862.741 66.2153 1.45904e+06 306331 0.00774262 0.0166699 -0.000666438 0.00925713 0.0268357 0.00207913 0.00128059 0.000168473 
100 0.27 17300000 260.975 12.3265 -25.9279 1.09246 862.741 65.4353 1.45904e+06 304478 0.00774262 0.0166699 -0.000666438 0.00916862 0.0268357 0.00207913 0.00128059 0.000166658 
100 0.27 17400000 260.975 12.2836 -25.9279 1.09246 862.741 65.4353 1.45904e+06 302751 0.00774262 0.0166699 -0.000666438 0.00916862 0.0268357 0.00207913 0.00128059 0.000166658 
100 0.27 17500000 260.975 12.4469 -25.9279 1.07934 862.741 64.8536 1.45904e+06 301008 0.00774262 0.0166699 -0.000666438 0.00913533 0.0268357 0.00207913 0.00128059 0.000166038 
100 0.27 17600000 260.975 12.4274 -25.9279 1.07934 862.741 64.6483 1.45904e+06 299206 0.00774262 0.0166699 -0.000666438 0.00913533 0.0268357 0.00207913 0.00128059 0.000166038 
100 0.27 17700000 260.975 12.3536 -25.9279 1.06762 862.741 64.1357 1.45904e+06 297490 0.00774262 0.0166699 -0.000666438 0.00903796 0.0268357 0.00198597 0.00128059 0.000162925 
100 0.27 17800000 260.975 12.2942 -25.9279 1.07292 862.741 67.8405 1.45904e+06 321754 0.00774262 0.0166699 -0.000666438 0.00903796 0.0268357 0.00198597 0.00128059 0.000162925 
100 0.27 17900000 260.975 12.222 -25.9279 1.09055 862.741 67.4415 1.45904e+06 319893 0.00774262 0.0166699 -0.000666438 0.00897079 0.0268357 0.00198597 0.00128059 0.000163276 
100 0.27 18000000 260.975 12.2269 -25.9279 1.09055 862.741 67.5244 1.45904e+06 318689 0.00774262 0.0166699 -0.000666438 0.00896857 0.0268357 0.00198597 0.00128059 0.000199952 
100 0.27 18100000 260.975 12.1874 -25.9279 1.07961 862.741 67.2365 1.45904e+06 316958 0.00774262 0.0166699 -0.000666438 0.00889292 0.0268357 0.00198597 0.00128059 0.000208781 
100 0.27 18200000 260.975 12.1747 -25.9279 1.07961 862.741 66.8714 1.45904e+06 315205 0.00774262 0.0166699 -0.000666438 0.00887743 0.0268357 0.00198597 0.00128059 0.000208781 
100 0.27 18300000 260.975 12.1827 -25.9279 1.07045 862.741 66.604 1.45904e+06 313514 0.00774262 0.0166699 -0.000666438 0.00881176 0.0268357 0.00198597 0.00128059 0.000208781 
100 0.27 18400000 260.975 12.2014 -25.9279 1.07045 862.741 66.3712 1.45904e+06 311845 0.00774262 0.0166699 -0.000666438 0.00879981 0.0268357 0.00198597 0.00128059 0.000208781 
100 0.27 18500000 255.898 12.2134 -26.1329 1.05965 875.628 66.0037 1.53346e+06 310081 0.000485725 0.0166699 -0.000135458 0.00872737 0.0270342 0.00193805 0.00136746 0.000206216 
100 0.27 18600000 255.898 12.1616 -26.1329 1.05965 875.628 65.6544 1.53346e+06 308405 0.000485725 0.0166699 -0.000135458 0.00871088 0.0270342 0.00193805 0.00136746 0.000206216 
100 0.27 18700000 255.898 12.1318 -26.1329 1.04804 875.628 65.3064 1.53346e+06 306745 0.000485725 0.0166699 -0.000135458 0.00864844 0.0270342 0.00192964 0.00136746 0.000206216 
100 0.27 18800000 255.898 12.0882 -26.1329 1.04804 875.628 64.9416 1.53346e+06 305061 0.000485725 0.0166699 -0.000135458 0.0086349 0.0270342 0.00192964 0.00136746 0.000206216 
100 0.27 18900000 255.898 12.0342 -26.1329 1.03687 875.628 64.6614 1.53346e+06 303470 0.000485725 0.0166699 -0.000135458 0.00858815 0.0270342 0.00192709 0.00136746 0.000201986 
100 0.27 19000000 255.898 12.0013 -26.1329 1.03687 875.628 64.4115 1.53346e+06 301902 0.000485725 0.0166699 -0.000135458 0.00856917 0.0270342 0.00192709 0.00136746 0.000201986 
100 0.27 19100000 255.898 11.9364 -26.1329 1.02563 875.628 64.0877 1.53346e+06 300243 0.000485725 0.0166699 -0.000135458 0.00852589 0.0270342 0.00192709 0.00136746 0.000201986 
100 0.27 19200000 255.898 11.9115 -26.1329 1.02563 875.628 63.7419 1.53346e+06 298614 0.000485725 0.0166699 -0.000135458 0.00848004 0.0270342 0.00192709 0.00136746 0.000201986 
100 0.27 19300000 255.898 11.8687 -26.1329 1.01571 875.628 63.3955 1.53346e+06 297017 0.000485725 0.0166699 -0.000135458 0.00847123 0.0270342 0.00185729 0.00136746 0.000198596 
100 0.27 19400000 255.898 11.8168 -26.1329 1.01571 875.628 63.2235 1.53346e+06 295521 0.000485725 0.0166699 -0.000135458 0.00843121 0.0270342 0.00185729 0.00136746 0.000198596 
100 0.27 19500000 255.898 11.9502 -26.1329 1.01409 875.628 62.9026 1.53346e+06 293998 0.000485725 0.0166699 -0.000135458 0.00839183 0.0270342 0.00185339 0.00136746 0.000198596 
100 0.27 19600000 255.898 11.8954 -26.1329 1.01409 875.628 62.5815 1.53346e+06 292486 0.000485725 0.0166699 -0.000135458 0.00835272 0.0270342 0.00185339 0.00136746 0.000198596 
100 0.27 19700000 255.898 11.8606 -26.1329 1.00737 875.628 62.377 1.53346e+06 291033 0.000485725 0.0166699 -0.000135458 0.00831746 0.0270342 0.00185339 0.00136746 0.000195064 
100 0.27 19800000 255.898 11.8131 -26.1329 1.00737 875.628 62.059 1.53346e+06 289497 0.000485725 0.0166699 -0.000135458 0.00836021 0.0270342 0.00185339 0.00136746 0.000195064 
100 0.27 19900000 255.898 11.752 -26.1329 1.00598 875.628 62.0233 1.53346e+06 288282 0.000485725 0.0166699 -0.000135458 0.00856149 0.0270342 0.00185566 0.00136746 0.000195064 
100 0.27 20000000 255.898 11.6911 -26.1329 1.00598 875.628 62.405 1.53346e+06 288250 0.000485725 0.0166699 -0.000135458 0.00856149 0.0270342 0.00185566 0.00136746 0.000195064 
100 0.27 20100000 256.062 11.7237 -26.2142 1.01476 876.195 62.3605 1.50958e+06 286771 0.000165498 0.0155184 0.00350731 0.00847378 0.0275313 0.00197537 0.00140059 0.000207495 
100 0.27 20200000 256.062 11.665 -26.2142 1.01476 876.195 62.3605 1.50958e+06 285306 0.000165498 0.0155184 0.00350731 0.00847378 0.0275313 0.00197537 0.00140059 0.000207495 
100 0.27 20300000 256.062 11.6388 -26.2142 1.01042 876.195 61.9669 1.50958e+06 284056 0.000165498 0.0155184 0.00350731 0.00842672 0.0275313 0.00197537 0.00140059 0.000207495 
100 0.27 20400000 256.062 11.584 -26.2142 1.01042 876.195 62.1472 1.50958e+06 284180 0.000165498 0.0155184 0.00350731 0.0084638 0.0275313 0.00197537 0.00140059 0.000207495 
100 0.27 20500000 256.062 11.5354 -26.2142 1.01603 876.195 62.3759 1.50958e+06 282730 0.000165498 0.0155184 0.00350731 0.00842628 0.0275313 0.00200785 0.00140059 0.00021264 
100 0.27 20600000 256.062 11.4876 -26.2142 1.01603 876.195 62.3759 1.50958e+06 281378 0.000165498 0.0155184 0.00350731 0.00841786 0.0275313 0.00200785 0.00140059 0.00021264 
100 0.27 20700000 256.062 11.4395 -26.2142 1.00687 876.195 61.8874 1.50958e+06 280032 0.000165498 0.0155184 0.00350731 0.00834795 0.0275313 0.00200785 0.00140059 0.00021264 
100 0.27 20800000 256.062 11.4518 -26.2142 1.00687 876.195 61.8874 1.50958e+06 279009 0.000165498 0.0155184 0.00350731 0.00834635 0.0275313 0.00200785 0.00140059 0.00021264 
100 0.27 20900000 256.062 11.3982 -26.2142 0.998007 876.195 61.3453 1.50958e+06 277710 0.000165498 0.0155184 0.00350731 0.0082918 0.0275313 0.00200056 0.00140059 0.000210058 
100 0.27 21000000 256.062 11.3543 -26.2142 0.998007 876.195 61.3453 1.50958e+06 276427 0.000165498 0.0155184 0.00350731 0.0082918 0.0275313 0.00200056 0.00140059 0.000210058 
100 0.27 21100000 256.062 11.3625 -26.2142 0.988127 876.195 60.7401 1.50958e+06 275073 0.000165498 0.0155184 0.00350731 0.00825458 0.0275313 0.00200056 0.00140059 0.000210058 
100 0.27 21200000 256.062 11.308 -26.2142 0.988127 876.195 60.7401 1.50958e+06 273821 0.000165498 0.0155184 0.00350731 0.00825458 0.0275313 0.00200056 0.00140059 0.000210058 
100 0.27 21300000 256.062 11.2963 -26.2142 0.983306 876.195 60.3762 1.50958e+06 272534 0.000165498 0.0155184 0.00350731 0.00818538 0.0275313 0.00196811 0.00140059 0.000206871 
100 0.27 21400000 256.062 11.245 -26.2142 0.983306 876.195 60.3762 1.50958e+06 271234 0.000165498 0.0155184 0.00350731 0.00818538 0.0275313 0.00196811 0.00140059 0.000206871 
100 0.27 21500000 256.062 11.195 -26.2142 0.97566 876.195 59.9176 1.50958e+06 270016 0.000165498 0.0155184 0.00350731 0.00810799 0.0275313 0.00196811 0.00140059 0.000206871 
100 0.27 21600000 256.062 11.1809 -26.2142 0.97566 876.195 62.2214 1.50958e+06 286634 0.000165498 0.0155184 0.00350731 0.00822842 0.0275313 0.00196811 0.00140059 0.000206871 
100 0.27 21700000 253.548 11.1444 -26.5731 0.991435 900.942 62.1697 1.60925e+06 285279 0.00187939 0.0155184 0.00495855 0.00829321 0.0278202 0.00194968 0.00147878 0.000211865 
100 0.27 21800000 253.548 11.108 -26.5731 0.991435 900.942 62.1697 1.60925e+06 283958 0.00187939 0.0155184 0.00495855 0.00829321 0.0278202 0.00194968 0.00147878 0.000211865 
100 0.27 21900000 253.548 11.0812 -26.5731 0.982124 900.942 61.585 1.60925e+06 282637 0.00187939 0.0155184 0.00495855 0.00825215 0.0278202 0.00194968 0.00147878 0.000211865 
100 0.27 22000000 253.548 11.0626 -26.5731 0.982124 900.942 61.585 1.60925e+06 281382 0.00187939 0.0155184 0.00495855 0.00825215 0.0278202 0.00194968 0.00147878 0.000211865 
100 0.27 22100000 253.548 11.2808 -26.5731 0.974211 900.942 61.1502 1.60925e+06 280123 0.00187939 0.0155184 0.00495855 0.00817904 0.0278202 0.00191438 0.00147878 0.000208285 
100 0.27 22200000 253.548 11.2431 -26.5731 0.974211 900.942 61.1502 1.60925e+06 278904 0.00187939 0.0155184 0.00495855 0.00817904 0.0278202 0.00191438 0.00147878 0.000208285 
100 0.27 22300000 253.548 11.1924 -26.5731 0.966295 900.942 60.6644 1.60925e+06 277618 0.00187939 0.0155184 0.00495855 0.00815931 0.0278202 0.00191438 0.00147878 0.000208285 
100 0.27 22400000 253.548 11.1466 -26.5731 0.966295 900.942 60.6644 1.60925e+06 276423 0.00187939 0.0155184 0.00495855 0.00815931 0.0278202 0.00191438 0.00147878 0.000208285 
100 0.27 22500000 253.548 11.129 -26.5731 0.957778 900.942 60.1134 1.60925e+06 275157 0.00187939 0.0155184 0.00495855 0.00814568 0.0278202 0.00188425 0.00147878 0.000204778 
100 0.27 22600000 253.548 11.0879 -26.5731 0.957778 900.942 60.1134 1.60925e+06 273934 0.00187939 0.0155184 0.00495855 0.00814568 0.0278202 0.00188425 0.00147878 0.000204778 
100 0.27 22700000 253.548 11.0593 -26.5731 0.955344 900.942 59.7662 1.60925e+06 272772 0.00187939 0.0155184 0.00495855 0.00807099 0.0278202 0.00187996 0.00147878 0.000204778 
100 0.27 22800000 253.548 11.0865 -26.5731 0.955344 900.942 59.7662 1.60925e+06 271594 0.00187939 0.0155184 0.00495855 0.00807099 0.0278202 0.00187996 0.00147878 0.000204778 
100 0.27 22900000 253.548 11.0717 -26.5731 0.948264 900.942 59.3777 1.60925e+06 270438 0.00187939 0.0155184 0.00495855 0.00799786 0.0278202 0.00185819 0.00147878 0.00020205 
100 0.27 23000000 253.548 11.0216 -26.5731 0.948264 900.942 59.3777 1.60925e+06 269238 0.00187939 0.0155184 0.00495855 0.00799786 0.0278202 0.00185819 0.00147878 0.00020205 
100 0.27 23100000 253.548 10.981 -26.5731 0.939722 900.942 58.8639 1.60925e+06 268084 0.00187939 0.0155184 0.00495855 0.00792722 0.0278202 0.00185819 0.00147878 0.00020205 
100 0.27 23200000 253.548 10.9621 -26.5731 0.939722 900.942 58.8639 1.60925e+06 266960 0.00187939 0.0155184 0.00495855 0.00792722 0.0278202 0.00185819 0.00147878 0.00020205 
100 0.27 23300000 253.688 11.3728 -26.2707 0.931667 877.926 58.395 1.52804e+06 265789 0.00277054 0.0135184 0.00583715 0.00786836 0.0271224 0.00185625 0.00140932 0.000199845 
100 0.27 23400000 253.688 11.3567 -26.2707 0.931667 877.926 58.395 1.52804e+06 264695 0.00277054 0.0135184 0.00583715 0.00786836 0.0271224 0.00185625 0.00140932 0.000199845 
100 0.27 23500000 253.688 11.3247 -26.2707 0.928124 877.926 58.0742 1.52804e+06 263569 0.00277054 0.0135184 0.00583715 0.0078007 0.0271224 0.00185625 0.00140932 0.000199845 
100 0.27 23600000 253.688 11.3067 -26.2707 0.928124 877.926 58.0742 1.52804e+06 262413 0.00277054 0.0135184 0.00583715 0.0078007 0.0271224 0.00185625 0.00140932 0.000199845 
100 0.27 23700000 253.688 11.2656 -26.2707 0.924597 877.926 57.7251 1.52804e+06 261317 0.00277054 0.0135184 0.00583715 0.0077463 0.0271224 0.00183753 0.00140932 0.000197255 
100 0.27 23800000 253.688 11.2229 -26.2707 0.924597 877.926 57.7251 1.52804e+06 260218 0.00277054 0.0135184 0.00583715 0.0077463 0.0271224 0.00183753 0.00140932 0.000197255 
100 0.27 23900000 253.688 11.1741 -26.2707 0.916599 877.926 57.2344 1.52804e+06 259111 0.00277054 0.0135184 0.00583715 0.0076798 0.0271224 0.00183753 0.00140932 0.000197255 
100 0.27 24000000 253.688 11.1439 -26.2707 0.916599 877.926 57.2344 1.52804e+06 257990 0.00277054 0.0135184 0.00583715 0.0076798 0.0271224 0.00183753 0.00140932 0.000197255 
100 0.27 24100000 253.688 11.1005 -26.2707 0.909345 877.926 56.7722 1.52804e+06 256959 0.00277054 0.0135184 0.00583715 0.00762244 0.0271224 0.00181241 0.00140932 0.000194359 
100 0.27 24200000 253.688 11.1505 -26.2707 0.909345 877.926 56.7722 1.52804e+06 255905 0.00277054 0.0135184 0.00583715 0.00762244 0.0271224 0.00181241 0.00140932 0.000194359 
100 0.27 24300000 253.688 11.1237 -26.2707 0.901691 877.926 56.3347 1.52804e+06 254856 0.00277054 0.0135184 0.00583715 0.00759856 0.0271224 0.00181241 0.00140932 0.000194359 
100 0.27 24400000 253.688 11.0805 -26.2707 0.901691 877.926 56.3347 1.52804e+06 253839 0.00277054 0.0135184 0.00583715 0.00759856 0.0271224 0.00181241 0.00140932 0.000194359 
100 0.27 24500000 253.688 11.0484 -26.2707 0.898725 877.926 56.1065 1.52804e+06 252839 0.00277054 0.0135184 0.00583715 0.00753789 0.0271224 0.00179226 0.00140932 0.000191831 
100 0.27 24600000 253.688 11.0173 -26.2707 0.898725 877.926 56.1065 1.52804e+06 251818 0.00277054 0.0135184 0.00583715 0.00753789 0.0271224 0.00179226 0.00140932 0.000191831 
100 0.27 24700000 253.688 11.009 -26.2707 0.89128 877.926 55.6799 1.52804e+06 250803 0.00277054 0.0135184 0.00583715 0.00752367 0.0271224 0.00179226 0.00140932 0.000191831 
100 0.27 24800000 253.688 11.2225 -26.2707 0.89128 877.926 55.6799 1.52804e+06 249804 0.00277054 0.0135184 0.00583715 0.00752367 0.0271224 0.00179226 0.00140932 0.000191831 
100 0.27 24900000 252.108 11.1909 -26.1956 0.886764 867.69 55.3046 1.4758e+06 248784 0.000451847 0.0135184 0.00796605 0.00752855 0.026628 0.00176436 0.00136892 0.000188903 
100 0.27 25000000 252.108 11.1713 -26.1956 0.886764 867.69 55.3046 1.4758e+06 247812 0.000451847 0.0135184 0.00796605 0.00752855 0.026628 0.00176436 0.00136892 0.000188903 
100 0.27 25100000 252.108 11.1351 -26.1956 0.880635 867.69 54.968 1.4758e+06 246843 0.000451847 0.0135184 0.00796605 0.00746775 0.026628 0.00176436 0.00136892 0.000188903 
100 0.27 25200000 252.108 11.0893 -26.1956 0.880635 867.69 54.968 1.4758e+06 245859 0.000451847 0.0135184 0.00796605 0.00746775 0.026628 0.00176436 0.00136892 0.000188903 
100 0.27 25300000 252.108 11.0566 -26.1956 0.875557 867.69 54.6427 1.4758e+06 244923 0.000451847 0.0135184 0.00796605 0.0074074 0.026628 0.00176531 0.00136892 0.000186994 
100 0.27 25400000 252.108 11.0119 -26.1956 0.875557 867.69 54.6427 1.4758e+06 243995 0.000451847 0.0135184 0.00796605 0.0074074 0.026628 0.00176531 0.00136892 0.000186994 
100 0.27 25500000 252.108 10.9838 -26.1956 0.87041 867.69 54.2578 1.4758e+06 243040 0.000451847 0.0135184 0.00796605 0.0074247 0.026628 0.00176531 0.00136892 0.000186994 
100 0.27 25600000 252.108 10.9825 -26.1956 0.87041 867.69 55.1992 1.4758e+06 250166 0.000451847 0.0135184 0.00796605 0.0074247 0.026628 0.00176531 0.00136892 0.000186994 
100 0.27 25700000 252.108 11.1898 -26.1956 0.877725 867.69 55.2924 1.4758e+06 249188 0.000451847 0.0135184 0.00796605 0.00742818 0.026628 0.00173687 0.00136892 0.000184129 
100 0.27 25800000 252.108 11.1594 -26.1956 0.877725 867.69 55.2924 1.4758e+06 248203 0.000451847 0.0135184 0.00796605 0.00742818 0.026628 0.00173687 0.00136892 0.000184129 
100 0.27 25900000 252.108 11.1344 -26.1956 0.870716 867.69 54.8513 1.4758e+06 247282 0.000451847 0.0135184 0.00796605 0.00739036 0.026628 0.00173687 0.00136892 0.000184129 
100 0.27 26000000 252.108 11.093 -26.1956 0.870716 867.69 54.8513 1.4758e+06 246658 0.000451847 0.0135184 0.00796605 0.00739036 0.026628 0.00173687 0.00136892 0.000184129 
100 0.27 26100000 252.108 11.0491 -26.1956 0.867212 867.69 54.5843 1.4758e+06 245720 0.000451847 0.0135184 0.00796605 0.00737244 0.026628 0.00174218 0.00136892 0.000187094 
100 0.27 26200000 252.108 11.0068 -26.1956 0.867212 867.69 54.5843 1.4758e+06 244751 0.000451847 0.0135184 0.00796605 0.00737244 0.026628 0.00174218 0.00136892 0.000187094 
100 0.27 26300000 252.108 11.0483 -26.1956 0.860832 867.69 54.1565 1.4758e+06 243835 0.000451847 0.0135184 0.00796605 0.00737244 0.026628 0.00174218 0.00136892 0.000187094 
100 0.27 26400000 252.108 11.025 -26.1956 0.860832 867.69 54.1565 1.4758e+06 243058 0.000451847 0.0135184 0.00796605 0.00737244 0.026628 0.00174218 0.00136892 0.000187094 
100 0.27 26500000 249.898 10.9823 -26.5375 0.864132 887.758 54.2871 1.53393e+06 242190 -0.00090088 0.012317 0.00659423 0.0072613 0.0266437 0.00171498 0.00138982 0.00018419 
100 0.27 26600000 249.898 10.9399 -26.5375 0.864132 887.758 54.2871 1.53393e+06 241259 -0.00090088 0.012317 0.00659423 0.0072613 0.0266437 0.00171498 0.00138982 0.00018419 
100 0.27 26700000 249.898 10.8982 -26.5375 0.857799 887.758 53.9106 1.53393e+06 240391 -0.00090088 0.012317 0.00659423 0.00721069 0.0266437 0.00171498 0.00138982 0.00018419 
100 0.27 26800000 249.898 10.8709 -26.5375 0.857799 887.758 53.9106 1.53393e+06 239501 -0.00090088 0.012317 0.00659423 0.00721069 0.0266437 0.00171498 0.00138982 0.00018419 
100 0.27 26900000 249.898 10.8291 -26.5375 0.851946 887.758 53.5815 1.53393e+06 238641 -0.00090088 0.012317 0.00659423 0.00720103 0.0266437 0.00169697 0.00138982 0.000182078 
100 0.27 27000000 249.898 10.8066 -26.5375 0.851946 887.758 53.5815 1.53393e+06 237727 -0.00090088 0.012317 0.00659423 0.00720103 0.0266437 0.00169697 0.00138982 0.000182078 
100 0.27 27100000 249.898 10.7687 -26.5375 0.845477 887.758 53.1755 1.53393e+06 236876 -0.00090088 0.012317 0.00659423 0.00720103 0.0266437 0.00169697 0.00138982 0.000182078 
100 0.27 27200000 249.898 10.7484 -26.5375 0.845477 887.758 53.1755 1.53393e+06 236040 -0.00090088 0.012317 0.00659423 0.00720103 0.0266437 0.00169697 0.00138982 0.000182078 
100 0.27 27300000 249.898 10.7083 -26.5375 0.839085 887.758 52.7727 1.53393e+06 235164 -0.00090088 0.012317 0.00659423 0.00709747 0.0266437 0.0016805 0.00138982 0.000179737 
100 0.27 27400000 249.898 10.669 -26.5375 0.839085 887.758 52.8441 1.53393e+06 235258 -0.00090088 0.012317 0.00659423 0.00709747 0.0266437 0.0016805 0.00138982 0.000179737 
100 0.27 27500000 249.898 10.633 -26.5375 0.8331 887.758 52.7384 1.53393e+06 234444 -0.00090088 0.012317 0.00659423 0.00709301 0.0266437 0.0016805 0.00138982 0.000179737 
100 0.27 27600000 249.898 10.6035 -26.5375 0.8331 887.758 52.5761 1.53393e+06 233623 -0.00090088 0.012317 0.00659423 0.00709301 0.0266437 0.0016805 0.00138982 0.000179737 
100 0.27 27700000 249.898 10.5668 -26.5375 0.828577 887.758 52.4134 1.53393e+06 232808 -0.00090088 0.012317 0.00659423 0.00709301 0.0266437 0.0016556 0.00138982 0.000177153 
100 0.27 27800000 249.898 10.5368 -26.5375 0.828577 887.758 52.2488 1.53393e+06 231991 -0.00090088 0.012317 0.00659423 0.00709301 0.0266437 0.0016556 0.00138982 0.000177153 
100 0.27 27900000 249.898 10.5039 -26.5375 0.822588 887.758 52.0498 1.53393e+06 231161 -0.00090088 0.012317 0.00659423 0.00709301 0.0266437 0.0016556 0.00138982 0.000177153 
100 0.27 28000000 249.898 10.4737 -26.5375 0.822588 887.758 51.9154 1.53393e+06 230371 -0.00090088 0.012317 0.00659423 0.00709301 0.0266437 0.0016556 0.00138982 0.000177153 
100 0.27 28100000 249.949 10.4435 -26.411 0.817179 877.154 51.7246 1.49712e+06 229541 -0.00317406 0.012317 0.00295667 0.00727046 0.0264859 0.00163936 0.0013695 0.000174564 
100 0.27 28200000 249.949 10.4054 -26.411 0.817179 877.154 51.5825 1.49712e+06 228717 -0.00317406 0.012317 0.00295667 0.00727046 0.0264859 0.00163936 0.0013695 0.000174564 
100 0.27 28300000 249.949 10.3674 -26.411 0.811216 877.154 51.3621 1.49712e+06 227925 -0.00317406 0.012317 0.00295667 0.00727046 0.0264859 0.00163936 0.0013695 0.000174564 
100 0.27 28400000 249.949 10.3371 -26.411 0.811216 877.154 51.2233 1.49712e+06 227102 -0.00317406 0.012317 0.00295667 0.00727046 0.0264859 0.00163936 0.0013695 0.000174564 
100 0.27 28500000 249.949 10.3058 -26.411 0.80539 877.154 51.0054 1.49712e+06 226320 -0.00317406 0.012317 0.00295667 0.00727046 0.0264859 0.00161583 0.0013695 0.000172049 
100 0.27 28600000 249.949 10.2751 -26.411 0.80539 877.154 50.8566 1.49712e+06 225533 -0.00317406 0.012317 0.00295667 0.00727046 0.0264859 0.00161583 0.0013695 0.000172049 
100 0.27 28700000 249.949 10.25 -26.411 0.799597 877.154 50.6455 1.49712e+06 224746 -0.00317406 0.012317 0.00295667 0.00727046 0.0264859 0.00161583 0.0013695 0.000172049 
100 0.27 28800000 249.949 10.2346 -26.411 0.799597 877.154 50.5045 1.49712e+06 223948 -0.00317406 0.012317 0.00295667 0.00727046 0.0264859 0.00161583 0.0013695 0.000172049 
100 0.27 28900000 249.949 10.2021 -26.411 0.796253 877.154 50.3333 1.49712e+06 223164 -0.00317406 0.012317 0.00295667 0.00708424 0.0264859 0.00159349 0.0013695 0.000169879 
100 0.27 29000000 249.949 10.1746 -26.411 0.796253 877.154 50.2115 1.49712e+06 222394 -0.00317406 0.012317 0.00295667 0.00708424 0.0264859 0.00159349 0.0013695 0.000169879 
100 0.27 29100000 249.949 10.1553 -26.411 0.791505 877.154 50.0313 1.49712e+06 221663 -0.00317406 0.012317 0.00295667 0.00708424 0.0264859 0.00159349 0.0013695 0.000169879 
100 0.27 29200000 249.949 10.1202 -26.411 0.791505 877.154 49.9327 1.49712e+06 220922 -0.00317406 0.012317 0.00295667 0.00708424 0.0264859 0.00159349 0.0013695 0.000169879 
100 0.27 29300000 249.949 10.0847 -26.411 0.786191 877.154 49.7237 1.49712e+06 220147 -0.00317406 0.012317 0.00295667 0.00708424 0.0264859 0.00157924 0.0013695 0.000167999 
100 0.27 29400000 249.949 10.0729 -26.411 0.786191 877.154 49.5909 1.49712e+06 219428 -0.00317406 0.012317 0.00295667 0.00708424 0.0264859 0.00157924 0.0013695 0.000167999 
100 0.27 29500000 249.949 10.0403 -26.411 0.782366 877.154 49.4399 1.49712e+06 218705 -0.00317406 0.012317 0.00295667 0.00708424 0.0264859 0.00157924 0.0013695 0.000167999 
100 0.27 29600000 249.949 10.0055 -26.411 0.782366 877.154 49.3603 1.49712e+06 218002 -0.00317406 0.012317 0.00295667 0.00708424 0.0264859 0.00157924 0.0013695 0.000167999 
100 0.27 29700000 248.812 9.97103 -26.3773 0.777734 869.378 49.2149 1.45338e+06 217250 -0.00163227 0.0109702 0.00374299 0.00689108 0.0263208 0.00155741 0.00134325 0.000165667 
100 0.27 29800000 248.812 9.9373 -26.3773 0.777734 869.378 49.0678 1.45338e+06 216543 -0.00163227 0.0109702 0.00374299 0.00689108 0.0263208 0.00155741 0.00134325 0.000165667 
100 0.27 29900000 248.812 9.90882 -26.3773 0.772817 869.378 48.9079 1.45338e+06 215829 -0.00163227 0.0109702 0.00374299 0.00689108 0.0263208 0.00155741 0.00134325 0.000165667 
100 0.27 30000000 248.812 9.9418 -26.3773 0.772817 869.378 48.7548 1.45338e+06 215117 -0.00163227 0.0109702 0.00374299 0.00689108 0.0263208 0.00155741 0.00134325 0.000165667 
100 0.27 30100000 248.812 9.93709 -26.3773 0.767591 869.378 48.5879 1.45338e+06 214412 -0.00163227 0.0109702 0.00374299 0.00689108 0.0263208 0.00153871 0.00134325 0.000163912 
100 0.27 30200000 248.812 9.93213 -26.3773 0.767591 869.378 48.5004 1.45338e+06 213736 -0.00163227 0.0109702 0.00374299 0.00689108 0.0263208 0.00153871 0.00134325 0.000163912 
100 0.27 30300000 248.812 9.89949 -26.3773 0.765971 869.378 48.3477 1.45338e+06 213045 -0.00163227 0.0109702 0.00374299 0.00689108 0.0263208 0.00153871 0.00134325 0.000163912 
100 0.27 30400000 248.812 9.87086 -26.3773 0.765971 869.378 48.2736 1.45338e+06 212364 -0.00163227 0.0109702 0.00374299 0.00689108 0.0263208 0.00153871 0.00134325 0.000163912 
100 0.27 30500000 248.812 9.85625 -26.3773 0.761911 869.378 48.07 1.45338e+06 211691 -0.00163227 0.0109702 0.00374299 0.00670799 0.0263208 0.00152998 0.00134325 0.000162372 
100 0.27 30600000 248.812 9.83074 -26.3773 0.761911 869.378 48.0453 1.45338e+06 211032 -0.00163227 0.0109702 0.00374299 0.00670799 0.0263208 0.00152998 0.00134325 0.000162372 
100 0.27 30700000 248.812 9.80079 -26.3773 0.761399 869.378 47.8992 1.45338e+06 210363 -0.00163227 0.0109702 0.00374299 0.00670799 0.0263208 0.00152998 0.00134325 0.000162372 
100 0.27 30800000 248.812 9.80322 -26.3773 0.761399 869.378 47.8992 1.45338e+06 209701 -0.00163227 0.0109702 0.00374299 0.00670799 0.0263208 0.00152998 0.00134325 0.000162372 
100 0.27 30900000 248.812 9.80148 -26.3773 0.757524 869.378 47.6802 1.45338e+06 209044 -0.00163227 0.0109702 0.00374299 0.00670799 0.0263208 0.00151117 0.00134325 0.000160211 
100 0.27 31000000 248.812 9.77399 -26.3773 0.757524 869.378 47.6802 1.45338e+06 208394 -0.00163227 0.0109702 0.00374299 0.00670799 0.0263208 0.00151117 0.00134325 0.000160211 
100 0.27 31100000 248.812 9.75034 -26.3773 0.753025 869.378 47.3962 1.45338e+06 207792 -0.00163227 0.0109702 0.00374299 0.00670799 0.0263208 0.00151117 0.00134325 0.000160211 
100 0.27 31200000 248.812 9.72852 -26.3773 0.753025 869.378 47.3855 1.45338e+06 207111 -0.00163227 0.0109702 0.00374299 0.00670799 0.0263208 0.00151117 0.00134325 0.000160211 
100 0.27 31300000 248.868 9.69675 -26.1848 0.75034 854.961 47.1385 1.40593e+06 206430 -0.000852669 0.0109702 0.00232806 0.00672506 0.0263317 0.00149191 0.00134092 0.000158105 
100 0.27 31400000 248.868 9.67911 -26.1848 0.75034 854.961 47.1385 1.40593e+06 205797 -0.000852669 0.0109702 0.00232806 0.00672506 0.0263317 0.00149191 0.00134092 0.000158105 
100 0.27 31500000 248.868 9.65578 -26.1848 0.749225 854.961 47.0097 1.40593e+06 205175 -0.000852669 0.0109702 0.00232806 0.00672506 0.0263317 0.00149191 0.00134092 0.000158105 
100 0.27 31600000 248.868 9.67243 -26.1848 0.749225 854.961 47.0097 1.40593e+06 204542 -0.000852669 0.0109702 0.00232806 0.00672506 0.0263317 0.00149191 0.00134092 0.000158105 
100 0.27 31700000 248.868 9.66753 -26.1848 0.74448 854.961 46.7366 1.40593e+06 203899 -0.000852669 0.0109702 0.00232806 0.00672506 0.0263317 0.00147354 0.00134092 0.000156257 
100 0.27 31800000 248.868 9.63937 -26.1848 0.74448 854.961 46.7366 1.40593e+06 203418 -0.000852669 0.0109702 0.00232806 0.00672506 0.0263317 0.00147908 0.00134092 0.000156257 
100 0.27 31900000 248.868 9.61307 -26.1848 0.749844 854.961 47.0688 1.40593e+06 202984 -0.000852669 0.0109702 0.00232806 0.00672506 0.0263317 0.00152199 0.00134092 0.000160775 
100 0.27 32000000 248.868 9.59879 -26.1848 0.749844 854.961 47.0688 1.40593e+06 202374 -0.000852669 0.0109702 0.00232806 0.00672506 0.0263317 0.00152199 0.00134092 0.000160775 
100 0.27 32100000 248.868 9.57783 -26.1848 0.745196 854.961 46.7966 1.40593e+06 201737 -0.000852669 0.0109702 0.00232806 0.00664162 0.0263317 0.00151527 0.00134092 0.000164562 
100 0.27 32200000 248.868 9.55873 -26.1848 0.745196 854.961 46.7966 1.40593e+06 201100 -0.000852669 0.0109702 0.00232806 0.00664162 0.0263317 0.00151527 0.00134092 0.000164562 
100 0.27 32300000 248.868 9.53375 -26.1848 0.743191 854.961 46.5902 1.40593e+06 200460 -0.000852669 0.0109702 0.00232806 0.00664162 0.0263317 0.00151527 0.00134092 0.000164562 
100 0.27 32400000 248.868 9.5155 -26.1848 0.743191 854.961 46.5902 1.40593e+06 200867 -0.000852669 0.0109702 0.00232806 0.00664162 0.0263317 0.00151527 0.00134092 0.000164562 
100 0.27 32500000 248.868 9.48668 -26.1848 0.740213 854.961 46.4851 1.40593e+06 200278 -0.000852669 0.0109702 0.00232806 0.00664162 0.0263317 0.00149845 0.00134092 0.000162487 
100 0.27 32600000 248.868 9.46144 -26.1848 0.740213 854.961 46.4851 1.40593e+06 199671 -0.000852669 0.0109702 0.00232806 0.00664162 0.0263317 0.00149845 0.00134092 0.000162487 
100 0.27 32700000 248.868 9.43168 -26.1848 0.735672 854.961 46.2244 1.40593e+06 199075 -0.000852669 0.0109702 0.00232806 0.00664162 0.0263317 0.00149845 0.00134092 0.000162487 
100 0.27 32800000 248.868 9.40321 -26.1848 0.735672 854.961 46.2244 1.40593e+06 198458 -0.000852669 0.0109702 0.00232806 0.00664162 0.0263317 0.00149845 0.00134092 0.000162487 
100 0.27 32900000 247.169 9.37485 -26.3883 0.735709 865.005 46.1465 1.42035e+06 197901 -0.00373144 0.010072 0.00133201 0.00816206 0.0267166 0.00148224 0.00137982 0.000160714 
100 0.27 33000000 247.169 9.36928 -26.3883 0.735709 865.005 46.1465 1.42035e+06 197310 -0.00373144 0.010072 0.00133201 0.00816206 0.0267166 0.00148224 0.00137982 0.000160714 
100 0.27 33100000 247.169 9.35257 -26.3883 0.733183 865.005 45.964 1.42035e+06 196746 -0.00373144 0.010072 0.00133201 0.00816206 0.0267166 0.00148144 0.00137982 0.000160714 
100 0.27 33200000 247.169 9.33661 -26.3883 0.733183 865.005 45.964 1.42035e+06 196139 -0.00373144 0.010072 0.00133201 0.00816206 0.0267166 0.00148144 0.00137982 0.000160714 
100 0.27 33300000 247.169 9.3078 -26.3883 0.730151 865.005 45.7158 1.42035e+06 195537 -0.00373144 0.010072 0.00133201 0.00816206 0.0267166 0.00146877 0.00137982 0.000158972 
100 0.27 33400000 247.169 9.28059 -26.3883 0.730151 865.005 45.7158 1.42035e+06 194944 -0.00373144 0.010072 0.00133201 0.00816206 0.0267166 0.00146877 0.00137982 0.000158972 
100 0.27 33500000 247.169 9.25832 -26.3883 0.729685 865.005 45.65 1.42035e+06 194676 -0.00373144 0.010072 0.00133201 0.00816206 0.0267166 0.00147827 0.00137982 0.000158972 
100 0.27 33600000 247.169 9.24907 -26.3883 0.729685 865.005 45.65 1.42035e+06 194102 -0.00373144 0.010072 0.00133201 0.00816206 0.0267166 0.00147827 0.00137982 0.000158972 
100 0.27 33700000 247.169 9.22087 -26.3883 0.725237 865.005 45.3815 1.42035e+06 193529 -0.00373144 0.010072 0.00133201 0.00816206 0.0267166 0.00147351 0.00137982 0.000158345 
100 0.27 33800000 247.169 9.25908 -26.3883 0.725237 865.005 45.3815 1.42035e+06 192957 -0.00373144 0.010072 0.00133201 0.00816206 0.0267166 0.00147351 0.00137982 0.000158345 
100 0.27 33900000 247.169 9.23606 -26.3883 0.721081 865.005 45.1433 1.42035e+06 192412 -0.00373144 0.010072 0.00133201 0.00816206 0.0267166 0.00146475 0.00137982 0.000158345 
100 0.27 34000000 247.169 9.23172 -26.3883 0.721081 865.005 45.1433 1.42035e+06 191860 -0.00373144 0.010072 0.00133201 0.00816206 0.0267166 0.00146475 0.00137982 0.000158345 
100 0.27 34100000 247.169 9.20448 -26.3883 0.717618 865.005 44.8993 1.42035e+06 191338 -0.00373144 0.010072 0.00133201 0.00816206 0.0267166 0.00145709 0.00137982 0.000156479 
100 0.27 34200000 247.169 9.17708 -26.3883 0.717618 865.005 44.8993 1.42035e+06 190801 -0.00373144 0.010072 0.00133201 0.00816206 0.0267166 0.00145709 0.00137982 0.000156479 
100 0.27 34300000 247.169 9.15185 -26.3883 0.713791 865.005 44.6851 1.42035e+06 190255 -0.00373144 0.010072 0.00133201 0.00816206 0.0267166 0.0014539 0.00137982 0.000156479 
100 0.27 34400000 247.169 9.13486 -26.3883 0.713791 865.005 44.6851 1.42035e+06 189692 -0.00373144 0.010072 0.00133201 0.00816206 0.0267166 0.0014539 0.00137982 0.000156479 
100 0.27 34500000 247.169 9.12806 -26.3883 0.71125 865.005 44.4671 1.42035e+06 189129 -0.00373144 0.010072 0.00133201 0.00816206 0.0267166 0.00144604 0.00137982 0.000155241 
100 0.27 34600000 247.169 9.12357 -26.3883 0.71125 865.005 44.4671 1.42035e+06 188586 -0.00373144 0.010072 0.00133201 0.00816206 0.0267166 0.00144604 0.00137982 0.000155241 
100 0.27 34700000 247.169 9.10259 -26.3883 0.708802 865.005 44.2729 1.42035e+06 188119 -0.00373144 0.010072 0.00133201 0.00816206 0.0267166 0.00144441 0.00137982 0.000155241 
100 0.27 34800000 247.169 9.07833 -26.3883 0.708802 865.005 44.2729 1.42035e+06 187610 -0.00373144 0.010072 0.00133201 0.00816206 0.0267166 0.00144441 0.00137982 0.000155241 
100 0.27 34900000 247.169 9.07371 -26.3883 0.70802 865.005 45.0629 1.42035e+06 195499 -0.00373144 0.010072 0.00133201 0.00816206 0.0267166 0.00143593 0.00137982 0.000153907 
100 0.27 35000000 247.169 9.04874 -26.3883 0.70802 865.005 44.9786 1.42035e+06 194951 -0.00373144 0.010072 0.00133201 0.00816206 0.0267166 0.00143593 0.00137982 0.000153907 
100 0.27 35100000 247.169 9.03781 -26.3883 0.70388 865.005 44.8925 1.42035e+06 194425 -0.00373144 0.010072 0.00133201 0.00816206 0.0267166 0.00142961 0.00137982 0.000153907 
100 0.27 35200000 247.169 9.01552 -26.3883 0.70388 865.005 44.7626 1.42035e+06 193864 -0.00373144 0.010072 0.00133201 0.00816206 0.0267166 0.00142961 0.00137982 0.000153907 
100 0.27 35300000 247.169 8.99008 -26.3883 0.699895 865.005 44.6359 1.42035e+06 193322 -0.00373144 0.010072 0.00133201 0.00816206 0.0267166 0.00142347 0.00137982 0.000152215 
100 0.27 35400000 247.169 8.97824 -26.3883 0.699895 865.005 44.513 1.42035e+06 192786 -0.00373144 0.010072 0.00133201 0.00816206 0.0267166 0.00142347 0.00137982 0.000152215 
100 0.27 35500000 247.169 8.96039 -26.3883 0.70384 865.005 45.3344 1.42035e+06 197145 -0.00373144 0.010072 0.00133201 0.00816206 0.0267166 0.00141526 0.00137982 0.000152215 
100 0.27 35600000 247.169 8.94097 -26.3883 0.710742 865.005 46.2741 1.42035e+06 202718 -0.00373144 0.010072 0.00133201 0.00816206 0.0267166 0.00141526 0.00137982 0.000152215 
100 0.27 35700000 247.169 8.93462 -26.3883 0.71291 865.005 47.4515 1.42035e+06 207591 -0.00373144 0.010072 0.00133201 0.00816206 0.0267166 0.00141598 0.00137982 0.000150592 
100 0.27 35800000 247.169 8.92262 -26.3883 0.71291 865.005 47.4515 1.42035e+06 207591 -0.00373144 0.010072 0.00133201 0.00816206 0.0267166 0.00141598 0.00137982 0.000150592 
100 0.27 35900000 247.169 8.9025 -26.3883 0.715717 865.005 47.4515 1.42035e+06 207591 -0.00373144 0.010072 0.00133201 0.00816206 0.0267166 0.00141339 0.00137982 0.000150592 
100 0.27 36000000 247.169 8.8772 -26.3883 0.715717 865.005 47.4515 1.42035e+06 207591 -0.00373144 0.010072 0.00133201 0.00816206 0.0267166 0.00141339 0.00137982 0.000150592 
100 0.27 36100000 245.688 8.87812 -26.7479 0.714675 890.529 47.3788 1.53083e+06 205811 -0.00250066 0.00923125 -0.000426719 0.00816206 0.0264295 0.00140812 0.00135479 0.000149596 
100 0.27 36200000 245.688 8.85367 -26.7479 0.714675 890.529 47.3788 1.53083e+06 205811 -0.00250066 0.00923125 -0.000426719 0.00816206 0.0264295 0.00140812 0.00135479 0.000149596 
100 0.27 36300000 245.688 8.83238 -26.7479 0.714675 890.529 47.3788 1.53083e+06 205811 -0.00250066 0.00923125 -0.000426719 0.00816206 0.0264295 0.00140176 0.00135479 0.000149596 
100 0.27 36400000 245.688 8.82701 -26.7479 0.714675 890.529 47.3788 1.53083e+06 205811 -0.00250066 0.00923125 -0.000426719 0.00816206 0.0264295 0.00140176 0.00135479 0.000149596 
100 0.27 36500000 245.688 8.82152 -26.7479 0.707544 890.529 46.9225 1.53083e+06 203726 -0.00250066 0.00923125 -0.000426719 0.00816206 0.0264295 0.00139463 0.00135479 0.00014794 
100 0.27 36600000 245.688 8.8052 -26.7479 0.707544 890.529 46.9225 1.53083e+06 203726 -0.00250066 0.00923125 -0.000426719 0.00816206 0.0264295 0.00139463 0.00135479 0.00014794 
100 0.27 36700000 245.688 8.78411 -26.7479 0.707544 890.529 46.9225 1.53083e+06 203726 -0.00250066 0.00923125 -0.000426719 0.00816206 0.0264295 0.00139038 0.00135479 0.00014794 
100 0.27 36800000 245.688 8.76525 -26.7479 0.707544 890.529 46.9225 1.53083e+06 203726 -0.00250066 0.00923125 -0.000426719 0.00816206 0.0264295 0.00139038 0.00135479 0.00014794 
100 0.27 36900000 245.688 8.74517 -26.7479 0.699706 890.529 46.4373 1.53083e+06 203322 -0.00250066 0.00923125 -0.000426719 0.00816206 0.0264295 0.00138356 0.00135479 0.000146326 
100 0.27 37000000 245.688 8.72646 -26.7479 0.699706 890.529 46.4373 1.53083e+06 203322 -0.00250066 0.00923125 -0.000426719 0.00816206 0.0264295 0.00138356 0.00135479 0.000146326 
100 0.27 37100000 245.688 8.70382 -26.7479 0.699706 890.529 46.4373 1.53083e+06 203322 -0.00250066 0.00923125 -0.000426719 0.00816206 0.0264295 0.00138106 0.00135479 0.000146326 
100 0.27 37200000 245.688 8.67993 -26.7479 0.699706 890.529 46.4373 1.53083e+06 203322 -0.00250066 0.00923125 -0.000426719 0.00816206 0.0264295 0.00138106 0.00135479 0.000146326 
100 0.27 37300000 245.688 8.6599 -26.7479 0.699703 890.529 46.3305 1.53083e+06 203322 -0.00250066 0.00923125 -0.000426719 0.00816206 0.0264295 0.00138564 0.00135479 0.000145455 
100 0.27 37400000 245.688 8.63629 -26.7479 0.699703 890.529 46.3305 1.53083e+06 203322 -0.00250066 0.00923125 -0.000426719 0.00816206 0.0264295 0.00138564 0.00135479 0.000145455 
100 0.27 37500000 245.688 8.62087 -26.7479 0.699703 890.529 46.3305 1.53083e+06 203322 -0.00250066 0.00923125 -0.000426719 0.00816206 0.0264295 0.00138564 0.00135479 0.000145455 
100 0.27 37600000 245.688 8.6203 -26.7479 0.699703 890.529 46.3305 1.53083e+06 203322 -0.00250066 0.00923125 -0.000426719 0.00816206 0.0264295 0.00138564 0.00135479 0.000145455 
100 0.27 37700000 245.688 8.60453 -26.7479 0.694456 890.529 46.0139 1.53083e+06 199849 -0.00250066 0.00923125 -0.000426719 0.00816206 0.0264295 0.00137803 0.00135479 0.00014437 
100 0.27 37800000 245.688 8.58258 -26.7479 0.694456 890.529 46.0139 1.53083e+06 199849 -0.00250066 0.00923125 -0.000426719 0.00816206 0.0264295 0.00137803 0.00135479 0.00014437 
100 0.27 37900000 245.688 8.56156 -26.7479 0.694456 890.529 46.0139 1.53083e+06 199849 -0.00250066 0.00923125 -0.000426719 0.00816206 0.0264295 0.00137803 0.00135479 0.00014437 
100 0.27 38000000 245.688 8.53849 -26.7479 0.694456 890.529 46.0139 1.53083e+06 199849 -0.00250066 0.00923125 -0.000426719 0.00816206 0.0264295 0.00137803 0.00135479 0.00014437 
100 0.27 38100000 245.688 8.54557 -26.7479 0.687507 890.529 45.5195 1.53083e+06 199849 -0.00250066 0.00923125 -0.000426719 0.00816206 0.0264295 0.00136324 0.00135479 0.000142819 
100 0.27 38200000 245.688 8.5337 -26.7479 0.687507 890.529 45.5195 1.53083e+06 199849 -0.00250066 0.00923125 -0.000426719 0.00816206 0.0264295 0.00136324 0.00135479 0.000142819 
100 0.27 38300000 245.688 8.51096 -26.7479 0.687507 890.529 45.5195 1.53083e+06 199849 -0.00250066 0.00923125 -0.000426719 0.00816206 0.0264295 0.00136324 0.00135479 0.000142819 
100 0.27 38400000 245.688 8.49028 -26.7479 0.687507 890.529 45.5195 1.53083e+06 199849 -0.00250066 0.00923125 -0.000426719 0.00816206 0.0264295 0.00136324 0.00135479 0.000142819 
100 0.27 38500000 245.688 8.47425 -26.7479 0.68123 890.529 45.1792 1.53083e+06 199849 -0.00250066 0.00923125 -0.000426719 0.00816206 0.0264295 0.00135017 0.00135479 0.000141547 
100 0.27 38600000 245.688 8.49495 -26.7479 0.68123 890.529 45.1792 1.53083e+06 199849 -0.00250066 0.00923125 -0.000426719 0.00816206 0.0264295 0.00135017 0.00135479 0.000141547 
100 0.27 38700000 245.688 8.47314 -26.7479 0.68123 890.529 45.1792 1.53083e+06 199849 -0.00250066 0.00923125 -0.000426719 0.00816206 0.0264295 0.00135017 0.00135479 0.000141547 
100 0.27 38800000 245.688 8.4515 -26.7479 0.68123 890.529 45.1792 1.53083e+06 199849 -0.00250066 0.00923125 -0.000426719 0.00816206 0.0264295 0.00135017 0.00135479 0.000141547 
100 0.27 38900000 245.688 8.43658 -26.7479 0.674191 890.529 44.7401 1.53083e+06 199849 -0.00250066 0.00923125 -0.000426719 0.00816206 0.0264295 0.00133773 0.00135479 0.000140279 
100 0.27 39000000 245.688 8.43805 -26.7479 0.674191 890.529 44.7401 1.53083e+06 199849 -0.00250066 0.00923125 -0.000426719 0.00816206 0.0264295 0.00133773 0.00135479 0.000140279 
100 0.27 39100000 245.688 8.45389 -26.7479 0.674191 890.529 44.7401 1.53083e+06 199849 -0.00250066 0.00923125 -0.000426719 0.00816206 0.0264295 0.00133773 0.00135479 0.000140279 
100 0.27 39200000 245.688 8.43286 -26.7479 0.674191 890.529 44.7401 1.53083e+06 199849 -0.00250066 0.00923125 -0.000426719 0.00816206 0.0264295 0.00133773 0.00135479 0.000140279 
100 0.27 39300000 243.354 8.41675 -26.4638 0.669541 869.331 44.486 1.45959e+06 192982 -0.00150173 0.00851586 0.000108013 0.00689288 0.0259161 0.00132858 0.0013024 0.000139189 
100 0.27 39400000 243.354 8.39926 -26.4638 0.669541 869.331 44.486 1.45959e+06 192982 -0.00150173 0.00851586 0.000108013 0.00689288 0.0259161 0.00132858 0.0013024 0.000139189 
100 0.27 39500000 243.354 8.39753 -26.4638 0.669541 869.331 44.486 1.45959e+06 192982 -0.00150173 0.00851586 0.000108013 0.00689288 0.0259161 0.00132858 0.0013024 0.000139189 
100 0.27 39600000 243.354 8.37702 -26.4638 0.669541 869.331 44.486 1.45959e+06 192982 -0.00150173 0.00851586 0.000108013 0.00689288 0.0259161 0.00132858 0.0013024 0.000139189 
100 0.27 39700000 243.354 8.39255 -26.4638 0.668457 869.331 44.1857 1.45959e+06 192982 -0.00150173 0.00851586 0.000108013 0.00689288 0.0259161 0.00131646 0.0013024 0.000137754 
100 0.27 39800000 243.354 8.38465 -26.4638 0.668457 869.331 44.1857 1.45959e+06 192982 -0.00150173 0.00851586 0.000108013 0.00689288 0.0259161 0.00131646 0.0013024 0.000137754 
100 0.27 39900000 243.354 8.39744 -26.4638 0.668457 869.331 44.1857 1.45959e+06 192982 -0.00150173 0.00851586 0.000108013 0.00689288 0.0259161 0.00131646 0.0013024 0.000137754 
100 0.27 40000000 243.354 8.38288 -26.4638 0.668457 869.331 44.1857 1.45959e+06 192982 -0.00150173 0.00851586 0.000108013 0.00689288 0.0259161 0.00131646 0.0013024 0.000137754 
100 0.27 40100000 243.354 8.37975 -26.4638 0.661886 869.331 43.7348 1.45959e+06 192982 -0.00150173 0.00851586 0.000108013 0.00689288 0.0259161 0.00130324 0.0013024 0.000136397 
100 0.27 40200000 243.354 8.35842 -26.4638 0.661886 869.331 43.7348 1.45959e+06 192982 -0.00150173 0.00851586 0.000108013 0.00689288 0.0259161 0.00130324 0.0013024 0.000136397 
100 0.27 40300000 243.354 8.33731 -26.4638 0.673045 869.331 43.7348 1.45959e+06 192982 -0.00150173 0.00851586 0.000108013 0.00689288 0.0259161 0.00130324 0.0013024 0.000136397 
100 0.27 40400000 243.354 8.32916 -26.4638 0.682042 869.331 46.3152 1.45959e+06 240822 -0.00150173 0.00851586 0.000108013 0.00689288 0.0259161 0.00130324 0.0013024 0.000136397 
100 0.27 40500000 243.354 8.32486 -26.4638 0.736457 869.331 53.0489 1.45959e+06 272529 -0.00150173 0.00851586 0.000108013 0.00689288 0.0259161 0.00129456 0.0013024 0.000135034 
100 0.27 40600000 243.354 8.30549 -26.4638 0.736457 869.331 53.0489 1.45959e+06 272529 -0.00150173 0.00851586 0.000108013 0.00689288 0.0259161 0.00129456 0.0013024 0.000135034 
100 0.27 40700000 243.354 8.28559 -26.4638 0.736457 869.331 53.0489 1.45959e+06 272529 -0.00150173 0.00851586 0.000108013 0.00689288 0.0259161 0.00129456 0.0013024 0.000135034 
100 0.27 40800000 243.354 8.26626 -26.4638 0.736457 869.331 53.0489 1.45959e+06 272529 -0.00150173 0.00851586 0.000108013 0.00689288 0.0259161 0.00129456 0.0013024 0.000135034 
100 0.27 40900000 243.354 8.25038 -26.4638 0.739546 869.331 54.6088 1.45959e+06 282952 -0.00150173 0.00851586 0.000108013 0.00689288 0.0259161 0.00128924 0.0013024 0.000134126 
100 0.27 41000000 243.354 8.23124 -26.4638 0.739546 869.331 54.6088 1.45959e+06 282952 -0.00150173 0.00851586 0.000108013 0.00689288 0.0259161 0.00128924 0.0013024 0.000134126 
100 0.27 41100000 243.354 8.21155 -26.4638 0.739546 869.331 54.6088 1.45959e+06 282952 -0.00150173 0.00851586 0.000108013 0.00689288 0.0259161 0.00128924 0.0013024 0.000134126 
100 0.27 41200000 243.354 8.19542 -26.4638 0.739546 869.331 54.6088 1.45959e+06 282952 -0.00150173 0.00851586 0.000108013 0.00689288 0.0259161 0.00128924 0.0013024 0.000134126 
100 0.27 41300000 243.354 8.17581 -26.4638 0.732303 869.331 54.6088 1.45959e+06 282952 -0.00150173 0.00851586 0.000108013 0.00689288 0.0259161 0.00127649 0.0013024 0.000132867 
100 0.27 41400000 243.354 8.16909 -26.4638 0.732303 869.331 54.6088 1.45959e+06 282952 -0.00150173 0.00851586 0.000108013 0.00689288 0.0259161 0.00127649 0.0013024 0.000132867 
100 0.27 41500000 243.354 8.14949 -26.4638 0.732303 869.331 54.6088 1.45959e+06 282952 -0.00150173 0.00851586 0.000108013 0.00689288 0.0259161 0.00127649 0.0013024 0.000132867 
100 0.27 41600000 243.354 8.13223 -26.4638 0.732303 869.331 54.6088 1.45959e+06 282952 -0.00150173 0.00851586 0.000108013 0.00689288 0.0259161 0.00127649 0.0013024 0.000132867 
100 0.27 41700000 243.354 8.11347 -26.4638 0.725615 869.331 54.6088 1.45959e+06 282952 -0.00150173 0.00851586 0.000108013 0.00689288 0.0259161 0.00127649 0.0013024 0.000132078 
100 0.27 41800000 243.354 8.11967 -26.4638 0.725615 869.331 54.6088 1.45959e+06 282952 -0.00150173 0.00851586 0.000108013 0.00689288 0.0259161 0.00127649 0.0013024 0.000132078 
100 0.27 41900000 243.354 8.10502 -26.4638 0.725615 869.331 54.6088 1.45959e+06 282952 -0.00150173 0.00851586 0.000108013 0.00689288 0.0259161 0.00127897 0.0013024 0.000132078 
100 0.27 42000000 243.354 8.10601 -26.4638 0.725615 869.331 54.6088 1.45959e+06 282952 -0.00150173 0.00851586 0.000108013 0.00689288 0.0259161 0.00127897 0.0013024 0.000132078 
100 0.27 42100000 243.354 8.08642 -26.4638 0.745777 869.331 54.6088 1.45959e+06 282952 -0.00150173 0.00851586 0.000108013 0.00689288 0.0259161 0.00132814 0.0013024 0.00013659 
100 0.27 42200000 243.354 8.06741 -26.4638 0.745777 869.331 54.6088 1.45959e+06 282952 -0.00150173 0.00851586 0.000108013 0.00689288 0.0259161 0.00132814 0.0013024 0.00013659 
100 0.27 42300000 243.354 8.05736 -26.4638 0.745777 869.331 54.6088 1.45959e+06 282952 -0.00150173 0.00851586 0.000108013 0.00689288 0.0259161 0.00132814 0.0013024 0.00013659 
100 0.27 42400000 243.354 8.03802 -26.4638 0.745777 869.331 54.6088 1.45959e+06 282952 -0.00150173 0.00851586 0.000108013 0.00689288 0.0259161 0.00132814 0.0013024 0.00013659 
100 0.27 42500000 243.106 8.06744 -27.0526 0.757204 919.105 58.9448 1.69998e+06 278089 0.00169059 0.00843795 -0.00272796 0.00689288 0.0264609 0.00131585 0.00133605 0.000135278 
100 0.27 42600000 243.106 8.05394 -27.0526 0.757204 919.105 58.9448 1.69998e+06 278089 0.00169059 0.00843795 -0.00272796 0.00689288 0.0264609 0.00131585 0.00133605 0.000135278 
100 0.27 42700000 243.106 8.04467 -27.0526 0.757204 919.105 58.9448 1.69998e+06 278089 0.00169059 0.00843795 -0.00272796 0.00689288 0.0264609 0.00131585 0.00133605 0.000135278 
100 0.27 42800000 243.106 8.09894 -27.0526 0.757204 919.105 58.9448 1.69998e+06 278089 0.00169059 0.00843795 -0.00272796 0.00689288 0.0264609 0.00131585 0.00133605 0.000135278 
100 0.27 42900000 243.106 8.08409 -27.0526 0.757204 919.105 58.9448 1.69998e+06 278089 0.00169059 0.00843795 -0.00272796 0.00689288 0.0264609 0.00130379 0.00133605 0.000133996 
100 0.27 43000000 243.106 8.08272 -27.0526 0.757204 919.105 58.9448 1.69998e+06 278089 0.00169059 0.00843795 -0.00272796 0.00689288 0.0264609 0.00130379 0.00133605 0.000133996 
100 0.27 43100000 243.106 8.06429 -27.0526 0.757204 919.105 58.9448 1.69998e+06 278089 0.00169059 0.00843795 -0.00272796 0.00689288 0.0264609 0.00130379 0.00133605 0.000133996 
100 0.27 43200000 243.106 8.04595 -27.0526 0.757204 919.105 58.9448 1.69998e+06 278089 0.00169059 0.00843795 -0.00272796 0.00689288 0.0264609 0.00130379 0.00133605 0.000133996 
100 0.27 43300000 243.106 8.02811 -27.0526 0.757204 919.105 58.9448 1.69998e+06 278089 0.00169059 0.00843795 -0.00272796 0.00689288 0.0264609 0.00129153 0.00133605 0.000132732 
100 0.27 43400000 243.106 8.0115 -27.0526 0.757204 919.105 58.9448 1.69998e+06 278089 0.00169059 0.00843795 -0.00272796 0.00689288 0.0264609 0.00129153 0.00133605 0.000132732 
100 0.27 43500000 243.106 7.99323 -27.0526 0.757204 919.105 58.9448 1.69998e+06 278089 0.00169059 0.00843795 -0.00272796 0.00689288 0.0264609 0.00129153 0.00133605 0.000132732 
100 0.27 43600000 243.106 7.97452 -27.0526 0.757204 919.105 58.9448 1.69998e+06 278089 0.00169059 0.00843795 -0.00272796 0.00689288 0.0264609 0.00129153 0.00133605 0.000132732 
100 0.27 43700000 243.106 7.96454 -27.0526 0.757204 919.105 58.9448 1.69998e+06 278089 0.00169059 0.00843795 -0.00272796 0.00689288 0.0264609 0.00128484 0.00133605 0.000131842 
100 0.27 43800000 243.106 7.94732 -27.0526 0.757204 919.105 58.9448 1.69998e+06 278089 0.00169059 0.00843795 -0.00272796 0.00689288 0.0264609 0.00128484 0.00133605 0.000131842 
100 0.27 43900000 243.106 7.94333 -27.0526 0.757204 919.105 58.9448 1.69998e+06 278089 0.00169059 0.00843795 -0.00272796 0.00689288 0.0264609 0.00128484 0.00133605 0.000131842 
100 0.27 44000000 243.106 7.93612 -27.0526 0.757204 919.105 58.9448 1.69998e+06 278089 0.00169059 0.00843795 -0.00272796 0.00689288 0.0264609 0.00128484 0.00133605 0.000131842 
100 0.27 44100000 243.106 7.92433 -27.0526 0.757204 919.105 58.9448 1.69998e+06 278089 0.00169059 0.00843795 -0.00272796 0.00689288 0.0264609 0.00128038 0.00133605 0.000130887 
100 0.27 44200000 243.106 7.92132 -27.0526 0.757204 919.105 58.9448 1.69998e+06 278089 0.00169059 0.00843795 -0.00272796 0.00689288 0.0264609 0.00128038 0.00133605 0.000130887 
100 0.27 44300000 243.106 7.90339 -27.0526 0.757204 919.105 58.9448 1.69998e+06 278089 0.00169059 0.00843795 -0.00272796 0.00689288 0.0264609 0.00128038 0.00133605 0.000130887 
100 0.27 44400000 243.106 7.90005 -27.0526 0.757204 919.105 58.9448 1.69998e+06 278089 0.00169059 0.00843795 -0.00272796 0.00689288 0.0264609 0.00128038 0.00133605 0.000130887 
100 0.27 44500000 243.106 7.88216 -27.0526 0.757204 919.105 58.9448 1.69998e+06 278089 0.00169059 0.00843795 -0.00272796 0.00689288 0.0264609 0.00126873 0.00133605 0.000129749 
100 0.27 44600000 243.106 7.86975 -27.0526 0.757204 919.105 58.9448 1.69998e+06 278089 0.00169059 0.00843795 -0.00272796 0.00689288 0.0264609 0.00126873 0.00133605 0.000129749 
100 0.27 44700000 243.106 7.86249 -27.0526 0.757204 919.105 58.9448 1.69998e+06 278089 0.00169059 0.00843795 -0.00272796 0.00689288 0.0264609 0.00126873 0.00133605 0.000129749 
100 0.27 44800000 243.106 7.84772 -27.0526 0.757204 919.105 58.9448 1.69998e+06 278089 0.00169059 0.00843795 -0.00272796 0.00689288 0.0264609 0.00126873 0.00133605 0.000129749 
100 0.27 44900000 243.106 7.83135 -27.0526 0.757204 919.105 58.9448 1.69998e+06 278089 0.00169059 0.00843795 -0.00272796 0.00689288 0.0264609 0.00126031 0.00133605 0.000128765 
100 0.27 45000000 243.106 7.81885 -27.0526 0.757204 919.105 58.9448 1.69998e+06 278089 0.00169059 0.00843795 -0.00272796 0.00689288 0.0264609 0.00126031 0.00133605 0.000128765 
100 0.27 45100000 243.106 7.80275 -27.0526 0.757204 919.105 58.9448 1.69998e+06 278089 0.00169059 0.00843795 -0.00272796 0.00689288 0.0264609 0.00126735 0.00133605 0.000128765 
100 0.27 45200000 243.106 7.7857 -27.0526 0.757204 919.105 58.9448 1.69998e+06 278089 0.00169059 0.00843795 -0.00272796 0.00689288 0.0264609 0.00126735 0.00133605 0.000128765 
100 0.27 45300000 243.106 7.78085 -27.0526 0.757204 919.105 58.9448 1.69998e+06 278089 0.00169059 0.00843795 -0.00272796 0.00689288 0.0264609 0.00128104 0.00133605 0.000131455 
100 0.27 45400000 243.106 7.76571 -27.0526 0.757204 919.105 58.9448 1.69998e+06 278089 0.00169059 0.00843795 -0.00272796 0.00689288 0.0264609 0.00128104 0.00133605 0.000131455 
100 0.27 45500000 243.106 7.74885 -27.0526 0.757204 919.105 58.9448 1.69998e+06 278089 0.00169059 0.00843795 -0.00272796 0.00689288 0.0264609 0.00128104 0.00133605 0.000131455 
100 0.27 45600000 243.106 7.74562 -27.0526 0.757204 919.105 58.9448 1.69998e+06 278089 0.00169059 0.00843795 -0.00272796 0.00689288 0.0264609 0.00128104 0.00133605 0.000131455 
100 0.27 45700000 237.504 7.95967 -26.8649 0.72601 902.73 56.9635 1.62991e+06 266906 -0.000732091 0.00817564 -0.000634559 0.00594805 0.026722 0.00131249 0.00136396 0.000130642 
100 0.27 45800000 237.504 7.95967 -26.8649 0.72601 902.73 56.9635 1.62991e+06 266906 -0.000732091 0.00817564 -0.000634559 0.00594805 0.026722 0.00131249 0.00136396 0.000130642 
100 0.27 45900000 237.504 7.95967 -26.8649 0.72601 902.73 56.9635 1.62991e+06 266906 -0.000732091 0.00817564 -0.000634559 0.00594805 0.026722 0.00131249 0.00136396 0.000130642 
100 0.27 46000000 237.504 7.95967 -26.8649 0.72601 902.73 56.9635 1.62991e+06 266906 -0.000732091 0.00817564 -0.000634559 0.00594805 0.026722 0.00131249 0.00136396 0.000130642 
100 0.27 46100000 237.504 7.95967 -26.8649 0.72601 902.73 56.9635 1.62991e+06 266906 -0.000732091 0.00817564 -0.000634559 0.00594805 0.026722 0.00131249 0.00136396 0.00012969 
100 0.27 46200000 237.504 7.95967 -26.8649 0.72601 902.73 56.9635 1.62991e+06 266906 -0.000732091 0.00817564 -0.000634559 0.00594805 0.026722 0.00131249 0.00136396 0.00012969 
100 0.27 46300000 237.504 7.95967 -26.8649 0.72601 902.73 56.9635 1.62991e+06 266906 -0.000732091 0.00817564 -0.000634559 0.00594805 0.026722 0.00131249 0.00136396 0.00012969 
100 0.27 46400000 237.504 7.95967 -26.8649 0.72601 902.73 56.9635 1.62991e+06 266906 -0.000732091 0.00817564 -0.000634559 0.00594805 0.026722 0.00131249 0.00136396 0.00012969 
100 0.27 46500000 237.504 7.95967 -26.8649 0.72601 902.73 56.9635 1.62991e+06 266906 -0.000732091 0.00817564 -0.000634559 0.00594805 0.026722 0.00131249 0.00136396 0.000128571 
100 0.27 46600000 237.504 7.95967 -26.8649 0.72601 902.73 56.9635 1.62991e+06 266906 -0.000732091 0.00817564 -0.000634559 0.00594805 0.026722 0.00131249 0.00136396 0.000128571 
100 0.27 46700000 237.504 7.95967 -26.8649 0.72601 902.73 56.9635 1.62991e+06 266906 -0.000732091 0.00817564 -0.000634559 0.00594805 0.026722 0.00131249 0.00136396 0.000128571 
100 0.27 46800000 237.504 7.95967 -26.8649 0.72601 902.73 56.9635 1.62991e+06 266906 -0.000732091 0.00817564 -0.000634559 0.00594805 0.026722 0.00131249 0.00136396 0.000128571 
100 0.27 46900000 237.504 7.95967 -26.8649 0.72601 902.73 56.9635 1.62991e+06 266906 -0.000732091 0.00817564 -0.000634559 0.00594805 0.026722 0.00131249 0.00136396 0.000127462 
100 0.27 47000000 237.504 7.95967 -26.8649 0.72601 902.73 56.9635 1.62991e+06 266906 -0.000732091 0.00817564 -0.000634559 0.00594805 0.026722 0.00131249 0.00136396 0.000127462 
100 0.27 47100000 237.504 7.95967 -26.8649 0.72601 902.73 56.9635 1.62991e+06 266906 -0.000732091 0.00817564 -0.000634559 0.00594805 0.026722 0.00131249 0.00136396 0.000127462 
100 0.27 47200000 237.504 7.95967 -26.8649 0.72601 902.73 56.9635 1.62991e+06 266906 -0.000732091 0.00817564 -0.000634559 0.00594805 0.026722 0.00131249 0.00136396 0.000127462 
100 0.27 47300000 237.504 7.95967 -26.8649 0.72601 902.73 56.9635 1.62991e+06 266906 -0.000732091 0.00817564 -0.000634559 0.00594805 0.026722 0.00131249 0.00136396 0.00012663 
100 0.27 47400000 237.504 7.95967 -26.8649 0.72601 902.73 56.9635 1.62991e+06 266906 -0.000732091 0.00817564 -0.000634559 0.00594805 0.026722 0.00131249 0.00136396 0.00012663 
100 0.27 47500000 237.504 7.95967 -26.8649 0.72601 902.73 56.9635 1.62991e+06 266906 -0.000732091 0.00817564 -0.000634559 0.00594805 0.026722 0.00131249 0.00136396 0.00012663 
100 0.27 47600000 237.504 7.95967 -26.8649 0.72601 902.73 56.9635 1.62991e+06 266906 -0.000732091 0.00817564 -0.000634559 0.00594805 0.026722 0.00131249 0.00136396 0.00012663 
100 0.27 47700000 237.504 7.95967 -26.8649 0.72601 902.73 56.9635 1.62991e+06 266906 -0.000732091 0.00817564 -0.000634559 0.00594805 0.026722 0.00131249 0.00136396 0.000125558 
100 0.27 47800000 237.504 7.95967 -26.8649 0.72601 902.73 56.9635 1.62991e+06 266906 -0.000732091 0.00817564 -0.000634559 0.00594805 0.026722 0.00131249 0.00136396 0.000125558 
