L J MC_steps R2 R2_std E E_std E2 E2_std E4 E4_std Sin1 Sin1_std Cos1 Cos1_std Mag2 Mag2_std Mag4 Mag4_std
200 0.21 4000000 339 0 -54.5384 4.14023e-07 2974.44 2.94712e-05 8.84727e+06 0.0566434 0.128113 9.07092e-10 0.0630197 0 0.0203844 0 0.000415522 3.17264e-12 
200 0.21 4400000 402 44.5477 -40.0509 10.2442 1813.96 820.578 4.63716e+06 2.977e+06 0.0151794 0.079856 0.00237526 0.0428821 0.0166677 0.00262804 0.000291627 8.76072e-05 
200 0.21 4800000 513.667 95.8904 -27.8742 12.0619 1213.44 734.632 3.09149e+06 2.35194e+06 0.00675056 0.0536803 -0.000811827 0.0287062 0.0111631 0.00482394 0.000194426 9.85384e-05 
200 0.21 5200000 478 78.2704 -34.7831 10.8461 1680.41 683.462 4.69227e+06 2.24353e+06 0.019714 0.0417962 -0.0069047 0.0221669 0.00938948 0.00393051 0.000149958 8.33356e-05 
200 0.21 5600000 426.2 77.8935 -36.2899 8.78091 1702.48 547.126 4.39517e+06 1.81439e+06 0.0181293 0.033467 -0.00635832 0.0177402 0.00754287 0.0035518 0.000119971 7.18613e-05 
200 0.21 6000000 518 106.001 -31.093 8.72072 1423.08 522.429 3.66275e+06 1.65322e+06 0.0123526 0.0283833 -0.0149984 0.0167559 0.00689579 0.0030182 0.000102209 6.20408e-05 
200 0.21 6400000 567 101.554 -34.6562 8.17047 1668.35 502.079 4.54797e+06 1.63697e+06 0.00562556 0.0251131 -0.00691372 0.0161956 0.00633021 0.00263949 8.88398e-05 5.45993e-05 
200 0.21 6800000 699.75 152.695 -32.8205 7.35248 1509.66 463.719 3.99935e+06 1.52151e+06 0.00609263 0.0219783 -0.00697793 0.0141713 0.00555679 0.00242021 7.77374e-05 4.88901e-05 
200 0.21 7200000 648.778 143.985 -32.7328 6.53606 1455.92 415.297 3.67194e+06 1.38723e+06 0.00105878 0.0201045 -0.00476107 0.0127689 0.00512891 0.0021888 6.94233e-05 4.41592e-05 
200 0.21 7600000 629.6 143.662 -34.0176 6.00741 1518.09 378.392 3.73639e+06 1.25e+06 0.00336952 0.0182263 0.00432485 0.0143654 0.00541571 0.00257037 6.8876e-05 5.00307e-05 
200 0.21 8000000 580.455 143.662 -33.1831 5.51893 1436.16 352.75 3.43132e+06 1.173e+06 -0.00592798 0.0187918 3.09152e-06 0.0136942 0.0059824 0.00257037 7.49514e-05 5.00307e-05 
200 0.21 8400000 559.667 135.676 -32.7323 5.0774 1380.77 327.675 3.19496e+06 1.09881e+06 0.00234687 0.0189603 -0.00459899 0.0133038 0.00646449 0.00234621 8.02449e-05 4.29646e-05 
200 0.21 8800000 562.231 135.676 -34.6929 5.05119 1535.29 336.939 3.83298e+06 1.18512e+06 0.0010214 0.0175481 -0.000242619 0.0132091 0.00619253 0.00234621 7.47322e-05 4.29646e-05 
200 0.21 9200000 538.714 117.901 -37.4916 5.41044 1815.44 429.181 5.68658e+06 2.38466e+06 0.00918963 0.0180962 0.00577832 0.0148491 0.00720565 0.00212488 9.90507e-05 4.07351e-05 
200 0.21 9600000 518.067 117.901 -37.634 5.05162 1799.1 429.181 5.47188e+06 2.38466e+06 0.0112825 0.0170103 0.00751898 0.0148491 0.00690286 0.00212488 9.29204e-05 4.07351e-05 
200 0.21 10000000 524 104.077 -37.0731 4.76694 1737.99 382.458 5.17205e+06 2.14137e+06 0.0133623 0.0160738 0.00482494 0.0130235 0.00667468 0.00192447 8.77738e-05 3.71714e-05 
200 0.21 10400000 525.941 104.077 -37.7332 4.53201 1772.96 382.458 5.18784e+06 2.14137e+06 0.00310463 0.0181079 0.00462661 0.0130235 0.0078073 0.00192447 0.000122159 4.60914e-05 
200 0.21 10800000 512.556 93.1402 -38.4822 4.34167 1820.18 348.681 5.28181e+06 1.90625e+06 -0.0023962 0.017918 -0.00409929 0.0143111 0.00917559 0.00291305 0.000173824 8.75992e-05 
200 0.21 11200000 519.526 93.1402 -38.21 4.12169 1782.78 348.681 5.06862e+06 1.90625e+06 -0.00818387 0.0178853 -0.00850275 0.0143111 0.00976255 0.00291305 0.000186424 8.75992e-05 
200 0.21 11600000 504.6 97.7504 -37.71 3.94581 1733.43 324.424 4.84686e+06 1.76455e+06 -0.0102889 0.0228902 -0.00226555 0.0143307 0.0100765 0.00326371 0.000189968 9.38131e-05 
200 0.21 12000000 504.6 97.7504 -37.71 3.87231 1733.43 324.424 4.84686e+06 1.76455e+06 -0.0102889 0.0228902 -0.00226555 0.0136619 0.0100765 0.00326371 0.000189968 9.38131e-05 
200 0.21 12400000 482.636 97.7504 -39.9505 4.0259 1931.2 350.055 5.82437e+06 1.85524e+06 -0.0112669 0.0228902 -0.00125253 0.0131385 0.0105589 0.00326371 0.000196135 9.38131e-05 
200 0.21 12800000 482.636 97.7504 -39.9505 4.0259 1931.2 350.055 5.82437e+06 1.85524e+06 -0.0112669 0.0228902 -0.00125253 0.013193 0.0105589 0.00326371 0.000196135 9.38131e-05 
200 0.21 13200000 553.667 99.5623 -39.2597 3.7492 1858.63 328.32 5.45206e+06 1.73759e+06 -0.00633247 0.0194141 0.00491392 0.0128033 0.0103903 0.0027348 0.00018591 7.82653e-05 
200 0.21 13600000 553.667 99.5623 -39.2597 3.7492 1858.63 328.32 5.45206e+06 1.73759e+06 -0.00633247 0.0194141 0.00491392 0.0123977 0.0103903 0.0027348 0.00018591 7.82653e-05 
200 0.21 14000000 548.692 92.9613 -39.5725 3.47383 1860.08 303.068 5.30404e+06 1.61022e+06 -0.00122445 0.0194141 0.00777161 0.011979 0.01001 0.0027348 0.000173911 7.82653e-05 
200 0.21 14400000 548.692 92.9613 -39.5725 3.47383 1860.08 303.068 5.30404e+06 1.61022e+06 -0.00122445 0.0194141 0.00777161 0.0117571 0.01001 0.0027348 0.000173911 7.82653e-05 
200 0.21 14800000 535.143 86.4462 -38.5238 3.38028 1772.6 293.774 4.95682e+06 1.53219e+06 -0.000319156 0.0175472 0.0055067 0.0113373 0.00943606 0.00250506 0.000161848 7.06865e-05 
200 0.21 15200000 535.143 86.4462 -38.5238 3.38028 1772.6 293.774 4.95682e+06 1.53219e+06 -0.000319156 0.0175472 0.0055067 0.011119 0.00943606 0.00250506 0.000161848 7.06865e-05 
200 0.21 15600000 537.4 81.5058 -38.213 3.16919 1756.81 274.613 4.90259e+06 1.431e+06 0.00101429 0.0175472 0.00674948 0.0106545 0.00890385 0.00250506 0.00015132 7.06865e-05 
200 0.21 16000000 537.4 81.5058 -38.213 3.16919 1756.81 274.613 4.90259e+06 1.431e+06 0.00101429 0.0175472 0.00674948 0.0104469 0.00890385 0.00250506 0.00015132 7.06865e-05 
200 0.21 16400000 516.25 78.3901 -37.6834 3.01504 1709.06 261.569 4.68172e+06 1.3585e+06 0.00351972 0.0157681 0.00659052 0.010043 0.00865692 0.00230992 0.000144641 6.39108e-05 
200 0.21 16800000 516.25 78.3901 -37.6834 3.01504 1709.06 261.569 4.68172e+06 1.3585e+06 0.00351972 0.0157681 0.00659052 0.00996251 0.00865692 0.00230992 0.000144641 6.39108e-05 
200 0.21 17200000 517 73.7825 -37.5945 2.95648 1710.53 246.186 4.71429e+06 1.27898e+06 0.00306363 0.0157681 0.00807596 0.0096905 0.00871029 0.00230992 0.000141796 6.39108e-05 
200 0.21 17600000 517 73.7825 -37.5945 2.87353 1710.53 246.186 4.71429e+06 1.27898e+06 0.00306363 0.0157681 0.00807596 0.00944114 0.00871029 0.00230992 0.000141796 6.39108e-05 
200 0.21 18000000 504.556 70.7252 -37.7624 2.79463 1707.16 232.532 4.60363e+06 1.2127e+06 -0.00139243 0.0147614 0.00768972 0.00924471 0.00870051 0.00205367 0.000139931 5.69829e-05 
200 0.21 18400000 504.556 70.7252 -37.7624 2.7191 1707.16 232.532 4.60363e+06 1.2127e+06 -0.00139243 0.0147614 0.00768972 0.00916211 0.00870051 0.00205367 0.000139931 5.69829e-05 
200 0.21 18800000 499.526 67.1814 -37.5608 2.65509 1678.69 222.029 4.43656e+06 1.16033e+06 0.00192524 0.0147614 0.00687185 0.00896999 0.00868803 0.00205367 0.000138531 5.69829e-05 
200 0.21 19200000 499.526 67.1814 -37.5608 2.58795 1678.69 222.029 4.43656e+06 1.16033e+06 0.00192524 0.0147614 0.00687185 0.00876678 0.00868803 0.00205367 0.000138531 5.69829e-05 
200 0.21 19600000 506.3 64.1629 -37.4328 2.52389 1656.01 212.083 4.28978e+06 1.11156e+06 0.00207679 0.0136869 0.00787407 0.00871013 0.00840483 0.00221502 0.000132403 5.7068e-05 
200 0.21 20000000 506.3 64.1629 -37.4328 2.49267 1656.01 212.083 4.28978e+06 1.11156e+06 0.00207679 0.0136869 0.00787407 0.00849824 0.00840483 0.00221502 0.000132403 5.7068e-05 
200 0.21 20400000 506.3 61.7575 -37.4328 2.43337 1656.01 203.404 4.28978e+06 1.05947e+06 0.00207679 0.0136869 0.00787407 0.00830969 0.00840483 0.00221502 0.000132403 5.7068e-05 
200 0.21 20800000 506.3 61.7575 -37.4328 2.37888 1656.01 203.404 4.28978e+06 1.05947e+06 0.00207679 0.0136869 0.00787407 0.0082601 0.00840483 0.00221502 0.000132403 5.7068e-05 
200 0.21 21200000 499 58.9782 -37.7603 2.33172 1665.07 194.75 4.22645e+06 1.01666e+06 0.000516786 0.0125312 0.00548965 0.00819264 0.00802534 0.00221502 0.000123846 5.7068e-05 
200 0.21 21600000 499 58.9782 -37.7603 2.43855 1665.07 201.141 4.22645e+06 1.09147e+06 0.000516786 0.0125312 0.00548965 0.00818306 0.00802534 0.00221502 0.000123846 5.7068e-05 
200 0.21 22000000 499 58.5959 -37.7603 2.43052 1665.07 199.297 4.22645e+06 1.12958e+06 0.000516786 0.0125312 0.00548965 0.00834434 0.00802534 0.00221502 0.000123846 5.7068e-05 
200 0.21 22400000 499 58.5959 -37.7603 2.37896 1665.07 196.277 4.22645e+06 1.12958e+06 0.000516786 0.0125312 0.00548965 0.00829576 0.00802534 0.00221502 0.000123846 5.7068e-05 
200 0.21 22800000 487.333 55.5802 -37.976 2.33488 1703.86 191.848 4.66981e+06 1.09169e+06 0.00216682 0.0115951 0.00724391 0.0081797 0.00801791 0.00187934 0.000119156 4.907e-05 
200 0.21 23200000 487.333 55.5802 -37.976 2.29555 1703.86 189.613 4.66981e+06 1.09169e+06 0.00216682 0.0115951 0.00724391 0.00803004 0.00801791 0.00187934 0.000119156 4.907e-05 
200 0.21 23600000 487.333 53.47 -37.976 2.27942 1703.86 186.897 4.66981e+06 1.05496e+06 0.00216682 0.0115951 0.00724391 0.0086617 0.00801791 0.00187934 0.000119156 4.907e-05 
200 0.21 24000000 487.333 53.47 -37.976 2.25424 1703.86 186.536 4.66981e+06 1.05496e+06 0.00216682 0.0115951 0.00724391 0.00849718 0.00801791 0.00187934 0.000119156 4.907e-05 
200 0.21 24400000 496.385 51.8087 -37.8306 2.24875 1694.11 186.295 4.61595e+06 1.02916e+06 0.000697274 0.0107959 0.00221733 0.00848292 0.00843672 0.00187934 0.00013944 4.907e-05 
200 0.21 24800000 496.385 51.8087 -37.8306 2.21324 1694.11 186.295 4.61595e+06 1.02916e+06 0.000697274 0.0107959 0.00221733 0.00833706 0.00843672 0.00187934 0.00013944 4.907e-05 
200 0.21 25200000 496.385 51.8087 -37.8306 2.17667 1694.11 181.947 4.61595e+06 1.00101e+06 0.000697274 0.0107959 0.00221733 0.00818498 0.00843672 0.00187934 0.00013944 4.907e-05 
200 0.21 25600000 496.385 51.8087 -37.8306 2.13737 1694.11 181.947 4.61595e+06 1.00101e+06 0.000697274 0.0107959 0.00221733 0.00804816 0.00843672 0.00187934 0.00013944 4.907e-05 
200 0.21 26000000 503.036 48.2843 -37.4521 2.09938 1649.48 175.963 4.37116e+06 970364 -0.00281386 0.0105803 0.00327336 0.00790479 0.00815586 0.00161592 0.000131535 4.35935e-05 
200 0.21 26400000 503.036 48.2843 -37.4521 2.06259 1649.48 175.963 4.37116e+06 970364 -0.00281386 0.0105803 0.00327336 0.00787594 0.00815586 0.00161592 0.000131535 4.35935e-05 
200 0.21 26800000 503.036 47.389 -37.4521 2.02729 1649.48 169.964 4.37116e+06 939595 -0.00281386 0.0105803 0.00327336 0.00784997 0.00815586 0.00161592 0.000131535 4.35935e-05 
200 0.21 27200000 503.036 47.389 -37.4521 1.99317 1649.48 169.964 4.37116e+06 939595 -0.00281386 0.0105803 0.00327336 0.00806112 0.00815586 0.00161592 0.000131535 4.35935e-05 
200 0.21 27600000 509.7 48.2223 -37.4267 1.96038 1631.35 164.812 4.20745e+06 912708 -0.00714291 0.0107241 -0.000109293 0.00808596 0.00869429 0.00161592 0.000143848 4.35935e-05 
200 0.21 28000000 509.7 48.2223 -37.4267 1.96404 1631.35 164.812 4.20745e+06 912708 -0.00714291 0.0107241 -0.000109293 0.00796946 0.00869429 0.00161592 0.000143848 4.35935e-05 
200 0.21 28400000 509.7 47.2806 -37.4267 1.95617 1631.35 159.502 4.20745e+06 883590 -0.00714291 0.0107241 -0.000109293 0.00784092 0.00869429 0.00161592 0.000143848 4.35935e-05 
200 0.21 28800000 509.7 47.2806 -37.4267 1.92817 1631.35 159.502 4.20745e+06 883590 -0.00714291 0.0107241 -0.000109293 0.00773922 0.00869429 0.00161592 0.000143848 4.35935e-05 
200 0.21 29200000 506.969 46.9438 -37.4289 1.89841 1631.58 154.522 4.18308e+06 857319 -0.00883001 0.0102381 -0.00188521 0.00764638 0.00839436 0.00143142 0.00013731 3.93662e-05 
200 0.21 29600000 506.969 46.9438 -37.4289 1.8858 1631.58 154.522 4.18308e+06 857319 -0.00883001 0.0102381 -0.00188521 0.00754176 0.00839436 0.00143142 0.00013731 3.93662e-05 
200 0.21 30000000 506.969 46.9856 -37.4289 1.90958 1631.58 156.48 4.18308e+06 849274 -0.00883001 0.0102381 -0.00188521 0.00745625 0.00839436 0.00143142 0.00013731 3.93662e-05 
200 0.21 30400000 506.969 46.9856 -37.4289 1.88111 1631.58 154.206 4.18308e+06 849274 -0.00883001 0.0102381 -0.00188521 0.00735011 0.00839436 0.00143142 0.00013731 3.93662e-05 
200 0.21 30800000 512.176 46.0665 -37.5288 1.85537 1642.5 152.224 4.27351e+06 828626 -0.00632473 0.0102381 -0.00272738 0.00724204 0.00809531 0.00143142 0.000130669 3.85249e-05 
200 0.21 31200000 512.176 46.0665 -37.5288 1.91147 1642.5 161.58 4.27351e+06 892232 -0.00632473 0.0102381 -0.00272738 0.00715585 0.00809531 0.00143142 0.000130669 3.85249e-05 
200 0.21 31600000 512.176 44.7903 -37.5288 1.8843 1642.5 159.358 4.27351e+06 890434 -0.00632473 0.0102381 -0.00272738 0.00708797 0.00809531 0.00143142 0.000130669 3.85249e-05 
200 0.21 32000000 512.176 44.7903 -37.5288 1.90383 1642.5 162.277 4.27351e+06 898256 -0.00632473 0.0102381 -0.00272738 0.0072675 0.00809531 0.00143142 0.000130669 3.85249e-05 
200 0.21 32400000 508.222 43.5923 -38.451 1.87772 1732.34 160.143 4.84748e+06 886899 -0.00552638 0.00961882 -0.00638808 0.00731388 0.00835263 0.00128394 0.000135706 3.5853e-05 
200 0.21 32800000 508.222 43.5923 -38.451 1.85205 1732.34 157.967 4.84748e+06 885268 -0.00552638 0.00961882 -0.00638808 0.00733604 0.00835263 0.00128394 0.000135706 3.5853e-05 
200 0.21 33200000 508.222 42.4147 -38.451 1.83188 1732.34 156.048 4.84748e+06 863583 -0.00552638 0.00961882 -0.00638808 0.0072381 0.00835263 0.00128394 0.000135706 3.5853e-05 
200 0.21 33600000 508.222 42.4147 -38.451 1.81048 1732.34 154.07 4.84748e+06 861666 -0.00552638 0.00961882 -0.00638808 0.00715109 0.00835263 0.00128394 0.000135706 3.5853e-05 
200 0.21 34000000 503.026 41.5891 -38.42 1.80894 1724.79 153.225 4.7592e+06 843136 -0.00696511 0.00961882 -0.00456615 0.00705704 0.00832034 0.00127298 0.000135184 3.42777e-05 
200 0.21 34400000 503.026 41.5891 -38.42 1.78654 1724.79 151.246 4.7592e+06 841387 -0.00696511 0.00961882 -0.00456615 0.00730361 0.00832034 0.00127298 0.000135184 3.42777e-05 
200 0.21 34800000 503.026 41.458 -38.42 1.77234 1724.79 149.983 4.7592e+06 825945 -0.00696511 0.00961882 -0.00456615 0.00721035 0.00832034 0.00127298 0.000135184 3.44875e-05 
200 0.21 35200000 503.026 41.458 -38.42 1.75215 1724.79 148.373 4.7592e+06 825945 -0.00696511 0.00961882 -0.00456615 0.00714433 0.00832034 0.00127298 0.000135184 3.44875e-05 
