L J MC_steps R2 R2_std E E_std E2 E2_std E4 E4_std Sin1 Sin1_std Cos1 Cos1_std Mag2 Mag2_std Mag4 Mag4_std
5 0.25 250000 7.07366 0.143335 -0.690637 0.0579999 3.28906 0.17214 35.4408 3.88388 -0.0113097 0.0129018 0.0108048 0.0141464 0.270732 0.00720396 0.120088 0.00564786 
5 0.25 500000 6.97768 0.0937955 -0.684292 0.0393699 3.23777 0.132623 34.6283 3.059 -0.00520658 0.00880615 0.0167482 0.00868671 0.270782 0.00524074 0.120762 0.00477144 
5 0.25 750000 6.9794 0.0669412 -0.649333 0.0355663 3.06881 0.161599 31.5094 3.39244 0.00190807 0.00689659 0.00733475 0.0069087 0.266122 0.00613229 0.116524 0.00528334 
5 0.25 1000000 7.00729 0.0591891 -0.632699 0.030165 3.11657 0.11687 31.8832 2.45682 -0.000948675 0.00614766 0.0115162 0.00578249 0.265865 0.00440333 0.116659 0.00379713 
5 0.25 1250000 7.02508 0.0523966 -0.652659 0.025812 3.17116 0.103476 33.2124 2.16217 0.00314328 0.00550572 0.0112136 0.00514933 0.269549 0.00417975 0.119153 0.00341376 
5 0.25 1500000 7.03835 0.0475356 -0.65614 0.0219923 3.1801 0.0872769 33.3032 1.79056 0.00441091 0.00493441 0.00971425 0.00480182 0.269203 0.00360977 0.119215 0.0027982 
5 0.25 1750000 7.03876 0.0437245 -0.649203 0.0212387 3.15228 0.0759517 32.5132 1.63079 0.00400721 0.00452815 0.0067007 0.00454496 0.267675 0.00348332 0.117927 0.00258643 
5 0.25 2000000 7.05208 0.0397668 -0.652677 0.0191963 3.16265 0.0663244 32.7565 1.42475 0.00210169 0.00425187 0.00227259 0.00497192 0.268039 0.00299229 0.118347 0.00231387 
5 0.25 2250000 7.01746 0.0380228 -0.658794 0.0193324 3.17169 0.0591637 33.2286 1.34644 -0.000926438 0.00408917 -0.000421755 0.00489646 0.267577 0.00271224 0.118324 0.00206688 
5 0.25 2500000 7.01234 0.036005 -0.65858 0.0175518 3.15777 0.0586687 32.9814 1.28125 -0.00190442 0.0039475 -0.00167673 0.00495799 0.267172 0.00245548 0.117889 0.00196996 
5 0.25 2750000 7.02129 0.0353894 -0.655049 0.0167889 3.14441 0.0585333 32.6531 1.22719 -0.00288035 0.00451558 -0.00202742 0.00593222 0.266373 0.00260903 0.117316 0.00194594 
5 0.25 3000000 7.01491 0.0333056 -0.661193 0.0163482 3.1559 0.0543279 32.8169 1.12651 -0.00102721 0.00451558 -0.00132198 0.00593222 0.267124 0.00247758 0.117699 0.00180626 
5 0.25 3250000 7.01693 0.0315576 -0.657653 0.0153643 3.15055 0.0500631 32.7964 1.05716 -0.000449521 0.00436854 -0.000255956 0.00520129 0.266647 0.00231648 0.117437 0.00167466 
5 0.25 3500000 7.01578 0.029977 -0.656907 0.0142139 3.17115 0.0502739 33.2809 1.06093 -0.000743794 0.00436854 -0.000588906 0.00520129 0.266351 0.00215715 0.117613 0.00155509 
5 0.25 3750000 7.01479 0.0291084 -0.65493 0.0136466 3.15612 0.0488794 32.8698 1.06183 0.000258066 0.00380134 -0.000647226 0.00447294 0.266192 0.00200894 0.11727 0.00149487 
5 0.25 4000000 7.01406 0.0281464 -0.650517 0.0132283 3.14778 0.0463269 32.7222 1.00124 7.2318e-06 0.00380134 -0.000632079 0.00447294 0.265814 0.00191018 0.116922 0.00142274 
5 0.25 4250000 7.00977 0.0272782 -0.64851 0.0128349 3.1516 0.0435893 32.8147 0.942919 -0.00117471 0.00358603 -0.000445431 0.00391837 0.265861 0.00179138 0.117108 0.00135072 
5 0.25 4500000 7.01563 0.0264943 -0.645732 0.012523 3.15052 0.0410387 32.7739 0.888337 -0.00070986 0.00358603 4.58264e-07 0.00391837 0.265405 0.00174323 0.116846 0.00131274 
5 0.25 4750000 7.01128 0.026067 -0.648563 0.0121864 3.16054 0.0399644 32.9557 0.857389 0.000366874 0.0035033 -0.000688367 0.00349052 0.265639 0.00168595 0.117074 0.00126977 
5 0.25 5000000 7.02128 0.0252883 -0.643324 0.0122061 3.15527 0.0382066 32.7914 0.82786 0.000313149 0.0035033 -0.000597556 0.00349052 0.265327 0.00161844 0.116833 0.00121555 
5 0.25 5250000 7.01572 0.0247099 -0.645451 0.011811 3.16428 0.0373432 32.9874 0.809327 -0.000504326 0.0032595 -0.000283306 0.00316489 0.265718 0.00157035 0.117088 0.00118819 
5 0.25 5500000 7.01572 0.0239426 -0.645451 0.0120276 3.16428 0.0392119 32.9874 0.89229 -0.000504326 0.0032595 -0.000283306 0.00316489 0.265718 0.00162036 0.117088 0.00123972 
5 0.25 5750000 7.01935 0.0233939 -0.651708 0.0116168 3.18188 0.0374355 33.4356 0.851817 -0.000675027 0.00296765 -0.000139936 0.00288041 0.266394 0.00154715 0.117613 0.00118407 
5 0.25 6000000 7.01935 0.0232606 -0.651708 0.0111482 3.18188 0.0358394 33.4356 0.816536 -0.000675027 0.00296765 -0.000139936 0.00288041 0.266394 0.0014806 0.117613 0.00113533 
5 0.25 6250000 7.02303 0.0228754 -0.65005 0.0112771 3.18072 0.0343481 33.3524 0.783013 0.000452797 0.00292682 -0.000664726 0.00268776 0.266247 0.00146042 0.11767 0.00112865 
5 0.25 6500000 7.02303 0.0224026 -0.65005 0.010941 3.18072 0.0343115 33.3524 0.797002 0.000452797 0.00292682 -0.000664726 0.00268776 0.266247 0.00141658 0.11767 0.0010952 
5 0.25 6750000 7.01713 0.0218135 -0.64996 0.0106679 3.18901 0.0330201 33.6124 0.766414 -0.000597464 0.00288397 -0.00156121 0.00262627 0.266274 0.00138036 0.117798 0.00106925 
5 0.25 7000000 7.01713 0.0213517 -0.64996 0.0105579 3.18901 0.0320958 33.6124 0.743767 -0.000597464 0.00288397 -0.00156121 0.00262627 0.266274 0.00135713 0.117798 0.00104842 
5 0.25 7250000 7.02846 0.0208795 -0.648048 0.0103636 3.19423 0.0309586 33.7708 0.719986 6.27684e-05 0.00275251 -0.0016086 0.0024391 0.265818 0.00132654 0.117636 0.001024 
5 0.25 7500000 7.02846 0.0205387 -0.648048 0.0102 3.19423 0.0310596 33.7708 0.721287 6.27684e-05 0.00275251 -0.0016086 0.0024391 0.265818 0.00129927 0.117636 0.00100969 
5 0.25 7750000 7.02298 0.0201358 -0.649658 0.0100329 3.19498 0.0309966 33.8522 0.706257 -0.000178992 0.0025796 -0.00127469 0.00229924 0.265456 0.00135464 0.117424 0.00104966 
5 0.25 8000000 7.02298 0.0197144 -0.649658 0.00991156 3.19498 0.0300183 33.8522 0.683627 -0.000178992 0.0025796 -0.00127469 0.00229924 0.265456 0.00131496 0.117424 0.00101639 
5 0.25 8250000 7.02423 0.0193592 -0.646857 0.00976638 3.1896 0.0297826 33.6378 0.690816 0.000223523 0.00244958 -0.00265945 0.00253851 0.265138 0.00134016 0.117159 0.00102807 
5 0.25 8500000 7.02423 0.0190953 -0.646857 0.00963352 3.1896 0.0290501 33.6378 0.671417 0.000223523 0.00244958 -0.00265945 0.00253851 0.265138 0.00130455 0.117159 0.000997056 
5 0.25 8750000 7.02252 0.0188903 -0.648202 0.0093708 3.19394 0.0282183 33.6873 0.658437 -0.00055609 0.00242638 -0.00289759 0.00240033 0.265204 0.00126714 0.117154 0.000967985 
5 0.25 9000000 7.02252 0.0186258 -0.648202 0.00919373 3.19394 0.0274815 33.6873 0.645951 -0.00055609 0.00242638 -0.00289759 0.00240033 0.265204 0.00123324 0.117154 0.000941481 
5 0.25 9250000 7.02691 0.0184967 -0.648305 0.00898831 3.19325 0.0267485 33.6832 0.633888 3.61216e-05 0.00236274 -0.0031271 0.00227792 0.265234 0.00120358 0.117168 0.000917331 
5 0.25 9500000 7.02691 0.0181952 -0.648305 0.00882689 3.19325 0.0260765 33.6832 0.617361 3.61216e-05 0.00236274 -0.0031271 0.00227792 0.265234 0.00117382 0.117168 0.000895529 
5 0.25 9750000 7.02691 0.0178823 -0.648305 0.0089233 3.19325 0.0260765 33.6832 0.617361 3.61216e-05 0.00236274 -0.0031271 0.00227792 0.265234 0.00117382 0.117168 0.000893906 
5 0.25 10000000 7.0275 0.017689 -0.651147 0.00912328 3.19477 0.0255815 33.7056 0.603146 0.00033136 0.00225676 -0.00270416 0.00219695 0.265415 0.0011721 0.117301 0.000884705 
5 0.25 10250000 7.0275 0.0173767 -0.651147 0.00913453 3.19477 0.0249404 33.7056 0.587702 0.00033136 0.00225676 -0.00270416 0.00219695 0.265415 0.00115039 0.117301 0.000864178 
5 0.25 10500000 7.0249 0.017034 -0.649205 0.00890808 3.19813 0.0244409 33.7324 0.573415 -0.000426981 0.00226776 -0.00295508 0.00210138 0.265362 0.00112491 0.117301 0.000856317 
5 0.25 10750000 7.0249 0.0169762 -0.649205 0.00877008 3.19813 0.0239154 33.7324 0.562695 -0.000426981 0.00226776 -0.00295508 0.00210138 0.265362 0.00110941 0.117301 0.000849487 
5 0.25 11000000 7.0249 0.0167536 -0.649205 0.00877852 3.19813 0.0249761 33.7324 0.569495 -0.000426981 0.00216115 -0.00295508 0.00203822 0.265362 0.0011067 0.117301 0.000854692 
5 0.25 11250000 7.0249 0.0165088 -0.649205 0.00884359 3.19813 0.0248762 33.7324 0.56774 -0.000426981 0.00216115 -0.00295508 0.00203822 0.265362 0.00109355 0.117301 0.000848427 
5 0.25 11500000 7.01682 0.01619 -0.64943 0.00867339 3.2003 0.0245911 33.6962 0.570595 -8.70298e-05 0.00210319 -0.00214613 0.00198704 0.265459 0.0010712 0.117404 0.000835545 
5 0.25 11750000 7.01682 0.0160224 -0.64943 0.0085125 3.2003 0.024046 33.6962 0.55995 -8.70298e-05 0.00210319 -0.00214613 0.00198704 0.265459 0.00104774 0.117404 0.00081709 
5 0.25 12000000 7.01682 0.0158743 -0.64943 0.00832872 3.2003 0.0235913 33.6962 0.550591 -8.70298e-05 0.00201194 -0.00214613 0.00190367 0.265459 0.00104376 0.117404 0.000799491 
5 0.25 12250000 7.01682 0.0156984 -0.64943 0.00817394 3.2003 0.0231012 33.6962 0.541646 -8.70298e-05 0.00201194 -0.00214613 0.00190367 0.265459 0.00104376 0.117404 0.000785022 
5 0.25 12500000 7.01961 0.0155097 -0.647373 0.00802248 3.19814 0.0226204 33.6488 0.530593 -0.000516937 0.00197965 -0.00220887 0.00182493 0.265318 0.0010048 0.117302 0.0007774 
5 0.25 12750000 7.01961 0.0154159 -0.647373 0.00789739 3.19814 0.0224275 33.6488 0.523155 -0.000516937 0.00197965 -0.00220887 0.00182493 0.265318 0.000991346 0.117302 0.000768556 
5 0.25 13000000 7.01961 0.0152174 -0.647373 0.00776888 3.19814 0.0219799 33.6488 0.514375 -0.000516937 0.00192955 -0.00220887 0.00175325 0.265318 0.00097599 0.117302 0.000756603 
5 0.25 13250000 7.01961 0.0150406 -0.647373 0.00766901 3.19814 0.0215554 33.6488 0.505492 -0.000516937 0.00192955 -0.00220887 0.00175325 0.265318 0.00096986 0.117302 0.000754889 
5 0.25 13500000 7.01596 0.0149834 -0.645414 0.00760876 3.20049 0.0211447 33.6111 0.49619 -0.00037181 0.00191552 -0.00240621 0.00169048 0.265125 0.000954991 0.11722 0.0007441 
5 0.25 13750000 7.01596 0.0149107 -0.645414 0.00761788 3.20049 0.0213631 33.6111 0.493289 -0.00037181 0.00191552 -0.00240621 0.00169048 0.265125 0.000952473 0.11722 0.000740382 
5 0.25 14000000 7.01596 0.0148119 -0.645414 0.00761872 3.20049 0.0210476 33.6111 0.484486 -0.00037181 0.00184976 -0.00240621 0.00163165 0.265125 0.000937756 0.11722 0.000729528 
5 0.25 14250000 7.01596 0.0146813 -0.645414 0.00769563 3.20049 0.0210773 33.6111 0.482536 -0.00037181 0.00184976 -0.00240621 0.00163165 0.265125 0.000945425 0.11722 0.000722021 
5 0.25 14500000 7.01583 0.0145465 -0.64065 0.00755852 3.18891 0.0207047 33.4551 0.474532 -0.00061812 0.00178669 -0.0020089 0.00159794 0.264474 0.00108058 0.116783 0.000713294 
5 0.25 14750000 7.01583 0.0143843 -0.64065 0.00743415 3.18891 0.0203576 33.4551 0.468717 -0.00061812 0.00178669 -0.0020089 0.00159794 0.264474 0.00108058 0.116783 0.000709078 
5 0.25 15000000 7.01583 0.014297 -0.64065 0.00738515 3.18891 0.0202764 33.4551 0.46225 -0.00061812 0.00172547 -0.0020089 0.00156199 0.264474 0.00108058 0.116783 0.000708144 
5 0.25 15250000 7.01583 0.0141753 -0.64065 0.00727296 3.18891 0.0202146 33.4551 0.456709 -0.00061812 0.00172547 -0.0020089 0.00156199 0.264474 0.00108058 0.116783 0.000696768 
5 0.25 15500000 7.01618 0.0141049 -0.642915 0.00726052 3.20011 0.0202077 33.7205 0.46762 -0.000525803 0.00166882 -0.00169331 0.00160845 0.264901 0.00108058 0.117161 0.000690534 
5 0.25 15750000 7.01618 0.0139996 -0.642915 0.00722939 3.20011 0.0204319 33.7205 0.468399 -0.000525803 0.00166882 -0.00169331 0.00160845 0.264901 0.00108058 0.117161 0.000700312 
5 0.25 16000000 7.01618 0.0139998 -0.642915 0.00722939 3.20011 0.0201026 33.7205 0.460846 -0.000525803 0.00161519 -0.00169331 0.00155742 0.264901 0.00108058 0.117161 0.000689034 
5 0.25 16250000 7.01618 0.0135132 -0.642915 0.00722939 3.20011 0.0197899 33.7205 0.454053 -0.000525803 0.00161519 -0.00169331 0.00155742 0.264901 0.00108058 0.117161 0.000683259 
5 0.25 16500000 7.02295 0.013448 -0.642766 0.00689556 3.19671 0.019495 33.632 0.447391 -8.09181e-05 0.00163187 -0.00185276 0.00151242 0.264932 0.00103825 0.117094 0.000673302 
5 0.25 16750000 7.02295 0.0133035 -0.642766 0.00698693 3.19671 0.019241 33.632 0.44055 -8.09181e-05 0.00163187 -0.00185276 0.00151242 0.264932 0.00103825 0.117094 0.000671754 
5 0.25 17000000 7.02295 0.0132077 -0.642766 0.00690834 3.19671 0.0189497 33.632 0.436629 -8.09181e-05 0.00158454 -0.00185276 0.00146892 0.264932 0.00103825 0.117094 0.000661848 
5 0.25 17250000 7.02295 0.0131204 -0.642766 0.00680913 3.19671 0.018813 33.632 0.43614 -8.09181e-05 0.00158454 -0.00185276 0.00146892 0.264932 0.00103825 0.117094 0.000656476 
5 0.25 17500000 7.02364 0.0130895 -0.638723 0.00696192 3.18869 0.019007 33.5023 0.441056 -1.43538e-05 0.00154499 -0.00196737 0.00142603 0.264548 0.00103825 0.11683 0.000657857 
5 0.25 17750000 7.02364 0.0129674 -0.638723 0.00696192 3.18869 0.0187524 33.5023 0.435789 -1.43538e-05 0.00154499 -0.00196737 0.00142603 0.264548 0.00103825 0.11683 0.000657857 
5 0.25 18000000 7.02364 0.0128673 -0.638723 0.00696192 3.18869 0.0185988 33.5023 0.429814 -1.43538e-05 0.00150572 -0.00196737 0.00139066 0.264548 0.00103825 0.11683 0.000657857 
5 0.25 18250000 7.02364 0.0127249 -0.638723 0.00696192 3.18869 0.0185988 33.5023 0.423779 -1.43538e-05 0.00150572 -0.00196737 0.00139066 0.264548 0.00103825 0.11683 0.000657857 
5 0.25 18500000 7.01847 0.012651 -0.639428 0.00667953 3.19138 0.0180026 33.5739 0.418906 -0.000241962 0.00146754 -0.00205953 0.00136869 0.264468 0.00102128 0.116817 0.000628346 
5 0.25 18750000 7.01847 0.012577 -0.639428 0.00667953 3.19138 0.0178041 33.5739 0.413206 -0.000241962 0.00146754 -0.00205953 0.00136869 0.264468 0.00102128 0.116817 0.000628178 
5 0.25 19000000 7.01847 0.0124951 -0.639428 0.00667953 3.19138 0.0177594 33.5739 0.408864 -0.000241962 0.00143007 -0.00205953 0.00133281 0.264468 0.00102128 0.116817 0.000628178 
5 0.25 19250000 7.01847 0.0123977 -0.639428 0.00667953 3.19138 0.0177594 33.5739 0.40381 -0.000241962 0.00143007 -0.00205953 0.00133264 0.264468 0.00102128 0.116817 0.000628178 
5 0.25 19500000 7.02051 0.0123216 -0.63877 0.00667953 3.19226 0.0174112 33.5998 0.398921 -0.000215627 0.00139345 -0.00249139 0.00135098 0.264563 0.00102128 0.116923 0.000628178 
5 0.25 19750000 7.02051 0.0122154 -0.63877 0.00667953 3.19226 0.0173661 33.5998 0.40011 -0.000215627 0.00139345 -0.00249139 0.00135098 0.264563 0.00102128 0.116923 0.000628178 
5 0.25 20000000 7.02051 0.0122068 -0.63877 0.00667953 3.19226 0.0172609 33.5998 0.397663 -0.000215627 0.00136289 -0.00249139 0.00136076 0.264563 0.00102128 0.116923 0.000628178 
5 0.25 20250000 7.02051 0.0121855 -0.63877 0.00667953 3.19226 0.0170927 33.5998 0.392668 -0.000215627 0.00136289 -0.00249139 0.00136076 0.264563 0.00102128 0.116923 0.000628178 
5 0.25 20500000 7.02051 0.0120802 -0.63877 0.00667953 3.19226 0.0169957 33.5998 0.392668 -0.000215627 0.00136289 -0.00249139 0.00136076 0.264563 0.00102128 0.116923 0.000628178 
5 0.25 20750000 7.01829 0.0120112 -0.63662 0.00657533 3.18712 0.0168364 33.4887 0.387762 -0.000365667 0.00132915 -0.00202556 0.00133172 0.264354 0.000925511 0.116689 0.000611632 
5 0.25 21000000 7.01829 0.0119714 -0.63662 0.00657533 3.18712 0.016796 33.4887 0.384663 -0.000365667 0.00132915 -0.00202556 0.00133172 0.264354 0.000925511 0.116689 0.000611632 
5 0.25 21250000 7.01829 0.0118942 -0.63662 0.00657533 3.18712 0.0167698 33.4887 0.380157 -0.000365667 0.00130397 -0.00202556 0.00131814 0.264354 0.000925511 0.116689 0.000611632 
5 0.25 21500000 7.01829 0.0117894 -0.63662 0.00657533 3.18712 0.0167698 33.4887 0.375902 -0.000365667 0.00130397 -0.00202556 0.00131814 0.264354 0.000925511 0.116689 0.000611632 
5 0.25 21750000 7.01829 0.0117097 -0.63662 0.00657533 3.18712 0.0164793 33.4887 0.373974 -0.000365667 0.00129118 -0.00202556 0.0012893 0.264354 0.000925511 0.116689 0.000584902 
5 0.25 22000000 7.01829 0.0116978 -0.63662 0.00657533 3.18712 0.0164795 33.4887 0.370201 -0.000365667 0.00129118 -0.00202556 0.0012893 0.264354 0.000925511 0.116689 0.000584902 
5 0.25 22250000 7.01829 0.0116214 -0.63662 0.00657533 3.18712 0.0163559 33.4887 0.370976 -0.000365667 0.00126296 -0.00202556 0.00126088 0.264354 0.000925511 0.116689 0.000584902 
5 0.25 22500000 7.01829 0.0115189 -0.63662 0.00657533 3.18712 0.0162376 33.4887 0.367329 -0.000365667 0.00126296 -0.00202556 0.00126088 0.264354 0.000925511 0.116689 0.000584902 
5 0.25 22750000 7.01611 0.0114647 -0.637866 0.00637876 3.18983 0.0162641 33.5584 0.368066 -0.000343315 0.00124052 -0.00240974 0.00124465 0.264577 0.000867695 0.116867 0.000571296 
5 0.25 23000000 7.01611 0.0114621 -0.637866 0.00637876 3.18983 0.0163263 33.5584 0.363965 -0.000343315 0.00124052 -0.00240974 0.00124465 0.264577 0.000867695 0.116867 0.000577361 
5 0.25 23250000 7.01611 0.0113686 -0.637866 0.00637876 3.18983 0.0161883 33.5584 0.361329 -0.000343315 0.0012134 -0.00240974 0.00121715 0.264577 0.000867695 0.116867 0.00057286 
5 0.25 23500000 7.01611 0.0114029 -0.637866 0.00637876 3.18983 0.0160899 33.5584 0.358494 -0.000343315 0.0012134 -0.00240974 0.00121715 0.264577 0.000867695 0.116867 0.000571296 
5 0.25 23750000 7.01611 0.0113095 -0.637866 0.00637876 3.18983 0.0160701 33.5584 0.357254 -0.000343315 0.00118979 -0.00240974 0.00120001 0.264577 0.000867695 0.116867 0.000568791 
5 0.25 24000000 7.01611 0.0112461 -0.637866 0.00637876 3.18983 0.0159453 33.5584 0.354002 -0.000343315 0.00118979 -0.00240974 0.00119455 0.264577 0.000867695 0.116867 0.000568791 
5 0.25 24250000 7.01611 0.0112035 -0.637866 0.00637876 3.18983 0.0158688 33.5584 0.35089 -0.000343315 0.00116666 -0.00240974 0.00118666 0.264577 0.000867695 0.116867 0.000568791 
5 0.25 24500000 7.01611 0.0111482 -0.637866 0.00637876 3.18983 0.0157874 33.5584 0.348383 -0.000343315 0.00116666 -0.00240974 0.00117728 0.264577 0.000867695 0.116867 0.000568791 
5 0.25 24750000 7.01976 0.0111308 -0.637402 0.00586506 3.19452 0.0156732 33.6893 0.345539 -0.000265026 0.00114314 -0.00235358 0.0011707 0.264612 0.000796113 0.116972 0.000548194 
5 0.25 25000000 7.01976 0.0110583 -0.637402 0.00583322 3.19452 0.015587 33.6893 0.343611 -0.000265026 0.00114314 -0.00235358 0.0011621 0.264612 0.000796113 0.116972 0.000547872 
5 0.25 25250000 7.01976 0.0109723 -0.637402 0.00582086 3.19452 0.0155043 33.6893 0.342622 -0.000265026 0.00112739 -0.00235358 0.00115338 0.264612 0.000796113 0.116972 0.000547872 
5 0.25 25500000 7.01976 0.0109218 -0.637402 0.00577083 3.19452 0.0154493 33.6893 0.341718 -0.000265026 0.00112503 -0.00235358 0.0011477 0.264612 0.000796113 0.116972 0.000547872 
5 0.25 25750000 7.01976 0.0108963 -0.637402 0.00571361 3.19452 0.0153594 33.6893 0.339616 -0.000265026 0.00111512 -0.00235358 0.00114324 0.264612 0.000796113 0.116972 0.000533333 
5 0.25 26000000 7.01976 0.0108289 -0.637402 0.00566887 3.19452 0.0152535 33.6893 0.337291 -0.000265026 0.00110652 -0.00235358 0.00113569 0.264612 0.000796113 0.116972 0.000529155 
5 0.25 26250000 7.01976 0.0107951 -0.637402 0.00561429 3.19452 0.0151467 33.6893 0.334631 -0.000265026 0.00110383 -0.00235358 0.00113427 0.264612 0.000796113 0.116972 0.000527401 
5 0.25 26500000 7.01976 0.0107197 -0.637402 0.00560422 3.19452 0.0150962 33.6893 0.33367 -0.000265026 0.00109916 -0.00235358 0.00112619 0.264612 0.000796113 0.116972 0.000527401 
5 0.25 26750000 7.02205 0.0106953 -0.637571 0.0055206 3.18692 0.0149957 33.5321 0.331419 -0.00015093 0.00109836 -0.00247071 0.00111832 0.264584 0.000735377 0.116862 0.000528111 
5 0.25 27000000 7.02205 0.0106741 -0.637571 0.00557721 3.18692 0.0149957 33.5321 0.329952 -0.00015093 0.00109177 -0.00247071 0.0011141 0.264584 0.000735377 0.116862 0.000528111 
5 0.25 27250000 7.02205 0.0105936 -0.637571 0.00554165 3.18692 0.0149957 33.5321 0.327984 -0.00015093 0.00108764 -0.00247071 0.00110624 0.264584 0.000735377 0.116862 0.000528111 
5 0.25 27500000 7.02205 0.0105944 -0.637571 0.0054965 3.18692 0.0149957 33.5321 0.326649 -0.00015093 0.00108226 -0.00247071 0.00110831 0.264584 0.000735377 0.116862 0.000528111 
5 0.25 27750000 7.02205 0.010615 -0.637571 0.00546164 3.18692 0.0147944 33.5321 0.324765 -0.00015093 0.001077 -0.00247071 0.00110115 0.264584 0.000735377 0.116862 0.000510586 
5 0.25 28000000 7.02205 0.0105533 -0.637571 0.00541599 3.18692 0.0147944 33.5321 0.322366 -0.00015093 0.0010756 -0.00247071 0.00109607 0.264584 0.000735377 0.116862 0.00050869 
5 0.25 28250000 7.02205 0.0104694 -0.637571 0.00536973 3.18692 0.0147944 33.5321 0.320887 -0.00015093 0.00107064 -0.00247071 0.00109174 0.264584 0.000735377 0.116862 0.00050869 
5 0.25 28500000 7.02205 0.0104861 -0.637571 0.00537958 3.18692 0.0147944 33.5321 0.31898 -0.00015093 0.00106371 -0.00247071 0.00108701 0.264584 0.000735377 0.116862 0.00050869 
5 0.25 28750000 7.02161 0.0104763 -0.639281 0.00535868 3.18397 0.0153228 33.4333 0.341871 -0.000440869 0.0010587 -0.00228018 0.00108496 0.264745 0.000700392 0.116899 0.000500096 
5 0.25 29000000 7.02161 0.0104088 -0.639281 0.00533469 3.18397 0.0153228 33.4333 0.341871 -0.000440869 0.00105425 -0.00228018 0.00107842 0.264745 0.000700392 0.116899 0.000497843 
5 0.25 29250000 7.02161 0.010318 -0.639281 0.00533115 3.18397 0.0153228 33.4333 0.341871 -0.000440869 0.00105073 -0.00228018 0.00107118 0.264745 0.000700392 0.116899 0.000495076 
5 0.25 29500000 7.02161 0.0102397 -0.639281 0.00528546 3.18397 0.0153228 33.4333 0.341871 -0.000440869 0.00104941 -0.00228018 0.00106651 0.264745 0.000700392 0.116899 0.000492906 
5 0.25 29750000 7.02161 0.0101556 -0.639281 0.00524094 3.18397 0.0153228 33.4333 0.341871 -0.000440869 0.00104294 -0.00228018 0.00106269 0.264745 0.000700392 0.116899 0.00050576 
5 0.25 30000000 7.02161 0.0100875 -0.639281 0.00519641 3.18397 0.0153228 33.4333 0.341871 -0.000440869 0.00104057 -0.00228018 0.00105911 0.264745 0.000700392 0.116899 0.00050576 
5 0.25 30250000 7.02161 0.0100387 -0.639281 0.00516658 3.18397 0.0153228 33.4333 0.341871 -0.000440869 0.0010331 -0.00228018 0.00105102 0.264745 0.000700392 0.116899 0.00050576 
5 0.25 30500000 7.02161 0.00995883 -0.639281 0.00521035 3.18397 0.0153228 33.4333 0.341871 -0.000440869 0.0010306 -0.00228018 0.00104537 0.264745 0.000700392 0.116899 0.00050576 
5 0.25 30750000 7.02083 0.00991088 -0.639591 0.00516756 3.18545 0.0153228 33.4904 0.341871 -0.000393499 0.00102862 -0.00213221 0.00104558 0.264748 0.000653704 0.116887 0.00051438 
5 0.25 31000000 7.02083 0.00987118 -0.639591 0.00516756 3.18545 0.0153228 33.4904 0.341871 -0.000393499 0.00102244 -0.00213221 0.0010398 0.264748 0.000653704 0.116887 0.00051438 
5 0.25 31250000 7.02083 0.00981484 -0.639591 0.00512649 3.18545 0.0153228 33.4904 0.341871 -0.000393499 0.00101554 -0.00213221 0.00103576 0.264748 0.000653704 0.116887 0.00051438 
5 0.25 31500000 7.02083 0.00976527 -0.639591 0.0050948 3.18545 0.0153228 33.4904 0.341871 -0.000393499 0.00100948 -0.00213221 0.00102988 0.264748 0.000653704 0.116887 0.00051438 
5 0.25 31750000 7.02083 0.00972526 -0.639591 0.00507996 3.18545 0.0153228 33.4904 0.341871 -0.000393499 0.00100435 -0.00213221 0.00102907 0.264748 0.000653704 0.116887 0.00051438 
5 0.25 32000000 7.02083 0.00966647 -0.639591 0.00502624 3.18545 0.0153228 33.4904 0.341871 -0.000393499 0.000998023 -0.00213221 0.00102537 0.264748 0.000653704 0.116887 0.00050317 
5 0.25 32250000 7.02083 0.00960326 -0.639591 0.00499657 3.18545 0.0153228 33.4904 0.341871 -0.000393499 0.000990662 -0.00213221 0.00100408 0.264748 0.000653704 0.116887 0.00050317 
5 0.25 32500000 7.02083 0.00953039 -0.639591 0.00495691 3.18545 0.0153228 33.4904 0.341871 -0.000393499 0.000976759 -0.00213221 0.00100154 0.264748 0.000653704 0.116887 0.00050317 
5 0.25 32750000 7.02083 0.00949062 -0.639591 0.00494402 3.18545 0.0153228 33.4904 0.341871 -0.000393499 0.000976759 -0.00213221 0.000996013 0.264748 0.000653704 0.116887 0.00050317 
5 0.25 33000000 7.02182 0.0095419 -0.639128 0.00490126 3.18438 0.0139003 33.4335 0.305867 -0.000521389 0.00096612 -0.00165211 0.000989102 0.264896 0.000631679 0.116919 0.000498467 
5 0.25 33250000 7.02182 0.00958635 -0.639128 0.00486343 3.18438 0.0139003 33.4335 0.305867 -0.000521389 0.000961738 -0.00165211 0.000985822 0.264896 0.000631679 0.116919 0.000498467 
5 0.25 33500000 7.02182 0.00959191 -0.639128 0.00482677 3.18438 0.0139003 33.4335 0.302248 -0.000521389 0.000955861 -0.00165211 0.00098525 0.264896 0.000631679 0.116919 0.000498467 
5 0.25 33750000 7.02182 0.0095528 -0.639128 0.00479146 3.18438 0.0139003 33.4335 0.302248 -0.000521389 0.000955861 -0.00165211 0.000981705 0.264896 0.000631679 0.116919 0.000498467 
5 0.25 34000000 7.02182 0.00948139 -0.639128 0.00475921 3.18438 0.013524 33.4335 0.299137 -0.000521389 0.000956883 -0.00165211 0.000976381 0.264896 0.000629461 0.116919 0.000487599 
5 0.25 34250000 7.02182 0.00942831 -0.639128 0.0047499 3.18438 0.013524 33.4335 0.299137 -0.000521389 0.000956883 -0.00165211 0.000971142 0.264896 0.000629461 0.116919 0.000487599 
5 0.25 34500000 7.02182 0.00938391 -0.639128 0.00472838 3.18438 0.013524 33.4335 0.299137 -0.000521389 0.000943802 -0.00165211 0.000964475 0.264896 0.000629461 0.116919 0.000487599 
5 0.25 34750000 7.02182 0.00932234 -0.639128 0.00469645 3.18438 0.013524 33.4335 0.299137 -0.000521389 0.000943802 -0.00165211 0.000962156 0.264896 0.000629461 0.116919 0.000487599 
5 0.25 35000000 7.0195 0.00927415 -0.639232 0.0046689 3.18712 0.0136659 33.5271 0.299137 -0.000362018 0.000935671 -0.00131248 0.000958839 0.264876 0.00059897 0.116934 0.00047988 
5 0.25 35250000 7.0195 0.00922547 -0.639232 0.00465222 3.18712 0.0136659 33.5271 0.299137 -0.000362018 0.000934878 -0.00131248 0.000953436 0.264876 0.00059897 0.116934 0.00047988 
5 0.25 35500000 7.0195 0.00916329 -0.639232 0.0046332 3.18712 0.0136659 33.5271 0.299137 -0.000362018 0.000927057 -0.00131248 0.000948293 0.264876 0.00059897 0.116934 0.00047988 
5 0.25 35750000 7.0195 0.00911678 -0.639232 0.00461903 3.18712 0.0136659 33.5271 0.299137 -0.000362018 0.000924365 -0.00131248 0.000942747 0.264876 0.00059897 0.116934 0.00047988 
5 0.25 36000000 7.0195 0.00906908 -0.639232 0.00462126 3.18712 0.0134129 33.5271 0.299137 -0.000362018 0.000920573 -0.00131248 0.000941011 0.264876 0.000592751 0.116934 0.000466695 
5 0.25 36250000 7.0195 0.0090093 -0.639232 0.00458849 3.18712 0.0134129 33.5271 0.299137 -0.000362018 0.000915926 -0.00131248 0.000937454 0.264876 0.000592751 0.116934 0.000466695 
5 0.25 36500000 7.0195 0.00898084 -0.639232 0.00458294 3.18712 0.0134129 33.5271 0.299137 -0.000362018 0.000928436 -0.00131248 0.00093595 0.264876 0.000592751 0.116934 0.000466695 
5 0.25 36750000 7.0195 0.00892599 -0.639232 0.00461664 3.18712 0.0134129 33.5271 0.299137 -0.000362018 0.000924071 -0.00131248 0.000933788 0.264876 0.000592751 0.116934 0.000466695 
5 0.25 37000000 7.02087 0.00887533 -0.640562 0.00458461 3.18699 0.0129335 33.5258 0.279848 0.000152314 0.000930563 -0.00104265 0.000931713 0.264986 0.000570863 0.11699 0.000454905 
5 0.25 37250000 7.02087 0.00884122 -0.640562 0.00455882 3.18699 0.0129335 33.5258 0.279848 0.000152314 0.000930563 -0.00104265 0.000925642 0.264986 0.000570682 0.11699 0.000454905 
5 0.25 37500000 7.02087 0.00882168 -0.640562 0.00453076 3.18699 0.0129335 33.5258 0.279787 0.000152314 0.000919125 -0.00104265 0.000923563 0.264986 0.000570682 0.11699 0.000454905 
5 0.25 37750000 7.02087 0.00887253 -0.640562 0.00450302 3.18699 0.0129335 33.5258 0.279787 0.000152314 0.000919125 -0.00104265 0.000918537 0.264986 0.000570682 0.11699 0.000454905 
5 0.25 38000000 7.02087 0.00881873 -0.640562 0.00447658 3.18699 0.0126003 33.5258 0.279787 0.000152314 0.00091544 -0.00104265 0.000915027 0.264986 0.000569799 0.11699 0.000450078 
5 0.25 38250000 7.02087 0.00877841 -0.640562 0.00447179 3.18699 0.0126003 33.5258 0.279787 0.000152314 0.000911906 -0.00104265 0.000911099 0.264986 0.000569799 0.11699 0.000450078 
5 0.25 38500000 7.02087 0.00877351 -0.640562 0.00444586 3.18699 0.0126003 33.5258 0.279787 0.000152314 0.000906657 -0.00104265 0.000905351 0.264986 0.000569799 0.11699 0.000450078 
5 0.25 38750000 7.02087 0.00872168 -0.640562 0.00444107 3.18699 0.0126003 33.5258 0.279787 0.000152314 0.000902466 -0.00104265 0.000903017 0.264986 0.000569799 0.11699 0.000450078 
5 0.25 39000000 7.01907 0.0086913 -0.640047 0.00441192 3.18839 0.0122912 33.5134 0.279787 -0.000102012 0.000899505 -0.00104854 0.000900246 0.265038 0.000555358 0.117041 0.000439354 
5 0.25 39250000 7.01907 0.00867608 -0.640047 0.00438444 3.18839 0.0122912 33.5134 0.279787 -0.000102012 0.000895813 -0.00104854 0.000898762 0.265038 0.000555641 0.117041 0.000439354 
5 0.25 39500000 7.01907 0.00862342 -0.640047 0.00436746 3.18839 0.0122912 33.5134 0.279787 -0.000102012 0.000892538 -0.00104854 0.000898762 0.265038 0.000552343 0.117041 0.000439354 
5 0.25 39750000 7.01907 0.00857837 -0.640047 0.00434537 3.18839 0.0122912 33.5134 0.279787 -0.000102012 0.000887449 -0.00104854 0.000898762 0.265038 0.000551369 0.117041 0.000439354 
5 0.25 40000000 7.01907 0.00854919 -0.640047 0.00434959 3.18839 0.0121737 33.5134 0.279787 -0.000102012 0.000884249 -0.00104854 0.000898762 0.265038 0.000549124 0.117041 0.000431859 
5 0.25 40250000 7.01907 0.00853414 -0.640047 0.00432262 3.18839 0.0121737 33.5134 0.279787 -0.000102012 0.000880852 -0.00104854 0.000898762 0.265038 0.000548703 0.117041 0.000431859 
5 0.25 40500000 7.01907 0.008493 -0.640047 0.00430012 3.18839 0.0121737 33.5134 0.279787 -0.000102012 0.000877439 -0.00104854 0.000898762 0.265038 0.000546774 0.117041 0.000431859 
5 0.25 40750000 7.01907 0.00848533 -0.640047 0.00428157 3.18839 0.0121737 33.5134 0.279787 -0.000102012 0.000872412 -0.00104854 0.000898762 0.265038 0.000544588 0.117041 0.000431859 
5 0.25 41000000 7.02057 0.00845679 -0.639459 0.00426356 3.18808 0.0117788 33.5078 0.264615 -6.45779e-06 0.000871865 -0.000959334 0.000869963 0.264954 0.000542061 0.116983 0.000421063 
5 0.25 41250000 7.02057 0.00843197 -0.639459 0.00424415 3.18808 0.0117304 33.5078 0.264615 -6.45779e-06 0.00086721 -0.000959334 0.000869749 0.264954 0.000539149 0.116983 0.000421063 
5 0.25 41500000 7.02057 0.00838343 -0.639459 0.00423405 3.18808 0.0117025 33.5078 0.262391 -6.45779e-06 0.000866276 -0.000959334 0.000862582 0.264954 0.000538181 0.116983 0.000421063 
5 0.25 41750000 7.02057 0.00836975 -0.639459 0.00422807 3.18808 0.0116863 33.5078 0.262391 -6.45779e-06 0.00086258 -0.000959334 0.000861692 0.264954 0.000537693 0.116983 0.000421063 
5 0.25 42000000 7.02057 0.00832147 -0.639459 0.00420844 3.18808 0.0116787 33.5078 0.262391 -6.45779e-06 0.000857492 -0.000959334 0.000859873 0.264954 0.000535835 0.116983 0.000421063 
5 0.25 42250000 7.02057 0.00827721 -0.639459 0.00419491 3.18808 0.0116473 33.5078 0.259549 -6.45779e-06 0.00085428 -0.000959334 0.000860927 0.264954 0.000535496 0.116983 0.000416092 
5 0.25 42500000 7.02057 0.00824097 -0.639459 0.0041799 3.18808 0.0115852 33.5078 0.259549 -6.45779e-06 0.000852685 -0.000959334 0.000860927 0.264954 0.000534821 0.116983 0.000415017 
5 0.25 42750000 7.02057 0.00819325 -0.639459 0.00417144 3.18808 0.0115694 33.5078 0.257891 -6.45779e-06 0.000848103 -0.000959334 0.000857372 0.264954 0.000534157 0.116983 0.000414094 
5 0.25 43000000 7.02057 0.00816959 -0.639459 0.00415758 3.18808 0.0115694 33.5078 0.257891 -6.45779e-06 0.00084807 -0.000959334 0.00085667 0.264954 0.000532099 0.116983 0.000414094 
5 0.25 43250000 7.02057 0.00816538 -0.639459 0.00414431 3.18808 0.0116958 33.5078 0.254931 -6.45779e-06 0.000843999 -0.000959334 0.000855802 0.264954 0.000568544 0.116983 0.000433871 
5 0.25 43500000 7.02057 0.00817379 -0.639459 0.00413441 3.18808 0.0116958 33.5078 0.254931 -6.45779e-06 0.000840614 -0.000959334 0.000855802 0.264954 0.000568544 0.116983 0.000433871 
5 0.25 43750000 7.02057 0.00814768 -0.639459 0.00411548 3.18808 0.0116958 33.5078 0.252923 -6.45779e-06 0.000837006 -0.000959334 0.000855802 0.264954 0.000568544 0.116983 0.000433871 
5 0.25 44000000 7.02057 0.00819168 -0.639459 0.00409584 3.18808 0.0116958 33.5078 0.252923 -6.45779e-06 0.000834032 -0.000959334 0.000855802 0.264954 0.000568544 0.116983 0.000433871 
5 0.25 44250000 7.02057 0.0081685 -0.639459 0.00408486 3.18808 0.0114651 33.5078 0.252391 -6.45779e-06 0.000829605 -0.000959334 0.000855802 0.264954 0.000568544 0.116983 0.000426447 
5 0.25 44500000 7.02057 0.00816479 -0.639459 0.004075 3.18808 0.0114651 33.5078 0.252391 -6.45779e-06 0.000827152 -0.000959334 0.000855802 0.264954 0.000568544 0.116983 0.000426447 
5 0.25 44750000 7.02057 0.00816479 -0.639459 0.00406022 3.18808 0.0114651 33.5078 0.252391 -6.45779e-06 0.000823536 -0.000959334 0.000855802 0.264954 0.000568544 0.116983 0.000426447 
5 0.25 45000000 7.02057 0.00816479 -0.639459 0.00405618 3.18808 0.0114651 33.5078 0.252391 -6.45779e-06 0.000820295 -0.000959334 0.000855802 0.264954 0.000568544 0.116983 0.000426447 
5 0.25 45250000 7.01608 0.00802621 -0.637902 0.00405559 3.18239 0.0113823 33.4551 0.247424 -3.70109e-05 0.000817916 -0.000452256 0.000882981 0.264634 0.000543897 0.116795 0.000417453 
5 0.25 45500000 7.01608 0.00802462 -0.637902 0.00403439 3.18239 0.0113823 33.4551 0.247194 -3.70109e-05 0.000814035 -0.000452256 0.000882981 0.264634 0.000543897 0.116795 0.000417453 
5 0.25 45750000 7.01608 0.00802462 -0.637902 0.00402337 3.18239 0.0113823 33.4551 0.246069 -3.70109e-05 0.000810748 -0.000452256 0.000882981 0.264634 0.000543897 0.116795 0.000417453 
5 0.25 46000000 7.01608 0.00802462 -0.637902 0.00401445 3.18239 0.0113823 33.4551 0.24557 -3.70109e-05 0.000807461 -0.000452256 0.000882981 0.264634 0.000543897 0.116795 0.000417453 
5 0.25 46250000 7.01608 0.00794036 -0.637902 0.0040076 3.18239 0.0114196 33.4551 0.24612 -3.70109e-05 0.000804541 -0.000452256 0.000882981 0.264634 0.000543897 0.116795 0.000420971 
5 0.25 46500000 7.01608 0.00789921 -0.637902 0.00399067 3.18239 0.0114196 33.4551 0.245204 -3.70109e-05 0.000801105 -0.000452256 0.000882981 0.264634 0.000543897 0.116795 0.000420971 
5 0.25 46750000 7.01608 0.00788692 -0.637902 0.00397654 3.18239 0.0114196 33.4551 0.244014 -3.70109e-05 0.000798729 -0.000452256 0.000882981 0.264634 0.000543897 0.116795 0.000420971 
5 0.25 47000000 7.01608 0.00786759 -0.637902 0.00396893 3.18239 0.0114196 33.4551 0.243337 -3.70109e-05 0.000797266 -0.000452256 0.000882981 0.264634 0.000543897 0.116795 0.000420971 
5 0.25 47250000 7.01608 0.00796571 -0.637902 0.00396835 3.18239 0.0113823 33.4551 0.243032 -3.70109e-05 0.000793285 -0.000452256 0.000882981 0.264634 0.000536331 0.116795 0.000411908 
5 0.25 47500000 7.01608 0.00796571 -0.637902 0.00400687 3.18239 0.0113823 33.4551 0.242272 -3.70109e-05 0.000793299 -0.000452256 0.000882981 0.264634 0.000536331 0.116795 0.000411908 
5 0.25 47750000 7.01608 0.00796571 -0.637902 0.0039854 3.18239 0.0113823 33.4551 0.24108 -3.70109e-05 0.000789929 -0.000452256 0.000882981 0.264634 0.000536331 0.116795 0.000411908 
5 0.25 48000000 7.01608 0.00796571 -0.637902 0.00397079 3.18239 0.0113823 33.4551 0.240278 -3.70109e-05 0.000789623 -0.000452256 0.000882981 0.264634 0.000536331 0.116795 0.000411908 
5 0.25 48250000 7.01608 0.00786232 -0.637902 0.00396559 3.18239 0.0113823 33.4551 0.239058 -3.70109e-05 0.000789411 -0.000452256 0.000882981 0.264634 0.000536331 0.116795 0.000413166 
5 0.25 48500000 7.01608 0.00786232 -0.637902 0.00394481 3.18239 0.0113823 33.4551 0.238291 -3.70109e-05 0.0007879 -0.000452256 0.000882981 0.264634 0.000536331 0.116795 0.000413166 
5 0.25 48750000 7.01608 0.00786232 -0.637902 0.00393517 3.18239 0.0113823 33.4551 0.23788 -3.70109e-05 0.000784445 -0.000452256 0.000882981 0.264634 0.000536331 0.116795 0.000413166 
5 0.25 49000000 7.01608 0.00786232 -0.637902 0.00391461 3.18239 0.0113823 33.4551 0.237457 -3.70109e-05 0.000782295 -0.000452256 0.000882981 0.264634 0.000536331 0.116795 0.000413166 
5 0.25 49250000 7.01719 0.00792801 -0.639566 0.00389502 3.18577 0.0112067 33.4815 0.23749 2.28508e-05 0.000782632 -0.000137679 0.00103499 0.264915 0.000533882 0.11699 0.000404654 
5 0.25 49500000 7.01719 0.00792801 -0.639566 0.00388531 3.18577 0.0112067 33.4815 0.237007 2.28508e-05 0.000786709 -0.000137679 0.00103499 0.264915 0.000533882 0.11699 0.000404654 
5 0.25 49750000 7.01719 0.00792801 -0.639566 0.0038719 3.18577 0.0112067 33.4815 0.236271 2.28508e-05 0.000786708 -0.000137679 0.00103499 0.264915 0.000533882 0.11699 0.000404654 
5 0.25 50000000 7.01719 0.00792801 -0.639566 0.00385315 3.18577 0.0112067 33.4815 0.235261 2.28508e-05 0.000786953 -0.000137679 0.00103499 0.264915 0.000533882 0.11699 0.000404654 
5 0.25 50250000 7.01719 0.00779842 -0.639566 0.00383583 3.18577 0.0109952 33.4815 0.234217 2.28508e-05 0.00078298 -0.000137679 0.00103499 0.264915 0.000533882 0.11699 0.000397597 
5 0.25 50500000 7.01719 0.00779842 -0.639566 0.00384365 3.18577 0.0109952 33.4815 0.233771 2.28508e-05 0.000780194 -0.000137679 0.00103499 0.264915 0.000533882 0.11699 0.000397597 
5 0.25 50750000 7.01719 0.00779842 -0.639566 0.00382873 3.18577 0.0109952 33.4815 0.23351 2.28508e-05 0.000778466 -0.000137679 0.00103499 0.264915 0.000533882 0.11699 0.000397597 
5 0.25 51000000 7.01719 0.00779842 -0.639566 0.00381344 3.18577 0.0109952 33.4815 0.232482 2.28508e-05 0.000774678 -0.000137679 0.00103499 0.264915 0.000533882 0.11699 0.000397597 
5 0.25 51250000 7.01719 0.00794247 -0.639566 0.00381105 3.18577 0.0109227 33.4815 0.231949 2.28508e-05 0.000771306 -0.000137679 0.00103499 0.264915 0.000514641 0.11699 0.000392052 
5 0.25 51500000 7.01719 0.00794247 -0.639566 0.0038053 3.18577 0.0109227 33.4815 0.231398 2.28508e-05 0.000774519 -0.000137679 0.00103499 0.264915 0.000514641 0.11699 0.000392052 
5 0.25 51750000 7.01719 0.00794247 -0.639566 0.00379594 3.18577 0.0109227 33.4815 0.230635 2.28508e-05 0.000776174 -0.000137679 0.00103499 0.264915 0.000514641 0.11699 0.000392052 
5 0.25 52000000 7.01719 0.00794247 -0.639566 0.00379594 3.18577 0.0109227 33.4815 0.229904 2.28508e-05 0.000772827 -0.000137679 0.00103499 0.264915 0.000514641 0.11699 0.000392052 
5 0.25 52250000 7.01719 0.00804714 -0.639566 0.00379594 3.18577 0.0109227 33.4815 0.228936 2.28508e-05 0.000769468 -0.000137679 0.00103499 0.264915 0.000514641 0.11699 0.000385275 
5 0.25 52500000 7.01719 0.00804714 -0.639566 0.00379594 3.18577 0.0109227 33.4815 0.228487 2.28508e-05 0.000767522 -0.000137679 0.00103499 0.264915 0.000514641 0.11699 0.000385275 
5 0.25 52750000 7.01719 0.00804714 -0.639566 0.00379594 3.18577 0.0109227 33.4815 0.227863 2.28508e-05 0.000764779 -0.000137679 0.00103499 0.264915 0.000514641 0.11699 0.000385275 
5 0.25 53000000 7.01719 0.00804714 -0.639566 0.00379594 3.18577 0.0109227 33.4815 0.22669 2.28508e-05 0.000766705 -0.000137679 0.00103499 0.264915 0.000514641 0.11699 0.000385275 
5 0.25 53250000 7.01719 0.00804714 -0.639566 0.00379594 3.18577 0.0109227 33.4815 0.22669 2.28508e-05 0.000764284 -0.000137679 0.00103499 0.264915 0.000514641 0.11699 0.000385275 
5 0.25 53500000 7.01221 0.00802461 -0.638913 0.00369506 3.18594 0.0104053 33.4916 0.225524 0.000180413 0.000762322 -0.000203404 0.00103499 0.264816 0.000497342 0.116951 0.000378636 
5 0.25 53750000 7.01221 0.00802461 -0.638913 0.00368521 3.18594 0.0104053 33.4916 0.224749 0.000180413 0.000759122 -0.000203404 0.00103499 0.264816 0.000497342 0.116951 0.000378636 
5 0.25 54000000 7.01221 0.00802461 -0.638913 0.00367201 3.18594 0.0104053 33.4916 0.223929 0.000180413 0.000757896 -0.000203404 0.00103499 0.264816 0.000497342 0.116951 0.000378636 
5 0.25 54250000 7.01221 0.00802461 -0.638913 0.00366023 3.18594 0.0104053 33.4916 0.223119 0.000180413 0.000756845 -0.000203404 0.00103499 0.264816 0.000497342 0.116951 0.000378636 
5 0.25 54500000 7.01221 0.00797184 -0.638913 0.00364717 3.18594 0.0102417 33.4916 0.222255 0.000180413 0.000756462 -0.000203404 0.00103499 0.264816 0.000497342 0.116951 0.000373081 
5 0.25 54750000 7.01221 0.00797184 -0.638913 0.00363616 3.18594 0.0102417 33.4916 0.22138 0.000180413 0.000755037 -0.000203404 0.00103499 0.264816 0.000497342 0.116951 0.000373081 
5 0.25 55000000 7.01221 0.00797184 -0.638913 0.00362523 3.18594 0.0102417 33.4916 0.22075 0.000180413 0.000752936 -0.000203404 0.00103499 0.264816 0.000497342 0.116951 0.000373081 
5 0.25 55250000 7.01221 0.00797184 -0.638913 0.00361601 3.18594 0.0102417 33.4916 0.220436 0.000180413 0.000751381 -0.000203404 0.00103499 0.264816 0.000497342 0.116951 0.000373081 
5 0.25 55500000 7.01221 0.0078423 -0.638913 0.00360986 3.18594 0.0100957 33.4916 0.220016 0.000180413 0.000748764 -0.000203404 0.00103499 0.264816 0.000480305 0.116951 0.000369644 
5 0.25 55750000 7.01221 0.0078423 -0.638913 0.00360472 3.18594 0.0101051 33.4916 0.219454 0.000180413 0.000747887 -0.000203404 0.00103499 0.264816 0.000480305 0.116951 0.000369644 
5 0.25 56000000 7.01221 0.0078423 -0.638913 0.00359103 3.18594 0.0100838 33.4916 0.219697 0.000180413 0.000746501 -0.000203404 0.00103499 0.264816 0.000480305 0.116951 0.000369644 
5 0.25 56250000 7.01221 0.0078423 -0.638913 0.00358238 3.18594 0.0100838 33.4916 0.219402 0.000180413 0.00074424 -0.000203404 0.00103499 0.264816 0.000480305 0.116951 0.000369644 
5 0.25 56500000 7.01221 0.00777376 -0.638913 0.00356788 3.18594 0.0100838 33.4916 0.219423 0.000180413 0.000741964 -0.000203404 0.00103499 0.264816 0.000479279 0.116951 0.000364473 
5 0.25 56750000 7.01221 0.00777376 -0.638913 0.00356711 3.18594 0.0100838 33.4916 0.218548 0.000180413 0.000740129 -0.000203404 0.00103499 0.264816 0.000479279 0.116951 0.000364473 
5 0.25 57000000 7.01221 0.00777376 -0.638913 0.00355966 3.18594 0.0100838 33.4916 0.217674 0.000180413 0.000737036 -0.000203404 0.00103499 0.264816 0.000479279 0.116951 0.000364473 
5 0.25 57250000 7.01221 0.00777376 -0.638913 0.00355966 3.18594 0.0100838 33.4916 0.217337 0.000180413 0.00073409 -0.000203404 0.00103499 0.264816 0.000479279 0.116951 0.000364473 
5 0.25 57500000 7.01297 0.0076351 -0.637966 0.00353448 3.18491 0.00993386 33.4912 0.216846 -9.57019e-05 0.000731691 -0.000641702 0.00100238 0.264735 0.0004662 0.116924 0.000358108 
5 0.25 57750000 7.01297 0.0076351 -0.637966 0.00352425 3.18491 0.00992193 33.4912 0.216478 -9.57019e-05 0.000729468 -0.000641702 0.00100238 0.264735 0.0004662 0.116924 0.000358108 
5 0.25 58000000 7.01297 0.0076351 -0.637966 0.00351549 3.18491 0.00993002 33.4912 0.216477 -9.57019e-05 0.0007298 -0.000641702 0.00100238 0.264735 0.0004662 0.116924 0.000358108 
5 0.25 58250000 7.01297 0.0076351 -0.637966 0.00350592 3.18491 0.00991689 33.4912 0.21585 -9.57019e-05 0.000728033 -0.000641702 0.00100238 0.264735 0.0004662 0.116924 0.000358108 
5 0.25 58500000 7.01297 0.00758767 -0.637966 0.00350738 3.18491 0.00994344 33.4912 0.216203 -9.57019e-05 0.00072629 -0.000641702 0.00100238 0.264735 0.0004662 0.116924 0.000353008 
5 0.25 58750000 7.01297 0.00758767 -0.637966 0.00349638 3.18491 0.00992066 33.4912 0.21532 -9.57019e-05 0.000726927 -0.000641702 0.00100238 0.264735 0.0004662 0.116924 0.000351986 
5 0.25 59000000 7.01297 0.00758767 -0.637966 0.00348641 3.18491 0.00990895 33.4912 0.214652 -9.57019e-05 0.000724581 -0.000641702 0.00100238 0.264735 0.0004662 0.116924 0.000351936 
5 0.25 59250000 7.01297 0.00758767 -0.637966 0.0034738 3.18491 0.00990297 33.4912 0.2141 -9.57019e-05 0.000723225 -0.000641702 0.00100238 0.264735 0.0004662 0.116924 0.000351936 
5 0.25 59500000 7.01297 0.00745689 -0.637966 0.00346604 3.18491 0.00989522 33.4912 0.213862 -9.57019e-05 0.000721025 -0.000641702 0.00100238 0.264735 0.000452037 0.116924 0.000353589 
5 0.25 59750000 7.01297 0.00745689 -0.637966 0.00345318 3.18491 0.00985567 33.4912 0.213128 -9.57019e-05 0.000719347 -0.000641702 0.00100238 0.264735 0.000452037 0.116924 0.000353589 
5 0.25 60000000 7.01297 0.00745689 -0.637966 0.00344359 3.18491 0.00981577 33.4912 0.212423 -9.57019e-05 0.00071764 -0.000641702 0.00100238 0.264735 0.000452037 0.116924 0.000353589 
5 0.25 60250000 7.01297 0.00745689 -0.637966 0.0034342 3.18491 0.00980803 33.4912 0.212428 -9.57019e-05 0.000715781 -0.000641702 0.00100238 0.264735 0.000452037 0.116924 0.000353589 
5 0.25 60500000 7.01297 0.00735611 -0.637966 0.0034289 3.18491 0.00977779 33.4912 0.212007 -9.57019e-05 0.000718027 -0.000641702 0.00100238 0.264735 0.000452037 0.116924 0.000348324 
5 0.25 60750000 7.01297 0.00735611 -0.637966 0.0034289 3.18491 0.00976178 33.4912 0.211284 -9.57019e-05 0.000715528 -0.000641702 0.00100238 0.264735 0.000452037 0.116924 0.000348324 
5 0.25 61000000 7.01297 0.00735611 -0.637966 0.0034289 3.18491 0.00975395 33.4912 0.210956 -9.57019e-05 0.000713994 -0.000641702 0.00100238 0.264735 0.000452037 0.116924 0.000348324 
5 0.25 61250000 7.01297 0.00735611 -0.637966 0.0034289 3.18491 0.00974783 33.4912 0.210712 -9.57019e-05 0.000711135 -0.000641702 0.00100238 0.264735 0.000452037 0.116924 0.000348324 
5 0.25 61500000 7.01228 0.00723579 -0.637027 0.0033969 3.17995 0.0100096 33.4082 0.209933 -0.000242484 0.000711523 -0.000639452 0.00100238 0.264591 0.000448397 0.116758 0.000347675 
5 0.25 61750000 7.01228 0.00723579 -0.637027 0.00338868 3.17995 0.0100096 33.4082 0.209193 -0.000242484 0.000710199 -0.000639452 0.00100238 0.264591 0.000448397 0.116758 0.000347675 
5 0.25 62000000 7.01228 0.00723579 -0.637027 0.00338664 3.17995 0.0100096 33.4082 0.209144 -0.000242484 0.000708861 -0.000639452 0.00100238 0.264591 0.000448397 0.116758 0.000347675 
5 0.25 62250000 7.01228 0.00723579 -0.637027 0.00338816 3.17995 0.0100096 33.4082 0.209448 -0.000242484 0.000706406 -0.000639452 0.00100238 0.264591 0.000448397 0.116758 0.000347675 
5 0.25 62500000 7.01228 0.00711719 -0.637027 0.00338547 3.17995 0.0100096 33.4082 0.209333 -0.000242484 0.000705801 -0.000639452 0.00100238 0.264591 0.000448397 0.116758 0.00034336 
5 0.25 62750000 7.01228 0.00711719 -0.637027 0.00337532 3.17995 0.0100096 33.4082 0.208881 -0.000242484 0.000703445 -0.000639452 0.00100238 0.264591 0.000448397 0.116758 0.000342568 
5 0.25 63000000 7.01228 0.00711719 -0.637027 0.00336595 3.17995 0.0100096 33.4082 0.208364 -0.000242484 0.000703913 -0.000639452 0.00100238 0.264591 0.000448397 0.116758 0.000342344 
5 0.25 63250000 7.01228 0.00711719 -0.637027 0.00336802 3.17995 0.0100096 33.4082 0.208723 -0.000242484 0.000704892 -0.000639452 0.00100238 0.264591 0.000448397 0.116758 0.000342344 
5 0.25 63500000 7.01228 0.00711719 -0.637027 0.00335894 3.17995 0.0100096 33.4082 0.207966 -0.000242484 0.000703957 -0.000639452 0.00100238 0.264591 0.000448397 0.116758 0.000342344 
5 0.25 63750000 7.01228 0.0070138 -0.637027 0.00335229 3.17995 0.0100096 33.4082 0.2072 -0.000242484 0.000704771 -0.000639452 0.00100238 0.264591 0.000437997 0.116758 0.000340162 
5 0.25 64000000 7.01228 0.0070138 -0.637027 0.00334125 3.17995 0.0100096 33.4082 0.206616 -0.000242484 0.000703045 -0.000639452 0.00100238 0.264591 0.000437997 0.116758 0.000339223 
5 0.25 64250000 7.01228 0.0070138 -0.637027 0.00332657 3.17995 0.0100096 33.4082 0.199714 -0.000242484 0.000700791 -0.000639452 0.00100238 0.264591 0.000437997 0.116758 0.000338663 
5 0.25 64500000 7.01228 0.0070138 -0.637027 0.00332657 3.17995 0.0100096 33.4082 0.19936 -0.000242484 0.000699142 -0.000639452 0.00100238 0.264591 0.000437997 0.116758 0.000338663 
5 0.25 64750000 7.01228 0.00699988 -0.637027 0.00332657 3.17995 0.0100096 33.4082 0.198806 -0.000242484 0.000696853 -0.000639452 0.00100238 0.264591 0.000437997 0.116758 0.000333427 
5 0.25 65000000 7.01228 0.00699988 -0.637027 0.00332657 3.17995 0.0100096 33.4082 0.198503 -0.000242484 0.000694479 -0.000639452 0.00100238 0.264591 0.000437997 0.116758 0.000333427 
5 0.25 65250000 7.01228 0.00699988 -0.637027 0.00332657 3.17995 0.0100096 33.4082 0.198852 -0.000242484 0.000693175 -0.000639452 0.00100238 0.264591 0.000437997 0.116758 0.000333427 
5 0.25 65500000 7.01228 0.00699988 -0.637027 0.00332657 3.17995 0.0100096 33.4082 0.198505 -0.000242484 0.000690569 -0.000639452 0.00100238 0.264591 0.000437997 0.116758 0.000333427 
5 0.25 65750000 7.00868 0.00718069 -0.636558 0.0032135 3.18098 0.00943714 33.4384 0.199331 -0.00021882 0.000687938 -0.000273858 0.000942159 0.264476 0.000427676 0.116686 0.000328379 
5 0.25 66000000 7.00868 0.00718069 -0.636558 0.00320687 3.18098 0.00943714 33.4384 0.198801 -0.00021882 0.00069055 -0.000273858 0.000942159 0.264476 0.000427676 0.116686 0.000328379 
5 0.25 66250000 7.00868 0.00718069 -0.636558 0.00320033 3.18098 0.00943714 33.4384 0.199014 -0.00021882 0.000690876 -0.000273858 0.000942159 0.264476 0.000427676 0.116686 0.000328379 
5 0.25 66500000 7.00868 0.00718069 -0.636558 0.00319396 3.18098 0.00943714 33.4384 0.198498 -0.00021882 0.000689156 -0.000273858 0.000942159 0.264476 0.000427676 0.116686 0.000328379 
5 0.25 66750000 7.00868 0.00715148 -0.636558 0.00318906 3.18098 0.00943714 33.4384 0.197735 -0.00021882 0.000686907 -0.000273858 0.000942159 0.264476 0.000427676 0.116686 0.000323362 
5 0.25 67000000 7.00868 0.00715148 -0.636558 0.00317726 3.18098 0.00943714 33.4384 0.197274 -0.00021882 0.00068443 -0.000273858 0.000942159 0.264476 0.000427676 0.116686 0.000323362 
5 0.25 67250000 7.00868 0.00715148 -0.636558 0.00317159 3.18098 0.00943714 33.4384 0.197633 -0.00021882 0.000682153 -0.000273858 0.000942159 0.264476 0.000427676 0.116686 0.000323362 
5 0.25 67500000 7.00868 0.00715148 -0.636558 0.00316539 3.18098 0.00943714 33.4384 0.196991 -0.00021882 0.000679622 -0.000273858 0.000942159 0.264476 0.000427676 0.116686 0.000323362 
5 0.25 67750000 7.00868 0.00705087 -0.636558 0.00315397 3.18098 0.00943714 33.4384 0.196302 -0.00021882 0.000685216 -0.000273858 0.000942159 0.264476 0.000425439 0.116686 0.000324778 
5 0.25 68000000 7.00868 0.00705087 -0.636558 0.00315148 3.18098 0.00943714 33.4384 0.196319 -0.00021882 0.000682687 -0.000273858 0.000942159 0.264476 0.000425439 0.116686 0.000324778 
5 0.25 68250000 7.00868 0.00705087 -0.636558 0.00315148 3.18098 0.00943714 33.4384 0.195959 -0.00021882 0.000680408 -0.000273858 0.000942159 0.264476 0.000425439 0.116686 0.000324778 
5 0.25 68500000 7.00868 0.00705087 -0.636558 0.00315148 3.18098 0.00943714 33.4384 0.195959 -0.00021882 0.000681209 -0.000273858 0.000942159 0.264476 0.000425439 0.116686 0.000324778 
5 0.25 68750000 7.00868 0.00694775 -0.636558 0.00315148 3.18098 0.00943714 33.4384 0.195225 -0.00021882 0.000682356 -0.000273858 0.000942159 0.264476 0.000425439 0.116686 0.000324854 
5 0.25 69000000 7.00868 0.00694775 -0.636558 0.00315148 3.18098 0.00943714 33.4384 0.195008 -0.00021882 0.000691688 -0.000273858 0.000942159 0.264476 0.000425439 0.116686 0.000324854 
5 0.25 69250000 7.00868 0.00694775 -0.636558 0.00315148 3.18098 0.00943714 33.4384 0.193855 -0.00021882 0.000690832 -0.000273858 0.000942159 0.264476 0.000425439 0.116686 0.000324854 
5 0.25 69500000 7.00868 0.00694775 -0.636558 0.00315148 3.18098 0.00943714 33.4384 0.194003 -0.00021882 0.000688639 -0.000273858 0.000942159 0.264476 0.000425439 0.116686 0.000324854 
5 0.25 69750000 7.00944 0.00684748 -0.636256 0.00309375 3.18141 0.00928783 33.4355 0.19329 -0.000316292 0.000687744 2.74341e-05 0.000942159 0.264458 0.00041572 0.116661 0.000320312 
5 0.25 70000000 7.00944 0.00684748 -0.636256 0.00308373 3.18141 0.00928783 33.4355 0.193002 -0.000316292 0.000685463 2.74341e-05 0.000942159 0.264458 0.00041572 0.116661 0.000320312 
5 0.25 70250000 7.00944 0.00684748 -0.636256 0.00307858 3.18141 0.00928783 33.4355 0.192079 -0.000316292 0.000684365 2.74341e-05 0.000942159 0.264458 0.00041572 0.116661 0.000320312 
5 0.25 70500000 7.00944 0.00684748 -0.636256 0.00306781 3.18141 0.00928783 33.4355 0.191705 -0.000316292 0.000682569 2.74341e-05 0.000942159 0.264458 0.00041572 0.116661 0.000320312 
5 0.25 70750000 7.00944 0.00680275 -0.636256 0.00305873 3.18141 0.0091992 33.4355 0.190908 -0.000316292 0.000680097 2.74341e-05 0.000942159 0.264458 0.00041572 0.116661 0.000318619 
5 0.25 71000000 7.00944 0.00680275 -0.636256 0.00305098 3.18141 0.0091992 33.4355 0.190784 -0.000316292 0.000678085 2.74341e-05 0.000942159 0.264458 0.00041572 0.116661 0.000318619 
5 0.25 71250000 7.00944 0.00680275 -0.636256 0.00304141 3.18141 0.0091992 33.4355 0.190318 -0.000316292 0.000675912 2.74341e-05 0.000942159 0.264458 0.00041572 0.116661 0.000318619 
5 0.25 71500000 7.00944 0.00680275 -0.636256 0.0030329 3.18141 0.0091992 33.4355 0.190318 -0.000316292 0.000678803 2.74341e-05 0.000942159 0.264458 0.00041572 0.116661 0.000318619 
5 0.25 71750000 7.00944 0.00670603 -0.636256 0.0030263 3.18141 0.00906873 33.4355 0.189135 -0.000316292 0.00068514 2.74341e-05 0.000942159 0.264458 0.000404709 0.116661 0.000314549 
5 0.25 72000000 7.00944 0.00670603 -0.636256 0.0030179 3.18141 0.00906873 33.4355 0.19084 -0.000316292 0.000683317 2.74341e-05 0.000942159 0.264458 0.000404709 0.116661 0.000314549 
5 0.25 72250000 7.00944 0.00670603 -0.636256 0.00301455 3.18141 0.00906873 33.4355 0.190525 -0.000316292 0.000683836 2.74341e-05 0.000942159 0.264458 0.000404709 0.116661 0.000314549 
5 0.25 72500000 7.00944 0.00670603 -0.636256 0.00300922 3.18141 0.00906873 33.4355 0.190525 -0.000316292 0.000681492 2.74341e-05 0.000942159 0.264458 0.000404709 0.116661 0.000314549 
5 0.25 72750000 7.00944 0.00669391 -0.636256 0.00300328 3.18141 0.00895705 33.4355 0.190435 -0.000316292 0.000680548 2.74341e-05 0.000942159 0.264458 0.000404709 0.116661 0.000312615 
5 0.25 73000000 7.00944 0.00669391 -0.636256 0.0029933 3.18141 0.00895705 33.4355 0.190435 -0.000316292 0.000679371 2.74341e-05 0.000942159 0.264458 0.000404709 0.116661 0.000312615 
5 0.25 73250000 7.00944 0.00669391 -0.636256 0.00298444 3.18141 0.00895705 33.4355 0.189218 -0.000316292 0.000680919 2.74341e-05 0.000942159 0.264458 0.000404709 0.116661 0.000312615 
5 0.25 73500000 7.00944 0.00669391 -0.636256 0.00298212 3.18141 0.00895705 33.4355 0.189218 -0.000316292 0.000680737 2.74341e-05 0.000942159 0.264458 0.000404709 0.116661 0.000312615 
5 0.25 73750000 7.00944 0.00669391 -0.636256 0.00298055 3.18141 0.00895705 33.4355 0.189218 -0.000316292 0.000680737 2.74341e-05 0.000942159 0.264458 0.000404709 0.116661 0.000312615 
5 0.25 74000000 7.00938 0.00660915 -0.636176 0.00297455 3.18078 0.00884034 33.4503 0.188017 -0.000121722 0.000680154 0.000191591 0.000945481 0.264418 0.000393682 0.116649 0.00030932 
5 0.25 74250000 7.00938 0.00660915 -0.636176 0.00296776 3.18078 0.00884034 33.4503 0.188299 -0.000121722 0.000679888 0.000191591 0.000945481 0.264418 0.000393682 0.116649 0.00030932 
5 0.25 74500000 7.00938 0.00660915 -0.636176 0.00295984 3.18078 0.00884034 33.4503 0.189498 -0.000121722 0.000677875 0.000191591 0.000945481 0.264418 0.000393682 0.116649 0.00030932 
5 0.25 74750000 7.00938 0.00660915 -0.636176 0.00295003 3.18078 0.00884034 33.4503 0.189498 -0.000121722 0.000675577 0.000191591 0.000945481 0.264418 0.000393682 0.116649 0.00030932 
5 0.25 75000000 7.00938 0.00652013 -0.636176 0.00294808 3.18078 0.00874944 33.4503 0.188213 -0.000121722 0.000673327 0.000191591 0.000945481 0.264418 0.000393682 0.116649 0.000307585 
5 0.25 75250000 7.00938 0.00652013 -0.636176 0.00293918 3.18078 0.00874944 33.4503 0.188213 -0.000121722 0.000671332 0.000191591 0.000945481 0.264418 0.000393682 0.116649 0.000307585 
5 0.25 75500000 7.00938 0.00652013 -0.636176 0.00293222 3.18078 0.00874944 33.4503 0.187777 -0.000121722 0.000669668 0.000191591 0.000945481 0.264418 0.000393682 0.116649 0.000307585 
5 0.25 75750000 7.00938 0.00652013 -0.636176 0.0029232 3.18078 0.00874944 33.4503 0.187777 -0.000121722 0.00066854 0.000191591 0.000945481 0.264418 0.000393682 0.116649 0.000307585 
5 0.25 76000000 7.00938 0.00643761 -0.636176 0.00292437 3.18078 0.00864013 33.4503 0.187437 -0.000121722 0.000666288 0.000191591 0.000945481 0.264418 0.00038641 0.116649 0.000303432 
5 0.25 76250000 7.00938 0.00643761 -0.636176 0.00292597 3.18078 0.00864013 33.4503 0.186939 -0.000121722 0.000668044 0.000191591 0.000945481 0.264418 0.00038641 0.116649 0.000303432 
5 0.25 76500000 7.00938 0.00643761 -0.636176 0.00292288 3.18078 0.00864013 33.4503 0.186383 -0.000121722 0.000666517 0.000191591 0.000945481 0.264418 0.00038641 0.116649 0.000303432 
5 0.25 76750000 7.00938 0.00643761 -0.636176 0.00291541 3.18078 0.00864013 33.4503 0.185862 -0.000121722 0.000665292 0.000191591 0.000945481 0.264418 0.00038641 0.116649 0.000303432 
5 0.25 77000000 7.00938 0.00647031 -0.636176 0.00291016 3.18078 0.00852627 33.4503 0.185439 -0.000121722 0.000663271 0.000191591 0.000945481 0.264418 0.00038641 0.116649 0.000299396 
5 0.25 77250000 7.00938 0.00647031 -0.636176 0.00290141 3.18078 0.00852627 33.4503 0.185695 -0.000121722 0.000663898 0.000191591 0.000945481 0.264418 0.00038641 0.116649 0.000299396 
5 0.25 77500000 7.00938 0.00647031 -0.636176 0.00290952 3.18078 0.00852627 33.4503 0.186959 -0.000121722 0.000665468 0.000191591 0.000945481 0.264418 0.00038641 0.116649 0.000299396 
5 0.25 77750000 7.00938 0.00647031 -0.636176 0.00290901 3.18078 0.00852627 33.4503 0.186355 -0.000121722 0.000663308 0.000191591 0.000945481 0.264418 0.00038641 0.116649 0.000299396 
5 0.25 78000000 7.0115 0.00651288 -0.636491 0.00290499 3.1806 0.00844074 33.4828 0.186075 -0.000255484 0.000661193 4.96595e-05 0.000945481 0.264443 0.000383338 0.116666 0.000296424 
5 0.25 78250000 7.0115 0.00651288 -0.636491 0.00290255 3.1806 0.00844074 33.4828 0.185593 -0.000255484 0.000659744 4.96595e-05 0.000945481 0.264443 0.000382692 0.116666 0.000296424 
5 0.25 78500000 7.0115 0.00651288 -0.636491 0.0028965 3.1806 0.00844074 33.4828 0.184989 -0.000255484 0.00065885 4.96595e-05 0.000945481 0.264443 0.000381545 0.116666 0.000296424 
5 0.25 78750000 7.0115 0.00651288 -0.636491 0.0028962 3.1806 0.00844074 33.4828 0.18462 -0.000255484 0.000659932 4.96595e-05 0.000945481 0.264443 0.000381516 0.116666 0.000296424 
5 0.25 79000000 7.0115 0.0064336 -0.636491 0.00289335 3.1806 0.00839756 33.4828 0.184721 -0.000255484 0.000658346 4.96595e-05 0.000945481 0.264443 0.00038098 0.116666 0.000297574 
5 0.25 79250000 7.0115 0.0064336 -0.636491 0.00289107 3.1806 0.00839756 33.4828 0.18629 -0.000255484 0.000659043 4.96595e-05 0.000945481 0.264443 0.000381074 0.116666 0.000297574 
5 0.25 79500000 7.0115 0.0064336 -0.636491 0.00288674 3.1806 0.00839756 33.4828 0.185859 -0.000255484 0.000656917 4.96595e-05 0.000945481 0.264443 0.000380446 0.116666 0.000297574 
5 0.25 79750000 7.0115 0.0064336 -0.636491 0.00288411 3.1806 0.00839756 33.4828 0.185331 -0.000255484 0.000656043 4.96595e-05 0.000945481 0.264443 0.000380118 0.116666 0.000297574 
5 0.25 80000000 7.0115 0.00637634 -0.636491 0.00288023 3.1806 0.00846407 33.4828 0.184826 -0.000255484 0.000656045 4.96595e-05 0.000945481 0.264443 0.000379132 0.116666 0.000294739 
5 0.25 80250000 7.0115 0.00637634 -0.636491 0.00287533 3.1806 0.00846407 33.4828 0.184452 -0.000255484 0.0006542 4.96595e-05 0.000945481 0.264443 0.000378619 0.116666 0.000294739 
5 0.25 80500000 7.0115 0.00637634 -0.636491 0.00286717 3.1806 0.00846407 33.4828 0.18387 -0.000255484 0.000652138 4.96595e-05 0.000945481 0.264443 0.000377536 0.116666 0.000294739 
5 0.25 80750000 7.0115 0.00637634 -0.636491 0.00286013 3.1806 0.00846407 33.4828 0.183298 -0.000255484 0.000650255 4.96595e-05 0.000945481 0.264443 0.000376752 0.116666 0.000294739 
5 0.25 81000000 7.0115 0.00631619 -0.636491 0.00285193 3.1806 0.00836645 33.4828 0.182735 -0.000255484 0.000658586 4.96595e-05 0.000945481 0.264443 0.000375892 0.116666 0.000293389 
5 0.25 81250000 7.0115 0.00631619 -0.636491 0.00284835 3.1806 0.00836645 33.4828 0.182202 -0.000255484 0.000658086 4.96595e-05 0.000945481 0.264443 0.000375121 0.116666 0.000293389 
5 0.25 81500000 7.0115 0.00631619 -0.636491 0.00284078 3.1806 0.00836645 33.4828 0.181721 -0.000255484 0.000657 4.96595e-05 0.000945481 0.264443 0.000374413 0.116666 0.000293389 
5 0.25 81750000 7.0115 0.00631619 -0.636491 0.00283885 3.1806 0.00836645 33.4828 0.181151 -0.000255484 0.000656607 4.96595e-05 0.000945481 0.264443 0.00037386 0.116666 0.000293389 
5 0.25 82000000 7.01101 0.00665861 -0.637354 0.00283035 3.17925 0.00826679 33.4714 0.18079 -0.000162566 0.000655069 -1.17384e-05 0.000872523 0.264551 0.000372731 0.116726 0.000289837 
5 0.25 82250000 7.01101 0.00665861 -0.637354 0.00282916 3.17925 0.00826679 33.4714 0.180259 -0.000162566 0.000654741 -1.17384e-05 0.000872523 0.264551 0.000372997 0.116726 0.000289837 
5 0.25 82500000 7.01101 0.00665861 -0.637354 0.00282563 3.17925 0.00826679 33.4714 0.179783 -0.000162566 0.000655304 -1.17384e-05 0.000872523 0.264551 0.000371919 0.116726 0.000289837 
5 0.25 82750000 7.01101 0.00665861 -0.637354 0.00282281 3.17925 0.00826679 33.4714 0.179414 -0.000162566 0.000654508 -1.17384e-05 0.000872523 0.264551 0.000372074 0.116726 0.000289837 
5 0.25 83000000 7.01101 0.00665861 -0.637354 0.0028176 3.17925 0.00818333 33.4714 0.178873 -0.000162566 0.000652558 -1.17384e-05 0.000872523 0.264551 0.000371174 0.116726 0.000286602 
5 0.25 83250000 7.01101 0.00665861 -0.637354 0.00281009 3.17925 0.00818333 33.4714 0.178688 -0.000162566 0.000651598 -1.17384e-05 0.000872523 0.264551 0.000370107 0.116726 0.000286326 
5 0.25 83500000 7.01101 0.00665861 -0.637354 0.00280563 3.17925 0.00818333 33.4714 0.178146 -0.000162566 0.0006496 -1.17384e-05 0.000872523 0.264551 0.000369576 0.116726 0.000286326 
5 0.25 83750000 7.01101 0.00665861 -0.637354 0.00279937 3.17925 0.00818333 33.4714 0.178029 -0.000162566 0.000647645 -1.17384e-05 0.000872523 0.264551 0.00036894 0.116726 0.000286326 
5 0.25 84000000 7.01101 0.00665861 -0.637354 0.00279143 3.17925 0.00812279 33.4714 0.17749 -0.000162566 0.00064622 -1.17384e-05 0.000872523 0.264551 0.000368431 0.116726 0.000283798 
5 0.25 84250000 7.01101 0.00665861 -0.637354 0.00278476 3.17925 0.00812279 33.4714 0.176951 -0.000162566 0.000644368 -1.17384e-05 0.000872523 0.264551 0.000367354 0.116726 0.000283798 
5 0.25 84500000 7.01101 0.00665861 -0.637354 0.00279154 3.17925 0.00812279 33.4714 0.176951 -0.000162566 0.000644368 -1.17384e-05 0.000872523 0.264551 0.000367779 0.116726 0.000283798 
5 0.25 84750000 7.01101 0.00665861 -0.637354 0.00279047 3.17925 0.00812279 33.4714 0.176415 -0.000162566 0.000642477 -1.17384e-05 0.000872523 0.264551 0.000367386 0.116726 0.000283798 
5 0.25 85000000 7.01101 0.00665861 -0.637354 0.00278221 3.17925 0.00812279 33.4714 0.175909 -0.000162566 0.000643401 -1.17384e-05 0.000872523 0.264551 0.000366794 0.116726 0.000283798 
5 0.25 85250000 7.01101 0.00665861 -0.637354 0.00277429 3.17925 0.00803562 33.4714 0.175379 -0.000162566 0.000641676 -1.17384e-05 0.000872523 0.264551 0.000365747 0.116726 0.000281163 
5 0.25 85500000 7.01101 0.00665861 -0.637354 0.0027721 3.17925 0.00803562 33.4714 0.175198 -0.000162566 0.000640707 -1.17384e-05 0.000872523 0.264551 0.0003649 0.116726 0.00028047 
5 0.25 85750000 7.01101 0.00665861 -0.637354 0.00276857 3.17925 0.00803562 33.4714 0.175296 -0.000162566 0.000638864 -1.17384e-05 0.000872523 0.264551 0.000363911 0.116726 0.000280416 
5 0.25 86000000 7.01101 0.00665861 -0.637354 0.00276315 3.17925 0.00803562 33.4714 0.175138 -0.000162566 0.000636957 -1.17384e-05 0.000872523 0.264551 0.000363228 0.116726 0.000280416 
5 0.25 86250000 7.01101 0.00665861 -0.637354 0.00275976 3.17925 0.00795787 33.4714 0.174669 -0.000162566 0.00063794 -1.17384e-05 0.000872523 0.264551 0.000363041 0.116726 0.000279692 
5 0.25 86500000 7.01101 0.00665861 -0.637354 0.00275297 3.17925 0.0079534 33.4714 0.174333 -0.000162566 0.00063677 -1.17384e-05 0.000872523 0.264551 0.000362016 0.116726 0.000278961 
5 0.25 86750000 7.01101 0.00665861 -0.637354 0.00274991 3.17925 0.0079534 33.4714 0.174072 -0.000162566 0.000634901 -1.17384e-05 0.000872523 0.264551 0.000361115 0.116726 0.000278456 
5 0.25 87000000 7.01101 0.00665861 -0.637354 0.00274321 3.17925 0.0079534 33.4714 0.173595 -0.000162566 0.00063318 -1.17384e-05 0.000872523 0.264551 0.000360499 0.116726 0.000277997 
5 0.25 87250000 7.01101 0.00665861 -0.637354 0.00273614 3.17925 0.00790384 33.4714 0.173147 -0.000162566 0.000631595 -1.17384e-05 0.000872523 0.264551 0.000359533 0.116726 0.000277282 
5 0.25 87500000 7.01101 0.00665861 -0.637354 0.00272814 3.17925 0.00788789 33.4714 0.172909 -0.000162566 0.000629933 -1.17384e-05 0.000872523 0.264551 0.000358568 0.116726 0.000276579 
5 0.25 87750000 7.01101 0.00665861 -0.637354 0.00273213 3.17925 0.00791654 33.4714 0.173243 -0.000162566 0.000628594 -1.17384e-05 0.000872523 0.264551 0.00035904 0.116726 0.000277165 
5 0.25 88000000 7.01101 0.00665861 -0.637354 0.00272776 3.17925 0.00790442 33.4714 0.173014 -0.000162566 0.000626787 -1.17384e-05 0.000872523 0.264551 0.000358216 0.116726 0.000276428 
5 0.25 88250000 7.01101 0.00665861 -0.637354 0.00273296 3.17925 0.00788859 33.4714 0.172523 -0.000162566 0.000625167 -1.17384e-05 0.000872523 0.264551 0.000358483 0.116726 0.000276588 
5 0.25 88500000 7.01101 0.00665861 -0.637354 0.00272514 3.17925 0.00787159 33.4714 0.172169 -0.000162566 0.000625044 -1.17384e-05 0.000872523 0.264551 0.000357574 0.116726 0.000275862 
5 0.25 88750000 7.01101 0.00665861 -0.637354 0.00272099 3.17925 0.0078541 33.4714 0.171834 -0.000162566 0.000624522 -1.17384e-05 0.000872523 0.264551 0.000357026 0.116726 0.00027526 
5 0.25 89000000 7.01101 0.00665861 -0.637354 0.00271803 3.17925 0.00783972 33.4714 0.171383 -0.000162566 0.000622803 -1.17384e-05 0.000872523 0.264551 0.000356196 0.116726 0.000274858 
5 0.25 89250000 7.01101 0.00665861 -0.637354 0.00271204 3.17925 0.00782293 33.4714 0.171044 -0.000162566 0.000621243 -1.17384e-05 0.000872523 0.264551 0.000355182 0.116726 0.000274104 
5 0.25 89500000 7.01101 0.00665861 -0.637354 0.00270456 3.17925 0.00781113 33.4714 0.171639 -0.000162566 0.000619479 -1.17384e-05 0.000872523 0.264551 0.000354586 0.116726 0.000273788 
5 0.25 89750000 7.01101 0.00665861 -0.637354 0.00270531 3.17925 0.00780519 33.4714 0.171155 -0.000162566 0.000617754 -1.17384e-05 0.000872523 0.264551 0.000354359 0.116726 0.000273437 
5 0.25 90000000 7.01101 0.00665861 -0.637354 0.0026976 3.17925 0.00778934 33.4714 0.17071 -0.000162566 0.000616096 -1.17384e-05 0.000872523 0.264551 0.000353776 0.116726 0.000272912 
5 0.25 90250000 7.01163 0.00665861 -0.636899 0.00269008 3.1779 0.00776806 33.4622 0.170417 -0.000108108 0.000615487 0.000186386 0.000815386 0.264568 0.000352805 0.116713 0.000272162 
5 0.25 90500000 7.01163 0.00665861 -0.636899 0.00268691 3.1779 0.00774908 33.4622 0.17004 -0.000108108 0.000615732 0.000186386 0.000815386 0.264568 0.000352429 0.116713 0.000271517 
5 0.25 90750000 7.01163 0.00665861 -0.636899 0.00269104 3.1779 0.00776833 33.4622 0.170456 -0.000108108 0.000614056 0.000186386 0.000815386 0.264568 0.000354115 0.116713 0.000273221 
5 0.25 91000000 7.01163 0.00665861 -0.636899 0.00268533 3.1779 0.00775656 33.4622 0.170245 -0.000108108 0.000613146 0.000186386 0.000815386 0.264568 0.000353728 0.116713 0.000272604 
5 0.25 91250000 7.01163 0.00665861 -0.636899 0.00268162 3.1779 0.00775484 33.4622 0.17014 -0.000108108 0.000611506 0.000186386 0.000815386 0.264568 0.000353017 0.116713 0.000272076 
5 0.25 91500000 7.01163 0.00665861 -0.636899 0.00267861 3.1779 0.00773321 33.4622 0.169679 -0.000108108 0.00060999 0.000186386 0.000815386 0.264568 0.000352109 0.116713 0.000271362 
5 0.25 91750000 7.01163 0.00665861 -0.636899 0.00267474 3.1779 0.00771544 33.4622 0.169317 -0.000108108 0.000608287 0.000186386 0.000815386 0.264568 0.000351511 0.116713 0.000270655 
5 0.25 92000000 7.01163 0.00665861 -0.636899 0.0026681 3.1779 0.0076975 33.4622 0.168866 -0.000108108 0.000607572 0.000186386 0.000815386 0.264568 0.000350595 0.116713 0.000270082 
5 0.25 92250000 7.01163 0.00665861 -0.636899 0.00266405 3.1779 0.00767797 33.4622 0.168427 -0.000108108 0.000606213 0.000186386 0.000815386 0.264568 0.000349689 0.116713 0.000269438 
5 0.25 92500000 7.01163 0.00665861 -0.636899 0.00265992 3.1779 0.00765976 33.4622 0.168143 -0.000108108 0.000604883 0.000186386 0.000815386 0.264568 0.000349237 0.116713 0.000268811 
5 0.25 92750000 7.01163 0.00665861 -0.636899 0.00265264 3.1779 0.0076504 33.4622 0.167896 -0.000108108 0.000603411 0.000186386 0.000815386 0.264568 0.000348677 0.116713 0.000268495 
5 0.25 93000000 7.01163 0.00665861 -0.636899 0.00264714 3.1779 0.0076447 33.4622 0.16787 -0.000108108 0.000602229 0.000186386 0.000815386 0.264568 0.00034816 0.116713 0.000268264 
5 0.25 93250000 7.01163 0.00665861 -0.636899 0.00264311 3.1779 0.00763147 33.4622 0.167517 -0.000108108 0.000600994 0.000186386 0.000815386 0.264568 0.00034752 0.116713 0.000267743 
5 0.25 93500000 7.01163 0.00665861 -0.636899 0.00264075 3.1779 0.00764337 33.4622 0.168 -0.000108108 0.000600538 0.000186386 0.000815386 0.264568 0.000347297 0.116713 0.000267787 
5 0.25 93750000 7.01163 0.00665861 -0.636899 0.00263706 3.1779 0.0076287 33.4622 0.167608 -0.000108108 0.000599042 0.000186386 0.000815386 0.264568 0.000346637 0.116713 0.000267379 
5 0.25 94000000 7.01163 0.00665861 -0.636899 0.00263047 3.1779 0.00761503 33.4622 0.167319 -0.000108108 0.000598859 0.000186386 0.000815386 0.264568 0.000345698 0.116713 0.000266655 
5 0.25 94250000 7.01163 0.00665861 -0.636899 0.00262368 3.1779 0.00760601 33.4622 0.167011 -0.000108108 0.000599819 0.000186386 0.000815386 0.264568 0.00034482 0.116713 0.000265931 
5 0.25 94500000 7.01163 0.00665861 -0.636899 0.00261871 3.1779 0.00760363 33.4622 0.166683 -0.000108108 0.000598194 0.000186386 0.000815386 0.264568 0.000344379 0.116713 0.000265644 
5 0.25 94750000 7.01163 0.00665861 -0.636899 0.00261326 3.1779 0.00758446 33.4622 0.166274 -0.000108108 0.000597726 0.000186386 0.000815386 0.264568 0.000343486 0.116713 0.000264929 
5 0.25 95000000 7.01163 0.00665861 -0.636899 0.00261292 3.1779 0.00757595 33.4622 0.16605 -0.000108108 0.000597726 0.000186386 0.000815386 0.264568 0.000343617 0.116713 0.000264948 
5 0.25 95250000 7.01163 0.00665861 -0.636899 0.00260997 3.1779 0.00759921 33.4622 0.166261 -0.000108108 0.000596887 0.000186386 0.000815386 0.264568 0.000343937 0.116713 0.00026525 
5 0.25 95500000 7.01163 0.00665861 -0.636899 0.00260534 3.1779 0.00759383 33.4622 0.166066 -0.000108108 0.000596484 0.000186386 0.000815386 0.264568 0.000343517 0.116713 0.000265171 
5 0.25 95750000 7.01163 0.00665861 -0.636899 0.00259938 3.1779 0.00758374 33.4622 0.165869 -0.000108108 0.000594932 0.000186386 0.000815386 0.264568 0.000342631 0.116713 0.000264755 
5 0.25 96000000 7.01163 0.00665861 -0.636899 0.00259701 3.1779 0.00757017 33.4622 0.165623 -0.000108108 0.00059385 0.000186386 0.000815386 0.264568 0.000341846 0.116713 0.000264137 
5 0.25 96250000 7.01163 0.00665861 -0.636899 0.00259116 3.1779 0.00755304 33.4622 0.16528 -0.000108108 0.000592402 0.000186386 0.000815386 0.264568 0.00034108 0.116713 0.00026377 
5 0.25 96500000 7.01163 0.00665861 -0.636899 0.00258473 3.1779 0.00753883 33.4622 0.165026 -0.000108108 0.000590827 0.000186386 0.000815386 0.264568 0.000340626 0.116713 0.000263522 
5 0.25 96750000 7.01163 0.00665861 -0.636899 0.00257925 3.1779 0.00752023 33.4622 0.164675 -0.000108108 0.000589972 0.000186386 0.000815386 0.264568 0.000339996 0.116713 0.000263133 
5 0.25 97000000 7.01163 0.00665861 -0.636899 0.00257288 3.1779 0.0075054 33.4622 0.164438 -0.000108108 0.000590735 0.000186386 0.000815386 0.264568 0.000339129 0.116713 0.000262445 
5 0.25 97250000 7.01163 0.00665861 -0.636899 0.0025665 3.1779 0.007493 33.4622 0.164125 -0.000108108 0.000590066 0.000186386 0.000815386 0.264568 0.000338363 0.116713 0.000261873 
5 0.25 97500000 7.01163 0.00665861 -0.636899 0.00256048 3.1779 0.00748541 33.4622 0.164198 -0.000108108 0.00058946 0.000186386 0.000815386 0.264568 0.000337615 0.116713 0.000261458 
5 0.25 97750000 7.01163 0.00665861 -0.636899 0.00255503 3.1779 0.00747628 33.4622 0.163923 -0.000108108 0.000590555 0.000186386 0.000815386 0.264568 0.000336858 0.116713 0.000261205 
5 0.25 98000000 7.01163 0.00665861 -0.636899 0.00254889 3.1779 0.00745675 33.4622 0.163571 -0.000108108 0.000589031 0.000186386 0.000815386 0.264568 0.000336037 0.116713 0.000261205 
5 0.25 98250000 7.01163 0.00665861 -0.636899 0.00254325 3.1779 0.00744783 33.4622 0.163207 -0.000108108 0.000587564 0.000186386 0.000815386 0.264568 0.000335563 0.116713 0.000261205 
5 0.25 98500000 7.00974 0.00566972 -0.63688 0.00253922 3.17779 0.00744766 33.4395 0.16308 7.51251e-06 0.000586108 -0.000103941 0.000797451 0.264553 0.000335212 0.116703 0.000260433 
5 0.25 98750000 7.00974 0.00566972 -0.63688 0.00253614 3.17779 0.00743458 33.4395 0.162801 7.51251e-06 0.000585097 -0.000103941 0.000797451 0.264553 0.000334991 0.116703 0.000260433 
5 0.25 99000000 7.00974 0.00566972 -0.63688 0.00253036 3.17779 0.00741839 33.4395 0.162419 7.51251e-06 0.000585545 -0.000103941 0.000797451 0.264553 0.000334193 0.116703 0.000260433 
5 0.25 99250000 7.00974 0.00566972 -0.63688 0.0025279 3.17779 0.00741538 33.4395 0.16237 7.51251e-06 0.000584553 -0.000103941 0.000797451 0.264553 0.000333643 0.116703 0.000260433 
5 0.25 99500000 7.00974 0.00566972 -0.63688 0.00252197 3.17779 0.00740918 33.4395 0.162541 7.51251e-06 0.000584117 -0.000103941 0.000797451 0.264553 0.000332788 0.116703 0.000258569 
5 0.25 99750000 7.00974 0.00566972 -0.63688 0.00251758 3.17779 0.00741265 33.4395 0.162396 7.51251e-06 0.000583296 -0.000103941 0.000797451 0.264553 0.000332061 0.116703 0.000258569 
5 0.25 100000000 7.00974 0.00566972 -0.63688 0.00251313 3.17779 0.00740207 33.4395 0.162145 7.51251e-06 0.000581805 -0.000103941 0.000797451 0.264553 0.000331661 0.116703 0.000258569 
