L J MC_steps R2 R2_std E E_std E2 E2_std E4 E4_std Sin1 Sin1_std Cos1 Cos1_std Mag2 Mag2_std Mag4 Mag4_std
5 0 250000 7.09375 0.144315 -0.0573119 0.0580682 2.24364 0.119658 16.03 1.96582 -0.00730375 0.0130869 -0.00949647 0.0128007 0.210305 0.00681163 0.0775832 0.00450694 
5 0 500000 7.07031 0.0962899 -0.0406823 0.0370892 2.28563 0.0822616 17.3617 1.55845 -0.00177522 0.00872116 -0.00106412 0.00986403 0.205345 0.00531986 0.07499 0.00300964 
5 0 750000 7.06037 0.0719528 -0.0192126 0.0291152 2.29272 0.0695075 17.2498 1.22021 0.00111691 0.00666177 -0.00320111 0.0073823 0.202051 0.0038082 0.0731099 0.00233018 
5 0 1000000 7.11927 0.0610136 -0.0229402 0.0252288 2.28661 0.0568042 16.6586 0.998621 -0.00373119 0.00641966 -0.000590341 0.00580234 0.201474 0.00295751 0.072557 0.00199486 
5 0 1250000 7.13734 0.052249 -0.0210493 0.0238059 2.29164 0.0493901 16.9589 0.880722 -0.00277916 0.0057663 0.000831184 0.00473702 0.202333 0.0026975 0.073554 0.0018044 
5 0 1500000 7.12287 0.0479216 -0.0154191 0.0210834 2.29665 0.0452756 17.0722 0.793154 -0.0017583 0.00507253 0.00308468 0.00427326 0.201792 0.00238037 0.073171 0.00162395 
5 0 1750000 7.10487 0.0487684 -0.0198338 0.0189885 2.30337 0.0414294 17.2193 0.73317 -0.00179602 0.00464349 0.00398801 0.00391229 0.202865 0.00223541 0.0739528 0.00152388 
5 0 2000000 7.11042 0.0430271 -0.028402 0.017688 2.30135 0.0401184 17.1796 0.689401 -0.00162222 0.00410127 0.00291338 0.00366811 0.204054 0.00230986 0.0743915 0.00142065 
5 0 2250000 7.11052 0.0429039 -0.023669 0.0163289 2.29589 0.0364713 17.0348 0.621641 -0.0012345 0.00374676 0.00209336 0.00344462 0.203577 0.00211711 0.0740104 0.00128877 
5 0 2500000 7.10362 0.0389979 -0.0273532 0.0153501 2.29585 0.0341151 17.1855 0.586707 -0.000203787 0.00347772 0.00521363 0.00348607 0.203826 0.00190177 0.0741545 0.00120736 
5 0 2750000 7.09648 0.0361925 -0.0339123 0.0152401 2.29884 0.031714 17.2599 0.552985 5.98083e-05 0.00331003 0.00490743 0.00331081 0.204372 0.00179473 0.0744858 0.00114341 
5 0 3000000 7.10192 0.0335275 -0.0323285 0.0140528 2.29642 0.0299111 17.0216 0.521611 -0.000994611 0.00320101 0.00388562 0.00323754 0.203614 0.00176439 0.0739748 0.00108241 
5 0 3250000 7.10091 0.0316457 -0.0284246 0.0134819 2.30834 0.0286075 17.0743 0.497227 -0.000208121 0.00306056 0.00384883 0.00302635 0.203871 0.00170685 0.0741702 0.0010409 
5 0 3500000 7.09826 0.030437 -0.0225554 0.0135191 2.30071 0.0279103 17.0456 0.479043 -0.000813222 0.00286195 0.00323439 0.00293853 0.203067 0.00169574 0.0737127 0.00099655 
5 0 3750000 7.09528 0.0298269 -0.0232477 0.0125711 2.29815 0.0270915 16.957 0.466623 -0.00132693 0.00283889 0.00289747 0.00283573 0.202943 0.00157918 0.0736136 0.000956164 
5 0 4000000 7.08607 0.0295937 -0.0192877 0.012341 2.30337 0.0266351 17.0171 0.468344 -0.000389515 0.00268136 0.00270611 0.00272102 0.202482 0.00153967 0.0734059 0.000941082 
5 0 4250000 7.09534 0.0289253 -0.018192 0.0116182 2.31011 0.0263263 17.1172 0.452709 -0.00086238 0.00257845 0.00282291 0.00261929 0.202454 0.0014437 0.0734126 0.000907851 
5 0 4500000 7.09364 0.0279667 -0.0139153 0.0116955 2.30381 0.025146 17.0367 0.435345 -0.00065729 0.00249619 0.00223646 0.00254778 0.20221 0.00139496 0.0730917 0.000875163 
5 0 4750000 7.08648 0.0271337 -0.0151765 0.0111135 2.30415 0.0244791 17.0238 0.422539 -0.000506298 0.00240663 0.00255195 0.00245525 0.202011 0.00132481 0.0729248 0.000857984 
5 0 5000000 7.08059 0.0259472 -0.00935307 0.0119574 2.30163 0.0239519 16.9937 0.410569 -0.00060297 0.00234154 0.00222424 0.00238823 0.201455 0.00136846 0.0726494 0.00085105 
5 0 5250000 7.07725 0.0253859 -0.00796462 0.0117029 2.30734 0.0231968 17.0421 0.399563 -0.000667427 0.00227534 0.000907571 0.00241378 0.201038 0.00174061 0.0725018 0.00105963 
5 0 5500000 7.07725 0.0247059 -0.00796462 0.0117029 2.30734 0.0230229 17.0421 0.394875 -0.000667427 0.00221218 0.000907571 0.00241378 0.201038 0.00174061 0.0725018 0.00105963 
5 0 5750000 7.06392 0.024041 -0.0116931 0.0117029 2.31338 0.0227139 17.2151 0.40014 -0.000920352 0.00214063 0.000928258 0.00222236 0.20138 0.00174061 0.0727257 0.00105963 
5 0 6000000 7.06392 0.023644 -0.0116931 0.0117029 2.31338 0.0222516 17.2151 0.389077 -0.000920352 0.00212168 0.000928258 0.00219443 0.20138 0.00174061 0.0727257 0.00105963 
5 0 6250000 7.05249 0.0272828 -0.0141268 0.0112584 2.30957 0.0218625 17.225 0.380861 0.000267935 0.00205921 0.000735651 0.00213128 0.201502 0.00151099 0.072763 0.000914654 
5 0 6500000 7.05249 0.0272828 -0.0141268 0.0112584 2.30957 0.0212973 17.225 0.370831 0.000267935 0.00205457 0.000735651 0.00207727 0.201502 0.00151099 0.072763 0.000914654 
5 0 6750000 7.04928 0.0272828 -0.0170672 0.0112584 2.31822 0.0208866 17.2587 0.360446 0.000227601 0.00202696 0.00055793 0.00202404 0.201409 0.00151099 0.072784 0.000914654 
5 0 7000000 7.04928 0.0272828 -0.0170672 0.0112584 2.31822 0.0203245 17.2587 0.354084 0.000227601 0.00197347 0.00055793 0.00198287 0.201409 0.00151099 0.072784 0.000914654 
5 0 7250000 7.05992 0.0243757 -0.0139679 0.009665 2.31166 0.0199748 17.1296 0.348803 0.000326165 0.00193563 0.000512432 0.00194137 0.201016 0.001371 0.0724726 0.000828816 
5 0 7500000 7.05992 0.0243757 -0.0139679 0.00965122 2.31166 0.0196879 17.1296 0.341951 0.000326165 0.00190255 0.000512432 0.00190203 0.201016 0.001371 0.0724726 0.000828816 
5 0 7750000 7.05755 0.0243757 -0.0135341 0.00965122 2.30978 0.0195056 17.1206 0.341924 -0.000359279 0.00187309 0.000268133 0.00187528 0.200802 0.001371 0.0723657 0.000828816 
5 0 8000000 7.05755 0.0243757 -0.0135341 0.00965122 2.30978 0.0190736 17.1206 0.335757 -0.000359279 0.00183255 0.000268133 0.00184405 0.200802 0.001371 0.0723657 0.000828816 
5 0 8250000 7.05127 0.0228118 -0.0113198 0.00895767 2.31059 0.0187723 17.11 0.329013 -0.00104634 0.00180936 0.000991157 0.00183361 0.200869 0.00120751 0.0723547 0.000733548 
5 0 8500000 7.05127 0.0228118 -0.0113198 0.00880061 2.31059 0.0184535 17.11 0.324712 -0.00104634 0.00177436 0.000991157 0.00179563 0.200869 0.00120751 0.0723547 0.000733548 
5 0 8750000 7.05319 0.0228118 -0.00737287 0.00890396 2.30995 0.0181888 17.0944 0.319112 -0.00106967 0.00174576 0.00110984 0.00175568 0.200454 0.00120751 0.0721678 0.000733548 
5 0 9000000 7.05319 0.0228118 -0.00737287 0.0089152 2.30995 0.0180291 17.0944 0.316482 -0.00106967 0.00172544 0.00110984 0.00172098 0.200454 0.00120751 0.0721678 0.000733548 
5 0 9250000 7.0549 0.0205647 -0.00532986 0.00964825 2.30616 0.0179244 17.1201 0.317885 -0.000939104 0.00171204 0.00133768 0.00169737 0.200193 0.00124803 0.0719936 0.000735582 
5 0 9500000 7.0549 0.0205647 -0.00532986 0.00964825 2.30616 0.0177059 17.1201 0.316871 -0.000939104 0.00168634 0.00133768 0.0016634 0.200193 0.00124803 0.0719936 0.000735582 
5 0 9750000 7.0549 0.0205647 -0.00532986 0.00964825 2.30616 0.0174949 17.1201 0.311832 -0.000939104 0.00166714 0.00133768 0.00164842 0.200193 0.00124803 0.0719936 0.000735582 
5 0 10000000 7.05217 0.0205647 -0.00881954 0.00964825 2.31284 0.0174156 17.1881 0.308635 -0.000498097 0.00163473 0.000760693 0.00164506 0.200426 0.00124803 0.0721876 0.000735582 
5 0 10250000 7.05217 0.0205647 -0.00881954 0.00964825 2.31284 0.017235 17.1881 0.304014 -0.000498097 0.00161256 0.000760693 0.00163002 0.200426 0.00124803 0.0721876 0.000735582 
5 0 10500000 7.04883 0.0211207 -0.00876643 0.00927528 2.31963 0.0169732 17.2983 0.300921 0.000218873 0.00166834 0.000322311 0.001605 0.200582 0.00118204 0.0723219 0.000731632 
5 0 10750000 7.04883 0.0211207 -0.00876643 0.00927528 2.31963 0.0168291 17.2983 0.298055 0.000218873 0.00166834 0.000322311 0.00157498 0.200582 0.00118204 0.0723219 0.000731632 
5 0 11000000 7.04883 0.0211207 -0.00876643 0.00927528 2.31963 0.0167095 17.2983 0.296984 0.000218873 0.00166834 0.000322311 0.00155472 0.200582 0.00118204 0.0723219 0.000731632 
5 0 11250000 7.04883 0.0211207 -0.00876643 0.00927528 2.31963 0.0164816 17.2983 0.29331 0.000218873 0.00166834 0.000322311 0.00153772 0.200582 0.00118204 0.0723219 0.000731632 
5 0 11500000 7.04004 0.0211207 -0.00935455 0.0084507 2.32019 0.0162352 17.3087 0.288203 0.000314897 0.00158553 0.000219728 0.00156691 0.200638 0.00107592 0.0724396 0.000674527 
5 0 11750000 7.04004 0.0211207 -0.00935455 0.0084507 2.32019 0.0161235 17.3087 0.285276 0.000314897 0.00158553 0.000219728 0.00154418 0.200638 0.00107592 0.0724396 0.000674527 
5 0 12000000 7.04004 0.0211207 -0.00935455 0.0084507 2.32019 0.0161216 17.3087 0.288749 0.000314897 0.00158553 0.000219728 0.00152115 0.200638 0.00107592 0.0724396 0.000674527 
5 0 12250000 7.04004 0.0211207 -0.00935455 0.0084507 2.32019 0.0159075 17.3087 0.28539 0.000314897 0.00158553 0.000219728 0.00150356 0.200638 0.00107592 0.0724396 0.000674527 
5 0 12500000 7.04089 0.0190328 -0.00988468 0.00776309 2.32319 0.015748 17.3875 0.284197 0.000602521 0.00147824 0.000726453 0.0014886 0.200585 0.000987524 0.0724726 0.00061912 
5 0 12750000 7.04089 0.0190328 -0.00988468 0.00776309 2.32319 0.0155504 17.3875 0.280066 0.000602521 0.00145877 0.000726453 0.00146273 0.200585 0.000987524 0.0724726 0.00061912 
5 0 13000000 7.04089 0.0190328 -0.00988468 0.00776309 2.32319 0.0153919 17.3875 0.276614 0.000602521 0.00146131 0.000726453 0.00145466 0.200585 0.000987524 0.0724726 0.00061912 
5 0 13250000 7.04089 0.0190328 -0.00988468 0.00776309 2.32319 0.0154106 17.3875 0.280015 0.000602521 0.00144995 0.000726453 0.00143938 0.200585 0.000987524 0.0724726 0.00061912 
5 0 13500000 7.0409 0.0190328 -0.00769936 0.00746718 2.32468 0.0152599 17.508 0.278356 -5.73579e-05 0.00145586 0.000482325 0.00142814 0.200505 0.000914811 0.0724586 0.000571655 
5 0 13750000 7.0409 0.0190328 -0.00769936 0.00746718 2.32468 0.0150697 17.508 0.275133 -5.73579e-05 0.00145586 0.000482325 0.0014353 0.200505 0.000914811 0.0724586 0.000571655 
5 0 14000000 7.0409 0.0190328 -0.00769936 0.00746718 2.32468 0.0149387 17.508 0.272404 -5.73579e-05 0.00145586 0.000482325 0.00141105 0.200505 0.000914811 0.0724586 0.000571655 
5 0 14250000 7.0409 0.0190328 -0.00769936 0.00746718 2.32468 0.0147987 17.508 0.269154 -5.73579e-05 0.00145586 0.000482325 0.00139561 0.200505 0.000914811 0.0724586 0.000571655 
5 0 14500000 7.04203 0.0163475 -0.00593566 0.00713906 2.31888 0.0147618 17.4286 0.269069 -0.000206918 0.00139079 0.000169604 0.00138284 0.200272 0.000878737 0.0722394 0.000571282 
5 0 14750000 7.04203 0.0163475 -0.00593566 0.00713906 2.31888 0.0146016 17.4286 0.265467 -0.000206918 0.00139079 0.000169604 0.00138021 0.200272 0.000878737 0.0722394 0.000571282 
5 0 15000000 7.04203 0.0163475 -0.00593566 0.00713906 2.31888 0.0144451 17.4286 0.264217 -0.000206918 0.00139079 0.000169604 0.00136681 0.200272 0.000878737 0.0722394 0.000571282 
5 0 15250000 7.04203 0.0163475 -0.00593566 0.00713906 2.31888 0.0142834 17.4286 0.26224 -0.000206918 0.00139079 0.000169604 0.00136152 0.200272 0.000878737 0.0722394 0.000571282 
5 0 15500000 7.03675 0.0163475 -0.00616151 0.00666669 2.31905 0.0141616 17.4503 0.259917 0.00010211 0.00139079 0.000164289 0.00133958 0.200211 0.000822247 0.0722025 0.000534389 
5 0 15750000 7.03675 0.0163475 -0.00616151 0.00666669 2.31905 0.0140842 17.4503 0.258414 0.00010211 0.00139079 0.000164289 0.00132442 0.200211 0.000822247 0.0722025 0.000534389 
5 0 16000000 7.03675 0.0163475 -0.00616151 0.00666669 2.31905 0.0139619 17.4503 0.256452 0.00010211 0.00139079 0.000164289 0.00130392 0.200211 0.000822247 0.0722025 0.000534389 
5 0 16250000 7.03675 0.0163475 -0.00616151 0.00666669 2.31905 0.0135429 17.4503 0.248112 0.00010211 0.00139079 0.000164289 0.00131936 0.200211 0.000822247 0.0722025 0.000534389 
5 0 16500000 7.03995 0.0146174 -0.00807775 0.00651961 2.31639 0.0134065 17.4497 0.246675 -7.66911e-05 0.001307 0.00068955 0.00130422 0.200426 0.000798517 0.0723598 0.000523624 
5 0 16750000 7.03995 0.0146174 -0.00807775 0.00651961 2.31639 0.0132896 17.4497 0.244235 -7.66911e-05 0.00130384 0.00068955 0.00129389 0.200426 0.000798517 0.0723598 0.000523624 
5 0 17000000 7.03995 0.0146174 -0.00807775 0.00651961 2.31639 0.0132536 17.4497 0.242519 -7.66911e-05 0.00127642 0.00068955 0.0012766 0.200426 0.000798517 0.0723598 0.000523624 
5 0 17250000 7.03995 0.0146174 -0.00807775 0.00651961 2.31639 0.0131702 17.4497 0.240158 -7.66911e-05 0.00127642 0.00068955 0.0012658 0.200426 0.000798517 0.0723598 0.000523624 
5 0 17500000 7.04185 0.0144357 -0.00893665 0.00619242 2.31014 0.0130633 17.3907 0.237887 -0.000272856 0.00126306 0.00044308 0.00125397 0.200603 0.000770933 0.0724384 0.000498686 
5 0 17750000 7.04185 0.0144357 -0.00893665 0.00619242 2.31014 0.012972 17.3907 0.237262 -0.000272856 0.00125633 0.00044308 0.00124459 0.200603 0.000770933 0.0724384 0.000498686 
5 0 18000000 7.04185 0.0144357 -0.00893665 0.00619242 2.31014 0.0128927 17.3907 0.234867 -0.000272856 0.00124768 0.00044308 0.00123198 0.200603 0.000770933 0.0724384 0.000498686 
5 0 18250000 7.04185 0.0144357 -0.00893665 0.00619242 2.31014 0.0127609 17.3907 0.232526 -0.000272856 0.00124028 0.00044308 0.00121959 0.200603 0.000770933 0.0724384 0.000498686 
5 0 18500000 7.04552 0.0138652 -0.00783199 0.00594611 2.30711 0.0126681 17.2941 0.231342 -8.48765e-05 0.00122526 0.000335116 0.00120799 0.200524 0.000732156 0.072362 0.000476797 
5 0 18750000 7.04552 0.0138652 -0.00783199 0.00594611 2.30711 0.0126712 17.2941 0.231386 -8.48765e-05 0.00121264 0.000335116 0.00119467 0.200524 0.000732156 0.072362 0.000476797 
5 0 19000000 7.04552 0.0138652 -0.00783199 0.00594611 2.30711 0.0126331 17.2941 0.229163 -8.48765e-05 0.00120789 0.000335116 0.00118085 0.200524 0.000732156 0.072362 0.000476797 
5 0 19250000 7.04552 0.0138652 -0.00783199 0.00594611 2.30711 0.0125572 17.2941 0.229163 -8.48765e-05 0.00121062 0.000335116 0.00117114 0.200524 0.000732156 0.072362 0.000476797 
5 0 19500000 7.04544 0.0138652 -0.00675653 0.00572959 2.30705 0.0125984 17.29 0.238784 0.000145884 0.00119495 0.000331441 0.00116318 0.200392 0.000705507 0.0722853 0.000457819 
5 0 19750000 7.04544 0.0138652 -0.00675653 0.00572959 2.30705 0.0125984 17.29 0.238784 0.000145884 0.0011855 0.000331441 0.00115945 0.200392 0.000705507 0.0722853 0.000457819 
5 0 20000000 7.04544 0.0138652 -0.00675653 0.00572959 2.30705 0.0123019 17.29 0.232746 0.000145884 0.00118337 0.000331441 0.00114568 0.200392 0.000705507 0.0722853 0.000457819 
5 0 20250000 7.04544 0.0138652 -0.00675653 0.00572959 2.30705 0.0123019 17.29 0.232746 0.000145884 0.00117595 0.000331441 0.00113819 0.200392 0.000705507 0.0722853 0.000457819 
5 0 20500000 7.04544 0.0138652 -0.00675653 0.00572959 2.30705 0.0123019 17.29 0.232746 0.000145884 0.00117391 0.000331441 0.00112822 0.200392 0.000705507 0.0722853 0.000457819 
5 0 20750000 7.04568 0.0144187 -0.00642982 0.00545242 2.30935 0.0120834 17.3006 0.22754 -9.45736e-05 0.00116947 0.000255779 0.00111942 0.200488 0.00067677 0.0723565 0.000440418 
5 0 21000000 7.04568 0.0144187 -0.00642982 0.00545242 2.30935 0.0120834 17.3006 0.22754 -9.45736e-05 0.00115979 0.000255779 0.00111353 0.200488 0.00067677 0.0723565 0.000440418 
5 0 21250000 7.04568 0.0144187 -0.00642982 0.00545242 2.30935 0.0118927 17.3006 0.221991 -9.45736e-05 0.00114573 0.000255779 0.00110414 0.200488 0.00067677 0.0723565 0.000440418 
5 0 21500000 7.04568 0.0144187 -0.00642982 0.00545242 2.30935 0.0118164 17.3006 0.221991 -9.45736e-05 0.00113643 0.000255779 0.00109747 0.200488 0.00067677 0.0723565 0.000440418 
5 0 21750000 7.04568 0.0144187 -0.00642982 0.00531311 2.30935 0.0119473 17.3006 0.221605 -9.45736e-05 0.00115093 0.000255779 0.00108774 0.200488 0.000673299 0.0723565 0.000448462 
5 0 22000000 7.04568 0.0144187 -0.00642982 0.00531592 2.30935 0.0119473 17.3006 0.221605 -9.45736e-05 0.00115298 0.000255779 0.0010815 0.200488 0.000673299 0.0723565 0.000448462 
5 0 22250000 7.04568 0.0144187 -0.00642982 0.00530169 2.30935 0.0116715 17.3006 0.217033 -9.45736e-05 0.00115451 0.000255779 0.0010723 0.200488 0.000673299 0.0723565 0.000448462 
5 0 22500000 7.04568 0.0144187 -0.00642982 0.00530169 2.30935 0.0116715 17.3006 0.217033 -9.45736e-05 0.00115113 0.000255779 0.00106529 0.200488 0.000673299 0.0723565 0.000448462 
5 0 22750000 7.04681 0.0144187 -0.00587146 0.00515788 2.30514 0.0114295 17.2146 0.213309 -0.000398604 0.00114162 0.000160991 0.0010656 0.200292 0.000642704 0.0721814 0.000428251 
5 0 23000000 7.04681 0.0144187 -0.00587146 0.00511437 2.30514 0.0114295 17.2146 0.213309 -0.000398604 0.00114666 0.000160991 0.00106155 0.200292 0.000642704 0.0721814 0.000428251 
5 0 23250000 7.04681 0.0144187 -0.00587146 0.00508962 2.30514 0.0112585 17.2146 0.210567 -0.000398604 0.00113458 0.000160991 0.00105419 0.200292 0.000642704 0.0721814 0.000428251 
5 0 23500000 7.04681 0.0144187 -0.00587146 0.00508785 2.30514 0.0112434 17.2146 0.210567 -0.000398604 0.00112431 0.000160991 0.0010492 0.200292 0.000642704 0.0721814 0.000428251 
5 0 23750000 7.04681 0.0144187 -0.00587146 0.00504435 2.30514 0.0111514 17.2146 0.206778 -0.000398604 0.00111511 0.000160991 0.00104196 0.200292 0.000616201 0.0721814 0.000409689 
5 0 24000000 7.04681 0.0144187 -0.00587146 0.00499086 2.30514 0.011074 17.2146 0.206778 -0.000398604 0.00110793 0.000160991 0.00103485 0.200292 0.000616201 0.0721814 0.000409689 
5 0 24250000 7.04681 0.0144187 -0.00587146 0.00499272 2.30514 0.0110289 17.2146 0.203468 -0.000398604 0.0010968 0.000160991 0.00102799 0.200292 0.000616201 0.0721814 0.000409689 
5 0 24500000 7.04681 0.0144187 -0.00587146 0.00495016 2.30514 0.010984 17.2146 0.203468 -0.000398604 0.00109358 0.000160991 0.0010352 0.200292 0.000616201 0.0721814 0.000409689 
5 0 24750000 7.04645 0.0120361 -0.00610547 0.00491666 2.3008 0.0114156 17.1115 0.237235 -0.000508182 0.00108587 0.00085685 0.00103609 0.200371 0.000591581 0.0721535 0.000394104 
5 0 25000000 7.04645 0.0120361 -0.00610547 0.00490352 2.3008 0.0114156 17.1115 0.237235 -0.000508182 0.00107643 0.00085685 0.00102771 0.200371 0.000591581 0.0721535 0.000394104 
5 0 25250000 7.04645 0.0120361 -0.00610547 0.00493936 2.3008 0.0114156 17.1115 0.237235 -0.000508182 0.00106613 0.00085685 0.00102006 0.200371 0.000591581 0.0721535 0.000394104 
5 0 25500000 7.04645 0.0120361 -0.00610547 0.00490158 2.3008 0.0114156 17.1115 0.237235 -0.000508182 0.00105898 0.00085685 0.00101655 0.200371 0.000591581 0.0721535 0.000394104 
5 0 25750000 7.04645 0.0120361 -0.00610547 0.00488152 2.3008 0.0114156 17.1115 0.237235 -0.000508182 0.00105741 0.00085685 0.0010096 0.200371 0.00057281 0.0721535 0.000381166 
5 0 26000000 7.04645 0.0120361 -0.00610547 0.00495207 2.3008 0.0114156 17.1115 0.237235 -0.000508182 0.00105524 0.00085685 0.00100529 0.200371 0.00057281 0.0721535 0.000381166 
5 0 26250000 7.04645 0.0120361 -0.00610547 0.00496336 2.3008 0.0114156 17.1115 0.237235 -0.000508182 0.00104573 0.00085685 0.00100247 0.200371 0.00057281 0.0721535 0.000381166 
5 0 26500000 7.04645 0.0120361 -0.00610547 0.00495803 2.3008 0.0114156 17.1115 0.237235 -0.000508182 0.00104285 0.00085685 0.00100247 0.200371 0.00057281 0.0721535 0.000381166 
5 0 26750000 7.05112 0.0120361 -0.00692006 0.00491102 2.29871 0.0114156 17.0573 0.237235 -0.000757201 0.00103364 0.000901222 0.000982685 0.200516 0.00055485 0.0722407 0.000369074 
5 0 27000000 7.05112 0.0120361 -0.00692006 0.00487419 2.29871 0.0114156 17.0573 0.237235 -0.000757201 0.00103601 0.000901222 0.000976031 0.200516 0.00055485 0.0722407 0.000368591 
5 0 27250000 7.05112 0.0120361 -0.00692006 0.00483226 2.29871 0.0114156 17.0573 0.237235 -0.000757201 0.00102649 0.000901222 0.00097567 0.200516 0.00055485 0.0722407 0.000368591 
5 0 27500000 7.05112 0.0120361 -0.00692006 0.00478875 2.29871 0.0114156 17.0573 0.237235 -0.000757201 0.00101863 0.000901222 0.000969044 0.200516 0.00055485 0.0722407 0.000368591 
5 0 27750000 7.05112 0.0120361 -0.00692006 0.00475663 2.29871 0.0114156 17.0573 0.237235 -0.000757201 0.00100956 0.000901222 0.000970075 0.200516 0.000537619 0.0722407 0.000359487 
5 0 28000000 7.05112 0.0120361 -0.00692006 0.00472379 2.29871 0.0114156 17.0573 0.237235 -0.000757201 0.00100031 0.000901222 0.000964024 0.200516 0.000537619 0.0722407 0.000358494 
5 0 28250000 7.05112 0.0120361 -0.00692006 0.00468787 2.29871 0.0114156 17.0573 0.237235 -0.000757201 0.000999524 0.000901222 0.000958172 0.200516 0.000537619 0.0722407 0.000356999 
5 0 28500000 7.05112 0.0120361 -0.00692006 0.00469258 2.29871 0.0114156 17.0573 0.237235 -0.000757201 0.000995536 0.000901222 0.000955868 0.200516 0.000537619 0.0722407 0.000356553 
5 0 28750000 7.05178 0.0114351 -0.00658328 0.00467851 2.299 0.0100859 17.0095 0.224198 -0.000683156 0.000990056 0.000840818 0.000952021 0.200496 0.000524452 0.0721826 0.000354831 
5 0 29000000 7.05178 0.0114351 -0.00658328 0.0046374 2.299 0.0100163 17.0095 0.224198 -0.000683156 0.000982207 0.000840818 0.000949675 0.200496 0.000524452 0.0721826 0.000352568 
5 0 29250000 7.05178 0.0114351 -0.00658328 0.00460638 2.299 0.00996621 17.0095 0.224198 -0.000683156 0.000975479 0.000840818 0.000946517 0.200496 0.000524452 0.0721826 0.00034986 
5 0 29500000 7.05178 0.0114351 -0.00658328 0.00457483 2.299 0.00992979 17.0095 0.224198 -0.000683156 0.000975452 0.000840818 0.00094119 0.200496 0.000524452 0.0721826 0.000348909 
5 0 29750000 7.05178 0.0114351 -0.00658328 0.00455805 2.299 0.00992661 17.0095 0.224198 -0.000683156 0.000969432 0.000840818 0.000933923 0.200496 0.00050701 0.0721826 0.000348271 
5 0 30000000 7.05178 0.0114351 -0.00658328 0.00452137 2.299 0.00992661 17.0095 0.224198 -0.000683156 0.000964396 0.000840818 0.000933112 0.200496 0.00050701 0.0721826 0.000346143 
5 0 30250000 7.05178 0.0114351 -0.00658328 0.00449021 2.299 0.00992661 17.0095 0.224198 -0.000683156 0.000962202 0.000840818 0.000933742 0.200496 0.00050701 0.0721826 0.000343986 
5 0 30500000 7.05178 0.0114351 -0.00658328 0.00449352 2.299 0.00992661 17.0095 0.224198 -0.000683156 0.000958853 0.000840818 0.000930812 0.200496 0.00050701 0.0721826 0.000342778 
5 0 30750000 7.05324 0.0114351 -0.00597337 0.00448523 2.29863 0.00992661 16.9958 0.224198 -0.000595574 0.000960002 0.000912703 0.000923733 0.200314 0.000513469 0.0721104 0.000340921 
5 0 31000000 7.05324 0.0114351 -0.00597337 0.00447125 2.29863 0.00992661 16.9958 0.224198 -0.000595574 0.000956019 0.000912703 0.000922036 0.200314 0.000513469 0.0721104 0.000340121 
5 0 31250000 7.05324 0.0114351 -0.00597337 0.00444428 2.29863 0.00992661 16.9958 0.224198 -0.000595574 0.000950417 0.000912703 0.000918728 0.200314 0.000513469 0.0721104 0.000338897 
5 0 31500000 7.05324 0.0114351 -0.00597337 0.00442262 2.29863 0.00992661 16.9958 0.224198 -0.000595574 0.000945859 0.000912703 0.000916732 0.200314 0.000513469 0.0721104 0.000337861 
5 0 31750000 7.05324 0.0114351 -0.00597337 0.00439329 2.29863 0.00992661 16.9958 0.224198 -0.000595574 0.000943517 0.000912703 0.000914793 0.200314 0.000513469 0.0721104 0.000336196 
5 0 32000000 7.05324 0.0114351 -0.00597337 0.00440299 2.29863 0.00992661 16.9958 0.224198 -0.000595574 0.000937323 0.000912703 0.000910208 0.200314 0.000498327 0.0721104 0.000334011 
5 0 32250000 7.05324 0.0114351 -0.00597337 0.00438745 2.29863 0.00992661 16.9958 0.224198 -0.000595574 0.000930651 0.000912703 0.000903733 0.200314 0.000498327 0.0721104 0.000326352 
5 0 32500000 7.05324 0.0114351 -0.00597337 0.00435473 2.29863 0.00992661 16.9958 0.224198 -0.000595574 0.000924785 0.000912703 0.000897881 0.200314 0.000498327 0.0721104 0.000325494 
5 0 32750000 7.05324 0.0114351 -0.00597337 0.00433783 2.29863 0.00992661 16.9958 0.224198 -0.000595574 0.000921397 0.000912703 0.000896339 0.200314 0.000498327 0.0721104 0.000325494 
5 0 33000000 7.05669 0.0110099 -0.00509242 0.00432176 2.29636 0.00924547 16.9799 0.19811 -0.000486059 0.000915299 0.000478599 0.000890638 0.200191 0.000489967 0.0720302 0.000321569 
5 0 33250000 7.05669 0.0110099 -0.00509242 0.00429133 2.29636 0.00921381 16.9799 0.19811 -0.000486059 0.000918014 0.000478599 0.000885192 0.200191 0.000489967 0.0720302 0.000319823 
5 0 33500000 7.05669 0.0110099 -0.00509242 0.00426611 2.29636 0.00916146 16.9799 0.19811 -0.000486059 0.000913494 0.000478599 0.00088689 0.200191 0.000489967 0.0720302 0.000318391 
5 0 33750000 7.05669 0.0110099 -0.00509242 0.00423466 2.29636 0.00916146 16.9799 0.19811 -0.000486059 0.000912573 0.000478599 0.000883491 0.200191 0.000489967 0.0720302 0.000318391 
5 0 34000000 7.05669 0.0110099 -0.00509242 0.00422447 2.29636 0.00907083 16.9799 0.19811 -0.000486059 0.000906496 0.000478599 0.000878142 0.200191 0.000480818 0.0720302 0.000314673 
5 0 34250000 7.05669 0.0110099 -0.00509242 0.00422118 2.29636 0.0091072 16.9799 0.19811 -0.000486059 0.000899854 0.000478599 0.000879612 0.200191 0.000480818 0.0720302 0.000317645 
5 0 34500000 7.05669 0.0110099 -0.00509242 0.00421958 2.29636 0.00906599 16.9799 0.19811 -0.000486059 0.000896992 0.000478599 0.000875555 0.200191 0.000480818 0.0720302 0.000316557 
5 0 34750000 7.05669 0.0110099 -0.00509242 0.00418975 2.29636 0.00903959 16.9799 0.19811 -0.000486059 0.000891533 0.000478599 0.00087047 0.200191 0.000480818 0.0720302 0.000314909 
5 0 35000000 7.05872 0.0110099 -0.0044458 0.00418124 2.29873 0.0090292 16.9853 0.19811 -0.000372357 0.000885535 0.000183759 0.000867245 0.200081 0.000467955 0.0719945 0.00031343 
5 0 35250000 7.05872 0.0110099 -0.0044458 0.00415128 2.29873 0.0090292 16.9853 0.19811 -0.000372357 0.000884467 0.000183759 0.000863809 0.200081 0.000467955 0.0719945 0.000311192 
5 0 35500000 7.05872 0.0110099 -0.0044458 0.00412232 2.29873 0.0090292 16.9853 0.19811 -0.000372357 0.000880794 0.000183759 0.000863809 0.200081 0.000467955 0.0719945 0.000309867 
5 0 35750000 7.05872 0.0110099 -0.0044458 0.00409946 2.29873 0.0090292 16.9853 0.19811 -0.000372357 0.000879715 0.000183759 0.000863809 0.200081 0.000467955 0.0719945 0.000308576 
5 0 36000000 7.05872 0.0110099 -0.0044458 0.00407814 2.29873 0.0090292 16.9853 0.19811 -0.000372357 0.000874838 0.000183759 0.000863809 0.200081 0.00045783 0.0719945 0.000306734 
5 0 36250000 7.05872 0.0110099 -0.0044458 0.00405725 2.29873 0.0090292 16.9853 0.19811 -0.000372357 0.00087565 0.000183759 0.000863809 0.200081 0.00045783 0.0719945 0.000307307 
5 0 36500000 7.05872 0.0110099 -0.0044458 0.00406168 2.29873 0.0090292 16.9853 0.19811 -0.000372357 0.000872876 0.000183759 0.000863809 0.200081 0.00045783 0.0719945 0.000306518 
5 0 36750000 7.05872 0.0110099 -0.0044458 0.00403693 2.29873 0.0090292 16.9853 0.19811 -0.000372357 0.000872107 0.000183759 0.000863809 0.200081 0.00045783 0.0719945 0.000305337 
5 0 37000000 7.054 0.01011 -0.00495494 0.00401493 2.30027 0.00883091 17.0345 0.183472 -0.000406324 0.000868272 0.000113447 0.000831447 0.200144 0.000445176 0.0720401 0.000304697 
5 0 37250000 7.054 0.01011 -0.00495494 0.00400622 2.30027 0.00883091 17.0345 0.183472 -0.000406324 0.000862808 0.000113447 0.000826384 0.200144 0.000445176 0.0720401 0.000303081 
5 0 37500000 7.054 0.01011 -0.00495494 0.00398627 2.30027 0.00883091 17.0345 0.183472 -0.000406324 0.000859776 0.000113447 0.000822128 0.200144 0.000445176 0.0720401 0.000302398 
5 0 37750000 7.054 0.01011 -0.00495494 0.00401203 2.30027 0.00883091 17.0345 0.183472 -0.000406324 0.000854979 0.000113447 0.000818677 0.200144 0.000445176 0.0720401 0.000301694 
5 0 38000000 7.054 0.01011 -0.00495494 0.00401031 2.30027 0.00883091 17.0345 0.183472 -0.000406324 0.000851841 0.000113447 0.000818677 0.200144 0.000443205 0.0720401 0.00030025 
5 0 38250000 7.054 0.01011 -0.00495494 0.00398401 2.30027 0.00883091 17.0345 0.183472 -0.000406324 0.000850203 0.000113447 0.000818677 0.200144 0.000441887 0.0720401 0.000298718 
5 0 38500000 7.054 0.01011 -0.00495494 0.00395875 2.30027 0.00883091 17.0345 0.183472 -0.000406324 0.000846327 0.000113447 0.000818677 0.200144 0.000441887 0.0720401 0.000298061 
5 0 38750000 7.054 0.01011 -0.00495494 0.00395097 2.30027 0.00883091 17.0345 0.183472 -0.000406324 0.000842558 0.000113447 0.000818677 0.200144 0.000441887 0.0720401 0.000297053 
5 0 39000000 7.0496 0.0101367 -0.00364769 0.00393634 2.30096 0.00883091 17.0446 0.183472 -0.000767806 0.000839047 -8.15407e-05 0.00083059 0.200048 0.000434703 0.0719975 0.000295665 
5 0 39250000 7.0496 0.0101367 -0.00364769 0.00393156 2.30096 0.00883091 17.0446 0.183472 -0.000767806 0.000834884 -8.15407e-05 0.00083059 0.200048 0.000434363 0.0719975 0.00029449 
5 0 39500000 7.0496 0.0101367 -0.00364769 0.00391231 2.30096 0.00883091 17.0446 0.183472 -0.000767806 0.00083116 -8.15407e-05 0.00083059 0.200048 0.000431805 0.0719975 0.000293436 
5 0 39750000 7.0496 0.0101367 -0.00364769 0.00389309 2.30096 0.00883091 17.0446 0.183472 -0.000767806 0.000826205 -8.15407e-05 0.00083059 0.200048 0.000430938 0.0719975 0.00029197 
5 0 40000000 7.0496 0.0101367 -0.00364769 0.00392999 2.30096 0.00883091 17.0446 0.183472 -0.000767806 0.000823234 -8.15407e-05 0.000809994 0.200048 0.000435042 0.0719975 0.000291874 
5 0 40250000 7.0496 0.0101367 -0.00364769 0.00391535 2.30096 0.00883091 17.0446 0.183472 -0.000767806 0.000819586 -8.15407e-05 0.000809994 0.200048 0.000434466 0.0719975 0.000291381 
5 0 40500000 7.0496 0.0101367 -0.00364769 0.00389301 2.30096 0.00883091 17.0446 0.183472 -0.000767806 0.00081579 -8.15407e-05 0.000809994 0.200048 0.000432144 0.0719975 0.000290429 
5 0 40750000 7.0496 0.0101367 -0.00364769 0.00387972 2.30096 0.00883091 17.0446 0.183472 -0.000767806 0.00081226 -8.15407e-05 0.000809994 0.200048 0.000429984 0.0719975 0.00029051 
5 0 41000000 7.04838 0.0112231 -0.00402532 0.00387603 2.29841 0.00859225 16.9942 0.212486 -0.000521183 0.000808606 9.52545e-05 0.000802211 0.200078 0.00042853 0.0719823 0.000291016 
5 0 41250000 7.04838 0.0112231 -0.00402532 0.00386309 2.29841 0.00859225 16.9942 0.212486 -0.000521183 0.000805092 9.52545e-05 0.000802211 0.200078 0.000426631 0.0719823 0.000290116 
5 0 41500000 7.04838 0.0112231 -0.00402532 0.00384822 2.29841 0.00859225 16.9942 0.212486 -0.000521183 0.000802129 9.52545e-05 0.000802211 0.200078 0.000425623 0.0719823 0.000289278 
5 0 41750000 7.04838 0.0112231 -0.00402532 0.00384577 2.29841 0.00859225 16.9942 0.212486 -0.000521183 0.000798767 9.52545e-05 0.000802211 0.200078 0.000424411 0.0719823 0.000288253 
5 0 42000000 7.04838 0.0112231 -0.00402532 0.0038354 2.29841 0.00859225 16.9942 0.212486 -0.000521183 0.000794866 9.52545e-05 0.000802211 0.200078 0.000423698 0.0719823 0.00028782 
5 0 42250000 7.04838 0.0112231 -0.00402532 0.00384803 2.29841 0.00859225 16.9942 0.212486 -0.000521183 0.000791309 9.52545e-05 0.000784438 0.200078 0.000421819 0.0719823 0.000287476 
5 0 42500000 7.04838 0.0112231 -0.00402532 0.00382722 2.29841 0.00859225 16.9942 0.212486 -0.000521183 0.000787036 9.52545e-05 0.000784438 0.200078 0.000419389 0.0719823 0.000287527 
5 0 42750000 7.04838 0.0112231 -0.00402532 0.00380766 2.29841 0.00859225 16.9942 0.212486 -0.000521183 0.000784782 9.52545e-05 0.000784438 0.200078 0.000417036 0.0719823 0.000286211 
5 0 43000000 7.04838 0.0112231 -0.00402532 0.00379627 2.29841 0.00859225 16.9942 0.212486 -0.000521183 0.000783934 9.52545e-05 0.000784438 0.200078 0.000415167 0.0719823 0.000285008 
5 0 43250000 7.04838 0.0112231 -0.00402532 0.00377558 2.29841 0.00859225 16.9942 0.212486 -0.000521183 0.00078026 9.52545e-05 0.000767364 0.200078 0.000413923 0.0719823 0.00028464 
5 0 43500000 7.04838 0.0112231 -0.00402532 0.00375995 2.29841 0.00859225 16.9942 0.212486 -0.000521183 0.000776096 9.52545e-05 0.000765991 0.200078 0.000412238 0.0719823 0.000283174 
5 0 43750000 7.04838 0.0112231 -0.00402532 0.00374411 2.29841 0.00859225 16.9942 0.212486 -0.000521183 0.000773538 9.52545e-05 0.000765991 0.200078 0.000411318 0.0719823 0.000282088 
5 0 44000000 7.04838 0.0112231 -0.00402532 0.00372453 2.29841 0.00859225 16.9942 0.212486 -0.000521183 0.000769804 9.52545e-05 0.000765991 0.200078 0.000411191 0.0719823 0.000281647 
5 0 44250000 7.04838 0.0112231 -0.00402532 0.00371373 2.29841 0.00859225 16.9942 0.212486 -0.000521183 0.000769829 9.52545e-05 0.00075629 0.200078 0.000410289 0.0719823 0.000281081 
5 0 44500000 7.04838 0.0112231 -0.00402532 0.00369442 2.29841 0.00859225 16.9942 0.212486 -0.000521183 0.000767479 9.52545e-05 0.000754075 0.200078 0.000409331 0.0719823 0.000280041 
5 0 44750000 7.04838 0.0112231 -0.00402532 0.00368096 2.29841 0.00859225 16.9942 0.212486 -0.000521183 0.000764442 9.52545e-05 0.000752478 0.200078 0.000408584 0.0719823 0.000279673 
5 0 45000000 7.04838 0.0112231 -0.00402532 0.00368879 2.29841 0.00859225 16.9942 0.212486 -0.000521183 0.000761613 9.52545e-05 0.000751696 0.200078 0.000409749 0.0719823 0.000280537 
5 0 45250000 7.0476 0.0112231 -0.00232887 0.00368341 2.29819 0.00859225 16.9924 0.212486 -0.000854619 0.000761867 0.000226603 0.000748096 0.200008 0.000408315 0.0719457 0.000279202 
5 0 45500000 7.0476 0.0112231 -0.00232887 0.00366366 2.29819 0.00859225 16.9924 0.212486 -0.000854619 0.000757877 0.000226603 0.000747112 0.200008 0.000406457 0.0719457 0.000277855 
5 0 45750000 7.0476 0.0112231 -0.00232887 0.00367362 2.29819 0.00859225 16.9924 0.212486 -0.000854619 0.000754521 0.000226603 0.000748237 0.200008 0.000407254 0.0719457 0.000278009 
5 0 46000000 7.0476 0.0112231 -0.00232887 0.00365694 2.29819 0.00859225 16.9924 0.212486 -0.000854619 0.000751922 0.000226603 0.000745854 0.200008 0.000405482 0.0719457 0.000276972 
5 0 46250000 7.0476 0.0112231 -0.00232887 0.00363721 2.29819 0.00859225 16.9924 0.212486 -0.000854619 0.000749195 0.000226603 0.000752727 0.200008 0.000403416 0.0719457 0.000275774 
5 0 46500000 7.0476 0.0112231 -0.00232887 0.00364335 2.29819 0.00859225 16.9924 0.212486 -0.000854619 0.000745953 0.000226603 0.000752727 0.200008 0.000402194 0.0719457 0.000274766 
5 0 46750000 7.0476 0.0112231 -0.00232887 0.00362787 2.29819 0.00859225 16.9924 0.212486 -0.000854619 0.000742642 0.000226603 0.000752727 0.200008 0.000400728 0.0719457 0.000273782 
5 0 47000000 7.0476 0.0112231 -0.00232887 0.00362032 2.29819 0.00859225 16.9924 0.212486 -0.000854619 0.000739851 0.000226603 0.000752727 0.200008 0.000400412 0.0719457 0.000273114 
5 0 47250000 7.0476 0.0112231 -0.00232887 0.00360342 2.29819 0.00859225 16.9924 0.212486 -0.000854619 0.00076092 0.000226603 0.000740306 0.200008 0.000398582 0.0719457 0.00027285 
5 0 47500000 7.0476 0.0112231 -0.00232887 0.00364148 2.29819 0.00859225 16.9924 0.212486 -0.000854619 0.00076092 0.000226603 0.000739241 0.200008 0.000400699 0.0719457 0.000273308 
5 0 47750000 7.0476 0.0112231 -0.00232887 0.00364694 2.29819 0.00859225 16.9924 0.212486 -0.000854619 0.00076092 0.000226603 0.000738467 0.200008 0.000401801 0.0719457 0.0002735 
5 0 48000000 7.0476 0.0112231 -0.00232887 0.00364046 2.29819 0.00859225 16.9924 0.212486 -0.000854619 0.00076092 0.000226603 0.000738467 0.200008 0.00040231 0.0719457 0.000272571 
5 0 48250000 7.0476 0.0112231 -0.00232887 0.00362176 2.29819 0.00859225 16.9924 0.212486 -0.000854619 0.00076092 0.000226603 0.000732605 0.200008 0.000401284 0.0719457 0.000271468 
5 0 48500000 7.0476 0.0112231 -0.00232887 0.00360556 2.29819 0.00859225 16.9924 0.212486 -0.000854619 0.00076092 0.000226603 0.000732301 0.200008 0.000399246 0.0719457 0.000270184 
5 0 48750000 7.0476 0.0112231 -0.00232887 0.00358923 2.29819 0.00859225 16.9924 0.212486 -0.000854619 0.00076092 0.000226603 0.000728931 0.200008 0.000397632 0.0719457 0.000269503 
5 0 49000000 7.0476 0.0112231 -0.00232887 0.00357141 2.29819 0.00859225 16.9924 0.212486 -0.000854619 0.00076092 0.000226603 0.000728303 0.200008 0.000396775 0.0719457 0.000269022 
5 0 49250000 7.04809 0.00935636 -0.00277251 0.00355828 2.30106 0.00761192 17.0469 0.183503 -0.00029024 0.000774757 0.000111935 0.000725171 0.200147 0.000394872 0.0720141 0.000267877 
5 0 49500000 7.04809 0.00935636 -0.00277251 0.00354257 2.30106 0.00761351 17.0469 0.183503 -0.00029024 0.000774757 0.000111935 0.000721828 0.200147 0.000394154 0.0720141 0.000267101 
5 0 49750000 7.04809 0.00935636 -0.00277251 0.00352773 2.30106 0.00758919 17.0469 0.183503 -0.00029024 0.000774757 0.000111935 0.000720415 0.200147 0.000392932 0.0720141 0.000266199 
5 0 50000000 7.04809 0.00935636 -0.00277251 0.00351662 2.30106 0.00756467 17.0469 0.183503 -0.00029024 0.000774757 0.000111935 0.000717757 0.200147 0.000391953 0.0720141 0.000265141 
5 0 50250000 7.04809 0.00935636 -0.00277251 0.00350953 2.30106 0.00757439 17.0469 0.183503 -0.00029024 0.000774757 0.000111935 0.000716156 0.200147 0.00039135 0.0720141 0.00026495 
5 0 50500000 7.04809 0.00935636 -0.00277251 0.00349319 2.30106 0.00755832 17.0469 0.183503 -0.00029024 0.000774757 0.000111935 0.000714962 0.200147 0.000389763 0.0720141 0.000263986 
5 0 50750000 7.04809 0.00935636 -0.00277251 0.0034844 2.30106 0.00755832 17.0469 0.183503 -0.00029024 0.000774757 0.000111935 0.000712788 0.200147 0.000388258 0.0720141 0.000263019 
5 0 51000000 7.04809 0.00935636 -0.00277251 0.00347064 2.30106 0.00755832 17.0469 0.183503 -0.00029024 0.000774757 0.000111935 0.000712161 0.200147 0.000387607 0.0720141 0.000263301 
5 0 51250000 7.04809 0.00935636 -0.00277251 0.0034584 2.30106 0.00755832 17.0469 0.183503 -0.00029024 0.000774757 0.000111935 0.000709798 0.200147 0.000385757 0.0720141 0.000262088 
5 0 51500000 7.04809 0.00935636 -0.00277251 0.00344184 2.30106 0.00755832 17.0469 0.183503 -0.00029024 0.000774757 0.000111935 0.000709669 0.200147 0.000384127 0.0720141 0.000260957 
5 0 51750000 7.04809 0.00935636 -0.00277251 0.00343587 2.30106 0.00755832 17.0469 0.183503 -0.00029024 0.000774757 0.000111935 0.000707008 0.200147 0.000382558 0.0720141 0.000259768 
5 0 52000000 7.04809 0.00935636 -0.00277251 0.00343716 2.30106 0.00755832 17.0469 0.183503 -0.00029024 0.000774757 0.000111935 0.000703871 0.200147 0.000382471 0.0720141 0.000259439 
5 0 52250000 7.04809 0.00935636 -0.00277251 0.00342098 2.30106 0.00755832 17.0469 0.183503 -0.00029024 0.000774757 0.000111935 0.000704917 0.200147 0.000381709 0.0720141 0.000258537 
5 0 52500000 7.04809 0.00935636 -0.00277251 0.00341262 2.30106 0.00755832 17.0469 0.183503 -0.00029024 0.000774757 0.000111935 0.000703631 0.200147 0.000381709 0.0720141 0.000257708 
5 0 52750000 7.04809 0.00935636 -0.00277251 0.00339882 2.30106 0.00755832 17.0469 0.183503 -0.00029024 0.000774757 0.000111935 0.000701128 0.200147 0.000379983 0.0720141 0.000256974 
5 0 53000000 7.04809 0.00935636 -0.00277251 0.00340777 2.30106 0.00755832 17.0469 0.183503 -0.00029024 0.000774757 0.000111935 0.000697838 0.200147 0.00037908 0.0720141 0.000257246 
5 0 53250000 7.04809 0.00935636 -0.00277251 0.00339363 2.30106 0.00755832 17.0469 0.183503 -0.00029024 0.000774757 0.000111935 0.000695775 0.200147 0.000379118 0.0720141 0.000256195 
5 0 53500000 7.04921 0.00935636 -0.00214041 0.00338408 2.30039 0.00755832 16.9996 0.183503 -0.000272327 0.000716699 0.000136731 0.000695096 0.200095 0.000377337 0.0719905 0.000255639 
5 0 53750000 7.04921 0.00935636 -0.00214041 0.00338265 2.30039 0.00755832 16.9996 0.183503 -0.000272327 0.000716699 0.000136731 0.000694082 0.200095 0.000382008 0.0719905 0.00025589 
5 0 54000000 7.04921 0.00935636 -0.00214041 0.00336695 2.30039 0.00755832 16.9996 0.183503 -0.000272327 0.000716699 0.000136731 0.000693535 0.200095 0.000380925 0.0719905 0.000255489 
5 0 54250000 7.04921 0.00935636 -0.00214041 0.00335336 2.30039 0.00755832 16.9996 0.183503 -0.000272327 0.000716699 0.000136731 0.000691196 0.200095 0.000380002 0.0719905 0.000256482 
5 0 54500000 7.04921 0.00935636 -0.00214041 0.00334763 2.30039 0.00755832 16.9996 0.183503 -0.000272327 0.000716699 0.000136731 0.000688584 0.200095 0.000378648 0.0719905 0.000255799 
5 0 54750000 7.04921 0.00935636 -0.00214041 0.00333678 2.30039 0.00755832 16.9996 0.183503 -0.000272327 0.000716699 0.000136731 0.000687092 0.200095 0.000378217 0.0719905 0.00025478 
5 0 55000000 7.04921 0.00935636 -0.00214041 0.00332375 2.30039 0.00755832 16.9996 0.183503 -0.000272327 0.000716699 0.000136731 0.000686787 0.200095 0.000376579 0.0719905 0.000253979 
5 0 55250000 7.04921 0.00935636 -0.00214041 0.0033182 2.30039 0.00755832 16.9996 0.183503 -0.000272327 0.000716699 0.000136731 0.000684997 0.200095 0.000375165 0.0719905 0.000253366 
5 0 55500000 7.04921 0.00935636 -0.00214041 0.00330692 2.30039 0.00755832 16.9996 0.183503 -0.000272327 0.000728439 0.000136731 0.000683871 0.200095 0.000373674 0.0719905 0.000253551 
5 0 55750000 7.04921 0.00935636 -0.00214041 0.00329265 2.30039 0.00755832 16.9996 0.183503 -0.000272327 0.000728439 0.000136731 0.000682261 0.200095 0.000371959 0.0719905 0.000253217 
5 0 56000000 7.04921 0.00935636 -0.00214041 0.00328077 2.30039 0.00755832 16.9996 0.183503 -0.000272327 0.000728439 0.000136731 0.000680277 0.200095 0.000370674 0.0719905 0.000252678 
5 0 56250000 7.04921 0.00935636 -0.00214041 0.00327005 2.30039 0.00755832 16.9996 0.183503 -0.000272327 0.000728439 0.000136731 0.00068096 0.200095 0.000369702 0.0719905 0.000252218 
5 0 56500000 7.04921 0.00935636 -0.00214041 0.00325906 2.30039 0.00755832 16.9996 0.183503 -0.000272327 0.000728439 0.000136731 0.000681355 0.200095 0.000368525 0.0719905 0.000251534 
5 0 56750000 7.04921 0.00935636 -0.00214041 0.00324544 2.30039 0.00755832 16.9996 0.183503 -0.000272327 0.000728439 0.000136731 0.000679772 0.200095 0.000368189 0.0719905 0.000251545 
5 0 57000000 7.04921 0.00935636 -0.00214041 0.00323353 2.30039 0.00755832 16.9996 0.183503 -0.000272327 0.000728439 0.000136731 0.000677301 0.200095 0.000366701 0.0719905 0.000250513 
5 0 57250000 7.04921 0.00935636 -0.00214041 0.00322108 2.30039 0.00755832 16.9996 0.183503 -0.000272327 0.000728439 0.000136731 0.000675486 0.200095 0.000365715 0.0719905 0.00024963 
5 0 57500000 7.04756 0.00803476 -0.00178649 0.00322267 2.30413 0.00726155 17.0467 0.157288 -0.000132568 0.000708948 -3.41574e-05 0.000673695 0.200161 0.000364835 0.0720317 0.000248734 
5 0 57750000 7.04756 0.00803476 -0.00178649 0.00321893 2.30413 0.00726155 17.0467 0.157288 -0.000132568 0.000708948 -3.41574e-05 0.000672126 0.200161 0.000363755 0.0720317 0.000247993 
5 0 58000000 7.04756 0.00803476 -0.00178649 0.00321661 2.30413 0.00726155 17.0467 0.157288 -0.000132568 0.000708948 -3.41574e-05 0.000671853 0.200161 0.0003645 0.0720317 0.000248865 
5 0 58250000 7.04756 0.00803476 -0.00178649 0.0032089 2.30413 0.00726155 17.0467 0.157288 -0.000132568 0.000708948 -3.41574e-05 0.000670405 0.200161 0.000364332 0.0720317 0.00024834 
5 0 58500000 7.04756 0.00803476 -0.00178649 0.00320549 2.30413 0.00726155 17.0467 0.157288 -0.000132568 0.000708948 -3.41574e-05 0.000667835 0.200161 0.000363196 0.0720317 0.000247628 
5 0 58750000 7.04756 0.00803476 -0.00178649 0.00319214 2.30413 0.00726155 17.0467 0.157288 -0.000132568 0.000708948 -3.41574e-05 0.000667707 0.200161 0.000363326 0.0720317 0.000247811 
5 0 59000000 7.04756 0.00803476 -0.00178649 0.00318704 2.30413 0.00726155 17.0467 0.157288 -0.000132568 0.000708948 -3.41574e-05 0.000666307 0.200161 0.000361833 0.0720317 0.000246884 
5 0 59250000 7.04756 0.00803476 -0.00178649 0.00317372 2.30413 0.00726155 17.0467 0.157288 -0.000132568 0.000708948 -3.41574e-05 0.000665109 0.200161 0.000360333 0.0720317 0.000245976 
5 0 59500000 7.04756 0.00803476 -0.00178649 0.00316376 2.30413 0.00726155 17.0467 0.157288 -0.000132568 0.00071389 -3.41574e-05 0.000663528 0.200161 0.000359532 0.0720317 0.000245306 
5 0 59750000 7.04756 0.00803476 -0.00178649 0.00315042 2.30413 0.00726155 17.0467 0.157288 -0.000132568 0.00071389 -3.41574e-05 0.000661151 0.200161 0.000358054 0.0720317 0.000244278 
5 0 60000000 7.04756 0.00803476 -0.00178649 0.00313824 2.30413 0.00726155 17.0467 0.157288 -0.000132568 0.00071389 -3.41574e-05 0.000661145 0.200161 0.000357178 0.0720317 0.000243868 
5 0 60250000 7.04756 0.00803476 -0.00178649 0.00312507 2.30413 0.00726155 17.0467 0.157288 -0.000132568 0.00071389 -3.41574e-05 0.000661339 0.200161 0.000356486 0.0720317 0.000243266 
5 0 60500000 7.04756 0.00803476 -0.00178649 0.0031166 2.30413 0.00726155 17.0467 0.157288 -0.000132568 0.00071389 -3.41574e-05 0.00066022 0.200161 0.00035571 0.0720317 0.000242923 
5 0 60750000 7.04756 0.00803476 -0.00178649 0.00310635 2.30413 0.00726155 17.0467 0.157288 -0.000132568 0.00071389 -3.41574e-05 0.000659242 0.200161 0.000354302 0.0720317 0.000242012 
5 0 61000000 7.04756 0.00803476 -0.00178649 0.00310111 2.30413 0.00726155 17.0467 0.157288 -0.000132568 0.00071389 -3.41574e-05 0.000657592 0.200161 0.000352934 0.0720317 0.000241247 
5 0 61250000 7.04756 0.00803476 -0.00178649 0.00310101 2.30413 0.00726155 17.0467 0.157288 -0.000132568 0.00071389 -3.41574e-05 0.00065651 0.200161 0.000352428 0.0720317 0.000240825 
5 0 61500000 7.04818 0.00803476 -0.00260051 0.00309289 2.30336 0.00707567 17.0152 0.157288 0.000342756 0.000781698 -0.000179144 0.00065387 0.200225 0.000351966 0.0720436 0.000240352 
5 0 61750000 7.04818 0.00803476 -0.00260051 0.00308576 2.30336 0.00707567 17.0152 0.157288 0.000342756 0.000781698 -0.000179144 0.00065163 0.200225 0.000351325 0.0720436 0.000239684 
5 0 62000000 7.04818 0.00803476 -0.00260051 0.00307775 2.30336 0.00707567 17.0152 0.157288 0.000342756 0.000781698 -0.000179144 0.000650798 0.200225 0.000351185 0.0720436 0.000239258 
5 0 62250000 7.04818 0.00803476 -0.00260051 0.00306582 2.30336 0.00707567 17.0152 0.157288 0.000342756 0.000781698 -0.000179144 0.000649837 0.200225 0.000349986 0.0720436 0.000238499 
5 0 62500000 7.04818 0.00803476 -0.00260051 0.00305859 2.30336 0.00707567 17.0152 0.157288 0.000342756 0.000781698 -0.000179144 0.000649501 0.200225 0.000349067 0.0720436 0.000237975 
5 0 62750000 7.04818 0.00803476 -0.00260051 0.00305011 2.30336 0.00707567 17.0152 0.157288 0.000342756 0.000781698 -0.000179144 0.000647457 0.200225 0.000348406 0.0720436 0.000237659 
5 0 63000000 7.04818 0.00803476 -0.00260051 0.00304605 2.30336 0.00707567 17.0152 0.157288 0.000342756 0.000781698 -0.000179144 0.000646391 0.200225 0.000347752 0.0720436 0.000237233 
5 0 63250000 7.04818 0.00803476 -0.00260051 0.00304367 2.30336 0.00707567 17.0152 0.157288 0.000342756 0.000781698 -0.000179144 0.00064565 0.200225 0.000348077 0.0720436 0.000237285 
5 0 63500000 7.04818 0.00803476 -0.00260051 0.00303418 2.30336 0.00707567 17.0152 0.157288 0.000342756 0.000781698 -0.000179144 0.00064565 0.200225 0.00034737 0.0720436 0.000236855 
5 0 63750000 7.04818 0.00803476 -0.00260051 0.00302297 2.30336 0.00707567 17.0152 0.157288 0.000342756 0.000781698 -0.000179144 0.000641905 0.200225 0.000346891 0.0720436 0.000236375 
5 0 64000000 7.04818 0.00803476 -0.00260051 0.00301765 2.30336 0.00707567 17.0152 0.157288 0.000342756 0.000781698 -0.000179144 0.000641692 0.200225 0.000345781 0.0720436 0.000235773 
5 0 64250000 7.04818 0.00803476 -0.00260051 0.00300766 2.30336 0.00707567 17.0152 0.157288 0.000342756 0.000781698 -0.000179144 0.000635606 0.200225 0.000340652 0.0720436 0.000228137 
5 0 64500000 7.04818 0.00803476 -0.00260051 0.00300969 2.30336 0.00707567 17.0152 0.157288 0.000342756 0.000781698 -0.000179144 0.000635606 0.200225 0.000341055 0.0720436 0.000228626 
5 0 64750000 7.04818 0.00803476 -0.00260051 0.00299881 2.30336 0.00707567 17.0152 0.157288 0.000342756 0.000781698 -0.000179144 0.000625914 0.200225 0.000339746 0.0720436 0.000227801 
5 0 65000000 7.04818 0.00803476 -0.00260051 0.00299232 2.30336 0.00707567 17.0152 0.157288 0.000342756 0.000781698 -0.000179144 0.000625914 0.200225 0.000339687 0.0720436 0.000227461 
5 0 65250000 7.04818 0.00803476 -0.00260051 0.00298485 2.30336 0.00707567 17.0152 0.157288 0.000342756 0.000781698 -0.000179144 0.000625914 0.200225 0.00034026 0.0720436 0.000228469 
5 0 65500000 7.04818 0.00803476 -0.00260051 0.00297565 2.30336 0.00707567 17.0152 0.157288 0.000342756 0.000781698 -0.000179144 0.000625914 0.200225 0.000339975 0.0720436 0.000228278 
5 0 65750000 7.04954 0.0072709 -0.00259414 0.002982 2.30135 0.00688811 16.9794 0.151338 0.000187136 0.000748172 -8.34636e-06 0.00061615 0.200259 0.000340992 0.0720611 0.000228569 
5 0 66000000 7.04954 0.0072709 -0.00259414 0.00297314 2.30135 0.00688811 16.9794 0.151338 0.000187136 0.000748172 -8.34636e-06 0.00061615 0.200259 0.000340161 0.0720611 0.00022806 
5 0 66250000 7.04954 0.0072709 -0.00259414 0.00296371 2.30135 0.00688811 16.9794 0.151338 0.000187136 0.000748172 -8.34636e-06 0.000618397 0.200259 0.000339299 0.0720611 0.000227969 
5 0 66500000 7.04954 0.0072709 -0.00259414 0.00296426 2.30135 0.00688811 16.9794 0.151338 0.000187136 0.000748172 -8.34636e-06 0.000618397 0.200259 0.000340257 0.0720611 0.00022912 
5 0 66750000 7.04954 0.0072709 -0.00259414 0.00295425 2.30135 0.00688811 16.9794 0.151338 0.000187136 0.000748172 -8.34636e-06 0.000619493 0.200259 0.000339001 0.0720611 0.000228243 
5 0 67000000 7.04954 0.0072709 -0.00259414 0.00296584 2.30135 0.00688811 16.9794 0.151338 0.000187136 0.000748172 -8.34636e-06 0.000619493 0.200259 0.00033858 0.0720611 0.000227889 
5 0 67250000 7.04954 0.0072709 -0.00259414 0.00295904 2.30135 0.00688811 16.9794 0.151338 0.000187136 0.000748172 -8.34636e-06 0.000619493 0.200259 0.000339148 0.0720611 0.000228417 
5 0 67500000 7.04954 0.0072709 -0.00259414 0.00295561 2.30135 0.00688811 16.9794 0.151338 0.000187136 0.000748172 -8.34636e-06 0.000619493 0.200259 0.000337976 0.0720611 0.000227814 
5 0 67750000 7.04954 0.0072709 -0.00259414 0.00294582 2.30135 0.00678984 16.9794 0.151338 0.000187136 0.000748172 -8.34636e-06 0.000615431 0.200259 0.000336881 0.0720611 0.000226967 
5 0 68000000 7.04954 0.0072709 -0.00259414 0.00293526 2.30135 0.00678984 16.9794 0.151338 0.000187136 0.000748172 -8.34636e-06 0.000615431 0.200259 0.000335719 0.0720611 0.000226162 
5 0 68250000 7.04954 0.0072709 -0.00259414 0.00293285 2.30135 0.00678984 16.9794 0.151338 0.000187136 0.000748172 -8.34636e-06 0.000615431 0.200259 0.000337121 0.0720611 0.000227357 
5 0 68500000 7.04954 0.0072709 -0.00259414 0.00292813 2.30135 0.00678984 16.9794 0.151338 0.000187136 0.000748172 -8.34636e-06 0.000615431 0.200259 0.000336594 0.0720611 0.000227117 
5 0 68750000 7.04954 0.0072709 -0.00259414 0.0029239 2.30135 0.00678984 16.9794 0.151338 0.000187136 0.000748172 -8.34636e-06 0.00060626 0.200259 0.000335836 0.0720611 0.000226648 
5 0 69000000 7.04954 0.0072709 -0.00259414 0.00293974 2.30135 0.00678984 16.9794 0.151338 0.000187136 0.000748172 -8.34636e-06 0.00060626 0.200259 0.00033652 0.0720611 0.000226466 
5 0 69250000 7.04954 0.0072709 -0.00259414 0.00294511 2.30135 0.00678984 16.9794 0.151338 0.000187136 0.000748172 -8.34636e-06 0.00060626 0.200259 0.000336032 0.0720611 0.000226112 
5 0 69500000 7.04954 0.0072709 -0.00259414 0.0029373 2.30135 0.00678984 16.9794 0.151338 0.000187136 0.000748172 -8.34636e-06 0.00060626 0.200259 0.000336575 0.0720611 0.000226442 
5 0 69750000 7.04994 0.0072709 -0.00182908 0.00293376 2.30321 0.00671607 16.9922 0.151338 0.000185049 0.000704165 -3.49788e-05 0.000602071 0.200264 0.000335395 0.0721277 0.00022579 
5 0 70000000 7.04994 0.0072709 -0.00182908 0.00292332 2.30321 0.00671607 16.9922 0.151338 0.000185049 0.000704165 -3.49788e-05 0.000602071 0.200264 0.000334166 0.0721277 0.000225265 
5 0 70250000 7.04994 0.0072709 -0.00182908 0.00291908 2.30321 0.00671607 16.9922 0.151338 0.000185049 0.000704165 -3.49788e-05 0.000602071 0.200264 0.000334273 0.0721277 0.000225311 
5 0 70500000 7.04994 0.0072709 -0.00182908 0.00293394 2.30321 0.00671607 16.9922 0.151338 0.000185049 0.000704165 -3.49788e-05 0.000602071 0.200264 0.000337573 0.0721277 0.000226293 
5 0 70750000 7.04994 0.0072709 -0.00182908 0.00292625 2.30321 0.00671607 16.9922 0.151338 0.000185049 0.000704165 -3.49788e-05 0.000597738 0.200264 0.000336524 0.0721277 0.000225493 
5 0 71000000 7.04994 0.0072709 -0.00182908 0.00291718 2.30321 0.00671607 16.9922 0.151338 0.000185049 0.000704165 -3.49788e-05 0.000597738 0.200264 0.000335759 0.0721277 0.000224806 
5 0 71250000 7.04994 0.0072709 -0.00182908 0.00290792 2.30321 0.00671607 16.9922 0.151338 0.000185049 0.000704165 -3.49788e-05 0.000597738 0.200264 0.000334948 0.0721277 0.000224483 
5 0 71500000 7.04994 0.0072709 -0.00182908 0.00289773 2.30321 0.00671607 16.9922 0.151338 0.000185049 0.000704165 -3.49788e-05 0.000597738 0.200264 0.000334107 0.0721277 0.000223834 
5 0 71750000 7.04994 0.0072709 -0.00182908 0.0028878 2.30321 0.00671607 16.9922 0.151338 0.000185049 0.000704165 -3.49788e-05 0.000592736 0.200264 0.000333219 0.0721277 0.000223198 
5 0 72000000 7.04994 0.0072709 -0.00182908 0.00288825 2.30321 0.00671607 16.9922 0.151338 0.000185049 0.000704165 -3.49788e-05 0.000592736 0.200264 0.000332929 0.0721277 0.0002232 
5 0 72250000 7.04994 0.0072709 -0.00182908 0.0028826 2.30321 0.00671607 16.9922 0.151338 0.000185049 0.000704165 -3.49788e-05 0.000592736 0.200264 0.00033256 0.0721277 0.00022274 
5 0 72500000 7.04994 0.0072709 -0.00182908 0.00287257 2.30321 0.00671607 16.9922 0.151338 0.000185049 0.000704165 -3.49788e-05 0.000592736 0.200264 0.000331395 0.0721277 0.000221983 
5 0 72750000 7.04994 0.0072709 -0.00182908 0.00286964 2.30321 0.00671607 16.9922 0.151338 0.000185049 0.000704165 -3.49788e-05 0.000588362 0.200264 0.000330949 0.0721277 0.000221397 
5 0 73000000 7.04994 0.0072709 -0.00182908 0.00286233 2.30321 0.00671607 16.9922 0.151338 0.000185049 0.000704165 -3.49788e-05 0.000588362 0.200264 0.000329821 0.0721277 0.000220688 
5 0 73250000 7.04994 0.0072709 -0.00182908 0.00286622 2.30321 0.00671607 16.9922 0.151338 0.000185049 0.000704165 -3.49788e-05 0.000588362 0.200264 0.000328744 0.0721277 0.000220407 
5 0 73500000 7.04994 0.0072709 -0.00182908 0.00285676 2.30321 0.00671607 16.9922 0.151338 0.000185049 0.000704165 -3.49788e-05 0.000588362 0.200264 0.000327601 0.0721277 0.000219715 
5 0 73750000 7.04994 0.0072709 -0.00182908 0.00285406 2.30321 0.00671607 16.9922 0.151338 0.000185049 0.000704165 -3.49788e-05 0.000588362 0.200264 0.000327601 0.0721277 0.000219339 
5 0 74000000 7.05071 0.00680505 -0.00158975 0.00284687 2.30516 0.00696571 17.0007 0.136011 5.59428e-05 0.000676777 -0.000268475 0.000602684 0.200283 0.000327265 0.0721488 0.000219204 
5 0 74250000 7.05071 0.00680505 -0.00158975 0.00284132 2.30516 0.00696571 17.0007 0.136011 5.59428e-05 0.000676777 -0.000268475 0.000602684 0.200283 0.000326689 0.0721488 0.00021863 
5 0 74500000 7.05071 0.00680505 -0.00158975 0.00283834 2.30516 0.00696571 17.0007 0.136011 5.59428e-05 0.000676777 -0.000268475 0.000602684 0.200283 0.000325642 0.0721488 0.000218317 
5 0 74750000 7.05071 0.00680505 -0.00158975 0.0028352 2.30516 0.00696571 17.0007 0.136011 5.59428e-05 0.000676777 -0.000268475 0.000602684 0.200283 0.000326096 0.0721488 0.000217859 
5 0 75000000 7.05071 0.00679875 -0.00158975 0.00282765 2.30516 0.00696571 17.0007 0.136011 5.59428e-05 0.000676777 -0.000268475 0.000597529 0.200283 0.000324998 0.0721488 0.000217296 
5 0 75250000 7.05071 0.00679875 -0.00158975 0.00281938 2.30516 0.00696571 17.0007 0.136011 5.59428e-05 0.000676777 -0.000268475 0.000597529 0.200283 0.000323893 0.0721488 0.000216728 
5 0 75500000 7.05071 0.00679875 -0.00158975 0.00281387 2.30516 0.00696571 17.0007 0.136011 5.59428e-05 0.000676777 -0.000268475 0.000597529 0.200283 0.000323125 0.0721488 0.000216252 
5 0 75750000 7.05071 0.00679875 -0.00158975 0.00280511 2.30516 0.00696571 17.0007 0.136011 5.59428e-05 0.000676777 -0.000268475 0.000597529 0.200283 0.000322483 0.0721488 0.000215752 
5 0 76000000 7.05071 0.00676086 -0.00158975 0.0027974 2.30516 0.00696571 17.0007 0.136011 5.59428e-05 0.000676777 -0.000268475 0.000590685 0.200283 0.000321512 0.0721488 0.000215114 
5 0 76250000 7.05071 0.00676086 -0.00158975 0.00278814 2.30516 0.00696571 17.0007 0.136011 5.59428e-05 0.000676777 -0.000268475 0.000590685 0.200283 0.000320495 0.0721488 0.000214503 
5 0 76500000 7.05071 0.00676086 -0.00158975 0.00278758 2.30516 0.00696571 17.0007 0.136011 5.59428e-05 0.000676777 -0.000268475 0.000590685 0.200283 0.000320284 0.0721488 0.000214408 
5 0 76750000 7.05071 0.00676086 -0.00158975 0.00277895 2.30516 0.00696571 17.0007 0.136011 5.59428e-05 0.000676777 -0.000268475 0.000590685 0.200283 0.000319225 0.0721488 0.000213979 
5 0 77000000 7.05071 0.00667783 -0.00158975 0.00278391 2.30516 0.00696571 17.0007 0.136011 5.59428e-05 0.000676777 -0.000268475 0.000583912 0.200283 0.00031878 0.0721488 0.000214355 
5 0 77250000 7.05071 0.00667783 -0.00158975 0.00277497 2.30516 0.00696571 17.0007 0.136011 5.59428e-05 0.000676777 -0.000268475 0.000583912 0.200283 0.000319752 0.0721488 0.000214601 
5 0 77500000 7.05071 0.00667783 -0.00158975 0.00276874 2.30516 0.00696571 17.0007 0.136011 5.59428e-05 0.000676777 -0.000268475 0.000583912 0.200283 0.000318794 0.0721488 0.000213948 
5 0 77750000 7.05071 0.00667783 -0.00158975 0.00276074 2.30516 0.00696571 17.0007 0.136011 5.59428e-05 0.000676777 -0.000268475 0.000583912 0.200283 0.000318304 0.0721488 0.000213608 
5 0 78000000 7.0521 0.00664281 -0.00183615 0.00275531 2.30366 0.00696571 16.9819 0.136011 9.91049e-05 0.000642532 -0.000314708 0.000577159 0.200277 0.000317279 0.0721295 0.000212907 
5 0 78250000 7.0521 0.00664281 -0.00183615 0.00275409 2.30366 0.00696571 16.9819 0.136011 9.91049e-05 0.000642532 -0.000314708 0.000577159 0.200277 0.000318206 0.0721295 0.000212974 
5 0 78500000 7.0521 0.00664281 -0.00183615 0.0027464 2.30366 0.00696571 16.9819 0.136011 9.91049e-05 0.000642532 -0.000314708 0.000577159 0.200277 0.000317265 0.0721295 0.0002123 
5 0 78750000 7.0521 0.00664281 -0.00183615 0.0027381 2.30366 0.00696571 16.9819 0.136011 9.91049e-05 0.000642532 -0.000314708 0.000577159 0.200277 0.000316342 0.0721295 0.000211655 
5 0 79000000 7.0521 0.0065588 -0.00183615 0.00273514 2.30366 0.00696571 16.9819 0.136011 9.91049e-05 0.000642532 -0.000314708 0.000572942 0.200277 0.000315363 0.0721295 0.000211295 
5 0 79250000 7.0521 0.0065588 -0.00183615 0.00273183 2.30366 0.00696571 16.9819 0.136011 9.91049e-05 0.000642532 -0.000314708 0.000572942 0.200277 0.000314377 0.0721295 0.000210962 
5 0 79500000 7.0521 0.0065588 -0.00183615 0.00272444 2.30366 0.00696571 16.9819 0.136011 9.91049e-05 0.000642532 -0.000314708 0.000572942 0.200277 0.000314235 0.0721295 0.000210683 
5 0 79750000 7.0521 0.0065588 -0.00183615 0.00271752 2.30366 0.00696571 16.9819 0.136011 9.91049e-05 0.000642532 -0.000314708 0.000572942 0.200277 0.000313335 0.0721295 0.00021002 
5 0 80000000 7.0521 0.0065574 -0.00183615 0.00271267 2.30366 0.00696571 16.9819 0.136011 9.91049e-05 0.000642532 -0.000314708 0.000576745 0.200277 0.000312516 0.0721295 0.000209985 
5 0 80250000 7.0521 0.0065574 -0.00183615 0.00271231 2.30366 0.00696571 16.9819 0.136011 9.91049e-05 0.000642532 -0.000314708 0.000576745 0.200277 0.000311885 0.0721295 0.000209607 
5 0 80500000 7.0521 0.0065574 -0.00183615 0.00270875 2.30366 0.00696571 16.9819 0.136011 9.91049e-05 0.000642532 -0.000314708 0.000576745 0.200277 0.000310909 0.0721295 0.000209026 
5 0 80750000 7.0521 0.0065574 -0.00183615 0.00270634 2.30366 0.00696571 16.9819 0.136011 9.91049e-05 0.000642532 -0.000314708 0.000576745 0.200277 0.000310753 0.0721295 0.000209215 
5 0 81000000 7.0521 0.0065574 -0.00183615 0.00269858 2.30366 0.00696571 16.9819 0.136011 9.91049e-05 0.000642532 -0.000314708 0.000580511 0.200277 0.000310657 0.0721295 0.000208701 
5 0 81250000 7.0521 0.0065574 -0.00183615 0.00269903 2.30366 0.00696571 16.9819 0.136011 9.91049e-05 0.000642532 -0.000314708 0.000580511 0.200277 0.000310848 0.0721295 0.000208497 
5 0 81500000 7.0521 0.0065574 -0.00183615 0.00269082 2.30366 0.00696571 16.9819 0.136011 9.91049e-05 0.000642532 -0.000314708 0.000580511 0.200277 0.000309873 0.0721295 0.000207848 
5 0 81750000 7.0521 0.0065574 -0.00183615 0.00268374 2.30366 0.00696571 16.9819 0.136011 9.91049e-05 0.000642532 -0.000314708 0.000580511 0.200277 0.000309367 0.0721295 0.000207321 
5 0 82000000 7.05171 0.00670471 -0.000634508 0.00267976 2.30591 0.0073547 17.0189 0.148865 6.18292e-05 0.000624683 -0.000493965 0.000585046 0.200168 0.0003084 0.0720876 0.00020668 
5 0 82250000 7.05171 0.00670471 -0.000634508 0.00267629 2.30591 0.0073547 17.0189 0.148865 6.18292e-05 0.000624683 -0.000493965 0.000585046 0.200168 0.000307799 0.0720876 0.000206671 
5 0 82500000 7.05171 0.00670471 -0.000634508 0.0026707 2.30591 0.0073547 17.0189 0.148865 6.18292e-05 0.000624683 -0.000493965 0.000585046 0.200168 0.000308048 0.0720876 0.00020659 
5 0 82750000 7.05171 0.00670471 -0.000634508 0.00266516 2.30591 0.0073547 17.0189 0.148865 6.18292e-05 0.000624683 -0.000493965 0.000585046 0.200168 0.000307137 0.0720876 0.00020601 
5 0 83000000 7.05171 0.00670471 -0.000634508 0.00265766 2.30591 0.0073547 17.0189 0.148865 6.18292e-05 0.000624683 -0.000493965 0.000580418 0.200168 0.000306269 0.0720876 0.000205449 
5 0 83250000 7.05171 0.00670471 -0.000634508 0.00264997 2.30591 0.0073547 17.0189 0.148865 6.18292e-05 0.000624683 -0.000493965 0.000580418 0.200168 0.000305775 0.0720876 0.000205138 
5 0 83500000 7.05171 0.00670471 -0.000634508 0.00265285 2.30591 0.0073547 17.0189 0.148865 6.18292e-05 0.000624683 -0.000493965 0.000580418 0.200168 0.000306025 0.0720876 0.00020535 
5 0 83750000 7.05171 0.00670471 -0.000634508 0.00265419 2.30591 0.0073547 17.0189 0.148865 6.18292e-05 0.000624683 -0.000493965 0.000580418 0.200168 0.000306318 0.0720876 0.000205083 
5 0 84000000 7.05171 0.00670471 -0.000634508 0.00265146 2.30591 0.0073547 17.0189 0.148865 6.18292e-05 0.000611485 -0.000493965 0.000582706 0.200168 0.000305446 0.0720876 0.000204665 
5 0 84250000 7.05171 0.00670471 -0.000634508 0.00265146 2.30591 0.0073547 17.0189 0.148865 6.18292e-05 0.000611485 -0.000493965 0.000582706 0.200168 0.000305982 0.0720876 0.000204886 
5 0 84500000 7.05171 0.00670471 -0.000634508 0.00265146 2.30591 0.0073547 17.0189 0.148865 6.18292e-05 0.000611485 -0.000493965 0.000582706 0.200168 0.000305982 0.0720876 0.000204584 
5 0 84750000 7.05171 0.00670471 -0.000634508 0.00265146 2.30591 0.0073547 17.0189 0.148865 6.18292e-05 0.000611485 -0.000493965 0.000582706 0.200168 0.000305136 0.0720876 0.000204257 
5 0 85000000 7.05171 0.00670471 -0.000634508 0.00265742 2.30591 0.0073547 17.0189 0.148865 6.18292e-05 0.000611485 -0.000493965 0.000582706 0.200168 0.000304822 0.0720876 0.000204766 
5 0 85250000 7.05171 0.00670471 -0.000634508 0.0026678 2.30591 0.0073547 17.0189 0.148865 6.18292e-05 0.000611485 -0.000493965 0.000593467 0.200168 0.000305254 0.0720876 0.0002047 
5 0 85500000 7.05171 0.00670471 -0.000634508 0.0026678 2.30591 0.0073547 17.0189 0.148865 6.18292e-05 0.000611485 -0.000493965 0.000593467 0.200168 0.00030574 0.0720876 0.000204239 
5 0 85750000 7.05171 0.00670471 -0.000634508 0.0026678 2.30591 0.0073547 17.0189 0.148865 6.18292e-05 0.000611485 -0.000493965 0.000593467 0.200168 0.000305261 0.0720876 0.000203893 
5 0 86000000 7.05171 0.00670471 -0.000634508 0.0026678 2.30591 0.0073547 17.0189 0.148865 6.18292e-05 0.000611485 -0.000493965 0.000593467 0.200168 0.00030444 0.0720876 0.000203886 
5 0 86250000 7.05171 0.00670471 -0.000634508 0.00264019 2.30591 0.0073547 17.0189 0.148865 6.18292e-05 0.00060311 -0.000493965 0.000587249 0.200168 0.000303834 0.0720876 0.000203295 
5 0 86500000 7.05171 0.00670471 -0.000634508 0.00263614 2.30591 0.0073547 17.0189 0.148865 6.18292e-05 0.00060311 -0.000493965 0.000587249 0.200168 0.000302933 0.0720876 0.000202706 
5 0 86750000 7.05171 0.00670471 -0.000634508 0.00263614 2.30591 0.0073547 17.0189 0.148865 6.18292e-05 0.00060311 -0.000493965 0.000587249 0.200168 0.000303701 0.0720876 0.000203167 
5 0 87000000 7.05171 0.00670471 -0.000634508 0.00263614 2.30591 0.0073547 17.0189 0.148865 6.18292e-05 0.00060311 -0.000493965 0.000587249 0.200168 0.000302843 0.0720876 0.000202706 
5 0 87250000 7.05171 0.00670471 -0.000634508 0.00262414 2.30591 0.0073547 17.0189 0.148865 6.18292e-05 0.00060311 -0.000493965 0.000580528 0.200168 0.000302076 0.0720876 0.00020232 
5 0 87500000 7.05171 0.00670471 -0.000634508 0.00262414 2.30591 0.0073547 17.0189 0.148865 6.18292e-05 0.00060311 -0.000493965 0.000580528 0.200168 0.000302704 0.0720876 0.000202152 
5 0 87750000 7.05171 0.00670471 -0.000634508 0.00262414 2.30591 0.0073547 17.0189 0.148865 6.18292e-05 0.00060311 -0.000493965 0.000580528 0.200168 0.000302273 0.0720876 0.000201765 
5 0 88000000 7.05171 0.00670471 -0.000634508 0.00262414 2.30591 0.0073547 17.0189 0.148865 6.18292e-05 0.00060311 -0.000493965 0.000580528 0.200168 0.000301862 0.0720876 0.000202258 
5 0 88250000 7.05171 0.00670471 -0.000634508 0.0026104 2.30591 0.0073547 17.0189 0.148865 6.18292e-05 0.000606105 -0.000493965 0.000575266 0.200168 0.000301844 0.0720876 0.0002021 
5 0 88500000 7.05171 0.00670471 -0.000634508 0.00260433 2.30591 0.0073547 17.0189 0.148865 6.18292e-05 0.000606105 -0.000493965 0.000575266 0.200168 0.000301064 0.0720876 0.000201616 
5 0 88750000 7.05171 0.00670471 -0.000634508 0.00260418 2.30591 0.0073547 17.0189 0.148865 6.18292e-05 0.000606105 -0.000493965 0.000575266 0.200168 0.000300542 0.0720876 0.000201455 
5 0 89000000 7.05171 0.00670471 -0.000634508 0.00260418 2.30591 0.0073547 17.0189 0.148865 6.18292e-05 0.000606105 -0.000493965 0.000575266 0.200168 0.000300064 0.0720876 0.000200955 
5 0 89250000 7.05171 0.00670471 -0.000634508 0.00258799 2.30591 0.0073547 17.0189 0.148865 6.18292e-05 0.000606105 -0.000493965 0.000570409 0.200168 0.000299774 0.0720876 0.000200695 
5 0 89500000 7.05171 0.00670471 -0.000634508 0.00258264 2.30591 0.0073547 17.0189 0.148865 6.18292e-05 0.000606105 -0.000493965 0.000570409 0.200168 0.000298915 0.0720876 0.00020021 
5 0 89750000 7.05171 0.00670471 -0.000634508 0.00258264 2.30591 0.0073547 17.0189 0.148865 6.18292e-05 0.000606105 -0.000493965 0.000570409 0.200168 0.000298632 0.0720876 0.000200406 
5 0 90000000 7.05171 0.00670471 -0.000634508 0.00258264 2.30591 0.0073547 17.0189 0.148865 6.18292e-05 0.000606105 -0.000493965 0.000570409 0.200168 0.000298209 0.0720876 0.000200063 
5 0 90250000 7.04982 0.00670471 -0.00115487 0.00256833 2.30523 0.0073547 16.9993 0.148865 0.000344824 0.000592337 -0.000656703 0.000565661 0.200177 0.000297368 0.0720865 0.000199534 
5 0 90500000 7.04982 0.00670471 -0.00115487 0.00256225 2.30523 0.0073547 16.9993 0.148865 0.000344824 0.000592337 -0.000656703 0.000565661 0.200177 0.000296566 0.0720865 0.000199005 
5 0 90750000 7.04982 0.00670471 -0.00115487 0.00256624 2.30523 0.0073547 16.9993 0.148865 0.000344824 0.000592337 -0.000656703 0.000565661 0.200177 0.00029574 0.0720865 0.000198872 
5 0 91000000 7.04982 0.00670471 -0.00115487 0.00255968 2.30523 0.0073547 16.9993 0.148865 0.000344824 0.000592337 -0.000656703 0.000565661 0.200177 0.000295317 0.0720865 0.000198419 
5 0 91250000 7.04982 0.00670471 -0.00115487 0.00255425 2.30523 0.0073547 16.9993 0.148865 0.000344824 0.000592337 -0.000656703 0.000559565 0.200177 0.000294561 0.0720865 0.00019791 
5 0 91500000 7.04982 0.00670471 -0.00115487 0.00255134 2.30523 0.0073547 16.9993 0.148865 0.000344824 0.000592337 -0.000656703 0.000559565 0.200177 0.000294905 0.0720865 0.000197895 
5 0 91750000 7.04982 0.00670471 -0.00115487 0.00254514 2.30523 0.0073547 16.9993 0.148865 0.000344824 0.000592337 -0.000656703 0.000559565 0.200177 0.000294086 0.0720865 0.000197368 
5 0 92000000 7.04982 0.00670471 -0.00115487 0.00253813 2.30523 0.0073547 16.9993 0.148865 0.000344824 0.000592337 -0.000656703 0.000559565 0.200177 0.000293282 0.0720865 0.000196997 
5 0 92250000 7.04982 0.00670471 -0.00115487 0.0025319 2.30523 0.0073547 16.9993 0.148865 0.000344824 0.000587966 -0.000656703 0.000553891 0.200177 0.000292471 0.0720865 0.000196487 
5 0 92500000 7.04982 0.00670471 -0.00115487 0.00253249 2.30523 0.0073547 16.9993 0.148865 0.000344824 0.000587966 -0.000656703 0.000553891 0.200177 0.000292071 0.0720865 0.000196036 
5 0 92750000 7.04982 0.00670471 -0.00115487 0.00253195 2.30523 0.0073547 16.9993 0.148865 0.000344824 0.000587966 -0.000656703 0.000553891 0.200177 0.000291401 0.0720865 0.000195529 
5 0 93000000 7.04982 0.00670471 -0.00115487 0.0025355 2.30523 0.0073547 16.9993 0.148865 0.000344824 0.000587966 -0.000656703 0.000553891 0.200177 0.000291822 0.0720865 0.000195466 
5 0 93250000 7.04982 0.00670471 -0.00115487 0.00253345 2.30523 0.0073547 16.9993 0.148865 0.000344824 0.000587966 -0.000656703 0.000551941 0.200177 0.000292953 0.0720865 0.00019578 
5 0 93500000 7.04982 0.00670471 -0.00115487 0.00253556 2.30523 0.0073547 16.9993 0.148865 0.000344824 0.000587966 -0.000656703 0.000551941 0.200177 0.000292188 0.0720865 0.000195669 
5 0 93750000 7.04982 0.00670471 -0.00115487 0.00253005 2.30523 0.0073547 16.9993 0.148865 0.000344824 0.000587966 -0.000656703 0.000551941 0.200177 0.000291485 0.0720865 0.000195241 
5 0 94000000 7.04982 0.00670471 -0.00115487 0.00253005 2.30523 0.0073547 16.9993 0.148865 0.000344824 0.000587966 -0.000656703 0.000551941 0.200177 0.000290863 0.0720865 0.000194854 
5 0 94250000 7.04982 0.00670471 -0.00115487 0.00251677 2.30523 0.0073547 16.9993 0.148865 0.000344824 0.000567111 -0.000656703 0.00054599 0.200177 0.000290414 0.0720865 0.00019468 
5 0 94500000 7.04982 0.00670471 -0.00115487 0.0025212 2.30523 0.0073547 16.9993 0.148865 0.000344824 0.000567111 -0.000656703 0.00054599 0.200177 0.000289628 0.0720865 0.000195006 
5 0 94750000 7.04982 0.00670471 -0.00115487 0.00251484 2.30523 0.0073547 16.9993 0.148865 0.000344824 0.000567111 -0.000656703 0.00054599 0.200177 0.000288991 0.0720865 0.000194535 
5 0 95000000 7.04982 0.00670471 -0.00115487 0.00251262 2.30523 0.0073547 16.9993 0.148865 0.000344824 0.000567111 -0.000656703 0.00054599 0.200177 0.000288991 0.0720865 0.000194447 
5 0 95250000 7.04982 0.00670471 -0.00115487 0.00250707 2.30523 0.0073547 16.9993 0.148865 0.000344824 0.000567111 -0.000656703 0.00054599 0.200177 0.000288242 0.0720865 0.000194029 
5 0 95500000 7.04982 0.00670471 -0.00115487 0.00250826 2.30523 0.0073547 16.9993 0.148865 0.000344824 0.000567111 -0.000656703 0.00054012 0.200177 0.000287506 0.0720865 0.000193885 
5 0 95750000 7.04982 0.00670471 -0.00115487 0.00250807 2.30523 0.0073547 16.9993 0.148865 0.000344824 0.000567111 -0.000656703 0.00054012 0.200177 0.00028684 0.0720865 0.000193756 
5 0 96000000 7.04982 0.00670471 -0.00115487 0.00250358 2.30523 0.0073547 16.9993 0.148865 0.000344824 0.000567111 -0.000656703 0.00054012 0.200177 0.000288116 0.0720865 0.000193496 
5 0 96250000 7.04982 0.00670471 -0.00115487 0.00249916 2.30523 0.0073547 16.9993 0.148865 0.000344824 0.000567111 -0.000656703 0.00054012 0.200177 0.000288229 0.0720865 0.000193118 
5 0 96500000 7.04982 0.00670471 -0.00115487 0.0024952 2.30523 0.0073547 16.9993 0.148865 0.000344824 0.000563467 -0.000656703 0.000534685 0.200177 0.000287544 0.0720865 0.000192953 
5 0 96750000 7.04982 0.00670471 -0.00115487 0.00249833 2.30523 0.0073547 16.9993 0.148865 0.000344824 0.000563467 -0.000656703 0.000534685 0.200177 0.000286841 0.0720865 0.000192662 
5 0 97000000 7.04982 0.00670471 -0.00115487 0.00249536 2.30523 0.0073547 16.9993 0.148865 0.000344824 0.000563467 -0.000656703 0.000534685 0.200177 0.00028631 0.0720865 0.000192741 
5 0 97250000 7.04982 0.00670471 -0.00115487 0.00249084 2.30523 0.0073547 16.9993 0.148865 0.000344824 0.000563467 -0.000656703 0.000534685 0.200177 0.000285689 0.0720865 0.000192744 
5 0 97500000 7.04982 0.00670471 -0.00115487 0.00248812 2.30523 0.0073547 16.9993 0.148865 0.000344824 0.000563467 -0.000656703 0.000531262 0.200177 0.000285121 0.0720865 0.000192666 
5 0 97750000 7.04982 0.00670471 -0.00115487 0.00248876 2.30523 0.0073547 16.9993 0.148865 0.000344824 0.000563467 -0.000656703 0.000531262 0.200177 0.000285551 0.0720865 0.000193387 
5 0 98000000 7.04982 0.00670471 -0.00115487 0.00248254 2.30523 0.0073547 16.9993 0.148865 0.000344824 0.000563467 -0.000656703 0.000531262 0.200177 0.000285686 0.0720865 0.00019301 
5 0 98250000 7.04982 0.00670471 -0.00115487 0.00247666 2.30523 0.0073547 16.9993 0.148865 0.000344824 0.000563467 -0.000656703 0.000531262 0.200177 0.000285099 0.0720865 0.000192508 
5 0 98500000 7.05133 0.00574597 -0.000250664 0.00247231 2.30508 0.00617563 17.0108 0.124273 0.000340656 0.000547076 -0.000705015 0.000527998 0.200023 0.000284361 0.0720225 0.00019202 
5 0 98750000 7.05133 0.00574597 -0.000250664 0.00247129 2.30508 0.00617563 17.0108 0.124273 0.000340656 0.000547076 -0.000705015 0.000527998 0.200023 0.000283806 0.0720225 0.000191813 
5 0 99000000 7.05133 0.00574597 -0.000250664 0.00246666 2.30508 0.00617563 17.0108 0.124273 0.000340656 0.000547076 -0.000705015 0.000527998 0.200023 0.000283119 0.0720225 0.000191479 
5 0 99250000 7.05133 0.00574597 -0.000250664 0.00246117 2.30508 0.00617563 17.0108 0.124273 0.000340656 0.000547076 -0.000705015 0.000527998 0.200023 0.000282551 0.0720225 0.000191292 
5 0 99500000 7.05133 0.00568695 -0.000250664 0.00245601 2.30508 0.00617563 17.0108 0.124273 0.000340656 0.000547076 -0.000705015 0.000526148 0.200023 0.000283175 0.0720225 0.000190981 
5 0 99750000 7.05133 0.00568695 -0.000250664 0.00245048 2.30508 0.00617563 17.0108 0.124273 0.000340656 0.000547076 -0.000705015 0.000526148 0.200023 0.000282457 0.0720225 0.000190552 
5 0 100000000 7.05133 0.00568695 -0.000250664 0.00244475 2.30508 0.00617563 17.0108 0.124273 0.000340656 0.000547076 -0.000705015 0.000526148 0.200023 0.000282029 0.0720225 0.00019026 
