L J MC_steps R2 R2_std E E_std E2 E2_std E4 E4_std Sin1 Sin1_std Cos1 Cos1_std Mag2 Mag2_std Mag4 Mag4_std
5 1.25 250000 5.69196 0.138388 -3.65514 0.051366 15.7285 0.340994 351.725 12.5036 0.0215907 0.0207427 0.0102907 0.0226358 0.658255 0.00809921 0.492031 0.00927701 
5 1.25 500000 5.65513 0.0934896 -3.60985 0.035451 15.4702 0.22978 340.959 8.07161 0.00773752 0.0144782 0.00678177 0.0214845 0.649799 0.00550781 0.482053 0.0062947 
5 1.25 750000 5.74858 0.0759699 -3.60845 0.0385062 15.425 0.242827 337.571 8.04695 -0.00420851 0.0122425 -1.91829e-05 0.0153796 0.650141 0.00682616 0.481618 0.00793481 
5 1.25 1000000 5.78646 0.0591079 -3.60215 0.029256 15.3674 0.181259 335.428 6.04675 0.00100771 0.0104207 0.00210208 0.0122298 0.648199 0.00511344 0.478849 0.00602168 
5 1.25 1250000 5.7389 0.0513974 -3.60902 0.0230449 15.4075 0.149029 337.431 5.3211 0.00268355 0.00920348 0.000415285 0.0105877 0.648732 0.00404055 0.479175 0.00471324 
5 1.25 1500000 5.71307 0.0610916 -3.6114 0.021979 15.434 0.133054 338.241 4.85216 0.000706488 0.00837475 -0.00283288 0.00946188 0.649146 0.00359469 0.479179 0.00400148 
5 1.25 1750000 5.71424 0.0509118 -3.60553 0.0194605 15.4131 0.123911 338.393 4.38994 -0.00204033 0.00767655 -0.00278515 0.00839021 0.648292 0.00331442 0.478461 0.00360017 
5 1.25 2000000 5.71927 0.0444969 -3.60703 0.0181974 15.412 0.116284 338.227 4.11241 0.000568858 0.00732854 -0.00733393 0.00784894 0.649651 0.00316707 0.479714 0.00341577 
5 1.25 2250000 5.70841 0.0398973 -3.61118 0.0168195 15.4434 0.10904 339.716 3.86218 -0.000573581 0.00670811 -0.00526623 0.00730965 0.649973 0.00281882 0.480279 0.00304387 
5 1.25 2500000 5.68791 0.0379756 -3.61836 0.0160055 15.479 0.103533 340.175 3.6729 9.42019e-05 0.00633127 -0.00593662 0.0068328 0.651003 0.00261806 0.481284 0.00282412 
5 1.25 2750000 5.69551 0.0390052 -3.61593 0.0151665 15.4611 0.0986968 339.342 3.50965 -0.000827065 0.00612034 -0.00673867 0.00639524 0.650873 0.00240505 0.481056 0.0026886 
5 1.25 3000000 5.68626 0.0390052 -3.61835 0.01453 15.4661 0.0943641 339.405 3.34457 0.00172752 0.00576882 -0.00874189 0.00609816 0.651517 0.00220825 0.481493 0.00254956 
5 1.25 3250000 5.69727 0.0325439 -3.621 0.0140815 15.4979 0.0913439 340.947 3.22095 0.00222861 0.00553979 -0.00685421 0.00580623 0.652275 0.00215689 0.48273 0.00253593 
5 1.25 3500000 5.71049 0.0325439 -3.62138 0.0138174 15.4944 0.0895555 340.817 3.14927 -0.00115632 0.00534179 -0.00556466 0.00547763 0.65182 0.00213505 0.482352 0.00253593 
5 1.25 3750000 5.69964 0.0316339 -3.61642 0.0132215 15.4722 0.0858139 340.409 3.01802 -0.00211594 0.00526575 -0.00522283 0.00526251 0.65109 0.00206148 0.481545 0.00243502 
5 1.25 4000000 5.69948 0.0295254 -3.61824 0.0126485 15.4776 0.0821107 340.411 2.88388 -0.00127337 0.00514533 -0.00275063 0.00509075 0.65141 0.00206148 0.481677 0.00243502 
5 1.25 4250000 5.69617 0.0278652 -3.61798 0.0121053 15.4726 0.0785566 340.056 2.76323 -0.00250205 0.00500573 -0.00269531 0.00486085 0.651052 0.00189619 0.481305 0.00217175 
5 1.25 4500000 5.70347 0.0271661 -3.61561 0.011719 15.4554 0.0762252 339.462 2.69679 -0.00263795 0.00486675 -0.00274433 0.00475742 0.651131 0.00182742 0.481414 0.0021424 
5 1.25 4750000 5.70117 0.0257539 -3.6154 0.0113374 15.4597 0.073738 339.773 2.60846 -0.00265858 0.00472338 -0.00308076 0.00467223 0.651167 0.00176556 0.481526 0.00202312 
5 1.25 5000000 5.69428 0.0253026 -3.61788 0.0110492 15.4733 0.0721921 340.261 2.5502 -0.00371634 0.00461987 -0.00388205 0.00453716 0.651425 0.00171894 0.481775 0.00197747 
5 1.25 5250000 5.69072 0.0242869 -3.61881 0.0107308 15.4749 0.070207 340.27 2.48586 -0.00341038 0.00452933 -0.00312898 0.0044315 0.651751 0.00169081 0.482002 0.00192013 
5 1.25 5500000 5.69072 0.0231865 -3.61881 0.0103636 15.4749 0.0677712 340.27 2.39805 -0.00341038 0.0044281 -0.00312898 0.00434581 0.651751 0.00169081 0.482002 0.00185828 
5 1.25 5750000 5.6899 0.0225539 -3.61915 0.0100752 15.4806 0.0659998 341.044 2.34913 -0.00280574 0.00430374 -0.0026135 0.00427926 0.651292 0.00169081 0.481581 0.00182959 
5 1.25 6000000 5.6899 0.0220622 -3.61915 0.00989133 15.4806 0.0647074 341.044 2.30476 -0.00280574 0.00420707 -0.0026135 0.00418188 0.651292 0.00169081 0.481581 0.00182959 
5 1.25 6250000 5.67863 0.0216509 -3.62276 0.00966609 15.5014 0.0632171 341.486 2.24798 -0.0024597 0.00415786 -0.00171007 0.00409332 0.651705 0.00151349 0.481902 0.00174072 
5 1.25 6500000 5.67863 0.0222363 -3.62276 0.00946781 15.5014 0.0617678 341.486 2.19416 -0.0024597 0.00406721 -0.00171007 0.00400251 0.651705 0.00148289 0.481902 0.00170392 
5 1.25 6750000 5.68104 0.0214223 -3.62555 0.00925741 15.5167 0.0605012 341.803 2.15028 -0.00197885 0.00398786 -0.00124684 0.0039339 0.652247 0.0014691 0.482458 0.00166045 
5 1.25 7000000 5.68104 0.0207202 -3.62555 0.00906272 15.5167 0.0592139 341.803 2.10665 -0.00197885 0.00389709 -0.00124684 0.00384794 0.652247 0.00144562 0.482458 0.00162841 
5 1.25 7250000 5.67773 0.020402 -3.6282 0.00884706 15.533 0.0578066 342.36 2.05128 -0.000771829 0.00382926 -0.00127816 0.00379998 0.652754 0.00155018 0.483079 0.00170339 
5 1.25 7500000 5.67773 0.0200227 -3.6282 0.00874996 15.533 0.0572705 342.36 2.03066 -0.000771829 0.00379171 -0.00127816 0.00373562 0.652754 0.00155018 0.483079 0.00170339 
5 1.25 7750000 5.68314 0.0194789 -3.62825 0.00863235 15.5327 0.0563278 342.18 2.00463 -0.00240082 0.00369161 -0.00134405 0.00369692 0.653079 0.00155018 0.483358 0.00170339 
5 1.25 8000000 5.68314 0.0197355 -3.62825 0.0084885 15.5327 0.0555659 342.18 1.9769 -0.00240082 0.00376789 -0.00134405 0.00363096 0.653079 0.00155018 0.483358 0.00170339 
5 1.25 8250000 5.68054 0.019228 -3.62707 0.0083573 15.5258 0.0532776 342.026 1.8451 -0.00107586 0.00365537 -0.0018017 0.00349061 0.652841 0.00135885 0.482937 0.00149637 
5 1.25 8500000 5.68054 0.0188445 -3.62707 0.00822383 15.5258 0.0525409 342.026 1.82469 -0.00107586 0.00356145 -0.0018017 0.00342982 0.652841 0.00135885 0.482937 0.00149637 
5 1.25 8750000 5.68382 0.0186031 -3.62628 0.00819378 15.5168 0.052137 341.688 1.80717 -0.00145389 0.00348578 -0.00115063 0.0033601 0.652648 0.00135885 0.482704 0.00149637 
5 1.25 9000000 5.68382 0.0181968 -3.62628 0.00810366 15.5168 0.0514594 341.688 1.77917 -0.00145389 0.00368073 -0.00115063 0.00330895 0.652648 0.00135885 0.482704 0.00149637 
5 1.25 9250000 5.68685 0.01773 -3.6237 0.00805319 15.4975 0.0512311 341.113 1.77452 -0.000177605 0.00360348 -0.000740474 0.00328034 0.652444 0.00126558 0.482397 0.00142708 
5 1.25 9500000 5.68685 0.0173206 -3.6237 0.0079192 15.4975 0.0504206 341.113 1.74807 -0.000177605 0.00370317 -0.000740474 0.00323129 0.652444 0.00126442 0.482397 0.00142408 
5 1.25 9750000 5.68685 0.0174782 -3.6237 0.00783812 15.4975 0.0500994 341.113 1.741 -0.000177605 0.00370317 -0.000740474 0.00320026 0.652444 0.00126442 0.482397 0.00142408 
5 1.25 10000000 5.69285 0.0171365 -3.62589 0.00773861 15.5105 0.0494193 341.452 1.71617 -0.000617259 0.00368465 -0.000319071 0.00316439 0.653 0.00126442 0.482999 0.00142408 
5 1.25 10250000 5.69285 0.0169428 -3.62589 0.00764358 15.5105 0.0488846 341.452 1.69693 -0.000617259 0.00359226 -0.000319071 0.00312959 0.653 0.00126442 0.482999 0.00142408 
5 1.25 10500000 5.69209 0.0167084 -3.6235 0.00758094 15.4909 0.0484523 340.664 1.68505 -0.000884449 0.00352369 -0.000577514 0.00308635 0.652612 0.00122466 0.482546 0.0013905 
5 1.25 10750000 5.69209 0.0165597 -3.6235 0.0075301 15.4909 0.0483116 340.664 1.68455 -0.000884449 0.00348669 -0.000577514 0.00306938 0.652612 0.00122466 0.482546 0.0013905 
5 1.25 11000000 5.69209 0.0162815 -3.6235 0.00745176 15.4909 0.0477675 340.664 1.6638 -0.000884449 0.00340565 -0.000577514 0.00304106 0.652612 0.0011816 0.482546 0.00134234 
5 1.25 11250000 5.69209 0.0160371 -3.6235 0.0073419 15.4909 0.0471609 340.664 1.64623 -0.000884449 0.00333281 -0.000577514 0.00303299 0.652612 0.00116907 0.482546 0.0013341 
5 1.25 11500000 5.68985 0.0158001 -3.62293 0.00727187 15.4898 0.0468054 340.728 1.63495 -0.00111944 0.00333684 0.00012234 0.00300909 0.652656 0.00114911 0.48255 0.00130624 
5 1.25 11750000 5.68985 0.015622 -3.62293 0.00718062 15.4898 0.0462796 340.728 1.61854 -0.00111944 0.00327221 0.00012234 0.00298232 0.652656 0.00113694 0.48255 0.00129202 
5 1.25 12000000 5.68985 0.0156116 -3.62293 0.00713149 15.4898 0.0459831 340.728 1.60804 -0.00111944 0.00320558 0.00012234 0.00297351 0.652656 0.00113037 0.48255 0.00128656 
5 1.25 12250000 5.68985 0.015518 -3.62293 0.00704736 15.4898 0.0454671 340.728 1.58854 -0.00111944 0.00323339 0.00012234 0.00295001 0.652656 0.00111973 0.48255 0.0012733 
5 1.25 12500000 5.69356 0.0152821 -3.62263 0.00694107 15.4867 0.0447207 340.722 1.56143 -0.00103428 0.00317825 0.000159466 0.00291512 0.652764 0.00110243 0.48275 0.00125327 
5 1.25 12750000 5.69356 0.0151101 -3.62263 0.00691322 15.4867 0.0445609 340.722 1.55582 -0.00103428 0.00311464 0.000159466 0.00288022 0.652764 0.00109562 0.48275 0.00124663 
5 1.25 13000000 5.69356 0.0149286 -3.62263 0.00684397 15.4867 0.0441116 340.722 1.53862 -0.00103428 0.00309475 0.000159466 0.00284465 0.652764 0.00108375 0.48275 0.00123224 
5 1.25 13250000 5.69356 0.0147739 -3.62263 0.00676941 15.4867 0.043618 340.722 1.52284 -0.00103428 0.00305171 0.000159466 0.00280308 0.652764 0.00107044 0.48275 0.0012186 
5 1.25 13500000 5.69272 0.0146394 -3.62572 0.00674266 15.5075 0.043487 341.45 1.51757 -0.00105902 0.00301476 0.000658264 0.00279363 0.653116 0.00106334 0.483111 0.00121123 
5 1.25 13750000 5.69272 0.0145133 -3.62572 0.00668139 15.5075 0.0431201 341.45 1.50453 -0.00105902 0.002976 0.000658264 0.00277073 0.653116 0.00105282 0.483111 0.00119855 
5 1.25 14000000 5.69272 0.0144553 -3.62572 0.00664788 15.5075 0.0428902 341.45 1.4951 -0.00105902 0.00292816 0.000658264 0.00273357 0.653116 0.00104802 0.483111 0.00119196 
5 1.25 14250000 5.69272 0.0143045 -3.62572 0.0065701 15.5075 0.0423946 341.45 1.47777 -0.00105902 0.00288669 0.000658264 0.002697 0.653116 0.00103516 0.483111 0.00117814 
5 1.25 14500000 5.68883 0.01411 -3.62664 0.0065019 15.5139 0.0419396 341.68 1.46239 -0.000940671 0.00284557 0.00105945 0.00268387 0.652957 0.00102542 0.483004 0.00116539 
5 1.25 14750000 5.68883 0.0140079 -3.62664 0.00642512 15.5139 0.0414871 341.68 1.44926 -0.000940671 0.00280021 0.00105945 0.00267022 0.652957 0.00101241 0.483004 0.0011507 
5 1.25 15000000 5.68883 0.0138287 -3.62664 0.006353 15.5139 0.0410757 341.68 1.43571 -0.000940671 0.00280081 0.00105945 0.00263918 0.652957 0.00099998 0.483004 0.00113744 
5 1.25 15250000 5.68883 0.0137321 -3.62664 0.00630984 15.5139 0.0407907 341.68 1.42534 -0.000940671 0.00278805 0.00105945 0.00261668 0.652957 0.000992988 0.483004 0.00112949 
5 1.25 15500000 5.69769 0.013671 -3.6249 0.00625955 15.4966 0.0404236 340.986 1.41194 -0.00149049 0.0027433 0.000648627 0.00259332 0.652644 0.00098387 0.482684 0.00111827 
5 1.25 15750000 5.69769 0.013781 -3.6249 0.00622083 15.4966 0.0401475 340.986 1.40031 -0.00149049 0.00270154 0.000648627 0.00257726 0.652644 0.000977441 0.482684 0.00111083 
5 1.25 16000000 5.69769 0.0135792 -3.6249 0.00616097 15.4966 0.0397941 340.986 1.38935 -0.00149049 0.00270051 0.000648627 0.00255896 0.652644 0.000967742 0.482684 0.00110023 
5 1.25 16250000 5.69769 0.0134193 -3.6249 0.00602331 15.4966 0.0382512 340.986 1.37058 -0.00149049 0.00265842 0.000648627 0.00248762 0.652644 0.000947544 0.482684 0.00106923 
5 1.25 16500000 5.69565 0.0132479 -3.62292 0.00599355 15.4833 0.0438215 340.534 1.60856 -0.00160373 0.00263637 0.00115126 0.00245988 0.652478 0.000939119 0.482447 0.00105964 
5 1.25 16750000 5.69565 0.0130581 -3.62292 0.0059264 15.4833 0.0438215 340.534 1.60856 -0.00160373 0.00259949 0.00115126 0.00243189 0.652478 0.00093192 0.482447 0.00105063 
5 1.25 17000000 5.69565 0.0129918 -3.62292 0.00591995 15.4833 0.0438215 340.534 1.60856 -0.00160373 0.00260675 0.00115126 0.00241244 0.652478 0.000921557 0.482447 0.00103866 
5 1.25 17250000 5.69565 0.0128351 -3.62292 0.00591995 15.4833 0.0438215 340.534 1.60856 -0.00160373 0.00257627 0.00115126 0.0024 0.652478 0.000910603 0.482447 0.00102736 
5 1.25 17500000 5.70014 0.0127526 -3.62339 0.00591995 15.4885 0.0438215 340.643 1.60856 -0.000744556 0.00258067 0.000984813 0.00238318 0.652701 0.000912165 0.482706 0.00102949 
5 1.25 17750000 5.70014 0.0127526 -3.62339 0.00591995 15.4885 0.0438215 340.643 1.60856 -0.000744556 0.00257841 0.000984813 0.00236212 0.652701 0.000906073 0.482706 0.00102046 
5 1.25 18000000 5.70014 0.0127526 -3.62339 0.00591995 15.4885 0.0438215 340.643 1.60856 -0.000744556 0.0026041 0.000984813 0.00233869 0.652701 0.000902459 0.482706 0.00101658 
5 1.25 18250000 5.70014 0.0127526 -3.62339 0.00591995 15.4885 0.0438215 340.643 1.60856 -0.000744556 0.00256859 0.000984813 0.00231739 0.652701 0.000902627 0.482706 0.00101762 
5 1.25 18500000 5.69979 0.0123997 -3.62363 0.00564788 15.4851 0.038989 340.334 1.4422 -0.00171851 0.00254463 0.000399502 0.00231068 0.652849 0.000895355 0.482814 0.00100923 
5 1.25 18750000 5.69979 0.0123061 -3.62363 0.00560261 15.4851 0.038989 340.334 1.4422 -0.00171851 0.00251168 0.000399502 0.00229197 0.652849 0.000887153 0.482814 0.00100048 
5 1.25 19000000 5.69979 0.012198 -3.62363 0.00556422 15.4851 0.038989 340.334 1.4422 -0.00171851 0.00255932 0.000399502 0.00227688 0.652849 0.000881146 0.482814 0.000993991 
5 1.25 19250000 5.69979 0.012083 -3.62363 0.00550747 15.4851 0.038989 340.334 1.4422 -0.00171851 0.00252717 0.000399502 0.00226608 0.652849 0.000873933 0.482814 0.000984193 
5 1.25 19500000 5.69755 0.0119451 -3.6248 0.00548907 15.4942 0.038989 340.642 1.4422 -0.00280467 0.00253175 0.000842426 0.00224203 0.653053 0.000869666 0.483064 0.000979418 
5 1.25 19750000 5.69755 0.0118567 -3.6248 0.00548524 15.4942 0.038989 340.642 1.4422 -0.00280467 0.00249887 0.000842426 0.00222765 0.653053 0.000866487 0.483064 0.000973969 
5 1.25 20000000 5.69755 0.0118869 -3.6248 0.00542498 15.4942 0.038989 340.642 1.4422 -0.00280467 0.0024702 0.000842426 0.00221422 0.653053 0.000857438 0.483064 0.000964769 
5 1.25 20250000 5.69755 0.0117911 -3.6248 0.00539719 15.4942 0.038989 340.642 1.4422 -0.00280467 0.00243915 0.000842426 0.0022003 0.653053 0.000852106 0.483064 0.000958572 
5 1.25 20500000 5.69755 0.0117219 -3.6248 0.00538659 15.4942 0.038989 340.642 1.4422 -0.00280467 0.00243915 0.000842426 0.00217875 0.653053 0.000846555 0.483064 0.000953004 
5 1.25 20750000 5.70049 0.0117107 -3.62383 0.00536644 15.487 0.0351372 340.449 1.30257 -0.00246414 0.00242051 0.00120693 0.0021624 0.652889 0.00084235 0.482895 0.000947847 
5 1.25 21000000 5.70049 0.0116826 -3.62383 0.00536048 15.487 0.0351372 340.449 1.30257 -0.00246414 0.00239175 0.00120693 0.00214357 0.652889 0.000838438 0.482895 0.000942009 
5 1.25 21250000 5.70049 0.0115463 -3.62383 0.00531931 15.487 0.0351372 340.449 1.30257 -0.00246414 0.00236324 0.00120693 0.00213193 0.652889 0.000832233 0.482895 0.000937651 
5 1.25 21500000 5.70049 0.0115097 -3.62383 0.00528059 15.487 0.0351372 340.449 1.30257 -0.00246414 0.00233739 0.00120693 0.00213129 0.652889 0.000824545 0.482895 0.000928312 
5 1.25 21750000 5.70049 0.0114019 -3.62383 0.00523287 15.487 0.0351372 340.449 1.30257 -0.00246414 0.00231004 0.00120693 0.00212668 0.652889 0.000817193 0.482895 0.000919775 
5 1.25 22000000 5.70049 0.0113308 -3.62383 0.00518506 15.487 0.0351372 340.449 1.30257 -0.00246414 0.00228289 0.00120693 0.00210902 0.652889 0.000808669 0.482895 0.000911158 
5 1.25 22250000 5.70049 0.0112204 -3.62383 0.00513842 15.487 0.0351372 340.449 1.30257 -0.00246414 0.00226869 0.00120693 0.00211516 0.652889 0.000802489 0.482895 0.00090451 
5 1.25 22500000 5.70049 0.0111785 -3.62383 0.00510438 15.487 0.0351372 340.449 1.30257 -0.00246414 0.00225548 0.00120693 0.00209564 0.652889 0.000796905 0.482895 0.000897956 
5 1.25 22750000 5.70015 0.0111383 -3.62537 0.00507491 15.4979 0.0335684 340.735 1.21512 -0.00207248 0.00225305 0.0005431 0.00208558 0.653066 0.000792455 0.483033 0.000893136 
5 1.25 23000000 5.70015 0.0110789 -3.62537 0.00506746 15.4979 0.0335684 340.735 1.21512 -0.00207248 0.00223124 0.0005431 0.00207563 0.653066 0.000790374 0.483033 0.000889852 
5 1.25 23250000 5.70015 0.0109631 -3.62537 0.00505236 15.4979 0.0335684 340.735 1.21512 -0.00207248 0.00222184 0.0005431 0.00206086 0.653066 0.000819712 0.483033 0.000932709 
5 1.25 23500000 5.70015 0.0108704 -3.62537 0.00503024 15.4979 0.0335684 340.735 1.21512 -0.00207248 0.00221302 0.0005431 0.00205361 0.653066 0.000819712 0.483033 0.000932709 
5 1.25 23750000 5.70015 0.0107862 -3.62537 0.00499179 15.4979 0.0335684 340.735 1.21512 -0.00207248 0.00221197 0.0005431 0.00204105 0.653066 0.000810305 0.483033 0.000935315 
5 1.25 24000000 5.70015 0.0107197 -3.62537 0.00494404 15.4979 0.0335684 340.735 1.21512 -0.00207248 0.00220112 0.0005431 0.00202766 0.653066 0.000810305 0.483033 0.000935315 
5 1.25 24250000 5.70015 0.0106666 -3.62537 0.00489826 15.4979 0.0335684 340.735 1.21512 -0.00207248 0.00218269 0.0005431 0.00201849 0.653066 0.000800413 0.483033 0.000917849 
5 1.25 24500000 5.70015 0.0106098 -3.62537 0.00486785 15.4979 0.0335684 340.735 1.21512 -0.00207248 0.00216044 0.0005431 0.00200833 0.653066 0.000800413 0.483033 0.000917849 
5 1.25 24750000 5.69977 0.0105207 -3.62332 0.00485304 15.492 0.0312767 340.747 1.13134 -0.00164056 0.00214042 0.000872039 0.00199756 0.652761 0.000783962 0.482791 0.000898728 
5 1.25 25000000 5.69977 0.0104659 -3.62332 0.00483468 15.492 0.0312767 340.747 1.13134 -0.00164056 0.00212997 0.000872039 0.0019819 0.652761 0.000783962 0.482791 0.000898728 
5 1.25 25250000 5.69977 0.010451 -3.62332 0.00480929 15.492 0.0312767 340.747 1.11392 -0.00164056 0.00212083 0.000872039 0.00197341 0.652761 0.000768061 0.482791 0.000880502 
5 1.25 25500000 5.69977 0.0103474 -3.62332 0.00477209 15.492 0.0312767 340.747 1.11392 -0.00164056 0.00210678 0.000872039 0.00197355 0.652761 0.000768061 0.482791 0.000880502 
5 1.25 25750000 5.69977 0.0103033 -3.62332 0.00474366 15.492 0.0312767 340.747 1.11392 -0.00164056 0.00210051 0.000872039 0.00196102 0.652761 0.000753333 0.482791 0.000862917 
5 1.25 26000000 5.69977 0.0102708 -3.62332 0.00472312 15.492 0.0312767 340.747 1.11392 -0.00164056 0.00209127 0.000872039 0.00195276 0.652761 0.000753333 0.482791 0.000862917 
5 1.25 26250000 5.69977 0.0102079 -3.62332 0.00470893 15.492 0.0312767 340.747 1.11392 -0.00164056 0.00207897 0.000872039 0.00194142 0.652761 0.000740011 0.482791 0.000846 
5 1.25 26500000 5.69977 0.0101366 -3.62332 0.00468219 15.492 0.0312767 340.747 1.11392 -0.00164056 0.00206145 0.000872039 0.00192791 0.652761 0.000740011 0.482791 0.000846 
5 1.25 26750000 5.69698 0.0100849 -3.62436 0.00466095 15.4939 0.0298888 340.641 1.05173 -0.00266287 0.00205554 0.000878935 0.00191509 0.652877 0.000727554 0.482842 0.000830195 
5 1.25 27000000 5.69698 0.0100301 -3.62436 0.00463998 15.4939 0.0297745 340.641 1.05173 -0.00266287 0.00204297 0.000878935 0.00190254 0.652877 0.000727554 0.482842 0.000830195 
5 1.25 27250000 5.69698 0.00998777 -3.62436 0.00460907 15.4939 0.0295786 340.641 1.03369 -0.00266287 0.0020548 0.000878935 0.00189404 0.652877 0.000718506 0.482842 0.000819187 
5 1.25 27500000 5.69698 0.00996725 -3.62436 0.00461303 15.4939 0.0297248 340.641 1.04844 -0.00266287 0.00203861 0.000878935 0.00189109 0.652877 0.000718506 0.482842 0.000819187 
5 1.25 27750000 5.69698 0.00992318 -3.62436 0.00462023 15.4939 0.0298204 340.641 1.11309 -0.00266287 0.00203066 0.000878935 0.00187973 0.652877 0.00073255 0.482842 0.000848063 
5 1.25 28000000 5.69698 0.00986902 -3.62436 0.00458458 15.4939 0.029585 340.641 1.11309 -0.00266287 0.00201636 0.000878935 0.00186555 0.652877 0.00073255 0.482842 0.000848063 
5 1.25 28250000 5.69698 0.00984562 -3.62436 0.00456181 15.4939 0.0293822 340.641 1.09981 -0.00266287 0.0020002 0.000878935 0.0018617 0.652877 0.000727093 0.482842 0.000840118 
5 1.25 28500000 5.69698 0.00981338 -3.62436 0.00453099 15.4939 0.0292031 340.641 1.09981 -0.00266287 0.00198255 0.000878935 0.0018506 0.652877 0.000727093 0.482842 0.000840118 
5 1.25 28750000 5.6989 0.0097495 -3.62443 0.00450261 15.4972 0.0290131 340.902 1.08208 -0.00226125 0.00197465 0.00146542 0.00184285 0.652892 0.000714127 0.482901 0.000825208 
5 1.25 29000000 5.6989 0.00969427 -3.62443 0.00447595 15.4972 0.0288332 340.902 1.08208 -0.00226125 0.00196998 0.00146542 0.00182991 0.652892 0.000714127 0.482901 0.000825208 
5 1.25 29250000 5.6989 0.00962528 -3.62443 0.0044599 15.4972 0.0287509 340.902 1.06313 -0.00226125 0.00195574 0.00146542 0.00182726 0.652892 0.000702031 0.482901 0.000811077 
5 1.25 29500000 5.6989 0.00955149 -3.62443 0.00443999 15.4972 0.0286364 340.902 1.06313 -0.00226125 0.00193935 0.00146542 0.00182474 0.652892 0.000702031 0.482901 0.000811077 
5 1.25 29750000 5.6989 0.0095085 -3.62443 0.00441987 15.4972 0.0285263 340.902 1.04762 -0.00226125 0.00194487 0.00146542 0.00181366 0.652892 0.00069382 0.482901 0.000803636 
5 1.25 30000000 5.6989 0.00947188 -3.62443 0.00439774 15.4972 0.0283472 340.902 1.04762 -0.00226125 0.00194208 0.00146542 0.00180259 0.652892 0.00069382 0.482901 0.000803636 
5 1.25 30250000 5.6989 0.00951301 -3.62443 0.00439831 15.4972 0.0283203 340.902 1.02987 -0.00226125 0.0019312 0.00146542 0.00179282 0.652892 0.000688081 0.482901 0.000796686 
5 1.25 30500000 5.6989 0.00950973 -3.62443 0.00439865 15.4972 0.0282836 340.902 1.02987 -0.00226125 0.00192351 0.00146542 0.00178304 0.652892 0.000688081 0.482901 0.000796686 
5 1.25 30750000 5.69849 0.00943999 -3.62405 0.00436932 15.4938 0.028108 340.785 1.0141 -0.00231035 0.00191649 0.000933644 0.00177485 0.652889 0.000677285 0.48289 0.000783503 
5 1.25 31000000 5.69849 0.00941676 -3.62405 0.00435333 15.4938 0.0280243 340.785 1.0141 -0.00231035 0.00191649 0.000933644 0.0017684 0.652889 0.000676627 0.48289 0.000783503 
5 1.25 31250000 5.69849 0.00934796 -3.62405 0.00433215 15.4938 0.0278705 340.785 1.0141 -0.00231035 0.00190484 0.000933644 0.00175765 0.652889 0.000676627 0.48289 0.000783503 
5 1.25 31500000 5.69849 0.00932284 -3.62405 0.00431039 15.4938 0.027753 340.785 1.0038 -0.00231035 0.00191183 0.000933644 0.00175593 0.652889 0.000668423 0.48289 0.00077123 
5 1.25 31750000 5.69849 0.00929041 -3.62405 0.00429106 15.4938 0.0276289 340.785 1.0038 -0.00231035 0.00190663 0.000933644 0.00174421 0.652889 0.000667558 0.48289 0.00077123 
5 1.25 32000000 5.69849 0.0092602 -3.62405 0.00427582 15.4938 0.0275212 340.785 0.987736 -0.00231035 0.00189126 0.000933644 0.00173299 0.652889 0.000664036 0.48289 0.000759251 
5 1.25 32250000 5.69849 0.00928615 -3.62405 0.00409984 15.4938 0.0267775 340.785 0.987736 -0.00231035 0.00188739 0.000933644 0.00166502 0.652889 0.000657217 0.48289 0.000759251 
5 1.25 32500000 5.69849 0.00924598 -3.62405 0.00407659 15.4938 0.0266359 340.785 0.981724 -0.00231035 0.00187954 0.000933644 0.00165747 0.652889 0.000647276 0.48289 0.000747794 
5 1.25 32750000 5.69849 0.00918833 -3.62405 0.00404793 15.4938 0.0264455 340.785 0.981724 -0.00231035 0.00186654 0.000933644 0.00165542 0.652889 0.000647276 0.48289 0.000747794 
5 1.25 33000000 5.69562 0.00914127 -3.62469 0.0040333 15.4995 0.0262983 341.079 0.966749 -0.00215328 0.00185484 0.000681328 0.00164877 0.652847 0.000638347 0.482876 0.000737208 
5 1.25 33250000 5.69562 0.00909996 -3.62469 0.00401676 15.4995 0.0261851 341.079 0.966749 -0.00215328 0.00184047 0.000681328 0.00164604 0.652847 0.000638347 0.482876 0.000737208 
5 1.25 33500000 5.69562 0.00907236 -3.62469 0.00399804 15.4995 0.0261038 341.079 0.95215 -0.00215328 0.00183478 0.000681328 0.00163778 0.652847 0.000632743 0.482876 0.000729286 
5 1.25 33750000 5.69562 0.0090247 -3.62469 0.00398628 15.4995 0.026006 341.079 0.95215 -0.00215328 0.00182267 0.000681328 0.00163783 0.652847 0.000631554 0.482876 0.000729286 
5 1.25 34000000 5.69562 0.00896505 -3.62469 0.00396235 15.4995 0.0258573 341.079 0.937793 -0.00215328 0.00181197 0.000681328 0.00162839 0.652847 0.000628864 0.482876 0.000720795 
5 1.25 34250000 5.69562 0.00893167 -3.62469 0.00393664 15.4995 0.025714 341.079 0.937793 -0.00215328 0.00179877 0.000681328 0.00162144 0.652847 0.000625459 0.482876 0.000719229 
5 1.25 34500000 5.69562 0.00887383 -3.62469 0.00392378 15.4995 0.0256488 341.079 0.923881 -0.00215328 0.00178589 0.000681328 0.00161282 0.652847 0.000623654 0.482876 0.000715558 
5 1.25 34750000 5.69562 0.008833 -3.62469 0.00390729 15.4995 0.0255109 341.079 0.923881 -0.00215328 0.00177903 0.000681328 0.00161009 0.652847 0.000622405 0.482876 0.000713097 
5 1.25 35000000 5.69603 0.00877282 -3.62473 0.00389943 15.5007 0.0254527 341.184 0.912101 -0.00224309 0.0017918 -1.67759e-05 0.0016088 0.652831 0.000622263 0.482875 0.00071258 
5 1.25 35250000 5.69603 0.00873892 -3.62473 0.00387726 15.5007 0.0253304 341.184 0.912101 -0.00224309 0.00178222 -1.67759e-05 0.0016035 0.652831 0.000618541 0.482875 0.000708998 
5 1.25 35500000 5.69603 0.0087304 -3.62473 0.00386006 15.5007 0.0252401 341.184 0.918994 -0.00224309 0.00178472 -1.67759e-05 0.00160021 0.652831 0.000618449 0.482875 0.000720707 
5 1.25 35750000 5.69603 0.00868997 -3.62473 0.00384943 15.5007 0.0251503 341.184 0.918994 -0.00224309 0.00177571 -1.67759e-05 0.00160252 0.652831 0.000618449 0.482875 0.000720707 
5 1.25 36000000 5.69603 0.00866718 -3.62473 0.00384131 15.5007 0.0250762 341.184 0.910612 -0.00224309 0.00178431 -1.67759e-05 0.00159593 0.652831 0.000610047 0.482875 0.000710563 
5 1.25 36250000 5.69603 0.00861413 -3.62473 0.00382008 15.5007 0.0249571 341.184 0.910612 -0.00224309 0.00177203 -1.67759e-05 0.00158725 0.652831 0.000610047 0.482875 0.000710563 
5 1.25 36500000 5.69603 0.00856955 -3.62473 0.00381217 15.5007 0.0249032 341.184 0.898721 -0.00224309 0.00176947 -1.67759e-05 0.00158404 0.652831 0.000604628 0.482875 0.000701763 
5 1.25 36750000 5.69603 0.00851835 -3.62473 0.00380341 15.5007 0.0248287 341.184 0.898721 -0.00224309 0.00175999 -1.67759e-05 0.00159576 0.652831 0.000603609 0.482875 0.000701763 
5 1.25 37000000 5.69568 0.00846553 -3.62505 0.00377906 15.5036 0.0246668 341.326 0.886241 -0.00185158 0.00174788 -0.000575331 0.00158609 0.652881 0.00060018 0.482939 0.000696473 
5 1.25 37250000 5.69568 0.0084275 -3.62505 0.0037596 15.5036 0.0245373 341.326 0.886241 -0.00185158 0.00174281 -0.000575331 0.0015824 0.652881 0.000597233 0.482939 0.000696473 
5 1.25 37500000 5.69568 0.00839156 -3.62505 0.0037571 15.5036 0.02453 341.326 0.880524 -0.00185158 0.00173614 -0.000575331 0.0015824 0.652881 0.000597302 0.482939 0.000688071 
5 1.25 37750000 5.69568 0.0083464 -3.62505 0.00374189 15.5036 0.0244274 341.326 0.880524 -0.00185158 0.00174892 -0.000575331 0.0015824 0.652881 0.000595697 0.482939 0.000688071 
5 1.25 38000000 5.69568 0.00831678 -3.62505 0.00371704 15.5036 0.0242735 341.326 0.871898 -0.00185158 0.00173992 -0.000575331 0.0015824 0.652881 0.000592326 0.482939 0.000681904 
5 1.25 38250000 5.69568 0.00831665 -3.62505 0.00371094 15.5036 0.0242066 341.326 0.871898 -0.00185158 0.00175251 -0.000575331 0.0015824 0.652881 0.000591111 0.482939 0.000681904 
5 1.25 38500000 5.69568 0.00834996 -3.62505 0.0036935 15.5036 0.0240938 341.326 0.86757 -0.00185158 0.00174484 -0.000575331 0.0015824 0.652881 0.000588532 0.482939 0.000674819 
5 1.25 38750000 5.69568 0.00830928 -3.62505 0.0036781 15.5036 0.0239756 341.326 0.86757 -0.00185158 0.00174353 -0.000575331 0.0015824 0.652881 0.000585409 0.482939 0.000674819 
5 1.25 39000000 5.69129 0.00828336 -3.62508 0.00368644 15.5055 0.0240656 341.43 0.873339 -0.00152632 0.00177209 -0.00106356 0.0015824 0.652957 0.000586913 0.483027 0.000680648 
5 1.25 39250000 5.69129 0.00827922 -3.62508 0.00367858 15.5055 0.0240578 341.43 0.873339 -0.00152632 0.00176865 -0.00106356 0.0015824 0.652957 0.000586036 0.483027 0.000680648 
5 1.25 39500000 5.69129 0.00826129 -3.62508 0.00365833 15.5055 0.0239172 341.43 0.865439 -0.00152632 0.00175718 -0.00106356 0.0015824 0.652957 0.000582885 0.483027 0.000677213 
5 1.25 39750000 5.69129 0.00826353 -3.62508 0.00366232 15.5055 0.0239252 341.43 0.865439 -0.00152632 0.00174665 -0.00106356 0.0015824 0.652957 0.000583432 0.483027 0.000677213 
5 1.25 40000000 5.69129 0.00822318 -3.62508 0.00366686 15.5055 0.0238984 341.43 0.866874 -0.00152632 0.00173576 -0.00106356 0.0015824 0.652957 0.000583886 0.483027 0.000674543 
5 1.25 40250000 5.69129 0.00817667 -3.62508 0.0036622 15.5055 0.0238119 341.43 0.866874 -0.00152632 0.00172696 -0.00106356 0.0015824 0.652957 0.000583183 0.483027 0.000674543 
5 1.25 40500000 5.69129 0.00820184 -3.62508 0.00364712 15.5055 0.0237379 341.43 0.865456 -0.00152632 0.00171898 -0.00106356 0.0015824 0.652957 0.000580097 0.483027 0.0006693 
5 1.25 40750000 5.69129 0.00819403 -3.62508 0.0036506 15.5055 0.0237079 341.43 0.865456 -0.00152632 0.00170896 -0.00106356 0.0015824 0.652957 0.000580762 0.483027 0.0006693 
5 1.25 41000000 5.68845 0.00858986 -3.62439 0.00363367 15.5004 0.0239516 341.216 0.896644 -0.00151607 0.00170406 -0.00120304 0.00189062 0.652853 0.00059255 0.482893 0.000689106 
5 1.25 41250000 5.68845 0.00858986 -3.62439 0.00362519 15.5004 0.0239516 341.216 0.896644 -0.00151607 0.00169376 -0.00120304 0.00189062 0.652853 0.00059255 0.482893 0.000689106 
5 1.25 41500000 5.68845 0.00858986 -3.62439 0.0036191 15.5004 0.0238134 341.216 0.895158 -0.00151607 0.00169042 -0.00120304 0.00189062 0.652853 0.000586852 0.482893 0.000682196 
5 1.25 41750000 5.68845 0.00858986 -3.62439 0.00361761 15.5004 0.0238134 341.216 0.895158 -0.00151607 0.00169042 -0.00120304 0.00189062 0.652853 0.000586852 0.482893 0.000682196 
5 1.25 42000000 5.68845 0.00858986 -3.62439 0.00360049 15.5004 0.0238134 341.216 0.895158 -0.00151607 0.0016815 -0.00120304 0.00189062 0.652853 0.000586852 0.482893 0.000682196 
5 1.25 42250000 5.68845 0.00858986 -3.62439 0.0036021 15.5004 0.0235397 341.216 0.885185 -0.00151607 0.00167191 -0.00120304 0.00189062 0.652853 0.000579817 0.482893 0.000674007 
5 1.25 42500000 5.68845 0.00858986 -3.62439 0.00358196 15.5004 0.0235397 341.216 0.885185 -0.00151607 0.00168007 -0.00120304 0.00189062 0.652853 0.000579817 0.482893 0.000674007 
5 1.25 42750000 5.68845 0.00858986 -3.62439 0.00356857 15.5004 0.0233058 341.216 0.878467 -0.00151607 0.00167036 -0.00120304 0.00189062 0.652853 0.000573595 0.482893 0.00066715 
5 1.25 43000000 5.68845 0.00858986 -3.62439 0.00355295 15.5004 0.0233058 341.216 0.878467 -0.00151607 0.00166358 -0.00120304 0.00189062 0.652853 0.000573595 0.482893 0.00066715 
5 1.25 43250000 5.68845 0.00858986 -3.62439 0.00353869 15.5004 0.0230472 341.216 0.868211 -0.00151607 0.00165472 -0.00120304 0.00189062 0.652853 0.000566978 0.482893 0.000659477 
5 1.25 43500000 5.68845 0.00858986 -3.62439 0.00352266 15.5004 0.0230472 341.216 0.868211 -0.00151607 0.00164963 -0.00120304 0.00189062 0.652853 0.000566978 0.482893 0.000659477 
5 1.25 43750000 5.68845 0.00858986 -3.62439 0.00351172 15.5004 0.0228136 341.216 0.860288 -0.00151607 0.00164049 -0.00120304 0.00189062 0.652853 0.000563231 0.482893 0.000657186 
5 1.25 44000000 5.68845 0.00858986 -3.62439 0.00350752 15.5004 0.0228136 341.216 0.860288 -0.00151607 0.00163161 -0.00120304 0.00189062 0.652853 0.000563231 0.482893 0.000657186 
5 1.25 44250000 5.68845 0.00858986 -3.62439 0.00349607 15.5004 0.0225571 341.216 0.850518 -0.00151607 0.00162222 -0.00120304 0.00189062 0.652853 0.000557374 0.482893 0.000651083 
5 1.25 44500000 5.68845 0.00858986 -3.62439 0.00350171 15.5004 0.0225571 341.216 0.850518 -0.00151607 0.00161421 -0.00120304 0.00189062 0.652853 0.000557635 0.482893 0.000651083 
5 1.25 44750000 5.68845 0.00858986 -3.62439 0.00349735 15.5004 0.0224995 341.216 0.840747 -0.00151607 0.00160507 -0.00120304 0.00189062 0.652853 0.000556767 0.482893 0.000647897 
5 1.25 45000000 5.68845 0.00858986 -3.62439 0.00348222 15.5004 0.022404 341.216 0.840747 -0.00151607 0.00159945 -0.00120304 0.00189062 0.652853 0.000555788 0.482893 0.000647897 
5 1.25 45250000 5.68734 0.00846602 -3.62449 0.00347292 15.5043 0.0223679 341.448 0.832045 -0.00121397 0.00159371 -0.00137907 0.00189062 0.652873 0.000553161 0.482951 0.000640538 
5 1.25 45500000 5.68734 0.00846602 -3.62449 0.00345357 15.5043 0.0222476 341.448 0.832045 -0.00121397 0.00158781 -0.00137907 0.00189062 0.652873 0.000550135 0.482951 0.000640538 
5 1.25 45750000 5.68734 0.00846602 -3.62449 0.00345223 15.5043 0.0222251 341.448 0.833936 -0.00121397 0.00157891 -0.00137907 0.00189062 0.652873 0.000548809 0.482951 0.000639503 
5 1.25 46000000 5.68734 0.00846602 -3.62449 0.0034448 15.5043 0.0221887 341.448 0.833936 -0.00121397 0.00157036 -0.00137907 0.00189062 0.652873 0.00054816 0.482951 0.000639503 
5 1.25 46250000 5.68734 0.00846602 -3.62449 0.00343225 15.5043 0.0220986 341.448 0.827308 -0.00121397 0.00158182 -0.00137907 0.00189062 0.652873 0.000545716 0.482951 0.000636127 
5 1.25 46500000 5.68734 0.00846602 -3.62449 0.00341973 15.5043 0.0220169 341.448 0.827308 -0.00121397 0.00158151 -0.00137907 0.00189062 0.652873 0.000544548 0.482951 0.000636127 
5 1.25 46750000 5.68734 0.00846602 -3.62449 0.00341424 15.5043 0.0219596 341.448 0.819389 -0.00121397 0.00157556 -0.00137907 0.00189062 0.652873 0.000543561 0.482951 0.000634885 
5 1.25 47000000 5.68734 0.00846602 -3.62449 0.00340557 15.5043 0.0218961 341.448 0.819389 -0.00121397 0.00157148 -0.00137907 0.00189062 0.652873 0.000543317 0.482951 0.000634885 
5 1.25 47250000 5.68734 0.00846602 -3.62449 0.00339452 15.5043 0.0220625 341.448 0.824149 -0.00121397 0.00156324 -0.00137907 0.00189062 0.652873 0.000550109 0.482951 0.000640024 
5 1.25 47500000 5.68734 0.00846602 -3.62449 0.00337817 15.5043 0.0220625 341.448 0.824149 -0.00121397 0.00156583 -0.00137907 0.00189062 0.652873 0.000550109 0.482951 0.000640024 
5 1.25 47750000 5.68734 0.00846602 -3.62449 0.00336556 15.5043 0.021853 341.448 0.817413 -0.00121397 0.00156292 -0.00137907 0.00189062 0.652873 0.00054439 0.482951 0.00063369 
5 1.25 48000000 5.68734 0.00846602 -3.62449 0.00335816 15.5043 0.021853 341.448 0.817413 -0.00121397 0.00155755 -0.00137907 0.00189062 0.652873 0.00054439 0.482951 0.00063369 
5 1.25 48250000 5.68734 0.00846602 -3.62449 0.00334267 15.5043 0.0216249 341.448 0.809009 -0.00121397 0.00154927 -0.00137907 0.00189062 0.652873 0.000538713 0.482951 0.000626997 
5 1.25 48500000 5.68734 0.00846602 -3.62449 0.00332562 15.5043 0.0216249 341.448 0.809009 -0.00121397 0.00154171 -0.00137907 0.00189062 0.652873 0.000538713 0.482951 0.000626997 
5 1.25 48750000 5.68734 0.00846602 -3.62449 0.00332522 15.5043 0.0216382 341.448 0.807103 -0.00121397 0.00153451 -0.00137907 0.00189062 0.652873 0.000534829 0.482951 0.00062218 
5 1.25 49000000 5.68734 0.00846602 -3.62449 0.00331863 15.5043 0.0216382 341.448 0.807103 -0.00121397 0.0015278 -0.00137907 0.00189062 0.652873 0.000534829 0.482951 0.00062218 
5 1.25 49250000 5.68674 0.00739013 -3.62477 0.00330475 15.5037 0.0216756 341.4 0.805048 -0.00168075 0.00152292 -0.000570359 0.00167805 0.652924 0.0005354 0.482985 0.000623254 
5 1.25 49500000 5.68674 0.00736786 -3.62477 0.00328837 15.5037 0.0216756 341.4 0.805048 -0.00168075 0.00153131 -0.000570359 0.00167805 0.652924 0.0005354 0.482985 0.000623254 
5 1.25 49750000 5.68674 0.00735422 -3.62477 0.0032871 15.5037 0.0217818 341.4 0.810215 -0.00168075 0.00152769 -0.000570359 0.00167805 0.652924 0.000535846 0.482985 0.000625479 
5 1.25 50000000 5.68674 0.00732496 -3.62477 0.00327529 15.5037 0.0217818 341.4 0.810215 -0.00168075 0.00152022 -0.000570359 0.00167805 0.652924 0.000535846 0.482985 0.000625479 
5 1.25 50250000 5.68674 0.00731525 -3.62477 0.0032609 15.5037 0.021578 341.4 0.802291 -0.00168075 0.00151314 -0.000570359 0.00167805 0.652924 0.000532582 0.482985 0.000620254 
5 1.25 50500000 5.68674 0.00728061 -3.62477 0.00325789 15.5037 0.021578 341.4 0.802291 -0.00168075 0.00150674 -0.000570359 0.00167805 0.652924 0.000532582 0.482985 0.000620254 
5 1.25 50750000 5.68674 0.00726028 -3.62477 0.00325401 15.5037 0.0214514 341.4 0.798795 -0.00168075 0.00150195 -0.000570359 0.00167805 0.652924 0.000530591 0.482985 0.000616365 
5 1.25 51000000 5.68674 0.00724675 -3.62477 0.00325913 15.5037 0.0214514 341.4 0.798795 -0.00168075 0.00149511 -0.000570359 0.00167805 0.652924 0.000530033 0.482985 0.000616365 
5 1.25 51250000 5.68674 0.00724675 -3.62477 0.00325353 15.5037 0.0213974 341.4 0.793958 -0.00168075 0.00148765 -0.000570359 0.00167805 0.652924 0.000537087 0.482985 0.000623733 
5 1.25 51500000 5.68674 0.00724675 -3.62477 0.00324445 15.5037 0.0213974 341.4 0.793958 -0.00168075 0.00148093 -0.000570359 0.00167805 0.652924 0.000537087 0.482985 0.000623733 
5 1.25 51750000 5.68674 0.00724675 -3.62477 0.00323147 15.5037 0.0212022 341.4 0.787191 -0.00168075 0.00147487 -0.000570359 0.00167805 0.652924 0.000532976 0.482985 0.000618097 
5 1.25 52000000 5.68674 0.00724675 -3.62477 0.00322521 15.5037 0.0212022 341.4 0.787191 -0.00168075 0.00147983 -0.000570359 0.00167805 0.652924 0.000532976 0.482985 0.000618097 
5 1.25 52250000 5.68674 0.00724675 -3.62477 0.00321156 15.5037 0.021432 341.4 0.80269 -0.00168075 0.00147263 -0.000570359 0.00167805 0.652924 0.000532888 0.482985 0.000620184 
5 1.25 52500000 5.68674 0.00724675 -3.62477 0.00320903 15.5037 0.021432 341.4 0.80269 -0.00168075 0.00147263 -0.000570359 0.00167805 0.652924 0.000532888 0.482985 0.000620184 
5 1.25 52750000 5.68674 0.00724675 -3.62477 0.00319659 15.5037 0.021432 341.4 0.80269 -0.00168075 0.00146596 -0.000570359 0.00167805 0.652924 0.000532888 0.482985 0.000620184 
5 1.25 53000000 5.68674 0.00724675 -3.62477 0.00318341 15.5037 0.0212947 341.4 0.798314 -0.00168075 0.00146085 -0.000570359 0.00167805 0.652924 0.000527793 0.482985 0.00061438 
5 1.25 53250000 5.68674 0.00724675 -3.62477 0.00317765 15.5037 0.0212947 341.4 0.798314 -0.00168075 0.00145614 -0.000570359 0.00167805 0.652924 0.000527793 0.482985 0.00061438 
5 1.25 53500000 5.683 0.00759099 -3.62476 0.00318975 15.5038 0.0211019 341.438 0.79072 -0.00232407 0.0014501 -0.00112011 0.00167805 0.652813 0.000523601 0.482853 0.000609071 
5 1.25 53750000 5.683 0.00759099 -3.62476 0.00317768 15.5038 0.0211019 341.438 0.79072 -0.00232407 0.00144386 -0.00112011 0.00167805 0.652813 0.000523601 0.482853 0.000609071 
5 1.25 54000000 5.683 0.00759099 -3.62476 0.00318306 15.5038 0.0210304 341.438 0.786983 -0.00232407 0.00143996 -0.00112011 0.00167805 0.652813 0.000523425 0.482853 0.000608541 
5 1.25 54250000 5.683 0.00759099 -3.62476 0.00317282 15.5038 0.0210304 341.438 0.786983 -0.00232407 0.00143479 -0.00112011 0.00167805 0.652813 0.000523425 0.482853 0.000608541 
5 1.25 54500000 5.683 0.00759099 -3.62476 0.00316338 15.5038 0.0208358 341.438 0.780045 -0.00232407 0.00143749 -0.00112011 0.00167805 0.652813 0.000519011 0.482853 0.000602982 
5 1.25 54750000 5.683 0.00759099 -3.62476 0.00315002 15.5038 0.0208358 341.438 0.780045 -0.00232407 0.00143198 -0.00112011 0.00167805 0.652813 0.000519011 0.482853 0.000602982 
5 1.25 55000000 5.683 0.00759099 -3.62476 0.00314242 15.5038 0.0207141 341.438 0.774012 -0.00232407 0.00142536 -0.00112011 0.00167805 0.652813 0.00051632 0.482853 0.000599701 
5 1.25 55250000 5.683 0.00759099 -3.62476 0.00313219 15.5038 0.0207141 341.438 0.774012 -0.00232407 0.00142238 -0.00112011 0.00167805 0.652813 0.00051632 0.482853 0.000599701 
5 1.25 55500000 5.683 0.00759099 -3.62476 0.00312389 15.5038 0.0208475 341.438 0.775183 -0.00232407 0.0014159 -0.00112011 0.00167805 0.652813 0.000513538 0.482853 0.000597426 
5 1.25 55750000 5.683 0.00759099 -3.62476 0.00311706 15.5038 0.0208475 341.438 0.775183 -0.00232407 0.00141428 -0.00112011 0.00167805 0.652813 0.000513538 0.482853 0.000597426 
5 1.25 56000000 5.683 0.00759099 -3.62476 0.00310568 15.5038 0.0206671 341.438 0.768773 -0.00232407 0.00141189 -0.00112011 0.00167805 0.652813 0.000508827 0.482853 0.00059197 
5 1.25 56250000 5.683 0.00759099 -3.62476 0.00309431 15.5038 0.0206671 341.438 0.768773 -0.00232407 0.00140789 -0.00112011 0.00167805 0.652813 0.000508827 0.482853 0.00059197 
5 1.25 56500000 5.683 0.00759099 -3.62476 0.00308138 15.5038 0.0204828 341.438 0.761982 -0.00232407 0.00140373 -0.00112011 0.00167805 0.652813 0.000504201 0.482853 0.000586693 
5 1.25 56750000 5.683 0.00759099 -3.62476 0.00307419 15.5038 0.0204828 341.438 0.761982 -0.00232407 0.00139741 -0.00112011 0.00167805 0.652813 0.000504201 0.482853 0.000586693 
5 1.25 57000000 5.683 0.00759099 -3.62476 0.00306851 15.5038 0.0202984 341.438 0.755117 -0.00232407 0.00139156 -0.00112011 0.00167805 0.652813 0.000499691 0.482853 0.000581442 
5 1.25 57250000 5.683 0.00759099 -3.62476 0.00306087 15.5038 0.0202984 341.438 0.755117 -0.00232407 0.00138566 -0.00112011 0.00167805 0.652813 0.000499691 0.482853 0.000581442 
5 1.25 57500000 5.68182 0.00768513 -3.62568 0.00305393 15.5094 0.0201536 341.644 0.74984 -0.00236036 0.00138071 -0.000353116 0.00156857 0.652932 0.000495669 0.482972 0.000576441 
5 1.25 57750000 5.68182 0.00768513 -3.62568 0.00304825 15.5094 0.0201536 341.644 0.74984 -0.00236036 0.00137474 -0.000353116 0.00156857 0.652932 0.000495669 0.482972 0.000576441 
5 1.25 58000000 5.68182 0.00768513 -3.62568 0.00303753 15.5094 0.0199808 341.644 0.743646 -0.00236036 0.00136873 -0.000353116 0.00156857 0.652932 0.000491407 0.482972 0.000571625 
5 1.25 58250000 5.68182 0.00768513 -3.62568 0.00303265 15.5094 0.0199808 341.644 0.743646 -0.00236036 0.00136449 -0.000353116 0.00156857 0.652932 0.000491407 0.482972 0.000571625 
5 1.25 58500000 5.68182 0.00768513 -3.62568 0.0030302 15.5094 0.0199012 341.644 0.743616 -0.00236036 0.00135915 -0.000353116 0.00156857 0.652932 0.000487173 0.482972 0.000566772 
5 1.25 58750000 5.68182 0.00768513 -3.62568 0.00302118 15.5094 0.0199012 341.644 0.743616 -0.00236036 0.00135321 -0.000353116 0.00156857 0.652932 0.000487173 0.482972 0.000566772 
5 1.25 59000000 5.68182 0.00768513 -3.62568 0.00301765 15.5094 0.0197806 341.644 0.738227 -0.00236036 0.00134978 -0.000353116 0.00156857 0.652932 0.000484341 0.482972 0.000563029 
5 1.25 59250000 5.68182 0.00768513 -3.62568 0.00300809 15.5094 0.0197806 341.644 0.738227 -0.00236036 0.00134417 -0.000353116 0.00156857 0.652932 0.000484341 0.482972 0.000563029 
5 1.25 59500000 5.68182 0.00768513 -3.62568 0.00300159 15.5094 0.019797 341.644 0.741059 -0.00236036 0.0013412 -0.000353116 0.00156857 0.652932 0.000485741 0.482972 0.000566168 
5 1.25 59750000 5.68182 0.00768513 -3.62568 0.00299575 15.5094 0.019797 341.644 0.741059 -0.00236036 0.00133851 -0.000353116 0.00156857 0.652932 0.000485741 0.482972 0.000566168 
5 1.25 60000000 5.68182 0.00768513 -3.62568 0.0029878 15.5094 0.0196648 341.644 0.735299 -0.00236036 0.00133335 -0.000353116 0.00156857 0.652932 0.000483089 0.482972 0.000563959 
5 1.25 60250000 5.68182 0.00768513 -3.62568 0.0029812 15.5094 0.0196648 341.644 0.735299 -0.00236036 0.00132831 -0.000353116 0.00156857 0.652932 0.000483089 0.482972 0.000563959 
5 1.25 60500000 5.68182 0.00768513 -3.62568 0.00297677 15.5094 0.0195002 341.644 0.73002 -0.00236036 0.00132687 -0.000353116 0.00156857 0.652932 0.000479183 0.482972 0.000559388 
5 1.25 60750000 5.68182 0.00768513 -3.62568 0.00296749 15.5094 0.0195002 341.644 0.73002 -0.00236036 0.00132572 -0.000353116 0.00156857 0.652932 0.000479183 0.482972 0.000559388 
5 1.25 61000000 5.68182 0.00768513 -3.62568 0.0029641 15.5094 0.0193395 341.644 0.724375 -0.00236036 0.00132573 -0.000353116 0.00156857 0.652932 0.000477291 0.482972 0.000557455 
5 1.25 61250000 5.68182 0.00768513 -3.62568 0.0029583 15.5094 0.0193395 341.644 0.724375 -0.00236036 0.00132369 -0.000353116 0.00156857 0.652932 0.000477291 0.482972 0.000557455 
5 1.25 61500000 5.68409 0.00768513 -3.62525 0.00294982 15.5065 0.0191943 341.534 0.718636 -0.00195461 0.00131923 -0.000492928 0.00147021 0.652899 0.000473316 0.482953 0.000552959 
5 1.25 61750000 5.68409 0.00768513 -3.62525 0.00294255 15.5065 0.0191943 341.534 0.718636 -0.00195461 0.00131655 -0.000492928 0.00147021 0.652899 0.000473316 0.482953 0.000552959 
5 1.25 62000000 5.68409 0.00768513 -3.62525 0.00293346 15.5065 0.0192527 341.534 0.719699 -0.00195461 0.00131796 -0.000492928 0.00147021 0.652899 0.000473327 0.482953 0.000553246 
5 1.25 62250000 5.68409 0.00768513 -3.62525 0.0029305 15.5065 0.0192527 341.534 0.719699 -0.00195461 0.00131339 -0.000492928 0.00147021 0.652899 0.000473327 0.482953 0.000553246 
5 1.25 62500000 5.68409 0.00768513 -3.62525 0.00292905 15.5065 0.0191003 341.534 0.713891 -0.00195461 0.00130831 -0.000492928 0.00147021 0.652899 0.000469592 0.482953 0.000548713 
5 1.25 62750000 5.68409 0.00768513 -3.62525 0.00292196 15.5065 0.0191003 341.534 0.713891 -0.00195461 0.00131438 -0.000492928 0.00147021 0.652899 0.000469592 0.482953 0.000548713 
5 1.25 63000000 5.68409 0.00768513 -3.62525 0.00291599 15.5065 0.0191003 341.534 0.713891 -0.00195461 0.00131438 -0.000492928 0.00147021 0.652899 0.000469592 0.482953 0.000548713 
5 1.25 63250000 5.68409 0.00768513 -3.62525 0.00290766 15.5065 0.0190771 341.534 0.712081 -0.00195461 0.00130948 -0.000492928 0.00147021 0.652899 0.000466977 0.482953 0.00054527 
5 1.25 63500000 5.68409 0.00768513 -3.62525 0.00290302 15.5065 0.0190771 341.534 0.712081 -0.00195461 0.00130853 -0.000492928 0.00147021 0.652899 0.000466977 0.482953 0.00054527 
5 1.25 63750000 5.68409 0.00768513 -3.62525 0.00290015 15.5065 0.0189316 341.534 0.70676 -0.00195461 0.00130369 -0.000492928 0.00147021 0.652899 0.000463627 0.482953 0.000541545 
5 1.25 64000000 5.68409 0.00768513 -3.62525 0.00289055 15.5065 0.0189316 341.534 0.70676 -0.00195461 0.00130123 -0.000492928 0.00147021 0.652899 0.000463627 0.482953 0.000541545 
5 1.25 64250000 5.68409 0.00768513 -3.62525 0.00280471 15.5065 0.0188086 341.534 0.701147 -0.00195461 0.00130188 -0.000492928 0.00147021 0.652899 0.000460336 0.482953 0.000537468 
5 1.25 64500000 5.68409 0.00768513 -3.62525 0.00279613 15.5065 0.0188086 341.534 0.701147 -0.00195461 0.00129715 -0.000492928 0.00147021 0.652899 0.000460336 0.482953 0.000537468 
5 1.25 64750000 5.68409 0.00768513 -3.62525 0.00279952 15.5065 0.0187308 341.534 0.700813 -0.00195461 0.00129832 -0.000492928 0.00147021 0.652899 0.000457038 0.482953 0.000533863 
5 1.25 65000000 5.68409 0.00768513 -3.62525 0.00280565 15.5065 0.0187308 341.534 0.700813 -0.00195461 0.00129331 -0.000492928 0.00147021 0.652899 0.000457038 0.482953 0.000533863 
5 1.25 65250000 5.68409 0.00768513 -3.62525 0.00279517 15.5065 0.0186923 341.534 0.700606 -0.00195461 0.00129584 -0.000492928 0.00147021 0.652899 0.000453642 0.482953 0.000530353 
5 1.25 65500000 5.68409 0.00768513 -3.62525 0.00279463 15.5065 0.0186923 341.534 0.700606 -0.00195461 0.00129076 -0.000492928 0.00147021 0.652899 0.000453642 0.482953 0.000530353 
5 1.25 65750000 5.68179 0.0069441 -3.62568 0.0027856 15.5107 0.0185508 341.691 0.695563 -0.00168411 0.00128599 -0.000575722 0.00138065 0.652989 0.000451699 0.483056 0.000526378 
5 1.25 66000000 5.68179 0.0069441 -3.62568 0.00278584 15.5107 0.0185508 341.691 0.695563 -0.00168411 0.00128218 -0.000575722 0.00138065 0.652989 0.000450271 0.483056 0.000526378 
5 1.25 66250000 5.68179 0.0069441 -3.62568 0.00278119 15.5107 0.0184858 341.691 0.691742 -0.00168411 0.00127979 -0.000575722 0.00138065 0.652989 0.000450783 0.483056 0.000524128 
5 1.25 66500000 5.68179 0.0069441 -3.62568 0.00277564 15.5107 0.0184858 341.691 0.691742 -0.00168411 0.00127654 -0.000575722 0.00138065 0.652989 0.000454569 0.483056 0.000524128 
5 1.25 66750000 5.68179 0.0069441 -3.62568 0.0027678 15.5107 0.0186356 341.691 0.695832 -0.00168411 0.00127163 -0.000575722 0.00138065 0.652989 0.000456171 0.483056 0.000531951 
5 1.25 67000000 5.68179 0.0069441 -3.62568 0.00276035 15.5107 0.0186356 341.691 0.695832 -0.00168411 0.00126676 -0.000575722 0.00138065 0.652989 0.000456171 0.483056 0.000531951 
5 1.25 67250000 5.68179 0.0069441 -3.62568 0.00275152 15.5107 0.0185553 341.691 0.691921 -0.00168411 0.00126306 -0.000575722 0.00138065 0.652989 0.000455942 0.483056 0.000531358 
5 1.25 67500000 5.68179 0.0069441 -3.62568 0.00275452 15.5107 0.0185553 341.691 0.691921 -0.00168411 0.00126127 -0.000575722 0.00138065 0.652989 0.000455942 0.483056 0.000531358 
5 1.25 67750000 5.68179 0.0069441 -3.62568 0.00274535 15.5107 0.0185817 341.691 0.691493 -0.00168411 0.00125733 -0.000575722 0.00138065 0.652989 0.00045695 0.483056 0.000532885 
5 1.25 68000000 5.68179 0.0069441 -3.62568 0.00273528 15.5107 0.0185817 341.691 0.691493 -0.00168411 0.00125352 -0.000575722 0.00138065 0.652989 0.00045695 0.483056 0.000532885 
5 1.25 68250000 5.68179 0.0069441 -3.62568 0.00272516 15.5107 0.0184456 341.691 0.686794 -0.00168411 0.00125761 -0.000575722 0.00138065 0.652989 0.000453915 0.483056 0.000528916 
5 1.25 68500000 5.68179 0.0069441 -3.62568 0.00273118 15.5107 0.0184456 341.691 0.686794 -0.00168411 0.001253 -0.000575722 0.00138065 0.652989 0.000453915 0.483056 0.000528916 
5 1.25 68750000 5.68179 0.0069441 -3.62568 0.00273432 15.5107 0.0183081 341.691 0.681746 -0.00168411 0.00124935 -0.000575722 0.00138065 0.652989 0.00045054 0.483056 0.000525015 
5 1.25 69000000 5.68179 0.0069441 -3.62568 0.00274693 15.5107 0.0183081 341.691 0.681746 -0.00168411 0.00124539 -0.000575722 0.00138065 0.652989 0.00045054 0.483056 0.000525015 
5 1.25 69250000 5.68179 0.0069441 -3.62568 0.00274333 15.5107 0.0181833 341.691 0.67733 -0.00168411 0.00124105 -0.000575722 0.00138065 0.652989 0.000447367 0.483056 0.000521233 
5 1.25 69500000 5.68179 0.0069441 -3.62568 0.00274422 15.5107 0.0181833 341.691 0.67733 -0.00168411 0.00123994 -0.000575722 0.00138065 0.652989 0.000447367 0.483056 0.000521233 
5 1.25 69750000 5.68186 0.00672458 -3.62596 0.00274389 15.5131 0.0181792 341.783 0.674728 -0.00121211 0.00123641 -0.000363126 0.00131571 0.65311 0.000448728 0.483185 0.000521466 
5 1.25 70000000 5.68186 0.00672458 -3.62596 0.00273948 15.5131 0.0181792 341.783 0.674728 -0.00121211 0.00123412 -0.000363126 0.00131571 0.65311 0.000448728 0.483185 0.000521466 
5 1.25 70250000 5.68186 0.00672458 -3.62596 0.00273414 15.5131 0.018153 341.783 0.671583 -0.00121211 0.00123072 -0.000363126 0.00131571 0.65311 0.000446429 0.483185 0.000518906 
5 1.25 70500000 5.68186 0.00672458 -3.62596 0.00273875 15.5131 0.018153 341.783 0.671583 -0.00121211 0.00122662 -0.000363126 0.00131571 0.65311 0.000446429 0.483185 0.000518906 
5 1.25 70750000 5.68186 0.00672458 -3.62596 0.00273393 15.5131 0.018099 341.783 0.671567 -0.00121211 0.00122303 -0.000363126 0.00131571 0.65311 0.000443632 0.483185 0.000515994 
5 1.25 71000000 5.68186 0.00672458 -3.62596 0.00272546 15.5131 0.018099 341.783 0.671567 -0.00121211 0.00122121 -0.000363126 0.00131571 0.65311 0.000443632 0.483185 0.000515994 
5 1.25 71250000 5.68186 0.00672458 -3.62596 0.00271661 15.5131 0.0179776 341.783 0.666997 -0.00121211 0.00121778 -0.000363126 0.00131571 0.65311 0.000440551 0.483185 0.000512286 
5 1.25 71500000 5.68186 0.00672458 -3.62596 0.00271402 15.5131 0.0179776 341.783 0.666997 -0.00121211 0.00121344 -0.000363126 0.00131571 0.65311 0.000440551 0.483185 0.000512286 
5 1.25 71750000 5.68186 0.00672458 -3.62596 0.0027091 15.5131 0.0178937 341.783 0.663519 -0.00121211 0.00120919 -0.000363126 0.00131571 0.65311 0.000438174 0.483185 0.000509424 
5 1.25 72000000 5.68186 0.00672458 -3.62596 0.0027037 15.5131 0.0178937 341.783 0.663519 -0.00121211 0.00120985 -0.000363126 0.00131571 0.65311 0.000438174 0.483185 0.000509424 
5 1.25 72250000 5.68186 0.00672458 -3.62596 0.00269579 15.5131 0.0177683 341.783 0.658842 -0.00121211 0.00120563 -0.000363126 0.00131571 0.65311 0.000435066 0.483185 0.000505813 
5 1.25 72500000 5.68186 0.00672458 -3.62596 0.00270214 15.5131 0.0177683 341.783 0.658842 -0.00121211 0.00120308 -0.000363126 0.00131571 0.65311 0.000436309 0.483185 0.000505813 
5 1.25 72750000 5.68186 0.00672458 -3.62596 0.00269356 15.5131 0.0178824 341.783 0.661151 -0.00121211 0.00119948 -0.000363126 0.00131571 0.65311 0.000438221 0.483185 0.000510671 
5 1.25 73000000 5.68186 0.00672458 -3.62596 0.00269089 15.5131 0.0178824 341.783 0.661151 -0.00121211 0.0011966 -0.000363126 0.00131571 0.65311 0.000438221 0.483185 0.000510671 
5 1.25 73250000 5.68186 0.00672458 -3.62596 0.00268248 15.5131 0.0177599 341.783 0.656631 -0.00121211 0.0011926 -0.000363126 0.00131571 0.65311 0.000435242 0.483185 0.000507563 
5 1.25 73500000 5.68186 0.00672458 -3.62596 0.00267971 15.5131 0.0177599 341.783 0.656631 -0.00121211 0.00119291 -0.000363126 0.00131571 0.65311 0.000435242 0.483185 0.000507563 
5 1.25 73750000 5.68186 0.00672458 -3.62596 0.0026751 15.5131 0.0177599 341.783 0.656631 -0.00121211 0.00119291 -0.000363126 0.00131571 0.65311 0.000435242 0.483185 0.000507563 
5 1.25 74000000 5.68386 0.00647025 -3.6251 0.00267166 15.507 0.0176545 341.567 0.652334 -0.0010319 0.00119097 -0.00032261 0.00124323 0.653007 0.000432885 0.483062 0.000504267 
5 1.25 74250000 5.68386 0.00647025 -3.6251 0.00266473 15.507 0.0176545 341.567 0.652334 -0.0010319 0.00118714 -0.00032261 0.00124323 0.653007 0.000432885 0.483062 0.000504267 
5 1.25 74500000 5.68386 0.00647025 -3.6251 0.00265594 15.507 0.0175397 341.567 0.647853 -0.0010319 0.00118412 -0.00032261 0.00124323 0.653007 0.000430302 0.483062 0.000500958 
5 1.25 74750000 5.68386 0.00647025 -3.6251 0.00265155 15.507 0.0175397 341.567 0.647853 -0.0010319 0.00118212 -0.00032261 0.00124323 0.653007 0.000430302 0.483062 0.000500958 
5 1.25 75000000 5.68386 0.00647025 -3.6251 0.00264371 15.507 0.0174247 341.567 0.643443 -0.0010319 0.00118094 -0.00032261 0.00124323 0.653007 0.000429153 0.483062 0.000499512 
5 1.25 75250000 5.68386 0.00647025 -3.6251 0.00263817 15.507 0.0174247 341.567 0.643443 -0.0010319 0.00117738 -0.00032261 0.00124323 0.653007 0.000429153 0.483062 0.000499512 
5 1.25 75500000 5.68386 0.00647025 -3.6251 0.00262995 15.507 0.0173076 341.567 0.639087 -0.0010319 0.00117803 -0.00032261 0.00124323 0.653007 0.000426594 0.483062 0.000496315 
5 1.25 75750000 5.68386 0.00647025 -3.6251 0.00262179 15.507 0.0173076 341.567 0.639087 -0.0010319 0.00117609 -0.00032261 0.00124323 0.653007 0.000426594 0.483062 0.000496315 
5 1.25 76000000 5.68386 0.00647025 -3.6251 0.0026134 15.507 0.0172503 341.567 0.636205 -0.0010319 0.00117503 -0.00032261 0.00124323 0.653007 0.000425721 0.483062 0.000494542 
5 1.25 76250000 5.68386 0.00647025 -3.6251 0.00260887 15.507 0.0172503 341.567 0.636205 -0.0010319 0.00117782 -0.00032261 0.00124323 0.653007 0.000425721 0.483062 0.000494542 
5 1.25 76500000 5.68386 0.00647025 -3.6251 0.00260248 15.507 0.0171525 341.567 0.632906 -0.0010319 0.00117456 -0.00032261 0.00124323 0.653007 0.000423504 0.483062 0.000491809 
5 1.25 76750000 5.68386 0.00647025 -3.6251 0.00260944 15.507 0.0171525 341.567 0.632906 -0.0010319 0.00117105 -0.00032261 0.00124323 0.653007 0.000423504 0.483062 0.000491809 
5 1.25 77000000 5.68386 0.00647025 -3.6251 0.00260311 15.507 0.0170837 341.567 0.631201 -0.0010319 0.00116842 -0.00032261 0.00124323 0.653007 0.000420894 0.483062 0.000489556 
5 1.25 77250000 5.68386 0.00647025 -3.6251 0.00260145 15.507 0.0170837 341.567 0.631201 -0.0010319 0.00117571 -0.00032261 0.00124323 0.653007 0.000420894 0.483062 0.000489556 
5 1.25 77500000 5.68386 0.00647025 -3.6251 0.00259991 15.507 0.0169878 341.567 0.627223 -0.0010319 0.00117376 -0.00032261 0.00124323 0.653007 0.000420203 0.483062 0.000486864 
5 1.25 77750000 5.68386 0.00647025 -3.6251 0.00259611 15.507 0.0169878 341.567 0.627223 -0.0010319 0.00117083 -0.00032261 0.00124323 0.653007 0.000420208 0.483062 0.000486864 
5 1.25 78000000 5.68496 0.00628872 -3.62507 0.00259048 15.5059 0.0168947 341.521 0.623137 -0.000334274 0.00116699 7.90083e-05 0.00124098 0.652992 0.000419335 0.483028 0.000484793 
5 1.25 78250000 5.68496 0.00628872 -3.62507 0.00258494 15.5059 0.0168947 341.521 0.623137 -0.000334274 0.0011643 7.90083e-05 0.00124098 0.652992 0.000418184 0.483028 0.000484793 
5 1.25 78500000 5.68496 0.00628872 -3.62507 0.00257685 15.5059 0.0167888 341.521 0.619788 -0.000334274 0.00116103 7.90083e-05 0.00124098 0.652992 0.000416887 0.483028 0.000481626 
5 1.25 78750000 5.68496 0.00628872 -3.62507 0.00257886 15.5059 0.0167888 341.521 0.619788 -0.000334274 0.00115808 7.90083e-05 0.00124098 0.652992 0.000418238 0.483028 0.000481626 
5 1.25 79000000 5.68496 0.00628872 -3.62507 0.00257563 15.5059 0.0167944 341.521 0.620062 -0.000334274 0.00115437 7.90083e-05 0.00124098 0.652992 0.000417621 0.483028 0.000482972 
5 1.25 79250000 5.68496 0.00628872 -3.62507 0.00256913 15.5059 0.0167944 341.521 0.620062 -0.000334274 0.0011509 7.90083e-05 0.00124098 0.652992 0.000417008 0.483028 0.000482972 
5 1.25 79500000 5.68496 0.00628872 -3.62507 0.00256121 15.5059 0.0167279 341.521 0.618483 -0.000334274 0.00114803 7.90083e-05 0.00124098 0.652992 0.000415401 0.483028 0.000480097 
5 1.25 79750000 5.68496 0.00628872 -3.62507 0.00256121 15.5059 0.0167279 341.521 0.618483 -0.000334274 0.00114519 7.90083e-05 0.00124098 0.652992 0.00041491 0.483028 0.000480097 
5 1.25 80000000 5.68496 0.00628872 -3.62507 0.00255508 15.5059 0.0166474 341.521 0.615372 -0.000334274 0.00114349 7.90083e-05 0.00124098 0.652992 0.000413721 0.483028 0.000478304 
5 1.25 80250000 5.68496 0.00628872 -3.62507 0.00254719 15.5059 0.0166474 341.521 0.615372 -0.000334274 0.00114025 7.90083e-05 0.00124098 0.652992 0.000412505 0.483028 0.000478304 
5 1.25 80500000 5.68496 0.00628872 -3.62507 0.00254114 15.5059 0.0165424 341.521 0.612455 -0.000334274 0.00114025 7.90083e-05 0.00124098 0.652992 0.000411508 0.483028 0.000475436 
5 1.25 80750000 5.68496 0.00628872 -3.62507 0.00254236 15.5059 0.0165424 341.521 0.612455 -0.000334274 0.00114025 7.90083e-05 0.00124098 0.652992 0.000411413 0.483028 0.000475436 
5 1.25 81000000 5.68496 0.00628872 -3.62507 0.00253507 15.5059 0.0165672 341.521 0.616076 -0.000334274 0.00114025 7.90083e-05 0.00124098 0.652992 0.00041017 0.483028 0.000473879 
5 1.25 81250000 5.68496 0.00628872 -3.62507 0.00252863 15.5059 0.0165672 341.521 0.616076 -0.000334274 0.00114025 7.90083e-05 0.00124098 0.652992 0.000409026 0.483028 0.000473879 
5 1.25 81500000 5.68496 0.00628872 -3.62507 0.0025228 15.5059 0.0164824 341.521 0.613619 -0.000334274 0.00114025 7.90083e-05 0.00124098 0.652992 0.000407808 0.483028 0.000470986 
5 1.25 81750000 5.68496 0.00628872 -3.62507 0.00251831 15.5059 0.0164824 341.521 0.613619 -0.000334274 0.00114025 7.90083e-05 0.00124098 0.652992 0.000407515 0.483028 0.000470986 
5 1.25 82000000 5.68601 0.00670653 -3.62435 0.00252494 15.4986 0.0167065 341.185 0.622732 -0.0001741 0.00137908 -0.000325836 0.00124321 0.652843 0.000410726 0.482845 0.000477462 
5 1.25 82250000 5.68601 0.00670653 -3.62435 0.00253352 15.4986 0.0167065 341.185 0.622732 -0.0001741 0.00137908 -0.000325836 0.00124321 0.652843 0.000410726 0.482845 0.000477462 
5 1.25 82500000 5.68601 0.00670653 -3.62435 0.00253017 15.4986 0.0166312 341.185 0.622732 -0.0001741 0.00137908 -0.000325836 0.00124321 0.652843 0.000409692 0.482845 0.000476014 
5 1.25 82750000 5.68601 0.00670653 -3.62435 0.00252852 15.4986 0.0166312 341.185 0.622732 -0.0001741 0.00137908 -0.000325836 0.00124321 0.652843 0.000409692 0.482845 0.000476014 
5 1.25 83000000 5.68601 0.00670653 -3.62435 0.00252209 15.4986 0.0165851 341.185 0.622732 -0.0001741 0.00137908 -0.000325836 0.00124321 0.652843 0.000407313 0.482845 0.00047316 
5 1.25 83250000 5.68601 0.00670653 -3.62435 0.0025144 15.4986 0.0165851 341.185 0.622732 -0.0001741 0.00137908 -0.000325836 0.00124321 0.652843 0.000407177 0.482845 0.00047316 
5 1.25 83500000 5.68601 0.00670653 -3.62435 0.00250863 15.4986 0.0165124 341.185 0.622732 -0.0001741 0.00137908 -0.000325836 0.00124321 0.652843 0.000406062 0.482845 0.000471963 
5 1.25 83750000 5.68601 0.00670653 -3.62435 0.00250157 15.4986 0.0165124 341.185 0.622732 -0.0001741 0.00137908 -0.000325836 0.00124321 0.652843 0.000406062 0.482845 0.000471963 
5 1.25 84000000 5.68601 0.00670653 -3.62435 0.00249435 15.4986 0.016412 341.185 0.614234 -0.0001741 0.00137908 -0.000325836 0.00124321 0.652843 0.000403848 0.482845 0.000470093 
5 1.25 84250000 5.68601 0.00670653 -3.62435 0.00249032 15.4986 0.016412 341.185 0.614234 -0.0001741 0.00137908 -0.000325836 0.00124321 0.652843 0.000403848 0.482845 0.000470093 
5 1.25 84500000 5.68601 0.00670653 -3.62435 0.00248654 15.4986 0.016412 341.185 0.614234 -0.0001741 0.00137908 -0.000325836 0.00124321 0.652843 0.000403848 0.482845 0.000470093 
5 1.25 84750000 5.68601 0.00670653 -3.62435 0.00248091 15.4986 0.0163217 341.185 0.614234 -0.0001741 0.00137908 -0.000325836 0.00124321 0.652843 0.000401955 0.482845 0.000468202 
5 1.25 85000000 5.68601 0.00670653 -3.62435 0.00247571 15.4986 0.0163217 341.185 0.614234 -0.0001741 0.00137908 -0.000325836 0.00124321 0.652843 0.000401955 0.482845 0.000468202 
5 1.25 85250000 5.68601 0.00670653 -3.62435 0.00246898 15.4986 0.0163183 341.185 0.614234 -0.0001741 0.00137908 -0.000325836 0.00124321 0.652843 0.000401708 0.482845 0.00046889 
5 1.25 85500000 5.68601 0.00670653 -3.62435 0.00246557 15.4986 0.0163183 341.185 0.614234 -0.0001741 0.00137908 -0.000325836 0.00124321 0.652843 0.000401708 0.482845 0.00046889 
5 1.25 85750000 5.68601 0.00670653 -3.62435 0.00245969 15.4986 0.0162206 341.185 0.614234 -0.0001741 0.00137908 -0.000325836 0.00124321 0.652843 0.000400456 0.482845 0.000466699 
5 1.25 86000000 5.68601 0.00670653 -3.62435 0.00245967 15.4986 0.0162206 341.185 0.614234 -0.0001741 0.00137908 -0.000325836 0.00124321 0.652843 0.000400456 0.482845 0.000466699 
5 1.25 86250000 5.68601 0.00670653 -3.62435 0.00245307 15.4986 0.0161673 341.185 0.606336 -0.0001741 0.00137908 -0.000325836 0.00118634 0.652843 0.00039955 0.482845 0.000464965 
5 1.25 86500000 5.68601 0.00670653 -3.62435 0.00244767 15.4986 0.0161673 341.185 0.606336 -0.0001741 0.00137908 -0.000325836 0.00118634 0.652843 0.00039955 0.482845 0.000464965 
5 1.25 86750000 5.68601 0.00670653 -3.62435 0.00244096 15.4986 0.0160753 341.185 0.606336 -0.0001741 0.00137908 -0.000325836 0.00118634 0.652843 0.000397324 0.482845 0.000462314 
5 1.25 87000000 5.68601 0.00670653 -3.62435 0.00243413 15.4986 0.0160753 341.185 0.606336 -0.0001741 0.00137908 -0.000325836 0.00118634 0.652843 0.000397324 0.482845 0.000462314 
5 1.25 87250000 5.68601 0.00670653 -3.62435 0.00242853 15.4986 0.0160022 341.185 0.606336 -0.0001741 0.00137908 -0.000325836 0.00118634 0.652843 0.000395463 0.482845 0.000459778 
5 1.25 87500000 5.68601 0.00670653 -3.62435 0.00242201 15.4986 0.0160022 341.185 0.606336 -0.0001741 0.00137908 -0.000325836 0.00118634 0.652843 0.000395463 0.482845 0.000459778 
5 1.25 87750000 5.68601 0.00670653 -3.62435 0.0024186 15.4986 0.015987 341.185 0.606336 -0.0001741 0.00137908 -0.000325836 0.00118634 0.652843 0.000393293 0.482845 0.000457406 
5 1.25 88000000 5.68601 0.00670653 -3.62435 0.00241246 15.4986 0.015987 341.185 0.606336 -0.0001741 0.00137908 -0.000325836 0.00118634 0.652843 0.000393293 0.482845 0.000457406 
5 1.25 88250000 5.68601 0.00670653 -3.62435 0.00240739 15.4986 0.0159848 341.185 0.595436 -0.0001741 0.00137908 -0.000325836 0.00118634 0.652843 0.000394965 0.482845 0.000458238 
5 1.25 88500000 5.68601 0.00670653 -3.62435 0.00240765 15.4986 0.0159848 341.185 0.595436 -0.0001741 0.00137908 -0.000325836 0.00118634 0.652843 0.000394965 0.482845 0.000458238 
5 1.25 88750000 5.68601 0.00670653 -3.62435 0.00240714 15.4986 0.0159032 341.185 0.594304 -0.0001741 0.00137908 -0.000325836 0.00118634 0.652843 0.000394137 0.482845 0.000457324 
5 1.25 89000000 5.68601 0.00670653 -3.62435 0.0024042 15.4986 0.0159032 341.185 0.594304 -0.0001741 0.00137908 -0.000325836 0.00118634 0.652843 0.000394137 0.482845 0.000457324 
5 1.25 89250000 5.68601 0.00670653 -3.62435 0.00239966 15.4986 0.0158543 341.185 0.594304 -0.0001741 0.00137908 -0.000325836 0.00118634 0.652843 0.000392072 0.482845 0.000455268 
5 1.25 89500000 5.68601 0.00670653 -3.62435 0.00239407 15.4986 0.0158543 341.185 0.594304 -0.0001741 0.00137908 -0.000325836 0.00118634 0.652843 0.000392072 0.482845 0.000455268 
5 1.25 89750000 5.68601 0.00670653 -3.62435 0.00239143 15.4986 0.0157687 341.185 0.594304 -0.0001741 0.00137908 -0.000325836 0.00118634 0.652843 0.000389963 0.482845 0.000452897 
5 1.25 90000000 5.68601 0.00670653 -3.62435 0.00238686 15.4986 0.0157687 341.185 0.594304 -0.0001741 0.00137908 -0.000325836 0.00118634 0.652843 0.000389963 0.482845 0.000452897 
5 1.25 90250000 5.68503 0.00670653 -3.62505 0.00238286 15.5011 0.0156802 341.277 0.586587 -0.000131232 0.00137908 -0.000332918 0.00113532 0.652952 0.000387798 0.482963 0.000450379 
5 1.25 90500000 5.68503 0.00670653 -3.62505 0.00237705 15.5011 0.0156802 341.277 0.586587 -0.000131232 0.00137908 -0.000332918 0.00113532 0.652952 0.000387798 0.482963 0.000450379 
5 1.25 90750000 5.68503 0.00670653 -3.62505 0.00237169 15.5011 0.0155955 341.277 0.584591 -0.000131232 0.00137908 -0.000332918 0.00113532 0.652952 0.000385625 0.482963 0.000447835 
5 1.25 91000000 5.68503 0.00670653 -3.62505 0.00237002 15.5011 0.0155955 341.277 0.584591 -0.000131232 0.00137908 -0.000332918 0.00113532 0.652952 0.000385625 0.482963 0.000447835 
5 1.25 91250000 5.68503 0.00670653 -3.62505 0.00236488 15.5011 0.0155085 341.277 0.58221 -0.000131232 0.00137908 -0.000332918 0.00113532 0.652952 0.000383592 0.482963 0.000445342 
5 1.25 91500000 5.68503 0.00670653 -3.62505 0.00236625 15.5011 0.0155085 341.277 0.58221 -0.000131232 0.00137908 -0.000332918 0.00113532 0.652952 0.000383642 0.482963 0.000445342 
5 1.25 91750000 5.68503 0.00670653 -3.62505 0.00236291 15.5011 0.0154375 341.277 0.58221 -0.000131232 0.00137908 -0.000332918 0.00113532 0.652952 0.000383142 0.482963 0.000442854 
5 1.25 92000000 5.68503 0.00670653 -3.62505 0.0023577 15.5011 0.0154375 341.277 0.58221 -0.000131232 0.00137908 -0.000332918 0.00113532 0.652952 0.000382454 0.482963 0.000442854 
5 1.25 92250000 5.68503 0.00670653 -3.62505 0.00235333 15.5011 0.0153567 341.277 0.576013 -0.000131232 0.00137908 -0.000332918 0.00113532 0.652952 0.000381611 0.482963 0.000440646 
5 1.25 92500000 5.68503 0.00670653 -3.62505 0.00235001 15.5011 0.0153567 341.277 0.576013 -0.000131232 0.00137908 -0.000332918 0.00113532 0.652952 0.000381161 0.482963 0.000440646 
5 1.25 92750000 5.68503 0.00670653 -3.62505 0.00234533 15.5011 0.0153008 341.277 0.576013 -0.000131232 0.00137908 -0.000332918 0.00113532 0.652952 0.000380323 0.482963 0.000438246 
5 1.25 93000000 5.68503 0.00670653 -3.62505 0.00234134 15.5011 0.0152734 341.277 0.576013 -0.000131232 0.00137908 -0.000332918 0.00113532 0.652952 0.000379867 0.482963 0.000438246 
5 1.25 93250000 5.68503 0.00670653 -3.62505 0.00233569 15.5011 0.015237 341.277 0.576013 -0.000131232 0.00137908 -0.000332918 0.00113532 0.652952 0.000378986 0.482963 0.000436601 
5 1.25 93500000 5.68503 0.00670653 -3.62505 0.00233981 15.5011 0.0152381 341.277 0.576013 -0.000131232 0.00137908 -0.000332918 0.00113532 0.652952 0.000379331 0.482963 0.000436601 
5 1.25 93750000 5.68503 0.00670653 -3.62505 0.00233512 15.5011 0.0152036 341.277 0.576013 -0.000131232 0.00137908 -0.000332918 0.00113532 0.652952 0.000378318 0.482963 0.000434875 
5 1.25 94000000 5.68503 0.00670653 -3.62505 0.00232926 15.5011 0.0151664 341.277 0.576013 -0.000131232 0.00137908 -0.000332918 0.00113532 0.652952 0.00037749 0.482963 0.000434875 
5 1.25 94250000 5.68503 0.00670653 -3.62505 0.00233704 15.5011 0.0151784 341.277 0.570541 -0.000131232 0.00137908 -0.000332918 0.0010863 0.652952 0.000378617 0.482963 0.000432625 
5 1.25 94500000 5.68503 0.00670653 -3.62505 0.00233215 15.5011 0.0151489 341.277 0.570541 -0.000131232 0.00137908 -0.000332918 0.0010863 0.652952 0.00037776 0.482963 0.000432625 
5 1.25 94750000 5.68503 0.00670653 -3.62505 0.00232652 15.5011 0.0151114 341.277 0.570541 -0.000131232 0.00137908 -0.000332918 0.0010863 0.652952 0.000377339 0.482963 0.000430602 
5 1.25 95000000 5.68503 0.00670653 -3.62505 0.0023253 15.5011 0.0151105 341.277 0.570541 -0.000131232 0.00137908 -0.000332918 0.0010863 0.652952 0.000377048 0.482963 0.000430447 
5 1.25 95250000 5.68503 0.00670653 -3.62505 0.0023251 15.5011 0.0150972 341.277 0.570541 -0.000131232 0.00137908 -0.000332918 0.0010863 0.652952 0.000377315 0.482963 0.000430509 
5 1.25 95500000 5.68503 0.00670653 -3.62505 0.00233339 15.5011 0.0151577 341.277 0.570541 -0.000131232 0.00137908 -0.000332918 0.0010863 0.652952 0.000378204 0.482963 0.000431415 
5 1.25 95750000 5.68503 0.00670653 -3.62505 0.00233365 15.5011 0.015154 341.277 0.570541 -0.000131232 0.00137908 -0.000332918 0.0010863 0.652952 0.000378159 0.482963 0.00043104 
5 1.25 96000000 5.68503 0.00670653 -3.62505 0.00233364 15.5011 0.0151424 341.277 0.570541 -0.000131232 0.00137908 -0.000332918 0.0010863 0.652952 0.000378255 0.482963 0.000431055 
5 1.25 96250000 5.68503 0.00670653 -3.62505 0.0023304 15.5011 0.0151572 341.277 0.570541 -0.000131232 0.00137908 -0.000332918 0.0010863 0.652952 0.000377984 0.482963 0.00043082 
5 1.25 96500000 5.68503 0.00670653 -3.62505 0.00232835 15.5011 0.0151379 341.277 0.564476 -0.000131232 0.00137908 -0.000332918 0.0010863 0.652952 0.000377644 0.482963 0.000430381 
5 1.25 96750000 5.68503 0.00670653 -3.62505 0.00232932 15.5011 0.0151456 341.277 0.564476 -0.000131232 0.00137908 -0.000332918 0.0010863 0.652952 0.00037764 0.482963 0.000430548 
5 1.25 97000000 5.68503 0.00670653 -3.62505 0.00232446 15.5011 0.015113 341.277 0.562947 -0.000131232 0.00137908 -0.000332918 0.0010863 0.652952 0.000377349 0.482963 0.000430157 
5 1.25 97250000 5.68503 0.00670653 -3.62505 0.00231907 15.5011 0.0150733 341.277 0.562947 -0.000131232 0.00137908 -0.000332918 0.0010863 0.652952 0.000376449 0.482963 0.000429062 
5 1.25 97500000 5.68503 0.00670653 -3.62505 0.00231307 15.5011 0.0150347 341.277 0.560751 -0.000131232 0.00137908 -0.000332918 0.0010863 0.652952 0.00037546 0.482963 0.000427939 
5 1.25 97750000 5.68503 0.00670653 -3.62505 0.00231002 15.5011 0.0150167 341.277 0.560751 -0.000131232 0.00137908 -0.000332918 0.0010863 0.652952 0.000375095 0.482963 0.000427647 
5 1.25 98000000 5.68503 0.00670653 -3.62505 0.00230579 15.5011 0.0149925 341.277 0.560751 -0.000131232 0.00137908 -0.000332918 0.0010863 0.652952 0.000374276 0.482963 0.000426706 
5 1.25 98250000 5.68503 0.00670653 -3.62505 0.00230042 15.5011 0.0149547 341.277 0.560751 -0.000131232 0.00137908 -0.000332918 0.0010863 0.652952 0.000373543 0.482963 0.00042589 
5 1.25 98500000 5.68284 0.00629556 -3.62505 0.00229492 15.4998 0.014923 341.204 0.5549 0.000214341 0.00120269 -0.000482684 0.00104786 0.653028 0.000372596 0.482987 0.00042481 
5 1.25 98750000 5.68284 0.00629556 -3.62505 0.00228982 15.4998 0.0148915 341.204 0.5549 0.000214341 0.00120269 -0.000482684 0.00104786 0.653028 0.000371753 0.482987 0.000424027 
5 1.25 99000000 5.68284 0.00629556 -3.62505 0.00228486 15.4998 0.0148684 341.204 0.552762 0.000214341 0.00120269 -0.000482684 0.00104786 0.653028 0.000370821 0.482987 0.000423005 
5 1.25 99250000 5.68284 0.00629556 -3.62505 0.00228459 15.4998 0.0148506 341.204 0.552762 0.000214341 0.00120269 -0.000482684 0.00104786 0.653028 0.00037056 0.482987 0.000422461 
5 1.25 99500000 5.68284 0.00629556 -3.62505 0.002282 15.4998 0.0148228 341.204 0.551134 0.000214341 0.00120269 -0.000482684 0.00104786 0.653028 0.000369872 0.482987 0.000421471 
5 1.25 99750000 5.68284 0.00629556 -3.62505 0.00228072 15.4998 0.0148131 341.204 0.551134 0.000214341 0.00120269 -0.000482684 0.00104786 0.653028 0.000369902 0.482987 0.000421359 
5 1.25 100000000 5.68284 0.00629556 -3.62505 0.00227506 15.4998 0.0147834 341.204 0.549415 0.000214341 0.00120269 -0.000482684 0.00104786 0.653028 0.000369102 0.482987 0.000420557 
