L J MC_steps R2 R2_std E E_std E2 E2_std E4 E4_std Sin1 Sin1_std Cos1 Cos1_std Mag2 Mag2_std Mag4 Mag4_std
6 0.75 360000 8.45089 0.175966 -3.07088 0.0792298 14.026 0.486844 391.338 23.2058 -0.00643012 0.0231209 -0.00743323 0.0167826 0.429692 0.00927265 0.25111 0.00841509 
6 0.75 720000 8.5067 0.12681 -3.09519 0.0561837 14.1255 0.342178 396.449 16.819 0.0052787 0.0128001 -0.0114782 0.0118285 0.434631 0.00611032 0.254301 0.00570101 
6 0.75 1080000 8.56392 0.120331 -3.04759 0.0450479 13.9846 0.26773 400.693 15.9817 0.00830267 0.00963264 -0.00840801 0.0101885 0.430342 0.00478563 0.251014 0.00447314 
6 0.75 1440000 8.54792 0.0891428 -3.00781 0.0378722 13.8331 0.239945 396.072 13.418 0.00577126 0.0084746 -0.00380719 0.00831273 0.428658 0.00417697 0.249146 0.00391214 
6 0.75 1800000 8.5403 0.0811966 -3.01635 0.0327894 13.8486 0.204786 395.375 10.5172 0.00793637 0.00741787 0.000109397 0.00676609 0.430227 0.00371986 0.250151 0.00335356 
6 0.75 2160000 8.53835 0.0744751 -3.01772 0.0350805 13.9421 0.192022 401.29 11.0897 0.00549838 0.00665253 -0.00162187 0.00678523 0.430112 0.00351709 0.250889 0.00312978 
6 0.75 2520000 8.53726 0.0664419 -3.02429 0.0292998 13.9776 0.171312 402.469 9.52944 0.00582663 0.00596391 -0.000461916 0.00597647 0.432002 0.00328052 0.252269 0.00287794 
6 0.75 2880000 8.50677 0.0608071 -3.02672 0.0267444 13.9916 0.157497 404.809 8.40702 0.00642856 0.00554051 0.000570259 0.00530021 0.430625 0.00302697 0.251457 0.00266356 
6 0.75 3240000 8.49908 0.0574114 -3.03802 0.0278079 14.0349 0.149051 404.06 7.70788 0.00646647 0.00512011 0.00149674 0.00489903 0.431506 0.00285717 0.252166 0.00252354 
6 0.75 3600000 8.4889 0.0537911 -3.04544 0.024962 14.0711 0.140724 406.389 7.30768 0.00325925 0.004865 0.00089133 0.00458272 0.432459 0.00264854 0.25289 0.0023525 
6 0.75 3960000 8.48242 0.0504627 -3.04874 0.0303599 14.083 0.137716 407.476 7.15527 0.0030507 0.00480868 0.000407347 0.00435675 0.433199 0.0025938 0.253299 0.00230705 
6 0.75 4320000 8.4897 0.048365 -3.04153 0.0303599 14.0743 0.135225 408.099 6.85181 0.00319782 0.00480868 0.00253464 0.00424744 0.43215 0.00253335 0.252713 0.0021927 
6 0.75 4680000 8.5179 0.0477486 -3.03983 0.0265776 14.0534 0.130942 406.337 6.87201 0.00442871 0.00420004 0.00189332 0.00403905 0.431842 0.0024505 0.252539 0.00217466 
6 0.75 5040000 8.51202 0.0465129 -3.05047 0.0265776 14.146 0.130126 411.373 6.83643 0.00357856 0.00420004 0.00293794 0.00389267 0.432631 0.00230856 0.253519 0.00214611 
6 0.75 5400000 8.52372 0.0441466 -3.05267 0.0256963 14.1662 0.144112 411.956 6.37297 0.00302928 0.00387267 0.00153264 0.00375722 0.433226 0.0022879 0.254084 0.00210538 
6 0.75 5760000 8.5276 0.0423496 -3.04544 0.0256963 14.1263 0.144112 410.802 6.33248 0.00199629 0.00382608 -0.000262882 0.00391231 0.432568 0.0022879 0.253522 0.00210538 
6 0.75 6120000 8.52515 0.0407293 -3.05215 0.0224895 14.1499 0.127018 411.53 5.89057 0.00132603 0.0037076 0.000977169 0.00385932 0.433083 0.00206182 0.253866 0.00192254 
6 0.75 6480000 8.52344 0.0392566 -3.05094 0.0224895 14.1414 0.127018 411.597 5.7093 0.00184726 0.0037076 0.000859508 0.00363409 0.432827 0.00200638 0.253585 0.00185344 
6 0.75 6840000 8.52452 0.0380958 -3.05143 0.020002 14.1305 0.114373 411.59 5.56141 0.00296268 0.003639 0.000164432 0.00349804 0.432991 0.00192773 0.253675 0.0018025 
6 0.75 7200000 8.52159 0.0371248 -3.05343 0.020002 14.1298 0.114373 411.061 5.37418 0.00381704 0.003639 0.00149195 0.00355692 0.433364 0.00186715 0.253906 0.00174553 
6 0.75 7560000 8.5293 0.036344 -3.05398 0.0181625 14.1246 0.103188 410.473 5.24451 0.00405412 0.00376983 0.00303858 0.00370008 0.433373 0.00182577 0.253818 0.0017126 
6 0.75 7920000 8.5293 0.0355219 -3.05398 0.0181625 14.1246 0.103089 410.473 5.11029 0.00405412 0.00376983 0.00303858 0.00355257 0.433373 0.0017775 0.253818 0.00166907 
6 0.75 8280000 8.53924 0.034382 -3.05653 0.0166904 14.1483 0.097583 411.271 4.96366 0.00296969 0.00376983 0.00185825 0.00346302 0.433624 0.00172262 0.254002 0.00161402 
6 0.75 8640000 8.53924 0.0336099 -3.05653 0.0166904 14.1483 0.0963921 411.271 4.85172 0.00296969 0.00376983 0.00185825 0.00332102 0.433624 0.00166948 0.254002 0.00157 
6 0.75 9000000 8.54508 0.0331451 -3.06033 0.015726 14.162 0.0938716 411.822 4.78654 0.00337466 0.00320217 0.000362414 0.00341054 0.434042 0.00165986 0.254268 0.00154677 
6 0.75 9360000 8.54508 0.0326079 -3.06033 0.015726 14.162 0.0925901 411.822 4.70356 0.00337466 0.00320217 0.000362414 0.00342123 0.434042 0.00164517 0.254268 0.00153041 
6 0.75 9720000 8.55574 0.0318102 -3.06487 0.0151567 14.1782 0.0916632 412.117 4.6695 0.0022822 0.00320217 -0.000846295 0.00329524 0.434358 0.00161775 0.25455 0.00151352 
6 0.75 10080000 8.55574 0.0310889 -3.06487 0.0151567 14.1782 0.0894928 412.117 4.56768 0.0022822 0.00320217 -0.000846295 0.00319385 0.434358 0.00158481 0.25455 0.00148267 
6 0.75 10440000 8.55943 0.0307373 -3.06207 0.014331 14.1603 0.0880521 411.942 4.49725 0.00143396 0.00328051 0.000670071 0.00330615 0.433829 0.00155321 0.254027 0.00145452 
6 0.75 10800000 8.55943 0.0304367 -3.06207 0.014331 14.1603 0.086006 411.942 4.39197 0.00143396 0.00328051 0.000670071 0.00330615 0.433829 0.00151794 0.254027 0.00141729 
6 0.75 11160000 8.56602 0.029887 -3.05516 0.0149469 14.1183 0.0848367 410.471 4.31751 0.00124935 0.00328051 0.00038326 0.00310494 0.433091 0.00150761 0.253454 0.00140146 
6 0.75 11520000 8.56602 0.0295588 -3.05516 0.0149469 14.1183 0.0848367 410.471 4.25935 0.00124935 0.00328051 0.00038326 0.00309815 0.433091 0.00149192 0.253454 0.00139357 
6 0.75 11880000 8.58191 0.0285375 -3.05056 0.0147045 14.1 0.0839067 409.828 4.14262 0.0012786 0.00287412 -0.00041278 0.00300505 0.432723 0.00145517 0.253167 0.00136379 
6 0.75 12240000 8.58191 0.0282847 -3.05056 0.0147045 14.1 0.0839067 409.828 4.05412 0.0012786 0.00287412 -0.00041278 0.00300505 0.432723 0.00143007 0.253167 0.00133616 
6 0.75 12600000 8.58249 0.0282847 -3.04746 0.014224 14.0766 0.0839067 408.499 3.96912 0.00165886 0.00287412 -3.85213e-05 0.00285149 0.432507 0.00140482 0.252942 0.00131065 
6 0.75 12960000 8.58249 0.0282847 -3.04746 0.014224 14.0766 0.0839067 408.499 3.92359 0.00165886 0.00287412 -3.85213e-05 0.00285149 0.432507 0.00138452 0.252942 0.00129106 
6 0.75 13320000 8.58615 0.0267829 -3.04224 0.0148799 14.0498 0.0883531 407.446 3.8693 0.00195816 0.00263389 4.95963e-07 0.00269334 0.431721 0.00151275 0.252291 0.00131186 
6 0.75 13680000 8.58615 0.0266455 -3.04224 0.0148799 14.0498 0.0883531 407.446 3.86895 0.00195816 0.00263389 4.95963e-07 0.00269334 0.431721 0.00151275 0.252291 0.00131186 
6 0.75 14040000 8.58615 0.0262539 -3.04224 0.0148799 14.0498 0.0883531 407.446 3.86895 0.00195816 0.00263389 4.95963e-07 0.00269334 0.431721 0.00151275 0.252291 0.00131186 
6 0.75 14400000 8.59437 0.0259172 -3.04157 0.0148799 14.0459 0.0883531 407.255 3.86895 0.00189414 0.00263389 0.000475332 0.0025931 0.431994 0.00151275 0.252495 0.00131186 
6 0.75 14760000 8.59437 0.0256313 -3.04157 0.0148799 14.0459 0.0883531 407.255 3.86895 0.00189414 0.00263389 0.000475332 0.0025931 0.431994 0.00151275 0.252495 0.00131186 
6 0.75 15120000 8.58701 0.0281041 -3.03855 0.0138396 14.0332 0.0810719 407.303 3.64317 0.000488127 0.0027503 0.000912977 0.00250024 0.431621 0.00148015 0.25218 0.00127194 
6 0.75 15480000 8.58701 0.0281041 -3.03855 0.0138396 14.0332 0.0810719 407.303 3.59628 0.000488127 0.0027503 0.000912977 0.00256159 0.431621 0.00148015 0.25218 0.00127194 
6 0.75 15840000 8.58701 0.0281041 -3.03855 0.0138396 14.0332 0.0810719 407.303 3.57035 0.000488127 0.0027503 0.000912977 0.00258616 0.431621 0.00148015 0.25218 0.00127194 
6 0.75 16200000 8.58701 0.0281041 -3.03855 0.0138396 14.0332 0.0810719 407.303 3.51766 0.000488127 0.0027503 0.000912977 0.00258616 0.431621 0.00148015 0.25218 0.00127194 
6 0.75 16560000 8.59393 0.0281041 -3.03825 0.0137389 14.0263 0.0796161 406.971 3.46605 -0.000530587 0.0027345 0.00187032 0.00246975 0.431613 0.00148015 0.252036 0.00127194 
6 0.75 16920000 8.59393 0.0281041 -3.03825 0.0137389 14.0263 0.0796161 406.971 3.41678 -0.000530587 0.0027345 0.00187032 0.00246975 0.431613 0.00148015 0.252036 0.00127194 
6 0.75 17280000 8.59393 0.0281041 -3.03825 0.0137389 14.0263 0.0796161 406.971 3.38388 -0.000530587 0.0027345 0.00187032 0.00236403 0.431613 0.00148015 0.252036 0.00127194 
6 0.75 17640000 8.59393 0.0281041 -3.03825 0.0137389 14.0263 0.0796161 406.971 3.34592 -0.000530587 0.0027345 0.00187032 0.00236403 0.431613 0.00148015 0.252036 0.00127194 
6 0.75 18000000 8.59562 0.0247038 -3.03986 0.0116378 14.0262 0.0678269 406.744 3.30494 -0.000488873 0.00245911 0.00176278 0.00227382 0.431838 0.00124928 0.252108 0.00110095 
6 0.75 18360000 8.59562 0.0247038 -3.03986 0.0116378 14.0262 0.0678269 406.744 3.25874 -0.000488873 0.00245911 0.00176278 0.00229459 0.431838 0.00124928 0.252108 0.00108681 
6 0.75 18720000 8.59562 0.0247038 -3.03986 0.0116378 14.0262 0.0678269 406.744 3.22746 -0.000488873 0.00245911 0.00176278 0.00225447 0.431838 0.00124928 0.252108 0.00107753 
6 0.75 19080000 8.59562 0.0247038 -3.03986 0.0116378 14.0262 0.0678269 406.744 3.18733 -0.000488873 0.00245911 0.00176278 0.00222314 0.431838 0.00124928 0.252108 0.00106259 
6 0.75 19440000 8.59029 0.0247038 -3.037 0.0115107 14.0264 0.0666511 407.175 3.16366 0.000130484 0.00244707 0.00150245 0.0021863 0.431979 0.00124928 0.252369 0.00106197 
6 0.75 19800000 8.59029 0.0247038 -3.037 0.0115107 14.0264 0.0666511 407.175 3.13974 0.000130484 0.00244707 0.00150245 0.00215278 0.431979 0.00124928 0.252369 0.00106197 
6 0.75 20160000 8.59029 0.0247038 -3.037 0.0115107 14.0264 0.0666511 407.175 3.11732 0.000130484 0.00244707 0.00150245 0.0021168 0.431979 0.00124928 0.252369 0.00106197 
6 0.75 20520000 8.59029 0.0247038 -3.037 0.0115107 14.0264 0.0666511 407.175 3.10034 0.000130484 0.00244707 0.00150245 0.00208684 0.431979 0.00124928 0.252369 0.00106197 
6 0.75 20880000 8.58636 0.0228464 -3.03811 0.0103513 14.0355 0.0617015 407.716 3.06252 0.000822512 0.00242353 0.00139126 0.00207607 0.432047 0.00109918 0.252361 0.00101354 
6 0.75 21240000 8.58636 0.0228464 -3.03811 0.0103513 14.0355 0.060961 407.716 3.02737 0.000822512 0.00242353 0.00139126 0.00205863 0.432047 0.00108994 0.252361 0.00100436 
6 0.75 21600000 8.58636 0.0228464 -3.03811 0.0103513 14.0355 0.0604029 407.716 2.99454 0.000822512 0.00242353 0.00139126 0.00204779 0.432047 0.001088 0.252361 0.00099436 
6 0.75 21960000 8.58636 0.0228464 -3.03811 0.0103513 14.0355 0.059956 407.716 2.97389 0.000822512 0.00242353 0.00139126 0.00201555 0.432047 0.001088 0.252361 0.000986598 
6 0.75 22320000 8.58268 0.0228464 -3.03704 0.00999802 14.0256 0.0591929 407.085 2.93366 0.000742132 0.00242353 0.00119781 0.00199945 0.431973 0.001088 0.252189 0.000974804 
6 0.75 22680000 8.58268 0.0228464 -3.03704 0.00999802 14.0256 0.0589289 407.085 2.92305 0.000742132 0.00242353 0.00119781 0.00197064 0.431973 0.001088 0.252189 0.000968834 
6 0.75 23040000 8.58268 0.0228464 -3.03704 0.00999802 14.0256 0.0584331 407.085 2.8985 0.000742132 0.00242353 0.00119781 0.00195485 0.431973 0.001088 0.252189 0.000959462 
6 0.75 23400000 8.58268 0.0228464 -3.03704 0.00999802 14.0256 0.0577702 407.085 2.80727 0.000742132 0.00242353 0.00119781 0.00193768 0.431973 0.001088 0.252189 0.00093989 
6 0.75 23760000 8.58148 0.0205039 -3.03801 0.00915838 14.0263 0.0560245 406.979 2.78891 0.000313161 0.00217346 0.00139364 0.00191799 0.432273 0.00100086 0.252388 0.000933631 
6 0.75 24120000 8.58148 0.0205039 -3.03801 0.00915838 14.0263 0.0556794 406.979 2.78611 0.000313161 0.00217346 0.00139364 0.00189937 0.432273 0.000995305 0.252388 0.000927761 
6 0.75 24480000 8.58148 0.0205039 -3.03801 0.00915838 14.0263 0.0553364 406.979 2.77108 0.000313161 0.00217346 0.00139364 0.00188739 0.432273 0.0010014 0.252388 0.000933289 
6 0.75 24840000 8.58148 0.0205039 -3.03801 0.00915838 14.0263 0.0547123 406.979 2.73494 0.000313161 0.00217346 0.00139364 0.00187776 0.432273 0.000992892 0.252388 0.000923323 
6 0.75 25200000 8.58215 0.0205039 -3.04084 0.00904448 14.0401 0.0543538 407.319 2.71808 0.00100876 0.00217346 0.00168276 0.00185302 0.43252 0.000986062 0.25267 0.000917944 
6 0.75 25560000 8.58215 0.0205039 -3.04084 0.00904448 14.0401 0.0537431 407.319 2.69389 0.00100876 0.00217346 0.00168276 0.00184476 0.43252 0.000977426 0.25267 0.000909187 
6 0.75 25920000 8.58215 0.0205039 -3.04084 0.00904448 14.0401 0.0534493 407.319 2.67255 0.00100876 0.00217346 0.00168276 0.00184549 0.43252 0.000975337 0.25267 0.000906368 
6 0.75 26280000 8.58215 0.0205039 -3.04084 0.00904448 14.0401 0.0531971 407.319 2.65543 0.00100876 0.00217346 0.00168276 0.00183324 0.43252 0.000975337 0.25267 0.00089974 
6 0.75 26640000 8.5874 0.0190613 -3.03912 0.00870265 14.0355 0.0528489 407.488 2.63605 0.001044 0.00205116 0.00111175 0.00182145 0.432536 0.000960604 0.252712 0.000893651 
6 0.75 27000000 8.5874 0.0190613 -3.03912 0.00870265 14.0355 0.0524398 407.488 2.61372 0.001044 0.00205116 0.00111175 0.00180267 0.432536 0.000956429 0.252712 0.000890386 
6 0.75 27360000 8.5874 0.0190613 -3.03912 0.00870265 14.0355 0.0522556 407.488 2.60198 0.001044 0.00205116 0.00111175 0.00179126 0.432536 0.000947782 0.252712 0.000883452 
6 0.75 27720000 8.5874 0.0190613 -3.03912 0.00870265 14.0355 0.0517009 407.488 2.57556 0.001044 0.00205116 0.00111175 0.00176918 0.432536 0.000936675 0.252712 0.000872718 
6 0.75 28080000 8.5901 0.0190613 -3.03839 0.00827587 14.0299 0.0514817 407.34 2.55991 0.000878502 0.00205116 0.00104352 0.00175141 0.432512 0.000929813 0.252667 0.00086604 
6 0.75 28440000 8.5901 0.0190613 -3.03839 0.00827587 14.0299 0.0513845 407.34 2.5584 0.000878502 0.00205116 0.00104352 0.00175756 0.432512 0.000922844 0.252667 0.000860689 
6 0.75 28800000 8.5901 0.0190613 -3.03839 0.00827587 14.0299 0.0512833 407.34 2.55685 0.000878502 0.00205116 0.00104352 0.00174842 0.432512 0.000918013 0.252667 0.00085763 
6 0.75 29160000 8.5901 0.0190613 -3.03839 0.00827587 14.0299 0.0509733 407.34 2.54426 0.000878502 0.00205116 0.00104352 0.00175077 0.432512 0.000910189 0.252667 0.000850808 
6 0.75 29520000 8.5901 0.0190613 -3.03839 0.00827587 14.0299 0.050917 407.34 2.53679 0.000878502 0.00205116 0.00104352 0.00173962 0.432512 0.000905863 0.252667 0.000847534 
6 0.75 29880000 8.58423 0.0201219 -3.03669 0.00803303 14.0195 0.0504376 406.757 2.51072 0.00128109 0.00185969 0.00134437 0.00172358 0.432357 0.000895689 0.252485 0.00083773 
6 0.75 30240000 8.58423 0.0201219 -3.03669 0.00803303 14.0195 0.0500533 406.757 2.49486 0.00128109 0.00185969 0.00134437 0.00171894 0.432357 0.000886866 0.252485 0.000828904 
6 0.75 30600000 8.58423 0.0201219 -3.03669 0.00803303 14.0195 0.0496457 406.757 2.47744 0.00128109 0.00185969 0.00134437 0.00170615 0.432357 0.000882075 0.252485 0.000823625 
6 0.75 30960000 8.58423 0.0201219 -3.03669 0.00803303 14.0195 0.0492467 406.757 2.4573 0.00128109 0.00185969 0.00134437 0.00168807 0.432357 0.000875399 0.252485 0.000817915 
6 0.75 31320000 8.58423 0.0201219 -3.03669 0.00794776 14.0195 0.0489351 406.757 2.44124 0.00128109 0.00185969 0.00134437 0.00168147 0.432357 0.000867016 0.252485 0.000810333 
6 0.75 31680000 8.58423 0.0201219 -3.03669 0.00794776 14.0195 0.0488311 406.757 2.43287 0.00128109 0.00185969 0.00134437 0.00167428 0.432357 0.000865594 0.252485 0.000809904 
6 0.75 32040000 8.58423 0.0201219 -3.03669 0.00794776 14.0195 0.0487436 406.757 2.42453 0.00128109 0.00185969 0.00134437 0.00166136 0.432357 0.000858727 0.252485 0.000804388 
6 0.75 32400000 8.58423 0.0201219 -3.03669 0.00794776 14.0195 0.0482951 406.757 2.40512 0.00128109 0.00185969 0.00134437 0.00164966 0.432357 0.000850053 0.252485 0.000796298 
6 0.75 32760000 8.58536 0.0201219 -3.03569 0.00767742 14.0182 0.0479882 406.819 2.3898 0.00124611 0.00169096 0.00124783 0.00164034 0.432212 0.000844399 0.252424 0.000790567 
6 0.75 33120000 8.58536 0.0201219 -3.03569 0.00767742 14.0182 0.0478631 406.819 2.38734 0.00124611 0.00169096 0.00124783 0.00163444 0.432212 0.000842623 0.252424 0.000786862 
6 0.75 33480000 8.58536 0.0201219 -3.03569 0.00767742 14.0182 0.0476982 406.819 2.37592 0.00124611 0.00169096 0.00124783 0.00162689 0.432212 0.000840012 0.252424 0.000785816 
6 0.75 33840000 8.58536 0.0201219 -3.03569 0.00767742 14.0182 0.0475508 406.819 2.37057 0.00124611 0.00169096 0.00124783 0.00161742 0.432212 0.000834512 0.252424 0.000783036 
6 0.75 34200000 8.58536 0.0201219 -3.03569 0.00734429 14.0182 0.047349 406.819 2.35974 0.00124611 0.00169096 0.00124783 0.00161294 0.432212 0.00082895 0.252424 0.000776234 
6 0.75 34560000 8.58536 0.0201219 -3.03569 0.00734429 14.0182 0.0469797 406.819 2.34274 0.00124611 0.00169096 0.00124783 0.00161569 0.432212 0.000822839 0.252424 0.000772149 
6 0.75 34920000 8.58536 0.0201219 -3.03569 0.00734429 14.0182 0.0466592 406.819 2.32678 0.00124611 0.00169096 0.00124783 0.00160493 0.432212 0.00081734 0.252424 0.000768086 
6 0.75 35280000 8.58536 0.0201219 -3.03569 0.00734429 14.0182 0.0464292 406.819 2.32043 0.00124611 0.00169096 0.00124783 0.0015888 0.432212 0.000812642 0.252424 0.000763248 
6 0.75 35640000 8.5861 0.0168551 -3.03471 0.00709156 14.0085 0.046085 405.947 2.3015 0.00104809 0.0015616 0.00102484 0.0015783 0.431927 0.000806145 0.252171 0.000757031 
6 0.75 36000000 8.5861 0.0168551 -3.03471 0.00709156 14.0085 0.0458301 405.947 2.29115 0.00104809 0.0015616 0.00102484 0.00156434 0.431927 0.000801137 0.252171 0.000752883 
6 0.75 36360000 8.5861 0.0168551 -3.03471 0.00709156 14.0085 0.0454825 405.947 2.27195 0.00104809 0.0015616 0.00102484 0.00155252 0.431927 0.000796606 0.252171 0.000747749 
6 0.75 36720000 8.5861 0.0168551 -3.03471 0.00709156 14.0085 0.0452988 405.947 2.26322 0.00104809 0.0015616 0.00102484 0.00153845 0.431927 0.000794706 0.252171 0.000745526 
6 0.75 37080000 8.5861 0.0168551 -3.03471 0.00689184 14.0085 0.0450176 405.947 2.24959 0.00104809 0.0015616 0.00102484 0.00153152 0.431927 0.000790256 0.252171 0.000740722 
6 0.75 37440000 8.5861 0.0168551 -3.03471 0.00684697 14.0085 0.0447969 405.947 2.24729 0.00104809 0.0015616 0.00102484 0.00151972 0.431927 0.000788381 0.252171 0.000739792 
6 0.75 37800000 8.5861 0.0168551 -3.03471 0.00682077 14.0085 0.044555 405.947 2.23472 0.00104809 0.0015616 0.00102484 0.00151598 0.431927 0.000781351 0.252171 0.000732882 
6 0.75 38160000 8.5861 0.0168551 -3.03471 0.00681538 14.0085 0.0444518 405.947 2.22657 0.00104809 0.0015616 0.00102484 0.00150883 0.431927 0.000778306 0.252171 0.000728625 
6 0.75 38520000 8.59168 0.0168551 -3.0363 0.00677866 14.0199 0.0441587 406.381 2.20998 0.00107392 0.00144169 0.0011904 0.00149673 0.43218 0.000774088 0.252353 0.000724331 
6 0.75 38880000 8.59168 0.0168551 -3.0363 0.00677866 14.0199 0.0439396 406.381 2.20104 0.00107392 0.00144169 0.0011904 0.00148811 0.43218 0.000769185 0.252353 0.00071914 
6 0.75 39240000 8.59168 0.0168551 -3.0363 0.00677866 14.0199 0.0436217 406.381 2.18707 0.00107392 0.00144169 0.0011904 0.00147908 0.43218 0.000763003 0.252353 0.000713144 
6 0.75 39600000 8.59168 0.0168551 -3.0363 0.00677866 14.0199 0.0434061 406.381 2.17572 0.00107392 0.00144169 0.0011904 0.00148107 0.43218 0.000760685 0.252353 0.000713002 
6 0.75 39960000 8.59168 0.0168551 -3.0363 0.00683488 14.0199 0.0430763 406.381 2.16082 0.00107392 0.00144169 0.0011904 0.00147056 0.43218 0.00075425 0.252353 0.000706822 
6 0.75 40320000 8.59168 0.0168551 -3.0363 0.00683488 14.0199 0.0427626 406.381 2.14363 0.00107392 0.00144169 0.0011904 0.00146131 0.43218 0.000749688 0.252353 0.000701881 
6 0.75 40680000 8.59168 0.0168551 -3.0363 0.00683488 14.0199 0.0425641 406.381 2.13289 0.00107392 0.00144169 0.0011904 0.00145467 0.43218 0.000748923 0.252353 0.000700262 
6 0.75 41040000 8.59168 0.0168551 -3.0363 0.00683488 14.0199 0.0423334 406.381 2.12516 0.00107392 0.00144169 0.0011904 0.00144932 0.43218 0.000744407 0.252353 0.00069611 
6 0.75 41400000 8.59546 0.0168462 -3.03611 0.00684288 14.024 0.0421986 406.628 2.11753 0.000662792 0.0013961 0.00109307 0.00144406 0.432329 0.000741207 0.252434 0.000691867 
6 0.75 41760000 8.59546 0.0168462 -3.03611 0.00684288 14.024 0.0419839 406.628 2.10515 0.000662792 0.0013961 0.00109307 0.00144505 0.432329 0.000736576 0.252434 0.000686249 
6 0.75 42120000 8.59546 0.0168462 -3.03611 0.00684288 14.024 0.042003 406.628 2.09851 0.000662792 0.0013961 0.00109307 0.00144105 0.432329 0.000738278 0.252434 0.000681894 
6 0.75 42480000 8.59546 0.0168462 -3.03611 0.00684288 14.024 0.0417516 406.628 2.08402 0.000662792 0.0013961 0.00109307 0.00143758 0.432329 0.000734292 0.252434 0.000678404 
6 0.75 42840000 8.59546 0.0168462 -3.03611 0.00660882 14.024 0.0416362 406.628 2.07528 0.000662792 0.0013961 0.00109307 0.00144598 0.432329 0.000731254 0.252434 0.000674839 
6 0.75 43200000 8.59546 0.0168462 -3.03611 0.00660882 14.024 0.0413581 406.628 2.06361 0.000662792 0.0013961 0.00109307 0.00143809 0.432329 0.000726035 0.252434 0.000669606 
6 0.75 43560000 8.59546 0.0168462 -3.03611 0.00660882 14.024 0.0412108 406.628 2.05419 0.000662792 0.0013961 0.00109307 0.00144313 0.432329 0.000723261 0.252434 0.000669424 
6 0.75 43920000 8.59546 0.0168462 -3.03611 0.00660882 14.024 0.0409519 406.628 2.04316 0.000662792 0.0013961 0.00109307 0.00143394 0.432329 0.000718602 0.252434 0.000665048 
6 0.75 44280000 8.59189 0.0168462 -3.03668 0.006401 14.0335 0.0408449 407.145 2.03894 0.000452826 0.00131872 0.000889615 0.0014222 0.432515 0.000718284 0.252682 0.000662417 
6 0.75 44640000 8.59189 0.0168462 -3.03668 0.006401 14.0335 0.0407457 407.145 2.03163 0.000452826 0.00131872 0.000889615 0.0014178 0.432515 0.000717332 0.252682 0.000661941 
6 0.75 45000000 8.59189 0.0168462 -3.03668 0.006401 14.0335 0.0404743 407.145 2.01944 0.000452826 0.00131872 0.000889615 0.00140782 0.432515 0.000713165 0.252682 0.00065808 
6 0.75 45360000 8.59189 0.0168462 -3.03668 0.006401 14.0335 0.04044 407.145 2.01839 0.000452826 0.00131872 0.000889615 0.00140327 0.432515 0.000710755 0.252682 0.000655979 
6 0.75 45720000 8.59189 0.0168462 -3.03668 0.006401 14.0335 0.0402806 407.145 2.01135 0.000452826 0.00131872 0.000889615 0.00139855 0.432515 0.000706871 0.252682 0.000652621 
6 0.75 46080000 8.59189 0.0168462 -3.03668 0.00628217 14.0335 0.0403464 407.145 2.01016 0.000452826 0.00131872 0.000889615 0.00138972 0.432515 0.00070747 0.252682 0.000653439 
6 0.75 46440000 8.59189 0.0168462 -3.03668 0.00628217 14.0335 0.0389008 407.145 1.97533 0.000452826 0.00131872 0.000889615 0.00138924 0.432515 0.000690294 0.252682 0.000647325 
6 0.75 46800000 8.59189 0.0168462 -3.03668 0.00628217 14.0335 0.0387766 407.145 1.9662 0.000452826 0.00131872 0.000889615 0.0013832 0.432515 0.000687346 0.252682 0.000647325 
6 0.75 47160000 8.59189 0.0168462 -3.03668 0.00628217 14.0335 0.0387766 407.145 1.95905 0.000452826 0.00131872 0.000889615 0.0013743 0.432515 0.000687346 0.252682 0.000647325 
6 0.75 47520000 8.59653 0.0147743 -3.03848 0.00612857 14.0475 0.0386089 407.704 1.95863 0.000710639 0.00128631 0.000910153 0.00136791 0.432806 0.000712481 0.252949 0.000679466 
6 0.75 47880000 8.59653 0.0147743 -3.03848 0.00612857 14.0475 0.0383988 407.704 1.94625 0.000710639 0.00128649 0.000910153 0.00136051 0.432806 0.000712481 0.252949 0.000679466 
6 0.75 48240000 8.59653 0.0147743 -3.03848 0.00612857 14.0475 0.0382633 407.704 1.93809 0.000710639 0.00128061 0.000910153 0.00135298 0.432806 0.000712481 0.252949 0.000679466 
6 0.75 48600000 8.59653 0.0147743 -3.03848 0.00612857 14.0475 0.0381724 407.704 1.93526 0.000710639 0.00127716 0.000910153 0.00135268 0.432806 0.000712481 0.252949 0.000679466 
6 0.75 48960000 8.59653 0.0147743 -3.03848 0.0061282 14.0475 0.0380681 407.704 1.93528 0.000710639 0.00127602 0.000910153 0.0013467 0.432806 0.000712481 0.252949 0.000679466 
6 0.75 49320000 8.59653 0.0147743 -3.03848 0.0061282 14.0475 0.0381061 407.704 1.94032 0.000710639 0.00127602 0.000910153 0.00134925 0.432806 0.000712481 0.252949 0.000679466 
6 0.75 49680000 8.59653 0.0147743 -3.03848 0.0061282 14.0475 0.0380511 407.704 1.93263 0.000710639 0.00127602 0.000910153 0.00134142 0.432806 0.000712481 0.252949 0.000679466 
6 0.75 50040000 8.59653 0.0147743 -3.03848 0.0061282 14.0475 0.0380511 407.704 1.92526 0.000710639 0.00127602 0.000910153 0.00133484 0.432806 0.000712481 0.252949 0.000679466 
6 0.75 50400000 8.5955 0.0147743 -3.04259 0.00647434 14.0781 0.0438067 409.209 2.10164 0.000787286 0.00129634 0.000891939 0.00132726 0.43335 0.000839738 0.253501 0.000797113 
6 0.75 50760000 8.5955 0.0147743 -3.04259 0.00647434 14.0781 0.0438067 409.209 2.10164 0.000787286 0.00129634 0.000891939 0.00132586 0.43335 0.000839738 0.253501 0.000797113 
6 0.75 51120000 8.5955 0.0147743 -3.04259 0.00647434 14.0781 0.0438067 409.209 2.10164 0.000787286 0.00129634 0.000891939 0.00131772 0.43335 0.000839738 0.253501 0.000797113 
6 0.75 51480000 8.5955 0.0147743 -3.04259 0.00647434 14.0781 0.0438067 409.209 2.10164 0.000787286 0.00129634 0.000891939 0.00132452 0.43335 0.000839738 0.253501 0.000797113 
6 0.75 51840000 8.5955 0.0147743 -3.04259 0.00633804 14.0781 0.0438067 409.209 2.10164 0.000787286 0.00126985 0.000891939 0.00131596 0.43335 0.000839738 0.253501 0.000797113 
6 0.75 52200000 8.5955 0.0147743 -3.04259 0.00633804 14.0781 0.0438067 409.209 2.10164 0.000787286 0.00126985 0.000891939 0.00131022 0.43335 0.000839738 0.253501 0.000797113 
6 0.75 52560000 8.5955 0.0147743 -3.04259 0.00633804 14.0781 0.0438067 409.209 2.10164 0.000787286 0.00126985 0.000891939 0.00130418 0.43335 0.000839738 0.253501 0.000797113 
6 0.75 52920000 8.5955 0.0147743 -3.04259 0.00633804 14.0781 0.0438067 409.209 2.10164 0.000787286 0.00126985 0.000891939 0.00129779 0.43335 0.000839738 0.253501 0.000797113 
6 0.75 53280000 8.60045 0.0136436 -3.04275 0.00611743 14.0727 0.0417117 409.095 1.98794 0.000307731 0.00127277 0.000902364 0.00128924 0.433484 0.000899373 0.253584 0.000850794 
6 0.75 53640000 8.60045 0.0136436 -3.04275 0.00611743 14.0727 0.0417117 409.095 1.98794 0.000307731 0.00127277 0.000902364 0.00128557 0.433484 0.000899373 0.253584 0.000850794 
6 0.75 54000000 8.60045 0.0136436 -3.04275 0.00611743 14.0727 0.0417117 409.095 1.98794 0.000307731 0.00127277 0.000902364 0.00127896 0.433484 0.000899373 0.253584 0.000850794 
6 0.75 54360000 8.60045 0.0136436 -3.04275 0.00611743 14.0727 0.0417117 409.095 1.98794 0.000307731 0.00127277 0.000902364 0.00127249 0.433484 0.000899373 0.253584 0.000850794 
6 0.75 54720000 8.60045 0.0136436 -3.04275 0.00599226 14.0727 0.0417117 409.095 1.98794 0.000307731 0.00124827 0.000902364 0.00126488 0.433484 0.000899373 0.253584 0.000850794 
6 0.75 55080000 8.60045 0.0136436 -3.04275 0.00599226 14.0727 0.0417117 409.095 1.98794 0.000307731 0.00124827 0.000902364 0.00126402 0.433484 0.000899373 0.253584 0.000850794 
6 0.75 55440000 8.60045 0.0136436 -3.04275 0.00599226 14.0727 0.0417117 409.095 1.98794 0.000307731 0.00124827 0.000902364 0.0012608 0.433484 0.000899373 0.253584 0.000850794 
6 0.75 55800000 8.60045 0.0136436 -3.04275 0.00599226 14.0727 0.0417117 409.095 1.98794 0.000307731 0.00124827 0.000902364 0.00125498 0.433484 0.000899373 0.253584 0.000850794 
6 0.75 56160000 8.59557 0.0136436 -3.04226 0.00583815 14.0695 0.0398862 408.92 1.94963 8.08019e-05 0.00127369 0.00120777 0.00125006 0.433481 0.000899373 0.253546 0.000850794 
6 0.75 56520000 8.59557 0.0136436 -3.04226 0.00583815 14.0695 0.0398862 408.92 1.94963 8.08019e-05 0.00127369 0.00120777 0.00124519 0.433481 0.000899373 0.253546 0.000850794 
6 0.75 56880000 8.59557 0.0136436 -3.04226 0.00583815 14.0695 0.0398862 408.92 1.94963 8.08019e-05 0.00127369 0.00120777 0.00124287 0.433481 0.000899373 0.253546 0.000850794 
6 0.75 57240000 8.59557 0.0136436 -3.04226 0.00583815 14.0695 0.0398862 408.92 1.94963 8.08019e-05 0.00127369 0.00120777 0.00123594 0.433481 0.000899373 0.253546 0.000850794 
6 0.75 57600000 8.59557 0.0136436 -3.04226 0.00569332 14.0695 0.0398862 408.92 1.94963 8.08019e-05 0.00125439 0.00120777 0.00122995 0.433481 0.000899373 0.253546 0.000850794 
6 0.75 57960000 8.59557 0.0136436 -3.04226 0.00569332 14.0695 0.0398862 408.92 1.94963 8.08019e-05 0.00125439 0.00120777 0.00122616 0.433481 0.000899373 0.253546 0.000850794 
6 0.75 58320000 8.59557 0.0136436 -3.04226 0.00569332 14.0695 0.0398862 408.92 1.94963 8.08019e-05 0.00125439 0.00120777 0.00122112 0.433481 0.000899373 0.253546 0.000850794 
6 0.75 58680000 8.59557 0.0136436 -3.04226 0.00569332 14.0695 0.0398862 408.92 1.94963 8.08019e-05 0.00125439 0.00120777 0.00121869 0.433481 0.000899373 0.253546 0.000850794 
6 0.75 59040000 8.59202 0.0146559 -3.04187 0.00559248 14.0634 0.0381145 408.646 1.81622 -7.21154e-05 0.00122344 0.000838499 0.00121456 0.433383 0.000826152 0.253463 0.000774385 
6 0.75 59400000 8.59202 0.0146559 -3.04187 0.00559248 14.0634 0.0381145 408.646 1.81622 -7.21154e-05 0.00122344 0.000838499 0.00120774 0.433383 0.000826152 0.253463 0.000774385 
6 0.75 59760000 8.59202 0.0146559 -3.04187 0.00559248 14.0634 0.0381145 408.646 1.81622 -7.21154e-05 0.00122344 0.000838499 0.00120404 0.433383 0.000826152 0.253463 0.000774385 
6 0.75 60120000 8.59202 0.0146559 -3.04187 0.00559248 14.0634 0.0381145 408.646 1.81622 -7.21154e-05 0.00122344 0.000838499 0.00119957 0.433383 0.000826152 0.253463 0.000774385 
6 0.75 60480000 8.59202 0.0146559 -3.04187 0.00559248 14.0634 0.0381145 408.646 1.81622 -7.21154e-05 0.00122344 0.000838499 0.00119461 0.433383 0.000826152 0.253463 0.000774385 
6 0.75 60840000 8.59202 0.0146559 -3.04187 0.00559248 14.0634 0.0381145 408.646 1.81622 -7.21154e-05 0.00119378 0.000838499 0.00120089 0.433383 0.000826152 0.253463 0.000774385 
6 0.75 61200000 8.59202 0.0146559 -3.04187 0.00559248 14.0634 0.0381145 408.646 1.81622 -7.21154e-05 0.00119378 0.000838499 0.00119422 0.433383 0.000826152 0.253463 0.000774385 
6 0.75 61560000 8.59202 0.0146559 -3.04187 0.00559248 14.0634 0.0381145 408.646 1.81622 -7.21154e-05 0.00119378 0.000838499 0.00119118 0.433383 0.000826152 0.253463 0.000774385 
6 0.75 61920000 8.59202 0.0146559 -3.04187 0.00559248 14.0634 0.0381145 408.646 1.81622 -7.21154e-05 0.00119378 0.000838499 0.0011857 0.433383 0.000826152 0.253463 0.000774385 
6 0.75 62280000 8.59202 0.0146559 -3.04187 0.00559248 14.0634 0.0379883 408.646 1.80573 -7.21154e-05 0.00116783 0.000838499 0.00118092 0.433383 0.000826152 0.253463 0.000774385 
6 0.75 62640000 8.59202 0.0146559 -3.04187 0.00559248 14.0634 0.0379883 408.646 1.80573 -7.21154e-05 0.00116783 0.000838499 0.00117458 0.433383 0.000826152 0.253463 0.000774385 
6 0.75 63000000 8.59202 0.0146559 -3.04187 0.00559248 14.0634 0.0379883 408.646 1.80573 -7.21154e-05 0.00116783 0.000838499 0.00117384 0.433383 0.000826152 0.253463 0.000774385 
6 0.75 63360000 8.59202 0.0146559 -3.04187 0.00559248 14.0634 0.0379883 408.646 1.80573 -7.21154e-05 0.00116783 0.000838499 0.00116782 0.433383 0.000826152 0.253463 0.000774385 
6 0.75 63720000 8.59202 0.0146559 -3.04187 0.00559248 14.0634 0.0379883 408.646 1.80573 -7.21154e-05 0.00115368 0.000838499 0.00116536 0.433383 0.000826152 0.253463 0.000774385 
6 0.75 64080000 8.59202 0.0146559 -3.04187 0.00559248 14.0634 0.0379883 408.646 1.80573 -7.21154e-05 0.00115368 0.000838499 0.00116742 0.433383 0.000826152 0.253463 0.000774385 
6 0.75 64440000 8.59202 0.0146559 -3.04187 0.00559248 14.0634 0.0379883 408.646 1.80573 -7.21154e-05 0.00115368 0.000838499 0.00116151 0.433383 0.000826152 0.253463 0.000774385 
6 0.75 64800000 8.59202 0.0146559 -3.04187 0.00559248 14.0634 0.0379883 408.646 1.80573 -7.21154e-05 0.00115368 0.000838499 0.00115524 0.433383 0.000826152 0.253463 0.000774385 
6 0.75 65160000 8.5854 0.0147397 -3.04324 0.00559248 14.0743 0.0379883 409.285 1.75956 -4.47893e-05 0.00112851 0.00117021 0.00115467 0.433586 0.000826152 0.253636 0.000749221 
6 0.75 65520000 8.5854 0.0147397 -3.04324 0.00559248 14.0743 0.0379883 409.285 1.75956 -4.47893e-05 0.00112851 0.00117021 0.00114889 0.433586 0.000826152 0.253636 0.000749221 
6 0.75 65880000 8.5854 0.0147397 -3.04324 0.00559248 14.0743 0.0379883 409.285 1.75956 -4.47893e-05 0.00112851 0.00117021 0.00114648 0.433586 0.000826152 0.253636 0.000749221 
6 0.75 66240000 8.5854 0.0147397 -3.04324 0.00559248 14.0743 0.0379883 409.285 1.75956 -4.47893e-05 0.00112851 0.00117021 0.00114141 0.433586 0.000826152 0.253636 0.000749221 
6 0.75 66600000 8.5854 0.0147397 -3.04324 0.00559248 14.0743 0.0379883 409.285 1.75956 -4.47893e-05 0.00111093 0.00117021 0.00113839 0.433586 0.000826152 0.253636 0.000749221 
6 0.75 66960000 8.5854 0.0147397 -3.04324 0.00559248 14.0743 0.0379883 409.285 1.75956 -4.47893e-05 0.00111093 0.00117021 0.00113396 0.433586 0.000826152 0.253636 0.000749221 
6 0.75 67320000 8.5854 0.0147397 -3.04324 0.00559248 14.0743 0.0379883 409.285 1.75956 -4.47893e-05 0.00111093 0.00117021 0.00113303 0.433586 0.000826152 0.253636 0.000749221 
6 0.75 67680000 8.5854 0.0147397 -3.04324 0.00559248 14.0743 0.0379883 409.285 1.75956 -4.47893e-05 0.00111093 0.00117021 0.00112905 0.433586 0.000826152 0.253636 0.000749221 
6 0.75 68040000 8.5854 0.0147397 -3.04324 0.00559248 14.0743 0.0379883 409.285 1.75956 -4.47893e-05 0.00110273 0.00117021 0.00112413 0.433586 0.000826152 0.253636 0.000749221 
6 0.75 68400000 8.5854 0.0147397 -3.04324 0.00559248 14.0743 0.0379883 409.285 1.75956 -4.47893e-05 0.00110273 0.00117021 0.00112227 0.433586 0.000826152 0.253636 0.000749221 
6 0.75 68760000 8.5854 0.0147397 -3.04324 0.00559248 14.0743 0.0379883 409.285 1.75956 -4.47893e-05 0.00110273 0.00117021 0.00111981 0.433586 0.000826152 0.253636 0.000749221 
6 0.75 69120000 8.5854 0.0147397 -3.04324 0.00559248 14.0743 0.0379883 409.285 1.75956 -4.47893e-05 0.00110273 0.00117021 0.00111687 0.433586 0.000826152 0.253636 0.000749221 
6 0.75 69480000 8.5854 0.0147397 -3.04324 0.00559248 14.0743 0.0379883 409.285 1.75956 -4.47893e-05 0.00111893 0.00117021 0.00111135 0.433586 0.000826152 0.253636 0.000749221 
6 0.75 69840000 8.5854 0.0147397 -3.04324 0.00559248 14.0743 0.0379883 409.285 1.75956 -4.47893e-05 0.00111893 0.00117021 0.00111123 0.433586 0.000826152 0.253636 0.000749221 
6 0.75 70200000 8.5854 0.0147397 -3.04324 0.00559248 14.0743 0.0379883 409.285 1.75956 -4.47893e-05 0.00111893 0.00117021 0.00110783 0.433586 0.000826152 0.253636 0.000749221 
6 0.75 70560000 8.5854 0.0147397 -3.04324 0.00559248 14.0743 0.0379883 409.285 1.75956 -4.47893e-05 0.00111893 0.00117021 0.00110742 0.433586 0.000826152 0.253636 0.000749221 
6 0.75 70920000 8.58724 0.0136251 -3.04242 0.00493185 14.0743 0.033274 409.425 1.62991 0.00073298 0.00110701 0.00110029 0.0011036 0.433631 0.000724793 0.253674 0.00066386 
6 0.75 71280000 8.58724 0.0136251 -3.04242 0.00493185 14.0743 0.033274 409.425 1.62991 0.00073298 0.00110701 0.00110029 0.00109868 0.433631 0.000724793 0.253674 0.00066386 
6 0.75 71640000 8.58724 0.0136251 -3.04242 0.00493185 14.0743 0.033274 409.425 1.62991 0.00073298 0.00110701 0.00110029 0.00109521 0.433631 0.000724793 0.253674 0.00066386 
6 0.75 72000000 8.58724 0.0136251 -3.04242 0.00493185 14.0743 0.033274 409.425 1.62991 0.00073298 0.00110701 0.00110029 0.00109065 0.433631 0.000724793 0.253674 0.00066386 
6 0.75 72360000 8.58724 0.0136251 -3.04242 0.00483936 14.0743 0.033274 409.425 1.62991 0.00073298 0.00113262 0.00110029 0.00109057 0.433631 0.000724793 0.253674 0.00066386 
6 0.75 72720000 8.58724 0.0136251 -3.04242 0.00483936 14.0743 0.033274 409.425 1.62991 0.00073298 0.00113262 0.00110029 0.00108563 0.433631 0.000724793 0.253674 0.00066386 
6 0.75 73080000 8.58724 0.0136251 -3.04242 0.00483936 14.0743 0.033274 409.425 1.62991 0.00073298 0.00113262 0.00110029 0.00108157 0.433631 0.000724793 0.253674 0.00066386 
6 0.75 73440000 8.58724 0.0136251 -3.04242 0.00483936 14.0743 0.033274 409.425 1.62991 0.00073298 0.00113262 0.00110029 0.00107799 0.433631 0.000724793 0.253674 0.00066386 
6 0.75 73800000 8.58724 0.0136251 -3.04242 0.00474423 14.0743 0.0331625 409.425 1.62991 0.00073298 0.00116056 0.00110029 0.0010754 0.433631 0.000724793 0.253674 0.00066386 
6 0.75 74160000 8.58724 0.0136251 -3.04242 0.00474423 14.0743 0.0331625 409.425 1.62991 0.00073298 0.00116056 0.00110029 0.00107134 0.433631 0.000724793 0.253674 0.00066386 
6 0.75 74520000 8.58724 0.0136251 -3.04242 0.00474423 14.0743 0.0331625 409.425 1.62991 0.00073298 0.00116056 0.00110029 0.00106957 0.433631 0.000724793 0.253674 0.00066386 
6 0.75 74880000 8.58724 0.0136251 -3.04242 0.00474423 14.0743 0.0331625 409.425 1.62991 0.00073298 0.00116056 0.00110029 0.00106599 0.433631 0.000724793 0.253674 0.00066386 
6 0.75 75240000 8.58724 0.0136251 -3.04242 0.00478829 14.0743 0.0331625 409.425 1.62991 0.00073298 0.00116056 0.00110029 0.0010613 0.433631 0.000724793 0.253674 0.00066386 
6 0.75 75600000 8.58724 0.0136251 -3.04242 0.00478829 14.0743 0.0331625 409.425 1.62991 0.00073298 0.00116056 0.00110029 0.00105798 0.433631 0.000724793 0.253674 0.00066386 
6 0.75 75960000 8.58724 0.0136251 -3.04242 0.00478829 14.0743 0.0331625 409.425 1.62991 0.00073298 0.00116056 0.00110029 0.00105437 0.433631 0.000724793 0.253674 0.00066386 
6 0.75 76320000 8.58724 0.0136251 -3.04242 0.00478829 14.0743 0.0331625 409.425 1.62991 0.00073298 0.00116056 0.00110029 0.00105218 0.433631 0.000724793 0.253674 0.00066386 
6 0.75 76680000 8.58724 0.0136251 -3.04242 0.00478829 14.0743 0.0331625 409.425 1.62991 0.00073298 0.00116056 0.00110029 0.00104718 0.433631 0.000724793 0.253674 0.00066386 
6 0.75 77040000 8.58605 0.0126288 -3.04101 0.00469735 14.0667 0.0331625 409.058 1.62991 0.000118621 0.00113232 0.000830286 0.00104302 0.433425 0.000724793 0.25349 0.000653433 
6 0.75 77400000 8.58605 0.0126288 -3.04101 0.00469735 14.0667 0.0331625 409.058 1.62991 0.000118621 0.00113232 0.000830286 0.00104001 0.433425 0.000724793 0.25349 0.000653433 
6 0.75 77760000 8.58605 0.0126288 -3.04101 0.00469735 14.0667 0.0331625 409.058 1.62991 0.000118621 0.00113232 0.000830286 0.00103704 0.433425 0.000724793 0.25349 0.000653433 
6 0.75 78120000 8.58605 0.0126288 -3.04101 0.00469735 14.0667 0.0331625 409.058 1.62991 0.000118621 0.00113232 0.000830286 0.00103976 0.433425 0.000724793 0.25349 0.000653433 
6 0.75 78480000 8.58605 0.0126288 -3.04101 0.0046872 14.0667 0.0331625 409.058 1.62991 0.000118621 0.00113232 0.000830286 0.00103569 0.433425 0.000724793 0.25349 0.000653433 
6 0.75 78840000 8.58605 0.0126288 -3.04101 0.0046872 14.0667 0.0331625 409.058 1.62991 0.000118621 0.00113232 0.000830286 0.00103484 0.433425 0.000724793 0.25349 0.000653433 
6 0.75 79200000 8.58605 0.0126288 -3.04101 0.0046872 14.0667 0.0331625 409.058 1.62991 0.000118621 0.00113232 0.000830286 0.00103171 0.433425 0.000724793 0.25349 0.000653433 
6 0.75 79560000 8.58605 0.0126288 -3.04101 0.0046872 14.0667 0.0331625 409.058 1.62991 0.000118621 0.00113232 0.000830286 0.00102934 0.433425 0.000724793 0.25349 0.000653433 
6 0.75 79920000 8.58605 0.0126288 -3.04101 0.0046872 14.0667 0.0331625 409.058 1.62991 0.000118621 0.00113232 0.000830286 0.00102531 0.433425 0.000724793 0.25349 0.000653433 
6 0.75 80280000 8.58605 0.0126288 -3.04101 0.0046872 14.0667 0.0331625 409.058 1.62991 0.000118621 0.00113232 0.000830286 0.00102103 0.433425 0.000724793 0.25349 0.000653433 
6 0.75 80640000 8.58605 0.0126288 -3.04101 0.0046872 14.0667 0.0331625 409.058 1.62991 0.000118621 0.00113232 0.000830286 0.00101794 0.433425 0.000724793 0.25349 0.000653433 
6 0.75 81000000 8.58605 0.0126288 -3.04101 0.0046872 14.0667 0.0331625 409.058 1.62991 0.000118621 0.00113232 0.000830286 0.00101631 0.433425 0.000724793 0.25349 0.000653433 
6 0.75 81360000 8.58605 0.0126288 -3.04101 0.0046872 14.0667 0.0331625 409.058 1.62991 0.000118621 0.00113232 0.000830286 0.00101283 0.433425 0.000724793 0.25349 0.000653433 
6 0.75 81720000 8.58605 0.0126288 -3.04101 0.0046872 14.0667 0.0331625 409.058 1.62991 0.000118621 0.00113232 0.000830286 0.00100965 0.433425 0.000724793 0.25349 0.000653433 
6 0.75 82080000 8.58605 0.0126288 -3.04101 0.0046872 14.0667 0.0331625 409.058 1.62991 0.000118621 0.00113232 0.000830286 0.00101102 0.433425 0.000724793 0.25349 0.000653433 
6 0.75 82440000 8.58605 0.0126288 -3.04101 0.0046872 14.0667 0.0331625 409.058 1.62991 0.000118621 0.00113232 0.000830286 0.00100779 0.433425 0.000724793 0.25349 0.000653433 
6 0.75 82800000 8.58498 0.0117721 -3.03923 0.00498956 14.0596 0.0314804 408.927 1.4979 0.000116173 0.00106661 0.000902744 0.00100441 0.433212 0.000732426 0.253335 0.000642035 
6 0.75 83160000 8.58498 0.0117721 -3.03923 0.00498956 14.0596 0.0314804 408.927 1.49338 0.000116173 0.00106661 0.000902744 0.00100122 0.433212 0.000732426 0.253335 0.000642035 
6 0.75 83520000 8.58498 0.0117721 -3.03923 0.00498956 14.0596 0.0314804 408.927 1.48791 0.000116173 0.00106661 0.000902744 0.00100271 0.433212 0.000732426 0.253335 0.000642035 
6 0.75 83880000 8.58498 0.0117721 -3.03923 0.00498956 14.0596 0.0314804 408.927 1.48719 0.000116173 0.00106661 0.000902744 0.000998726 0.433212 0.000732426 0.253335 0.000642035 
6 0.75 84240000 8.58498 0.0117721 -3.03923 0.00498956 14.0596 0.0314804 408.927 1.48497 0.000116173 0.00106661 0.000902744 0.000999037 0.433212 0.000732426 0.253335 0.000642035 
6 0.75 84600000 8.58498 0.0117721 -3.03923 0.00498956 14.0596 0.0314804 408.927 1.48084 0.000116173 0.00106661 0.000902744 0.000996561 0.433212 0.000732426 0.253335 0.000642035 
6 0.75 84960000 8.58498 0.0117721 -3.03923 0.00498956 14.0596 0.0314804 408.927 1.47508 0.000116173 0.00106661 0.000902744 0.000993527 0.433212 0.000732426 0.253335 0.000642035 
6 0.75 85320000 8.58498 0.0117721 -3.03923 0.00498956 14.0596 0.0314804 408.927 1.47837 0.000116173 0.00106661 0.000902744 0.000994344 0.433212 0.000732426 0.253335 0.000642035 
6 0.75 85680000 8.58498 0.0117721 -3.03923 0.00498956 14.0596 0.0314804 408.927 1.47295 0.000116173 0.00105144 0.000902744 0.000991791 0.433212 0.000732426 0.253335 0.000642035 
6 0.75 86040000 8.58498 0.0117721 -3.03923 0.00498956 14.0596 0.0314804 408.927 1.47141 0.000116173 0.00105144 0.000902744 0.000992462 0.433212 0.000732426 0.253335 0.000642035 
6 0.75 86400000 8.58498 0.0117721 -3.03923 0.00498956 14.0596 0.0314804 408.927 1.47141 0.000116173 0.00105144 0.000902744 0.000989333 0.433212 0.000732426 0.253335 0.000642035 
6 0.75 86760000 8.58498 0.0117721 -3.03923 0.00498956 14.0596 0.0314804 408.927 1.47141 0.000116173 0.00105144 0.000902744 0.000988642 0.433212 0.000732426 0.253335 0.000642035 
6 0.75 87120000 8.58498 0.0117721 -3.03923 0.00498956 14.0596 0.0314804 408.927 1.47141 0.000116173 0.00105144 0.000902744 0.000987523 0.433212 0.000732426 0.253335 0.000642035 
6 0.75 87480000 8.58498 0.0117721 -3.03923 0.00498956 14.0596 0.0314804 408.927 1.47141 0.000116173 0.00105144 0.000902744 0.000987077 0.433212 0.000732426 0.253335 0.000642035 
6 0.75 87840000 8.58498 0.0117721 -3.03923 0.00498956 14.0596 0.0314804 408.927 1.47141 0.000116173 0.00105144 0.000902744 0.000984354 0.433212 0.000732426 0.253335 0.000642035 
6 0.75 88200000 8.58498 0.0117721 -3.03923 0.00498956 14.0596 0.0314804 408.927 1.47141 0.000116173 0.00105144 0.000902744 0.000981061 0.433212 0.000732426 0.253335 0.000642035 
6 0.75 88560000 8.58503 0.0109874 -3.03944 0.00498956 14.0662 0.0314804 409.25 1.47141 0.000244205 0.00105124 0.000485617 0.00097945 0.433271 0.000732426 0.253422 0.000642035 
6 0.75 88920000 8.58503 0.0109874 -3.03944 0.00498956 14.0662 0.0314804 409.25 1.47141 0.000244205 0.00105124 0.000485617 0.000975556 0.433271 0.000732426 0.253422 0.000642035 
6 0.75 89280000 8.58503 0.0109874 -3.03944 0.00498956 14.0662 0.0314804 409.25 1.47141 0.000244205 0.00105124 0.000485617 0.000972796 0.433271 0.000732426 0.253422 0.000642035 
6 0.75 89640000 8.58503 0.0109874 -3.03944 0.00498956 14.0662 0.0314804 409.25 1.47141 0.000244205 0.00105124 0.000485617 0.00097244 0.433271 0.000732426 0.253422 0.000642035 
6 0.75 90000000 8.58503 0.0109874 -3.03944 0.00498956 14.0662 0.0314804 409.25 1.47141 0.000244205 0.00105124 0.000485617 0.00097066 0.433271 0.000732426 0.253422 0.000642035 
6 0.75 90360000 8.58503 0.0109874 -3.03944 0.00498956 14.0662 0.0314804 409.25 1.47141 0.000244205 0.00105124 0.000485617 0.000970183 0.433271 0.000732426 0.253422 0.000642035 
6 0.75 90720000 8.58503 0.0109874 -3.03944 0.00498956 14.0662 0.0314804 409.25 1.47141 0.000244205 0.00105124 0.000485617 0.000968707 0.433271 0.000732426 0.253422 0.000642035 
6 0.75 91080000 8.58503 0.0109874 -3.03944 0.00498956 14.0662 0.0314804 409.25 1.47141 0.000244205 0.00105124 0.000485617 0.000965423 0.433271 0.000732426 0.253422 0.000642035 
6 0.75 91440000 8.58503 0.0109874 -3.03944 0.00498956 14.0662 0.0314804 409.25 1.47141 0.000244205 0.00105124 0.000485617 0.00096221 0.433271 0.000732426 0.253422 0.000642035 
6 0.75 91800000 8.58503 0.0109874 -3.03944 0.00498956 14.0662 0.031581 409.25 1.52261 0.000244205 0.00105124 0.000485617 0.000958932 0.433271 0.000732426 0.253422 0.000642035 
6 0.75 92160000 8.58503 0.0109874 -3.03944 0.00498956 14.0662 0.031581 409.25 1.52261 0.000244205 0.00105124 0.000485617 0.000957744 0.433271 0.000732426 0.253422 0.000642035 
6 0.75 92520000 8.58503 0.0109874 -3.03944 0.00498956 14.0662 0.031581 409.25 1.52261 0.000244205 0.00105124 0.000485617 0.00093253 0.433271 0.000732426 0.253422 0.000642035 
6 0.75 92880000 8.58503 0.0109874 -3.03944 0.00498956 14.0662 0.031581 409.25 1.52261 0.000244205 0.00105124 0.000485617 0.000928861 0.433271 0.000732426 0.253422 0.000642035 
6 0.75 93240000 8.58503 0.0109874 -3.03944 0.00498956 14.0662 0.031581 409.25 1.52261 0.000244205 0.00105124 0.000485617 0.000925953 0.433271 0.000732426 0.253422 0.000642035 
6 0.75 93600000 8.58503 0.0109874 -3.03944 0.00498956 14.0662 0.031581 409.25 1.52261 0.000244205 0.00105124 0.000485617 0.000923232 0.433271 0.000732426 0.253422 0.000642035 
6 0.75 93960000 8.58503 0.0109874 -3.03944 0.00498956 14.0662 0.031581 409.25 1.52261 0.000244205 0.00105124 0.000485617 0.000926018 0.433271 0.000732426 0.253422 0.000642035 
6 0.75 94320000 8.58503 0.0109874 -3.03944 0.00498956 14.0662 0.031581 409.25 1.52261 0.000244205 0.00105124 0.000485617 0.000923243 0.433271 0.000732426 0.253422 0.000642035 
6 0.75 94680000 8.5882 0.0107482 -3.03652 0.0050453 14.0458 0.0328525 408.331 1.55976 0.000162966 0.000969584 0.000332214 0.00091985 0.432877 0.000713549 0.253037 0.000655875 
6 0.75 95040000 8.5882 0.0107482 -3.03652 0.0050453 14.0458 0.0328525 408.331 1.55976 0.000162966 0.000969584 0.000332214 0.000916551 0.432877 0.000713549 0.253037 0.000655875 
6 0.75 95400000 8.5882 0.0107482 -3.03652 0.0050453 14.0458 0.0328525 408.331 1.55976 0.000162966 0.000969584 0.000332214 0.000913997 0.432877 0.000713549 0.253037 0.000655875 
6 0.75 95760000 8.5882 0.0107482 -3.03652 0.0050453 14.0458 0.0328525 408.331 1.55976 0.000162966 0.000969584 0.000332214 0.000912176 0.432877 0.000713549 0.253037 0.000655875 
6 0.75 96120000 8.5882 0.0107482 -3.03652 0.0050453 14.0458 0.0328525 408.331 1.55976 0.000162966 0.000969584 0.000332214 0.00091015 0.432877 0.000713549 0.253037 0.000655875 
6 0.75 96480000 8.5882 0.0107482 -3.03652 0.0050453 14.0458 0.0328525 408.331 1.55976 0.000162966 0.000969584 0.000332214 0.000907847 0.432877 0.000713549 0.253037 0.000655875 
6 0.75 96840000 8.5882 0.0107482 -3.03652 0.0050453 14.0458 0.0328525 408.331 1.55976 0.000162966 0.000969584 0.000332214 0.000905504 0.432877 0.000713549 0.253037 0.000655875 
6 0.75 97200000 8.5882 0.0107482 -3.03652 0.0050453 14.0458 0.0328525 408.331 1.55976 0.000162966 0.000969584 0.000332214 0.000904011 0.432877 0.000713549 0.253037 0.000655875 
6 0.75 97560000 8.5882 0.0107482 -3.03652 0.0050453 14.0458 0.0328525 408.331 1.55976 0.000162966 0.000945994 0.000332214 0.000903214 0.432877 0.000713549 0.253037 0.000655875 
6 0.75 97920000 8.5882 0.0107482 -3.03652 0.0050453 14.0458 0.0328525 408.331 1.55976 0.000162966 0.000945994 0.000332214 0.000901023 0.432877 0.000713549 0.253037 0.000655875 
6 0.75 98280000 8.5882 0.0107482 -3.03652 0.0050453 14.0458 0.0328525 408.331 1.55976 0.000162966 0.000945994 0.000332214 0.000903282 0.432877 0.000713549 0.253037 0.000655875 
6 0.75 98640000 8.5882 0.0107482 -3.03652 0.0050453 14.0458 0.0328525 408.331 1.55976 0.000162966 0.000945994 0.000332214 0.000901659 0.432877 0.000713549 0.253037 0.000655875 
6 0.75 99000000 8.5882 0.0107482 -3.03652 0.0050453 14.0458 0.0328525 408.331 1.55976 0.000162966 0.000945994 0.000332214 0.000898462 0.432877 0.000713549 0.253037 0.000655875 
6 0.75 99360000 8.5882 0.0107482 -3.03652 0.0050453 14.0458 0.0328525 408.331 1.55976 0.000162966 0.000945994 0.000332214 0.000895151 0.432877 0.000713549 0.253037 0.000655875 
6 0.75 99720000 8.5882 0.0107482 -3.03652 0.0050453 14.0458 0.0328525 408.331 1.55976 0.000162966 0.000945994 0.000332214 0.000892014 0.432877 0.000713549 0.253037 0.000655875 
