L J MC_steps R2 R2_std E E_std E2 E2_std E4 E4_std Sin1 Sin1_std Cos1 Cos1_std Mag2 Mag2_std Mag4 Mag4_std
6 1.5 360000 5.3125 0.14917 -6.08998 0.0581889 39.6381 0.634183 1878.16 50.2206 0.012983 0.0302629 0.0248499 0.0408134 0.750394 0.0071392 0.59706 0.00902487 
6 1.5 720000 5.1808 0.0992667 -6.08712 0.0384113 39.5538 0.421367 1868.81 33.5429 0.0391984 0.020883 -0.000262938 0.0257122 0.749108 0.00451399 0.593675 0.00573309 
6 1.5 1080000 5.30398 0.130347 -6.0407 0.036099 39.0412 0.372771 1831.27 26.3726 0.00460599 0.0202293 -0.00601882 0.0201948 0.745091 0.00356475 0.588277 0.00454248 
6 1.5 1440000 5.33229 0.0994611 -6.02813 0.0337342 38.8673 0.375603 1817.54 27.5068 0.000306348 0.0156451 0.0059711 0.0180179 0.744786 0.00306859 0.587353 0.00410722 
6 1.5 1800000 5.38898 0.0851619 -6.0141 0.0289236 38.7066 0.318407 1804.76 23.4902 -0.00254986 0.01376 0.00249163 0.0163104 0.744549 0.00273613 0.587239 0.00348954 
6 1.5 2160000 5.4723 0.123416 -5.98296 0.0340329 38.3403 0.391491 1775.32 30.0523 0.00813374 0.0154004 0.0035761 0.0146832 0.741349 0.00284158 0.583135 0.00385294 
6 1.5 2520000 5.54387 0.117211 -5.97139 0.0357763 38.2209 0.409234 1767.34 31.9316 0.00757197 0.0152932 -0.00326579 0.0135895 0.741001 0.00291303 0.58282 0.0038714 
6 1.5 2880000 5.51823 0.108215 -5.98075 0.030789 38.3174 0.352105 1773.83 27.3844 0.00498046 0.0131931 -0.00436624 0.0121815 0.741619 0.00249718 0.583505 0.00331836 
6 1.5 3240000 5.54733 0.0946938 -5.98231 0.0287063 38.3231 0.319993 1773.96 24.2988 0.00457184 0.0116805 -0.000592855 0.011482 0.741801 0.00234562 0.583758 0.00306344 
6 1.5 3600000 5.56209 0.0862514 -5.97322 0.0260322 38.2397 0.288531 1768.42 21.7285 0.00206722 0.010472 -0.00611872 0.0107282 0.741167 0.00214577 0.583182 0.00276928 
6 1.5 3960000 5.55703 0.0983218 -5.97587 0.0299881 38.2743 0.339586 1771.81 26.3471 -0.000620807 0.0132814 -0.00681037 0.0101603 0.741489 0.00234358 0.58363 0.00295626 
6 1.5 4320000 5.53871 0.0983218 -5.97843 0.0299881 38.2947 0.339586 1772.41 26.3471 7.65337e-05 0.0132814 -0.00071085 0.0104238 0.741203 0.00234358 0.583188 0.00295626 
6 1.5 4680000 5.56641 0.0823806 -5.96452 0.0270514 38.1368 0.309587 1760.01 24.455 -0.000337083 0.0110708 -0.0015204 0.00970334 0.739925 0.00241927 0.581541 0.0031152 
6 1.5 5040000 5.55769 0.0823806 -5.97116 0.0270514 38.1991 0.309587 1763.64 24.455 5.34057e-05 0.0110708 -0.002422 0.00908761 0.740421 0.00241927 0.582017 0.0031152 
6 1.5 5400000 5.55469 0.0714406 -5.97412 0.0248321 38.2568 0.287685 1769.95 22.8925 0.00269361 0.00989544 -0.00302324 0.00881811 0.740856 0.00224564 0.582873 0.00294095 
6 1.5 5760000 5.55625 0.0714406 -5.97081 0.0248321 38.2323 0.287685 1769.06 22.8925 -0.000301727 0.00989544 -0.00384585 0.00834739 0.740286 0.00224564 0.582213 0.00294095 
6 1.5 6120000 5.55688 0.0625443 -5.96555 0.0231594 38.186 0.260294 1766.76 20.2522 0.00295825 0.00866205 -0.00156513 0.00816383 0.7398 0.00219912 0.581743 0.00278173 
6 1.5 6480000 5.54435 0.0625443 -5.96668 0.0231594 38.1973 0.260294 1767.25 20.2522 0.00209333 0.00866205 -0.00356837 0.0079768 0.73931 0.00219912 0.581162 0.00278173 
6 1.5 6840000 5.53885 0.0581382 -5.96747 0.0206655 38.2154 0.233022 1769.77 18.2242 0.00382544 0.00774289 -0.00483007 0.00759812 0.739563 0.0019675 0.581522 0.00248144 
6 1.5 7200000 5.53701 0.0581382 -5.9681 0.0206655 38.2166 0.233022 1768.85 18.2242 0.00401923 0.00774289 -0.00384235 0.00738408 0.739641 0.0019675 0.581616 0.00248144 
6 1.5 7560000 5.52227 0.0627372 -5.97352 0.0194636 38.2767 0.217629 1773.23 16.7266 0.00410332 0.00697358 -0.000203227 0.00737591 0.740216 0.00187597 0.582308 0.00235465 
6 1.5 7920000 5.52227 0.0627372 -5.97352 0.0194636 38.2767 0.217629 1773.23 16.7266 0.00410332 0.00697358 -0.000203227 0.00710111 0.740216 0.00187597 0.582308 0.00235465 
6 1.5 8280000 5.53711 0.0627372 -5.97593 0.0178434 38.2974 0.198832 1774.18 15.328 0.00296794 0.00647452 -0.000852953 0.00686703 0.740382 0.00171276 0.582571 0.00215517 
6 1.5 8640000 5.53711 0.0627372 -5.97593 0.0178434 38.2974 0.198832 1774.18 15.328 0.00296794 0.00643138 -0.000852953 0.00670753 0.740382 0.00171276 0.582571 0.00215517 
6 1.5 9000000 5.5402 0.054785 -5.96919 0.0175836 38.2255 0.194848 1768.97 14.8283 0.00509963 0.00623871 -0.00217095 0.00654652 0.739556 0.00175794 0.581462 0.0022426 
6 1.5 9360000 5.5402 0.054785 -5.96919 0.0175836 38.2255 0.194848 1768.97 14.8283 0.00509963 0.00623871 -0.00217095 0.0064258 0.739556 0.00175794 0.581462 0.0022426 
6 1.5 9720000 5.54312 0.054785 -5.97162 0.016397 38.2479 0.181144 1770.43 13.7602 0.00472369 0.0058718 -0.00280676 0.0062602 0.739824 0.001643 0.581768 0.00209085 
6 1.5 10080000 5.54312 0.054785 -5.97162 0.016397 38.2479 0.181144 1770.43 13.7602 0.00472369 0.00577013 -0.00280676 0.00613765 0.739824 0.001643 0.581768 0.00209085 
6 1.5 10440000 5.53502 0.0472033 -5.97315 0.0152972 38.2666 0.169171 1771.7 12.8356 0.00615809 0.00562253 0.00134713 0.00654888 0.740027 0.00153817 0.581994 0.00195362 
6 1.5 10800000 5.53502 0.0472033 -5.97315 0.0152972 38.2666 0.169171 1771.7 12.8356 0.00615809 0.00562748 0.00134713 0.00654888 0.740027 0.00153817 0.581994 0.00195362 
6 1.5 11160000 5.53203 0.0472033 -5.97289 0.0142796 38.2679 0.157898 1771.67 11.9799 0.00660595 0.00558803 0.00170944 0.0061223 0.740251 0.00145186 0.582236 0.00183835 
6 1.5 11520000 5.53203 0.0472033 -5.97289 0.0142796 38.2679 0.157898 1771.67 11.9799 0.00660595 0.00552963 0.00170944 0.0061223 0.740251 0.00145186 0.582236 0.00183835 
6 1.5 11880000 5.53186 0.0414083 -5.97368 0.0134091 38.2724 0.148095 1771.82 11.232 0.00886457 0.00548696 0.00170048 0.00573966 0.740395 0.00136815 0.582398 0.0017306 
6 1.5 12240000 5.53186 0.0414083 -5.97368 0.0134091 38.2724 0.148095 1771.82 11.232 0.00886457 0.00543104 0.00170048 0.00573966 0.740395 0.00136815 0.582398 0.0017306 
6 1.5 12600000 5.53114 0.0414083 -5.9733 0.0126256 38.267 0.139483 1771.12 10.5928 0.00842355 0.00537217 0.00226039 0.00551133 0.740354 0.00128828 0.582337 0.00162989 
6 1.5 12960000 5.53114 0.0414083 -5.9733 0.0126256 38.267 0.139483 1771.12 10.5928 0.00842355 0.00522963 0.00226039 0.00542928 0.740354 0.00128828 0.582337 0.00162989 
6 1.5 13320000 5.52767 0.0370188 -5.97534 0.0120868 38.2901 0.133632 1772.81 10.1383 0.00835189 0.0051951 0.00254325 0.00530506 0.740611 0.00124209 0.582735 0.00158713 
6 1.5 13680000 5.52767 0.0370188 -5.97534 0.0120868 38.2901 0.133632 1772.81 10.1383 0.00835189 0.00511481 0.00254325 0.00528057 0.740611 0.00124209 0.582735 0.00158713 
6 1.5 14040000 5.52767 0.0370188 -5.97534 0.0120868 38.2901 0.133632 1772.81 10.1383 0.00835189 0.00503969 0.00254325 0.00522188 0.740611 0.00124209 0.582735 0.00158713 
6 1.5 14400000 5.52292 0.0370188 -5.97659 0.0115159 38.3003 0.126986 1773.45 9.62451 0.00853225 0.00496388 0.00168118 0.00514699 0.740687 0.00117902 0.58281 0.0015054 
6 1.5 14760000 5.52292 0.0370188 -5.97659 0.0115159 38.3003 0.126986 1773.45 9.62451 0.00853225 0.0048632 0.00168118 0.00507475 0.740687 0.00117902 0.58281 0.0015054 
6 1.5 15120000 5.52373 0.0335258 -5.97936 0.0112675 38.3293 0.123915 1775.59 9.37845 0.0079759 0.00480156 0.00319344 0.00497312 0.740926 0.00114419 0.58315 0.00146788 
6 1.5 15480000 5.52373 0.0335258 -5.97936 0.0112675 38.3293 0.123915 1775.59 9.37845 0.0079759 0.00475299 0.00319344 0.00491593 0.740926 0.00114419 0.58315 0.00146788 
6 1.5 15840000 5.52373 0.0335258 -5.97936 0.0115857 38.3293 0.127019 1775.59 9.60709 0.0079759 0.00472812 0.00319344 0.00481533 0.740926 0.00118968 0.58315 0.00151469 
6 1.5 16200000 5.52373 0.0335258 -5.97936 0.0115857 38.3293 0.127019 1775.59 9.60709 0.0079759 0.00476566 0.00319344 0.00479954 0.740926 0.00118968 0.58315 0.00151469 
6 1.5 16560000 5.52122 0.030572 -5.97545 0.011073 38.285 0.121302 1771.86 9.17097 0.00853649 0.00480932 0.00194649 0.00469004 0.740382 0.00113687 0.582506 0.00144655 
6 1.5 16920000 5.52122 0.030572 -5.97545 0.011073 38.285 0.121302 1771.86 9.17097 0.00853649 0.00473581 0.00194649 0.00462938 0.740382 0.00113687 0.582506 0.00144655 
6 1.5 17280000 5.52122 0.030572 -5.97545 0.0105919 38.285 0.116028 1771.86 8.77232 0.00853649 0.00468127 0.00194649 0.00490394 0.740382 0.00108745 0.582506 0.0013837 
6 1.5 17640000 5.52122 0.030572 -5.97545 0.0105919 38.285 0.116028 1771.86 8.77232 0.00853649 0.00482007 0.00194649 0.00490394 0.740382 0.00108745 0.582506 0.0013837 
6 1.5 18000000 5.53166 0.0297532 -5.97512 0.0101534 38.2773 0.11143 1770.89 8.46509 0.00575013 0.00491446 0.00354672 0.00474182 0.740662 0.00107689 0.582859 0.00136778 
6 1.5 18360000 5.53166 0.0297532 -5.97512 0.0101534 38.2773 0.11143 1770.89 8.46509 0.00575013 0.00481425 0.00354672 0.00474182 0.740662 0.00107689 0.582859 0.00136778 
6 1.5 18720000 5.53166 0.0297532 -5.97512 0.00982006 38.2773 0.108108 1770.89 8.22492 0.00575013 0.00490735 0.00354672 0.00473293 0.740662 0.00103641 0.582859 0.0013145 
6 1.5 19080000 5.53166 0.0297532 -5.97512 0.00982006 38.2773 0.108108 1770.89 8.22492 0.00575013 0.00481209 0.00354672 0.00473293 0.740662 0.00103641 0.582859 0.0013145 
6 1.5 19440000 5.53944 0.0284638 -5.97208 0.00961027 38.2403 0.105974 1768.03 8.05503 0.00385389 0.00474199 0.00468674 0.00455441 0.74052 0.00101909 0.582687 0.00128471 
6 1.5 19800000 5.53944 0.0284638 -5.97208 0.00961027 38.2403 0.105974 1768.03 8.05503 0.00385389 0.00465591 0.00468674 0.00455441 0.74052 0.00101909 0.582687 0.00128471 
6 1.5 20160000 5.53944 0.0284638 -5.97208 0.00925571 38.2403 0.102079 1768.03 7.85375 0.00385389 0.00462484 0.00468674 0.00441743 0.74052 0.000984993 0.582687 0.00124311 
6 1.5 20520000 5.53944 0.0284638 -5.97208 0.00925571 38.2403 0.102079 1768.03 7.85375 0.00385389 0.00454952 0.00468674 0.00441743 0.74052 0.000984993 0.582687 0.00124311 
6 1.5 20880000 5.54136 0.0264958 -5.96992 0.00921298 38.2217 0.10062 1766.94 7.60434 0.00410018 0.00446829 0.00349115 0.00430828 0.740444 0.000963018 0.582609 0.001215 
6 1.5 21240000 5.54136 0.0264958 -5.96992 0.00921298 38.2217 0.10062 1766.94 7.60434 0.00410018 0.00439163 0.00349115 0.00430828 0.740444 0.000963018 0.582609 0.001215 
6 1.5 21600000 5.54136 0.0264958 -5.96992 0.0090023 38.2217 0.0985383 1766.94 7.46579 0.00410018 0.00437681 0.00349115 0.00425728 0.740444 0.000929844 0.582609 0.00117364 
6 1.5 21960000 5.54136 0.0264958 -5.96992 0.0090023 38.2217 0.0985383 1766.94 7.46579 0.00410018 0.0043152 0.00349115 0.00425728 0.740444 0.000929844 0.582609 0.00117364 
6 1.5 22320000 5.54362 0.0248252 -5.96788 0.00872394 38.1969 0.0955769 1765.06 7.23363 0.00370752 0.00424536 0.0025647 0.00411538 0.740461 0.000899174 0.582589 0.00113462 
6 1.5 22680000 5.54362 0.0248252 -5.96788 0.00872394 38.1969 0.0955769 1765.06 7.23363 0.00370752 0.0041762 0.0025647 0.00411538 0.740461 0.000899174 0.582589 0.00113462 
6 1.5 23040000 5.54362 0.0248252 -5.96788 0.00874337 38.1969 0.0955039 1765.06 7.22522 0.00370752 0.00417756 0.0025647 0.00398472 0.740461 0.000919525 0.582589 0.00114745 
6 1.5 23400000 5.54362 0.0248252 -5.96788 0.00874337 38.1969 0.0955039 1765.06 7.22522 0.00370752 0.00411125 0.0025647 0.00398472 0.740461 0.000919525 0.582589 0.00114745 
6 1.5 23760000 5.53857 0.0237809 -5.9704 0.0084726 38.2251 0.0926036 1767.39 7.03953 0.00329337 0.0040673 0.00215957 0.00386959 0.74079 0.000891207 0.582979 0.00111277 
6 1.5 24120000 5.53857 0.0237809 -5.9704 0.0084726 38.2251 0.0926036 1767.39 7.03953 0.00329337 0.00405829 0.00215957 0.00386959 0.74079 0.000891207 0.582979 0.00111277 
6 1.5 24480000 5.53857 0.0237809 -5.9704 0.00835954 38.2251 0.0916957 1767.39 7.03953 0.00329337 0.00400059 0.00215957 0.00376223 0.74079 0.000868877 0.582979 0.00108721 
6 1.5 24840000 5.53857 0.0237809 -5.9704 0.00835954 38.2251 0.0916957 1767.39 7.03953 0.00329337 0.00394495 0.00215957 0.0037534 0.74079 0.000868877 0.582979 0.00108721 
6 1.5 25200000 5.54125 0.0225315 -5.96823 0.00813565 38.1968 0.0894794 1765.17 6.96786 0.00222986 0.00390777 0.00124388 0.00377569 0.740601 0.000848887 0.582679 0.00106764 
6 1.5 25560000 5.54125 0.0225315 -5.96823 0.00813565 38.1968 0.0894794 1765.17 6.96786 0.00222986 0.00388101 0.00124388 0.00377569 0.740601 0.000848887 0.582679 0.00106764 
6 1.5 25920000 5.54125 0.0225315 -5.96823 0.00811578 38.1968 0.0891277 1765.17 6.96786 0.00222986 0.00383446 0.00124388 0.00369387 0.740601 0.000846861 0.582679 0.00105934 
6 1.5 26280000 5.54125 0.0225315 -5.96823 0.00811578 38.1968 0.0891277 1765.17 6.96786 0.00222986 0.00381777 0.00124388 0.00369387 0.740601 0.000846861 0.582679 0.00105934 
6 1.5 26640000 5.53619 0.0218402 -5.9698 0.00789608 38.2135 0.0867146 1766.16 6.65101 0.00325945 0.00377443 0.00122649 0.00362001 0.740805 0.00082338 0.582922 0.00103017 
6 1.5 27000000 5.53619 0.0218402 -5.9698 0.00789608 38.2135 0.0867146 1766.16 6.65101 0.00325945 0.00373309 0.00122649 0.00362001 0.740805 0.00082338 0.582922 0.00103017 
6 1.5 27360000 5.53619 0.0218402 -5.9698 0.00781732 38.2135 0.0858938 1766.16 6.65101 0.00325945 0.00368939 0.00122649 0.00355255 0.740805 0.000812327 0.582922 0.00101317 
6 1.5 27720000 5.53619 0.0218402 -5.9698 0.00781732 38.2135 0.0858938 1766.16 6.65101 0.00325945 0.00367567 0.00122649 0.00354747 0.740805 0.000812327 0.582922 0.00101317 
6 1.5 28080000 5.53803 0.0207687 -5.96874 0.00762219 38.2034 0.0838626 1765.45 6.35009 0.00293163 0.00363516 0.00158708 0.00354083 0.740701 0.000791625 0.582832 0.000988305 
6 1.5 28440000 5.53803 0.0207687 -5.96874 0.00762219 38.2034 0.0838626 1765.45 6.35009 0.00293163 0.00360453 0.00158708 0.00354083 0.740701 0.000791625 0.582832 0.000988305 
6 1.5 28800000 5.53803 0.0207687 -5.96874 0.00742914 38.2034 0.0817328 1765.45 6.33877 0.00293163 0.00358691 0.00158708 0.00348382 0.740701 0.000772474 0.582832 0.000963286 
6 1.5 29160000 5.53803 0.0207687 -5.96874 0.00742914 38.2034 0.0817328 1765.45 6.33877 0.00293163 0.00355707 0.00158708 0.00348382 0.740701 0.000772474 0.582832 0.000963286 
6 1.5 29520000 5.53803 0.0207687 -5.96874 0.00742914 38.2034 0.0817328 1765.45 6.33877 0.00293163 0.00355707 0.00158708 0.00348382 0.740701 0.000772474 0.582832 0.000963286 
6 1.5 29880000 5.53477 0.0199858 -5.96701 0.00740177 38.1903 0.0810573 1765.12 6.10597 0.0032786 0.00351387 0.00308277 0.00353882 0.740511 0.000767134 0.582619 0.00095725 
6 1.5 30240000 5.53477 0.0199858 -5.96701 0.00740177 38.1903 0.0810573 1765.12 6.10597 0.0032786 0.00347451 0.00308277 0.00353882 0.740511 0.000767134 0.582619 0.00095725 
6 1.5 30600000 5.53477 0.0199858 -5.96701 0.0074901 38.1903 0.0815916 1765.12 6.11888 0.0032786 0.00347111 0.00308277 0.00350843 0.740511 0.00075883 0.582619 0.000950267 
6 1.5 30960000 5.53477 0.0199858 -5.96701 0.0074901 38.1903 0.0815916 1765.12 6.11888 0.0032786 0.00343398 0.00308277 0.00350843 0.740511 0.00075883 0.582619 0.000950267 
6 1.5 31320000 5.53477 0.0190505 -5.96701 0.00732174 38.1903 0.079681 1765.12 5.97321 0.0032786 0.00339406 0.00308277 0.00342552 0.740511 0.000740764 0.582619 0.000927877 
6 1.5 31680000 5.53477 0.0190505 -5.96701 0.00732174 38.1903 0.079681 1765.12 5.97321 0.0032786 0.00335533 0.00308277 0.00342552 0.740511 0.000740764 0.582619 0.000927877 
6 1.5 32040000 5.53477 0.0190505 -5.96701 0.0071889 38.1903 0.0783894 1765.12 5.91055 0.0032786 0.00332099 0.00308277 0.00334711 0.740511 0.000725516 0.582619 0.000909292 
6 1.5 32400000 5.53477 0.0190505 -5.96701 0.0071889 38.1903 0.0783894 1765.12 5.91055 0.0032786 0.00330177 0.00308277 0.00334711 0.740511 0.000725516 0.582619 0.000909292 
6 1.5 32760000 5.53005 0.0189684 -5.96523 0.00708001 38.1732 0.0770656 1764.09 5.79095 0.00403174 0.00326684 0.00207503 0.00331356 0.740308 0.000720388 0.582314 0.000906444 
6 1.5 33120000 5.53005 0.0189684 -5.96523 0.00708001 38.1732 0.0770656 1764.09 5.79095 0.00403174 0.00323206 0.00207503 0.00331356 0.740308 0.000720388 0.582314 0.000906444 
6 1.5 33480000 5.53005 0.0189684 -5.96523 0.00692561 38.1732 0.0753718 1764.09 5.66426 0.00403174 0.00320381 0.00207503 0.00325297 0.740308 0.000705684 0.582314 0.00088898 
6 1.5 33840000 5.53005 0.0189684 -5.96523 0.00692561 38.1732 0.0753718 1764.09 5.66426 0.00403174 0.00321856 0.00207503 0.00325297 0.740308 0.000705684 0.582314 0.00088898 
6 1.5 34200000 5.53005 0.0181803 -5.96523 0.00681209 38.1732 0.0740797 1764.09 5.55395 0.00403174 0.00320906 0.00207503 0.00322833 0.740308 0.000695547 0.582314 0.000873632 
6 1.5 34560000 5.53005 0.0181803 -5.96523 0.00681209 38.1732 0.0740797 1764.09 5.55395 0.00403174 0.00318227 0.00207503 0.00321133 0.740308 0.000695547 0.582314 0.000873632 
6 1.5 34920000 5.53005 0.0181803 -5.96523 0.00666765 38.1732 0.0725222 1764.09 5.4406 0.00403174 0.00321288 0.00207503 0.00318728 0.740308 0.000681035 0.582314 0.000855291 
6 1.5 35280000 5.53005 0.0181803 -5.96523 0.00666765 38.1732 0.0725222 1764.09 5.4406 0.00403174 0.00318478 0.00207503 0.00316868 0.740308 0.000681035 0.582314 0.000855291 
6 1.5 35640000 5.52987 0.0174499 -5.96571 0.00654974 38.1778 0.0712591 1764.46 5.34201 0.00539824 0.00315184 0.00217508 0.00316835 0.740379 0.000671423 0.58238 0.000844429 
6 1.5 36000000 5.52987 0.0174499 -5.96571 0.00654974 38.1778 0.0712591 1764.46 5.34201 0.00539824 0.00311999 0.00217508 0.00316835 0.740379 0.000671423 0.58238 0.000844429 
6 1.5 36360000 5.52987 0.0174499 -5.96571 0.00642631 38.1778 0.0698846 1764.46 5.23933 0.00539824 0.00311409 0.00217508 0.00311583 0.740379 0.00065884 0.58238 0.000830046 
6 1.5 36720000 5.52987 0.0174499 -5.96571 0.00642631 38.1778 0.0698846 1764.46 5.23933 0.00539824 0.00312548 0.00217508 0.00311583 0.740379 0.00065884 0.58238 0.000830046 
6 1.5 37080000 5.52987 0.0167928 -5.96571 0.00640514 38.1778 0.0692494 1764.46 5.1629 0.00539824 0.00311355 0.00217508 0.00306892 0.740379 0.000663118 0.58238 0.000835188 
6 1.5 37440000 5.52987 0.0167928 -5.96571 0.00640514 38.1778 0.0692494 1764.46 5.1629 0.00539824 0.00313432 0.00217508 0.00306892 0.740379 0.000663118 0.58238 0.000835188 
6 1.5 37800000 5.52987 0.0167928 -5.96571 0.00630082 38.1778 0.0680907 1764.46 5.06901 0.00539824 0.00310532 0.00217508 0.00303221 0.740379 0.000653742 0.58238 0.000824777 
6 1.5 38160000 5.52987 0.0167928 -5.96571 0.00630082 38.1778 0.0680907 1764.46 5.06901 0.00539824 0.00308592 0.00217508 0.00303221 0.740379 0.000653742 0.58238 0.000824777 
6 1.5 38520000 5.53035 0.0162304 -5.96358 0.00622951 38.1606 0.0669618 1763.84 4.97188 0.00376402 0.00305769 0.00205123 0.00298884 0.740085 0.000650439 0.58205 0.000815876 
6 1.5 38880000 5.53035 0.0162304 -5.96358 0.00622951 38.1606 0.0669618 1763.84 4.97188 0.00376402 0.0030559 0.00205123 0.00298764 0.740085 0.000650439 0.58205 0.000815876 
6 1.5 39240000 5.53035 0.0162304 -5.96358 0.00613234 38.1606 0.0659231 1763.84 4.89732 0.00376402 0.00305135 0.00205123 0.00295016 0.740085 0.000642418 0.58205 0.000806358 
6 1.5 39600000 5.53035 0.0162304 -5.96358 0.00613234 38.1606 0.0659231 1763.84 4.89732 0.00376402 0.00305135 0.00205123 0.00294614 0.740085 0.000642418 0.58205 0.000806358 
6 1.5 39960000 5.53035 0.0159808 -5.96358 0.0060289 38.1606 0.0649102 1763.84 4.82506 0.00376402 0.00305135 0.00205123 0.00293688 0.740085 0.000630528 0.58205 0.000791559 
6 1.5 40320000 5.53035 0.0159808 -5.96358 0.0060289 38.1606 0.0649102 1763.84 4.82506 0.00376402 0.00305135 0.00205123 0.0029251 0.740085 0.000630528 0.58205 0.000791559 
6 1.5 40680000 5.53035 0.0159808 -5.96358 0.00592082 38.1606 0.0637306 1763.84 4.73733 0.00376402 0.00305135 0.00205123 0.00291407 0.740085 0.000621136 0.58205 0.000780866 
6 1.5 41040000 5.53035 0.0159808 -5.96358 0.00592082 38.1606 0.0637306 1763.84 4.73733 0.00376402 0.00305135 0.00205123 0.00289554 0.740085 0.000621136 0.58205 0.000780866 
6 1.5 41400000 5.53568 0.0155266 -5.96386 0.00582111 38.1645 0.0627136 1764.17 4.66319 0.00352453 0.00313844 0.00227423 0.00287555 0.740168 0.000611294 0.582177 0.000767638 
6 1.5 41760000 5.53568 0.0155266 -5.96386 0.00582111 38.1645 0.0627136 1764.17 4.66319 0.00352453 0.00313844 0.00227423 0.00286141 0.740168 0.000611294 0.582177 0.000767638 
6 1.5 42120000 5.53568 0.0155266 -5.96386 0.00571939 38.1645 0.0616503 1764.17 4.59049 0.00352453 0.00313844 0.00227423 0.00283726 0.740168 0.000600575 0.582177 0.000754806 
6 1.5 42480000 5.53568 0.0155266 -5.96386 0.00571939 38.1645 0.0616503 1764.17 4.59049 0.00352453 0.00313844 0.00227423 0.00281982 0.740168 0.000600575 0.582177 0.000754806 
6 1.5 42840000 5.53568 0.0155822 -5.96386 0.00562334 38.1645 0.0606413 1764.17 4.51544 0.00352453 0.00313844 0.00227423 0.00280509 0.740168 0.000590399 0.582177 0.000742515 
6 1.5 43200000 5.53568 0.0155822 -5.96386 0.00562334 38.1645 0.0606413 1764.17 4.51544 0.00352453 0.00313844 0.00227423 0.00281321 0.740168 0.000590399 0.582177 0.000742515 
6 1.5 43560000 5.53568 0.0155822 -5.96386 0.00554805 38.1645 0.0599438 1764.17 4.47893 0.00352453 0.00313844 0.00227423 0.00279123 0.740168 0.000580406 0.582177 0.000729932 
6 1.5 43920000 5.53568 0.0155822 -5.96386 0.00554805 38.1645 0.0599438 1764.17 4.47893 0.00352453 0.00313844 0.00227423 0.00277943 0.740168 0.000580406 0.582177 0.000729932 
6 1.5 44280000 5.54329 0.015406 -5.96369 0.00548262 38.1598 0.0592825 1763.63 4.43803 0.00361958 0.00313844 0.00276549 0.00277334 0.740288 0.000579022 0.582247 0.00072974 
6 1.5 44640000 5.54329 0.015406 -5.96369 0.00548262 38.1598 0.0592825 1763.63 4.43803 0.00361958 0.00313844 0.00276549 0.00277069 0.740288 0.000579022 0.582247 0.00072974 
6 1.5 45000000 5.54329 0.015406 -5.96369 0.00548262 38.1598 0.0592825 1763.63 4.43803 0.00361958 0.00313844 0.00276549 0.00275301 0.740288 0.000579022 0.582247 0.00072974 
6 1.5 45360000 5.54329 0.015406 -5.96369 0.00539895 38.1598 0.0583495 1763.63 4.3666 0.00361958 0.00313844 0.00276549 0.00273913 0.740288 0.000569625 0.582247 0.000718244 
6 1.5 45720000 5.54329 0.015406 -5.96369 0.00539895 38.1598 0.0583495 1763.63 4.3666 0.00361958 0.00313844 0.00276549 0.00273398 0.740288 0.000569625 0.582247 0.000718244 
6 1.5 46080000 5.54329 0.0149127 -5.96369 0.00532501 38.1598 0.0575747 1763.63 4.30703 0.00361958 0.00313844 0.00276549 0.00271762 0.740288 0.000561364 0.582247 0.000708194 
6 1.5 46440000 5.54329 0.0149127 -5.96369 0.00532501 38.1598 0.0575747 1763.63 4.30703 0.00361958 0.00313844 0.00276549 0.00264528 0.740288 0.000561364 0.582247 0.000708194 
6 1.5 46800000 5.54329 0.0149127 -5.96369 0.00524613 38.1598 0.0566653 1763.63 4.24353 0.00361958 0.00313844 0.00276549 0.00262766 0.740288 0.000553635 0.582247 0.000698099 
6 1.5 47160000 5.54329 0.0149127 -5.96369 0.00524613 38.1598 0.0566653 1763.63 4.24353 0.00361958 0.00313844 0.00276549 0.00261368 0.740288 0.000553635 0.582247 0.000698099 
6 1.5 47520000 5.54852 0.0152281 -5.96256 0.00522028 38.1495 0.0562611 1763.24 4.19612 0.00358884 0.00274679 0.00255134 0.00261571 0.740166 0.000548632 0.582111 0.000691215 
6 1.5 47880000 5.54852 0.0152281 -5.96256 0.00522028 38.1495 0.0562611 1763.24 4.19612 0.00358884 0.00274679 0.00255134 0.00261068 0.740166 0.000548632 0.582111 0.000691215 
6 1.5 48240000 5.54852 0.0152281 -5.96256 0.00531821 38.1495 0.0576822 1763.24 4.32965 0.00358884 0.00274679 0.00255134 0.00259982 0.740166 0.000546557 0.582111 0.000691656 
6 1.5 48600000 5.54852 0.0152281 -5.96256 0.00531821 38.1495 0.0576822 1763.24 4.32965 0.00358884 0.00274679 0.00255134 0.00260596 0.740166 0.000546557 0.582111 0.000691656 
6 1.5 48960000 5.54852 0.0148722 -5.96256 0.00529131 38.1495 0.0572087 1763.24 4.27375 0.00358884 0.00274679 0.00255134 0.00260194 0.740166 0.000539034 0.582111 0.000681888 
6 1.5 49320000 5.54852 0.0148722 -5.96256 0.00529131 38.1495 0.0572087 1763.24 4.27375 0.00358884 0.00274679 0.00255134 0.00258916 0.740166 0.000539034 0.582111 0.000681888 
6 1.5 49680000 5.54852 0.0148722 -5.96256 0.00522099 38.1495 0.0564694 1763.24 4.22189 0.00358884 0.00274679 0.00255134 0.00257801 0.740166 0.00053115 0.582111 0.000672018 
6 1.5 50040000 5.54852 0.0148722 -5.96256 0.00522099 38.1495 0.0564694 1763.24 4.22189 0.00358884 0.00274679 0.00255134 0.00256049 0.740166 0.00053115 0.582111 0.000672018 
6 1.5 50400000 5.5411 0.0154621 -5.96397 0.00516652 38.1707 0.0562319 1765.41 4.24312 0.00371972 0.00274679 0.000922499 0.00255921 0.740204 0.000523348 0.582213 0.000662787 
6 1.5 50760000 5.5411 0.0154621 -5.96397 0.00516652 38.1707 0.0562319 1765.41 4.24312 0.00371972 0.00274679 0.000922499 0.00255921 0.740204 0.000523348 0.582213 0.000662787 
6 1.5 51120000 5.5411 0.0154621 -5.96397 0.0051 38.1707 0.0555016 1765.41 4.18683 0.00371972 0.00274679 0.000922499 0.00252534 0.740204 0.000515802 0.582213 0.000653425 
6 1.5 51480000 5.5411 0.0154621 -5.96397 0.0051 38.1707 0.0555016 1765.41 4.18683 0.00371972 0.00274679 0.000922499 0.00252445 0.740204 0.000515802 0.582213 0.000653425 
6 1.5 51840000 5.5411 0.0151134 -5.96397 0.00503341 38.1707 0.0547652 1765.41 4.12804 0.00371972 0.00274679 0.000922499 0.00252219 0.740204 0.000509461 0.582213 0.000645799 
6 1.5 52200000 5.5411 0.0151134 -5.96397 0.00503341 38.1707 0.0547652 1765.41 4.12804 0.00371972 0.00274679 0.000922499 0.00251236 0.740204 0.000509461 0.582213 0.000645799 
6 1.5 52560000 5.5411 0.0151134 -5.96397 0.00496507 38.1707 0.0539978 1765.41 4.08143 0.00371972 0.00274679 0.000922499 0.00250704 0.740204 0.000502635 0.582213 0.000636808 
6 1.5 52920000 5.5411 0.0151134 -5.96397 0.00496507 38.1707 0.0539978 1765.41 4.08143 0.00371972 0.00274679 0.000922499 0.00249295 0.740204 0.000502635 0.582213 0.000636808 
6 1.5 53280000 5.5424 0.014699 -5.96499 0.00518734 38.184 0.0562432 1766.78 4.24485 0.00319609 0.00252153 0.0012806 0.00249434 0.740372 0.000538743 0.582435 0.000680294 
6 1.5 53640000 5.5424 0.014699 -5.96499 0.00518734 38.184 0.0562432 1766.78 4.24485 0.00319609 0.00253757 0.0012806 0.00247814 0.740372 0.000538743 0.582435 0.000680294 
6 1.5 54000000 5.5424 0.014699 -5.96499 0.00517682 38.184 0.0560849 1766.78 4.23152 0.00319609 0.00252343 0.0012806 0.00246383 0.740372 0.000539231 0.582435 0.000678722 
6 1.5 54360000 5.5424 0.014699 -5.96499 0.00517682 38.184 0.0560849 1766.78 4.23152 0.00319609 0.00251423 0.0012806 0.00246527 0.740372 0.000539231 0.582435 0.000678722 
6 1.5 54720000 5.5424 0.0143388 -5.96499 0.00513237 38.184 0.0555651 1766.78 4.18777 0.00319609 0.00249776 0.0012806 0.00245613 0.740372 0.000532708 0.582435 0.000670369 
6 1.5 55080000 5.5424 0.0143388 -5.96499 0.00513237 38.184 0.0555651 1766.78 4.18777 0.00319609 0.00249096 0.0012806 0.00244357 0.740372 0.000532708 0.582435 0.000670369 
6 1.5 55440000 5.5424 0.0143388 -5.96499 0.00515886 38.184 0.0558173 1766.78 4.20094 0.00319609 0.00247436 0.0012806 0.00243154 0.740372 0.000536332 0.582435 0.000678052 
6 1.5 55800000 5.5424 0.0143388 -5.96499 0.00515886 38.184 0.0558173 1766.78 4.20094 0.00319609 0.00247091 0.0012806 0.00242084 0.740372 0.000536332 0.582435 0.000678052 
6 1.5 56160000 5.54567 0.0141395 -5.96209 0.00512528 38.1537 0.0554315 1764.52 4.23879 0.00426614 0.00246951 0.000860609 0.00241147 0.740122 0.000529707 0.582118 0.000669824 
6 1.5 56520000 5.54567 0.0141395 -5.96209 0.00512528 38.1537 0.0554315 1764.52 4.23879 0.00426614 0.00246951 0.000860609 0.00240249 0.740122 0.000529707 0.582118 0.000669824 
6 1.5 56880000 5.54567 0.0141395 -5.96209 0.00513876 38.1537 0.0554435 1764.52 4.23879 0.00426614 0.00246951 0.000860609 0.00240153 0.740122 0.000532513 0.582118 0.000672471 
6 1.5 57240000 5.54567 0.0141395 -5.96209 0.00513876 38.1537 0.0554435 1764.52 4.23879 0.00426614 0.00246951 0.000860609 0.00240934 0.740122 0.000532513 0.582118 0.000672471 
6 1.5 57600000 5.54567 0.0141395 -5.96209 0.00510087 38.1537 0.0551259 1764.52 4.30012 0.00426614 0.00246951 0.000860609 0.00239782 0.740122 0.000526095 0.582118 0.000664396 
6 1.5 57960000 5.54567 0.0141395 -5.96209 0.00510087 38.1537 0.0551259 1764.52 4.30012 0.00426614 0.00246951 0.000860609 0.00238824 0.740122 0.000526095 0.582118 0.000664396 
6 1.5 58320000 5.54567 0.0141395 -5.96209 0.00504142 38.1537 0.0547973 1764.52 4.30012 0.00426614 0.00246951 0.000860609 0.00237794 0.740122 0.000526095 0.582118 0.000660074 
6 1.5 58680000 5.54567 0.0141395 -5.96209 0.00504142 38.1537 0.0547973 1764.52 4.30012 0.00426614 0.00246951 0.000860609 0.00238852 0.740122 0.000526095 0.582118 0.000660074 
6 1.5 59040000 5.54495 0.0141105 -5.96026 0.00579741 38.1321 0.0652057 1762.85 5.16458 0.00381281 0.00239456 0.000324352 0.00237495 0.739954 0.000525848 0.581871 0.000669188 
6 1.5 59400000 5.54495 0.0141105 -5.96026 0.00579741 38.1321 0.0652057 1762.85 5.16458 0.00381281 0.00238343 0.000324352 0.00236554 0.739954 0.000525848 0.581871 0.000669188 
6 1.5 59760000 5.54495 0.0141105 -5.96026 0.00579741 38.1321 0.0652057 1762.85 5.16458 0.00381281 0.00236904 0.000324352 0.00235735 0.739954 0.000525848 0.581871 0.000669188 
6 1.5 60120000 5.54495 0.0141105 -5.96026 0.00579741 38.1321 0.0652057 1762.85 5.16458 0.00381281 0.00236904 0.000324352 0.00234806 0.739954 0.000525848 0.581871 0.000669188 
6 1.5 60480000 5.54495 0.0141105 -5.96026 0.00579741 38.1321 0.0652057 1762.85 5.16458 0.00381281 0.00236928 0.000324352 0.00234697 0.739954 0.000525848 0.581871 0.000669188 
6 1.5 60840000 5.54495 0.0141105 -5.96026 0.00579741 38.1321 0.0652057 1762.85 5.16458 0.00381281 0.00235507 0.000324352 0.00234035 0.739954 0.000525848 0.581871 0.000669188 
6 1.5 61200000 5.54495 0.0141105 -5.96026 0.00579741 38.1321 0.0652057 1762.85 5.16458 0.00381281 0.00234088 0.000324352 0.00233195 0.739954 0.000525848 0.581871 0.000669188 
6 1.5 61560000 5.54495 0.0141105 -5.96026 0.00579741 38.1321 0.0652057 1762.85 5.16458 0.00381281 0.00232825 0.000324352 0.00232586 0.739954 0.000525848 0.581871 0.000669188 
6 1.5 61920000 5.54495 0.0141105 -5.96026 0.00579741 38.1321 0.0652057 1762.85 5.16458 0.00381281 0.00233268 0.000324352 0.00232261 0.739954 0.000525848 0.581871 0.000669188 
6 1.5 62280000 5.54495 0.0141105 -5.96026 0.00579741 38.1321 0.0652057 1762.85 5.16458 0.00381281 0.0023698 0.000324352 0.00231279 0.739954 0.000514913 0.581871 0.000669188 
6 1.5 62640000 5.54495 0.0141105 -5.96026 0.00579741 38.1321 0.0652057 1762.85 5.16458 0.00381281 0.00239576 0.000324352 0.0023051 0.739954 0.000514913 0.581871 0.000669188 
6 1.5 63000000 5.54495 0.0141105 -5.96026 0.00579741 38.1321 0.0652057 1762.85 5.16458 0.00381281 0.00238417 0.000324352 0.00230141 0.739954 0.000514913 0.581871 0.000669188 
6 1.5 63360000 5.54495 0.0141105 -5.96026 0.00579741 38.1321 0.0652057 1762.85 5.16458 0.00381281 0.00237242 0.000324352 0.00229727 0.739954 0.000514913 0.581871 0.000669188 
6 1.5 63720000 5.54495 0.0141105 -5.96026 0.00579741 38.1321 0.0652057 1762.85 5.16458 0.00381281 0.00235878 0.000324352 0.00229307 0.739954 0.000514913 0.581871 0.000669188 
6 1.5 64080000 5.54495 0.0141105 -5.96026 0.00579741 38.1321 0.0652057 1762.85 5.16458 0.00381281 0.00234516 0.000324352 0.00229024 0.739954 0.000514913 0.581871 0.000669188 
6 1.5 64440000 5.54495 0.0141105 -5.96026 0.00579741 38.1321 0.0652057 1762.85 5.16458 0.00381281 0.00236395 0.000324352 0.00228199 0.739954 0.000514913 0.581871 0.000669188 
6 1.5 64800000 5.54495 0.0141105 -5.96026 0.00579741 38.1321 0.0652057 1762.85 5.16458 0.00381281 0.00235227 0.000324352 0.002275 0.739954 0.000514913 0.581871 0.000669188 
6 1.5 65160000 5.54503 0.0141105 -5.96135 0.00537181 38.1444 0.0604352 1763.83 4.78768 0.00343171 0.0023394 0.000593762 0.00226599 0.740125 0.000493745 0.582064 0.000635394 
6 1.5 65520000 5.54503 0.0141105 -5.96135 0.00537181 38.1444 0.0604352 1763.83 4.78768 0.00343171 0.00232639 0.000593762 0.0022671 0.740125 0.000493745 0.582064 0.000635394 
6 1.5 65880000 5.54503 0.0141105 -5.96135 0.00537181 38.1444 0.0604352 1763.83 4.78768 0.00343171 0.00232064 0.000593762 0.00226434 0.740125 0.000493745 0.582064 0.000635394 
6 1.5 66240000 5.54503 0.0141105 -5.96135 0.00537181 38.1444 0.0604352 1763.83 4.78768 0.00343171 0.00230772 0.000593762 0.00226232 0.740125 0.000493745 0.582064 0.000635394 
6 1.5 66600000 5.54503 0.0141105 -5.96135 0.00537181 38.1444 0.0604352 1763.83 4.78768 0.00343171 0.00229543 0.000593762 0.00225306 0.740125 0.000493745 0.582064 0.000635394 
6 1.5 66960000 5.54503 0.0141105 -5.96135 0.00537181 38.1444 0.0604352 1763.83 4.78768 0.00343171 0.00228346 0.000593762 0.00225307 0.740125 0.000493745 0.582064 0.000635394 
6 1.5 67320000 5.54503 0.0141105 -5.96135 0.00537181 38.1444 0.0604352 1763.83 4.78768 0.00343171 0.00229306 0.000593762 0.00224756 0.740125 0.000493745 0.582064 0.000635394 
6 1.5 67680000 5.54503 0.0141105 -5.96135 0.00537181 38.1444 0.0604352 1763.83 4.78768 0.00343171 0.00228383 0.000593762 0.0022444 0.740125 0.000493745 0.582064 0.000635394 
6 1.5 68040000 5.54503 0.0141105 -5.96135 0.00537181 38.1444 0.0604352 1763.83 4.78768 0.00343171 0.00227474 0.000593762 0.00223603 0.740125 0.000487129 0.582064 0.000635394 
6 1.5 68400000 5.54503 0.0141105 -5.96135 0.00537181 38.1444 0.0604352 1763.83 4.78768 0.00343171 0.00227228 0.000593762 0.00223722 0.740125 0.000487129 0.582064 0.000635394 
6 1.5 68760000 5.54503 0.0141105 -5.96135 0.00537181 38.1444 0.0604352 1763.83 4.78768 0.00343171 0.00227112 0.000593762 0.0022296 0.740125 0.000487129 0.582064 0.000635394 
6 1.5 69120000 5.54503 0.0141105 -5.96135 0.00537181 38.1444 0.0604352 1763.83 4.78768 0.00343171 0.00227112 0.000593762 0.00222783 0.740125 0.000487129 0.582064 0.000635394 
6 1.5 69480000 5.54503 0.0141105 -5.96135 0.00537181 38.1444 0.0604352 1763.83 4.78768 0.00343171 0.00227112 0.000593762 0.00221833 0.740125 0.000487129 0.582064 0.000635394 
6 1.5 69840000 5.54503 0.0141105 -5.96135 0.00537181 38.1444 0.0604352 1763.83 4.78768 0.00343171 0.00227112 0.000593762 0.00222995 0.740125 0.000487129 0.582064 0.000635394 
6 1.5 70200000 5.54503 0.0141105 -5.96135 0.00537181 38.1444 0.0604352 1763.83 4.78768 0.00343171 0.00227112 0.000593762 0.00222973 0.740125 0.000487129 0.582064 0.000635394 
6 1.5 70560000 5.54503 0.0141105 -5.96135 0.00537181 38.1444 0.0604352 1763.83 4.78768 0.00343171 0.00227112 0.000593762 0.00222709 0.740125 0.000487129 0.582064 0.000635394 
6 1.5 70920000 5.53925 0.0128589 -5.96104 0.00493332 38.143 0.0554159 1763.95 4.39021 0.00197508 0.0025291 0.00056939 0.00222132 0.740007 0.00046685 0.581966 0.000589872 
6 1.5 71280000 5.53925 0.0128589 -5.96104 0.00493332 38.143 0.0554159 1763.95 4.39021 0.00197508 0.0025291 0.00056939 0.00221098 0.740007 0.00046685 0.581966 0.000589872 
6 1.5 71640000 5.53925 0.0128589 -5.96104 0.00493332 38.143 0.0554159 1763.95 4.39021 0.00197508 0.0025291 0.00056939 0.00220482 0.740007 0.00046685 0.581966 0.000589872 
6 1.5 72000000 5.53925 0.0128589 -5.96104 0.00493332 38.143 0.0554159 1763.95 4.39021 0.00197508 0.0025291 0.00056939 0.00220117 0.740007 0.00046685 0.581966 0.000589872 
6 1.5 72360000 5.53925 0.0128589 -5.96104 0.00493332 38.143 0.0554159 1763.95 4.39021 0.00197508 0.0025291 0.00056939 0.00219193 0.740007 0.00046685 0.581966 0.000589872 
6 1.5 72720000 5.53925 0.0128589 -5.96104 0.00493332 38.143 0.0554159 1763.95 4.39021 0.00197508 0.0025291 0.00056939 0.00218259 0.740007 0.00046685 0.581966 0.000589872 
6 1.5 73080000 5.53925 0.0128589 -5.96104 0.00493332 38.143 0.0554159 1763.95 4.39021 0.00197508 0.0025291 0.00056939 0.00217442 0.740007 0.00046685 0.581966 0.000589872 
6 1.5 73440000 5.53925 0.0128589 -5.96104 0.00493332 38.143 0.0554159 1763.95 4.39021 0.00197508 0.0025291 0.00056939 0.00218798 0.740007 0.00046685 0.581966 0.000589872 
6 1.5 73800000 5.53925 0.0128589 -5.96104 0.00493332 38.143 0.0554159 1763.95 4.39021 0.00197508 0.0025291 0.00056939 0.002183 0.740007 0.000449491 0.581966 0.000589872 
6 1.5 74160000 5.53925 0.0128589 -5.96104 0.00493332 38.143 0.0554159 1763.95 4.39021 0.00197508 0.0025291 0.00056939 0.00217343 0.740007 0.000449491 0.581966 0.000589872 
6 1.5 74520000 5.53925 0.0128589 -5.96104 0.00493332 38.143 0.0554159 1763.95 4.39021 0.00197508 0.0025291 0.00056939 0.00217495 0.740007 0.000449491 0.581966 0.000589872 
6 1.5 74880000 5.53925 0.0128589 -5.96104 0.00493332 38.143 0.0554159 1763.95 4.39021 0.00197508 0.0025291 0.00056939 0.00217122 0.740007 0.000449491 0.581966 0.000589872 
6 1.5 75240000 5.53925 0.0128589 -5.96104 0.00493332 38.143 0.0554159 1763.95 4.39021 0.00197508 0.0025291 0.00056939 0.00216422 0.740007 0.000449491 0.581966 0.000589872 
6 1.5 75600000 5.53925 0.0128589 -5.96104 0.00493332 38.143 0.0554159 1763.95 4.39021 0.00197508 0.0025291 0.00056939 0.00215783 0.740007 0.000449491 0.581966 0.000589872 
6 1.5 75960000 5.53925 0.0128589 -5.96104 0.00493332 38.143 0.0554159 1763.95 4.39021 0.00197508 0.0025291 0.00056939 0.0021555 0.740007 0.000449491 0.581966 0.000589872 
6 1.5 76320000 5.53925 0.0128589 -5.96104 0.00493332 38.143 0.0554159 1763.95 4.39021 0.00197508 0.0025291 0.00056939 0.00214832 0.740007 0.000449491 0.581966 0.000589872 
6 1.5 76680000 5.53925 0.0128589 -5.96104 0.00493332 38.143 0.0554159 1763.95 4.39021 0.00197508 0.0025291 0.00056939 0.00214329 0.740007 0.000449491 0.581966 0.000589872 
6 1.5 77040000 5.54115 0.0128589 -5.96037 0.00459926 38.1366 0.0515206 1763.46 4.07934 0.00203673 0.0025291 0.00026109 0.00214123 0.739919 0.000440088 0.581869 0.000552402 
6 1.5 77400000 5.54115 0.0128589 -5.96037 0.00459926 38.1366 0.0515206 1763.46 4.07934 0.00203673 0.0025291 0.00026109 0.00213572 0.739919 0.000440088 0.581869 0.000552402 
6 1.5 77760000 5.54115 0.0128589 -5.96037 0.00459926 38.1366 0.0515206 1763.46 4.07934 0.00203673 0.0025291 0.00026109 0.00212945 0.739919 0.000440088 0.581869 0.000552402 
6 1.5 78120000 5.54115 0.0128589 -5.96037 0.00459926 38.1366 0.0515206 1763.46 4.07934 0.00203673 0.0025291 0.00026109 0.00212109 0.739919 0.000440088 0.581869 0.000552402 
6 1.5 78480000 5.54115 0.0128589 -5.96037 0.00459926 38.1366 0.0515206 1763.46 4.07934 0.00203673 0.0025291 0.00026109 0.00211386 0.739919 0.000440088 0.581869 0.000552402 
6 1.5 78840000 5.54115 0.0128589 -5.96037 0.00459926 38.1366 0.0515206 1763.46 4.07934 0.00203673 0.0025291 0.00026109 0.00210709 0.739919 0.000440088 0.581869 0.000552402 
6 1.5 79200000 5.54115 0.0128589 -5.96037 0.00459926 38.1366 0.0515206 1763.46 4.07934 0.00203673 0.0025291 0.00026109 0.0021025 0.739919 0.000440088 0.581869 0.000552402 
6 1.5 79560000 5.54115 0.0128589 -5.96037 0.00459926 38.1366 0.0515206 1763.46 4.07934 0.00203673 0.0025291 0.00026109 0.00209537 0.739919 0.000440088 0.581869 0.000552402 
6 1.5 79920000 5.54115 0.0128589 -5.96037 0.00462266 38.1366 0.0515206 1763.46 4.07934 0.00203673 0.0025291 0.00026109 0.00208849 0.739919 0.000493034 0.581869 0.000604275 
6 1.5 80280000 5.54115 0.0128589 -5.96037 0.00462266 38.1366 0.0515206 1763.46 4.07934 0.00203673 0.0025291 0.00026109 0.00208736 0.739919 0.000493034 0.581869 0.000604275 
6 1.5 80640000 5.54115 0.0128589 -5.96037 0.00462266 38.1366 0.0515206 1763.46 4.07934 0.00203673 0.0025291 0.00026109 0.00208078 0.739919 0.000493034 0.581869 0.000604275 
6 1.5 81000000 5.54115 0.0128589 -5.96037 0.00462266 38.1366 0.0515206 1763.46 4.07934 0.00203673 0.0025291 0.00026109 0.00207667 0.739919 0.000493034 0.581869 0.000604275 
6 1.5 81360000 5.54115 0.0128589 -5.96037 0.00462266 38.1366 0.0515206 1763.46 4.07934 0.00203673 0.0025291 0.00026109 0.00207333 0.739919 0.000493034 0.581869 0.000604275 
6 1.5 81720000 5.54115 0.0128589 -5.96037 0.00462266 38.1366 0.0515206 1763.46 4.07934 0.00203673 0.0025291 0.00026109 0.00207098 0.739919 0.000493034 0.581869 0.000604275 
6 1.5 82080000 5.54115 0.0128589 -5.96037 0.00462266 38.1366 0.0515206 1763.46 4.07934 0.00203673 0.0025291 0.00026109 0.00206398 0.739919 0.000493034 0.581869 0.000604275 
6 1.5 82440000 5.54115 0.0128589 -5.96037 0.00462266 38.1366 0.0515206 1763.46 4.07934 0.00203673 0.0025291 0.00026109 0.00205889 0.739919 0.000493034 0.581869 0.000604275 
6 1.5 82800000 5.53476 0.0122056 -5.96396 0.0054955 38.1774 0.0619127 1766.63 4.86604 0.00169807 0.00218291 0.00129993 0.00205671 0.740233 0.000496196 0.582293 0.00065554 
6 1.5 83160000 5.53476 0.0122056 -5.96396 0.0054955 38.1774 0.0619127 1766.63 4.86604 0.00169807 0.00218291 0.00129993 0.00205296 0.740233 0.000496196 0.582293 0.00065554 
6 1.5 83520000 5.53476 0.0122056 -5.96396 0.0054955 38.1774 0.0619127 1766.63 4.86604 0.00169807 0.00218291 0.00129993 0.0020459 0.740233 0.000496196 0.582293 0.00065554 
6 1.5 83880000 5.53476 0.0122056 -5.96396 0.0054955 38.1774 0.0619127 1766.63 4.86604 0.00169807 0.00218291 0.00129993 0.0020409 0.740233 0.000496196 0.582293 0.00065554 
6 1.5 84240000 5.53476 0.0122056 -5.96396 0.0054955 38.1774 0.0619127 1766.63 4.86604 0.00169807 0.00218291 0.00129993 0.00203717 0.740233 0.000496196 0.582293 0.00065554 
6 1.5 84600000 5.53476 0.0122056 -5.96396 0.0054955 38.1774 0.0619127 1766.63 4.86604 0.00169807 0.00218291 0.00129993 0.00203328 0.740233 0.000496196 0.582293 0.00065554 
6 1.5 84960000 5.53476 0.0122056 -5.96396 0.0054955 38.1774 0.0619127 1766.63 4.86604 0.00169807 0.00218291 0.00129993 0.00202776 0.740233 0.000496196 0.582293 0.00065554 
6 1.5 85320000 5.53476 0.0122056 -5.96396 0.0054955 38.1774 0.0619127 1766.63 4.86604 0.00169807 0.00218291 0.00129993 0.00202083 0.740233 0.000496196 0.582293 0.00065554 
6 1.5 85680000 5.53476 0.0122056 -5.96396 0.0054955 38.1774 0.0619127 1766.63 4.86604 0.00169807 0.00218291 0.00129993 0.00201416 0.740233 0.000496196 0.582293 0.00065554 
6 1.5 86040000 5.53476 0.0122056 -5.96396 0.0054955 38.1774 0.0619127 1766.63 4.86604 0.00169807 0.00218291 0.00129993 0.00201278 0.740233 0.000496196 0.582293 0.00065554 
6 1.5 86400000 5.53476 0.0122056 -5.96396 0.0054955 38.1774 0.0619127 1766.63 4.86604 0.00169807 0.00218291 0.00129993 0.00200961 0.740233 0.000496196 0.582293 0.00065554 
6 1.5 86760000 5.53476 0.0122056 -5.96396 0.0054955 38.1774 0.0619127 1766.63 4.86604 0.00169807 0.00218291 0.00129993 0.00200277 0.740233 0.000496196 0.582293 0.00065554 
6 1.5 87120000 5.53476 0.0122056 -5.96396 0.0054955 38.1774 0.0619127 1766.63 4.86604 0.00169807 0.00218291 0.00129993 0.00199698 0.740233 0.000496196 0.582293 0.00065554 
6 1.5 87480000 5.53476 0.0122056 -5.96396 0.0054955 38.1774 0.0619127 1766.63 4.86604 0.00169807 0.00218291 0.00129993 0.00199297 0.740233 0.000496196 0.582293 0.00065554 
6 1.5 87840000 5.53476 0.0122056 -5.96396 0.0054955 38.1774 0.0619127 1766.63 4.86604 0.00169807 0.00218291 0.00129993 0.00198656 0.740233 0.000496196 0.582293 0.00065554 
6 1.5 88200000 5.53476 0.0122056 -5.96396 0.0054955 38.1774 0.0619127 1766.63 4.86604 0.00169807 0.00218291 0.00129993 0.00198138 0.740233 0.000496196 0.582293 0.00065554 
6 1.5 88560000 5.53499 0.0117799 -5.96348 0.00515012 38.165 0.0590148 1765.11 4.77273 0.00119363 0.00218291 0.000864422 0.00197506 0.740241 0.000463188 0.582229 0.000614913 
6 1.5 88920000 5.53499 0.0117799 -5.96348 0.00515012 38.165 0.0590148 1765.11 4.77273 0.00119363 0.00218291 0.000864422 0.00197065 0.740241 0.000463188 0.582229 0.000614913 
6 1.5 89280000 5.53499 0.0117799 -5.96348 0.00515012 38.165 0.0590148 1765.11 4.77273 0.00119363 0.00218291 0.000864422 0.00196325 0.740241 0.000463188 0.582229 0.000614913 
6 1.5 89640000 5.53499 0.0117799 -5.96348 0.00515012 38.165 0.0590148 1765.11 4.77273 0.00119363 0.00218291 0.000864422 0.00196339 0.740241 0.000463188 0.582229 0.000614913 
6 1.5 90000000 5.53499 0.0117799 -5.96348 0.00515012 38.165 0.0590148 1765.11 4.77273 0.00119363 0.00218291 0.000864422 0.00196155 0.740241 0.000463188 0.582229 0.000614913 
6 1.5 90360000 5.53499 0.0117799 -5.96348 0.00515012 38.165 0.0590148 1765.11 4.77273 0.00119363 0.00218291 0.000864422 0.00195659 0.740241 0.000463188 0.582229 0.000614913 
6 1.5 90720000 5.53499 0.0117799 -5.96348 0.00515012 38.165 0.0590148 1765.11 4.77273 0.00119363 0.00218291 0.000864422 0.00195445 0.740241 0.000463188 0.582229 0.000614913 
6 1.5 91080000 5.53499 0.0117799 -5.96348 0.00515012 38.165 0.0590148 1765.11 4.77273 0.00119363 0.00218291 0.000864422 0.00195224 0.740241 0.000463188 0.582229 0.000614913 
6 1.5 91440000 5.53499 0.0117799 -5.96348 0.00515012 38.165 0.0590148 1765.11 4.77273 0.00119363 0.00218291 0.000864422 0.001948 0.740241 0.000463188 0.582229 0.000614913 
6 1.5 91800000 5.53499 0.0117799 -5.96348 0.00515012 38.165 0.0590148 1765.11 4.77273 0.00119363 0.00218291 0.000864422 0.00194665 0.740241 0.000463188 0.582229 0.000614913 
6 1.5 92160000 5.53499 0.0117799 -5.96348 0.00515012 38.165 0.0590148 1765.11 4.77273 0.00119363 0.00218291 0.000864422 0.00194296 0.740241 0.000463188 0.582229 0.000614913 
6 1.5 92520000 5.53499 0.0117799 -5.96348 0.00515012 38.165 0.0590148 1765.11 4.77273 0.00119363 0.00218291 0.000864422 0.00185729 0.740241 0.000463188 0.582229 0.000614913 
6 1.5 92880000 5.53499 0.0117799 -5.96348 0.00515012 38.165 0.0590148 1765.11 4.77273 0.00119363 0.00218291 0.000864422 0.00185491 0.740241 0.000463188 0.582229 0.000614913 
6 1.5 93240000 5.53499 0.0117799 -5.96348 0.00515012 38.165 0.0590148 1765.11 4.77273 0.00119363 0.00218291 0.000864422 0.00184989 0.740241 0.000463188 0.582229 0.000614913 
6 1.5 93600000 5.53499 0.0117799 -5.96348 0.00515012 38.165 0.0590148 1765.11 4.77273 0.00119363 0.00218291 0.000864422 0.00184381 0.740241 0.000463188 0.582229 0.000614913 
6 1.5 93960000 5.53499 0.0117799 -5.96348 0.00515012 38.165 0.0590148 1765.11 4.77273 0.00119363 0.00218291 0.000864422 0.00183683 0.740241 0.000463188 0.582229 0.000614913 
6 1.5 94320000 5.53499 0.0117799 -5.96348 0.00515012 38.165 0.0590148 1765.11 4.77273 0.00119363 0.00218291 0.000864422 0.00184253 0.740241 0.000463188 0.582229 0.000614913 
6 1.5 94680000 5.53676 0.0108179 -5.9639 0.00484592 38.168 0.0554011 1765.25 4.47653 0.00135924 0.00196171 0.000223535 0.00183823 0.740309 0.000439149 0.582305 0.000581107 
6 1.5 95040000 5.53676 0.0108179 -5.9639 0.00484592 38.168 0.0554011 1765.25 4.47653 0.00135924 0.00196171 0.000223535 0.00183342 0.740309 0.000439149 0.582305 0.000581107 
6 1.5 95400000 5.53676 0.0108179 -5.9639 0.00484592 38.168 0.0554011 1765.25 4.47653 0.00135924 0.00196171 0.000223535 0.00183323 0.740309 0.000439149 0.582305 0.000581107 
6 1.5 95760000 5.53676 0.0108179 -5.9639 0.00484592 38.168 0.0554011 1765.25 4.47653 0.00135924 0.00196171 0.000223535 0.00182816 0.740309 0.000439149 0.582305 0.000581107 
6 1.5 96120000 5.53676 0.0108179 -5.9639 0.00484592 38.168 0.0554011 1765.25 4.47653 0.00135924 0.00194222 0.000223535 0.00182212 0.740309 0.000439149 0.582305 0.000581107 
6 1.5 96480000 5.53676 0.0108179 -5.9639 0.00484592 38.168 0.0554011 1765.25 4.47653 0.00135924 0.00193643 0.000223535 0.001827 0.740309 0.000439149 0.582305 0.000581107 
6 1.5 96840000 5.53676 0.0108179 -5.9639 0.00484592 38.168 0.0554011 1765.25 4.47653 0.00135924 0.00193617 0.000223535 0.00182063 0.740309 0.000439149 0.582305 0.000581107 
6 1.5 97200000 5.53676 0.0108179 -5.9639 0.00484592 38.168 0.0554011 1765.25 4.47653 0.00135924 0.00193617 0.000223535 0.00181614 0.740309 0.000439149 0.582305 0.000581107 
6 1.5 97560000 5.53676 0.0108179 -5.9639 0.00484592 38.168 0.0554011 1765.25 4.47653 0.00135924 0.00193617 0.000223535 0.00180977 0.740309 0.000439149 0.582305 0.000581107 
6 1.5 97920000 5.53676 0.0108179 -5.9639 0.00484592 38.168 0.0554011 1765.25 4.47653 0.00135924 0.00193617 0.000223535 0.00180466 0.740309 0.000439149 0.582305 0.000581107 
6 1.5 98280000 5.53676 0.0108179 -5.9639 0.00484592 38.168 0.0554011 1765.25 4.47653 0.00135924 0.00193617 0.000223535 0.00180177 0.740309 0.000439149 0.582305 0.000581107 
6 1.5 98640000 5.53676 0.0108179 -5.9639 0.00484592 38.168 0.0554011 1765.25 4.47653 0.00135924 0.00193617 0.000223535 0.00179841 0.740309 0.000439149 0.582305 0.000581107 
6 1.5 99000000 5.53676 0.0108179 -5.9639 0.00484592 38.168 0.0554011 1765.25 4.47653 0.00135924 0.00193617 0.000223535 0.00180873 0.740309 0.000439149 0.582305 0.000581107 
6 1.5 99360000 5.53676 0.0108179 -5.9639 0.00484592 38.168 0.0554011 1765.25 4.47653 0.00135924 0.00193617 0.000223535 0.00180325 0.740309 0.000439149 0.582305 0.000581107 
6 1.5 99720000 5.53676 0.0108179 -5.9639 0.00484592 38.168 0.0554011 1765.25 4.47653 0.00135924 0.00193617 0.000223535 0.00180212 0.740309 0.000439149 0.582305 0.000581107 
