L J MC_steps R2 R2_std E E_std E2 E2_std E4 E4_std Sin1 Sin1_std Cos1 Cos1_std Mag2 Mag2_std Mag4 Mag4_std
7 0.5 490000 11.7478 0.228657 -2.34423 0.0945485 11.6121 0.589463 392.891 42.2187 -0.00324763 0.0143775 -0.0243546 0.0138559 0.288925 0.00754646 0.132595 0.00596529 
7 0.5 980000 11.875 0.158483 -2.3272 0.0567208 11.2486 0.364109 369.994 24.7021 -0.00183893 0.0107054 -0.0132828 0.00945836 0.286911 0.00547184 0.130156 0.00405623 
7 0.5 1470000 11.9972 0.133322 -2.33831 0.0469251 11.23 0.292757 364.629 19.1801 0.000371145 0.00872903 -0.00925681 0.00727964 0.288535 0.0041111 0.131079 0.0032103 
7 0.5 1960000 12.1255 0.117229 -2.32545 0.0412362 11.1878 0.245602 359.177 15.592 0.00356626 0.00770862 -0.0081513 0.00638777 0.288236 0.003564 0.13132 0.00277051 
7 0.5 2450000 12.0646 0.106178 -2.31102 0.0349486 11.1263 0.225256 360.178 14.9796 0.00448259 0.00682697 -0.00644323 0.00560592 0.286102 0.00314087 0.129624 0.00243772 
7 0.5 2940000 12.027 0.113139 -2.32052 0.0315138 11.2148 0.202792 358.246 12.9889 0.00361169 0.0056427 -0.00531107 0.00529293 0.28789 0.00284476 0.130692 0.00223843 
7 0.5 3430000 11.9937 0.112965 -2.31267 0.0288385 11.1698 0.183651 354.575 11.631 0.00278144 0.00512561 -0.00346732 0.00530126 0.287279 0.0026014 0.130171 0.00203672 
7 0.5 3920000 12.0125 0.0968468 -2.29992 0.0268424 11.0467 0.175883 347.445 12.149 0.0010226 0.00462508 -0.00195856 0.00535342 0.286031 0.00239821 0.128886 0.00187155 
7 0.5 4410000 11.9885 0.0847411 -2.2848 0.0250314 10.9664 0.171797 343.291 11.4749 0.00232772 0.00417634 -0.00157015 0.00468722 0.284509 0.0021838 0.127778 0.00174548 
7 0.5 4900000 11.9774 0.0821724 -2.28536 0.0237408 10.9129 0.163185 339.437 11.105 6.08747e-05 0.00407215 0.0002177 0.00441914 0.28416 0.0020997 0.127269 0.00168553 
7 0.5 5390000 11.9859 0.080359 -2.28728 0.0226826 10.942 0.182457 341.399 11.4626 0.000573509 0.00383896 0.00131805 0.00422844 0.284788 0.00214035 0.127729 0.00166828 
7 0.5 5880000 12.0124 0.080359 -2.29085 0.0217272 10.971 0.182457 341.356 11.4626 0.000568206 0.00377876 0.00266477 0.00405282 0.285651 0.00197988 0.128319 0.00156295 
7 0.5 6370000 12.0143 0.0718043 -2.30081 0.0211994 11.0168 0.166697 342.339 9.59066 -0.00100154 0.00349542 0.00253782 0.00371708 0.286673 0.00224104 0.128732 0.00162792 
7 0.5 6860000 12.0437 0.0718043 -2.30367 0.0207022 11.027 0.166697 342.871 9.59066 -0.0015147 0.00353346 0.000589429 0.00390858 0.286962 0.00224104 0.128937 0.00159166 
7 0.5 7350000 12.0261 0.0652104 -2.30879 0.0201616 11.0634 0.149266 344.243 8.40747 -0.00180162 0.00337986 0.00223465 0.00396054 0.287426 0.00204339 0.12925 0.00151601 
7 0.5 7840000 12.0284 0.062503 -2.3112 0.0195777 11.0855 0.149266 344.293 8.40747 -0.000911097 0.00329562 0.00216931 0.00369705 0.287917 0.00204339 0.129663 0.0014461 
7 0.5 8330000 12.0375 0.0577714 -2.31072 0.0192024 11.0683 0.130686 342.97 7.4524 -0.000587729 0.00321482 0.00278873 0.00351749 0.288479 0.0020415 0.129976 0.00143645 
7 0.5 8820000 12.029 0.0557178 -2.31112 0.0186609 11.0833 0.130686 344.075 7.4524 -0.00180447 0.00309412 0.00307113 0.00332189 0.288414 0.0020415 0.129945 0.00143645 
7 0.5 9310000 12.0464 0.0546527 -2.30984 0.0180389 11.0887 0.117744 344.579 6.83126 -0.00158294 0.00293129 0.00305183 0.0031374 0.288621 0.00181961 0.130226 0.00130455 
7 0.5 9800000 12.0305 0.0540426 -2.30768 0.017507 11.0672 0.117744 343.529 6.79597 -0.001082 0.00281847 0.00241475 0.00303627 0.288328 0.00181961 0.129976 0.00129838 
7 0.5 10290000 12.0297 0.0513471 -2.31401 0.0170054 11.0935 0.107448 343.761 6.42424 -0.000912563 0.00277356 0.00311504 0.00296411 0.28869 0.00163897 0.130255 0.00124777 
7 0.5 10780000 12.0297 0.0500845 -2.31401 0.0167183 11.0935 0.10607 343.761 6.20918 -0.000912563 0.00267327 0.00311504 0.00282559 0.28869 0.00163897 0.130255 0.00119811 
7 0.5 11270000 12.0084 0.048829 -2.31618 0.01638 11.1177 0.103638 344.183 6.09236 -0.000824355 0.00260464 0.00310865 0.00269964 0.288609 0.00155565 0.130306 0.00115774 
7 0.5 11760000 12.0084 0.048055 -2.31618 0.0160323 11.1177 0.101175 344.183 5.98239 -0.000824355 0.00254507 0.00310865 0.00266693 0.288609 0.00155565 0.130306 0.00112675 
7 0.5 12250000 12.0189 0.0458297 -2.31831 0.0156469 11.1085 0.0981934 342.925 5.7953 -0.000915191 0.00249737 0.00345406 0.00257692 0.288812 0.00143317 0.130522 0.0011076 
7 0.5 12740000 12.0189 0.0451716 -2.31831 0.0153788 11.1085 0.0962184 342.925 5.67796 -0.000915191 0.00244723 0.00345406 0.00248579 0.288812 0.00139651 0.130522 0.00107269 
7 0.5 13230000 12.0077 0.045451 -2.31992 0.0152234 11.1126 0.0949613 342.984 5.58317 -0.000416797 0.00239449 0.00286495 0.00241341 0.288849 0.00137423 0.130444 0.00105535 
7 0.5 13720000 12.0077 0.0439347 -2.31992 0.0149576 11.1126 0.0939523 342.984 5.522 -0.000416797 0.00233452 0.00286495 0.00243367 0.288849 0.00135337 0.130444 0.00104155 
7 0.5 14210000 12.0058 0.0424124 -2.32328 0.0146231 11.1035 0.0923435 342.281 5.42737 -0.000145334 0.00230058 0.00173961 0.00244538 0.288938 0.0013236 0.130343 0.0010251 
7 0.5 14700000 12.0058 0.0409636 -2.32328 0.014341 11.1035 0.0901175 342.281 5.28694 -0.000145334 0.00234112 0.00173961 0.00244538 0.288938 0.00129021 0.130343 0.00100161 
7 0.5 15190000 12.0097 0.0396959 -2.32005 0.0141099 11.0965 0.0887984 342.566 5.18771 -0.00135952 0.00231464 0.00080711 0.00244538 0.288364 0.00131002 0.12991 0.000996057 
7 0.5 15680000 12.0097 0.0384575 -2.32005 0.0138765 11.0965 0.0874632 342.566 5.08096 -0.00135952 0.00225867 0.00080711 0.00244538 0.288364 0.00134258 0.12991 0.000987827 
7 0.5 16170000 12.0117 0.0376004 -2.32876 0.0136278 11.1262 0.0853378 342.727 4.8596 -0.00159506 0.00221688 0.000526942 0.0024218 0.289092 0.00135862 0.130209 0.000957933 
7 0.5 16660000 12.0117 0.0371172 -2.32876 0.0133893 11.1262 0.0839788 342.727 4.76841 -0.00159506 0.00220635 0.000526942 0.0024218 0.289092 0.00135862 0.130209 0.000945417 
7 0.5 17150000 12.0056 0.0366988 -2.32965 0.0130572 11.1314 0.0819464 342.031 4.66452 -0.00118364 0.00214588 1.80516e-05 0.0024218 0.289331 0.00129953 0.130325 0.000931205 
7 0.5 17640000 12.0056 0.0359816 -2.32965 0.0127787 11.1314 0.0798462 342.031 4.55628 -0.00118364 0.00212521 1.80516e-05 0.0024218 0.289331 0.00129953 0.130325 0.000904636 
7 0.5 18130000 11.9931 0.0355639 -2.3286 0.0127904 11.1214 0.0803283 341.144 4.55386 -0.00221805 0.00207856 0.000508282 0.00223395 0.289394 0.00123766 0.130362 0.000923192 
7 0.5 18620000 11.9931 0.0351671 -2.3286 0.012615 11.1214 0.0794597 341.144 4.50442 -0.00221805 0.00204034 0.000508282 0.00223784 0.289394 0.0012289 0.130362 0.000903431 
7 0.5 19110000 11.9931 0.0349917 -2.3286 0.0123673 11.1214 0.077959 341.144 4.42322 -0.00221805 0.00201608 0.000508282 0.00223784 0.289394 0.0012289 0.130362 0.000893114 
7 0.5 19600000 11.9812 0.0351349 -2.32679 0.0121662 11.1253 0.0769245 342.285 4.37028 -0.00231847 0.00197621 0.000364206 0.00221367 0.28943 0.00118539 0.130398 0.000883636 
7 0.5 20090000 11.9812 0.0343282 -2.32679 0.0119479 11.1253 0.0758169 342.285 4.31355 -0.00231847 0.00194725 0.000364206 0.00219032 0.28943 0.00118584 0.130398 0.000889759 
7 0.5 20580000 11.9841 0.0339022 -2.32787 0.0117372 11.1453 0.0745137 342.964 4.30593 -0.00165149 0.00193143 0.000874192 0.00244315 0.289787 0.00118799 0.130669 0.000874849 
7 0.5 21070000 11.9841 0.0333647 -2.32787 0.011568 11.1453 0.0730386 342.964 4.21169 -0.00165149 0.00188756 0.000874192 0.00244315 0.289787 0.00118799 0.130669 0.000854733 
7 0.5 21560000 11.9841 0.0329022 -2.32787 0.0113991 11.1453 0.071995 342.964 4.21627 -0.00165149 0.00186129 0.000874192 0.00244315 0.289787 0.00118799 0.130669 0.000840544 
7 0.5 22050000 11.9841 0.0324416 -2.32787 0.0112 11.1453 0.0706597 342.964 4.13904 -0.00165149 0.00182719 0.000874192 0.00244315 0.289787 0.00118799 0.130669 0.000824459 
7 0.5 22540000 11.9885 0.0320445 -2.3273 0.0110761 11.1564 0.0700958 344.018 4.09644 -0.00162701 0.00181272 0.000582116 0.00244315 0.289725 0.00118799 0.130732 0.000818732 
7 0.5 23030000 11.9885 0.0315704 -2.3273 0.0109643 11.1564 0.0691697 344.018 4.04912 -0.00162701 0.00179545 0.000582116 0.00244315 0.289725 0.00118799 0.130732 0.000803851 
7 0.5 23520000 11.9885 0.0312552 -2.3273 0.0108183 11.1564 0.0685812 344.018 3.98595 -0.00162701 0.00175812 0.000582116 0.00244315 0.289725 0.00118799 0.130732 0.00079533 
7 0.5 24010000 11.9885 0.0310364 -2.3273 0.0107295 11.1564 0.0676766 344.018 3.93225 -0.00162701 0.00174811 0.000582116 0.00244315 0.289725 0.00118799 0.130732 0.000779443 
7 0.5 24500000 11.9945 0.0309288 -2.3264 0.0106235 11.1401 0.0670368 343.139 3.8634 -0.00118755 0.00174102 0.000210594 0.00212417 0.289295 0.00108726 0.130269 0.000772251 
7 0.5 24990000 11.9945 0.030558 -2.3264 0.0105638 11.1401 0.0661666 343.139 3.81858 -0.00118755 0.00171199 0.000210594 0.00212417 0.289295 0.00108726 0.130269 0.000763442 
7 0.5 25480000 11.9945 0.0301389 -2.3264 0.0104899 11.1401 0.065973 343.139 3.80486 -0.00118755 0.00169232 0.000210594 0.00212417 0.289295 0.00108726 0.130269 0.000752895 
7 0.5 25970000 11.9945 0.0298004 -2.3264 0.0103512 11.1401 0.0649637 343.139 3.74692 -0.00118755 0.0017024 0.000210594 0.00212417 0.289295 0.00108726 0.130269 0.000738578 
7 0.5 26460000 12.0068 0.0295576 -2.32621 0.010263 11.1263 0.0639982 341.742 3.69253 -0.000873299 0.00169817 -0.000103303 0.00212417 0.289317 0.00108726 0.130223 0.000729722 
7 0.5 26950000 12.0068 0.0293359 -2.32621 0.0101699 11.1263 0.0637982 341.742 3.70463 -0.000873299 0.00168118 -0.000103303 0.00212417 0.289317 0.00108726 0.130223 0.000731114 
7 0.5 27440000 12.0068 0.0291149 -2.32621 0.0101032 11.1263 0.062913 341.742 3.6511 -0.000873299 0.0016777 -0.000103303 0.00212417 0.289317 0.00108726 0.130223 0.000729722 
7 0.5 27930000 12.0068 0.0287094 -2.32621 0.00998875 11.1263 0.0620729 341.742 3.61149 -0.000873299 0.00165033 -0.000103303 0.00212417 0.289317 0.00108726 0.130223 0.000729722 
7 0.5 28420000 12.0028 0.0284928 -2.32314 0.00990477 11.106 0.0616018 340.526 3.6055 -0.000889639 0.00164428 3.35061e-05 0.00182808 0.28903 0.000963597 0.129976 0.000710095 
7 0.5 28910000 12.0028 0.0282532 -2.32314 0.00980472 11.106 0.0610704 340.526 3.55678 -0.000889639 0.0016211 3.35061e-05 0.00182808 0.28903 0.000963597 0.129976 0.000701837 
7 0.5 29400000 12.0028 0.0281364 -2.32314 0.00970203 11.106 0.0605242 340.526 3.53418 -0.000889639 0.0016113 3.35061e-05 0.00182808 0.28903 0.000963597 0.129976 0.000698046 
7 0.5 29890000 12.0028 0.027823 -2.32314 0.00960769 11.106 0.0598394 340.526 3.4773 -0.000889639 0.00159906 3.35061e-05 0.00182808 0.28903 0.000963597 0.129976 0.000690495 
7 0.5 30380000 12.0139 0.0276692 -2.32096 0.00954009 11.0927 0.0594249 339.499 3.45737 -0.00124734 0.00158933 5.10941e-06 0.00182808 0.288989 0.000963597 0.129925 0.000683606 
7 0.5 30870000 12.0139 0.0273997 -2.32096 0.00951065 11.0927 0.06008 339.499 3.55037 -0.00124734 0.00156847 5.10941e-06 0.00182808 0.288989 0.000963597 0.129925 0.000695939 
7 0.5 31360000 12.0139 0.0272298 -2.32096 0.00943552 11.0927 0.0591329 339.499 3.50266 -0.00124734 0.00155089 5.10941e-06 0.00182808 0.288989 0.000963597 0.129925 0.000685924 
7 0.5 31850000 12.0139 0.0265795 -2.32096 0.00932228 11.0927 0.058406 339.499 3.45249 -0.00124734 0.00154671 5.10941e-06 0.00182808 0.288989 0.000963597 0.129925 0.00068198 
7 0.5 32340000 12.0177 0.0269709 -2.32201 0.00935008 11.104 0.0581019 340.498 3.4324 -0.000884706 0.00153354 -0.00051136 0.00167881 0.288963 0.000883329 0.12995 0.000675741 
7 0.5 32830000 12.0177 0.0269709 -2.32201 0.0092086 11.104 0.0572975 340.498 3.39515 -0.000884706 0.00151536 -0.00051136 0.00167881 0.288963 0.000883329 0.12995 0.000666667 
7 0.5 33320000 12.0177 0.0264344 -2.32201 0.00907847 11.104 0.0566206 340.498 3.35251 -0.000884706 0.00150085 -0.00051136 0.00167881 0.288963 0.000862667 0.12995 0.000662003 
7 0.5 33810000 12.0177 0.0264344 -2.32201 0.00902399 11.104 0.0563895 340.498 3.33065 -0.000884706 0.00149215 -0.00051136 0.00167881 0.288963 0.000856567 0.12995 0.000657489 
7 0.5 34300000 12.0164 0.0261638 -2.32386 0.00895697 11.1179 0.0559375 341.307 3.30231 -0.0012477 0.00147913 -0.000593633 0.00167881 0.289048 0.000845519 0.130098 0.000650273 
7 0.5 34790000 12.0164 0.0261638 -2.32386 0.00892084 11.1179 0.0554398 341.307 3.25821 -0.0012477 0.00146539 -0.000593633 0.00167881 0.289048 0.000845519 0.130098 0.000644713 
7 0.5 35280000 12.0164 0.0256471 -2.32386 0.00880526 11.1179 0.055117 341.307 3.2361 -0.0012477 0.00144729 -0.000593633 0.00167881 0.289048 0.000845519 0.130098 0.000635877 
7 0.5 35770000 12.0164 0.025425 -2.32386 0.00877273 11.1179 0.0549658 341.307 3.23749 -0.0012477 0.00143939 -0.000593633 0.00167881 0.289048 0.000845519 0.130098 0.000647941 
7 0.5 36260000 12.0143 0.0249771 -2.32241 0.00865227 11.1283 0.0542644 341.754 3.19405 -0.00117198 0.00143341 -0.000388638 0.00150068 0.288923 0.000825448 0.130075 0.000639225 
7 0.5 36750000 12.0143 0.0248703 -2.32241 0.00856234 11.1283 0.0537121 341.754 3.15964 -0.00117198 0.00142605 -0.000388638 0.00149675 0.288923 0.000820568 0.130075 0.000631352 
7 0.5 37240000 12.0143 0.0245339 -2.32241 0.00847987 11.1283 0.0530253 341.754 3.12401 -0.00117198 0.00141252 -0.000388638 0.00149675 0.288923 0.000804343 0.130075 0.000623397 
7 0.5 37730000 12.0143 0.0243761 -2.32241 0.00841271 11.1283 0.0526181 341.754 3.09113 -0.00117198 0.00141179 -0.000388638 0.00149675 0.288923 0.000798903 0.130075 0.000615666 
7 0.5 38220000 12.0113 0.0241379 -2.32104 0.00839697 11.1149 0.0525775 341.426 3.08068 -0.00121864 0.00139781 -2.70346e-05 0.00149675 0.288785 0.00079253 0.129934 0.000615723 
7 0.5 38710000 12.0113 0.0239317 -2.32104 0.00832601 11.1149 0.0521279 341.426 3.05413 -0.00121864 0.0013932 -2.70346e-05 0.00149675 0.288785 0.000790563 0.129934 0.000614661 
7 0.5 39200000 12.0113 0.0237124 -2.32104 0.00823106 11.1149 0.0515425 341.426 3.02309 -0.00121864 0.00138329 -2.70346e-05 0.00149675 0.288785 0.000781414 0.129934 0.000608205 
7 0.5 39690000 12.0113 0.0234486 -2.32104 0.0081672 11.1149 0.0510594 341.426 2.99335 -0.00121864 0.00137206 -2.70346e-05 0.00149675 0.288785 0.000772328 0.129934 0.000600836 
7 0.5 40180000 12.0113 0.0234388 -2.32104 0.00815089 11.1149 0.0507774 341.426 2.97449 -0.00121864 0.00136531 -2.70346e-05 0.00149675 0.288785 0.000772328 0.129934 0.000598613 
7 0.5 40670000 12.0092 0.0236469 -2.32055 0.00813707 11.1167 0.0505596 341.6 2.95072 -0.000852483 0.00135615 -8.95638e-05 0.00137663 0.288757 0.000764735 0.129944 0.000594946 
7 0.5 41160000 12.0092 0.0233652 -2.32055 0.00809198 11.1167 0.0503371 341.6 2.94367 -0.000852483 0.00134345 -8.95638e-05 0.00137663 0.288757 0.000764735 0.129944 0.000591782 
7 0.5 41650000 12.0092 0.0232771 -2.32055 0.00802799 11.1167 0.0498462 341.6 2.91194 -0.000852483 0.0013459 -8.95638e-05 0.00137663 0.288757 0.000753994 0.129944 0.000589661 
7 0.5 42140000 12.0092 0.0231129 -2.32055 0.0079902 11.1167 0.0495761 341.6 2.89599 -0.000852483 0.00133106 -8.95638e-05 0.00137663 0.288757 0.000748194 0.129944 0.000584491 
7 0.5 42630000 12.0092 0.0229524 -2.32055 0.00795021 11.1167 0.0493554 341.6 2.89915 -0.000852483 0.0013199 -8.95638e-05 0.00137663 0.288757 0.000742732 0.129944 0.000583385 
7 0.5 43120000 12.0092 0.0227393 -2.32055 0.00791232 11.1167 0.0491396 341.6 2.88001 -0.000852483 0.0013163 -8.95638e-05 0.00137663 0.288757 0.000742669 0.129944 0.000582222 
7 0.5 43610000 12.0092 0.0227059 -2.32055 0.0078581 11.1167 0.048858 341.6 2.85893 -0.000852483 0.00131851 -8.95638e-05 0.00137663 0.288757 0.000757782 0.129944 0.000583704 
7 0.5 44100000 12.0092 0.0225317 -2.32055 0.00781602 11.1167 0.0485396 341.6 2.83216 -0.000852483 0.00131146 -8.95638e-05 0.00137663 0.288757 0.000757782 0.129944 0.000583704 
7 0.5 44590000 12.0136 0.0227593 -2.31949 0.0077608 11.1067 0.0481642 340.994 2.83197 -0.000699982 0.00130136 -0.000237514 0.00127911 0.288573 0.0007419 0.129734 0.000571162 
7 0.5 45080000 12.0136 0.0225813 -2.31949 0.00772959 11.1067 0.0479088 340.994 2.84087 -0.000699982 0.00129619 -0.000237514 0.0012768 0.288573 0.0007419 0.129734 0.000571162 
7 0.5 45570000 12.0136 0.0223351 -2.31949 0.00768961 11.1067 0.047576 340.994 2.82356 -0.000699982 0.00128786 -0.000237514 0.00128799 0.288573 0.000725664 0.129734 0.000561262 
7 0.5 46060000 12.0136 0.0224714 -2.31949 0.00763297 11.1067 0.0476926 340.994 2.84814 -0.000699982 0.0012783 -0.000237514 0.00127413 0.288573 0.000725664 0.129734 0.000561262 
7 0.5 46550000 12.0136 0.0222721 -2.31949 0.0075854 11.1067 0.0483199 340.994 2.88642 -0.000699982 0.00126683 -0.000237514 0.00126095 0.288573 0.000716924 0.129734 0.000561918 
7 0.5 47040000 12.0136 0.0222919 -2.31949 0.00758197 11.1067 0.0480029 340.994 2.86345 -0.000699982 0.00125946 -0.000237514 0.00125941 0.288573 0.000717814 0.129734 0.000561574 
7 0.5 47530000 12.0136 0.0221367 -2.31949 0.00754969 11.1067 0.0476991 340.994 2.85102 -0.000699982 0.00125715 -0.000237514 0.00128196 0.288573 0.000717782 0.129734 0.000557736 
7 0.5 48020000 12.0136 0.021912 -2.31949 0.00754119 11.1067 0.0477567 340.994 2.84147 -0.000699982 0.00124631 -0.000237514 0.00127769 0.288573 0.000717782 0.129734 0.000552989 
7 0.5 48510000 12.027 0.0237971 -2.31423 0.00773916 11.0663 0.0534292 338.253 3.51643 -0.000904663 0.00123432 7.98225e-05 0.00127073 0.288164 0.000723859 0.129397 0.000561034 
7 0.5 49000000 12.027 0.0237971 -2.31423 0.00773916 11.0663 0.0534292 338.253 3.51643 -0.000904663 0.00122584 7.98225e-05 0.00125843 0.288164 0.000723859 0.129397 0.000561034 
7 0.5 49490000 12.027 0.0237971 -2.31423 0.00773916 11.0663 0.0534292 338.253 3.51643 -0.000904663 0.00121895 7.98225e-05 0.00124597 0.288164 0.000718656 0.129397 0.000561034 
7 0.5 49980000 12.027 0.0237971 -2.31423 0.00773916 11.0663 0.0534292 338.253 3.51643 -0.000904663 0.00121656 7.98225e-05 0.00124026 0.288164 0.000718656 0.129397 0.000561034 
7 0.5 50470000 12.027 0.0237971 -2.31423 0.00773916 11.0663 0.0534292 338.253 3.51643 -0.000904663 0.00121656 7.98225e-05 0.00122787 0.288164 0.00071785 0.129397 0.000561034 
7 0.5 50960000 12.027 0.0237971 -2.31423 0.00773916 11.0663 0.0534292 338.253 3.51643 -0.000904663 0.00121231 7.98225e-05 0.00122645 0.288164 0.00071785 0.129397 0.000561034 
7 0.5 51450000 12.027 0.0237971 -2.31423 0.00773916 11.0663 0.0534292 338.253 3.51643 -0.000904663 0.00120512 7.98225e-05 0.00122944 0.288164 0.00071785 0.129397 0.000561034 
7 0.5 51940000 12.027 0.0237971 -2.31423 0.00773916 11.0663 0.0534292 338.253 3.51643 -0.000904663 0.00120395 7.98225e-05 0.00122043 0.288164 0.00071785 0.129397 0.000561034 
7 0.5 52430000 12.0329 0.0237971 -2.3147 0.00773916 11.078 0.0534292 339.042 3.51643 -0.00136412 0.00120049 0.000104864 0.00121068 0.288289 0.000687341 0.129498 0.000535358 
7 0.5 52920000 12.0329 0.0237971 -2.3147 0.00773916 11.078 0.0534292 339.042 3.51643 -0.00136412 0.00118955 0.000104864 0.00119919 0.288289 0.000687341 0.129498 0.000535358 
7 0.5 53410000 12.0329 0.0237971 -2.3147 0.00773916 11.078 0.0534292 339.042 3.51643 -0.00136412 0.00118296 0.000104864 0.0011879 0.288289 0.000684874 0.129498 0.000535358 
7 0.5 53900000 12.0329 0.0237971 -2.3147 0.00773916 11.078 0.0534292 339.042 3.51643 -0.00136412 0.00117559 0.000104864 0.00118356 0.288289 0.000684874 0.129498 0.000535358 
7 0.5 54390000 12.0329 0.0237971 -2.3147 0.00773916 11.078 0.0534292 339.042 3.51643 -0.00136412 0.00117283 0.000104864 0.0011774 0.288289 0.000675657 0.129498 0.000535358 
7 0.5 54880000 12.0329 0.0237971 -2.3147 0.00773916 11.078 0.0534292 339.042 3.51643 -0.00136412 0.00116338 0.000104864 0.00117028 0.288289 0.000675657 0.129498 0.000535358 
7 0.5 55370000 12.0329 0.0237971 -2.3147 0.00773916 11.078 0.0534292 339.042 3.51643 -0.00136412 0.00116579 0.000104864 0.00116243 0.288289 0.000673478 0.129498 0.000535358 
7 0.5 55860000 12.0329 0.0237971 -2.3147 0.00773916 11.078 0.0534292 339.042 3.51643 -0.00136412 0.0011691 0.000104864 0.00116146 0.288289 0.000673478 0.129498 0.000535358 
7 0.5 56350000 12.023 0.0214549 -2.31604 0.00692371 11.0821 0.0480811 338.87 3.06772 -0.00113767 0.0011605 7.32225e-05 0.00115571 0.288466 0.000658512 0.129623 0.000510539 
7 0.5 56840000 12.023 0.0214549 -2.31604 0.00694426 11.0821 0.0480811 338.87 3.06772 -0.00113767 0.0011522 7.32225e-05 0.00114829 0.288466 0.000656912 0.129623 0.000509786 
7 0.5 57330000 12.023 0.0214549 -2.31604 0.00689338 11.0821 0.0480811 338.87 3.06772 -0.00113767 0.00115531 7.32225e-05 0.00114362 0.288466 0.000655816 0.129623 0.000508571 
7 0.5 57820000 12.023 0.0214549 -2.31604 0.00687035 11.0821 0.0480811 338.87 3.06772 -0.00113767 0.00115024 7.32225e-05 0.00113754 0.288466 0.000651468 0.129623 0.000505702 
7 0.5 58310000 12.023 0.0214549 -2.31604 0.00685181 11.0821 0.0480811 338.87 3.06772 -0.00113767 0.00114498 7.32225e-05 0.00112868 0.288466 0.000666935 0.129623 0.000517099 
7 0.5 58800000 12.023 0.0214549 -2.31604 0.00685181 11.0821 0.0480811 338.87 3.06772 -0.00113767 0.00114393 7.32225e-05 0.00112542 0.288466 0.000666935 0.129623 0.000517099 
7 0.5 59290000 12.023 0.0214549 -2.31604 0.00685181 11.0821 0.0480811 338.87 3.06772 -0.00113767 0.0011422 7.32225e-05 0.00111696 0.288466 0.000657211 0.129623 0.000517099 
7 0.5 59780000 12.023 0.0214549 -2.31604 0.00685181 11.0821 0.0480811 338.87 3.06772 -0.00113767 0.00113475 7.32225e-05 0.00110776 0.288466 0.000657211 0.129623 0.000517099 
7 0.5 60270000 12.023 0.0207208 -2.31206 0.00696372 11.0507 0.0517113 337.407 3.06772 -0.000744485 0.00113456 0.000423792 0.00110053 0.288126 0.00068838 0.129348 0.000540172 
7 0.5 60760000 12.023 0.0207208 -2.31206 0.00696372 11.0507 0.0517113 337.407 3.06772 -0.000744485 0.00113152 0.000423792 0.00109625 0.288126 0.00068838 0.129348 0.000540172 
7 0.5 61250000 12.023 0.0207208 -2.31206 0.00696372 11.0507 0.0517113 337.407 3.06772 -0.000744485 0.00112952 0.000423792 0.00109198 0.288126 0.00068838 0.129348 0.000540172 
7 0.5 61740000 12.023 0.0207208 -2.31206 0.00696372 11.0507 0.0517113 337.407 3.06772 -0.000744485 0.00112431 0.000423792 0.00108644 0.288126 0.00068838 0.129348 0.000540172 
7 0.5 62230000 12.023 0.0207208 -2.31206 0.00696372 11.0507 0.0517113 337.407 3.06772 -0.000744485 0.00111587 0.000423792 0.0010883 0.288126 0.00068838 0.129348 0.000540172 
7 0.5 62720000 12.023 0.0207208 -2.31206 0.00696372 11.0507 0.0517113 337.407 3.06772 -0.000744485 0.00110881 0.000423792 0.00108434 0.288126 0.00068838 0.129348 0.000540172 
7 0.5 63210000 12.023 0.0207208 -2.31206 0.00696372 11.0507 0.0517113 337.407 3.06772 -0.000744485 0.00110228 0.000423792 0.00107695 0.288126 0.00068838 0.129348 0.000540172 
7 0.5 63700000 12.023 0.0207208 -2.31206 0.00696372 11.0507 0.0517113 337.407 3.06772 -0.000744485 0.0011023 0.000423792 0.00107873 0.288126 0.00068838 0.129348 0.000540172 
7 0.5 64190000 12.023 0.0207208 -2.31206 0.00696372 11.0507 0.0517113 337.407 3.06772 -0.000744485 0.00109377 0.000423792 0.00108087 0.288126 0.00068838 0.129348 0.000540172 
7 0.5 64680000 12.0218 0.0188115 -2.30926 0.00871909 11.041 0.0570091 337.264 3.07591 -0.000654311 0.00109216 4.19343e-05 0.00107652 0.287876 0.000760904 0.129219 0.000581331 
7 0.5 65170000 12.0218 0.0189136 -2.30926 0.00871909 11.041 0.0570091 337.264 3.07591 -0.000654311 0.00109476 4.19343e-05 0.00106913 0.287876 0.000760904 0.129219 0.000581331 
7 0.5 65660000 12.0218 0.0188787 -2.30926 0.00871909 11.041 0.0570091 337.264 3.07591 -0.000654311 0.00109538 4.19343e-05 0.0010666 0.287876 0.000760904 0.129219 0.000581331 
7 0.5 66150000 12.0218 0.01882 -2.30926 0.00871909 11.041 0.0570091 337.264 3.07591 -0.000654311 0.00108852 4.19343e-05 0.00106414 0.287876 0.000760904 0.129219 0.000581331 
7 0.5 66640000 12.0218 0.0188115 -2.30926 0.00871909 11.041 0.0570091 337.264 3.07591 -0.000654311 0.00108286 4.19343e-05 0.00105844 0.287876 0.000760904 0.129219 0.000581331 
7 0.5 67130000 12.0218 0.0188115 -2.30926 0.00871909 11.041 0.0570091 337.264 3.07591 -0.000654311 0.0010758 4.19343e-05 0.00105648 0.287876 0.000760904 0.129219 0.000581331 
7 0.5 67620000 12.0218 0.0188115 -2.30926 0.00871909 11.041 0.0570091 337.264 3.07591 -0.000654311 0.00106884 4.19343e-05 0.00105136 0.287876 0.000760904 0.129219 0.000581331 
7 0.5 68110000 12.0218 0.0188115 -2.30926 0.00871909 11.041 0.0570091 337.264 3.07591 -0.000654311 0.00106524 4.19343e-05 0.0010479 0.287876 0.000760904 0.129219 0.000581331 
7 0.5 68600000 12.0222 0.0186989 -2.3064 0.00871909 11.0299 0.0570091 336.861 3.07591 1.10029e-05 0.00105859 0.000503739 0.00105932 0.287718 0.000760904 0.129106 0.000581331 
7 0.5 69090000 12.0222 0.018602 -2.3064 0.00871909 11.0299 0.0570091 336.861 3.07591 1.10029e-05 0.00105947 0.000503739 0.00105932 0.287718 0.000760904 0.129106 0.000581331 
7 0.5 69580000 12.0222 0.0186847 -2.3064 0.00871909 11.0299 0.0570091 336.861 3.07591 1.10029e-05 0.00105267 0.000503739 0.00105932 0.287718 0.000760904 0.129106 0.000581331 
7 0.5 70070000 12.0222 0.0187365 -2.3064 0.00871909 11.0299 0.0570091 336.861 3.07591 1.10029e-05 0.00105256 0.000503739 0.00105932 0.287718 0.000760904 0.129106 0.000581331 
7 0.5 70560000 12.0222 0.0186104 -2.3064 0.00871909 11.0299 0.0570091 336.861 3.07591 1.10029e-05 0.00105234 0.000503739 0.00106688 0.287718 0.000760904 0.129106 0.000581331 
7 0.5 71050000 12.0222 0.0184901 -2.3064 0.00871909 11.0299 0.0570091 336.861 3.07591 1.10029e-05 0.00105451 0.000503739 0.0010594 0.287718 0.000760904 0.129106 0.000581331 
7 0.5 71540000 12.0222 0.0184854 -2.3064 0.00871909 11.0299 0.0570091 336.861 3.07591 1.10029e-05 0.00105578 0.000503739 0.00105932 0.287718 0.000760904 0.129106 0.000581331 
7 0.5 72030000 12.0222 0.0184411 -2.3064 0.00871909 11.0299 0.0570091 336.861 3.07591 1.10029e-05 0.00104867 0.000503739 0.00105932 0.287718 0.000760904 0.129106 0.000581331 
7 0.5 72520000 12.026 0.0183512 -2.30436 0.0090239 11.0169 0.0555379 336.061 2.96009 -0.000190039 0.00104498 0.000478095 0.00104588 0.287608 0.000721982 0.129021 0.000549327 
7 0.5 73010000 12.026 0.0182286 -2.30436 0.0090239 11.0169 0.0555379 336.061 2.96009 -0.000190039 0.00104027 0.000478095 0.00104283 0.287608 0.000721982 0.129021 0.000549327 
7 0.5 73500000 12.026 0.0181217 -2.30436 0.0090239 11.0169 0.0555379 336.061 2.96009 -0.000190039 0.00103399 0.000478095 0.00103667 0.287608 0.000721982 0.129021 0.000549327 
7 0.5 73990000 12.026 0.0180115 -2.30436 0.0090239 11.0169 0.0555379 336.061 2.96009 -0.000190039 0.00103273 0.000478095 0.00103596 0.287608 0.000721982 0.129021 0.000549327 
7 0.5 74480000 12.026 0.017895 -2.30436 0.0090239 11.0169 0.0555379 336.061 2.96009 -0.000190039 0.00102747 0.000478095 0.00103188 0.287608 0.000721982 0.129021 0.000549327 
7 0.5 74970000 12.026 0.0178872 -2.30436 0.0090239 11.0169 0.0555379 336.061 2.96009 -0.000190039 0.0010212 0.000478095 0.00102635 0.287608 0.000721982 0.129021 0.000549327 
7 0.5 75460000 12.026 0.017781 -2.30436 0.0090239 11.0169 0.0555379 336.061 2.96009 -0.000190039 0.00101767 0.000478095 0.00102001 0.287608 0.000721982 0.129021 0.000549327 
7 0.5 75950000 12.026 0.0176983 -2.30436 0.0090239 11.0169 0.0555379 336.061 2.96009 -0.000190039 0.00101217 0.000478095 0.00101339 0.287608 0.000721982 0.129021 0.000549327 
7 0.5 76440000 12.0286 0.0176728 -2.3042 0.0090239 11.0084 0.0555379 335.693 2.96009 -0.00044488 0.00100781 0.000441991 0.00100678 0.287504 0.000721982 0.128924 0.000549327 
7 0.5 76930000 12.0286 0.0175657 -2.3042 0.0090239 11.0084 0.0555379 335.693 2.96009 -0.00044488 0.00100258 0.000441991 0.00100516 0.287504 0.000721982 0.128924 0.000549327 
7 0.5 77420000 12.0286 0.017474 -2.3042 0.0090239 11.0084 0.0555379 335.693 2.96009 -0.00044488 0.000998447 0.000441991 0.00100368 0.287504 0.000721982 0.128924 0.000549327 
7 0.5 77910000 12.0286 0.0174302 -2.3042 0.0090239 11.0084 0.0555379 335.693 2.96009 -0.00044488 0.000992432 0.000441991 0.00100298 0.287504 0.000721982 0.128924 0.000549327 
7 0.5 78400000 12.0286 0.0173748 -2.3042 0.0090239 11.0084 0.0555379 335.693 2.96009 -0.00044488 0.000986366 0.000441991 0.000999103 0.287504 0.000721982 0.128924 0.000549327 
7 0.5 78890000 12.0286 0.0173047 -2.3042 0.0090239 11.0084 0.0555379 335.693 2.96009 -0.00044488 0.000980797 0.000441991 0.00100266 0.287504 0.000721982 0.128924 0.000549327 
7 0.5 79380000 12.0286 0.017233 -2.3042 0.0090239 11.0084 0.0555379 335.693 2.96009 -0.00044488 0.000976901 0.000441991 0.000998043 0.287504 0.000721982 0.128924 0.000549327 
7 0.5 79870000 12.0286 0.0171755 -2.3042 0.0090239 11.0084 0.0555379 335.693 2.96009 -0.00044488 0.000972304 0.000441991 0.000993258 0.287504 0.000721982 0.128924 0.000549327 
7 0.5 80360000 12.0253 0.0170715 -2.30511 0.00815246 11.014 0.0500618 336.121 2.6647 -0.00043124 0.000966846 0.0007916 0.000987639 0.287511 0.000656288 0.128975 0.000496281 
7 0.5 80850000 12.0253 0.016995 -2.30511 0.00815246 11.014 0.0500618 336.121 2.6647 -0.00043124 0.000966838 0.0007916 0.000983354 0.287511 0.000656288 0.128975 0.000496281 
7 0.5 81340000 12.0253 0.0169253 -2.30511 0.00815246 11.014 0.0500618 336.121 2.6647 -0.00043124 0.000963479 0.0007916 0.000979064 0.287511 0.000656288 0.128975 0.000496281 
7 0.5 81830000 12.0253 0.0169304 -2.30511 0.00815246 11.014 0.0500618 336.121 2.6647 -0.00043124 0.000962473 0.0007916 0.000979064 0.287511 0.000656288 0.128975 0.000496281 
7 0.5 82320000 12.0253 0.0168956 -2.30511 0.00815246 11.014 0.0500618 336.121 2.6647 -0.00043124 0.000957133 0.0007916 0.00097796 0.287511 0.000656288 0.128975 0.000496281 
7 0.5 82810000 12.0253 0.0168234 -2.30511 0.00815246 11.014 0.0500618 336.121 2.6647 -0.00043124 0.000953447 0.0007916 0.000972864 0.287511 0.000656288 0.128975 0.000496281 
7 0.5 83300000 12.0253 0.0168083 -2.30511 0.00815246 11.014 0.0500618 336.121 2.6647 -0.00043124 0.000951166 0.0007916 0.000972699 0.287511 0.000656288 0.128975 0.000496281 
7 0.5 83790000 12.0253 0.0167523 -2.30511 0.00815246 11.014 0.0500618 336.121 2.6647 -0.00043124 0.000949123 0.0007916 0.000967184 0.287511 0.000656288 0.128975 0.000496281 
7 0.5 84280000 12.0253 0.0166535 -2.30511 0.00815246 11.014 0.0500618 336.121 2.6647 -0.00043124 0.000943809 0.0007916 0.000964668 0.287511 0.000656288 0.128975 0.000496281 
7 0.5 84770000 12.0253 0.0165591 -2.30511 0.00815246 11.014 0.0500618 336.121 2.6647 -0.00043124 0.000941682 0.0007916 0.000960434 0.287511 0.000656288 0.128975 0.000496281 
7 0.5 85260000 12.0253 0.0165508 -2.30511 0.00815246 11.014 0.0500618 336.121 2.6647 -0.00043124 0.000936574 0.0007916 0.000954884 0.287511 0.000656288 0.128975 0.000496281 
7 0.5 85750000 12.0253 0.0165849 -2.30511 0.00815246 11.014 0.0500618 336.121 2.6647 -0.00043124 0.000931939 0.0007916 0.000954788 0.287511 0.000656288 0.128975 0.000496281 
7 0.5 86240000 12.0253 0.0165364 -2.30511 0.00815246 11.014 0.0500618 336.121 2.6647 -0.00043124 0.000930619 0.0007916 0.000950229 0.287511 0.000656288 0.128975 0.000496281 
7 0.5 86730000 12.0253 0.016525 -2.30511 0.00815246 11.014 0.0500618 336.121 2.6647 -0.00043124 0.000929121 0.0007916 0.000952574 0.287511 0.000656288 0.128975 0.000496281 
7 0.5 87220000 12.0253 0.0165293 -2.30511 0.00815246 11.014 0.0500618 336.121 2.6647 -0.00043124 0.00092613 0.0007916 0.00094711 0.287511 0.000656288 0.128975 0.000496281 
7 0.5 87710000 12.0253 0.0164611 -2.30511 0.00815246 11.014 0.0500618 336.121 2.6647 -0.00043124 0.000920848 0.0007916 0.000945633 0.287511 0.000656288 0.128975 0.000496281 
7 0.5 88200000 12.0253 0.0164168 -2.30511 0.00815246 11.014 0.0500618 336.121 2.6647 -0.00043124 0.000923399 0.0007916 0.000952237 0.287511 0.000656288 0.128975 0.000496281 
7 0.5 88690000 12.0335 0.0163399 -2.30487 0.00741479 11.0114 0.0455764 335.915 2.43041 -0.000331664 0.000919438 0.000860938 0.000947233 0.287406 0.000604952 0.128882 0.000459853 
7 0.5 89180000 12.0335 0.0162501 -2.30487 0.00741479 11.0114 0.0455764 335.915 2.43041 -0.000331664 0.000916537 0.000860938 0.000943464 0.287406 0.000604952 0.128882 0.000459853 
7 0.5 89670000 12.0335 0.0161806 -2.30487 0.00741479 11.0114 0.0455764 335.915 2.43041 -0.000331664 0.00092052 0.000860938 0.000942051 0.287406 0.000604952 0.128882 0.000459853 
7 0.5 90160000 12.0335 0.0161422 -2.30487 0.00741479 11.0114 0.0455764 335.915 2.43041 -0.000331664 0.000915772 0.000860938 0.000941474 0.287406 0.000604952 0.128882 0.000459853 
7 0.5 90650000 12.0335 0.0160777 -2.30487 0.00741479 11.0114 0.0455764 335.915 2.43041 -0.000331664 0.0009111 0.000860938 0.000940954 0.287406 0.000604952 0.128882 0.000459853 
7 0.5 91140000 12.0335 0.0160139 -2.30487 0.00741479 11.0114 0.0455764 335.915 2.43041 -0.000331664 0.000906775 0.000860938 0.000935795 0.287406 0.000604952 0.128882 0.000459853 
7 0.5 91630000 12.0335 0.0159335 -2.30487 0.00741479 11.0114 0.0455764 335.915 2.43041 -0.000331664 0.000903061 0.000860938 0.000931009 0.287406 0.000604952 0.128882 0.000459853 
7 0.5 92120000 12.0335 0.0158918 -2.30487 0.00741479 11.0114 0.0455764 335.915 2.43041 -0.000331664 0.000900646 0.000860938 0.000926498 0.287406 0.000604952 0.128882 0.000459853 
7 0.5 92610000 12.0335 0.0158236 -2.30487 0.00741479 11.0114 0.0455764 335.915 2.43041 -0.000331664 0.000897556 0.000860938 0.000921535 0.287406 0.000604952 0.128882 0.000459853 
7 0.5 93100000 12.0335 0.0157439 -2.30487 0.00741479 11.0114 0.0455764 335.915 2.43041 -0.000331664 0.000895552 0.000860938 0.000916629 0.287406 0.000604952 0.128882 0.000459853 
7 0.5 93590000 12.0335 0.0156983 -2.30487 0.00741479 11.0114 0.0455764 335.915 2.43041 -0.000331664 0.000890894 0.000860938 0.000913908 0.287406 0.000604952 0.128882 0.000459853 
7 0.5 94080000 12.0335 0.0156983 -2.30487 0.00741479 11.0114 0.0455764 335.915 2.43041 -0.000331664 0.000887161 0.000860938 0.000909064 0.287406 0.000604952 0.128882 0.000459853 
7 0.5 94570000 12.0335 0.0156983 -2.30487 0.00741479 11.0114 0.0455764 335.915 2.43041 -0.000331664 0.000885581 0.000860938 0.000904296 0.287406 0.000604952 0.128882 0.000459853 
7 0.5 95060000 12.0335 0.0156983 -2.30487 0.00741479 11.0114 0.0455764 335.915 2.43041 -0.000331664 0.000882711 0.000860938 0.000899523 0.287406 0.000604952 0.128882 0.000459853 
7 0.5 95550000 12.0335 0.0156983 -2.30487 0.00741479 11.0114 0.0455764 335.915 2.43041 -0.000331664 0.00088116 0.000860938 0.000895233 0.287406 0.000604952 0.128882 0.000459853 
7 0.5 96040000 12.0335 0.0156983 -2.30487 0.00741479 11.0114 0.0455764 335.915 2.43041 -0.000331664 0.000879824 0.000860938 0.000890694 0.287406 0.000604952 0.128882 0.000459853 
7 0.5 96530000 12.0343 0.0153472 -2.30643 0.00695889 11.0193 0.0424623 336.584 2.31814 -4.57213e-05 0.000876961 0.000593677 0.000890134 0.287568 0.000575809 0.129006 0.000437879 
7 0.5 97020000 12.0343 0.0153586 -2.30643 0.00695889 11.0193 0.0424623 336.584 2.31814 -4.57213e-05 0.00087444 0.000593677 0.000885538 0.287568 0.000575809 0.129006 0.000437879 
7 0.5 97510000 12.0343 0.0153347 -2.30643 0.00695889 11.0193 0.0424623 336.584 2.31814 -4.57213e-05 0.000870209 0.000593677 0.000881717 0.287568 0.000575809 0.129006 0.000437879 
7 0.5 98000000 12.0343 0.0152625 -2.30643 0.00695889 11.0193 0.0424623 336.584 2.31814 -4.57213e-05 0.000870566 0.000593677 0.000880188 0.287568 0.000575809 0.129006 0.000437879 
7 0.5 98490000 12.0343 0.0152078 -2.30643 0.00695889 11.0193 0.0424623 336.584 2.31814 -4.57213e-05 0.000870548 0.000593677 0.000879962 0.287568 0.000575809 0.129006 0.000437879 
7 0.5 98980000 12.0343 0.0151468 -2.30643 0.00695889 11.0193 0.0424623 336.584 2.31814 -4.57213e-05 0.000866532 0.000593677 0.000877262 0.287568 0.000575809 0.129006 0.000437879 
7 0.5 99470000 12.0343 0.0150843 -2.30643 0.00695889 11.0193 0.0424623 336.584 2.31814 -4.57213e-05 0.000875752 0.000593677 0.000876837 0.287568 0.000575809 0.129006 0.000437879 
7 0.5 99960000 12.0343 0.0150797 -2.30643 0.00695889 11.0193 0.0424623 336.584 2.31814 -4.57213e-05 0.000872863 0.000593677 0.000882431 0.287568 0.000575809 0.129006 0.000437879 
