L J MC_steps R2 R2_std E E_std E2 E2_std E4 E4_std Sin1 Sin1_std Cos1 Cos1_std Mag2 Mag2_std Mag4 Mag4_std
7 1.25 490000 8.42857 0.208347 -6.541 0.0696367 47.1461 0.84603 2866.04 86.6363 0.0357805 0.0311795 0.0036279 0.0239495 0.650948 0.00731754 0.469838 0.00916084 
7 1.25 980000 8.32924 0.137297 -6.55427 0.0484269 47.3506 0.594541 2887.81 60.9369 0.0175082 0.0181193 -0.00563737 0.0155081 0.653175 0.0055362 0.471516 0.00690097 
7 1.25 1470000 8.32812 0.111976 -6.57562 0.0400313 47.6025 0.500682 2913.8 51.78 0.00753221 0.01433 -0.00591236 0.0128305 0.656244 0.00410903 0.475372 0.00504305 
7 1.25 1960000 8.35 0.095863 -6.61741 0.035439 48.0681 0.442215 2956.73 45.272 0.00744204 0.0114778 -0.00201765 0.0116263 0.660871 0.00382792 0.48059 0.00438656 
7 1.25 2450000 8.38528 0.0854919 -6.59048 0.0331478 47.747 0.404945 2926.6 40.5223 0.0100001 0.0100719 -0.00213001 0.0105063 0.65764 0.00334343 0.477079 0.00390551 
7 1.25 2940000 8.33274 0.0807582 -6.59694 0.0303734 47.8739 0.372596 2944.04 37.4533 0.0102644 0.00948812 -0.000402935 0.00943667 0.656718 0.00299233 0.476287 0.00350797 
7 1.25 3430000 8.36929 0.0757099 -6.5732 0.027814 47.5903 0.334787 2913.5 33.7132 0.00502739 0.00971837 0.00154543 0.00881266 0.655121 0.00275013 0.474698 0.0032056 
7 1.25 3920000 8.33854 0.0723749 -6.58581 0.0258209 47.746 0.309715 2927.93 31.283 0.00385345 0.00870749 -0.00494736 0.00861981 0.655394 0.00278068 0.474847 0.00302954 
7 1.25 4410000 8.32835 0.0688614 -6.58413 0.0239718 47.6944 0.289252 2920.34 29.2791 0.0034948 0.00805905 0.000227155 0.00794561 0.654696 0.00247731 0.473946 0.00282744 
7 1.25 4900000 8.34539 0.0678468 -6.58259 0.0225798 47.6615 0.273449 2916.82 27.7566 0.00431232 0.00756441 0.00261657 0.00752415 0.654299 0.00227206 0.473372 0.00271993 
7 1.25 5390000 8.36055 0.063754 -6.57969 0.0211843 47.6139 0.258654 2910.19 26.8071 0.00532169 0.00703349 0.00687363 0.00850132 0.654571 0.00223448 0.473555 0.00257361 
7 1.25 5880000 8.36737 0.0584086 -6.57726 0.0200191 47.5811 0.244899 2906.84 25.0046 0.00284023 0.00659586 0.00468312 0.00800571 0.654137 0.00223448 0.472859 0.00253412 
7 1.25 6370000 8.37288 0.0554683 -6.57849 0.019137 47.6192 0.23407 2913.11 23.8007 0.00272788 0.0062968 0.00150584 0.00798865 0.65376 0.0020037 0.472796 0.00238677 
7 1.25 6860000 8.36508 0.0557255 -6.58276 0.0182644 47.6593 0.223959 2915.51 22.849 -0.000319485 0.00615057 -0.00131513 0.00798865 0.654523 0.0020037 0.473642 0.00224377 
7 1.25 7350000 8.35435 0.0522616 -6.58336 0.0176228 47.6726 0.217377 2915.57 22.2186 0.00073819 0.00590109 0.00275997 0.00825345 0.654531 0.0018599 0.473789 0.00211968 
7 1.25 7840000 8.36198 0.0516217 -6.58669 0.0171014 47.731 0.210818 2923.97 21.601 -0.00178388 0.00570396 0.00262186 0.00770438 0.654974 0.0018599 0.474452 0.00211562 
7 1.25 8330000 8.35071 0.0513633 -6.59268 0.0165129 47.802 0.203947 2929.67 20.9158 -0.00174445 0.00551634 0.00157348 0.00729383 0.655366 0.001805 0.47492 0.00213196 
7 1.25 8820000 8.33778 0.0499796 -6.58983 0.0160475 47.7536 0.198169 2924.39 20.2804 -0.00314584 0.00544827 -0.000753559 0.00722647 0.654991 0.001805 0.474498 0.00213196 
7 1.25 9310000 8.34191 0.0487983 -6.58951 0.0157682 47.7421 0.194477 2922.83 19.8553 -0.00289336 0.00533229 -0.000461606 0.00683089 0.654714 0.0017182 0.474133 0.00203516 
7 1.25 9800000 8.34293 0.0482332 -6.5867 0.0153775 47.7033 0.189288 2917.11 19.2561 -0.00286825 0.00518682 -0.000595205 0.00647268 0.654721 0.0017182 0.473998 0.00203516 
7 1.25 10290000 8.34453 0.0459863 -6.58568 0.014927 47.6846 0.183798 2914.83 18.74 -0.00295863 0.00503546 0.000625534 0.0062631 0.654454 0.00195918 0.473813 0.00232005 
7 1.25 10780000 8.34453 0.0454939 -6.58568 0.0144895 47.6846 0.178811 2914.83 18.6423 -0.00295863 0.0049638 0.000625534 0.0059765 0.654454 0.00195918 0.473813 0.00232005 
7 1.25 11270000 8.34526 0.0443704 -6.58694 0.0140904 47.7055 0.17687 2917.76 18.6423 -0.00283399 0.00485061 0.00153808 0.00572834 0.65478 0.00195918 0.474265 0.00232005 
7 1.25 11760000 8.34526 0.0424548 -6.58694 0.0137811 47.7055 0.17687 2917.76 18.6423 -0.00283399 0.00476616 0.00153808 0.00547946 0.65478 0.00195918 0.474265 0.00232005 
7 1.25 12250000 8.34595 0.0419737 -6.58754 0.0135171 47.7139 0.167643 2918.77 17.7322 -0.00115998 0.00467299 0.00101559 0.0052719 0.655256 0.00178944 0.474711 0.00210007 
7 1.25 12740000 8.34595 0.0404666 -6.58754 0.013203 47.7139 0.1629 2918.77 17.0675 -0.00115998 0.00458257 0.00101559 0.00519386 0.655256 0.00178944 0.474711 0.00210007 
7 1.25 13230000 8.33819 0.039593 -6.58544 0.0129216 47.6827 0.158946 2914.35 16.5545 -0.000673895 0.00453742 0.000905116 0.0051053 0.655315 0.00178944 0.474756 0.00210007 
7 1.25 13720000 8.33819 0.0383902 -6.58544 0.0127112 47.6827 0.156357 2914.35 16.4283 -0.000673895 0.00448552 0.000905116 0.0049373 0.655315 0.00178944 0.474756 0.00210007 
7 1.25 14210000 8.32533 0.0375376 -6.59075 0.0124298 47.7517 0.152652 2922.1 15.9124 -0.000698664 0.00439646 -0.000192263 0.00480136 0.655576 0.00156216 0.475058 0.00182845 
7 1.25 14700000 8.32533 0.037087 -6.59075 0.0122339 47.7517 0.149977 2922.1 15.529 -0.000698664 0.00432753 -0.000192263 0.00466557 0.655576 0.00156216 0.475058 0.00182845 
7 1.25 15190000 8.33835 0.036785 -6.58514 0.0120679 47.6897 0.148179 2917.2 15.3415 -0.0018378 0.00429196 0.000818352 0.00453417 0.655255 0.00156216 0.474713 0.00182845 
7 1.25 15680000 8.33835 0.0362404 -6.58514 0.0118416 47.6897 0.145361 2917.2 15.1518 -0.0018378 0.00421745 0.000818352 0.00438809 0.655255 0.00156216 0.474713 0.00182845 
7 1.25 16170000 8.33301 0.0363806 -6.58603 0.0115053 47.6974 0.142894 2917.2 15.0215 -0.00262229 0.00411539 0.00146633 0.00429274 0.655383 0.00137876 0.474839 0.00161291 
7 1.25 16660000 8.33301 0.0356025 -6.58603 0.0113878 47.6974 0.143431 2917.2 15.0949 -0.00262229 0.00406893 0.00146633 0.00421096 0.655383 0.00137876 0.474839 0.00161291 
7 1.25 17150000 8.33433 0.0357045 -6.58347 0.0112128 47.6821 0.140752 2915.55 14.7482 -0.00239943 0.00398771 0.000242306 0.00412661 0.655386 0.00137876 0.474898 0.00161291 
7 1.25 17640000 8.33433 0.0348058 -6.58347 0.011035 47.6821 0.138364 2915.55 14.4877 -0.00239943 0.00395594 0.000242306 0.00403074 0.655386 0.00137876 0.474898 0.00161291 
7 1.25 18130000 8.33127 0.0340497 -6.5885 0.0108305 47.7416 0.135841 2920.7 14.1879 -0.00161011 0.003876 0.000587995 0.0039196 0.655818 0.0012923 0.475453 0.00154604 
7 1.25 18620000 8.33127 0.0333216 -6.5885 0.0106885 47.7416 0.133968 2920.7 14.0035 -0.00161011 0.00386854 0.000587995 0.00382814 0.655818 0.0012923 0.475453 0.00154604 
7 1.25 19110000 8.33127 0.0330233 -6.5885 0.0106392 47.7416 0.13206 2920.7 13.8221 -0.00161011 0.00381222 0.000587995 0.00382814 0.655818 0.0012923 0.475453 0.00154604 
7 1.25 19600000 8.33172 0.0325655 -6.59085 0.0105327 47.7726 0.130486 2923.81 13.635 -0.00129968 0.00374653 0.000440839 0.00375792 0.656125 0.0012923 0.475849 0.00154604 
7 1.25 20090000 8.33172 0.0320503 -6.59085 0.0105259 47.7726 0.129881 2923.81 13.554 -0.00129968 0.00369339 0.000440839 0.00366629 0.656125 0.0012923 0.475849 0.00154604 
7 1.25 20580000 8.31982 0.0320002 -6.59595 0.0108242 47.8355 0.140274 2929.7 13.832 0.000364413 0.00365805 -0.000109143 0.00359239 0.656422 0.00129673 0.476227 0.00157331 
7 1.25 21070000 8.31982 0.0313802 -6.59595 0.0107132 47.8355 0.140274 2929.7 13.832 0.000364413 0.00365324 -0.000109143 0.00350499 0.656422 0.00129673 0.476227 0.00157331 
7 1.25 21560000 8.31982 0.0307602 -6.59595 0.0106917 47.8355 0.140274 2929.7 13.832 0.000364413 0.0036261 -0.000109143 0.0034602 0.656422 0.00129673 0.476227 0.00157331 
7 1.25 22050000 8.31982 0.0301234 -6.59595 0.0106917 47.8355 0.140274 2929.7 13.832 0.000364413 0.00361279 -0.000109143 0.00342714 0.656422 0.00129673 0.476227 0.00157331 
7 1.25 22540000 8.32768 0.0299467 -6.59577 0.0103889 47.8322 0.136142 2929.33 13.4451 0.000187395 0.00356181 0.000455986 0.00338174 0.656079 0.00122334 0.475864 0.00147145 
7 1.25 23030000 8.32768 0.0295411 -6.59577 0.0103889 47.8322 0.136142 2929.33 13.4451 0.000187395 0.00351099 0.000455986 0.00332038 0.656079 0.00122334 0.475864 0.00147145 
7 1.25 23520000 8.32768 0.0289334 -6.59577 0.00994672 47.8322 0.136142 2929.33 12.8781 0.000187395 0.0034571 0.000455986 0.00330886 0.656079 0.00122334 0.475864 0.00147145 
7 1.25 24010000 8.32768 0.0285315 -6.59577 0.00994672 47.8322 0.136142 2929.33 12.8781 0.000187395 0.00344016 0.000455986 0.00324598 0.656079 0.00122334 0.475864 0.00147145 
7 1.25 24500000 8.32161 0.0281332 -6.5975 0.00976666 47.8529 0.1219 2931.69 12.4494 0.000437292 0.00341348 0.00046005 0.00318387 0.656128 0.00112234 0.475858 0.00134884 
7 1.25 24990000 8.32161 0.0282353 -6.5975 0.00976666 47.8529 0.1219 2931.69 12.4494 0.000437292 0.00337862 0.00046005 0.0031374 0.656128 0.00112234 0.475858 0.00134884 
7 1.25 25480000 8.32161 0.0277343 -6.5975 0.0100775 47.8529 0.126021 2931.69 12.7282 0.000437292 0.00335961 0.00046005 0.00314804 0.656128 0.00112234 0.475858 0.00134884 
7 1.25 25970000 8.32161 0.0272531 -6.5975 0.0100775 47.8529 0.126021 2931.69 12.7282 0.000437292 0.0033139 0.00046005 0.00314531 0.656128 0.00112234 0.475858 0.00134884 
7 1.25 26460000 8.31336 0.0275431 -6.6003 0.00973602 47.8798 0.122881 2932.88 12.6547 0.000646689 0.00328382 0.000169477 0.00317659 0.656056 0.00103828 0.475679 0.0012569 
7 1.25 26950000 8.31336 0.0270973 -6.6003 0.00973602 47.8798 0.122881 2932.88 12.6547 0.000646689 0.00326835 0.000169477 0.00316115 0.656056 0.00103828 0.475679 0.0012569 
7 1.25 27440000 8.31336 0.026629 -6.6003 0.00943034 47.8798 0.11964 2932.88 12.4064 0.000646689 0.00323697 0.000169477 0.00310351 0.656056 0.00103828 0.475679 0.0012569 
7 1.25 27930000 8.31336 0.0264256 -6.6003 0.00943034 47.8798 0.11964 2932.88 12.4064 0.000646689 0.0032029 0.000169477 0.0030974 0.656056 0.00103828 0.475679 0.0012569 
7 1.25 28420000 8.31062 0.0261058 -6.59949 0.00927341 47.8761 0.11732 2933.63 12.0683 0.00280349 0.00325973 -0.00118687 0.00306039 0.655952 0.000969299 0.475587 0.00117051 
7 1.25 28910000 8.31062 0.0262302 -6.59949 0.00927341 47.8761 0.11732 2933.63 12.0683 0.00280349 0.00325973 -0.00118687 0.00301352 0.655952 0.000969299 0.475587 0.00117051 
7 1.25 29400000 8.31062 0.026042 -6.59949 0.00897119 47.8761 0.114261 2933.63 11.8253 0.00280349 0.00325973 -0.00118687 0.00297992 0.655952 0.000969299 0.475587 0.00117051 
7 1.25 29890000 8.31062 0.0257803 -6.59949 0.00897119 47.8761 0.114261 2933.63 11.8253 0.00280349 0.00325973 -0.00118687 0.00299858 0.655952 0.000969299 0.475587 0.00117051 
7 1.25 30380000 8.29554 0.0253565 -6.60058 0.00868725 47.8903 0.110457 2934.61 11.48 0.00331416 0.00325973 -0.00142243 0.00296179 0.655956 0.000904684 0.475606 0.00109263 
7 1.25 30870000 8.29554 0.024943 -6.60058 0.00868725 47.8903 0.110457 2934.61 11.48 0.00331416 0.00325973 -0.00142243 0.00291397 0.655956 0.000904684 0.475606 0.00109263 
7 1.25 31360000 8.29554 0.0245443 -6.60058 0.00840761 47.8903 0.106894 2934.61 11.1144 0.00331416 0.00325973 -0.00142243 0.00293756 0.655956 0.000904684 0.475606 0.00109263 
7 1.25 31850000 8.29554 0.0242351 -6.60058 0.00840761 47.8903 0.106894 2934.61 11.1144 0.00331416 0.00325973 -0.00142243 0.00294078 0.655956 0.000904684 0.475606 0.00109263 
7 1.25 32340000 8.3035 0.0240441 -6.59958 0.00821584 47.8692 0.105554 2931.64 11.0758 0.00374661 0.00298558 -0.000822499 0.00292639 0.655852 0.00085774 0.475447 0.00103595 
7 1.25 32830000 8.3035 0.0237595 -6.59958 0.00821584 47.8692 0.105554 2931.64 11.0758 0.00374661 0.00298558 -0.000822499 0.00288379 0.655852 0.000854019 0.475447 0.00103595 
7 1.25 33320000 8.3035 0.0235121 -6.59958 0.00809078 47.8692 0.103468 2931.64 10.7638 0.00374661 0.00298558 -0.000822499 0.00284162 0.655852 0.000854019 0.475447 0.00103595 
7 1.25 33810000 8.3035 0.0232068 -6.59958 0.00809078 47.8692 0.103468 2931.64 10.7638 0.00374661 0.00298558 -0.000822499 0.00280804 0.655852 0.000854019 0.475447 0.00103595 
7 1.25 34300000 8.30653 0.0229717 -6.59615 0.00809664 47.8324 0.102611 2929.25 10.5764 0.00363679 0.00298558 -0.00088112 0.00278359 0.655527 0.000863427 0.475093 0.00103372 
7 1.25 34790000 8.30653 0.0227198 -6.59615 0.00809664 47.8324 0.102611 2929.25 10.5764 0.00363679 0.00298558 -0.00088112 0.00276611 0.655527 0.000863427 0.475093 0.00103372 
7 1.25 35280000 8.30653 0.0224039 -6.59615 0.00789447 47.8324 0.0999537 2929.25 10.2836 0.00363679 0.00298558 -0.00088112 0.00286303 0.655527 0.000863427 0.475093 0.00103372 
7 1.25 35770000 8.30653 0.0225878 -6.59615 0.00789447 47.8324 0.0999537 2929.25 10.2836 0.00363679 0.00298558 -0.00088112 0.00282313 0.655527 0.000863427 0.475093 0.00103372 
7 1.25 36260000 8.30838 0.022367 -6.59761 0.0078386 47.8541 0.0981721 2931.53 10.1601 0.00365388 0.00277414 -0.000343162 0.00278412 0.655613 0.000819679 0.475287 0.000994388 
7 1.25 36750000 8.30838 0.0222765 -6.59761 0.00775612 47.8541 0.0981721 2931.53 10.1601 0.00365388 0.00274959 -0.000343162 0.00277275 0.655613 0.000819679 0.475287 0.000994388 
7 1.25 37240000 8.30838 0.0221418 -6.59761 0.00765192 47.8541 0.0965238 2931.53 10.0491 0.00365388 0.00272183 -0.000343162 0.00280503 0.655613 0.000819679 0.475287 0.000994388 
7 1.25 37730000 8.30838 0.0220352 -6.59761 0.00757463 47.8541 0.0965238 2931.53 10.0491 0.00365388 0.00270316 -0.000343162 0.00279117 0.655613 0.000819679 0.475287 0.000994388 
7 1.25 38220000 8.30058 0.0218731 -6.59747 0.00751386 47.8542 0.0950227 2931.68 9.97848 0.00280595 0.00269457 0.00167449 0.002827 0.655588 0.000784083 0.475269 0.000942218 
7 1.25 38710000 8.30058 0.0217311 -6.59747 0.00743826 47.8542 0.0950227 2931.68 9.97848 0.00280595 0.00268323 0.00167449 0.00281735 0.655588 0.000776923 0.475269 0.000942218 
7 1.25 39200000 8.30058 0.0215452 -6.59747 0.00741324 47.8542 0.0938261 2931.68 9.78006 0.00280595 0.00266003 0.00167449 0.00278894 0.655588 0.000776923 0.475269 0.000942218 
7 1.25 39690000 8.30058 0.0215657 -6.59747 0.00735376 47.8542 0.0938261 2931.68 9.78006 0.00280595 0.00265529 0.00167449 0.00275775 0.655588 0.000776923 0.475269 0.000942218 
7 1.25 40180000 8.30058 0.0214336 -6.59747 0.00734083 47.8542 0.0938261 2931.68 9.78006 0.00280595 0.00265529 0.00167449 0.00275775 0.655588 0.000776923 0.475269 0.000942218 
7 1.25 40670000 8.29729 0.0212806 -6.59424 0.00774996 47.815 0.0956484 2928.17 9.83419 0.00166116 0.0033233 0.000472449 0.00275971 0.655265 0.000802117 0.474881 0.00097175 
7 1.25 41160000 8.29729 0.0214579 -6.59424 0.00774996 47.815 0.0956484 2928.17 9.83419 0.00166116 0.0033233 0.000472449 0.00273052 0.655265 0.000802117 0.474881 0.00097175 
7 1.25 41650000 8.29729 0.0213197 -6.59424 0.00774996 47.815 0.0956484 2928.17 9.61289 0.00166116 0.0033233 0.000472449 0.00274178 0.655265 0.000802117 0.474881 0.00097175 
7 1.25 42140000 8.29729 0.0212905 -6.59424 0.00774996 47.815 0.0956484 2928.17 9.61289 0.00166116 0.0033233 0.000472449 0.00270919 0.655265 0.000802117 0.474881 0.00097175 
7 1.25 42630000 8.29729 0.0212409 -6.59424 0.00774996 47.815 0.0956484 2928.17 9.38407 0.00166116 0.0033233 0.000472449 0.00271731 0.655265 0.000774033 0.474881 0.000938438 
7 1.25 43120000 8.29729 0.0210093 -6.59424 0.00774996 47.815 0.0956484 2928.17 9.38407 0.00166116 0.0033233 0.000472449 0.00269079 0.655265 0.000774033 0.474881 0.000938438 
7 1.25 43610000 8.29729 0.0207851 -6.59424 0.00774996 47.815 0.0956484 2928.17 9.1794 0.00166116 0.0033233 0.000472449 0.00268296 0.655265 0.000774033 0.474881 0.000938438 
7 1.25 44100000 8.29729 0.0205657 -6.59424 0.00774996 47.815 0.0956484 2928.17 9.1794 0.00166116 0.0033233 0.000472449 0.00268296 0.655265 0.000774033 0.474881 0.000938438 
7 1.25 44590000 8.30209 0.0203972 -6.59447 0.00774996 47.8225 0.0956484 2929.84 9.14523 0.00155545 0.0033233 9.59576e-05 0.00263911 0.655116 0.000739149 0.474793 0.000898543 
7 1.25 45080000 8.30209 0.0203714 -6.59447 0.00774996 47.8225 0.0956484 2929.84 9.14523 0.00155545 0.0033233 9.59576e-05 0.00261322 0.655116 0.000739149 0.474793 0.000898543 
7 1.25 45570000 8.30209 0.0201501 -6.59447 0.00774996 47.8225 0.0956484 2929.84 8.95993 0.00155545 0.0033233 9.59576e-05 0.00260242 0.655116 0.000739149 0.474793 0.000898543 
7 1.25 46060000 8.30209 0.0202697 -6.59447 0.00774996 47.8225 0.0956484 2929.84 8.95993 0.00155545 0.0033233 9.59576e-05 0.00260242 0.655116 0.000739149 0.474793 0.000898543 
7 1.25 46550000 8.30209 0.0201166 -6.59447 0.00774996 47.8225 0.0956484 2929.84 8.76591 0.00155545 0.0033233 9.59576e-05 0.00259202 0.655116 0.0007098 0.474793 0.000868513 
7 1.25 47040000 8.30209 0.0199505 -6.59447 0.00774996 47.8225 0.0956484 2929.84 8.76591 0.00155545 0.0033233 9.59576e-05 0.00259425 0.655116 0.0007098 0.474793 0.000868513 
7 1.25 47530000 8.30209 0.0197864 -6.59447 0.00774996 47.8225 0.0956484 2929.84 8.67513 0.00155545 0.0033233 9.59576e-05 0.00260682 0.655116 0.0007098 0.474793 0.000868513 
7 1.25 48020000 8.30209 0.0200222 -6.59447 0.00774996 47.8225 0.0956484 2929.84 8.62966 0.00155545 0.0033233 9.59576e-05 0.00258085 0.655116 0.0007098 0.474793 0.000868513 
7 1.25 48510000 8.31651 0.0218548 -6.59432 0.00658696 47.8162 0.0817061 2929.39 8.61386 0.000992548 0.00283588 -4.61553e-05 0.00255437 0.655139 0.000686318 0.474846 0.000835545 
7 1.25 49000000 8.31651 0.0218548 -6.59432 0.00658536 47.8162 0.0817865 2929.39 8.61386 0.000992548 0.00283588 -4.61553e-05 0.00252974 0.655139 0.000682579 0.474846 0.000835545 
7 1.25 49490000 8.31651 0.0218548 -6.59432 0.00655604 47.8162 0.0828975 2929.39 8.66962 0.000992548 0.00283588 -4.61553e-05 0.00252757 0.655139 0.000681447 0.474846 0.000835545 
7 1.25 49980000 8.31651 0.0218548 -6.59432 0.00649702 47.8162 0.0828975 2929.39 8.66962 0.000992548 0.00283588 -4.61553e-05 0.00253049 0.655139 0.000681447 0.474846 0.000835545 
7 1.25 50470000 8.31651 0.0218548 -6.59432 0.00649199 47.8162 0.0812456 2929.39 8.53818 0.000992548 0.00283588 -4.61553e-05 0.00250519 0.655139 0.000698886 0.474846 0.000835671 
7 1.25 50960000 8.31651 0.0218548 -6.59432 0.00646899 47.8162 0.0812456 2929.39 8.53818 0.000992548 0.00283588 -4.61553e-05 0.00248184 0.655139 0.000698886 0.474846 0.000835671 
7 1.25 51450000 8.31651 0.0218548 -6.59432 0.0064811 47.8162 0.0803315 2929.39 8.38886 0.000992548 0.00283588 -4.61553e-05 0.00245837 0.655139 0.000698886 0.474846 0.000835671 
7 1.25 51940000 8.31651 0.0218548 -6.59432 0.00647542 47.8162 0.0802185 2929.39 8.38886 0.000992548 0.00283588 -4.61553e-05 0.0024525 0.655139 0.000698886 0.474846 0.000835671 
7 1.25 52430000 8.32213 0.0218548 -6.5916 0.00647099 47.7886 0.0801595 2927.68 8.33738 0.00131014 0.00283588 -0.000290037 0.00246837 0.654884 0.000672016 0.474583 0.000803871 
7 1.25 52920000 8.32213 0.0218548 -6.5916 0.00645869 47.7886 0.0797142 2927.68 8.30116 0.00131014 0.00283588 -0.000290037 0.00247458 0.654884 0.000672016 0.474583 0.000803871 
7 1.25 53410000 8.32213 0.0218548 -6.5916 0.00645869 47.7886 0.0797142 2927.68 8.20356 0.00131014 0.00283588 -0.000290037 0.00248585 0.654884 0.000672016 0.474583 0.000803871 
7 1.25 53900000 8.32213 0.0218548 -6.5916 0.00645869 47.7886 0.0797142 2927.68 8.1447 0.00131014 0.00283588 -0.000290037 0.00246321 0.654884 0.000672016 0.474583 0.000803871 
7 1.25 54390000 8.32213 0.0218548 -6.5916 0.00645869 47.7886 0.0797142 2927.68 8.07759 0.00131014 0.00283588 -0.000290037 0.00244112 0.654884 0.000653237 0.474583 0.000777127 
7 1.25 54880000 8.32213 0.0218548 -6.5916 0.00645869 47.7886 0.0797142 2927.68 8.02455 0.00131014 0.00283588 -0.000290037 0.00243175 0.654884 0.000653237 0.474583 0.000777127 
7 1.25 55370000 8.32213 0.0218548 -6.5916 0.00645869 47.7886 0.0797142 2927.68 8.10737 0.00131014 0.00283588 -0.000290037 0.0024106 0.654884 0.000653237 0.474583 0.000777127 
7 1.25 55860000 8.32213 0.0218548 -6.5916 0.00645869 47.7886 0.0797142 2927.68 8.10737 0.00131014 0.00283588 -0.000290037 0.00239402 0.654884 0.000653237 0.474583 0.000777127 
7 1.25 56350000 8.3257 0.0205755 -6.59092 0.00636882 47.782 0.0769305 2927.51 8.10541 0.000800766 0.00243723 -0.000877754 0.00239118 0.65487 0.000638156 0.474565 0.000754322 
7 1.25 56840000 8.3257 0.0205755 -6.59092 0.00636882 47.782 0.0769305 2927.51 8.10541 0.000800766 0.00243723 -0.000877754 0.00237249 0.65487 0.000638156 0.474565 0.000754322 
7 1.25 57330000 8.3257 0.0205755 -6.59092 0.00636882 47.782 0.0767281 2927.51 8.19591 0.000800766 0.00243723 -0.000877754 0.00235544 0.65487 0.000638156 0.474565 0.000754322 
7 1.25 57820000 8.3257 0.0205755 -6.59092 0.00636882 47.782 0.0767281 2927.51 8.19591 0.000800766 0.00243723 -0.000877754 0.00233526 0.65487 0.000638156 0.474565 0.000754322 
7 1.25 58310000 8.3257 0.0205755 -6.59092 0.00636882 47.782 0.0776561 2927.51 8.21923 0.000800766 0.00243723 -0.000877754 0.0023362 0.65487 0.000630339 0.474565 0.000736337 
7 1.25 58800000 8.3257 0.0205755 -6.59092 0.00636882 47.782 0.0776561 2927.51 8.21923 0.000800766 0.00243723 -0.000877754 0.00232968 0.65487 0.000630339 0.474565 0.000736337 
7 1.25 59290000 8.3257 0.0205755 -6.59092 0.00636882 47.782 0.0763511 2927.51 8.08567 0.000800766 0.00243723 -0.000877754 0.0023164 0.65487 0.000630339 0.474565 0.000736337 
7 1.25 59780000 8.3257 0.0205755 -6.59092 0.00636882 47.782 0.0763511 2927.51 8.08567 0.000800766 0.00243723 -0.000877754 0.00230295 0.65487 0.000630339 0.474565 0.000736337 
7 1.25 60270000 8.32816 0.0205755 -6.58903 0.00636882 47.7667 0.0758931 2927.07 8.01895 0.0012967 0.00243723 -0.00039122 0.00228864 0.654543 0.000637951 0.474278 0.000732688 
7 1.25 60760000 8.32816 0.0205755 -6.58903 0.00636882 47.7667 0.0758931 2927.07 8.01895 0.0012967 0.00243723 -0.00039122 0.00228864 0.654543 0.000637951 0.474278 0.000732688 
7 1.25 61250000 8.32816 0.0205755 -6.58903 0.00636882 47.7667 0.0758931 2927.07 8.01895 0.0012967 0.00243723 -0.00039122 0.00227304 0.654543 0.000637951 0.474278 0.000732688 
7 1.25 61740000 8.32816 0.0205755 -6.58903 0.00636882 47.7667 0.0753096 2927.07 7.91941 0.0012967 0.00243723 -0.00039122 0.0022552 0.654543 0.000637951 0.474278 0.000732688 
7 1.25 62230000 8.32816 0.0205755 -6.58903 0.00636882 47.7667 0.0753096 2927.07 7.91941 0.0012967 0.00243723 -0.00039122 0.00224547 0.654543 0.000637951 0.474278 0.000732688 
7 1.25 62720000 8.32816 0.0205755 -6.58903 0.00636882 47.7667 0.0756983 2927.07 8.04443 0.0012967 0.00243723 -0.00039122 0.00222841 0.654543 0.000659195 0.474278 0.000759302 
7 1.25 63210000 8.32816 0.0205755 -6.58903 0.00636882 47.7667 0.0756983 2927.07 8.04443 0.0012967 0.00243723 -0.00039122 0.00221095 0.654543 0.000659195 0.474278 0.000759302 
7 1.25 63700000 8.32816 0.0205755 -6.58903 0.00636882 47.7667 0.0753096 2927.07 7.94463 0.0012967 0.00243723 -0.00039122 0.00219452 0.654543 0.000659195 0.474278 0.000759302 
7 1.25 64190000 8.32816 0.0205755 -6.58903 0.00636882 47.7667 0.0753096 2927.07 7.94463 0.0012967 0.00243723 -0.00039122 0.00217774 0.654543 0.000659195 0.474278 0.000759302 
7 1.25 64680000 8.3233 0.0181428 -6.5901 0.005802 47.7777 0.0740211 2927.97 7.90439 0.00130088 0.00218329 -0.000367117 0.00216077 0.654719 0.00064122 0.474465 0.000740852 
7 1.25 65170000 8.3233 0.0181428 -6.5901 0.005802 47.7777 0.0740211 2927.97 7.90439 0.00130088 0.00218329 -0.000367117 0.00214505 0.654719 0.00064122 0.474465 0.000740852 
7 1.25 65660000 8.3233 0.0181428 -6.5901 0.00574489 47.7777 0.0733831 2927.97 7.84076 0.00130088 0.00218329 -0.000367117 0.00213126 0.654719 0.00064122 0.474465 0.000740852 
7 1.25 66150000 8.3233 0.0181428 -6.5901 0.00574489 47.7777 0.0733831 2927.97 7.84076 0.00130088 0.00218329 -0.000367117 0.00212748 0.654719 0.00064122 0.474465 0.000740852 
7 1.25 66640000 8.3233 0.0181428 -6.5901 0.00577758 47.7777 0.0741459 2927.97 7.92459 0.00130088 0.00218329 -0.000367117 0.00211166 0.654719 0.000654408 0.474465 0.000760883 
7 1.25 67130000 8.3233 0.0181428 -6.5901 0.00577758 47.7777 0.0741459 2927.97 7.92459 0.00130088 0.00218329 -0.000367117 0.00209591 0.654719 0.000654408 0.474465 0.000760883 
7 1.25 67620000 8.3233 0.0181428 -6.5901 0.00583442 47.7777 0.0751127 2927.97 8.01445 0.00130088 0.00218329 -0.000367117 0.0020876 0.654719 0.000654408 0.474465 0.000760883 
7 1.25 68110000 8.3233 0.0181428 -6.5901 0.00583442 47.7777 0.0751127 2927.97 8.01445 0.00130088 0.00218329 -0.000367117 0.00208023 0.654719 0.000654408 0.474465 0.000760883 
7 1.25 68600000 8.31951 0.0181428 -6.59244 0.00579512 47.8135 0.0743518 2932.22 7.90363 0.00139974 0.00218329 -0.000480147 0.00206493 0.654973 0.000636877 0.474788 0.00074164 
7 1.25 69090000 8.31951 0.0181428 -6.59244 0.00579512 47.8135 0.0743518 2932.22 7.90363 0.00139974 0.00218329 -0.000480147 0.00205116 0.654973 0.000636877 0.474788 0.00074164 
7 1.25 69580000 8.31951 0.0181428 -6.59244 0.00572393 47.8135 0.0735137 2932.22 7.82309 0.00139974 0.00218329 -0.000480147 0.00204247 0.654973 0.000636877 0.474788 0.00074164 
7 1.25 70070000 8.31951 0.0181428 -6.59244 0.00572393 47.8135 0.0735137 2932.22 7.82309 0.00139974 0.00218329 -0.000480147 0.00202953 0.654973 0.000636877 0.474788 0.00074164 
7 1.25 70560000 8.31951 0.0181428 -6.59244 0.00565093 47.8135 0.0725784 2932.22 7.72203 0.00139974 0.00218329 -0.000480147 0.00201582 0.654973 0.000619267 0.474788 0.000723097 
7 1.25 71050000 8.31951 0.0181428 -6.59244 0.00565093 47.8135 0.0725784 2932.22 7.72203 0.00139974 0.00218329 -0.000480147 0.00203554 0.654973 0.000619267 0.474788 0.000723097 
7 1.25 71540000 8.31951 0.0181428 -6.59244 0.00563434 47.8135 0.0719844 2932.22 7.62875 0.00139974 0.00218329 -0.000480147 0.00202408 0.654973 0.000619267 0.474788 0.000723097 
7 1.25 72030000 8.31951 0.0181428 -6.59244 0.00563434 47.8135 0.0719844 2932.22 7.62875 0.00139974 0.00218329 -0.000480147 0.0020126 0.654973 0.000619267 0.474788 0.000723097 
7 1.25 72520000 8.31949 0.0165238 -6.59208 0.00556053 47.8111 0.0711274 2932.13 7.5584 0.000977452 0.00196451 -0.00105514 0.00199966 0.654944 0.00060468 0.474795 0.000705201 
7 1.25 73010000 8.31949 0.0165238 -6.59208 0.00556053 47.8111 0.0711274 2932.13 7.5584 0.000977452 0.00196451 -0.00105514 0.00198769 0.654944 0.00060468 0.474795 0.000705201 
7 1.25 73500000 8.31949 0.0165238 -6.59208 0.00549677 47.8111 0.0703499 2932.13 7.47391 0.000977452 0.00196451 -0.00105514 0.00197492 0.654944 0.00060468 0.474795 0.000705201 
7 1.25 73990000 8.31949 0.0165238 -6.59208 0.00549677 47.8111 0.0703499 2932.13 7.47391 0.000977452 0.00196451 -0.00105514 0.00196281 0.654944 0.00060468 0.474795 0.000705201 
7 1.25 74480000 8.31949 0.0165238 -6.59208 0.00542739 47.8111 0.0695657 2932.13 7.40927 0.000977452 0.00196451 -0.00105514 0.00194979 0.654944 0.000590428 0.474795 0.000693393 
7 1.25 74970000 8.31949 0.0165238 -6.59208 0.00542739 47.8111 0.0695657 2932.13 7.40927 0.000977452 0.00196451 -0.00105514 0.00193979 0.654944 0.000590428 0.474795 0.000693393 
7 1.25 75460000 8.31949 0.0165238 -6.59208 0.00538204 47.8111 0.0693171 2932.13 7.3982 0.000977452 0.00196451 -0.00105514 0.00192687 0.654944 0.000590428 0.474795 0.000693393 
7 1.25 75950000 8.31949 0.0165238 -6.59208 0.00538204 47.8111 0.0693171 2932.13 7.3982 0.000977452 0.00196451 -0.00105514 0.00191426 0.654944 0.000590428 0.474795 0.000693393 
7 1.25 76440000 8.31776 0.0165238 -6.59103 0.00533664 47.7915 0.0684056 2929.68 7.30092 0.000754331 0.00196451 -0.000991957 0.00190795 0.654872 0.000575281 0.474654 0.000676232 
7 1.25 76930000 8.31776 0.0165238 -6.59103 0.00533664 47.7915 0.0684056 2929.68 7.30092 0.000754331 0.00196451 -0.000991957 0.00189756 0.654872 0.000575281 0.474654 0.000676232 
7 1.25 77420000 8.31776 0.0165238 -6.59103 0.00533664 47.7915 0.0676331 2929.68 7.20747 0.000754331 0.00196451 -0.000991957 0.00188909 0.654872 0.000575281 0.474654 0.000676232 
7 1.25 77910000 8.31776 0.0165238 -6.59103 0.00533664 47.7915 0.0676331 2929.68 7.20747 0.000754331 0.00196451 -0.000991957 0.00187691 0.654872 0.000575281 0.474654 0.000676232 
7 1.25 78400000 8.31776 0.0165238 -6.59103 0.00533664 47.7915 0.0668238 2929.68 7.11507 0.000754331 0.00196451 -0.000991957 0.00186522 0.654872 0.000563393 0.474654 0.000660714 
7 1.25 78890000 8.31776 0.0165238 -6.59103 0.00533664 47.7915 0.0668238 2929.68 7.11507 0.000754331 0.00196451 -0.000991957 0.00185494 0.654872 0.000563393 0.474654 0.000660714 
7 1.25 79380000 8.31776 0.0165238 -6.59103 0.00533664 47.7915 0.0673293 2929.68 7.12 0.000754331 0.00196451 -0.000991957 0.0018436 0.654872 0.000563393 0.474654 0.000660714 
7 1.25 79870000 8.31776 0.0165238 -6.59103 0.00533664 47.7915 0.0673293 2929.68 7.12 0.000754331 0.00196451 -0.000991957 0.00183525 0.654872 0.000563393 0.474654 0.000660714 
7 1.25 80360000 8.3252 0.0158273 -6.5907 0.00549455 47.786 0.0668256 2929.41 7.07085 0.00123593 0.00226151 -0.000675372 0.00182508 0.654941 0.000549417 0.474699 0.000644213 
7 1.25 80850000 8.3252 0.0158273 -6.5907 0.00549455 47.786 0.0668256 2929.41 7.07085 0.00123593 0.00226151 -0.000675372 0.0018142 0.654941 0.000549417 0.474699 0.000644213 
7 1.25 81340000 8.3252 0.0158273 -6.5907 0.00549455 47.786 0.0661395 2929.41 6.99196 0.00123593 0.00226151 -0.000675372 0.00181447 0.654941 0.000549417 0.474699 0.000644213 
7 1.25 81830000 8.3252 0.0158273 -6.5907 0.00549455 47.786 0.0661395 2929.41 6.99196 0.00123593 0.00226151 -0.000675372 0.00181447 0.654941 0.000549417 0.474699 0.000644213 
7 1.25 82320000 8.3252 0.0158273 -6.5907 0.00549455 47.786 0.0661395 2929.41 6.99196 0.00123593 0.00226151 -0.000675372 0.00180337 0.654941 0.000549417 0.474699 0.000644213 
7 1.25 82810000 8.3252 0.0158273 -6.5907 0.00549455 47.786 0.0653563 2929.41 6.91108 0.00123593 0.00226151 -0.000675372 0.0017939 0.654941 0.000545982 0.474699 0.000632726 
7 1.25 83300000 8.3252 0.0158273 -6.5907 0.00549455 47.786 0.0653563 2929.41 6.91108 0.00123593 0.00226151 -0.000675372 0.00178678 0.654941 0.000545982 0.474699 0.000632726 
7 1.25 83790000 8.3252 0.0158273 -6.5907 0.00549455 47.786 0.0647335 2929.41 6.84606 0.00123593 0.00226151 -0.000675372 0.00177624 0.654941 0.000545982 0.474699 0.000632726 
7 1.25 84280000 8.3252 0.0158273 -6.5907 0.00549455 47.786 0.0647335 2929.41 6.84606 0.00123593 0.00226151 -0.000675372 0.00176761 0.654941 0.000545982 0.474699 0.000632726 
7 1.25 84770000 8.3252 0.0158273 -6.5907 0.00549455 47.786 0.0645279 2929.41 6.76461 0.00123593 0.00226151 -0.000675372 0.00177169 0.654941 0.000533276 0.474699 0.000617669 
7 1.25 85260000 8.3252 0.0158273 -6.5907 0.00549455 47.786 0.0645279 2929.41 6.76461 0.00123593 0.00226151 -0.000675372 0.00176479 0.654941 0.000533276 0.474699 0.000617669 
7 1.25 85750000 8.3252 0.0158273 -6.5907 0.00549455 47.786 0.0645279 2929.41 6.71627 0.00123593 0.00226151 -0.000675372 0.00175466 0.654941 0.000533276 0.474699 0.000617669 
7 1.25 86240000 8.3252 0.0158273 -6.5907 0.00549455 47.786 0.0645279 2929.41 6.71627 0.00123593 0.00226151 -0.000675372 0.00174448 0.654941 0.000533276 0.474699 0.000617669 
7 1.25 86730000 8.3252 0.0158273 -6.5907 0.00549455 47.786 0.0645279 2929.41 6.6382 0.00123593 0.00226151 -0.000675372 0.00175354 0.654941 0.00052256 0.474699 0.000608653 
7 1.25 87220000 8.3252 0.0158273 -6.5907 0.00549455 47.786 0.0645279 2929.41 6.6382 0.00123593 0.00226151 -0.000675372 0.00178804 0.654941 0.00052256 0.474699 0.000608653 
7 1.25 87710000 8.3252 0.0158273 -6.5907 0.00549455 47.786 0.0645279 2929.41 6.68441 0.00123593 0.00226151 -0.000675372 0.00178021 0.654941 0.00052256 0.474699 0.000608653 
7 1.25 88200000 8.3252 0.0158273 -6.5907 0.00549455 47.786 0.0645279 2929.41 6.68441 0.00123593 0.00226151 -0.000675372 0.00177138 0.654941 0.00052256 0.474699 0.000608653 
7 1.25 88690000 8.32108 0.0149143 -6.5904 0.00549455 47.7891 0.0622423 2930.31 6.60859 0.00108441 0.00226151 -0.00130521 0.00176181 0.654977 0.000516942 0.474813 0.000604573 
7 1.25 89180000 8.32108 0.0149143 -6.5904 0.00549455 47.7891 0.0622423 2930.31 6.60859 0.00108441 0.00226151 -0.00130521 0.00176211 0.654977 0.000516942 0.474813 0.000604573 
7 1.25 89670000 8.32108 0.0149143 -6.5904 0.00549455 47.7891 0.0616712 2930.31 6.53619 0.00108441 0.00226151 -0.00130521 0.00175282 0.654977 0.000516942 0.474813 0.000604573 
7 1.25 90160000 8.32108 0.0149143 -6.5904 0.00549455 47.7891 0.0616712 2930.31 6.53619 0.00108441 0.00226151 -0.00130521 0.00175157 0.654977 0.000516942 0.474813 0.000604573 
7 1.25 90650000 8.32108 0.0149143 -6.5904 0.00549455 47.7891 0.0619219 2930.31 6.51387 0.00108441 0.00226151 -0.00130521 0.00174236 0.654977 0.000513552 0.474813 0.000591525 
7 1.25 91140000 8.32108 0.0149143 -6.5904 0.00549455 47.7891 0.0619219 2930.31 6.51387 0.00108441 0.00226151 -0.00130521 0.00173277 0.654977 0.000513552 0.474813 0.000591525 
7 1.25 91630000 8.32108 0.0149143 -6.5904 0.00549455 47.7891 0.06164 2930.31 6.48396 0.00108441 0.00226151 -0.00130521 0.0017254 0.654977 0.000513552 0.474813 0.000591525 
7 1.25 92120000 8.32108 0.0149143 -6.5904 0.00549455 47.7891 0.06164 2930.31 6.48396 0.00108441 0.00226151 -0.00130521 0.00171951 0.654977 0.000513552 0.474813 0.000591525 
7 1.25 92610000 8.32108 0.0149143 -6.5904 0.00549455 47.7891 0.06164 2930.31 6.4882 0.00108441 0.00226151 -0.00130521 0.00171358 0.654977 0.000514719 0.474813 0.000604292 
7 1.25 93100000 8.32108 0.0149143 -6.5904 0.00549455 47.7891 0.06164 2930.31 6.4882 0.00108441 0.00226151 -0.00130521 0.0017045 0.654977 0.000514719 0.474813 0.000604292 
7 1.25 93590000 8.32108 0.0149143 -6.5904 0.00549455 47.7891 0.06164 2930.31 6.42002 0.00108441 0.00226151 -0.00130521 0.00169636 0.654977 0.000514719 0.474813 0.000604292 
7 1.25 94080000 8.32108 0.0149143 -6.5904 0.00549455 47.7891 0.06164 2930.31 6.42002 0.00108441 0.00226151 -0.00130521 0.00168792 0.654977 0.000514719 0.474813 0.000604292 
7 1.25 94570000 8.32108 0.0149143 -6.5904 0.00549455 47.7891 0.06164 2930.31 6.35772 0.00108441 0.00226151 -0.00130521 0.00167903 0.654977 0.000513552 0.474813 0.00059872 
7 1.25 95060000 8.32108 0.0149143 -6.5904 0.00549455 47.7891 0.06164 2930.31 6.35772 0.00108441 0.00226151 -0.00130521 0.00167598 0.654977 0.000513552 0.474813 0.00059872 
7 1.25 95550000 8.32108 0.0149143 -6.5904 0.00549455 47.7891 0.06164 2930.31 6.29409 0.00108441 0.00226151 -0.00130521 0.00166768 0.654977 0.000513552 0.474813 0.00059872 
7 1.25 96040000 8.32108 0.0149143 -6.5904 0.00549455 47.7891 0.06164 2930.31 6.29409 0.00108441 0.00226151 -0.00130521 0.00166075 0.654977 0.000513552 0.474813 0.00059872 
7 1.25 96530000 8.31698 0.0142245 -6.59181 0.00487109 47.8072 0.0617686 2931.79 6.51682 0.0013734 0.00188876 -0.00060438 0.00166554 0.655039 0.000524816 0.474916 0.00062892 
7 1.25 97020000 8.31698 0.0142245 -6.59181 0.00487109 47.8072 0.0617686 2931.79 6.51682 0.0013734 0.00188876 -0.00060438 0.00166628 0.655039 0.000524816 0.474916 0.00062892 
7 1.25 97510000 8.31698 0.0142245 -6.59181 0.00487982 47.8072 0.0617918 2931.79 6.49671 0.0013734 0.00188876 -0.00060438 0.00165811 0.655039 0.000524816 0.474916 0.00062892 
7 1.25 98000000 8.31698 0.0142245 -6.59181 0.00487982 47.8072 0.0617918 2931.79 6.49671 0.0013734 0.00188876 -0.00060438 0.00165131 0.655039 0.000524816 0.474916 0.00062892 
7 1.25 98490000 8.31698 0.0142245 -6.59181 0.00483065 47.8072 0.0611726 2931.79 6.43064 0.0013734 0.00188876 -0.00060438 0.0016464 0.655039 0.000524548 0.474916 0.00062892 
7 1.25 98980000 8.31698 0.0142245 -6.59181 0.00483065 47.8072 0.0611726 2931.79 6.43064 0.0013734 0.00188876 -0.00060438 0.00164195 0.655039 0.000524548 0.474916 0.00062892 
7 1.25 99470000 8.31698 0.0142245 -6.59181 0.00478434 47.8072 0.0605658 2931.79 6.36901 0.0013734 0.00188876 -0.00060438 0.00163721 0.655039 0.000524548 0.474916 0.00062892 
7 1.25 99960000 8.31698 0.0142245 -6.59181 0.00478434 47.8072 0.0605658 2931.79 6.36901 0.0013734 0.00188876 -0.00060438 0.00163168 0.655039 0.000524548 0.474916 0.00062892 
