L J MC_steps R2 R2_std E E_std E2 E2_std E4 E4_std Sin1 Sin1_std Cos1 Cos1_std Mag2 Mag2_std Mag4 Mag4_std
10 1.5 1000000 7.55804 0.237445 -13.8586 0.0734759 196.516 1.94246 41621.6 746.699 0.0908438 0.0642203 0.0723668 0.0833191 0.766211 0.00513068 0.606284 0.0070425 
10 1.5 2000000 7.6356 0.170987 -13.8462 0.0535399 196.367 1.39089 41663.3 523.107 -0.0212024 0.0477504 0.0948171 0.0579858 0.768172 0.00342336 0.608456 0.00458519 
10 1.5 3000000 7.49219 0.138068 -13.8854 0.0451628 197.376 1.18608 42035 450.392 0.0011661 0.04268 0.0762235 0.0426747 0.768701 0.00294501 0.609398 0.00400356 
10 1.5 4000000 7.4237 0.126664 -13.886 0.0407994 197.466 1.06297 42123.1 401.144 0.0247237 0.0368358 0.0755601 0.0359594 0.768808 0.00263999 0.609501 0.00355035 
10 1.5 5000000 7.45498 0.110245 -13.8918 0.0364379 197.635 0.957113 42196.8 365.983 0.021171 0.0305961 0.0682432 0.0324726 0.769882 0.00229684 0.610898 0.00313053 
10 1.5 6000000 7.44975 0.101916 -13.8975 0.0325222 197.749 0.851804 42213.7 324.111 0.00759341 0.0310942 0.0780371 0.0286928 0.770628 0.00209065 0.611732 0.0028413 
10 1.5 7000000 7.49114 0.0903422 -13.8781 0.0308453 197.311 0.802556 42092.7 301.223 0.01278 0.0279521 0.047776 0.0300141 0.769626 0.00196715 0.610548 0.00270366 
10 1.5 8000000 7.48346 0.0805691 -13.8655 0.0284386 196.981 0.741281 41971 279.631 0.00585535 0.0247046 0.0343184 0.0322708 0.768878 0.00181875 0.609551 0.00249961 
10 1.5 9000000 7.47105 0.0758808 -13.8706 0.0266787 197.133 0.698015 42031.2 264.837 -0.0134695 0.0253438 0.0245175 0.0285268 0.768921 0.00168945 0.609523 0.00231897 
10 1.5 10000000 7.46628 0.0722064 -13.8607 0.0250347 196.882 0.656624 41943.3 251.187 -0.0127503 0.0246012 0.029326 0.0304101 0.768106 0.00156119 0.608319 0.00214571 
10 1.5 11000000 7.45312 0.0695212 -13.8674 0.0237883 197.036 0.622835 41989 238.149 -0.0188511 0.0235904 0.0282788 0.0290767 0.768717 0.00147921 0.609139 0.00203451 
10 1.5 12000000 7.42472 0.0695212 -13.8815 0.0232072 197.394 0.608017 42119.9 231.736 -0.0312503 0.0233567 0.0301607 0.0264942 0.769356 0.00142779 0.609808 0.0019688 
10 1.5 13000000 7.42749 0.0638046 -13.8799 0.0222291 197.349 0.581569 42094.2 221.044 -0.0205166 0.023749 0.0141732 0.0287076 0.769412 0.00138242 0.609822 0.0018914 
10 1.5 14000000 7.42195 0.0624821 -13.8727 0.0213974 197.15 0.559355 42016.5 212.342 -0.0151798 0.0225138 0.00703598 0.0273722 0.769008 0.00131143 0.609196 0.001805 
10 1.5 15000000 7.41385 0.0618996 -13.8763 0.0210008 197.228 0.550102 42035.8 209.257 -0.0254356 0.023124 0.01063 0.0256519 0.769357 0.00129111 0.609603 0.00176315 
10 1.5 16000000 7.39453 0.0586629 -13.8818 0.0205887 197.375 0.540468 42096.5 206.502 -0.0269163 0.0216297 0.00714112 0.0241779 0.769616 0.00124298 0.609963 0.00171919 
10 1.5 17000000 7.39014 0.0568381 -13.8873 0.0199243 197.522 0.522535 42153.8 199.302 -0.0319584 0.0208573 0.00213006 0.0231802 0.769796 0.00121287 0.610255 0.00166817 
10 1.5 18000000 7.3561 0.0557901 -13.895 0.0195983 197.711 0.513896 42217.7 196.257 -0.034427 0.0197759 -0.00133483 0.0220741 0.769954 0.00117965 0.610362 0.00162961 
10 1.5 19000000 7.35362 0.0583563 -13.8931 0.018894 197.682 0.495405 42211.4 189.257 -0.0317723 0.0188546 0.000408997 0.0209165 0.769781 0.00113608 0.610237 0.00157009 
10 1.5 20000000 7.34303 0.0583563 -13.8913 0.018247 197.649 0.478777 42207.9 183.219 -0.0314071 0.0178658 0.000143836 0.0198173 0.76961 0.00109444 0.610041 0.00151264 
10 1.5 21000000 7.33716 0.0652224 -13.8928 0.0178278 197.687 0.468035 42225.2 179.342 -0.0307524 0.0169845 -0.000666969 0.0188431 0.769676 0.00107167 0.610113 0.00147248 
10 1.5 22000000 7.33716 0.0652224 -13.8928 0.017465 197.687 0.459235 42225.2 176.24 -0.0307524 0.016691 -0.000666969 0.0183173 0.769676 0.00104069 0.610113 0.00144133 
10 1.5 23000000 7.33332 0.0652224 -13.8933 0.0170959 197.697 0.449155 42231.7 172.081 -0.0260395 0.0159397 -0.00843364 0.0179173 0.769594 0.00102351 0.60997 0.00141342 
10 1.5 24000000 7.33332 0.0652224 -13.8933 0.0168904 197.697 0.443456 42231.7 169.627 -0.0260395 0.0152669 -0.00843364 0.017295 0.769594 0.00100929 0.60997 0.00139455 
10 1.5 25000000 7.3195 0.0566924 -13.8923 0.0164426 197.664 0.431834 42215.9 165.175 -0.02281 0.015154 -0.00764119 0.0166466 0.769511 0.000982071 0.609877 0.00135744 
10 1.5 26000000 7.3195 0.0566924 -13.8923 0.0161706 197.664 0.424931 42215.9 162.553 -0.02281 0.0147053 -0.00764119 0.0163866 0.769511 0.000962057 0.609877 0.0013312 
10 1.5 27000000 7.31468 0.0566924 -13.8916 0.0158214 197.653 0.415744 42216.5 158.951 -0.0220444 0.0144339 -0.0110529 0.0157588 0.769162 0.00094866 0.609462 0.00130523 
10 1.5 28000000 7.31468 0.0566924 -13.8916 0.0155066 197.653 0.407463 42216.5 155.83 -0.0220444 0.0139312 -0.0110529 0.0152334 0.769162 0.000927376 0.609462 0.00127634 
10 1.5 29000000 7.30905 0.0495475 -13.8887 0.0151991 197.569 0.399165 42178.5 152.764 -0.0228608 0.0135465 -0.0124234 0.0146894 0.769205 0.000910822 0.609478 0.00125369 
10 1.5 30000000 7.30905 0.0495475 -13.8887 0.0150707 197.569 0.395299 42178.5 150.926 -0.0228608 0.0131153 -0.0124234 0.0142759 0.769205 0.000897299 0.609478 0.0012372 
10 1.5 31000000 7.33577 0.0495475 -13.8843 0.014945 197.473 0.392107 42156.4 149.896 -0.0229697 0.0127075 -0.0174587 0.0141944 0.769071 0.00089243 0.609385 0.00123268 
10 1.5 32000000 7.33577 0.0495475 -13.8843 0.0145946 197.473 0.382924 42156.4 146.408 -0.0229697 0.0123366 -0.0174587 0.0138134 0.769071 0.000875002 0.609385 0.00120883 
10 1.5 33000000 7.33496 0.0496705 -13.8917 0.0142112 197.665 0.372461 42226.9 142.421 -0.0230393 0.0119859 -0.0165047 0.0133918 0.7695 0.000847693 0.610045 0.00116469 
10 1.5 34000000 7.33496 0.0496705 -13.8917 0.0139946 197.665 0.368625 42226.9 143.093 -0.0230393 0.011753 -0.0165047 0.0133696 0.7695 0.000834974 0.610045 0.0011468 
10 1.5 35000000 7.34254 0.0496705 -13.895 0.0137793 197.769 0.360961 42276.9 138.89 -0.0218569 0.0117011 -0.010414 0.0135015 0.769883 0.000822009 0.610622 0.00113 
10 1.5 36000000 7.34254 0.0496705 -13.895 0.0135169 197.769 0.3543 42276.9 136.427 -0.0218569 0.011426 -0.010414 0.0135015 0.769883 0.000808142 0.610622 0.00111173 
10 1.5 37000000 7.32666 0.0448398 -13.8939 0.0132459 197.739 0.347548 42266.1 133.22 -0.0189719 0.0112207 -0.0131094 0.0130177 0.769789 0.000794889 0.610453 0.00109534 
10 1.5 38000000 7.32666 0.0448398 -13.8939 0.0130783 197.739 0.342503 42266.1 131.022 -0.0189719 0.0109821 -0.0131094 0.0130177 0.769789 0.000780801 0.610453 0.00107484 
10 1.5 39000000 7.32666 0.0448398 -13.8939 0.0130121 197.739 0.341037 42266.1 130.555 -0.0189719 0.0108245 -0.0131094 0.0130177 0.769789 0.000773343 0.610453 0.00106633 
10 1.5 40000000 7.33049 0.0448398 -13.8936 0.0128687 197.72 0.337026 42251.6 128.836 -0.0173619 0.0107456 -0.0127307 0.0126836 0.769781 0.000761385 0.610331 0.00105066 
10 1.5 41000000 7.33049 0.0448398 -13.8936 0.0127168 197.72 0.332666 42251.6 126.938 -0.0173619 0.0105542 -0.0127307 0.0123725 0.769781 0.000752532 0.610331 0.00103761 
10 1.5 42000000 7.33633 0.0445259 -13.8893 0.0125273 197.603 0.3278 42206.2 125.084 -0.0186239 0.0104718 -0.00873918 0.0141142 0.769604 0.000740732 0.610059 0.00102175 
10 1.5 43000000 7.33633 0.0445259 -13.8893 0.0123726 197.603 0.323341 42206.2 123.215 -0.0186239 0.0102774 -0.00873918 0.0141142 0.769604 0.000729562 0.610059 0.00100578 
10 1.5 44000000 7.33633 0.0445259 -13.8893 0.0122879 197.603 0.32169 42206.2 123.046 -0.0186239 0.0101925 -0.00873918 0.0141142 0.769604 0.000722416 0.610059 0.000998135 
10 1.5 45000000 7.33633 0.0445259 -13.8893 0.0120886 197.603 0.316594 42206.2 121.197 -0.0186239 0.0101319 -0.00873918 0.0141142 0.769604 0.000710033 0.610059 0.000981585 
10 1.5 46000000 7.34295 0.0445259 -13.888 0.0118974 197.571 0.311749 42197.1 119.518 -0.0211857 0.0100818 0.000827159 0.0141142 0.769577 0.000697475 0.609976 0.000963995 
10 1.5 47000000 7.34295 0.0445259 -13.888 0.0117878 197.571 0.30896 42197.1 118.428 -0.0211857 0.0100818 0.000827159 0.0141142 0.769577 0.000690765 0.609976 0.000954463 
10 1.5 48000000 7.34295 0.0445259 -13.888 0.0117116 197.571 0.30672 42197.1 117.492 -0.0211857 0.0100818 0.000827159 0.0141142 0.769577 0.000685574 0.609976 0.000945878 
10 1.5 49000000 7.34295 0.0445259 -13.888 0.0115421 197.571 0.302189 42197.1 115.68 -0.0211857 0.0100818 0.000827159 0.0141142 0.769577 0.000675943 0.609976 0.000932048 
10 1.5 50000000 7.33722 0.0371138 -13.8831 0.0115238 197.453 0.302352 42158.3 116.158 -0.0203962 0.00960635 -0.000284471 0.014068 0.769162 0.000676702 0.609401 0.000934671 
10 1.5 51000000 7.33722 0.0371138 -13.8831 0.0113667 197.453 0.298182 42158.3 114.564 -0.0203962 0.00952126 -0.000284471 0.014068 0.769162 0.000667058 0.609401 0.000922083 
10 1.5 52000000 7.33722 0.0371138 -13.8831 0.0111843 197.453 0.293455 42158.3 112.808 -0.0203962 0.0093981 -0.000284471 0.014068 0.769162 0.000656543 0.609401 0.000907676 
10 1.5 53000000 7.33722 0.0371138 -13.8831 0.0111243 197.453 0.292024 42158.3 112.284 -0.0203962 0.00932436 -0.000284471 0.014068 0.769162 0.0006526 0.609401 0.000903454 
10 1.5 54000000 7.33012 0.0371138 -13.8825 0.0109716 197.42 0.28794 42138 110.671 -0.0198138 0.00922689 -0.00603105 0.014068 0.769314 0.000645136 0.609485 0.000892266 
10 1.5 55000000 7.33012 0.0371138 -13.8825 0.0108253 197.42 0.284158 42138 109.274 -0.0198138 0.00915762 -0.00603105 0.014068 0.769314 0.000638402 0.609485 0.00088323 
10 1.5 56000000 7.33012 0.0371138 -13.8825 0.0107697 197.42 0.2827 42138 108.638 -0.0198138 0.00903084 -0.00603105 0.014068 0.769314 0.000634532 0.609485 0.000877977 
10 1.5 57000000 7.33012 0.0371138 -13.8825 0.0107483 197.42 0.280986 42138 107.98 -0.0198138 0.00894731 -0.00603105 0.014068 0.769314 0.000632537 0.609485 0.000872702 
10 1.5 58000000 7.34492 0.0341205 -13.8836 0.0109452 197.439 0.281048 42140.4 107.087 -0.0156029 0.00890485 -0.00446938 0.0126655 0.769323 0.000636648 0.609513 0.000877556 
10 1.5 59000000 7.34492 0.0341205 -13.8836 0.0109452 197.439 0.281048 42140.4 106.154 -0.0156029 0.00886572 -0.00446938 0.0126655 0.769323 0.000636648 0.609513 0.000877556 
10 1.5 60000000 7.34492 0.0341205 -13.8836 0.0106905 197.439 0.275441 42140.4 105.436 -0.0156029 0.00880413 -0.00446938 0.0126655 0.769323 0.00062767 0.609513 0.000875598 
10 1.5 61000000 7.34492 0.0341205 -13.8836 0.0106905 197.439 0.275441 42140.4 105.597 -0.0156029 0.00875307 -0.00446938 0.0126655 0.769323 0.00062767 0.609513 0.000875598 
10 1.5 62000000 7.33921 0.0327954 -13.878 0.0110177 197.291 0.283729 42082.3 104.626 -0.0134641 0.00872103 -0.00170455 0.0126655 0.768902 0.000671255 0.60888 0.000937077 
10 1.5 63000000 7.33921 0.0327954 -13.878 0.0110177 197.291 0.283729 42082.3 105.283 -0.0134641 0.00865497 -0.00170455 0.0126655 0.768902 0.000671255 0.60888 0.000937077 
10 1.5 64000000 7.33921 0.0340425 -13.878 0.010881 197.291 0.279565 42082.3 104.356 -0.0134641 0.00862738 -0.00170455 0.0126655 0.768902 0.000650742 0.60888 0.000916987 
10 1.5 65000000 7.33921 0.0340425 -13.878 0.010881 197.291 0.279565 42082.3 102.874 -0.0134641 0.00857183 -0.00170455 0.0126655 0.768902 0.000650742 0.60888 0.000916987 
10 1.5 66000000 7.33586 0.0341914 -13.8775 0.0108863 197.284 0.277325 42085.1 102.569 -0.00941217 0.00947572 -0.00555515 0.0114789 0.768821 0.000641372 0.608763 0.000892182 
10 1.5 67000000 7.33586 0.0341914 -13.8775 0.0108863 197.284 0.277325 42085.1 103.366 -0.00941217 0.00947572 -0.00555515 0.0114789 0.768821 0.000641372 0.608763 0.000892182 
10 1.5 68000000 7.33586 0.0333529 -13.8775 0.0106911 197.284 0.272035 42085.1 102.268 -0.00941217 0.00947572 -0.00555515 0.0114789 0.768821 0.00063016 0.608763 0.000872808 
10 1.5 69000000 7.33586 0.0333529 -13.8775 0.0106911 197.284 0.273987 42085.1 102.64 -0.00941217 0.00947572 -0.00555515 0.0114789 0.768821 0.00063016 0.608763 0.000872808 
10 1.5 70000000 7.33008 0.0324381 -13.8826 0.0108931 197.405 0.275806 42125.8 101.484 -0.00816998 0.00947572 -0.00731502 0.0111287 0.769043 0.000622659 0.609017 0.000872808 
10 1.5 71000000 7.33008 0.0324381 -13.8826 0.0108931 197.405 0.275806 42125.8 100.456 -0.00816998 0.00947572 -0.00731502 0.0111287 0.769043 0.000622659 0.609017 0.000872808 
10 1.5 72000000 7.33008 0.031588 -13.8826 0.0105906 197.405 0.268011 42125.8 99.4234 -0.00816998 0.00947572 -0.00731502 0.0111287 0.769043 0.000619053 0.609017 0.000872808 
10 1.5 73000000 7.33008 0.031588 -13.8826 0.0105906 197.405 0.268011 42125.8 98.0842 -0.00816998 0.00947572 -0.00731502 0.0111287 0.769043 0.000619053 0.609017 0.000872808 
10 1.5 74000000 7.33458 0.030792 -13.8824 0.0103108 197.391 0.261372 42114.8 96.971 -0.00683377 0.00876665 -0.00533856 0.0105072 0.768968 0.000591133 0.60891 0.000815005 
10 1.5 75000000 7.33458 0.030792 -13.8824 0.0103108 197.391 0.261372 42114.8 95.9785 -0.00683377 0.00876665 -0.00533856 0.0105072 0.768968 0.000591133 0.60891 0.000815005 
10 1.5 76000000 7.33458 0.0299699 -13.8824 0.0100494 197.391 0.2547 42114.8 95.5279 -0.00683377 0.00876665 -0.00533856 0.0105072 0.768968 0.000575246 0.60891 0.000811848 
10 1.5 77000000 7.33458 0.0299699 -13.8824 0.0100494 197.391 0.2547 42114.8 95.4575 -0.00683377 0.00876665 -0.00533856 0.0105072 0.768968 0.000575246 0.60891 0.000811848 
10 1.5 78000000 7.336 0.0291879 -13.8827 0.00978959 197.396 0.25309 42114.6 94.7603 -0.00713828 0.00876665 -0.00578987 0.00996386 0.768896 0.000567395 0.608834 0.00078806 
10 1.5 79000000 7.336 0.0291879 -13.8827 0.00978892 197.396 0.250551 42114.6 93.6739 -0.00713828 0.00876665 -0.00578987 0.00996386 0.768896 0.000567395 0.608834 0.00078806 
10 1.5 80000000 7.336 0.0287626 -13.8827 0.00958076 197.396 0.24761 42114.6 92.7399 -0.00713828 0.00876665 -0.00578987 0.00996386 0.768896 0.000567395 0.608834 0.00078806 
10 1.5 81000000 7.336 0.0287626 -13.8827 0.00955372 197.396 0.244945 42114.6 92.1439 -0.00713828 0.00876665 -0.00578987 0.00996386 0.768896 0.000567395 0.608834 0.00078806 
10 1.5 82000000 7.336 0.0287626 -13.8827 0.00955372 197.396 0.244945 42114.6 91.9326 -0.00713828 0.00876665 -0.00578987 0.00996386 0.768896 0.000567395 0.608834 0.00078806 
10 1.5 83000000 7.33674 0.0282697 -13.8822 0.00935894 197.378 0.241941 42107.8 91.1041 -0.0105667 0.0086483 -0.00696705 0.0102884 0.768878 0.000542591 0.608801 0.000751936 
10 1.5 84000000 7.33674 0.0282697 -13.8822 0.00945094 197.378 0.244281 42107.8 91.6362 -0.0105667 0.0086483 -0.00696705 0.0102884 0.768878 0.000540265 0.608801 0.000747997 
10 1.5 85000000 7.33674 0.0284612 -13.8822 0.00938132 197.378 0.241512 42107.8 90.6064 -0.0105667 0.0086483 -0.00696705 0.0102884 0.768878 0.000546022 0.608801 0.000745484 
10 1.5 86000000 7.33674 0.0284612 -13.8822 0.00938132 197.378 0.240434 42107.8 90.3254 -0.0105667 0.0086483 -0.00696705 0.0102884 0.768878 0.000546022 0.608801 0.000745484 
10 1.5 87000000 7.33674 0.0288366 -13.8822 0.00937935 197.378 0.240339 42107.8 90.392 -0.0105667 0.0086483 -0.00696705 0.0102884 0.768878 0.000540596 0.608801 0.000739324 
10 1.5 88000000 7.33674 0.0288366 -13.8822 0.00937935 197.378 0.240339 42107.8 90.59 -0.0105667 0.0086483 -0.00696705 0.0102884 0.768878 0.000540596 0.608801 0.000739324 
10 1.5 89000000 7.33674 0.0297599 -13.8822 0.00970651 197.378 0.250342 42107.8 93.6566 -0.0105667 0.0086483 -0.00696705 0.0102884 0.768878 0.000557424 0.608801 0.000772619 
10 1.5 90000000 7.33674 0.0297599 -13.8822 0.00970651 197.378 0.250342 42107.8 93.6566 -0.0105667 0.0086483 -0.00696705 0.0102884 0.768878 0.000557424 0.608801 0.000772619 
10 1.5 91000000 7.33097 0.029444 -13.8845 0.00950327 197.457 0.244814 42147.5 91.5283 -0.00596173 0.00900502 -0.00638934 0.0102884 0.768998 0.000544757 0.609024 0.000755129 
10 1.5 92000000 7.33097 0.029444 -13.8845 0.00950327 197.457 0.244814 42147.5 91.5283 -0.00596173 0.00900502 -0.00638934 0.0102884 0.768998 0.000544757 0.609024 0.000755129 
10 1.5 93000000 7.33097 0.0288191 -13.8845 0.00937455 197.457 0.241794 42147.5 90.6402 -0.00596173 0.00900502 -0.00638934 0.0102884 0.768998 0.000539023 0.609024 0.000749024 
10 1.5 94000000 7.33097 0.0288191 -13.8845 0.00937455 197.457 0.241794 42147.5 90.6402 -0.00596173 0.00900502 -0.00638934 0.0102884 0.768998 0.000539023 0.609024 0.000749024 
10 1.5 95000000 7.33097 0.0298613 -13.8845 0.00940126 197.457 0.24169 42147.5 90.092 -0.00596173 0.00900502 -0.00638934 0.0102884 0.768998 0.000530325 0.609024 0.000734615 
10 1.5 96000000 7.33097 0.0298613 -13.8845 0.00940126 197.457 0.24169 42147.5 90.092 -0.00596173 0.00900502 -0.00638934 0.0102884 0.768998 0.000530325 0.609024 0.000734615 
10 1.5 97000000 7.33097 0.0294343 -13.8845 0.00932612 197.457 0.239776 42147.5 89.3702 -0.00596173 0.00900502 -0.00638934 0.0102884 0.768998 0.00053002 0.609024 0.000735397 
10 1.5 98000000 7.33097 0.0294343 -13.8845 0.00932612 197.457 0.239776 42147.5 89.3702 -0.00596173 0.00900502 -0.00638934 0.0102884 0.768998 0.00053002 0.609024 0.000735397 
10 1.5 99000000 7.317 0.0288761 -13.8909 0.0100133 197.626 0.272635 42211.9 110.347 -0.0050487 0.00848024 -0.00824648 0.00865289 0.769319 0.000539662 0.609488 0.00077537 
10 1.5 100000000 7.317 0.0288761 -13.8909 0.0100133 197.626 0.272635 42211.9 110.347 -0.0050487 0.00848024 -0.00824648 0.00865289 0.769319 0.000539662 0.609488 0.00077537 
