L J MC_steps R2 R2_std E E_std E2 E2_std E4 E4_std Sin1 Sin1_std Cos1 Cos1_std Mag2 Mag2_std Mag4 Mag4_std
11 0.25 1210000 25.1562 0.472916 -1.86491 0.113863 13.0196 0.768135 670.283 104.642 -0.0218259 0.0134628 0.00209887 0.0125927 0.139563 0.00539287 0.0372423 0.00256509 
11 0.25 2420000 24.8962 0.370454 -1.79054 0.0773816 12.0658 0.496542 544.902 55.06 -0.0146213 0.00743548 0.00258838 0.00786295 0.135207 0.00336205 0.0345068 0.00162101 
11 0.25 3630000 25.1072 0.329125 -1.74393 0.0582015 11.7089 0.433675 505.897 49.5732 -0.0103026 0.0072426 0.000761621 0.0062107 0.133099 0.00299918 0.0332431 0.00144242 
11 0.25 4840000 25.2292 0.250599 -1.75243 0.0482366 11.5301 0.41032 482.919 40.4397 -0.00523975 0.00572931 0.00446554 0.0053774 0.132414 0.00225697 0.0325858 0.00118415 
11 0.25 6050000 25.1608 0.214786 -1.74496 0.0421069 11.4469 0.322496 471.349 32.1407 -0.00518456 0.00519335 0.00580444 0.00421674 0.132683 0.00178141 0.032453 0.000969045 
11 0.25 7260000 25.2674 0.205551 -1.75412 0.0393577 11.4469 0.33471 468.391 40.4109 -0.00311584 0.00460232 0.00546452 0.00373631 0.133554 0.00175603 0.0327159 0.0011156 
11 0.25 8470000 25.2437 0.175478 -1.76239 0.0362999 11.4583 0.278974 464.929 34.3973 -0.000951503 0.00507803 0.0044205 0.00325226 0.133854 0.00162005 0.0328547 0.000940534 
11 0.25 9680000 25.2581 0.165487 -1.75354 0.034694 11.3943 0.254103 462.425 31.2691 0.00101728 0.00457774 0.00395383 0.00320929 0.13384 0.00159792 0.0327156 0.000885757 
11 0.25 10890000 25.2105 0.157205 -1.74025 0.0321458 11.3854 0.227252 463.888 30.0677 0.00137993 0.00416836 0.00473254 0.00291471 0.134091 0.0015398 0.0328241 0.000873874 
11 0.25 12100000 25.2097 0.146285 -1.74792 0.030537 11.4228 0.21889 468.183 28.1837 0.00149264 0.00374867 0.00435958 0.00269823 0.134136 0.00136872 0.0328415 0.000780408 
11 0.25 13310000 25.2502 0.136823 -1.74318 0.0289486 11.3706 0.199379 464.765 25.7925 0.000848056 0.00365222 0.00557057 0.00274451 0.133922 0.00126247 0.0327703 0.000702695 
11 0.25 14520000 25.272 0.130098 -1.75391 0.0286892 11.4301 0.189901 469.767 23.9278 0.000539407 0.00348179 0.00477526 0.00317488 0.133988 0.00124379 0.0326858 0.000643876 
11 0.25 15730000 25.2946 0.126165 -1.76462 0.0271538 11.4615 0.176656 472.253 22.0626 0.00158389 0.00321493 0.0031221 0.00294027 0.134237 0.00119201 0.0327976 0.000599848 
11 0.25 16940000 25.3059 0.122577 -1.7775 0.0264809 11.4967 0.166535 472.917 20.3755 0.00108563 0.00300599 0.002961 0.00274216 0.134625 0.00113615 0.0329125 0.000564617 
11 0.25 18150000 25.3471 0.118413 -1.7717 0.0258814 11.5068 0.154945 471.6 18.9626 0.000865861 0.0027993 0.00402484 0.00268243 0.134592 0.00109708 0.0329034 0.000531947 
11 0.25 19360000 25.3639 0.114242 -1.7841 0.0251844 11.5885 0.164774 478.082 18.7737 0.000228385 0.00268429 0.00488636 0.00273826 0.135069 0.00105161 0.0331309 0.000536487 
11 0.25 20570000 25.397 0.107001 -1.7841 0.0242417 11.5447 0.160193 471.714 18.6491 7.65924e-05 0.00252081 0.00437156 0.00276665 0.134799 0.00101816 0.0329275 0.000540118 
11 0.25 21780000 25.4006 0.104815 -1.77448 0.0240991 11.5066 0.155243 468.226 17.8754 0.000200471 0.00242337 0.00310664 0.00269489 0.134507 0.000982191 0.0328261 0.000517787 
11 0.25 22990000 25.4293 0.102598 -1.78193 0.023882 11.5183 0.147063 472.528 17.3923 0.000359899 0.00224893 0.00305026 0.00261201 0.134359 0.000951209 0.0327516 0.000494343 
11 0.25 24200000 25.4587 0.0995027 -1.78252 0.0226325 11.5095 0.139585 468.805 16.8706 0.000294044 0.0021706 0.00296173 0.00247611 0.13428 0.000910343 0.0326609 0.000476574 
11 0.25 25410000 25.447 0.0979258 -1.78726 0.0219908 11.57 0.145123 474.594 16.991 0.000798089 0.00213371 0.00268126 0.00237226 0.134543 0.000893335 0.0328785 0.000499932 
11 0.25 26620000 25.447 0.0958872 -1.78726 0.0216352 11.57 0.139093 474.594 16.226 0.000798089 0.00203559 0.00268126 0.00226917 0.134543 0.00086232 0.0328785 0.000478902 
11 0.25 27830000 25.4219 0.0943889 -1.77925 0.0207898 11.5224 0.136323 471.015 15.6582 0.000258777 0.0019974 0.00254074 0.00217051 0.134605 0.000849437 0.0328289 0.000457144 
11 0.25 29040000 25.4219 0.0915999 -1.77925 0.0203953 11.5224 0.130663 471.015 15.004 0.000258777 0.0019974 0.00254074 0.00212065 0.134605 0.000824703 0.0328289 0.000438777 
11 0.25 30250000 25.4329 0.0900992 -1.7773 0.0200242 11.5013 0.12582 468.499 14.4644 -0.000564974 0.00207819 0.00215511 0.00203287 0.134454 0.000804947 0.0327613 0.00042155 
11 0.25 31460000 25.4329 0.0881391 -1.7773 0.0198249 11.5013 0.12114 468.499 13.8979 -0.000564974 0.00207819 0.00215511 0.00195762 0.134454 0.000802783 0.0327613 0.000406847 
11 0.25 32670000 25.425 0.0864853 -1.78055 0.0193078 11.5207 0.116894 468.902 13.3646 -0.00135546 0.00207819 0.00187088 0.00188329 0.134614 0.000787893 0.0328454 0.000393302 
11 0.25 33880000 25.425 0.0851521 -1.78055 0.0187929 11.5207 0.1147 468.902 13.1179 -0.00135546 0.00207819 0.00187088 0.00182619 0.134614 0.000818493 0.0328454 0.000439657 
11 0.25 35090000 25.43 0.0832581 -1.77957 0.018309 11.5227 0.113165 468.349 12.8062 -0.0016826 0.00206002 0.00171346 0.00176815 0.134271 0.000800441 0.0326993 0.00043144 
11 0.25 36300000 25.43 0.0835924 -1.77957 0.0179031 11.5227 0.109602 468.349 12.3654 -0.0016826 0.00206002 0.00171346 0.00173641 0.134271 0.000787445 0.0326993 0.000422579 
11 0.25 37510000 25.4186 0.0819971 -1.7865 0.0178652 11.5422 0.10648 468.229 11.9533 -0.00212242 0.00206002 0.00235215 0.00169317 0.134501 0.000764879 0.0328169 0.000410907 
11 0.25 38720000 25.4186 0.0795452 -1.7865 0.0174301 11.5422 0.103882 468.229 11.5694 -0.00212242 0.00206002 0.00235215 0.0016556 0.134501 0.000741624 0.0328169 0.000398488 
11 0.25 39930000 25.3969 0.0785113 -1.78857 0.017237 11.5361 0.101815 468.714 11.2284 -0.00219811 0.00186591 0.0023725 0.00162961 0.134692 0.000755563 0.0328901 0.000398248 
11 0.25 41140000 25.3969 0.0780644 -1.78857 0.0170946 11.5361 0.103507 468.714 10.8884 -0.00219811 0.00186591 0.0023725 0.00158506 0.134692 0.0007374 0.0328901 0.00038733 
11 0.25 42350000 25.3894 0.0762996 -1.78753 0.0168682 11.5537 0.102113 468.307 10.5788 -0.00188527 0.00186591 0.00208482 0.00155398 0.134628 0.000730517 0.0328277 0.00038688 
11 0.25 43560000 25.3894 0.0750986 -1.78753 0.0165849 11.5537 0.10003 468.307 10.2849 -0.00188527 0.00186591 0.00208482 0.00151708 0.134628 0.000720985 0.0328277 0.000381253 
11 0.25 44770000 25.404 0.0746812 -1.78298 0.0163237 11.534 0.098755 467.945 9.99941 -0.00159078 0.00175464 0.00196031 0.00147693 0.134429 0.000704352 0.032756 0.000370721 
11 0.25 45980000 25.404 0.075961 -1.78298 0.0160217 11.534 0.0969453 467.945 9.94242 -0.00159078 0.00175464 0.00196031 0.00144988 0.134429 0.000694019 0.032756 0.000361259 
11 0.25 47190000 25.404 0.0751115 -1.78298 0.0159152 11.534 0.0971429 467.945 9.94242 -0.00159078 0.00175464 0.00196031 0.0014308 0.134429 0.000694019 0.032756 0.000361259 
11 0.25 48400000 25.3917 0.0743736 -1.77915 0.0155802 11.5231 0.096493 469.038 9.72929 -0.00141597 0.00175464 0.00190425 0.0014108 0.134164 0.000692576 0.0326728 0.000357176 
11 0.25 49610000 25.3917 0.0763784 -1.77915 0.0154783 11.5231 0.0961826 469.038 9.64935 -0.00141597 0.00175464 0.00190425 0.00138564 0.134164 0.00068249 0.0326728 0.00035134 
11 0.25 50820000 25.399 0.0745283 -1.78357 0.0154838 11.5508 0.0959843 470.567 9.97397 -0.0011206 0.00164096 0.00156832 0.00135588 0.134315 0.000667081 0.0327634 0.000345032 
11 0.25 52030000 25.399 0.0727764 -1.78357 0.0153022 11.5508 0.0937372 470.567 9.7528 -0.0011206 0.00164096 0.00156832 0.00133179 0.134315 0.000652488 0.0327634 0.00033667 
11 0.25 53240000 25.399 0.0717065 -1.78357 0.0150729 11.5508 0.0922698 470.567 9.53911 -0.0011206 0.00164096 0.00156832 0.00131155 0.134315 0.000642434 0.0327634 0.000330455 
11 0.25 54450000 25.399 0.0704611 -1.78357 0.0148754 11.5508 0.0914467 470.567 9.31949 -0.0011206 0.00164096 0.00156832 0.00131155 0.134315 0.000627523 0.0327634 0.000323243 
11 0.25 55660000 25.4119 0.0693113 -1.77419 0.0146276 11.5232 0.0894977 469.631 9.13156 -0.00127493 0.00158857 0.00120125 0.00131155 0.134135 0.00063059 0.0326964 0.000320696 
11 0.25 56870000 25.4119 0.0680557 -1.77419 0.0145409 11.5232 0.0886068 469.631 9.03342 -0.00127493 0.00158857 0.00120125 0.00131155 0.134135 0.000618359 0.0326964 0.000315927 
11 0.25 58080000 25.4119 0.0666587 -1.77419 0.0145166 11.5232 0.0878362 469.631 8.86505 -0.00127493 0.00158857 0.00120125 0.00131155 0.134135 0.000606504 0.0326964 0.000309285 
11 0.25 59290000 25.4119 0.0653101 -1.77419 0.0145166 11.5232 0.0866752 469.631 8.72583 -0.00127493 0.00158857 0.00120125 0.00131155 0.134135 0.000598806 0.0326964 0.000304842 
11 0.25 60500000 25.4156 0.065167 -1.77231 0.0150979 11.4933 0.0861755 467.552 8.5565 -0.000620994 0.00151002 0.000605481 0.00140253 0.134028 0.000586822 0.0326273 0.000298543 
11 0.25 61710000 25.4156 0.0642796 -1.77231 0.0150979 11.4933 0.0848471 467.552 8.51571 -0.000620994 0.00151002 0.000605481 0.00140253 0.134028 0.000574848 0.0326273 0.000292453 
11 0.25 62920000 25.4156 0.0650461 -1.77231 0.0150979 11.4933 0.0835539 467.552 8.37322 -0.000620994 0.00151002 0.000605481 0.00140253 0.134028 0.000576862 0.0326273 0.000294344 
11 0.25 64130000 25.4156 0.064479 -1.77231 0.0150979 11.4933 0.0826679 467.552 8.21093 -0.000620994 0.00151002 0.000605481 0.00140253 0.134028 0.00056583 0.0326273 0.000288573 
11 0.25 65340000 25.4063 0.0641588 -1.77012 0.0150979 11.4913 0.0826659 468.721 8.25261 -0.000421786 0.00140694 0.000524903 0.00140253 0.134181 0.000555008 0.0326878 0.000283137 
11 0.25 66550000 25.4063 0.063179 -1.77012 0.0150979 11.4913 0.0820756 468.721 8.10497 -0.000421786 0.00140694 0.000524903 0.00140253 0.134181 0.00054701 0.0326878 0.000279366 
11 0.25 67760000 25.4063 0.0625647 -1.77012 0.0150979 11.4913 0.0817362 468.721 7.9555 -0.000421786 0.00140694 0.000524903 0.00140253 0.134181 0.000562887 0.0326878 0.000288235 
11 0.25 68970000 25.4063 0.0631163 -1.77012 0.0150979 11.4913 0.081083 468.721 7.87337 -0.000421786 0.00140694 0.000524903 0.00140253 0.134181 0.000568155 0.0326878 0.00028684 
11 0.25 70180000 25.4003 0.062313 -1.77219 0.0129416 11.4865 0.0798073 468.844 7.75111 0.000172251 0.00142635 0.000188985 0.0012625 0.134439 0.000558051 0.0327973 0.000281728 
11 0.25 71390000 25.4003 0.0613965 -1.77219 0.0129416 11.4865 0.0792472 468.844 7.77385 0.000172251 0.00142635 0.000188985 0.0012625 0.134439 0.000553084 0.0327973 0.000280054 
11 0.25 72600000 25.4003 0.061787 -1.77219 0.0129416 11.4865 0.0783843 468.844 7.73447 0.000172251 0.00142635 0.000188985 0.0012625 0.134439 0.000552446 0.0327973 0.000277464 
11 0.25 73810000 25.4003 0.0608919 -1.77219 0.0129416 11.4865 0.0775622 468.844 7.60858 0.000172251 0.00142635 0.000188985 0.0012625 0.134439 0.000552446 0.0327973 0.000274388 
11 0.25 75020000 25.3854 0.0604636 -1.77698 0.0129416 11.529 0.0768801 472.294 7.48469 0.000609238 0.00140701 0.000391162 0.0012625 0.13466 0.000552446 0.0329221 0.000270293 
11 0.25 76230000 25.3854 0.060058 -1.77698 0.0129416 11.529 0.075859 472.294 7.39785 0.000609238 0.00140701 0.000391162 0.0012625 0.13466 0.000552446 0.0329221 0.000267094 
11 0.25 77440000 25.3854 0.059566 -1.77698 0.0129416 11.529 0.0759175 472.294 7.41815 0.000609238 0.00140701 0.000391162 0.0012625 0.13466 0.000552446 0.0329221 0.000263169 
11 0.25 78650000 25.3854 0.0589098 -1.77698 0.0129416 11.529 0.0754597 472.294 7.37714 0.000609238 0.00140701 0.000391162 0.0012625 0.13466 0.000552446 0.0329221 0.000261076 
11 0.25 79860000 25.4038 0.0582279 -1.77359 0.0121229 11.5047 0.0750677 472.439 7.3265 0.00116265 0.00154077 0.000379593 0.00111898 0.134637 0.000517542 0.0328949 0.000257055 
11 0.25 81070000 25.4038 0.0575156 -1.77359 0.0120003 11.5047 0.0741369 472.439 7.23485 0.00116265 0.00154077 0.000379593 0.00111898 0.134637 0.000517542 0.0328949 0.000260509 
11 0.25 82280000 25.4038 0.0570658 -1.77359 0.0119181 11.5047 0.0736256 472.439 7.16942 0.00116265 0.00154077 0.000379593 0.00111898 0.134637 0.000517542 0.0328949 0.000258043 
11 0.25 83490000 25.4038 0.0563085 -1.77359 0.0117779 11.5047 0.0729636 472.439 7.10526 0.00116265 0.00154077 0.000379593 0.00111898 0.134637 0.000517542 0.0328949 0.000255019 
11 0.25 84700000 25.3963 0.0559468 -1.77577 0.0118072 11.5048 0.0732245 472.705 7.09638 0.000780249 0.00154077 0.000369738 0.00111898 0.134585 0.000517542 0.0328901 0.000256156 
11 0.25 85910000 25.3963 0.0551959 -1.77577 0.0117745 11.5048 0.0729568 472.705 7.05236 0.000780249 0.00154077 0.000369738 0.00111898 0.134585 0.000517542 0.0328901 0.000255748 
11 0.25 87120000 25.3963 0.0551105 -1.77577 0.0116445 11.5048 0.0721989 472.705 7.01656 0.000780249 0.00154077 0.000369738 0.00111898 0.134585 0.000517542 0.0328901 0.000253914 
11 0.25 88330000 25.3963 0.054813 -1.77577 0.0115511 11.5048 0.0715057 472.705 6.93102 0.000780249 0.00154077 0.000369738 0.00111898 0.134585 0.000517542 0.0328901 0.000250951 
11 0.25 89540000 25.3795 0.0551876 -1.77495 0.011459 11.5096 0.0707792 473.818 6.87017 0.000765936 0.00141973 0.000127223 0.00102272 0.134653 0.000488846 0.0329663 0.000247818 
11 0.25 90750000 25.3795 0.0550372 -1.77495 0.0114847 11.5096 0.0704974 473.818 6.81547 0.000765936 0.00141973 0.000127223 0.00102272 0.134653 0.000484269 0.0329663 0.000245352 
11 0.25 91960000 25.3795 0.054379 -1.77495 0.011371 11.5096 0.0700403 473.818 6.76529 0.000765936 0.00141973 0.000127223 0.00102272 0.134653 0.000477882 0.0329663 0.000243592 
11 0.25 93170000 25.3795 0.0541255 -1.77495 0.0112981 11.5096 0.0696874 473.818 6.72645 0.000765936 0.00141973 0.000127223 0.00102272 0.134653 0.000471895 0.0329663 0.000240349 
11 0.25 94380000 25.3801 0.0537167 -1.77185 0.0111746 11.4883 0.0692471 472.864 6.76834 0.000699395 0.00141973 -7.06708e-05 0.00102272 0.134495 0.000472443 0.0328983 0.000237804 
11 0.25 95590000 25.3801 0.0531041 -1.77185 0.0110529 11.4883 0.0684298 472.864 6.71052 0.000699395 0.00141973 -7.06708e-05 0.00102272 0.134495 0.000470426 0.0328983 0.000236129 
11 0.25 96800000 25.3801 0.05312 -1.77185 0.0109913 11.4883 0.0679985 472.864 6.66784 0.000699395 0.00141973 -7.06708e-05 0.00102272 0.134495 0.000468555 0.0328983 0.000233945 
11 0.25 98010000 25.3801 0.0527653 -1.77185 0.0109167 11.4883 0.0674994 472.864 6.59697 0.000699395 0.00141973 -7.06708e-05 0.00102272 0.134495 0.000463708 0.0328983 0.000231744 
11 0.25 99220000 25.3801 0.0525064 -1.77185 0.0108544 11.4883 0.0670771 472.864 6.58344 0.000699395 0.00141973 -7.06708e-05 0.00102272 0.134495 0.000463708 0.0328983 0.000231744 
