L J MC_steps R2 R2_std E E_std E2 E2_std E4 E4_std Sin1 Sin1_std Cos1 Cos1_std Mag2 Mag2_std Mag4 Mag4_std
11 1.25 1210000 10.808 0.329252 -14.1709 0.105612 209.822 2.80901 50331.4 1172.83 -0.041867 0.0456329 0.0216854 0.046163 0.689407 0.00649738 0.503077 0.00754062 
11 1.25 2420000 10.9408 0.271195 -14.313 0.094878 214.065 2.66814 52419.1 1224.05 -0.0311083 0.0317557 0.0361251 0.0366377 0.694973 0.00457783 0.510679 0.00583385 
11 1.25 3630000 10.8778 0.215672 -14.2866 0.073021 213.34 1.98174 52094.2 867.063 -0.00521931 0.029103 0.011965 0.026983 0.693127 0.003764 0.508982 0.00448267 
11 1.25 4840000 10.849 0.175811 -14.2923 0.0596807 213.827 1.60647 52542.8 698.428 0.00748008 0.0247243 0.000811189 0.0244936 0.692893 0.00305499 0.509904 0.00366957 
11 1.25 6050000 10.7821 0.15827 -14.2916 0.0518986 213.753 1.38939 52475 607.847 0.0046853 0.0212385 0.0107244 0.0254017 0.692075 0.00271362 0.50872 0.00326025 
11 1.25 7260000 10.7837 0.154936 -14.3133 0.0460945 214.146 1.23504 52529.9 543.402 -0.000736143 0.0195425 0.0226771 0.0227634 0.693837 0.00243941 0.510562 0.00293824 
11 1.25 8470000 10.8459 0.142724 -14.334 0.0439421 214.79 1.17981 52858.2 522.155 0.00159237 0.0181383 0.014652 0.0215373 0.695543 0.00232862 0.512783 0.00277685 
11 1.25 9680000 10.7992 0.129276 -14.3554 0.0429469 215.366 1.16448 53097 512.545 0.000687137 0.0171984 0.0231773 0.0196899 0.696297 0.0022682 0.51384 0.0027181 
11 1.25 10890000 10.756 0.126839 -14.3516 0.0395596 215.216 1.07645 53023.7 471.98 -0.00153343 0.0161883 0.0222592 0.0177507 0.6959 0.00208082 0.51322 0.00256297 
11 1.25 12100000 10.75 0.133376 -14.3432 0.0373493 215.012 1.01929 52936.2 449.038 -0.013193 0.0156094 0.0195728 0.0166023 0.695136 0.00193722 0.512326 0.00239828 
11 1.25 13310000 10.7766 0.134565 -14.3441 0.0348643 215.051 0.957974 52960 428.482 -0.0159821 0.0153987 0.0209558 0.015919 0.695221 0.00180762 0.51235 0.00222805 
11 1.25 14520000 10.7857 0.122641 -14.3513 0.0339757 215.157 0.93206 52937.7 416.45 -0.0234982 0.0147209 0.0192934 0.0149235 0.695854 0.00171402 0.513022 0.00210681 
11 1.25 15730000 10.7795 0.112579 -14.3611 0.032161 215.418 0.883569 53041.7 395.264 -0.0195544 0.0133428 0.0186138 0.0149472 0.696293 0.00163008 0.513481 0.00197614 
11 1.25 16940000 10.7737 0.104065 -14.3629 0.0302468 215.404 0.835156 53005.1 376.91 -0.0167512 0.0131329 0.027271 0.0143011 0.696509 0.00157418 0.51366 0.00190968 
11 1.25 18150000 10.7659 0.0969259 -14.3706 0.029447 215.609 0.809784 53094.6 363.144 -0.0171755 0.0125896 0.0217481 0.0138458 0.696726 0.00152982 0.513882 0.00185176 
11 1.25 19360000 10.7704 0.0905703 -14.3667 0.0281616 215.48 0.772709 53029.7 345.55 -0.0100085 0.0121872 0.0176621 0.0131385 0.696626 0.00145822 0.513754 0.00176971 
11 1.25 20570000 10.7852 0.0860965 -14.3607 0.0268606 215.318 0.735424 52972.3 327.368 -0.00554697 0.0145831 0.0170978 0.0128165 0.696408 0.00139668 0.513421 0.00169646 
11 1.25 21780000 10.7668 0.0829712 -14.3719 0.0272952 215.599 0.739606 53085.3 326.846 -0.00883565 0.0145831 0.0155855 0.0123438 0.696843 0.00139437 0.513906 0.00171704 
11 1.25 22990000 10.7686 0.0783808 -14.363 0.0260545 215.352 0.707398 52972.1 314.111 -0.00871375 0.0133021 0.0136248 0.0118835 0.69611 0.00137991 0.513012 0.00166565 
11 1.25 24200000 10.7738 0.0744341 -14.3659 0.0247978 215.404 0.674327 52969.3 302.589 -0.00708357 0.0133021 0.0109185 0.0118076 0.696399 0.00133319 0.51327 0.00159736 
11 1.25 25410000 10.7843 0.0718674 -14.3616 0.0244851 215.272 0.668125 52901.1 295.812 -0.00610292 0.0136504 0.0066705 0.0114087 0.696116 0.00129615 0.512839 0.00155866 
11 1.25 26620000 10.7843 0.0692737 -14.3616 0.0239303 215.272 0.653549 52901.1 295.273 -0.00610292 0.0136504 0.0066705 0.0109338 0.696116 0.00124853 0.512839 0.00154983 
11 1.25 27830000 10.7827 0.067113 -14.3631 0.023235 215.29 0.64102 52892.8 289.16 -0.00259668 0.0136504 0.008159 0.0105559 0.696292 0.00121935 0.513092 0.00151466 
11 1.25 29040000 10.7827 0.0653328 -14.3631 0.0230748 215.29 0.636024 52892.8 288.15 -0.00259668 0.0136504 0.008159 0.0104677 0.696292 0.0012165 0.513092 0.00151568 
11 1.25 30250000 10.766 0.0637454 -14.3657 0.0222154 215.359 0.612596 52920.4 277.918 -0.00571124 0.0113809 0.00365047 0.0101624 0.696232 0.00117302 0.513043 0.001464 
11 1.25 31460000 10.766 0.0615717 -14.3657 0.0219165 215.359 0.601839 52920.4 271.713 -0.00571124 0.0113809 0.00365047 0.00989354 0.696232 0.00117228 0.513043 0.001456 
11 1.25 32670000 10.776 0.061229 -14.3594 0.0215414 215.212 0.592395 52859.1 265.798 -0.00750987 0.0113809 0.00409276 0.00964693 0.695936 0.00114382 0.512781 0.0014231 
11 1.25 33880000 10.776 0.0614718 -14.3594 0.02117 215.212 0.583917 52859.1 262.054 -0.00750987 0.0113809 0.00409276 0.00966088 0.695936 0.00113138 0.512781 0.00140297 
11 1.25 35090000 10.8017 0.0599291 -14.3618 0.0206623 215.291 0.571559 52900.8 257.647 -0.00500771 0.00990337 0.00875959 0.0094443 0.695951 0.00110351 0.512904 0.001371 
11 1.25 36300000 10.8017 0.0583402 -14.3618 0.0201549 215.291 0.557864 52900.8 252.623 -0.00500771 0.00990337 0.00875959 0.00936743 0.695951 0.00108529 0.512904 0.00135313 
11 1.25 37510000 10.8044 0.0567203 -14.3652 0.0198778 215.397 0.548463 52954.2 246.199 -0.00501235 0.0097768 0.00731365 0.00915923 0.696065 0.00106194 0.51316 0.00132291 
11 1.25 38720000 10.8044 0.0555148 -14.3652 0.0196581 215.397 0.541595 52954.2 242.796 -0.00501235 0.0097768 0.00731365 0.00892766 0.696065 0.00105012 0.51316 0.00131205 
11 1.25 39930000 10.8168 0.0541147 -14.3595 0.0192007 215.227 0.528876 52874.6 238.702 0.00176521 0.0108699 0.00656904 0.00872676 0.695674 0.00102962 0.512646 0.0012852 
11 1.25 41140000 10.8168 0.0528856 -14.3595 0.0187368 215.227 0.517922 52874.6 233.784 0.00176521 0.0108699 0.00656904 0.00865909 0.695674 0.00100675 0.512646 0.00124701 
11 1.25 42350000 10.7986 0.0519768 -14.361 0.0185134 215.255 0.51178 52878.7 229.786 0.00352252 0.0106452 0.00690132 0.00852855 0.695721 0.00099283 0.512642 0.00122112 
11 1.25 43560000 10.7986 0.0512631 -14.361 0.0181496 215.255 0.501611 52878.7 224.935 0.00352252 0.0106452 0.00690132 0.00834215 0.695721 0.000972166 0.512642 0.00119281 
11 1.25 44770000 10.8141 0.0506688 -14.3557 0.0178494 215.093 0.493076 52796.6 220.666 0.00311335 0.00980343 0.00755965 0.00819453 0.695341 0.000958837 0.512162 0.00117813 
11 1.25 45980000 10.8141 0.050105 -14.3557 0.0175669 215.093 0.485363 52796.6 217.321 0.00311335 0.00980343 0.00755965 0.00801715 0.695341 0.000948086 0.512162 0.00118902 
11 1.25 47190000 10.8141 0.0493759 -14.3557 0.017261 215.093 0.476998 52796.6 213.678 0.00311335 0.00980343 0.00755965 0.00787441 0.695341 0.000944156 0.512162 0.0011759 
11 1.25 48400000 10.8016 0.0485936 -14.3463 0.0169894 214.819 0.469115 52670.6 210.619 0.0012748 0.00954743 0.00780317 0.00786092 0.694785 0.000929877 0.511381 0.00116771 
11 1.25 49610000 10.8016 0.0478757 -14.3463 0.0167774 214.819 0.464015 52670.6 208.777 0.0012748 0.00954743 0.00780317 0.00773257 0.694785 0.000907472 0.511381 0.00116383 
11 1.25 50820000 10.7872 0.047122 -14.3458 0.0164564 214.831 0.456698 52686.2 206.919 0.00179999 0.00899995 0.00709753 0.0076911 0.694752 0.000984344 0.511405 0.00120339 
11 1.25 52030000 10.7872 0.0464695 -14.3458 0.0162794 214.831 0.451352 52686.2 204.075 0.00179999 0.00899995 0.00709753 0.00762143 0.694752 0.000984344 0.511405 0.00120339 
11 1.25 53240000 10.7872 0.0462517 -14.3458 0.0161246 214.831 0.447198 52686.2 202.218 0.00179999 0.00870064 0.00709753 0.00749395 0.694752 0.000984344 0.511405 0.00120339 
11 1.25 54450000 10.7872 0.0458302 -14.3458 0.0160158 214.831 0.444021 52686.2 200.871 0.00179999 0.00870064 0.00709753 0.00734349 0.694752 0.000984344 0.511405 0.00120339 
11 1.25 55660000 10.7684 0.045812 -14.3497 0.0163254 214.919 0.452016 52713.7 203.796 0.00169133 0.00845827 0.00684914 0.00733817 0.694566 0.000984344 0.511102 0.00120339 
11 1.25 56870000 10.7684 0.045812 -14.3497 0.0161821 214.919 0.448785 52713.7 202.849 0.00169133 0.00845827 0.00684914 0.00720421 0.694566 0.000984344 0.511102 0.00120339 
11 1.25 58080000 10.7684 0.045812 -14.3497 0.0161304 214.919 0.447653 52713.7 202.259 0.00169133 0.00824732 0.00684914 0.00710715 0.694566 0.000984344 0.511102 0.00120339 
11 1.25 59290000 10.7684 0.045812 -14.3497 0.0159432 214.919 0.442763 52713.7 200.381 0.00169133 0.00824732 0.00684914 0.00707766 0.694566 0.000984344 0.511102 0.00120339 
11 1.25 60500000 10.7482 0.0521995 -14.3534 0.0159246 214.996 0.440956 52728.9 198.981 0.00604001 0.00834841 0.00142047 0.00784486 0.694644 0.000832647 0.511207 0.00104671 
11 1.25 61710000 10.7482 0.0521995 -14.3534 0.0157855 214.996 0.437048 52728.9 196.959 0.00604001 0.00834841 0.00142047 0.00784486 0.694644 0.000826207 0.511207 0.00103545 
11 1.25 62920000 10.7482 0.0521995 -14.3534 0.015553 214.996 0.430722 52728.9 194.084 0.00604001 0.00834841 0.00142047 0.00784486 0.694644 0.000826207 0.511207 0.00101958 
11 1.25 64130000 10.7482 0.0521995 -14.3534 0.0154071 214.996 0.426293 52728.9 192.045 0.00604001 0.00834841 0.00142047 0.00784486 0.694644 0.000826207 0.511207 0.00101904 
11 1.25 65340000 10.728 0.0521995 -14.3534 0.015293 214.979 0.422823 52716 190.351 0.00789699 0.00791006 0.00120805 0.00784486 0.694666 0.000826207 0.51114 0.00101904 
11 1.25 66550000 10.728 0.0521995 -14.3534 0.0152254 214.979 0.420697 52716 189.033 0.00789699 0.00791006 0.00120805 0.00784486 0.694666 0.000826207 0.51114 0.00101904 
11 1.25 67760000 10.728 0.0521995 -14.3534 0.0151259 214.979 0.418559 52716 188.512 0.00789699 0.00791006 0.00120805 0.00784486 0.694666 0.000826207 0.51114 0.00101904 
11 1.25 68970000 10.728 0.0521995 -14.3534 0.014995 214.979 0.414907 52716 186.926 0.00789699 0.00791006 0.00120805 0.00784486 0.694666 0.000826207 0.51114 0.00101904 
11 1.25 70180000 10.7254 0.0494573 -14.3565 0.0148521 215.07 0.411029 52758.3 185.156 0.00764273 0.00740925 0.00188973 0.00673818 0.694961 0.000769922 0.51145 0.000964551 
11 1.25 71390000 10.7254 0.0494573 -14.3565 0.0146866 215.07 0.406087 52758.3 182.723 0.00764273 0.00740925 0.00188973 0.00673818 0.694961 0.000766421 0.51145 0.000954299 
11 1.25 72600000 10.7254 0.0494573 -14.3565 0.0145308 215.07 0.401689 52758.3 180.733 0.00764273 0.00734914 0.00188973 0.00673818 0.694961 0.000766421 0.51145 0.000948217 
11 1.25 73810000 10.7254 0.0494573 -14.3565 0.0143384 215.07 0.396644 52758.3 178.572 0.00764273 0.00734914 0.00188973 0.00673818 0.694961 0.000766421 0.51145 0.000938246 
11 1.25 75020000 10.7282 0.0494573 -14.3617 0.0142763 215.193 0.395118 52809.8 177.9 0.00700752 0.00693361 -0.000530916 0.00673818 0.695069 0.000766421 0.511546 0.000927552 
11 1.25 76230000 10.7282 0.0494573 -14.3617 0.0141849 215.193 0.391537 52809.8 175.772 0.00700752 0.00693361 -0.000530916 0.00673818 0.695069 0.000766421 0.511546 0.000921348 
11 1.25 77440000 10.7282 0.0494573 -14.3617 0.0140375 215.193 0.387273 52809.8 173.678 0.00700752 0.00688659 -0.000530916 0.00673818 0.695069 0.000766421 0.511546 0.000914537 
11 1.25 78650000 10.7282 0.0494573 -14.3617 0.0138486 215.193 0.382118 52809.8 171.336 0.00700752 0.00688659 -0.000530916 0.00673818 0.695069 0.000766421 0.511546 0.000904857 
11 1.25 79860000 10.7133 0.0447376 -14.3663 0.0143362 215.303 0.377219 52850.1 169.052 0.00791574 0.00653915 -0.000387178 0.00637621 0.695249 0.000722961 0.511729 0.000892796 
11 1.25 81070000 10.7133 0.0447376 -14.3663 0.0143362 215.303 0.372407 52850.1 167.081 0.00791574 0.00653915 -0.000387178 0.00628065 0.695249 0.000722961 0.511729 0.00088125 
11 1.25 82280000 10.7133 0.0447376 -14.3663 0.0143362 215.303 0.368192 52850.1 165.286 0.00791574 0.0065158 -0.000387178 0.00626882 0.695249 0.000722961 0.511729 0.000870941 
11 1.25 83490000 10.7133 0.0447376 -14.3663 0.0143362 215.303 0.365934 52850.1 163.831 0.00791574 0.0065158 -0.000387178 0.00626882 0.695249 0.000722961 0.511729 0.000866615 
11 1.25 84700000 10.719 0.0447376 -14.3653 0.0143362 215.279 0.362016 52842.4 162.397 0.00746197 0.00644353 -0.00157062 0.00626882 0.69521 0.000722961 0.511686 0.000857568 
11 1.25 85910000 10.719 0.0447376 -14.3653 0.0143362 215.279 0.359175 52842.4 161.078 0.00746197 0.00644353 -0.00157062 0.00626882 0.69521 0.000722961 0.511686 0.000851325 
11 1.25 87120000 10.719 0.0447376 -14.3653 0.0143362 215.279 0.357295 52842.4 163.668 0.00746197 0.00627838 -0.00157062 0.00626882 0.69521 0.000722961 0.511686 0.00085084 
11 1.25 88330000 10.719 0.0447376 -14.3653 0.0143362 215.279 0.35423 52842.4 161.755 0.00746197 0.00627838 -0.00157062 0.00626882 0.69521 0.000722961 0.511686 0.000839126 
11 1.25 89540000 10.7073 0.0401727 -14.3667 0.0127492 215.293 0.350381 52831.9 159.714 0.00740176 0.00611898 -0.00283133 0.00602996 0.695113 0.000663203 0.511518 0.000830548 
11 1.25 90750000 10.7073 0.0401727 -14.3667 0.0127492 215.293 0.349517 52831.9 159.807 0.00740176 0.00611898 -0.00283133 0.00602996 0.695113 0.00065993 0.511518 0.000826349 
11 1.25 91960000 10.7073 0.0401727 -14.3667 0.0127492 215.293 0.345031 52831.9 157.727 0.00740176 0.00600067 -0.00283133 0.00602996 0.695113 0.000655888 0.511518 0.000820915 
11 1.25 93170000 10.7073 0.0401727 -14.3667 0.0127492 215.293 0.340976 52831.9 155.912 0.00740176 0.00600067 -0.00283133 0.00602996 0.695113 0.000655305 0.511518 0.000811755 
11 1.25 94380000 10.7089 0.0401727 -14.3642 0.0127492 215.223 0.336667 52797.6 153.883 0.00764924 0.00586464 -0.00256058 0.00602996 0.695039 0.000655305 0.511429 0.000802973 
11 1.25 95590000 10.7089 0.0401727 -14.3642 0.0127492 215.223 0.334312 52797.6 152.774 0.00764924 0.00586464 -0.00256058 0.00602996 0.695039 0.000655305 0.511429 0.000796619 
11 1.25 96800000 10.7089 0.0401727 -14.3642 0.0127492 215.223 0.33512 52797.6 153.029 0.00764924 0.00573631 -0.00256058 0.00602996 0.695039 0.000655305 0.511429 0.00080465 
11 1.25 98010000 10.7089 0.0401727 -14.3642 0.0127492 215.223 0.335026 52797.6 153.166 0.00764924 0.00573631 -0.00256058 0.00602996 0.695039 0.000655305 0.511429 0.000799312 
11 1.25 99220000 10.7089 0.0401727 -14.3642 0.0127492 215.223 0.335026 52797.6 153.166 0.00764924 0.00573631 -0.00256058 0.00602996 0.695039 0.000655305 0.511429 0.000795969 
