L J MC_steps R2 R2_std E E_std E2 E2_std E4 E4_std Sin1 Sin1_std Cos1 Cos1_std Mag2 Mag2_std Mag4 Mag4_std
5 0 250000 7.0625 0.122361 0.0236574 0.0508806 2.03866 0.10497 12.2527 1.69248 -0.00761128 0.0124912 0.0176213 0.0106584 0.190962 0.00632236 0.0647873 0.0039398 
5 0 500000 7.10491 0.0876975 -0.0234502 0.0381863 2.17169 0.0835435 14.8563 1.32014 -0.00410382 0.00905418 0.0113764 0.00732972 0.198255 0.00447471 0.0710905 0.00311035 
5 0 750000 7.12358 0.0693032 -0.0137397 0.0306796 2.23985 0.070319 16.2866 1.25567 0.00423822 0.00688918 0.00604668 0.00587724 0.198732 0.00360849 0.0714357 0.00269226 
5 0 1000000 7.06771 0.060956 -0.00695618 0.0247919 2.20185 0.0594371 15.6233 1.01861 0.00864731 0.00556476 0.00365258 0.00596809 0.196944 0.00299174 0.0698641 0.00218113 
5 0 1250000 7.04359 0.0506782 -0.00771801 0.0217176 2.20441 0.0499917 15.551 0.847137 0.00235954 0.00537123 -0.000823187 0.00584979 0.198772 0.00262515 0.070664 0.00182046 
5 0 1500000 7.05078 0.0559492 -0.00160869 0.0194043 2.20892 0.0438968 15.6823 0.941393 0.00218675 0.00619845 -4.37117e-05 0.00608833 0.197714 0.00226782 0.0702223 0.00185244 
5 0 1750000 7.05619 0.0480288 -0.00448125 0.0178356 2.25111 0.0485526 16.5383 1.02671 -0.00045198 0.00516545 0.00153468 0.00541043 0.197357 0.00208252 0.0705372 0.00163201 
5 0 2000000 7.07031 0.0454255 -0.0159416 0.0167936 2.26153 0.0441192 16.9481 0.999156 0.0018597 0.00454456 0.00123094 0.00464586 0.198325 0.00198247 0.0711266 0.00140686 
5 0 2250000 7.08732 0.0407915 -0.0083582 0.0161456 2.25699 0.0386051 16.8157 0.874292 0.000958737 0.00398591 0.00013612 0.00430003 0.198212 0.00184968 0.0709964 0.00131238 
5 0 2500000 7.08429 0.0448951 -0.000673331 0.0170638 2.26471 0.036173 17.0365 0.80381 0.00238111 0.00356523 -0.00166563 0.00395266 0.197872 0.00185337 0.0708544 0.00128197 
5 0 2750000 7.08086 0.0427892 -0.00657753 0.016894 2.26516 0.0369469 16.997 0.823725 0.0023892 0.00386133 -0.00163647 0.00360446 0.198582 0.00184729 0.0712446 0.00131994 
5 0 3000000 7.087 0.0393378 -0.000938328 0.015989 2.25369 0.0353226 16.9127 0.753145 0.000841524 0.00386133 -0.001982 0.00332012 0.197782 0.00172436 0.0705603 0.00136586 
5 0 3250000 7.09261 0.0364572 -0.00256644 0.0147393 2.24592 0.0332232 16.6266 0.742744 -0.000403121 0.00410507 -0.00138799 0.00308123 0.197762 0.00159305 0.0703992 0.0012615 
5 0 3500000 7.09585 0.0337967 -0.00139435 0.013652 2.24304 0.0307923 16.4982 0.69662 -0.000116646 0.00410507 -0.0012255 0.00309711 0.197503 0.00152515 0.0701643 0.00118614 
5 0 3750000 7.09528 0.0313874 -0.00455337 0.0130852 2.25025 0.0294251 16.5854 0.652299 -0.000105102 0.00352943 0.000523007 0.00312941 0.197746 0.00142861 0.0704787 0.00114234 
5 0 4000000 7.09036 0.0296781 -0.00185801 0.0124436 2.26219 0.0297872 16.7092 0.620446 0.000333916 0.00352943 0.000175118 0.00294006 0.197712 0.0013835 0.0705683 0.00106968 
5 0 4250000 7.07629 0.0309796 0.00162431 0.0121434 2.25855 0.0281474 16.658 0.583776 0.000848037 0.00321438 0.00117981 0.00292293 0.1976 0.00133387 0.0704537 0.00100894 
5 0 4500000 7.08536 0.0304559 -0.00165728 0.0118642 2.26372 0.0269627 16.6719 0.549602 0.00074339 0.00321438 0.0017045 0.00279769 0.197972 0.00129266 0.0707265 0.000985777 
5 0 4750000 7.07682 0.0299373 -0.00174452 0.0116195 2.2718 0.0266489 16.8162 0.537677 -0.000251005 0.00303931 0.00157845 0.0026451 0.198376 0.00136272 0.0710275 0.000975886 
5 0 5000000 7.07165 0.0288053 -0.00800272 0.0122391 2.2758 0.0255442 16.8509 0.510497 -0.000416351 0.00303931 0.00136199 0.00251473 0.199043 0.00129955 0.0714063 0.000995309 
5 0 5250000 7.06738 0.0276791 -0.00604639 0.0117824 2.27044 0.0248225 16.7703 0.491288 -0.000921856 0.00280844 0.000597387 0.00250253 0.199126 0.00140454 0.0713587 0.000946677 
5 0 5500000 7.06738 0.0266687 -0.00604639 0.0121603 2.27044 0.026317 16.7703 0.503743 -0.000921856 0.00280844 0.000597387 0.00238417 0.199126 0.00140454 0.0713587 0.00100521 
5 0 5750000 7.07715 0.0260433 -0.0077114 0.0120051 2.27693 0.025661 16.8837 0.486832 -0.000852571 0.00255398 0.000359345 0.00229639 0.199123 0.00140454 0.071509 0.00100478 
5 0 6000000 7.07715 0.0267542 -0.0077114 0.0115817 2.27693 0.0246235 16.8837 0.46575 -0.000852571 0.00255398 0.000359345 0.00229639 0.199123 0.00140454 0.071509 0.000963818 
5 0 6250000 7.06502 0.0257255 -0.00571787 0.0111079 2.2778 0.0236235 16.8299 0.450569 -8.85809e-05 0.00245276 -0.00102278 0.00241858 0.199157 0.00118879 0.0714733 0.000924422 
5 0 6500000 7.06502 0.0247453 -0.00571787 0.0106636 2.2778 0.0229487 16.8299 0.43297 -8.85809e-05 0.00245276 -0.00102278 0.00241858 0.199157 0.0011708 0.0714733 0.000889029 
5 0 6750000 7.06393 0.0237984 -0.00396058 0.0103958 2.28179 0.0220696 16.8055 0.416344 -1.37038e-05 0.00226523 -0.00075544 0.00241858 0.199149 0.0011708 0.0714478 0.000858399 
5 0 7000000 7.06393 0.0229715 -0.00396058 0.0102832 2.28179 0.0219691 16.8055 0.404453 -1.37038e-05 0.00226523 -0.00075544 0.00241858 0.199149 0.0011708 0.0714478 0.000829281 
5 0 7250000 7.06648 0.0221702 -0.00240522 0.00995025 2.27402 0.0212847 16.7532 0.390013 0.000474235 0.00215534 0.000280356 0.00239858 0.199125 0.00107775 0.0713622 0.000799855 
5 0 7500000 7.06648 0.0222182 -0.00240522 0.00969185 2.27402 0.0210761 16.7532 0.380961 0.000474235 0.00215534 0.000280356 0.00239858 0.199125 0.00104647 0.0713622 0.000788413 
5 0 7750000 7.06862 0.0218199 -0.00134345 0.00965256 2.28017 0.0204198 16.8497 0.37013 -0.000260503 0.00213321 0.000708545 0.00239858 0.199183 0.00103016 0.0714653 0.000764293 
5 0 8000000 7.06862 0.0211361 -0.00134345 0.00934481 2.28017 0.0201718 16.8497 0.367669 -0.000260503 0.00213321 0.000708545 0.00239858 0.199183 0.00101302 0.0714653 0.000750917 
5 0 8250000 7.07257 0.0206894 -0.00103881 0.00907011 2.28333 0.0195641 16.9366 0.356189 0.00019118 0.00204715 0.000368044 0.00210036 0.199154 0.000990523 0.0714642 0.000739122 
5 0 8500000 7.07257 0.0201003 -0.00103881 0.00901132 2.28333 0.0190271 16.9366 0.345485 0.00019118 0.00204715 0.000368044 0.00210036 0.199154 0.000967084 0.0714642 0.000720301 
5 0 8750000 7.07611 0.0200731 0.000403104 0.0093777 2.28815 0.0187578 16.9189 0.336274 0.000974147 0.00207105 -9.67807e-05 0.00210036 0.199062 0.000948874 0.0714176 0.000708941 
5 0 9000000 7.07611 0.0195559 0.000403104 0.00914184 2.28815 0.0194206 16.9189 0.339874 0.000974147 0.00207105 -9.67807e-05 0.00210036 0.199062 0.000932825 0.0714176 0.00070183 
5 0 9250000 7.07444 0.0190135 0.000616624 0.00894133 2.29025 0.0194461 16.9355 0.339406 0.00133139 0.00198656 0.000366538 0.00188235 0.199079 0.00092219 0.071381 0.00070352 
5 0 9500000 7.07444 0.0187984 0.000616624 0.00870019 2.29025 0.0190723 16.9355 0.330828 0.00133139 0.00198656 0.000366538 0.00188235 0.199079 0.000913412 0.071381 0.000684508 
5 0 9750000 7.07444 0.0187984 0.000616624 0.00870019 2.29025 0.0190723 16.9355 0.330828 0.00133139 0.00198656 0.000366538 0.00188235 0.199079 0.00090467 0.071381 0.000684508 
5 0 10000000 7.06877 0.0184415 0.00138457 0.00849711 2.29389 0.0186087 16.9641 0.32223 0.00108198 0.0018976 0.000449222 0.00186699 0.199095 0.000883058 0.0714077 0.000666943 
5 0 10250000 7.06877 0.017971 0.00138457 0.00831825 2.29389 0.0181318 16.9641 0.315436 0.00108198 0.0018976 0.000449222 0.00186699 0.199095 0.00086809 0.0714077 0.000650157 
5 0 10500000 7.06646 0.0177095 0.00231142 0.00811104 2.29277 0.0177076 16.9417 0.307663 0.00112822 0.00180328 0.000387048 0.00171482 0.199 0.000857842 0.0713583 0.000634541 
5 0 10750000 7.06646 0.0173432 0.00231142 0.00825229 2.29277 0.0178713 16.9417 0.309639 0.00112822 0.00180328 0.000387048 0.00169692 0.199 0.000844184 0.0713583 0.00064208 
5 0 11000000 7.06646 0.0169669 0.00231142 0.00805923 2.29277 0.0174681 16.9417 0.302491 0.00112822 0.00178386 0.000387048 0.0016804 0.199 0.000842215 0.0713583 0.00062718 
5 0 11250000 7.06646 0.0166035 0.00231142 0.00812434 2.29277 0.01708 16.9417 0.295713 0.00112822 0.00181256 0.000387048 0.0016804 0.199 0.000839845 0.0713583 0.000619749 
5 0 11500000 7.06072 0.016352 -0.00359964 0.00812492 2.29675 0.0167011 16.9858 0.289119 0.000834525 0.00182946 -0.000198958 0.00162661 0.199576 0.000847687 0.0716978 0.000607649 
5 0 11750000 7.06072 0.0160022 -0.00359964 0.00795149 2.29675 0.0163629 16.9858 0.286941 0.000834525 0.00182946 -0.000198958 0.00162661 0.199576 0.000847687 0.0716978 0.00059439 
5 0 12000000 7.06072 0.0158979 -0.00359964 0.00782859 2.29675 0.0160611 16.9858 0.281754 0.000834525 0.00177258 -0.000198958 0.00162661 0.199576 0.000847687 0.0716978 0.000583177 
5 0 12250000 7.06072 0.015763 -0.00359964 0.00771614 2.29675 0.0157593 16.9858 0.275769 0.000834525 0.0017553 -0.000198958 0.00162661 0.199576 0.000847687 0.0716978 0.000580722 
5 0 12500000 7.05697 0.0155683 -0.00463022 0.00829398 2.29681 0.0154854 16.9315 0.271134 0.000665878 0.00172281 0.000572331 0.0016639 0.199855 0.00101507 0.0718439 0.000616357 
5 0 12750000 7.05697 0.0152941 -0.00463022 0.00829398 2.29681 0.015683 16.9315 0.272523 0.000665878 0.00170914 0.000572331 0.0016639 0.199855 0.00101507 0.0718439 0.000616357 
5 0 13000000 7.05697 0.0150754 -0.00463022 0.00829398 2.29681 0.015385 16.9315 0.268848 0.000665878 0.00167822 0.000572331 0.0016639 0.199855 0.00101507 0.0718439 0.000616357 
5 0 13250000 7.05697 0.0150522 -0.00463022 0.00829398 2.29681 0.0151476 16.9315 0.265185 0.000665878 0.00167822 0.000572331 0.0016639 0.199855 0.00101507 0.0718439 0.000616357 
5 0 13500000 7.05743 0.0150153 -0.00731867 0.00829398 2.30212 0.0148674 17.0223 0.260851 0.00104262 0.00163136 0.000345119 0.00155134 0.200281 0.00101507 0.0721488 0.000616357 
5 0 13750000 7.05743 0.0148655 -0.00731867 0.00829398 2.30212 0.0145869 17.0223 0.257495 0.00104262 0.00161376 0.000345119 0.00155134 0.200281 0.00101507 0.0721488 0.000616357 
5 0 14000000 7.05743 0.014726 -0.00731867 0.00829398 2.30212 0.0143331 17.0223 0.254293 0.00104262 0.00167398 0.000345119 0.00155134 0.200281 0.00101507 0.0721488 0.000616357 
5 0 14250000 7.05743 0.0146204 -0.00731867 0.00829398 2.30212 0.014173 17.0223 0.251581 0.00104262 0.00167398 0.000345119 0.00155134 0.200281 0.00101507 0.0721488 0.000616357 
5 0 14500000 7.06264 0.0145091 -0.00714776 0.00748146 2.30008 0.01396 16.9137 0.248891 0.000489274 0.00161615 0.000353024 0.00144055 0.200088 0.000896412 0.0719846 0.00055123 
5 0 14750000 7.06264 0.0143661 -0.00714776 0.00748146 2.30008 0.0137298 16.9137 0.2457 0.000489274 0.00161615 0.000353024 0.00144055 0.200088 0.000896412 0.0719846 0.000544147 
5 0 15000000 7.06264 0.0141946 -0.00714776 0.00748146 2.30008 0.0137677 16.9137 0.245729 0.000489274 0.00156172 0.000353024 0.00144055 0.200088 0.000896412 0.0719846 0.000544147 
5 0 15250000 7.06264 0.0140588 -0.00714776 0.00748146 2.30008 0.0135916 16.9137 0.243174 0.000489274 0.00156172 0.000353024 0.00144055 0.200088 0.000896412 0.0719846 0.000544147 
5 0 15500000 7.0611 0.0139458 -0.00517733 0.00748146 2.30468 0.0134989 16.9429 0.240623 0.000331544 0.00151242 0.000431779 0.00138458 0.200066 0.000896412 0.0720556 0.000544147 
5 0 15750000 7.0611 0.0140152 -0.00517733 0.00748146 2.30468 0.0133398 16.9429 0.238854 0.000331544 0.00151242 0.000431779 0.00137357 0.200066 0.000896412 0.0720556 0.000544147 
5 0 16000000 7.0611 0.0143134 -0.00517733 0.00748146 2.30468 0.0132787 16.9429 0.23582 0.000331544 0.00147243 0.000431779 0.00135433 0.200066 0.000896412 0.0720556 0.000544147 
5 0 16250000 7.0611 0.0141326 -0.00517733 0.00748146 2.30468 0.0130919 16.9429 0.234151 0.000331544 0.00147243 0.000431779 0.00134667 0.200066 0.000896412 0.0720556 0.000544147 
5 0 16500000 7.06082 0.0139426 -0.00381872 0.0072492 2.30102 0.0129469 16.8682 0.232438 0.000341357 0.00143657 0.000718509 0.00135725 0.199809 0.00082643 0.0718785 0.000520774 
5 0 16750000 7.06082 0.0138021 -0.00381872 0.0072492 2.30102 0.0127592 16.8682 0.229968 0.000341357 0.00143657 0.000718509 0.00135278 0.199809 0.00082643 0.0718785 0.000518236 
5 0 17000000 7.06082 0.0141022 -0.00381872 0.0072492 2.30102 0.0126343 16.8682 0.228342 0.000341357 0.0014141 0.000718509 0.00136356 0.199809 0.00082643 0.0718785 0.000510591 
5 0 17250000 7.06082 0.014011 -0.00381872 0.0072492 2.30102 0.0125885 16.8682 0.225988 0.000341357 0.0014141 0.000718509 0.00134334 0.199809 0.00082643 0.0718785 0.000503524 
5 0 17500000 7.06147 0.0138523 -0.00612211 0.0072492 2.29948 0.0124048 16.8086 0.223708 0.000185916 0.00137547 0.000356025 0.00135681 0.20015 0.00082643 0.0720546 0.000502863 
5 0 17750000 7.06147 0.0142112 -0.00612211 0.0072492 2.29948 0.012613 16.8086 0.222617 0.000185916 0.00137547 0.000356025 0.001339 0.20015 0.00082643 0.0720546 0.000502863 
5 0 18000000 7.06147 0.014009 -0.00612211 0.0072492 2.29948 0.0124976 16.8086 0.222231 0.000185916 0.00133691 0.000356025 0.00132109 0.20015 0.00082643 0.0720546 0.000502863 
5 0 18250000 7.06147 0.0139456 -0.00612211 0.0072492 2.29948 0.0123278 16.8086 0.220205 0.000185916 0.00136214 0.000356025 0.00131184 0.20015 0.00082643 0.0720546 0.000502863 
5 0 18500000 7.06486 0.0138039 -0.00618993 0.00682053 2.29923 0.0122154 16.7994 0.218088 -0.000165612 0.00134352 3.1808e-05 0.00129419 0.20021 0.000825888 0.0720415 0.000482136 
5 0 18750000 7.06486 0.0136155 -0.00618993 0.00682053 2.29923 0.0120647 16.7994 0.216115 -0.000165612 0.00133667 3.1808e-05 0.00128205 0.20021 0.000825888 0.0720415 0.000475636 
5 0 19000000 7.06486 0.0135522 -0.00618993 0.00682053 2.29923 0.0119521 16.7994 0.215361 -0.000165612 0.00130942 3.1808e-05 0.00126796 0.20021 0.000825888 0.0720415 0.000475099 
5 0 19250000 7.06486 0.0138011 -0.00618993 0.00682053 2.29923 0.0118895 16.7994 0.214151 -0.000165612 0.00130449 3.1808e-05 0.00125425 0.20021 0.000825888 0.0720415 0.000475099 
5 0 19500000 7.06165 0.0136951 -0.00759677 0.00682053 2.30405 0.0120646 16.9096 0.214483 -0.000335359 0.0012843 6.68121e-05 0.00124072 0.200429 0.000825888 0.0722063 0.000477831 
5 0 19750000 7.06165 0.0136205 -0.00759677 0.00682053 2.30405 0.0119159 16.9096 0.21446 -0.000335359 0.00127188 6.68121e-05 0.00122508 0.200429 0.000825888 0.0722063 0.000477831 
5 0 20000000 7.06165 0.0134469 -0.00759677 0.00682053 2.30405 0.0119767 16.9096 0.21446 -0.000335359 0.0012533 6.68121e-05 0.0012108 0.200429 0.000825888 0.0722063 0.000477831 
5 0 20250000 7.06165 0.013288 -0.00759677 0.00682053 2.30405 0.0119324 16.9096 0.21446 -0.000335359 0.00124029 6.68121e-05 0.00119557 0.200429 0.000825888 0.0722063 0.000477831 
5 0 20500000 7.06165 0.013288 -0.00759677 0.00682053 2.30405 0.0119324 16.9096 0.21446 -0.000335359 0.00124029 6.68121e-05 0.00119557 0.200429 0.000825888 0.0722063 0.000477831 
5 0 20750000 7.06187 0.0131435 -0.00917923 0.0067619 2.30752 0.0122174 16.9543 0.213095 -0.000310138 0.00122386 -0.00016046 0.00118651 0.200563 0.000875169 0.0723385 0.000534917 
5 0 21000000 7.06187 0.0129879 -0.00917923 0.0067619 2.30752 0.0120686 16.9543 0.210587 -0.000310138 0.00122601 -0.00016046 0.00118718 0.200563 0.000875169 0.0723385 0.000534917 
5 0 21250000 7.06187 0.0129482 -0.00917923 0.0067619 2.30752 0.0119313 16.9543 0.209126 -0.000310138 0.00121124 -0.00016046 0.00118488 0.200563 0.000875169 0.0723385 0.000534917 
5 0 21500000 7.06187 0.0128715 -0.00917923 0.0067619 2.30752 0.0117887 16.9543 0.208324 -0.000310138 0.00120474 -0.00016046 0.00117062 0.200563 0.000875169 0.0723385 0.000534917 
5 0 21750000 7.06187 0.0129276 -0.00917923 0.0067619 2.30752 0.0116701 16.9543 0.2063 -0.000310138 0.0011914 -0.00016046 0.00116046 0.200563 0.000875169 0.0723385 0.000534917 
5 0 22000000 7.06187 0.0127755 -0.00917923 0.0067619 2.30752 0.0116175 16.9543 0.203882 -0.000310138 0.00117793 -0.00016046 0.00114682 0.200563 0.000875169 0.0723385 0.000534917 
5 0 22250000 7.06187 0.0126946 -0.00917923 0.0067619 2.30752 0.0116175 16.9543 0.201583 -0.000310138 0.00116469 -0.00016046 0.00113637 0.200563 0.000875169 0.0723385 0.000534917 
5 0 22500000 7.06187 0.0125487 -0.00917923 0.0067619 2.30752 0.0116175 16.9543 0.19981 -0.000310138 0.0011513 -0.00016046 0.0011245 0.200563 0.000875169 0.0723385 0.000534917 
5 0 22750000 7.05724 0.0124311 -0.00896761 0.00615049 2.30905 0.0116175 16.9755 0.1981 -0.000715995 0.00114199 -9.91872e-06 0.00112467 0.200598 0.000875169 0.0723268 0.000534917 
5 0 23000000 7.05724 0.0125004 -0.00896761 0.00615049 2.30905 0.0116175 16.9755 0.198205 -0.000715995 0.00113612 -9.91872e-06 0.00111212 0.200598 0.000875169 0.0723268 0.000534917 
5 0 23250000 7.05724 0.0123713 -0.00896761 0.00615049 2.30905 0.0116175 16.9755 0.197451 -0.000715995 0.00112685 -9.91872e-06 0.00109983 0.200598 0.000875169 0.0723268 0.000534917 
5 0 23500000 7.05724 0.0122561 -0.00896761 0.00615049 2.30905 0.0116175 16.9755 0.196749 -0.000715995 0.00112125 -9.91872e-06 0.00108833 0.200598 0.000875169 0.0723268 0.000534917 
5 0 23750000 7.05724 0.0121868 -0.00896761 0.00615049 2.30905 0.0116175 16.9755 0.194902 -0.000715995 0.00110865 -9.91872e-06 0.00107821 0.200598 0.000875169 0.0723268 0.000534917 
5 0 24000000 7.05724 0.0120558 -0.00896761 0.00615049 2.30905 0.0116175 16.9755 0.193232 -0.000715995 0.00110041 -9.91872e-06 0.00107151 0.200598 0.000875169 0.0723268 0.000534917 
5 0 24250000 7.05724 0.0119975 -0.00896761 0.00615049 2.30905 0.0116175 16.9755 0.191518 -0.000715995 0.00109087 -9.91872e-06 0.00106126 0.200598 0.000875169 0.0723268 0.000534917 
5 0 24500000 7.05724 0.0118904 -0.00896761 0.00615049 2.30905 0.0116175 16.9755 0.191224 -0.000715995 0.00108053 -9.91872e-06 0.00105391 0.200598 0.000875169 0.0723268 0.000534917 
5 0 24750000 7.05668 0.012041 -0.00691623 0.00597026 2.30591 0.0106639 16.9408 0.190053 -0.00045865 0.0010693 0.000245316 0.00104367 0.200227 0.000790902 0.0720884 0.000500853 
5 0 25000000 7.05668 0.0119945 -0.00691623 0.00597026 2.30591 0.0106158 16.9408 0.189853 -0.00045865 0.0010719 0.000245316 0.00104066 0.200227 0.000790902 0.0720884 0.000500853 
5 0 25250000 7.05668 0.0118909 -0.00691623 0.00597026 2.30591 0.0105096 16.9408 0.190235 -0.00045865 0.00106098 0.000245316 0.0010301 0.200227 0.000790902 0.0720884 0.000500853 
5 0 25500000 7.05668 0.0118251 -0.00691623 0.00597026 2.30591 0.0104151 16.9408 0.188888 -0.00045865 0.00106582 0.000245316 0.00103103 0.200227 0.000790902 0.0720884 0.000500853 
5 0 25750000 7.05668 0.0117186 -0.00691623 0.00597026 2.30591 0.0104942 16.9408 0.188224 -0.00045865 0.0010556 0.000245316 0.00102596 0.200227 0.000790902 0.0720884 0.000500853 
5 0 26000000 7.05668 0.0116071 -0.00691623 0.00597026 2.30591 0.0103908 16.9408 0.187429 -0.00045865 0.00105438 0.000245316 0.001018 0.200227 0.000790902 0.0720884 0.000500853 
5 0 26250000 7.05668 0.0114977 -0.00691623 0.00597026 2.30591 0.0102896 16.9408 0.185975 -0.00045865 0.00104411 0.000245316 0.00101099 0.200227 0.000790902 0.0720884 0.000500853 
5 0 26500000 7.05668 0.0114571 -0.00691623 0.00597026 2.30591 0.0102063 16.9408 0.18512 -0.00045865 0.00103738 0.000245316 0.00100436 0.200227 0.000790902 0.0720884 0.000500853 
5 0 26750000 7.05568 0.0113702 -0.00626904 0.00554597 2.30332 0.0102373 16.9557 0.183938 -0.000759522 0.00103042 0.000594363 0.00100261 0.200139 0.000790902 0.0719945 0.000500853 
5 0 27000000 7.05568 0.0113331 -0.00626904 0.00554597 2.30332 0.0101587 16.9557 0.183072 -0.000759522 0.00102421 0.000594363 0.000995727 0.200139 0.000790902 0.0719945 0.000500853 
5 0 27250000 7.05568 0.0114032 -0.00626904 0.00554597 2.30332 0.0100633 16.9557 0.182099 -0.000759522 0.00101974 0.000594363 0.000989516 0.200139 0.000790902 0.0719945 0.000500853 
5 0 27500000 7.05568 0.0112974 -0.00626904 0.00554597 2.30332 0.00999399 16.9557 0.180897 -0.000759522 0.00101912 0.000594363 0.000986564 0.200139 0.000790902 0.0719945 0.000500853 
5 0 27750000 7.05568 0.0113422 -0.00626904 0.00554597 2.30332 0.00994277 16.9557 0.180243 -0.000759522 0.00101173 0.000594363 0.000992089 0.200139 0.000790902 0.0719945 0.000500853 
5 0 28000000 7.05568 0.0112457 -0.00626904 0.00554597 2.30332 0.00994726 16.9557 0.179116 -0.000759522 0.00101173 0.000594363 0.000986319 0.200139 0.000790902 0.0719945 0.000500853 
5 0 28250000 7.05568 0.0111449 -0.00626904 0.00554597 2.30332 0.00990426 16.9557 0.178041 -0.000759522 0.000997444 0.000594363 0.000981492 0.200139 0.000790902 0.0719945 0.000500853 
5 0 28500000 7.05568 0.0112178 -0.00626904 0.00554597 2.30332 0.00981626 16.9557 0.176949 -0.000759522 0.00100644 0.000594363 0.000976836 0.200139 0.000790902 0.0719945 0.000500853 
5 0 28750000 7.05205 0.0111544 -0.00435191 0.00547116 2.30165 0.00978016 16.8977 0.175888 -0.000312889 0.00100144 0.000705995 0.000977066 0.199783 0.000792963 0.0717858 0.000512643 
5 0 29000000 7.05205 0.0110756 -0.00435191 0.00547116 2.30165 0.00971247 16.8977 0.174704 -0.000312889 0.000993923 0.000705995 0.000977515 0.199783 0.000792963 0.0717858 0.000512643 
5 0 29250000 7.05205 0.0109795 -0.00435191 0.00547116 2.30165 0.00964277 16.8977 0.173783 -0.000312889 0.000987246 0.000705995 0.000976919 0.199783 0.000792963 0.0717858 0.000512643 
5 0 29500000 7.05205 0.0109771 -0.00435191 0.00547116 2.30165 0.0095873 16.8977 0.172529 -0.000312889 0.00098141 0.000705995 0.000969825 0.199783 0.000792963 0.0717858 0.000512643 
5 0 29750000 7.05205 0.010945 -0.00435191 0.00547116 2.30165 0.00952651 16.8977 0.171386 -0.000312889 0.000976809 0.000705995 0.000966675 0.199783 0.000792963 0.0717858 0.000512643 
5 0 30000000 7.05205 0.0108886 -0.00435191 0.00547116 2.30165 0.00956134 16.8977 0.172581 -0.000312889 0.000978808 0.000705995 0.000960337 0.199783 0.000792963 0.0717858 0.000512643 
5 0 30250000 7.05205 0.0108191 -0.00435191 0.00547116 2.30165 0.0095135 16.8977 0.171796 -0.000312889 0.000973285 0.000705995 0.000953999 0.199783 0.000792963 0.0717858 0.000512643 
5 0 30500000 7.05205 0.0107894 -0.00435191 0.00547116 2.30165 0.00950032 16.8977 0.171295 -0.000312889 0.000970796 0.000705995 0.000946976 0.199783 0.000792963 0.0717858 0.000512643 
5 0 30750000 7.04582 0.0107052 -0.00575683 0.00528372 2.30287 0.00949723 16.9161 0.171418 -0.000317569 0.000968317 0.000570446 0.000939847 0.199862 0.000792963 0.0718245 0.000512643 
5 0 31000000 7.04582 0.0107052 -0.00575683 0.00528372 2.30287 0.00948245 16.9161 0.170966 -0.000317569 0.000968317 0.000570446 0.00093724 0.199862 0.000792963 0.0718245 0.000512643 
5 0 31250000 7.04582 0.0106347 -0.00575683 0.00528372 2.30287 0.00941988 16.9161 0.169723 -0.000317569 0.000962221 0.000570446 0.000933582 0.199862 0.000792963 0.0718245 0.000512643 
5 0 31500000 7.04582 0.0105503 -0.00575683 0.00528372 2.30287 0.00938769 16.9161 0.16949 -0.000317569 0.00095871 0.000570446 0.000929535 0.199862 0.000792963 0.0718245 0.000512643 
5 0 31750000 7.04582 0.0104909 -0.00575683 0.00528372 2.30287 0.00934328 16.9161 0.168527 -0.000317569 0.000955651 0.000570446 0.000923867 0.199862 0.000792963 0.0718245 0.000512643 
5 0 32000000 7.04582 0.0104211 -0.00575683 0.00528372 2.30287 0.00936448 16.9161 0.169624 -0.000317569 0.000945963 0.000570446 0.000920848 0.199862 0.000792963 0.0718245 0.000512643 
5 0 32250000 7.04582 0.0103415 -0.00575683 0.00528372 2.30287 0.00927333 16.9161 0.165588 -0.000317569 0.000952916 0.000570446 0.000917599 0.199862 0.000792963 0.0718245 0.000512643 
5 0 32500000 7.04582 0.0102764 -0.00575683 0.00528372 2.30287 0.00927333 16.9161 0.165656 -0.000317569 0.000969657 0.000570446 0.000912052 0.199862 0.000792963 0.0718245 0.000512643 
5 0 32750000 7.04582 0.0101969 -0.00575683 0.00528372 2.30287 0.00927333 16.9161 0.164532 -0.000317569 0.000969657 0.000570446 0.000909549 0.199862 0.000792963 0.0718245 0.000512643 
5 0 33000000 7.04562 0.0101626 -0.00609636 0.00496439 2.30555 0.00906377 16.9865 0.163257 -0.000377012 0.000954699 0.00044018 0.00090784 0.199881 0.000699898 0.0719027 0.000461712 
5 0 33250000 7.04562 0.0101022 -0.00609636 0.00496439 2.30555 0.0089979 16.9865 0.162053 -0.000377012 0.000954699 0.00044018 0.000904057 0.199881 0.000699898 0.0719027 0.000461712 
5 0 33500000 7.04562 0.0100273 -0.00609636 0.00496439 2.30555 0.00894974 16.9865 0.160881 -0.000377012 0.000944562 0.00044018 0.000898618 0.199881 0.000699898 0.0719027 0.000461712 
5 0 33750000 7.04562 0.00995397 -0.00609636 0.00496439 2.30555 0.00891397 16.9865 0.159678 -0.000377012 0.000944562 0.00044018 0.000893928 0.199881 0.000699898 0.0719027 0.000461712 
5 0 34000000 7.04562 0.00988287 -0.00609636 0.00496439 2.30555 0.00889974 16.9865 0.159026 -0.000377012 0.000932968 0.00044018 0.000893066 0.199881 0.000699898 0.0719027 0.000461712 
5 0 34250000 7.04562 0.00993584 -0.00609636 0.00496439 2.30555 0.00889833 16.9865 0.158184 -0.000377012 0.000932968 0.00044018 0.000895811 0.199881 0.000699898 0.0719027 0.000461712 
5 0 34500000 7.04562 0.0100803 -0.00609636 0.00496439 2.30555 0.00889833 16.9865 0.15726 -0.000377012 0.000926037 0.00044018 0.000893634 0.199881 0.000699898 0.0719027 0.000461712 
5 0 34750000 7.04562 0.0100803 -0.00609636 0.00496439 2.30555 0.00889833 16.9865 0.157365 -0.000377012 0.000926037 0.00044018 0.000888533 0.199881 0.000699898 0.0719027 0.000461712 
5 0 35000000 7.0481 0.0099362 -0.00712715 0.00477818 2.30886 0.00889833 17.0561 0.158702 -0.000260241 0.000912728 0.000823124 0.00088312 0.200013 0.000699898 0.0719937 0.000461712 
5 0 35250000 7.0481 0.0099362 -0.00712715 0.00477818 2.30886 0.00889833 17.0561 0.157604 -0.000260241 0.000912728 0.000823124 0.000881545 0.200013 0.000699898 0.0719937 0.000461712 
5 0 35500000 7.0481 0.00981564 -0.00712715 0.00477818 2.30886 0.00889833 17.0561 0.156919 -0.000260241 0.000906836 0.000823124 0.000877864 0.200013 0.000699898 0.0719937 0.000461712 
5 0 35750000 7.0481 0.00981564 -0.00712715 0.00477818 2.30886 0.00889833 17.0561 0.156085 -0.000260241 0.000904805 0.000823124 0.000872738 0.200013 0.000699898 0.0719937 0.000461712 
5 0 36000000 7.0481 0.00978524 -0.00712715 0.00477818 2.30886 0.00889833 17.0561 0.15548 -0.000260241 0.000899457 0.000823124 0.000868754 0.200013 0.000699898 0.0719937 0.000461712 
5 0 36250000 7.0481 0.00978524 -0.00712715 0.00477818 2.30886 0.00889833 17.0561 0.154888 -0.000260241 0.000893327 0.000823124 0.000867947 0.200013 0.000699898 0.0719937 0.000461712 
5 0 36500000 7.0481 0.00989774 -0.00712715 0.00477818 2.30886 0.00889833 17.0561 0.154184 -0.000260241 0.00088704 0.000823124 0.000866442 0.200013 0.000699898 0.0719937 0.000461712 
5 0 36750000 7.0481 0.00989774 -0.00712715 0.00477818 2.30886 0.00889833 17.0561 0.153307 -0.000260241 0.000881102 0.000823124 0.000865851 0.200013 0.000699898 0.0719937 0.000461712 
5 0 37000000 7.04635 0.00992653 -0.00682406 0.00452233 2.30955 0.00876302 17.0516 0.152736 -0.000278837 0.00087601 0.0010258 0.000862195 0.200114 0.000659728 0.0720441 0.000431521 
5 0 37250000 7.04635 0.00992653 -0.00682406 0.00452233 2.30955 0.00876302 17.0516 0.152078 -0.000278837 0.000870125 0.0010258 0.000859077 0.200114 0.000659728 0.0720441 0.000431521 
5 0 37500000 7.04635 0.00979066 -0.00682406 0.00452233 2.30955 0.00876302 17.0516 0.152023 -0.000278837 0.000871238 0.0010258 0.000859077 0.200114 0.000659728 0.0720441 0.000431521 
5 0 37750000 7.04635 0.00979066 -0.00682406 0.00452233 2.30955 0.00876302 17.0516 0.151588 -0.000278837 0.000873799 0.0010258 0.000859077 0.200114 0.000659728 0.0720441 0.000431521 
5 0 38000000 7.04635 0.00968883 -0.00682406 0.00452233 2.30955 0.00876302 17.0516 0.151205 -0.000278837 0.000868327 0.0010258 0.000859077 0.200114 0.000659728 0.0720441 0.000431521 
5 0 38250000 7.04635 0.00968883 -0.00682406 0.00452233 2.30955 0.00876302 17.0516 0.150354 -0.000278837 0.000863708 0.0010258 0.000859077 0.200114 0.000659728 0.0720441 0.000431521 
5 0 38500000 7.04635 0.00956612 -0.00682406 0.00452233 2.30955 0.00876302 17.0516 0.14987 -0.000278837 0.000858626 0.0010258 0.000859077 0.200114 0.000659728 0.0720441 0.000431521 
5 0 38750000 7.04635 0.00956612 -0.00682406 0.00452233 2.30955 0.00876302 17.0516 0.148962 -0.000278837 0.000853098 0.0010258 0.000859077 0.200114 0.000659728 0.0720441 0.000431521 
5 0 39000000 7.04766 0.00948633 -0.00620091 0.00432703 2.31189 0.00876302 17.0896 0.148559 7.87492e-06 0.000854067 0.000761967 0.000859077 0.200058 0.000659728 0.0720302 0.000431521 
5 0 39250000 7.04766 0.00948633 -0.00620091 0.00432703 2.31189 0.00876302 17.0896 0.147985 7.87492e-06 0.000850052 0.000761967 0.000859077 0.200058 0.000659728 0.0720302 0.000431521 
5 0 39500000 7.04766 0.00938248 -0.00620091 0.00432703 2.31189 0.00876302 17.0896 0.147522 7.87492e-06 0.000846345 0.000761967 0.000859077 0.200058 0.000659728 0.0720302 0.000431521 
5 0 39750000 7.04766 0.00938248 -0.00620091 0.00432703 2.31189 0.00876302 17.0896 0.146995 7.87492e-06 0.000841157 0.000761967 0.000859077 0.200058 0.000659728 0.0720302 0.000431521 
5 0 40000000 7.04766 0.00927896 -0.00620091 0.00432703 2.31189 0.00876302 17.0896 0.146338 7.87492e-06 0.000842001 0.000761967 0.000859077 0.200058 0.000659728 0.0720302 0.000431521 
5 0 40250000 7.04766 0.00927896 -0.00620091 0.00432703 2.31189 0.00876302 17.0896 0.145663 7.87492e-06 0.000838407 0.000761967 0.000859077 0.200058 0.000659728 0.0720302 0.000431521 
5 0 40500000 7.04766 0.00918799 -0.00620091 0.00432703 2.31189 0.00876302 17.0896 0.145147 7.87492e-06 0.000833178 0.000761967 0.000859077 0.200058 0.000659728 0.0720302 0.000431521 
5 0 40750000 7.04766 0.00918799 -0.00620091 0.00432703 2.31189 0.00876302 17.0896 0.144249 7.87492e-06 0.00083049 0.000761967 0.000859077 0.200058 0.000659728 0.0720302 0.000431521 
5 0 41000000 7.04664 0.00907708 -0.00578 0.0041311 2.31096 0.00803834 17.0716 0.143587 0.000283141 0.000826021 0.000615467 0.000865637 0.200086 0.000594369 0.0720141 0.000389411 
5 0 41250000 7.04664 0.00907708 -0.00578 0.0041311 2.31096 0.00801547 17.0716 0.142924 0.000283141 0.000822971 0.000615467 0.000865637 0.200086 0.000594369 0.0720141 0.000389411 
5 0 41500000 7.04664 0.00896508 -0.00578 0.0041311 2.31096 0.00799948 17.0716 0.142341 0.000283141 0.000818209 0.000615467 0.000865637 0.200086 0.000594369 0.0720141 0.000389411 
5 0 41750000 7.04664 0.00896508 -0.00578 0.0041311 2.31096 0.00799948 17.0716 0.141844 0.000283141 0.000817204 0.000615467 0.000865637 0.200086 0.000594369 0.0720141 0.000389411 
5 0 42000000 7.04664 0.00896508 -0.00578 0.0041311 2.31096 0.00799948 17.0716 0.141018 0.000283141 0.000816238 0.000615467 0.000865637 0.200086 0.000594369 0.0720141 0.000389411 
5 0 42250000 7.04664 0.00888028 -0.00578 0.0041311 2.31096 0.00799948 17.0716 0.14081 0.000283141 0.000811757 0.000615467 0.000865637 0.200086 0.000594369 0.0720141 0.000389411 
5 0 42500000 7.04664 0.00888028 -0.00578 0.0041311 2.31096 0.00799948 17.0716 0.140371 0.000283141 0.00080837 0.000615467 0.000865637 0.200086 0.000594369 0.0720141 0.000389411 
5 0 42750000 7.04664 0.00881366 -0.00578 0.0041311 2.31096 0.00799948 17.0716 0.13986 0.000283141 0.000803741 0.000615467 0.000865637 0.200086 0.000594369 0.0720141 0.000389411 
5 0 43000000 7.04664 0.00881366 -0.00578 0.0041311 2.31096 0.00799948 17.0716 0.139286 0.000283141 0.000800894 0.000615467 0.000865637 0.200086 0.000594369 0.0720141 0.000389411 
5 0 43250000 7.04664 0.00871667 -0.00578 0.00394887 2.31096 0.00799948 17.0716 0.138775 0.000283141 0.000798087 0.000615467 0.000865637 0.200086 0.000594369 0.0720141 0.000389411 
5 0 43500000 7.04664 0.00871667 -0.00578 0.00394887 2.31096 0.00799948 17.0716 0.138057 0.000283141 0.000795711 0.000615467 0.000865637 0.200086 0.000594369 0.0720141 0.000389411 
5 0 43750000 7.04664 0.00868048 -0.00578 0.00394887 2.31096 0.00799948 17.0716 0.137456 0.000283141 0.000801386 0.000615467 0.000865637 0.200086 0.000594369 0.0720141 0.000389411 
5 0 44000000 7.04664 0.00868048 -0.00578 0.00394887 2.31096 0.00799948 17.0716 0.137491 0.000283141 0.000801386 0.000615467 0.000865637 0.200086 0.000594369 0.0720141 0.000389411 
5 0 44250000 7.04664 0.00864164 -0.00578 0.00394887 2.31096 0.00799948 17.0716 0.136718 0.000283141 0.000792242 0.000615467 0.000865637 0.200086 0.000594369 0.0720141 0.000389411 
5 0 44500000 7.04664 0.00864164 -0.00578 0.00394887 2.31096 0.00799948 17.0716 0.136564 0.000283141 0.000792242 0.000615467 0.000865637 0.200086 0.000594369 0.0720141 0.000389411 
5 0 44750000 7.04664 0.00864164 -0.00578 0.00394887 2.31096 0.00799948 17.0716 0.136033 0.000283141 0.000800844 0.000615467 0.000865637 0.200086 0.000594369 0.0720141 0.000389411 
5 0 45000000 7.04664 0.00864164 -0.00578 0.00394887 2.31096 0.00799948 17.0716 0.135364 0.000283141 0.000800844 0.000615467 0.000865637 0.200086 0.000594369 0.0720141 0.000389411 
5 0 45250000 7.04376 0.00864164 -0.00544145 0.0038283 2.31185 0.00766142 17.0876 0.135235 0.000628218 0.00079175 0.00091699 0.000837813 0.200233 0.000558367 0.072083 0.000360057 
5 0 45500000 7.04376 0.00864164 -0.00544145 0.0038283 2.31185 0.00766142 17.0876 0.134845 0.000628218 0.00079175 0.00091699 0.000837813 0.200233 0.000558367 0.072083 0.000360057 
5 0 45750000 7.04376 0.00864164 -0.00544145 0.0038283 2.31185 0.00766142 17.0876 0.134497 0.000628218 0.000785245 0.00091699 0.000837813 0.200233 0.000558367 0.072083 0.000360057 
5 0 46000000 7.04376 0.00864164 -0.00544145 0.0038283 2.31185 0.00766142 17.0876 0.13385 0.000628218 0.000785245 0.00091699 0.000837813 0.200233 0.000558367 0.072083 0.000360057 
5 0 46250000 7.04376 0.00864164 -0.00544145 0.0038283 2.31185 0.00755016 17.0876 0.133462 0.000628218 0.000777929 0.00091699 0.000837813 0.200233 0.000558367 0.072083 0.000360057 
5 0 46500000 7.04376 0.00864164 -0.00544145 0.0038283 2.31185 0.00754734 17.0876 0.133452 0.000628218 0.000777929 0.00091699 0.000837813 0.200233 0.000558367 0.072083 0.000360057 
5 0 46750000 7.04376 0.00864164 -0.00544145 0.0038283 2.31185 0.00751551 17.0876 0.133012 0.000628218 0.000773509 0.00091699 0.000837813 0.200233 0.000558367 0.072083 0.000360057 
5 0 47000000 7.04376 0.00864164 -0.00544145 0.0038283 2.31185 0.00750552 17.0876 0.13262 0.000628218 0.000770896 0.00091699 0.000837813 0.200233 0.000558367 0.072083 0.000360057 
5 0 47250000 7.04376 0.00864164 -0.00544145 0.00377536 2.31185 0.00767959 17.0876 0.133672 0.000628218 0.000768127 0.00091699 0.000837813 0.200233 0.000558367 0.072083 0.000360057 
5 0 47500000 7.04376 0.00864164 -0.00544145 0.00377536 2.31185 0.00767959 17.0876 0.133672 0.000628218 0.000767603 0.00091699 0.000837813 0.200233 0.000558367 0.072083 0.000360057 
5 0 47750000 7.04376 0.00864164 -0.00544145 0.00377536 2.31185 0.00767959 17.0876 0.133672 0.000628218 0.000764391 0.00091699 0.000837813 0.200233 0.000558367 0.072083 0.000360057 
5 0 48000000 7.04376 0.00864164 -0.00544145 0.00377536 2.31185 0.00767959 17.0876 0.133672 0.000628218 0.000764391 0.00091699 0.000837813 0.200233 0.000558367 0.072083 0.000360057 
5 0 48250000 7.04376 0.00864164 -0.00544145 0.00377536 2.31185 0.00758943 17.0876 0.13224 0.000628218 0.000756526 0.00091699 0.000837813 0.200233 0.000558367 0.072083 0.000360057 
5 0 48500000 7.04376 0.00864164 -0.00544145 0.00377536 2.31185 0.00758943 17.0876 0.13224 0.000628218 0.000756526 0.00091699 0.000837813 0.200233 0.000558367 0.072083 0.000360057 
5 0 48750000 7.04376 0.00864164 -0.00544145 0.00377536 2.31185 0.00758943 17.0876 0.13224 0.000628218 0.000752893 0.00091699 0.000837813 0.200233 0.000558367 0.072083 0.000360057 
5 0 49000000 7.04376 0.00864164 -0.00544145 0.00377536 2.31185 0.00758943 17.0876 0.13224 0.000628218 0.000750491 0.00091699 0.000837813 0.200233 0.000558367 0.072083 0.000360057 
5 0 49250000 7.04263 0.00807835 -0.00485964 0.00363495 2.30942 0.00751355 17.0253 0.130163 0.000751901 0.000752211 0.000882378 0.00076871 0.200219 0.000512023 0.072053 0.000331301 
5 0 49500000 7.04263 0.00807835 -0.00485964 0.00363495 2.30942 0.00751355 17.0253 0.130163 0.000751901 0.000751819 0.000882378 0.00076871 0.200219 0.000512023 0.072053 0.000331301 
5 0 49750000 7.04263 0.00807835 -0.00485964 0.00363495 2.30942 0.00751355 17.0253 0.130163 0.000751901 0.000749065 0.000882378 0.00076871 0.200219 0.000512023 0.072053 0.000331301 
5 0 50000000 7.04263 0.00807835 -0.00485964 0.00363495 2.30942 0.00751355 17.0253 0.130163 0.000751901 0.000745269 0.000882378 0.00076871 0.200219 0.000512023 0.072053 0.000331301 
5 0 50250000 7.04263 0.00807835 -0.00485964 0.00363495 2.30942 0.00737302 17.0253 0.128697 0.000751901 0.000742621 0.000882378 0.00076871 0.200219 0.000512023 0.072053 0.000331301 
5 0 50500000 7.04263 0.00807835 -0.00485964 0.00363495 2.30942 0.00737302 17.0253 0.128456 0.000751901 0.000741316 0.000882378 0.00076871 0.200219 0.000512023 0.072053 0.000331301 
5 0 50750000 7.04263 0.00807835 -0.00485964 0.00363495 2.30942 0.00737302 17.0253 0.128427 0.000751901 0.000737591 0.000882378 0.00076871 0.200219 0.000512023 0.072053 0.000331301 
5 0 51000000 7.04263 0.00807835 -0.00485964 0.00363495 2.30942 0.00737302 17.0253 0.127998 0.000751901 0.000734219 0.000882378 0.00076871 0.200219 0.000512023 0.072053 0.000331301 
5 0 51250000 7.04263 0.00807835 -0.00485964 0.00353557 2.30942 0.00737744 17.0253 0.128021 0.000751901 0.000733935 0.000882378 0.00076871 0.200219 0.000512023 0.072053 0.000331301 
5 0 51500000 7.04263 0.00807835 -0.00485964 0.00353557 2.30942 0.00737744 17.0253 0.127527 0.000751901 0.000731689 0.000882378 0.00076871 0.200219 0.000512023 0.072053 0.000331301 
5 0 51750000 7.04263 0.00807835 -0.00485964 0.00353557 2.30942 0.00737744 17.0253 0.127158 0.000751901 0.000731689 0.000882378 0.00076871 0.200219 0.000512023 0.072053 0.000331301 
5 0 52000000 7.04263 0.00807835 -0.00485964 0.00353557 2.30942 0.00737744 17.0253 0.127155 0.000751901 0.000731689 0.000882378 0.00076871 0.200219 0.000512023 0.072053 0.000331301 
5 0 52250000 7.04263 0.00807835 -0.00485964 0.00353557 2.30942 0.00751132 17.0253 0.128812 0.000751901 0.000731689 0.000882378 0.00076871 0.200219 0.000512023 0.072053 0.000331301 
5 0 52500000 7.04263 0.00807835 -0.00485964 0.00353557 2.30942 0.00751132 17.0253 0.128812 0.000751901 0.000731689 0.000882378 0.00076871 0.200219 0.000512023 0.072053 0.000331301 
5 0 52750000 7.04263 0.00807835 -0.00485964 0.00353557 2.30942 0.00751132 17.0253 0.128812 0.000751901 0.000731689 0.000882378 0.00076871 0.200219 0.000512023 0.072053 0.000331301 
5 0 53000000 7.04263 0.00807835 -0.00485964 0.00353557 2.30942 0.00751132 17.0253 0.128812 0.000751901 0.000731689 0.000882378 0.00076871 0.200219 0.000512023 0.072053 0.000331301 
5 0 53250000 7.04263 0.00807835 -0.00485964 0.00353557 2.30942 0.00751132 17.0253 0.128812 0.000751901 0.000731689 0.000882378 0.00076871 0.200219 0.000512023 0.072053 0.000331301 
5 0 53500000 7.04238 0.00807835 -0.00422022 0.00340008 2.30934 0.00736924 17.0413 0.12637 0.000981612 0.000731689 0.000532789 0.000785056 0.20022 0.000472639 0.0721101 0.000310688 
5 0 53750000 7.04238 0.00807835 -0.00422022 0.00340008 2.30934 0.00736924 17.0413 0.126775 0.000981612 0.000731689 0.000532789 0.000785056 0.20022 0.000472639 0.0721101 0.000310688 
5 0 54000000 7.04238 0.00807835 -0.00422022 0.00340008 2.30934 0.00736924 17.0413 0.126796 0.000981612 0.000731689 0.000532789 0.000785056 0.20022 0.000472639 0.0721101 0.000310688 
5 0 54250000 7.04238 0.00807835 -0.00422022 0.00340008 2.30934 0.00736924 17.0413 0.12637 0.000981612 0.000731689 0.000532789 0.000785056 0.20022 0.000472639 0.0721101 0.000310688 
5 0 54500000 7.04238 0.00807835 -0.00422022 0.00340008 2.30934 0.007354 17.0413 0.128447 0.000981612 0.000731689 0.000532789 0.000785056 0.20022 0.000472639 0.0721101 0.000310688 
5 0 54750000 7.04238 0.00807835 -0.00422022 0.00340008 2.30934 0.007354 17.0413 0.128447 0.000981612 0.000731689 0.000532789 0.000785056 0.20022 0.000472639 0.0721101 0.000310688 
5 0 55000000 7.04238 0.00807835 -0.00422022 0.00340008 2.30934 0.007354 17.0413 0.128447 0.000981612 0.000731689 0.000532789 0.000785056 0.20022 0.000472639 0.0721101 0.000310688 
5 0 55250000 7.04238 0.00807835 -0.00422022 0.00340008 2.30934 0.007354 17.0413 0.128447 0.000981612 0.000731689 0.000532789 0.000785056 0.20022 0.000472639 0.0721101 0.000310688 
5 0 55500000 7.04238 0.00807835 -0.00422022 0.00328173 2.30934 0.0072527 17.0413 0.126074 0.000981612 0.000731689 0.000532789 0.000785056 0.20022 0.000472639 0.0721101 0.000310688 
5 0 55750000 7.04238 0.00807835 -0.00422022 0.00328173 2.30934 0.0072527 17.0413 0.126074 0.000981612 0.000731689 0.000532789 0.000785056 0.20022 0.000472639 0.0721101 0.000310688 
5 0 56000000 7.04238 0.00807835 -0.00422022 0.00328173 2.30934 0.0072527 17.0413 0.126074 0.000981612 0.000731689 0.000532789 0.000785056 0.20022 0.000472639 0.0721101 0.000310688 
5 0 56250000 7.04238 0.00807835 -0.00422022 0.00328173 2.30934 0.0072527 17.0413 0.126074 0.000981612 0.000731689 0.000532789 0.000785056 0.20022 0.000472639 0.0721101 0.000310688 
5 0 56500000 7.04238 0.00807835 -0.00422022 0.00328173 2.30934 0.00722137 17.0413 0.125339 0.000981612 0.000731689 0.000532789 0.000785056 0.20022 0.000472639 0.0721101 0.000310688 
5 0 56750000 7.04238 0.00807835 -0.00422022 0.00328173 2.30934 0.00722137 17.0413 0.125339 0.000981612 0.000731689 0.000532789 0.000785056 0.20022 0.000472639 0.0721101 0.000310688 
5 0 57000000 7.04238 0.00807835 -0.00422022 0.00328173 2.30934 0.00722137 17.0413 0.125339 0.000981612 0.000731689 0.000532789 0.000785056 0.20022 0.000472639 0.0721101 0.000310688 
5 0 57250000 7.04238 0.00807835 -0.00422022 0.00328173 2.30934 0.00722137 17.0413 0.125339 0.000981612 0.000731689 0.000532789 0.000785056 0.20022 0.000472639 0.0721101 0.000310688 
5 0 57500000 7.03918 0.00762829 -0.00417341 0.00317594 2.30893 0.00715193 17.0387 0.123519 0.000914299 0.000684533 0.000485303 0.000730415 0.200153 0.000443608 0.0720555 0.000293241 
5 0 57750000 7.03918 0.00762829 -0.00417341 0.00317594 2.30893 0.00715193 17.0387 0.123519 0.000914299 0.000683219 0.000485303 0.000730415 0.200153 0.000443608 0.0720555 0.000293241 
5 0 58000000 7.03918 0.00762829 -0.00417341 0.00317594 2.30893 0.00715193 17.0387 0.123519 0.000914299 0.000684432 0.000485303 0.000730415 0.200153 0.000443608 0.0720555 0.000293241 
5 0 58250000 7.03918 0.00762829 -0.00417341 0.00317594 2.30893 0.00715193 17.0387 0.123519 0.000914299 0.000685465 0.000485303 0.000730415 0.200153 0.000443608 0.0720555 0.000293241 
5 0 58500000 7.03918 0.00762829 -0.00417341 0.00317594 2.30893 0.00719198 17.0387 0.122992 0.000914299 0.000683634 0.000485303 0.000730415 0.200153 0.000443608 0.0720555 0.000293241 
5 0 58750000 7.03918 0.00762829 -0.00417341 0.00317594 2.30893 0.00719198 17.0387 0.122992 0.000914299 0.0006813 0.000485303 0.000730415 0.200153 0.000443608 0.0720555 0.000293241 
5 0 59000000 7.03918 0.00762829 -0.00417341 0.00317594 2.30893 0.00719198 17.0387 0.122992 0.000914299 0.000678808 0.000485303 0.000730415 0.200153 0.000443608 0.0720555 0.000293241 
5 0 59250000 7.03918 0.00762829 -0.00417341 0.00317594 2.30893 0.00719198 17.0387 0.122992 0.000914299 0.000676365 0.000485303 0.000730415 0.200153 0.000443608 0.0720555 0.000293241 
5 0 59500000 7.03918 0.00762829 -0.00417341 0.00307966 2.30893 0.00765417 17.0387 0.129109 0.000914299 0.000673632 0.000485303 0.000730415 0.200153 0.000443608 0.0720555 0.000293241 
5 0 59750000 7.03918 0.00762829 -0.00417341 0.00308695 2.30893 0.00765417 17.0387 0.129109 0.000914299 0.000671074 0.000485303 0.000730415 0.200153 0.000443608 0.0720555 0.000293241 
5 0 60000000 7.03918 0.00762829 -0.00417341 0.00307648 2.30893 0.00765417 17.0387 0.129109 0.000914299 0.000668771 0.000485303 0.000730415 0.200153 0.000443608 0.0720555 0.000293241 
5 0 60250000 7.03918 0.00762829 -0.00417341 0.00306803 2.30893 0.00765417 17.0387 0.129109 0.000914299 0.000667507 0.000485303 0.000730415 0.200153 0.000443608 0.0720555 0.000293241 
5 0 60500000 7.03918 0.00762829 -0.00417341 0.00306803 2.30893 0.00765417 17.0387 0.129109 0.000914299 0.000666239 0.000485303 0.000730415 0.200153 0.000443608 0.0720555 0.000293241 
5 0 60750000 7.03918 0.00762829 -0.00417341 0.00306803 2.30893 0.00765417 17.0387 0.129109 0.000914299 0.000663913 0.000485303 0.000730415 0.200153 0.000443608 0.0720555 0.000293241 
5 0 61000000 7.03918 0.00762829 -0.00417341 0.00306803 2.30893 0.00765417 17.0387 0.129109 0.000914299 0.000662002 0.000485303 0.000730415 0.200153 0.000443608 0.0720555 0.000293241 
5 0 61250000 7.03918 0.00762829 -0.00417341 0.00306803 2.30893 0.00765417 17.0387 0.129109 0.000914299 0.000659742 0.000485303 0.000730415 0.200153 0.000443608 0.0720555 0.000293241 
5 0 61500000 7.03997 0.00762829 -0.00427603 0.00303059 2.31149 0.00744028 17.0989 0.125022 0.000798076 0.00065777 0.000498864 0.000681847 0.200357 0.000458574 0.0721988 0.000306702 
5 0 61750000 7.03997 0.00762829 -0.00427603 0.00302153 2.31149 0.00744028 17.0989 0.125022 0.000798076 0.000656808 0.000498864 0.000681847 0.200357 0.000458574 0.0721988 0.000306702 
5 0 62000000 7.03997 0.00762829 -0.00427603 0.00301007 2.31149 0.00744028 17.0989 0.125022 0.000798076 0.000655623 0.000498864 0.000681847 0.200357 0.000458574 0.0721988 0.000306702 
5 0 62250000 7.03997 0.00762829 -0.00427603 0.00300873 2.31149 0.00744028 17.0989 0.125022 0.000798076 0.000654728 0.000498864 0.000681847 0.200357 0.000458574 0.0721988 0.000306702 
5 0 62500000 7.03997 0.00762829 -0.00427603 0.00300249 2.31149 0.00744028 17.0989 0.125022 0.000798076 0.000652248 0.000498864 0.000681847 0.200357 0.000458574 0.0721988 0.000306702 
5 0 62750000 7.03997 0.00762829 -0.00427603 0.00299878 2.31149 0.00744028 17.0989 0.125022 0.000798076 0.000651145 0.000498864 0.000681847 0.200357 0.000458574 0.0721988 0.000306702 
5 0 63000000 7.03997 0.00762829 -0.00427603 0.00301019 2.31149 0.00744028 17.0989 0.125022 0.000798076 0.000651145 0.000498864 0.000681847 0.200357 0.000458574 0.0721988 0.000306702 
5 0 63250000 7.03997 0.00762829 -0.00427603 0.00300213 2.31149 0.00744028 17.0989 0.125022 0.000798076 0.00064985 0.000498864 0.000681847 0.200357 0.000458574 0.0721988 0.000306702 
5 0 63500000 7.03997 0.00762829 -0.00427603 0.00299288 2.31149 0.00744028 17.0989 0.125022 0.000798076 0.000649115 0.000498864 0.000681847 0.200357 0.000458574 0.0721988 0.000306702 
5 0 63750000 7.03997 0.00762829 -0.00427603 0.00298864 2.31149 0.0072472 17.0989 0.121596 0.000798076 0.000646627 0.000498864 0.000681847 0.200357 0.000458574 0.0721988 0.000306702 
5 0 64000000 7.03997 0.00762829 -0.00427603 0.00298001 2.31149 0.0072472 17.0989 0.121596 0.000798076 0.000644932 0.000498864 0.000681847 0.200357 0.000458574 0.0721988 0.000306702 
5 0 64250000 7.03997 0.00762829 -0.00427603 0.00297724 2.31149 0.0072472 17.0989 0.121596 0.000798076 0.000644932 0.000498864 0.000681847 0.200357 0.000458574 0.0721988 0.000306702 
5 0 64500000 7.03997 0.00762829 -0.00427603 0.00297724 2.31149 0.0072472 17.0989 0.121596 0.000798076 0.000644932 0.000498864 0.000681847 0.200357 0.000458574 0.0721988 0.000306702 
5 0 64750000 7.03997 0.00762829 -0.00427603 0.00297724 2.31149 0.0072472 17.0989 0.121596 0.000798076 0.000644932 0.000498864 0.000681847 0.200357 0.000458574 0.0721988 0.000306702 
5 0 65000000 7.03997 0.00762829 -0.00427603 0.00297724 2.31149 0.0072472 17.0989 0.121596 0.000798076 0.000644932 0.000498864 0.000681847 0.200357 0.000458574 0.0721988 0.000306702 
5 0 65250000 7.03997 0.00762829 -0.00427603 0.00297724 2.31149 0.0072472 17.0989 0.121596 0.000798076 0.000644932 0.000498864 0.000681847 0.200357 0.000458574 0.0721988 0.000306702 
5 0 65500000 7.03997 0.00762829 -0.00427603 0.00297724 2.31149 0.0072472 17.0989 0.121596 0.000798076 0.000644932 0.000498864 0.000681847 0.200357 0.000458574 0.0721988 0.000306702 
5 0 65750000 7.04347 0.00779129 -0.00282342 0.00295917 2.31127 0.00704675 17.1037 0.119478 0.000717972 0.000635265 0.000615786 0.000649179 0.200193 0.00045833 0.0721002 0.000302976 
5 0 66000000 7.04347 0.00779129 -0.00282342 0.00295917 2.31127 0.00704675 17.1037 0.119478 0.000717972 0.000633119 0.000615786 0.000649179 0.200193 0.00045833 0.0721002 0.000302976 
5 0 66250000 7.04347 0.00779129 -0.00282342 0.00295917 2.31127 0.00704675 17.1037 0.119478 0.000717972 0.000632587 0.000615786 0.000649179 0.200193 0.00045833 0.0721002 0.000302976 
5 0 66500000 7.04347 0.00779129 -0.00282342 0.00295917 2.31127 0.00704675 17.1037 0.119478 0.000717972 0.000631069 0.000615786 0.000649179 0.200193 0.00045833 0.0721002 0.000302976 
5 0 66750000 7.04347 0.00779129 -0.00282342 0.00295917 2.31127 0.00704675 17.1037 0.118988 0.000717972 0.000630661 0.000615786 0.000649179 0.200193 0.00045833 0.0721002 0.000302976 
5 0 67000000 7.04347 0.00779129 -0.00282342 0.00295917 2.31127 0.00704675 17.1037 0.118988 0.000717972 0.000628657 0.000615786 0.000649179 0.200193 0.00045833 0.0721002 0.000302976 
5 0 67250000 7.04347 0.00779129 -0.00282342 0.00295917 2.31127 0.00704675 17.1037 0.118988 0.000717972 0.000626335 0.000615786 0.000649179 0.200193 0.00045833 0.0721002 0.000302976 
5 0 67500000 7.04347 0.00779129 -0.00282342 0.00295917 2.31127 0.00704675 17.1037 0.118988 0.000717972 0.000625437 0.000615786 0.000649179 0.200193 0.00045833 0.0721002 0.000302976 
5 0 67750000 7.04347 0.00779129 -0.00282342 0.00290122 2.31127 0.00686768 17.1037 0.115948 0.000717972 0.000623228 0.000615786 0.000649179 0.200193 0.00045833 0.0721002 0.000302976 
5 0 68000000 7.04347 0.00779129 -0.00282342 0.00289975 2.31127 0.00686768 17.1037 0.115948 0.000717972 0.000623094 0.000615786 0.000649179 0.200193 0.00045833 0.0721002 0.000302976 
5 0 68250000 7.04347 0.00779129 -0.00282342 0.00288991 2.31127 0.00686768 17.1037 0.115948 0.000717972 0.000621893 0.000615786 0.000649179 0.200193 0.00045833 0.0721002 0.000302976 
5 0 68500000 7.04347 0.00779129 -0.00282342 0.00289106 2.31127 0.00686768 17.1037 0.115948 0.000717972 0.000621127 0.000615786 0.000649179 0.200193 0.00045833 0.0721002 0.000302976 
5 0 68750000 7.04347 0.00779129 -0.00282342 0.00288613 2.31127 0.00686768 17.1037 0.115441 0.000717972 0.000622782 0.000615786 0.000649179 0.200193 0.00045833 0.0721002 0.000302976 
5 0 69000000 7.04347 0.00779129 -0.00282342 0.00287953 2.31127 0.00686768 17.1037 0.115441 0.000717972 0.000621669 0.000615786 0.000649179 0.200193 0.00045833 0.0721002 0.000302976 
5 0 69250000 7.04347 0.00779129 -0.00282342 0.00287953 2.31127 0.00686768 17.1037 0.115441 0.000717972 0.000619636 0.000615786 0.000649179 0.200193 0.00045833 0.0721002 0.000302976 
5 0 69500000 7.04347 0.00779129 -0.00282342 0.00287953 2.31127 0.00686768 17.1037 0.115441 0.000717972 0.000617997 0.000615786 0.000649179 0.200193 0.00045833 0.0721002 0.000302976 
5 0 69750000 7.04613 0.00779129 -0.00244396 0.0028615 2.31138 0.0067128 17.1096 0.112744 0.000803022 0.000617128 0.000578747 0.000612048 0.20013 0.000435683 0.0720694 0.000286712 
5 0 70000000 7.04613 0.00779129 -0.00244396 0.0028615 2.31138 0.0067128 17.1096 0.112744 0.000803022 0.000615188 0.000578747 0.000612048 0.20013 0.000435683 0.0720694 0.000286712 
5 0 70250000 7.04613 0.00779129 -0.00244396 0.0028615 2.31138 0.0067128 17.1096 0.112744 0.000803022 0.000614821 0.000578747 0.000612048 0.20013 0.000435683 0.0720694 0.000286712 
5 0 70500000 7.04613 0.00779129 -0.00244396 0.0028615 2.31138 0.0067128 17.1096 0.112744 0.000803022 0.000613579 0.000578747 0.000612048 0.20013 0.000435683 0.0720694 0.000286712 
5 0 70750000 7.04613 0.00779129 -0.00244396 0.0028615 2.31138 0.0067128 17.1096 0.112453 0.000803022 0.000613055 0.000578747 0.000612048 0.20013 0.000435683 0.0720694 0.000286712 
5 0 71000000 7.04613 0.00779129 -0.00244396 0.0028615 2.31138 0.0067128 17.1096 0.112453 0.000803022 0.000611054 0.000578747 0.000612048 0.20013 0.000435683 0.0720694 0.000286712 
5 0 71250000 7.04613 0.00779129 -0.00244396 0.0028615 2.31138 0.0067128 17.1096 0.112453 0.000803022 0.000609605 0.000578747 0.000612048 0.20013 0.000435683 0.0720694 0.000286712 
5 0 71500000 7.04613 0.00779129 -0.00244396 0.0028615 2.31138 0.0067128 17.1096 0.112453 0.000803022 0.000607549 0.000578747 0.000612048 0.20013 0.000435683 0.0720694 0.000286712 
5 0 71750000 7.04613 0.00779129 -0.00244396 0.00282567 2.31138 0.00683017 17.1096 0.111155 0.000803022 0.000606953 0.000578747 0.000612048 0.20013 0.000435683 0.0720694 0.000286712 
5 0 72000000 7.04613 0.00779129 -0.00244396 0.00282567 2.31138 0.00683017 17.1096 0.111155 0.000803022 0.000605132 0.000578747 0.000612048 0.20013 0.000435683 0.0720694 0.000286712 
5 0 72250000 7.04613 0.00779129 -0.00244396 0.00282567 2.31138 0.00683017 17.1096 0.111155 0.000803022 0.000603003 0.000578747 0.000612048 0.20013 0.000435683 0.0720694 0.000286712 
5 0 72500000 7.04613 0.00779129 -0.00244396 0.00282567 2.31138 0.00683017 17.1096 0.111155 0.000803022 0.00060115 0.000578747 0.000612048 0.20013 0.000435683 0.0720694 0.000286712 
5 0 72750000 7.04613 0.00779129 -0.00244396 0.00282567 2.31138 0.00683017 17.1096 0.111155 0.000803022 0.000599077 0.000578747 0.000612048 0.20013 0.000435683 0.0720694 0.000286712 
5 0 73000000 7.04613 0.00779129 -0.00244396 0.00282567 2.31138 0.00683017 17.1096 0.111155 0.000803022 0.000597742 0.000578747 0.000612048 0.20013 0.000435683 0.0720694 0.000286712 
5 0 73250000 7.04613 0.00779129 -0.00244396 0.00282567 2.31138 0.00683017 17.1096 0.111155 0.000803022 0.000597242 0.000578747 0.000612048 0.20013 0.000435683 0.0720694 0.000286712 
5 0 73500000 7.04613 0.00779129 -0.00244396 0.00282567 2.31138 0.00683017 17.1096 0.111155 0.000803022 0.000595666 0.000578747 0.000612048 0.20013 0.000435683 0.0720694 0.000286712 
5 0 73750000 7.04613 0.00779129 -0.00244396 0.00282567 2.31138 0.00683017 17.1096 0.111155 0.000803022 0.000596296 0.000578747 0.000612048 0.20013 0.000435683 0.0720694 0.000286712 
5 0 74000000 7.04443 0.00698465 -0.0028192 0.00278042 2.31318 0.0066452 17.1318 0.109126 0.00069397 0.000597178 0.00061456 0.000589948 0.200166 0.000412973 0.0720862 0.000271277 
5 0 74250000 7.04443 0.00698465 -0.0028192 0.00277278 2.31318 0.0066452 17.1318 0.108957 0.00069397 0.000596551 0.00061456 0.000587947 0.200166 0.000412973 0.0720862 0.000271277 
5 0 74500000 7.04443 0.00698465 -0.0028192 0.00277085 2.31318 0.0066452 17.1318 0.108667 0.00069397 0.000594959 0.00061456 0.000586042 0.200166 0.000412973 0.0720862 0.000271277 
5 0 74750000 7.04443 0.00698465 -0.0028192 0.00277348 2.31318 0.0066452 17.1318 0.108486 0.00069397 0.000593107 0.00061456 0.00058413 0.200166 0.000412973 0.0720862 0.000271277 
5 0 75000000 7.04443 0.00698465 -0.0028192 0.00276475 2.31318 0.0066452 17.1318 0.108286 0.00069397 0.000591579 0.00061456 0.000583411 0.200166 0.000412973 0.0720862 0.000271277 
5 0 75250000 7.04443 0.00698465 -0.0028192 0.00275858 2.31318 0.0066452 17.1318 0.108135 0.00069397 0.000591583 0.00061456 0.000584201 0.200166 0.000412973 0.0720862 0.000271277 
5 0 75500000 7.04443 0.00698465 -0.0028192 0.00275242 2.31318 0.0066452 17.1318 0.108173 0.00069397 0.000589839 0.00061456 0.000582315 0.200166 0.000412973 0.0720862 0.000271277 
5 0 75750000 7.04443 0.00698465 -0.0028192 0.00275104 2.31318 0.0066452 17.1318 0.108075 0.00069397 0.000589625 0.00061456 0.000581183 0.200166 0.000412973 0.0720862 0.000271277 
5 0 76000000 7.04443 0.00698465 -0.0028192 0.00274299 2.31318 0.00651396 17.1318 0.107608 0.00069397 0.000588193 0.00061456 0.000580944 0.200166 0.000412973 0.0720862 0.000271277 
5 0 76250000 7.04443 0.00698465 -0.0028192 0.0027386 2.31318 0.00651396 17.1318 0.107962 0.00069397 0.000586671 0.00061456 0.000579092 0.200166 0.000412973 0.0720862 0.000271277 
5 0 76500000 7.04443 0.00698465 -0.0028192 0.00273199 2.31318 0.00651396 17.1318 0.107609 0.00069397 0.000586061 0.00061456 0.000579092 0.200166 0.000412973 0.0720862 0.000271277 
5 0 76750000 7.04443 0.00698465 -0.0028192 0.00273288 2.31318 0.00651396 17.1318 0.107277 0.00069397 0.000586318 0.00061456 0.000579092 0.200166 0.000412973 0.0720862 0.000271277 
5 0 77000000 7.04443 0.00698465 -0.0028192 0.0027276 2.31318 0.00651396 17.1318 0.107256 0.00069397 0.000584465 0.00061456 0.000579092 0.200166 0.000412973 0.0720862 0.000271277 
5 0 77250000 7.04443 0.00698465 -0.0028192 0.00271899 2.31318 0.00651396 17.1318 0.106953 0.00069397 0.0005827 0.00061456 0.000579092 0.200166 0.000412973 0.0720862 0.000271277 
5 0 77500000 7.04443 0.00698465 -0.0028192 0.00271333 2.31318 0.00651396 17.1318 0.107155 0.00069397 0.000582263 0.00061456 0.000579092 0.200166 0.000412973 0.0720862 0.000271277 
5 0 77750000 7.04443 0.00698465 -0.0028192 0.00270709 2.31318 0.00651396 17.1318 0.107206 0.00069397 0.000580791 0.00061456 0.000579092 0.200166 0.000412973 0.0720862 0.000271277 
5 0 78000000 7.0449 0.00698465 -0.00241446 0.00270374 2.31274 0.00646138 17.1248 0.106951 0.000670625 0.000580422 0.000546205 0.000575924 0.200186 0.000391707 0.0721065 0.000257752 
5 0 78250000 7.0449 0.00698465 -0.00241446 0.00270235 2.31274 0.00646138 17.1248 0.106687 0.000670625 0.000580325 0.000546205 0.000574136 0.200186 0.000391707 0.0721065 0.000257752 
5 0 78500000 7.0449 0.00698465 -0.00241446 0.00269477 2.31274 0.00646138 17.1248 0.106478 0.000670625 0.000578825 0.000546205 0.000572264 0.200186 0.000391707 0.0721065 0.000257752 
5 0 78750000 7.0449 0.00698465 -0.00241446 0.00268918 2.31274 0.00646138 17.1248 0.106161 0.000670625 0.000577012 0.000546205 0.000571706 0.200186 0.000391707 0.0721065 0.000257752 
5 0 79000000 7.0449 0.00698465 -0.00241446 0.00268591 2.31274 0.00646138 17.1248 0.10678 0.000670625 0.000576093 0.000546205 0.000570623 0.200186 0.000391707 0.0721065 0.000257752 
5 0 79250000 7.0449 0.00698465 -0.00241446 0.00267832 2.31274 0.00646138 17.1248 0.10678 0.000670625 0.000575925 0.000546205 0.000569049 0.200186 0.000391707 0.0721065 0.000257752 
5 0 79500000 7.0449 0.00698465 -0.00241446 0.00267523 2.31274 0.00646138 17.1248 0.10678 0.000670625 0.000574571 0.000546205 0.000567584 0.200186 0.000391707 0.0721065 0.000257752 
5 0 79750000 7.0449 0.00698465 -0.00241446 0.0026681 2.31274 0.00646138 17.1248 0.10678 0.000670625 0.000573384 0.000546205 0.000566256 0.200186 0.000391707 0.0721065 0.000257752 
5 0 80000000 7.0449 0.00698465 -0.00241446 0.00275268 2.31274 0.00656819 17.1248 0.10599 0.000670625 0.00057271 0.000546205 0.000565917 0.200186 0.000391707 0.0721065 0.000257752 
5 0 80250000 7.0449 0.00698465 -0.00241446 0.00275268 2.31274 0.00656819 17.1248 0.10599 0.000670625 0.000571636 0.000546205 0.000568307 0.200186 0.000391707 0.0721065 0.000257752 
5 0 80500000 7.0449 0.00698465 -0.00241446 0.00275268 2.31274 0.00656819 17.1248 0.10599 0.000670625 0.000571692 0.000546205 0.00056663 0.200186 0.000391707 0.0721065 0.000257752 
5 0 80750000 7.0449 0.00698465 -0.00241446 0.00275268 2.31274 0.00656819 17.1248 0.10599 0.000670625 0.000569999 0.000546205 0.000564944 0.200186 0.000391707 0.0721065 0.000257752 
5 0 81000000 7.0449 0.00698465 -0.00241446 0.00275268 2.31274 0.00656819 17.1248 0.106765 0.000670625 0.000569301 0.000546205 0.000563171 0.200186 0.000391707 0.0721065 0.000257752 
5 0 81250000 7.0449 0.00698465 -0.00241446 0.00275268 2.31274 0.00656819 17.1248 0.106765 0.000670625 0.000567525 0.000546205 0.000562347 0.200186 0.000391707 0.0721065 0.000257752 
5 0 81500000 7.0449 0.00698465 -0.00241446 0.00275268 2.31274 0.00656819 17.1248 0.106765 0.000670625 0.000566305 0.000546205 0.000562093 0.200186 0.000391707 0.0721065 0.000257752 
5 0 81750000 7.0449 0.00698465 -0.00241446 0.00275268 2.31274 0.00656819 17.1248 0.106765 0.000670625 0.00056529 0.000546205 0.000562525 0.200186 0.000391707 0.0721065 0.000257752 
5 0 82000000 7.04391 0.00640121 -0.00203282 0.00276094 2.31086 0.00640402 17.1001 0.106073 0.000839561 0.000599609 0.000520264 0.0005609 0.200106 0.000380295 0.0720385 0.000253667 
5 0 82250000 7.04391 0.00640121 -0.00203282 0.00276094 2.31086 0.00640402 17.1001 0.106073 0.000839561 0.000599609 0.000520264 0.000560747 0.200106 0.000380295 0.0720385 0.000253667 
5 0 82500000 7.04391 0.00639806 -0.00203282 0.00276094 2.31086 0.00640402 17.1001 0.106073 0.000839561 0.000599609 0.000520264 0.00055902 0.200106 0.000380295 0.0720385 0.000253667 
5 0 82750000 7.04391 0.00639806 -0.00203282 0.00276094 2.31086 0.00640402 17.1001 0.106073 0.000839561 0.000599609 0.000520264 0.000558342 0.200106 0.000380295 0.0720385 0.000253667 
5 0 83000000 7.04391 0.00635942 -0.00203282 0.00276094 2.31086 0.00640402 17.1001 0.105341 0.000839561 0.000599609 0.000520264 0.000556658 0.200106 0.000380295 0.0720385 0.000253667 
5 0 83250000 7.04391 0.00635942 -0.00203282 0.00276094 2.31086 0.00640402 17.1001 0.105341 0.000839561 0.000599609 0.000520264 0.00055515 0.200106 0.000380295 0.0720385 0.000253667 
5 0 83500000 7.04391 0.00632334 -0.00203282 0.00276094 2.31086 0.00640402 17.1001 0.105341 0.000839561 0.000599609 0.000520264 0.000553486 0.200106 0.000380295 0.0720385 0.000253667 
5 0 83750000 7.04391 0.00632334 -0.00203282 0.00276094 2.31086 0.00640402 17.1001 0.105341 0.000839561 0.000599609 0.000520264 0.000552087 0.200106 0.000380295 0.0720385 0.000253667 
5 0 84000000 7.04391 0.00630588 -0.00203282 0.00270305 2.31086 0.00636692 17.1001 0.106878 0.000839561 0.000599609 0.000520264 0.000550673 0.200106 0.000380295 0.0720385 0.000253667 
5 0 84250000 7.04391 0.00630588 -0.00203282 0.00270305 2.31086 0.00636692 17.1001 0.106878 0.000839561 0.000599609 0.000520264 0.000552059 0.200106 0.000380295 0.0720385 0.000253667 
5 0 84500000 7.04391 0.00630588 -0.00203282 0.00270305 2.31086 0.00636692 17.1001 0.106878 0.000839561 0.000599609 0.000520264 0.000552059 0.200106 0.000380295 0.0720385 0.000253667 
5 0 84750000 7.04391 0.00630588 -0.00203282 0.00270305 2.31086 0.00636692 17.1001 0.106878 0.000839561 0.000599609 0.000520264 0.000552368 0.200106 0.000380295 0.0720385 0.000253667 
5 0 85000000 7.04391 0.00630588 -0.00203282 0.00270305 2.31086 0.00636692 17.1001 0.106878 0.000839561 0.000599609 0.000520264 0.000550699 0.200106 0.000380295 0.0720385 0.000253667 
5 0 85250000 7.04391 0.00630588 -0.00203282 0.00270305 2.31086 0.00636692 17.1001 0.106878 0.000839561 0.000599609 0.000520264 0.000554709 0.200106 0.000380295 0.0720385 0.000253667 
5 0 85500000 7.04391 0.00630588 -0.00203282 0.00270305 2.31086 0.00636692 17.1001 0.106878 0.000839561 0.000599609 0.000520264 0.000553092 0.200106 0.000380295 0.0720385 0.000253667 
5 0 85750000 7.04391 0.00630588 -0.00203282 0.00270305 2.31086 0.00636692 17.1001 0.106878 0.000839561 0.000599609 0.000520264 0.000551708 0.200106 0.000380295 0.0720385 0.000253667 
5 0 86000000 7.04391 0.00630588 -0.00203282 0.00270305 2.31086 0.00636692 17.1001 0.106878 0.000839561 0.000599609 0.000520264 0.000550617 0.200106 0.000380295 0.0720385 0.000253667 
5 0 86250000 7.04391 0.00630588 -0.00203282 0.00263893 2.31086 0.00621747 17.1001 0.104358 0.000839561 0.000599609 0.000520264 0.000549078 0.200106 0.000362478 0.0720385 0.000242677 
5 0 86500000 7.04391 0.00630588 -0.00203282 0.00263893 2.31086 0.00621747 17.1001 0.104358 0.000839561 0.000599609 0.000520264 0.000547448 0.200106 0.000362478 0.0720385 0.000242677 
5 0 86750000 7.04391 0.00630588 -0.00203282 0.00263893 2.31086 0.00621747 17.1001 0.104358 0.000839561 0.000599609 0.000520264 0.000545887 0.200106 0.000362478 0.0720385 0.000242677 
5 0 87000000 7.04391 0.00630588 -0.00203282 0.00263893 2.31086 0.00621747 17.1001 0.104358 0.000839561 0.000599609 0.000520264 0.000544293 0.200106 0.000362478 0.0720385 0.000242677 
5 0 87250000 7.04391 0.00630588 -0.00203282 0.00263893 2.31086 0.00621747 17.1001 0.104358 0.000839561 0.000599609 0.000520264 0.000543148 0.200106 0.000362478 0.0720385 0.000242677 
5 0 87500000 7.04391 0.00630588 -0.00203282 0.00263893 2.31086 0.00621747 17.1001 0.104358 0.000839561 0.000599609 0.000520264 0.000542099 0.200106 0.000362478 0.0720385 0.000242677 
5 0 87750000 7.04391 0.00630588 -0.00203282 0.00263893 2.31086 0.00621747 17.1001 0.104358 0.000839561 0.000599609 0.000520264 0.000540728 0.200106 0.000362478 0.0720385 0.000242677 
5 0 88000000 7.04391 0.00630588 -0.00203282 0.00263893 2.31086 0.00621747 17.1001 0.104358 0.000839561 0.000599609 0.000520264 0.000539338 0.200106 0.000362478 0.0720385 0.000242677 
5 0 88250000 7.04391 0.00630588 -0.00203282 0.00271409 2.31086 0.00607906 17.1001 0.102227 0.000839561 0.000599609 0.000520264 0.000539821 0.200106 0.000362478 0.0720385 0.000242677 
5 0 88500000 7.04391 0.00630588 -0.00203282 0.00271409 2.31086 0.00607906 17.1001 0.102227 0.000839561 0.000599609 0.000520264 0.000540836 0.200106 0.000362478 0.0720385 0.000242677 
5 0 88750000 7.04391 0.00630588 -0.00203282 0.00271409 2.31086 0.00607906 17.1001 0.102227 0.000839561 0.000599609 0.000520264 0.000539558 0.200106 0.000362478 0.0720385 0.000242677 
5 0 89000000 7.04391 0.00630588 -0.00203282 0.00271409 2.31086 0.00607906 17.1001 0.102227 0.000839561 0.000599609 0.000520264 0.000538311 0.200106 0.000362478 0.0720385 0.000242677 
5 0 89250000 7.04391 0.00630588 -0.00203282 0.00271409 2.31086 0.00607906 17.1001 0.103235 0.000839561 0.000599609 0.000520264 0.000536766 0.200106 0.000362478 0.0720385 0.000242677 
5 0 89500000 7.04391 0.00630588 -0.00203282 0.00271409 2.31086 0.00607906 17.1001 0.103235 0.000839561 0.000599609 0.000520264 0.000537077 0.200106 0.000362478 0.0720385 0.000242677 
5 0 89750000 7.04391 0.00630588 -0.00203282 0.00271409 2.31086 0.00607906 17.1001 0.103235 0.000839561 0.000599609 0.000520264 0.000535559 0.200106 0.000362478 0.0720385 0.000242677 
5 0 90000000 7.04391 0.00630588 -0.00203282 0.00271409 2.31086 0.00607906 17.1001 0.103235 0.000839561 0.000599609 0.000520264 0.000534112 0.200106 0.000362478 0.0720385 0.000242677 
5 0 90250000 7.04526 0.00610356 -0.00339452 0.00266273 2.31417 0.0061542 17.1572 0.102073 0.00107596 0.000599609 0.000542786 0.000533119 0.200267 0.000374298 0.0721648 0.000252465 
5 0 90500000 7.04526 0.00610356 -0.00339452 0.00266273 2.31417 0.0061542 17.1572 0.102073 0.00107596 0.000599609 0.000542786 0.000531612 0.200267 0.000374298 0.0721648 0.000252465 
5 0 90750000 7.04526 0.00610356 -0.00339452 0.00266273 2.31417 0.0061542 17.1572 0.102073 0.00107596 0.000599609 0.000542786 0.000531778 0.200267 0.000374298 0.0721648 0.000252465 
5 0 91000000 7.04526 0.00610356 -0.00339452 0.00266273 2.31417 0.0061542 17.1572 0.102073 0.00107596 0.000599609 0.000542786 0.000530698 0.200267 0.000374298 0.0721648 0.000252465 
5 0 91250000 7.04526 0.00610356 -0.00339452 0.00266273 2.31417 0.0061542 17.1572 0.10224 0.00107596 0.000599609 0.000542786 0.000529208 0.200267 0.000374298 0.0721648 0.000252465 
5 0 91500000 7.04526 0.00610356 -0.00339452 0.00266273 2.31417 0.0061542 17.1572 0.10224 0.00107596 0.000599609 0.000542786 0.000528086 0.200267 0.000374298 0.0721648 0.000252465 
5 0 91750000 7.04526 0.00610356 -0.00339452 0.00266273 2.31417 0.0061542 17.1572 0.10224 0.00107596 0.000599609 0.000542786 0.000527294 0.200267 0.000374298 0.0721648 0.000252465 
5 0 92000000 7.04526 0.00610356 -0.00339452 0.00266273 2.31417 0.0061542 17.1572 0.10224 0.00107596 0.000599609 0.000542786 0.000525961 0.200267 0.000374298 0.0721648 0.000252465 
5 0 92250000 7.04526 0.00610356 -0.00339452 0.00261253 2.31417 0.0061053 17.1572 0.101207 0.00107596 0.000599609 0.000542786 0.000525486 0.200267 0.000374298 0.0721648 0.000252465 
5 0 92500000 7.04526 0.00610356 -0.00339452 0.00261253 2.31417 0.0061053 17.1572 0.101207 0.00107596 0.000599609 0.000542786 0.000524102 0.200267 0.000374298 0.0721648 0.000252465 
5 0 92750000 7.04526 0.00610356 -0.00339452 0.00261253 2.31417 0.0061053 17.1572 0.101207 0.00107596 0.000599609 0.000542786 0.000522665 0.200267 0.000374298 0.0721648 0.000252465 
5 0 93000000 7.04526 0.00610356 -0.00339452 0.00261253 2.31417 0.0061053 17.1572 0.101207 0.00107596 0.000599609 0.000542786 0.000521266 0.200267 0.000374298 0.0721648 0.000252465 
5 0 93250000 7.04526 0.00610356 -0.00339452 0.00261253 2.31417 0.0061053 17.1572 0.100716 0.00107596 0.000599609 0.000542786 0.000520049 0.200267 0.000374298 0.0721648 0.000252465 
5 0 93500000 7.04526 0.00610356 -0.00339452 0.00261253 2.31417 0.0061053 17.1572 0.100716 0.00107596 0.000599609 0.000542786 0.00051868 0.200267 0.000374298 0.0721648 0.000252465 
5 0 93750000 7.04526 0.00610356 -0.00339452 0.00261253 2.31417 0.0061053 17.1572 0.100716 0.00107596 0.000599609 0.000542786 0.000517263 0.200267 0.000374298 0.0721648 0.000252465 
5 0 94000000 7.04526 0.00610356 -0.00339452 0.00261253 2.31417 0.0061053 17.1572 0.100716 0.00107596 0.000599609 0.000542786 0.000516081 0.200267 0.000374298 0.0721648 0.000252465 
5 0 94250000 7.04526 0.00604333 -0.00339452 0.00257598 2.31417 0.00597697 17.1572 0.10213 0.00107596 0.000599609 0.000542786 0.00051516 0.200267 0.000360879 0.0721648 0.000244087 
5 0 94500000 7.04526 0.00604333 -0.00339452 0.00257598 2.31417 0.00597697 17.1572 0.10213 0.00107596 0.000599609 0.000542786 0.000513764 0.200267 0.000360879 0.0721648 0.000244087 
5 0 94750000 7.04526 0.00604333 -0.00339452 0.00257598 2.31417 0.00597697 17.1572 0.10213 0.00107596 0.000599609 0.000542786 0.000512622 0.200267 0.000360879 0.0721648 0.000244087 
5 0 95000000 7.04526 0.00604333 -0.00339452 0.00257598 2.31417 0.00597697 17.1572 0.10213 0.00107596 0.000599609 0.000542786 0.000512622 0.200267 0.000360879 0.0721648 0.000244087 
5 0 95250000 7.04526 0.00604333 -0.00339452 0.00257598 2.31417 0.00597697 17.1572 0.10213 0.00107596 0.000599609 0.000542786 0.000511355 0.200267 0.000360879 0.0721648 0.000244087 
5 0 95500000 7.04526 0.00604333 -0.00339452 0.00257598 2.31417 0.00597697 17.1572 0.101132 0.00107596 0.000599609 0.000542786 0.000510061 0.200267 0.000360879 0.0721648 0.000244087 
5 0 95750000 7.04526 0.00604333 -0.00339452 0.00257598 2.31417 0.00597697 17.1572 0.101132 0.00107596 0.000599609 0.000542786 0.000509539 0.200267 0.000360879 0.0721648 0.000244087 
5 0 96000000 7.04526 0.00604333 -0.00339452 0.00257598 2.31417 0.00597697 17.1572 0.101132 0.00107596 0.000599609 0.000542786 0.000508247 0.200267 0.000360879 0.0721648 0.000244087 
5 0 96250000 7.04526 0.00604333 -0.00339452 0.00257598 2.31417 0.00597697 17.1572 0.101132 0.00107596 0.000599609 0.000542786 0.000507462 0.200267 0.000360879 0.0721648 0.000244087 
5 0 96500000 7.04526 0.00604333 -0.00339452 0.00254121 2.31417 0.00589058 17.1572 0.100344 0.00107596 0.000599609 0.000542786 0.000507102 0.200267 0.000360879 0.0721648 0.000244087 
5 0 96750000 7.04526 0.00604333 -0.00339452 0.00254121 2.31417 0.00589058 17.1572 0.100344 0.00107596 0.000599609 0.000542786 0.000505757 0.200267 0.000360879 0.0721648 0.000244087 
5 0 97000000 7.04526 0.00604333 -0.00339452 0.00254121 2.31417 0.00589058 17.1572 0.100344 0.00107596 0.000599609 0.000542786 0.000506643 0.200267 0.000360879 0.0721648 0.000244087 
5 0 97250000 7.04526 0.00604333 -0.00339452 0.00254121 2.31417 0.00589058 17.1572 0.100344 0.00107596 0.000599609 0.000542786 0.00050575 0.200267 0.000360879 0.0721648 0.000244087 
5 0 97500000 7.04526 0.00604333 -0.00339452 0.00254121 2.31417 0.00589058 17.1572 0.0992953 0.00107596 0.000599609 0.000542786 0.000506121 0.200267 0.000360879 0.0721648 0.000244087 
5 0 97750000 7.04526 0.00604333 -0.00339452 0.00254121 2.31417 0.00589058 17.1572 0.0992953 0.00107596 0.000599609 0.000542786 0.000504963 0.200267 0.000360879 0.0721648 0.000244087 
5 0 98000000 7.04526 0.00604333 -0.00339452 0.00254121 2.31417 0.00589058 17.1572 0.0992953 0.00107596 0.000599609 0.000542786 0.000504517 0.200267 0.000360879 0.0721648 0.000244087 
5 0 98250000 7.04526 0.00604333 -0.00339452 0.00254121 2.31417 0.00589058 17.1572 0.0992953 0.00107596 0.000599609 0.000542786 0.000503647 0.200267 0.000360879 0.0721648 0.000244087 
5 0 98500000 7.04376 0.00579233 -0.00222929 0.00250575 2.3118 0.00578113 17.1085 0.0989906 0.00115134 0.000575046 0.000445415 0.000502441 0.200189 0.00034718 0.0720942 0.0002363 
5 0 98750000 7.04376 0.00579233 -0.00222929 0.00250575 2.3118 0.00578113 17.1085 0.0989906 0.00115134 0.000575046 0.000445415 0.000501281 0.200189 0.00034718 0.0720942 0.0002363 
5 0 99000000 7.04376 0.00579233 -0.00222929 0.00250575 2.3118 0.00578113 17.1085 0.0989906 0.00115134 0.000575046 0.000445415 0.000500307 0.200189 0.00034718 0.0720942 0.0002363 
5 0 99250000 7.04376 0.00579233 -0.00222929 0.00250575 2.3118 0.00578113 17.1085 0.0989906 0.00115134 0.000575046 0.000445415 0.000499086 0.200189 0.00034718 0.0720942 0.0002363 
5 0 99500000 7.04376 0.00579233 -0.00222929 0.00250575 2.3118 0.00578113 17.1085 0.0987141 0.00115134 0.000575046 0.000445415 0.000497893 0.200189 0.00034718 0.0720942 0.0002363 
5 0 99750000 7.04376 0.00579233 -0.00222929 0.00250575 2.3118 0.00578113 17.1085 0.0987141 0.00115134 0.000575046 0.000445415 0.000497136 0.200189 0.00034718 0.0720942 0.0002363 
5 0 100000000 7.04376 0.00579233 -0.00222929 0.00250575 2.3118 0.00578113 17.1085 0.0987141 0.00115134 0.000575046 0.000445415 0.000495875 0.200189 0.00034718 0.0720942 0.0002363 
