L J MC_steps R2 R2_std E E_std E2 E2_std E4 E4_std Sin1 Sin1_std Cos1 Cos1_std Mag2 Mag2_std Mag4 Mag4_std
5 0.25 250000 7.125 0.138752 -0.624508 0.0601842 3.20221 0.179646 34.5225 3.95508 -0.015132 0.013161 0.000508364 0.0130744 0.258021 0.007553 0.113665 0.0058941 
5 0.25 500000 7.07589 0.0942498 -0.610485 0.0400317 3.23604 0.116152 35.2732 2.7169 -0.00716826 0.00812315 -0.00862259 0.00913825 0.259347 0.00529209 0.11417 0.00401277 
5 0.25 750000 7.00781 0.0862735 -0.612757 0.0319183 3.18377 0.0953501 33.714 2.338 -0.00607633 0.00642008 0.000579487 0.0100559 0.259102 0.00418096 0.113079 0.00321006 
5 0.25 1000000 6.95 0.0663369 -0.621897 0.0269191 3.16058 0.0815882 32.9538 1.87645 -0.00147238 0.00564905 -0.000580475 0.00740314 0.260335 0.00358633 0.113813 0.00278987 
5 0.25 1250000 6.9449 0.0623001 -0.648735 0.0261127 3.22866 0.0793796 34.3642 1.73204 -0.00478755 0.00512796 -0.00327348 0.00620782 0.264342 0.00335889 0.116899 0.00275015 
5 0.25 1500000 6.95668 0.0583694 -0.637253 0.0302337 3.2039 0.0744926 33.7981 1.53078 -0.00406334 0.0047185 -0.00211453 0.00508653 0.264347 0.00418306 0.116794 0.00316174 
5 0.25 1750000 6.9366 0.0490974 -0.630407 0.0256775 3.19554 0.0659304 33.4255 1.42065 -0.00186134 0.00430368 -0.00179658 0.00455101 0.263395 0.00349618 0.11599 0.00265154 
5 0.25 2000000 6.97604 0.0498885 -0.618427 0.0284364 3.1531 0.0656242 32.9235 1.46147 -0.000782791 0.00402633 -0.000473447 0.00423461 0.26167 0.0038631 0.114666 0.00299219 
5 0.25 2250000 6.99288 0.0476756 -0.619219 0.0249243 3.14147 0.0596326 32.8683 1.31914 0.000862856 0.00378841 -0.000255733 0.00394404 0.26108 0.00340226 0.113982 0.00263811 
5 0.25 2500000 6.97924 0.0424099 -0.607313 0.0223861 3.11686 0.0561762 32.4935 1.22506 -0.000666863 0.00355624 -0.000569361 0.00370914 0.260336 0.00303635 0.113311 0.00240856 
5 0.25 2750000 6.96758 0.046298 -0.614647 0.0203233 3.13686 0.0549765 32.7909 1.10514 -0.00104092 0.00344537 -0.00144835 0.00351665 0.261055 0.00305448 0.11391 0.00237353 
5 0.25 3000000 6.97088 0.046298 -0.618642 0.0197122 3.14802 0.0564364 32.9307 1.04292 0.00152245 0.00332834 -0.0014998 0.00332193 0.261111 0.00305448 0.114217 0.00237353 
5 0.25 3250000 6.97087 0.0386983 -0.618268 0.0172961 3.12808 0.0524094 32.6381 0.982135 0.00185053 0.00321419 -0.0030531 0.00319222 0.260962 0.00254683 0.113958 0.00197844 
5 0.25 3500000 6.97596 0.0386983 -0.623764 0.0168162 3.14002 0.0492219 32.7376 0.930095 0.00161879 0.00310047 -0.00305105 0.00302812 0.262291 0.00254683 0.114905 0.00197844 
5 0.25 3750000 6.97977 0.0341792 -0.620541 0.0159207 3.13185 0.0486271 32.5414 0.914384 0.000775193 0.00299736 -0.00349761 0.00291772 0.261741 0.00235455 0.114389 0.00186043 
5 0.25 4000000 6.9819 0.0341792 -0.621686 0.0149005 3.13918 0.0463182 32.6146 0.885233 0.000951695 0.00292871 -0.00355585 0.00283913 0.261735 0.00229907 0.114473 0.00174215 
5 0.25 4250000 6.98901 0.0311314 -0.620084 0.0141386 3.1352 0.0437058 32.5216 0.847586 2.18146e-05 0.00286921 -0.00402937 0.00270737 0.261585 0.00206531 0.114335 0.00163506 
5 0.25 4500000 6.99494 0.0311314 -0.619535 0.01389 3.125 0.0432142 32.3103 0.814149 0.00109232 0.00277783 -0.00426342 0.0026202 0.261458 0.00201692 0.114258 0.00154071 
5 0.25 4750000 6.99826 0.0290141 -0.621272 0.0132351 3.13579 0.0415065 32.4279 0.794316 -0.000184332 0.00273836 -0.00408006 0.00258795 0.261779 0.00186572 0.114528 0.00147868 
5 0.25 5000000 6.99208 0.0290141 -0.622592 0.0127361 3.14459 0.0401952 32.5975 0.76995 -0.000311009 0.00270751 -0.00338331 0.00253642 0.262039 0.00180204 0.114745 0.0014166 
5 0.25 5250000 6.99385 0.0264467 -0.626754 0.0125551 3.153 0.0386231 32.7515 0.746961 -0.00242963 0.00318692 -0.00287998 0.00247503 0.262587 0.00179398 0.115242 0.00143042 
5 0.25 5500000 6.99385 0.0264467 -0.626754 0.0125192 3.153 0.0372236 32.7515 0.726781 -0.00242963 0.00303745 -0.00287998 0.0024271 0.262587 0.00179398 0.115242 0.00140506 
5 0.25 5750000 6.99379 0.0269838 -0.635089 0.013106 3.16951 0.0369319 33.0794 0.712531 -0.00310526 0.00294965 -0.00242072 0.00238942 0.263223 0.00174006 0.115823 0.00139242 
5 0.25 6000000 6.99379 0.0272765 -0.635089 0.013106 3.16951 0.0362969 33.0794 0.692194 -0.00310526 0.00304264 -0.00242072 0.00235756 0.263223 0.00174006 0.115823 0.00139242 
5 0.25 6250000 6.9943 0.0264093 -0.637309 0.0122004 3.18193 0.0347979 33.2662 0.67531 -0.00466477 0.00316006 -0.00198886 0.00232859 0.264003 0.00176128 0.116299 0.00135533 
5 0.25 6500000 6.9943 0.0254242 -0.637309 0.0122004 3.18193 0.0334402 33.2662 0.665409 -0.00466477 0.00316006 -0.00198886 0.00226759 0.264003 0.00176128 0.116299 0.00135533 
5 0.25 6750000 6.99256 0.0244567 -0.642478 0.0123082 3.19764 0.0346911 33.6865 0.672114 -0.00440735 0.00316006 -0.00136466 0.00223663 0.264664 0.00174522 0.116913 0.001383 
5 0.25 7000000 6.99256 0.0245982 -0.642478 0.0123082 3.19764 0.0334219 33.6865 0.662089 -0.00440735 0.00316006 -0.00136466 0.00219474 0.264664 0.00174522 0.116913 0.001383 
5 0.25 7250000 6.99644 0.023885 -0.642185 0.0114325 3.19159 0.0326822 33.4279 0.663384 -0.00446194 0.00271512 -0.00135793 0.00217109 0.264883 0.00163424 0.116885 0.00128449 
5 0.25 7500000 6.99644 0.0230897 -0.642185 0.0114325 3.19159 0.0315917 33.4279 0.663384 -0.00446194 0.00271512 -0.00135793 0.00213799 0.264883 0.00163424 0.116885 0.00128449 
5 0.25 7750000 6.99759 0.0223745 -0.644185 0.0108438 3.19441 0.0311186 33.4761 0.620908 -0.00261198 0.00292207 -0.000578707 0.00211304 0.265036 0.00157776 0.116931 0.00119967 
5 0.25 8000000 6.99759 0.0220624 -0.644185 0.0108438 3.19441 0.0308033 33.4761 0.622725 -0.00261198 0.00292207 -0.000578707 0.00207138 0.265036 0.00157776 0.116931 0.00119967 
5 0.25 8250000 6.99591 0.0213763 -0.642154 0.0104343 3.1877 0.0299734 33.3497 0.604755 -0.00222945 0.00316309 -0.000632025 0.0020209 0.264772 0.00145917 0.116802 0.00113159 
5 0.25 8500000 6.99591 0.0208614 -0.642154 0.0103544 3.1877 0.0301604 33.3497 0.594831 -0.00222945 0.00316309 -0.000632025 0.00199045 0.264772 0.00145917 0.116802 0.00113159 
5 0.25 8750000 6.98995 0.0204574 -0.64229 0.0101365 3.18818 0.0297371 33.3581 0.582235 -0.00184541 0.00316309 -0.000474692 0.00195949 0.264785 0.00138439 0.116779 0.00107161 
5 0.25 9000000 6.98995 0.0199665 -0.64229 0.0102468 3.18818 0.0293737 33.3581 0.579669 -0.00184541 0.00316309 -0.000474692 0.00194847 0.264785 0.00138439 0.116779 0.00106525 
5 0.25 9250000 6.98584 0.0195773 -0.646914 0.010243 3.19799 0.0287553 33.6108 0.583048 -0.00192023 0.00282671 -8.67715e-05 0.00191527 0.265314 0.00139496 0.117156 0.00107058 
5 0.25 9500000 6.98584 0.0193687 -0.646914 0.010243 3.19799 0.0282229 33.6108 0.583048 -0.00192023 0.00282671 -8.67715e-05 0.00189415 0.265314 0.00139496 0.117156 0.00107058 
5 0.25 9750000 6.98584 0.0192421 -0.646914 0.010243 3.19799 0.0278598 33.6108 0.583048 -0.00192023 0.00282671 -8.67715e-05 0.00188318 0.265314 0.00139496 0.117156 0.00107058 
5 0.25 10000000 6.97533 0.0195395 -0.646782 0.00989119 3.19515 0.0274638 33.6291 0.569945 -0.00107854 0.00282671 -0.000706329 0.00185259 0.265184 0.00133218 0.117016 0.00102339 
5 0.25 10250000 6.97533 0.0191443 -0.646782 0.0097047 3.19515 0.0268153 33.6291 0.567842 -0.00107854 0.00282671 -0.000706329 0.00182198 0.265184 0.00133218 0.117016 0.00102339 
5 0.25 10500000 6.97598 0.0189834 -0.647957 0.0104623 3.19666 0.0263669 33.7046 0.555391 -0.00117275 0.00301145 -0.000836331 0.00178212 0.265239 0.0013641 0.117085 0.00105704 
5 0.25 10750000 6.97598 0.0187985 -0.647957 0.0104623 3.19666 0.026073 33.7046 0.542315 -0.00117275 0.00301145 -0.000836331 0.00178052 0.265239 0.0013641 0.117085 0.00105704 
5 0.25 11000000 6.97598 0.0184447 -0.647957 0.0104623 3.19666 0.025492 33.7046 0.54493 -0.00117275 0.00301145 -0.000836331 0.00178052 0.265239 0.0013641 0.117085 0.00105704 
5 0.25 11250000 6.97598 0.0182543 -0.647957 0.0104623 3.19666 0.0252712 33.7046 0.532263 -0.00117275 0.00301145 -0.000836331 0.00178052 0.265239 0.0013641 0.117085 0.00105704 
5 0.25 11500000 6.98158 0.0181473 -0.642325 0.0104623 3.18767 0.0252712 33.5278 0.520789 -0.000518447 0.00301145 -0.00126135 0.00178052 0.26483 0.0013641 0.116776 0.00105704 
5 0.25 11750000 6.98158 0.0181473 -0.642325 0.0104623 3.18767 0.0252712 33.5278 0.512653 -0.000518447 0.00301145 -0.00126135 0.00178052 0.26483 0.0013641 0.116776 0.00105704 
5 0.25 12000000 6.98158 0.0181473 -0.642325 0.0104623 3.18767 0.0252712 33.5278 0.512653 -0.000518447 0.00301145 -0.00126135 0.00178052 0.26483 0.0013641 0.116776 0.00105704 
5 0.25 12250000 6.98158 0.0181473 -0.642325 0.0104623 3.18767 0.0252712 33.5278 0.512653 -0.000518447 0.00301145 -0.00126135 0.00178052 0.26483 0.0013641 0.116776 0.00105704 
5 0.25 12500000 6.98678 0.0180522 -0.641019 0.0107761 3.18065 0.0256353 33.4069 0.506308 -0.0003739 0.00261335 -0.00140644 0.0016175 0.264545 0.00130099 0.116516 0.00102257 
5 0.25 12750000 6.98678 0.0180522 -0.641019 0.0107761 3.18065 0.0256353 33.4069 0.506308 -0.0003739 0.00261335 -0.00140644 0.00158776 0.264545 0.00130099 0.116516 0.00102257 
5 0.25 13000000 6.98678 0.0180522 -0.641019 0.0107761 3.18065 0.0256353 33.4069 0.506308 -0.0003739 0.00261335 -0.00140644 0.00157239 0.264545 0.00130099 0.116516 0.00102257 
5 0.25 13250000 6.98678 0.0180522 -0.641019 0.0107761 3.18065 0.0256353 33.4069 0.506308 -0.0003739 0.00261335 -0.00140644 0.00157239 0.264545 0.00130099 0.116516 0.00102257 
5 0.25 13500000 6.99151 0.0180522 -0.638437 0.0107761 3.18329 0.0256353 33.4812 0.506308 -0.000789706 0.00261335 -0.0011855 0.00157239 0.26415 0.00130099 0.116317 0.00102257 
5 0.25 13750000 6.99151 0.0180522 -0.638437 0.0107761 3.18329 0.0256353 33.4812 0.506308 -0.000789706 0.00261335 -0.0011855 0.00157239 0.26415 0.00130099 0.116317 0.00102257 
5 0.25 14000000 6.99151 0.0180522 -0.638437 0.0107761 3.18329 0.0256353 33.4812 0.506308 -0.000789706 0.00261335 -0.0011855 0.00157239 0.26415 0.00130099 0.116317 0.00102257 
5 0.25 14250000 6.99151 0.0180522 -0.638437 0.0107761 3.18329 0.0256353 33.4812 0.506308 -0.000789706 0.00261335 -0.0011855 0.00157239 0.26415 0.00130099 0.116317 0.00102257 
5 0.25 14500000 6.99397 0.0168446 -0.63902 0.00942034 3.18593 0.0225099 33.497 0.442764 -0.00130943 0.00240164 -0.00140534 0.00149854 0.264333 0.00113241 0.116421 0.000880879 
5 0.25 14750000 6.99397 0.0168446 -0.63902 0.00942034 3.18593 0.0225099 33.497 0.441917 -0.00130943 0.00240164 -0.00140534 0.00148333 0.264333 0.00113241 0.116421 0.000880879 
5 0.25 15000000 6.99397 0.0168446 -0.63902 0.00942034 3.18593 0.0225099 33.497 0.452679 -0.00130943 0.00240164 -0.00140534 0.0014661 0.264333 0.00113241 0.116421 0.000880879 
5 0.25 15250000 6.99397 0.0168446 -0.63902 0.00942034 3.18593 0.0225099 33.497 0.449509 -0.00130943 0.00240164 -0.00140534 0.00145135 0.264333 0.00113241 0.116421 0.000880879 
5 0.25 15500000 7.00163 0.0168446 -0.641437 0.00942034 3.19526 0.0225099 33.706 0.441917 -0.000832974 0.00240164 -0.00134838 0.0014486 0.264585 0.00113241 0.116771 0.000880879 
5 0.25 15750000 7.00163 0.0168446 -0.641437 0.00942034 3.19526 0.0225099 33.706 0.441917 -0.000832974 0.00240164 -0.00134838 0.00143118 0.264585 0.00113241 0.116771 0.000880879 
5 0.25 16000000 7.00163 0.0168446 -0.641437 0.00942034 3.19526 0.0225099 33.706 0.441917 -0.000832974 0.00240164 -0.00134838 0.00142465 0.264585 0.00113241 0.116771 0.000880879 
5 0.25 16250000 7.00163 0.0168446 -0.641437 0.00942034 3.19526 0.0225099 33.706 0.441917 -0.000832974 0.00240164 -0.00134838 0.00139921 0.264585 0.00113241 0.116771 0.000880879 
5 0.25 16500000 7.00055 0.0159737 -0.638997 0.00824283 3.18699 0.0201699 33.5357 0.426464 -0.00025279 0.00232227 -0.00122406 0.00139266 0.264276 0.000992271 0.116497 0.000774061 
5 0.25 16750000 7.00055 0.0159737 -0.638997 0.00824283 3.18699 0.0200817 33.5357 0.426464 -0.00025279 0.00232227 -0.00122406 0.00137314 0.264276 0.000992271 0.116497 0.000774061 
5 0.25 17000000 7.00055 0.0159737 -0.638997 0.00824283 3.18699 0.0200817 33.5357 0.413901 -0.00025279 0.00232227 -0.00122406 0.00138759 0.264276 0.000992271 0.116497 0.000774061 
5 0.25 17250000 7.00055 0.0159737 -0.638997 0.00824283 3.18699 0.0200817 33.5357 0.413901 -0.00025279 0.00232227 -0.00122406 0.00137222 0.264276 0.000992271 0.116497 0.000774061 
5 0.25 17500000 7.00247 0.0159737 -0.639063 0.00824283 3.18729 0.019721 33.4766 0.408756 1.50263e-05 0.00232227 -0.00150481 0.00137137 0.264277 0.000992271 0.116503 0.000774061 
5 0.25 17750000 7.00247 0.0159737 -0.639063 0.00824283 3.18729 0.019721 33.4766 0.408756 1.50263e-05 0.00232227 -0.00150481 0.00137555 0.264277 0.000992271 0.116503 0.000774061 
5 0.25 18000000 7.00247 0.0159737 -0.639063 0.00824283 3.18729 0.019721 33.4766 0.40435 1.50263e-05 0.00232227 -0.00150481 0.0013581 0.264277 0.000992271 0.116503 0.000774061 
5 0.25 18250000 7.00247 0.0159737 -0.639063 0.00824283 3.18729 0.019721 33.4766 0.40435 1.50263e-05 0.00232227 -0.00150481 0.00134348 0.264277 0.000992271 0.116503 0.000774061 
5 0.25 18500000 7.00247 0.0144572 -0.63541 0.00806975 3.18018 0.0191432 33.3382 0.397692 -0.000139902 0.00206698 -0.00121923 0.0013271 0.264018 0.000914814 0.116272 0.000720024 
5 0.25 18750000 7.00247 0.0143137 -0.63541 0.00806975 3.18018 0.0191432 33.3382 0.397692 -0.000139902 0.00206698 -0.00121923 0.00131361 0.264018 0.000914814 0.116272 0.000720024 
5 0.25 19000000 7.00247 0.0143137 -0.63541 0.00806975 3.18018 0.0191432 33.3382 0.395709 -0.000139902 0.00206698 -0.00121923 0.00129864 0.264018 0.000914814 0.116272 0.000720024 
5 0.25 19250000 7.00247 0.0143137 -0.63541 0.00806975 3.18018 0.0191432 33.3382 0.392586 -0.000139902 0.00206698 -0.00121923 0.00129271 0.264018 0.000914814 0.116272 0.000720024 
5 0.25 19500000 7.00126 0.0143137 -0.634913 0.00806975 3.17802 0.018667 33.2354 0.39372 6.76007e-05 0.00206698 -0.000811316 0.00128255 0.264003 0.000914814 0.116261 0.000720024 
5 0.25 19750000 7.00126 0.0143137 -0.634913 0.00806975 3.17802 0.018667 33.2354 0.392719 6.76007e-05 0.00206698 -0.000811316 0.0012895 0.264003 0.000914814 0.116261 0.000720024 
5 0.25 20000000 7.00126 0.0143137 -0.634913 0.00806975 3.17802 0.018667 33.2354 0.392242 6.76007e-05 0.00206698 -0.000811316 0.00128543 0.264003 0.000914814 0.116261 0.000720024 
5 0.25 20250000 7.00126 0.0143137 -0.634913 0.00806975 3.17802 0.018667 33.2354 0.392242 6.76007e-05 0.00206698 -0.000811316 0.00127426 0.264003 0.000914814 0.116261 0.000720024 
5 0.25 20500000 7.00126 0.0143137 -0.634913 0.00806975 3.17802 0.018667 33.2354 0.392242 6.76007e-05 0.00206698 -0.000811316 0.00126742 0.264003 0.000914814 0.116261 0.000720024 
5 0.25 20750000 7.00054 0.0132442 -0.635121 0.00729763 3.17404 0.0196425 33.1584 0.421305 0.000153408 0.00188098 -0.0013108 0.00126116 0.263776 0.00102932 0.11605 0.000816584 
5 0.25 21000000 7.00054 0.0131667 -0.635121 0.00729763 3.17404 0.0196425 33.1584 0.421305 0.000153408 0.00188098 -0.0013108 0.00125506 0.263776 0.00102932 0.11605 0.000816584 
5 0.25 21250000 7.00054 0.0130156 -0.635121 0.00729763 3.17404 0.0196425 33.1584 0.421305 0.000153408 0.00188098 -0.0013108 0.00125171 0.263776 0.00102932 0.11605 0.000816584 
5 0.25 21500000 7.00054 0.013012 -0.635121 0.00729763 3.17404 0.0196425 33.1584 0.421305 0.000153408 0.00188098 -0.0013108 0.00123901 0.263776 0.00102932 0.11605 0.000816584 
5 0.25 21750000 7.00054 0.013012 -0.635121 0.00729763 3.17404 0.0196425 33.1584 0.421305 0.000153408 0.00188098 -0.0013108 0.00122721 0.263776 0.00102932 0.11605 0.000816584 
5 0.25 22000000 7.00054 0.013012 -0.635121 0.00729763 3.17404 0.0196425 33.1584 0.421305 0.000153408 0.00188098 -0.0013108 0.00122319 0.263776 0.00102932 0.11605 0.000816584 
5 0.25 22250000 7.00054 0.013012 -0.635121 0.00729763 3.17404 0.0196425 33.1584 0.421305 0.000153408 0.00188098 -0.0013108 0.00121334 0.263776 0.00102932 0.11605 0.000816584 
5 0.25 22500000 7.00054 0.013012 -0.635121 0.00729763 3.17404 0.0196425 33.1584 0.421305 0.000153408 0.00188098 -0.0013108 0.00120663 0.263776 0.00102932 0.11605 0.000816584 
5 0.25 22750000 7.00342 0.0125738 -0.635185 0.00729763 3.1683 0.0196425 33.0437 0.421305 -0.000366401 0.00178036 -0.00116274 0.00119505 0.263821 0.00102932 0.116017 0.000816584 
5 0.25 23000000 7.00342 0.012502 -0.635185 0.00729763 3.1683 0.0196425 33.0437 0.421305 -0.000366401 0.00178036 -0.00116274 0.00119098 0.263821 0.00102932 0.116017 0.000816584 
5 0.25 23250000 7.00342 0.0124912 -0.635185 0.00729763 3.1683 0.0196425 33.0437 0.421305 -0.000366401 0.00178036 -0.00116274 0.00118575 0.263821 0.00102932 0.116017 0.000816584 
5 0.25 23500000 7.00342 0.0123695 -0.635185 0.00729763 3.1683 0.0196425 33.0437 0.421305 -0.000366401 0.00178036 -0.00116274 0.0011805 0.263821 0.00102932 0.116017 0.000816584 
5 0.25 23750000 7.00342 0.0123061 -0.635185 0.00729763 3.1683 0.0196425 33.0437 0.421305 -0.000366401 0.00178036 -0.00116274 0.00117805 0.263821 0.00102932 0.116017 0.000816584 
5 0.25 24000000 7.00342 0.0121825 -0.635185 0.00729763 3.1683 0.0196425 33.0437 0.421305 -0.000366401 0.00178036 -0.00116274 0.00116711 0.263821 0.00102932 0.116017 0.000816584 
5 0.25 24250000 7.00342 0.0121438 -0.635185 0.00729763 3.1683 0.0196425 33.0437 0.421305 -0.000366401 0.00178036 -0.00116274 0.00116471 0.263821 0.00102932 0.116017 0.000816584 
5 0.25 24500000 7.00342 0.0121438 -0.635185 0.00729763 3.1683 0.0196425 33.0437 0.421305 -0.000366401 0.00178036 -0.00116274 0.00116288 0.263821 0.00102932 0.116017 0.000816584 
5 0.25 24750000 7.00382 0.0118714 -0.633879 0.00618626 3.16024 0.0206544 32.9318 0.407473 -0.000105166 0.00165105 -0.00123463 0.00115479 0.263531 0.000886483 0.115813 0.000714013 
5 0.25 25000000 7.00382 0.0117576 -0.633879 0.00618626 3.16024 0.0206544 32.9318 0.407473 -0.000105166 0.00165105 -0.00123463 0.00114782 0.263531 0.000886483 0.115813 0.000714013 
5 0.25 25250000 7.00382 0.0117358 -0.633879 0.00618626 3.16024 0.0206544 32.9318 0.407473 -0.000105166 0.00165105 -0.00123463 0.00113932 0.263531 0.000886483 0.115813 0.000714013 
5 0.25 25500000 7.00382 0.0117251 -0.633879 0.00618626 3.16024 0.0206544 32.9318 0.407473 -0.000105166 0.00165105 -0.00123463 0.00113418 0.263531 0.000886483 0.115813 0.000714013 
5 0.25 25750000 7.00382 0.0116814 -0.633879 0.00618626 3.16024 0.0206544 32.9318 0.407473 -0.000105166 0.00165105 -0.00123463 0.00113207 0.263531 0.000886483 0.115813 0.000714013 
5 0.25 26000000 7.00382 0.0115744 -0.633879 0.00618626 3.16024 0.0206544 32.9318 0.407473 -0.000105166 0.00165105 -0.00123463 0.00113073 0.263531 0.000886483 0.115813 0.000714013 
5 0.25 26250000 7.00382 0.01149 -0.633879 0.00618626 3.16024 0.0206544 32.9318 0.407473 -0.000105166 0.00165105 -0.00123463 0.00112327 0.263531 0.000886483 0.115813 0.000714013 
5 0.25 26500000 7.00382 0.0114558 -0.633879 0.00618626 3.16024 0.0206544 32.9318 0.407473 -0.000105166 0.00165105 -0.00123463 0.00111413 0.263531 0.000886483 0.115813 0.000714013 
5 0.25 26750000 7.00306 0.011451 -0.634177 0.00618626 3.16611 0.0206544 33.0581 0.407473 -0.000210921 0.00152743 -0.00146466 0.00111202 0.263694 0.000886483 0.116001 0.000714013 
5 0.25 27000000 7.00306 0.0113825 -0.634177 0.00618626 3.16611 0.0206544 33.0581 0.407473 -0.000210921 0.00152743 -0.00146466 0.00111057 0.263694 0.000886483 0.116001 0.000714013 
5 0.25 27250000 7.00306 0.0113295 -0.634177 0.00618626 3.16611 0.0206544 33.0581 0.407473 -0.000210921 0.00152743 -0.00146466 0.00110384 0.263694 0.000886483 0.116001 0.000714013 
5 0.25 27500000 7.00306 0.0112448 -0.634177 0.00618626 3.16611 0.0206544 33.0581 0.407473 -0.000210921 0.00152743 -0.00146466 0.00110292 0.263694 0.000886483 0.116001 0.000714013 
5 0.25 27750000 7.00306 0.0111424 -0.634177 0.00618626 3.16611 0.0206544 33.0581 0.407473 -0.000210921 0.00152743 -0.00146466 0.00109611 0.263694 0.000886483 0.116001 0.000714013 
5 0.25 28000000 7.00306 0.0110455 -0.634177 0.00618626 3.16611 0.0206544 33.0581 0.407473 -0.000210921 0.00152743 -0.00146466 0.00109194 0.263694 0.000886483 0.116001 0.000714013 
5 0.25 28250000 7.00306 0.0110219 -0.634177 0.00618626 3.16611 0.0206544 33.0581 0.407473 -0.000210921 0.00152743 -0.00146466 0.0010871 0.263694 0.000886483 0.116001 0.000714013 
5 0.25 28500000 7.00306 0.0109901 -0.634177 0.00618626 3.16611 0.0206544 33.0581 0.407473 -0.000210921 0.00152743 -0.00146466 0.00108739 0.263694 0.000886483 0.116001 0.000714013 
5 0.25 28750000 7.00415 0.0109127 -0.632982 0.00543131 3.16591 0.0184658 33.0607 0.369079 -0.000782708 0.00152159 -0.00154573 0.0010839 0.263585 0.000761477 0.115929 0.000621311 
5 0.25 29000000 7.00415 0.0108781 -0.632982 0.00543131 3.16591 0.0184658 33.0607 0.369079 -0.000782708 0.00152159 -0.00154573 0.00107871 0.263585 0.000761477 0.115929 0.000621311 
5 0.25 29250000 7.00415 0.0108077 -0.632982 0.00543131 3.16591 0.0184658 33.0607 0.369079 -0.000782708 0.00152159 -0.00154573 0.00107181 0.263585 0.000761477 0.115929 0.000621311 
5 0.25 29500000 7.00415 0.0107362 -0.632982 0.00543131 3.16591 0.0184658 33.0607 0.369079 -0.000782708 0.00152159 -0.00154573 0.00107349 0.263585 0.000761477 0.115929 0.000621311 
5 0.25 29750000 7.00415 0.0106494 -0.632982 0.00543131 3.16591 0.0184658 33.0607 0.369079 -0.000782708 0.00152159 -0.00154573 0.00106869 0.263585 0.000761477 0.115929 0.000621311 
5 0.25 30000000 7.00415 0.0105723 -0.632982 0.00543131 3.16591 0.0184658 33.0607 0.369079 -0.000782708 0.00152159 -0.00154573 0.00105995 0.263585 0.000761477 0.115929 0.000621311 
5 0.25 30250000 7.00415 0.010486 -0.632982 0.00543131 3.16591 0.0184658 33.0607 0.369079 -0.000782708 0.00152159 -0.00154573 0.00105303 0.263585 0.000761477 0.115929 0.000621311 
5 0.25 30500000 7.00415 0.0105769 -0.632982 0.00543131 3.16591 0.0184658 33.0607 0.369079 -0.000782708 0.00152159 -0.00154573 0.00104914 0.263585 0.000761477 0.115929 0.000621311 
5 0.25 30750000 7.00225 0.010507 -0.633222 0.00536716 3.17027 0.0184658 33.15 0.369079 -0.000541269 0.00143918 -0.00121345 0.00104225 0.263745 0.000761477 0.116079 0.000621311 
5 0.25 31000000 7.00225 0.0105483 -0.633222 0.00536716 3.17027 0.0184658 33.15 0.369079 -0.000541269 0.00143918 -0.00121345 0.00103794 0.263745 0.000761477 0.116079 0.000621311 
5 0.25 31250000 7.00225 0.0104758 -0.633222 0.00536716 3.17027 0.0184658 33.15 0.369079 -0.000541269 0.00143918 -0.00121345 0.00103134 0.263745 0.000761477 0.116079 0.000621311 
5 0.25 31500000 7.00225 0.0103973 -0.633222 0.00536716 3.17027 0.0184658 33.15 0.369079 -0.000541269 0.00143918 -0.00121345 0.00102477 0.263745 0.000761477 0.116079 0.000621311 
5 0.25 31750000 7.00225 0.0103144 -0.633222 0.00536716 3.17027 0.0184658 33.15 0.369079 -0.000541269 0.00143918 -0.00121345 0.00101933 0.263745 0.000761477 0.116079 0.000621311 
5 0.25 32000000 7.00225 0.0102539 -0.633222 0.00536716 3.17027 0.0184658 33.15 0.369079 -0.000541269 0.00143918 -0.00121345 0.00101641 0.263745 0.000761477 0.116079 0.000621311 
5 0.25 32250000 7.00225 0.0102199 -0.633222 0.00536716 3.17027 0.0184658 33.15 0.369079 -0.000541269 0.00143918 -0.00121345 0.00100385 0.263745 0.000761477 0.116079 0.000621311 
5 0.25 32500000 7.00225 0.0101528 -0.633222 0.00536716 3.17027 0.0184658 33.15 0.369079 -0.000541269 0.00143918 -0.00121345 0.00100542 0.263745 0.000761477 0.116079 0.000621311 
5 0.25 32750000 7.00225 0.0101129 -0.633222 0.00536716 3.17027 0.0184658 33.15 0.369079 -0.000541269 0.00143918 -0.00121345 0.00100162 0.263745 0.000761477 0.116079 0.000621311 
5 0.25 33000000 7.00365 0.0100814 -0.632721 0.00483128 3.16625 0.0161608 33.0754 0.323237 -0.000416571 0.00135462 -0.00136276 0.000994415 0.263652 0.000669286 0.115974 0.000545297 
5 0.25 33250000 7.00365 0.0100554 -0.632721 0.00479384 3.16625 0.0161608 33.0754 0.323237 -0.000416571 0.00135462 -0.00136276 0.000987355 0.263652 0.000669286 0.115974 0.000545297 
5 0.25 33500000 7.00365 0.0099889 -0.632721 0.00478213 3.16625 0.0161608 33.0754 0.323237 -0.000416571 0.00135462 -0.00136276 0.000982436 0.263652 0.000669286 0.115974 0.000545297 
5 0.25 33750000 7.00365 0.00993405 -0.632721 0.00478213 3.16625 0.0161608 33.0754 0.323237 -0.000416571 0.00135462 -0.00136276 0.000977383 0.263652 0.000669286 0.115974 0.000545297 
5 0.25 34000000 7.00365 0.00987294 -0.632721 0.00478213 3.16625 0.0161608 33.0754 0.323237 -0.000416571 0.00135462 -0.00136276 0.000972967 0.263652 0.000669286 0.115974 0.000545297 
5 0.25 34250000 7.00365 0.00989827 -0.632721 0.00478213 3.16625 0.0161608 33.0754 0.323237 -0.000416571 0.00135462 -0.00136276 0.000968726 0.263652 0.000669286 0.115974 0.000545297 
5 0.25 34500000 7.00365 0.00982929 -0.632721 0.00478213 3.16625 0.0161608 33.0754 0.323237 -0.000416571 0.00135462 -0.00136276 0.000973282 0.263652 0.000669286 0.115974 0.000545297 
5 0.25 34750000 7.00365 0.00975839 -0.632721 0.00478213 3.16625 0.0161608 33.0754 0.323237 -0.000416571 0.00135462 -0.00136276 0.00096679 0.263652 0.000669286 0.115974 0.000545297 
5 0.25 35000000 7.00704 0.00969965 -0.633247 0.0047026 3.16696 0.0161608 33.0843 0.323237 -0.000149088 0.00130108 -0.00121982 0.000962434 0.263697 0.000669286 0.116012 0.000545297 
5 0.25 35250000 7.00704 0.009636 -0.633247 0.0047026 3.16696 0.0161608 33.0843 0.323237 -0.000149088 0.00130108 -0.00121982 0.000959458 0.263697 0.000669286 0.116012 0.000545297 
5 0.25 35500000 7.00704 0.00958713 -0.633247 0.0047026 3.16696 0.0161608 33.0843 0.323237 -0.000149088 0.00130108 -0.00121982 0.000953498 0.263697 0.000669286 0.116012 0.000545297 
5 0.25 35750000 7.00704 0.00954895 -0.633247 0.0047026 3.16696 0.0161608 33.0843 0.323237 -0.000149088 0.00130108 -0.00121982 0.000949783 0.263697 0.000669286 0.116012 0.000545297 
5 0.25 36000000 7.00704 0.00949996 -0.633247 0.0047026 3.16696 0.0161608 33.0843 0.323237 -0.000149088 0.00130108 -0.00121982 0.000946333 0.263697 0.000669286 0.116012 0.000545297 
5 0.25 36250000 7.00704 0.00948735 -0.633247 0.0047026 3.16696 0.0161608 33.0843 0.323237 -0.000149088 0.00130108 -0.00121982 0.000941623 0.263697 0.000669286 0.116012 0.000545297 
5 0.25 36500000 7.00704 0.00947621 -0.633247 0.0047026 3.16696 0.0161608 33.0843 0.323237 -0.000149088 0.00130108 -0.00121982 0.000937228 0.263697 0.000669286 0.116012 0.000545297 
5 0.25 36750000 7.00704 0.00941613 -0.633247 0.0047026 3.16696 0.0161608 33.0843 0.323237 -0.000149088 0.00130108 -0.00121982 0.000936425 0.263697 0.000669286 0.116012 0.000545297 
5 0.25 37000000 7.0073 0.00944313 -0.634673 0.00456732 3.16764 0.0144243 33.0768 0.287325 -0.000257025 0.00123327 -0.00126426 0.000931636 0.263875 0.000630827 0.116104 0.000499916 
5 0.25 37250000 7.0073 0.00939824 -0.634673 0.00456732 3.16764 0.0144243 33.0768 0.287325 -0.000257025 0.00123327 -0.00126426 0.000926932 0.263875 0.000630827 0.116104 0.000499916 
5 0.25 37500000 7.0073 0.0094295 -0.634673 0.00456732 3.16764 0.0144243 33.0768 0.287325 -0.000257025 0.00123327 -0.00126426 0.000922837 0.263875 0.000630827 0.116104 0.000499916 
5 0.25 37750000 7.0073 0.00941441 -0.634673 0.00456732 3.16764 0.0144243 33.0768 0.287325 -0.000257025 0.00123327 -0.00126426 0.000918862 0.263875 0.000630827 0.116104 0.000499916 
5 0.25 38000000 7.0073 0.00939456 -0.634673 0.00456732 3.16764 0.0144243 33.0768 0.287325 -0.000257025 0.00123327 -0.00126426 0.000912947 0.263875 0.000630827 0.116104 0.000499916 
5 0.25 38250000 7.0073 0.00933887 -0.634673 0.00456732 3.16764 0.0144243 33.0768 0.287325 -0.000257025 0.00123327 -0.00126426 0.000907225 0.263875 0.000630827 0.116104 0.000499916 
5 0.25 38500000 7.0073 0.00929513 -0.634673 0.00456732 3.16764 0.0144243 33.0768 0.287325 -0.000257025 0.00123327 -0.00126426 0.000905306 0.263875 0.000630827 0.116104 0.000499916 
5 0.25 38750000 7.0073 0.00924751 -0.634673 0.00456732 3.16764 0.0144243 33.0768 0.287325 -0.000257025 0.00123327 -0.00126426 0.000900678 0.263875 0.000630827 0.116104 0.000499916 
5 0.25 39000000 7.01181 0.00920103 -0.6359 0.00456732 3.1653 0.0144243 32.9914 0.287325 -0.000286924 0.00116872 -0.00113957 0.000900187 0.264016 0.000630827 0.116156 0.000499916 
5 0.25 39250000 7.01181 0.00917051 -0.6359 0.00456732 3.1653 0.0144243 32.9914 0.287325 -0.000286924 0.00116872 -0.00113957 0.000896068 0.264016 0.000630827 0.116156 0.000499916 
5 0.25 39500000 7.01181 0.00911572 -0.6359 0.00456732 3.1653 0.0144243 32.9914 0.287325 -0.000286924 0.00116872 -0.00113957 0.000890511 0.264016 0.000630827 0.116156 0.000499916 
5 0.25 39750000 7.01181 0.00906311 -0.6359 0.00456732 3.1653 0.0144243 32.9914 0.287325 -0.000286924 0.00116872 -0.00113957 0.000885954 0.264016 0.000630827 0.116156 0.000499916 
5 0.25 40000000 7.01181 0.00904182 -0.6359 0.00456732 3.1653 0.0144243 32.9914 0.287325 -0.000286924 0.00116872 -0.00113957 0.000882952 0.264016 0.000630827 0.116156 0.000499916 
5 0.25 40250000 7.01181 0.00904182 -0.6359 0.00456732 3.1653 0.0144243 32.9914 0.287325 -0.000286924 0.00116872 -0.00113957 0.000878446 0.264016 0.000630827 0.116156 0.000499916 
5 0.25 40500000 7.01181 0.00904182 -0.6359 0.00456732 3.1653 0.0144243 32.9914 0.287325 -0.000286924 0.00116872 -0.00113957 0.000873764 0.264016 0.000630827 0.116156 0.000499916 
5 0.25 40750000 7.01181 0.00904182 -0.6359 0.00456732 3.1653 0.0144243 32.9914 0.287325 -0.000286924 0.00116872 -0.00113957 0.000871363 0.264016 0.000630827 0.116156 0.000499916 
5 0.25 41000000 7.01332 0.00889576 -0.635942 0.00428335 3.16469 0.013823 33.0027 0.323124 -0.000391816 0.00111498 -0.00103785 0.000872329 0.264084 0.000601341 0.116188 0.000456932 
5 0.25 41250000 7.01332 0.00889576 -0.635942 0.00428335 3.16469 0.013823 33.0027 0.323124 -0.000391816 0.00111498 -0.00103785 0.000872334 0.264084 0.000601341 0.116188 0.000456932 
5 0.25 41500000 7.01332 0.00889576 -0.635942 0.00428335 3.16469 0.013823 33.0027 0.323124 -0.000391816 0.00111498 -0.00103785 0.000876008 0.264084 0.000601341 0.116188 0.000456932 
5 0.25 41750000 7.01332 0.00889576 -0.635942 0.00428335 3.16469 0.013823 33.0027 0.323124 -0.000391816 0.00111498 -0.00103785 0.00087465 0.264084 0.000601341 0.116188 0.000456932 
5 0.25 42000000 7.01332 0.00889576 -0.635942 0.00428335 3.16469 0.013823 33.0027 0.323124 -0.000391816 0.00111498 -0.00103785 0.000869811 0.264084 0.000601341 0.116188 0.000456932 
5 0.25 42250000 7.01332 0.00889576 -0.635942 0.00428335 3.16469 0.013823 33.0027 0.323124 -0.000391816 0.00111498 -0.00103785 0.000866937 0.264084 0.000601341 0.116188 0.000456932 
5 0.25 42500000 7.01332 0.00889576 -0.635942 0.00428335 3.16469 0.013823 33.0027 0.323124 -0.000391816 0.00111498 -0.00103785 0.000862995 0.264084 0.000601341 0.116188 0.000456932 
5 0.25 42750000 7.01332 0.00889576 -0.635942 0.00428335 3.16469 0.013823 33.0027 0.323124 -0.000391816 0.00111498 -0.00103785 0.000858823 0.264084 0.000601341 0.116188 0.000456932 
5 0.25 43000000 7.01332 0.00889576 -0.635942 0.00428335 3.16469 0.013823 33.0027 0.323124 -0.000391816 0.00111498 -0.00103785 0.000854951 0.264084 0.000601341 0.116188 0.000456932 
5 0.25 43250000 7.01332 0.00889576 -0.635942 0.00428335 3.16469 0.013823 33.0027 0.323124 -0.000391816 0.00106968 -0.00103785 0.000853356 0.264084 0.000601341 0.116188 0.000456932 
5 0.25 43500000 7.01332 0.00889576 -0.635942 0.00428335 3.16469 0.013823 33.0027 0.323124 -0.000391816 0.00106968 -0.00103785 0.000851591 0.264084 0.000601341 0.116188 0.000456932 
5 0.25 43750000 7.01332 0.00889576 -0.635942 0.00428335 3.16469 0.013823 33.0027 0.323124 -0.000391816 0.00106968 -0.00103785 0.000849345 0.264084 0.000601341 0.116188 0.000456932 
5 0.25 44000000 7.01332 0.00889576 -0.635942 0.00428335 3.16469 0.013823 33.0027 0.323124 -0.000391816 0.00106968 -0.00103785 0.000845789 0.264084 0.000601341 0.116188 0.000456932 
5 0.25 44250000 7.01332 0.00889576 -0.635942 0.00428335 3.16469 0.013823 33.0027 0.323124 -0.000391816 0.00106968 -0.00103785 0.000846853 0.264084 0.000601341 0.116188 0.000456932 
5 0.25 44500000 7.01332 0.00889576 -0.635942 0.00428335 3.16469 0.013823 33.0027 0.323124 -0.000391816 0.00106968 -0.00103785 0.000846022 0.264084 0.000601341 0.116188 0.000456932 
5 0.25 44750000 7.01332 0.00889576 -0.635942 0.00428335 3.16469 0.013823 33.0027 0.323124 -0.000391816 0.00106968 -0.00103785 0.000845852 0.264084 0.000601341 0.116188 0.000456932 
5 0.25 45000000 7.01332 0.00889576 -0.635942 0.00428335 3.16469 0.013823 33.0027 0.323124 -0.000391816 0.00106968 -0.00103785 0.000842483 0.264084 0.000601341 0.116188 0.000456932 
5 0.25 45250000 7.01673 0.00889576 -0.634781 0.00404827 3.16089 0.013823 32.9089 0.323124 -0.000325529 0.00103929 -0.000764331 0.000840171 0.263874 0.000582054 0.116084 0.000426945 
5 0.25 45500000 7.01673 0.00889576 -0.634781 0.00404827 3.16089 0.013823 32.9089 0.323124 -0.000325529 0.00103929 -0.000764331 0.00083598 0.263874 0.000582054 0.116084 0.000426945 
5 0.25 45750000 7.01673 0.00889576 -0.634781 0.00404827 3.16089 0.013823 32.9089 0.323124 -0.000325529 0.00103929 -0.000764331 0.000832495 0.263874 0.000582054 0.116084 0.000426945 
5 0.25 46000000 7.01673 0.00889576 -0.634781 0.00404827 3.16089 0.013823 32.9089 0.323124 -0.000325529 0.00103929 -0.000764331 0.000830064 0.263874 0.000582054 0.116084 0.000426945 
5 0.25 46250000 7.01673 0.00889576 -0.634781 0.00404827 3.16089 0.013823 32.9089 0.323124 -0.000325529 0.00103929 -0.000764331 0.000826717 0.263874 0.000582054 0.116084 0.000426945 
5 0.25 46500000 7.01673 0.00889576 -0.634781 0.00404827 3.16089 0.013823 32.9089 0.323124 -0.000325529 0.00103929 -0.000764331 0.000823574 0.263874 0.000582054 0.116084 0.000426945 
5 0.25 46750000 7.01673 0.00889576 -0.634781 0.00404827 3.16089 0.013823 32.9089 0.323124 -0.000325529 0.00103929 -0.000764331 0.000819155 0.263874 0.000582054 0.116084 0.000426945 
5 0.25 47000000 7.01673 0.00889576 -0.634781 0.00404827 3.16089 0.013823 32.9089 0.323124 -0.000325529 0.00103929 -0.000764331 0.000816987 0.263874 0.000582054 0.116084 0.000426945 
5 0.25 47250000 7.01673 0.00889576 -0.634781 0.00404827 3.16089 0.013823 32.9089 0.323124 -0.000325529 0.000994187 -0.000764331 0.000814551 0.263874 0.000582054 0.116084 0.000426945 
5 0.25 47500000 7.01673 0.00889576 -0.634781 0.00404827 3.16089 0.013823 32.9089 0.323124 -0.000325529 0.000994187 -0.000764331 0.000817933 0.263874 0.000582054 0.116084 0.000426945 
5 0.25 47750000 7.01673 0.00889576 -0.634781 0.00404827 3.16089 0.013823 32.9089 0.323124 -0.000325529 0.000994187 -0.000764331 0.000813793 0.263874 0.000582054 0.116084 0.000426945 
5 0.25 48000000 7.01673 0.00889576 -0.634781 0.00404827 3.16089 0.013823 32.9089 0.323124 -0.000325529 0.000994187 -0.000764331 0.000810141 0.263874 0.000582054 0.116084 0.000426945 
5 0.25 48250000 7.01673 0.00889576 -0.634781 0.00404827 3.16089 0.013823 32.9089 0.323124 -0.000325529 0.000994187 -0.000764331 0.00081053 0.263874 0.000582054 0.116084 0.000426945 
5 0.25 48500000 7.01673 0.00889576 -0.634781 0.00404827 3.16089 0.013823 32.9089 0.323124 -0.000325529 0.000994187 -0.000764331 0.000812465 0.263874 0.000582054 0.116084 0.000426945 
5 0.25 48750000 7.01673 0.00889576 -0.634781 0.00404827 3.16089 0.013823 32.9089 0.323124 -0.000325529 0.000994187 -0.000764331 0.000813026 0.263874 0.000582054 0.116084 0.000426945 
5 0.25 49000000 7.01673 0.00889576 -0.634781 0.00404827 3.16089 0.013823 32.9089 0.323124 -0.000325529 0.000994187 -0.000764331 0.000809869 0.263874 0.000582054 0.116084 0.000426945 
5 0.25 49250000 7.01557 0.00806352 -0.632107 0.0048363 3.15311 0.0156358 32.7995 0.326964 -0.00011717 0.000971701 -0.000967746 0.00081121 0.26358 0.000652454 0.115842 0.000465594 
5 0.25 49500000 7.01557 0.00806352 -0.632107 0.0048363 3.15311 0.0156358 32.7995 0.326964 -0.00011717 0.000971701 -0.000967746 0.000807617 0.26358 0.000652454 0.115842 0.000465594 
5 0.25 49750000 7.01557 0.00806352 -0.632107 0.0048363 3.15311 0.0156358 32.7995 0.326964 -0.00011717 0.000971701 -0.000967746 0.00080664 0.26358 0.000652454 0.115842 0.000465594 
5 0.25 50000000 7.01557 0.00806352 -0.632107 0.0048363 3.15311 0.0156358 32.7995 0.326964 -0.00011717 0.000971701 -0.000967746 0.000808027 0.26358 0.000652454 0.115842 0.000465594 
5 0.25 50250000 7.01557 0.00806477 -0.632107 0.0048363 3.15311 0.0156358 32.7995 0.326964 -0.00011717 0.000971701 -0.000967746 0.000805029 0.26358 0.000652454 0.115842 0.000465594 
5 0.25 50500000 7.01557 0.00806352 -0.632107 0.0048363 3.15311 0.0156358 32.7995 0.326964 -0.00011717 0.000971701 -0.000967746 0.00080105 0.26358 0.000652454 0.115842 0.000465594 
5 0.25 50750000 7.01557 0.00806352 -0.632107 0.0048363 3.15311 0.0156358 32.7995 0.326964 -0.00011717 0.000971701 -0.000967746 0.000799581 0.26358 0.000652454 0.115842 0.000465594 
5 0.25 51000000 7.01557 0.00806352 -0.632107 0.0048363 3.15311 0.0156358 32.7995 0.326964 -0.00011717 0.000971701 -0.000967746 0.000796544 0.26358 0.000652454 0.115842 0.000465594 
5 0.25 51250000 7.01557 0.00810439 -0.632107 0.0048363 3.15311 0.0156358 32.7995 0.326964 -0.00011717 0.000933457 -0.000967746 0.000792665 0.26358 0.000652454 0.115842 0.000465594 
5 0.25 51500000 7.01557 0.00810439 -0.632107 0.0048363 3.15311 0.0156358 32.7995 0.326964 -0.00011717 0.000933457 -0.000967746 0.00078887 0.26358 0.000652454 0.115842 0.000465594 
5 0.25 51750000 7.01557 0.00810439 -0.632107 0.0048363 3.15311 0.0156358 32.7995 0.326964 -0.00011717 0.000933457 -0.000967746 0.000785133 0.26358 0.000652454 0.115842 0.000465594 
5 0.25 52000000 7.01557 0.00810439 -0.632107 0.0048363 3.15311 0.0156358 32.7995 0.326964 -0.00011717 0.000933457 -0.000967746 0.00078231 0.26358 0.000652454 0.115842 0.000465594 
5 0.25 52250000 7.01557 0.00810439 -0.632107 0.0048363 3.15311 0.0156358 32.7995 0.326964 -0.00011717 0.000933457 -0.000967746 0.000778536 0.26358 0.000652454 0.115842 0.000465594 
5 0.25 52500000 7.01557 0.00810439 -0.632107 0.0048363 3.15311 0.0156358 32.7995 0.326964 -0.00011717 0.000933457 -0.000967746 0.000777986 0.26358 0.000652454 0.115842 0.000465594 
5 0.25 52750000 7.01557 0.00810439 -0.632107 0.0048363 3.15311 0.0156358 32.7995 0.326964 -0.00011717 0.000933457 -0.000967746 0.00078033 0.26358 0.000652454 0.115842 0.000465594 
5 0.25 53000000 7.01557 0.00810439 -0.632107 0.0048363 3.15311 0.0156358 32.7995 0.326964 -0.00011717 0.000933457 -0.000967746 0.000782765 0.26358 0.000652454 0.115842 0.000465594 
5 0.25 53250000 7.01557 0.00810439 -0.632107 0.0048363 3.15311 0.0156358 32.7995 0.326964 -0.00011717 0.000933457 -0.000967746 0.000781291 0.26358 0.000652454 0.115842 0.000465594 
5 0.25 53500000 7.0128 0.00779925 -0.632567 0.0048363 3.15487 0.0156358 32.8229 0.326964 -0.000204986 0.000899058 -0.000944095 0.00077794 0.26362 0.000652454 0.11586 0.000465594 
5 0.25 53750000 7.0128 0.00779925 -0.632567 0.0048363 3.15487 0.0156358 32.8229 0.326964 -0.000204986 0.000899058 -0.000944095 0.000774826 0.26362 0.000652454 0.11586 0.000465594 
5 0.25 54000000 7.0128 0.00779925 -0.632567 0.0048363 3.15487 0.0156358 32.8229 0.326964 -0.000204986 0.000899058 -0.000944095 0.000772918 0.26362 0.000652454 0.11586 0.000465594 
5 0.25 54250000 7.0128 0.00779925 -0.632567 0.0048363 3.15487 0.0156358 32.8229 0.326964 -0.000204986 0.000899058 -0.000944095 0.000771047 0.26362 0.000652454 0.11586 0.000465594 
5 0.25 54500000 7.0128 0.00779925 -0.632567 0.0048363 3.15487 0.0156358 32.8229 0.326964 -0.000204986 0.000899058 -0.000944095 0.000767904 0.26362 0.000652454 0.11586 0.000465594 
5 0.25 54750000 7.0128 0.00779925 -0.632567 0.0048363 3.15487 0.0156358 32.8229 0.326964 -0.000204986 0.000899058 -0.000944095 0.000764412 0.26362 0.000652454 0.11586 0.000465594 
5 0.25 55000000 7.0128 0.00779925 -0.632567 0.0048363 3.15487 0.0156358 32.8229 0.326964 -0.000204986 0.000899058 -0.000944095 0.000769967 0.26362 0.000652454 0.11586 0.000465594 
5 0.25 55250000 7.0128 0.00779925 -0.632567 0.0048363 3.15487 0.0156358 32.8229 0.326964 -0.000204986 0.000899058 -0.000944095 0.000768354 0.26362 0.000652454 0.11586 0.000465594 
5 0.25 55500000 7.0128 0.00773103 -0.632567 0.0048363 3.15487 0.0156358 32.8229 0.326964 -0.000204986 0.000868625 -0.000944095 0.000765603 0.26362 0.000652454 0.11586 0.000465594 
5 0.25 55750000 7.0128 0.00773103 -0.632567 0.0048363 3.15487 0.0156358 32.8229 0.326964 -0.000204986 0.000868625 -0.000944095 0.000765605 0.26362 0.000652454 0.11586 0.000465594 
5 0.25 56000000 7.0128 0.00773103 -0.632567 0.0048363 3.15487 0.0156358 32.8229 0.326964 -0.000204986 0.000868625 -0.000944095 0.000762913 0.26362 0.000652454 0.11586 0.000465594 
5 0.25 56250000 7.0128 0.00773103 -0.632567 0.0048363 3.15487 0.0156358 32.8229 0.326964 -0.000204986 0.000868625 -0.000944095 0.000760161 0.26362 0.000652454 0.11586 0.000465594 
5 0.25 56500000 7.0128 0.00773103 -0.632567 0.0048363 3.15487 0.0156358 32.8229 0.326964 -0.000204986 0.000868625 -0.000944095 0.000757759 0.26362 0.000652454 0.11586 0.000465594 
5 0.25 56750000 7.0128 0.00773103 -0.632567 0.0048363 3.15487 0.0156358 32.8229 0.326964 -0.000204986 0.000868625 -0.000944095 0.000761027 0.26362 0.000652454 0.11586 0.000465594 
5 0.25 57000000 7.0128 0.00773103 -0.632567 0.0048363 3.15487 0.0156358 32.8229 0.326964 -0.000204986 0.000868625 -0.000944095 0.000758153 0.26362 0.000652454 0.11586 0.000465594 
5 0.25 57250000 7.0128 0.00773103 -0.632567 0.0048363 3.15487 0.0156358 32.8229 0.326964 -0.000204986 0.000868625 -0.000944095 0.0007567 0.26362 0.000652454 0.11586 0.000465594 
5 0.25 57500000 7.01206 0.00743354 -0.633871 0.00445537 3.1583 0.014236 32.9038 0.296396 -0.000269326 0.000837636 -0.000940073 0.000754744 0.263817 0.000600476 0.116004 0.000426132 
5 0.25 57750000 7.01206 0.00741776 -0.633871 0.00445537 3.1583 0.014236 32.9038 0.296396 -0.000269326 0.000837636 -0.000940073 0.000756248 0.263817 0.000600476 0.116004 0.000426132 
5 0.25 58000000 7.01206 0.00738551 -0.633871 0.00445537 3.1583 0.014236 32.9038 0.296396 -0.000269326 0.000837636 -0.000940073 0.000753108 0.263817 0.000600476 0.116004 0.000426132 
5 0.25 58250000 7.01206 0.00737797 -0.633871 0.00445537 3.1583 0.014236 32.9038 0.296396 -0.000269326 0.000837636 -0.000940073 0.000750176 0.263817 0.000600476 0.116004 0.000426132 
5 0.25 58500000 7.01206 0.00735906 -0.633871 0.00445537 3.1583 0.014236 32.9038 0.296396 -0.000269326 0.000837636 -0.000940073 0.000749091 0.263817 0.000600476 0.116004 0.000426132 
5 0.25 58750000 7.01206 0.00735416 -0.633871 0.00445537 3.1583 0.014236 32.9038 0.296396 -0.000269326 0.000837636 -0.000940073 0.000747551 0.263817 0.000600476 0.116004 0.000426132 
5 0.25 59000000 7.01206 0.00735416 -0.633871 0.00445537 3.1583 0.014236 32.9038 0.296396 -0.000269326 0.000837636 -0.000940073 0.000744591 0.263817 0.000600476 0.116004 0.000426132 
5 0.25 59250000 7.01206 0.00735416 -0.633871 0.00445537 3.1583 0.014236 32.9038 0.296396 -0.000269326 0.000837636 -0.000940073 0.000743618 0.263817 0.000600476 0.116004 0.000426132 
5 0.25 59500000 7.01206 0.00736008 -0.633871 0.00445537 3.1583 0.014236 32.9038 0.296396 -0.000269326 0.000810284 -0.000940073 0.000742144 0.263817 0.000600476 0.116004 0.000426132 
5 0.25 59750000 7.01206 0.00736008 -0.633871 0.00445537 3.1583 0.014236 32.9038 0.296396 -0.000269326 0.000810284 -0.000940073 0.00073997 0.263817 0.000600476 0.116004 0.000426132 
5 0.25 60000000 7.01206 0.00736008 -0.633871 0.00445537 3.1583 0.014236 32.9038 0.296396 -0.000269326 0.000810284 -0.000940073 0.000738676 0.263817 0.000600476 0.116004 0.000426132 
5 0.25 60250000 7.01206 0.00736008 -0.633871 0.00445537 3.1583 0.014236 32.9038 0.296396 -0.000269326 0.000810284 -0.000940073 0.000736924 0.263817 0.000600476 0.116004 0.000426132 
5 0.25 60500000 7.01206 0.00736008 -0.633871 0.00445537 3.1583 0.014236 32.9038 0.296396 -0.000269326 0.000810284 -0.000940073 0.000734156 0.263817 0.000600476 0.116004 0.000426132 
5 0.25 60750000 7.01206 0.00736008 -0.633871 0.00445537 3.1583 0.014236 32.9038 0.296396 -0.000269326 0.000810284 -0.000940073 0.000734162 0.263817 0.000600476 0.116004 0.000426132 
5 0.25 61000000 7.01206 0.00736008 -0.633871 0.00445537 3.1583 0.014236 32.9038 0.296396 -0.000269326 0.000810284 -0.000940073 0.000731988 0.263817 0.000600476 0.116004 0.000426132 
5 0.25 61250000 7.01206 0.00736008 -0.633871 0.00445537 3.1583 0.014236 32.9038 0.296396 -0.000269326 0.000810284 -0.000940073 0.000729367 0.263817 0.000600476 0.116004 0.000426132 
5 0.25 61500000 7.00849 0.00756549 -0.636231 0.00445537 3.16551 0.014236 33.0593 0.296396 -0.0004249 0.000809104 -0.000740302 0.000727695 0.264156 0.000610417 0.116283 0.000471257 
5 0.25 61750000 7.00849 0.00756549 -0.636231 0.00445537 3.16551 0.014236 33.0593 0.296396 -0.0004249 0.000809104 -0.000740302 0.000726195 0.264156 0.000610417 0.116283 0.000471257 
5 0.25 62000000 7.00849 0.00756549 -0.636231 0.00445537 3.16551 0.014236 33.0593 0.296396 -0.0004249 0.000809104 -0.000740302 0.000723917 0.264156 0.000610417 0.116283 0.000471257 
5 0.25 62250000 7.00849 0.00756549 -0.636231 0.00445537 3.16551 0.014236 33.0593 0.296396 -0.0004249 0.000809104 -0.000740302 0.000722979 0.264156 0.000610417 0.116283 0.000471257 
5 0.25 62500000 7.00849 0.00756549 -0.636231 0.00445537 3.16551 0.014236 33.0593 0.296396 -0.0004249 0.000809104 -0.000740302 0.00072009 0.264156 0.000610417 0.116283 0.000471257 
5 0.25 62750000 7.00849 0.00756549 -0.636231 0.00445537 3.16551 0.014236 33.0593 0.296396 -0.0004249 0.000809104 -0.000740302 0.000718497 0.264156 0.000610417 0.116283 0.000471257 
5 0.25 63000000 7.00849 0.00756549 -0.636231 0.00445537 3.16551 0.014236 33.0593 0.296396 -0.0004249 0.000809104 -0.000740302 0.000717306 0.264156 0.000610417 0.116283 0.000471257 
5 0.25 63250000 7.00849 0.00756549 -0.636231 0.00445537 3.16551 0.014236 33.0593 0.296396 -0.0004249 0.000809104 -0.000740302 0.000716489 0.264156 0.000610417 0.116283 0.000471257 
5 0.25 63500000 7.00849 0.00756549 -0.636231 0.00445537 3.16551 0.014236 33.0593 0.296396 -0.0004249 0.000809104 -0.000740302 0.000717613 0.264156 0.000610417 0.116283 0.000471257 
5 0.25 63750000 7.00849 0.00756549 -0.636231 0.00445537 3.16551 0.014236 33.0593 0.296396 -0.0004249 0.000801941 -0.000740302 0.000714871 0.264156 0.000610417 0.116283 0.000471257 
5 0.25 64000000 7.00849 0.00756549 -0.636231 0.00445537 3.16551 0.014236 33.0593 0.296396 -0.0004249 0.000801941 -0.000740302 0.000714541 0.264156 0.000610417 0.116283 0.000471257 
5 0.25 64250000 7.00849 0.00756549 -0.636231 0.00445537 3.16551 0.014236 33.0593 0.296396 -0.0004249 0.000801941 -0.000740302 0.00071181 0.264156 0.000610417 0.116283 0.000471257 
5 0.25 64500000 7.00849 0.00756549 -0.636231 0.00445537 3.16551 0.014236 33.0593 0.296396 -0.0004249 0.000801941 -0.000740302 0.000710386 0.264156 0.000610417 0.116283 0.000471257 
5 0.25 64750000 7.00849 0.00756549 -0.636231 0.00445537 3.16551 0.014236 33.0593 0.296396 -0.0004249 0.000801941 -0.000740302 0.000710311 0.264156 0.000610417 0.116283 0.000471257 
5 0.25 65000000 7.00849 0.00756549 -0.636231 0.00445537 3.16551 0.014236 33.0593 0.296396 -0.0004249 0.000801941 -0.000740302 0.000707953 0.264156 0.000610417 0.116283 0.000471257 
5 0.25 65250000 7.00849 0.00756549 -0.636231 0.00445537 3.16551 0.014236 33.0593 0.296396 -0.0004249 0.000801941 -0.000740302 0.000706304 0.264156 0.000610417 0.116283 0.000471257 
5 0.25 65500000 7.00849 0.00756549 -0.636231 0.00445537 3.16551 0.014236 33.0593 0.296396 -0.0004249 0.000801941 -0.000740302 0.000703943 0.264156 0.000610417 0.116283 0.000471257 
5 0.25 65750000 7.00854 0.00722902 -0.635514 0.00422184 3.16603 0.0144028 33.0262 0.283524 -0.000759039 0.000792298 -0.000236095 0.000702326 0.264195 0.000633439 0.116335 0.000484969 
5 0.25 66000000 7.00854 0.00722902 -0.635514 0.00422184 3.16603 0.0144028 33.0262 0.283524 -0.000759039 0.000792298 -0.000236095 0.000701574 0.264195 0.000633439 0.116335 0.000484969 
5 0.25 66250000 7.00854 0.00722902 -0.635514 0.00422184 3.16603 0.0144028 33.0262 0.283524 -0.000759039 0.000792298 -0.000236095 0.000700118 0.264195 0.000633439 0.116335 0.000484969 
5 0.25 66500000 7.00854 0.00722902 -0.635514 0.00422184 3.16603 0.0144028 33.0262 0.283524 -0.000759039 0.000792298 -0.000236095 0.000699203 0.264195 0.000633439 0.116335 0.000484969 
5 0.25 66750000 7.00854 0.00722902 -0.635514 0.00422184 3.16603 0.0144028 33.0262 0.283524 -0.000759039 0.000792298 -0.000236095 0.000699313 0.264195 0.000633439 0.116335 0.000484969 
5 0.25 67000000 7.00854 0.00722902 -0.635514 0.00422184 3.16603 0.0144028 33.0262 0.283524 -0.000759039 0.000792298 -0.000236095 0.000697276 0.264195 0.000633439 0.116335 0.000484969 
5 0.25 67250000 7.00854 0.00722902 -0.635514 0.00422184 3.16603 0.0144028 33.0262 0.283524 -0.000759039 0.000792298 -0.000236095 0.000697414 0.264195 0.000633439 0.116335 0.000484969 
5 0.25 67500000 7.00854 0.00722902 -0.635514 0.00422184 3.16603 0.0144028 33.0262 0.283524 -0.000759039 0.000792298 -0.000236095 0.000695325 0.264195 0.000633439 0.116335 0.000484969 
5 0.25 67750000 7.00854 0.00722902 -0.635514 0.00422184 3.16603 0.0144028 33.0262 0.283524 -0.000759039 0.000787653 -0.000236095 0.000695325 0.264195 0.000633439 0.116335 0.000484969 
5 0.25 68000000 7.00854 0.00722902 -0.635514 0.00422184 3.16603 0.0144028 33.0262 0.283524 -0.000759039 0.000787653 -0.000236095 0.000695325 0.264195 0.000633439 0.116335 0.000484969 
5 0.25 68250000 7.00854 0.00722902 -0.635514 0.00422184 3.16603 0.0144028 33.0262 0.283524 -0.000759039 0.000787653 -0.000236095 0.000695325 0.264195 0.000633439 0.116335 0.000484969 
5 0.25 68500000 7.00854 0.00722902 -0.635514 0.00422184 3.16603 0.0144028 33.0262 0.283524 -0.000759039 0.000787653 -0.000236095 0.000695325 0.264195 0.000633439 0.116335 0.000484969 
5 0.25 68750000 7.00854 0.00722902 -0.635514 0.00422184 3.16603 0.0144028 33.0262 0.283524 -0.000759039 0.000776012 -0.000236095 0.000695325 0.264195 0.000633439 0.116335 0.000484969 
5 0.25 69000000 7.00854 0.00722902 -0.635514 0.00422184 3.16603 0.0144028 33.0262 0.283524 -0.000759039 0.000776012 -0.000236095 0.000695325 0.264195 0.000633439 0.116335 0.000484969 
5 0.25 69250000 7.00854 0.00722902 -0.635514 0.00422184 3.16603 0.0144028 33.0262 0.283524 -0.000759039 0.000776012 -0.000236095 0.000695325 0.264195 0.000633439 0.116335 0.000484969 
5 0.25 69500000 7.00854 0.00722902 -0.635514 0.00422184 3.16603 0.0144028 33.0262 0.283524 -0.000759039 0.000776012 -0.000236095 0.000695325 0.264195 0.000633439 0.116335 0.000484969 
5 0.25 69750000 7.00467 0.00765889 -0.63435 0.00419045 3.16631 0.0144028 33.0189 0.283524 -0.000748252 0.000766341 -0.000106433 0.000695325 0.264118 0.000633439 0.116323 0.000484969 
5 0.25 70000000 7.00467 0.00765889 -0.63435 0.00419045 3.16631 0.0144028 33.0189 0.283524 -0.000748252 0.000766341 -0.000106433 0.000695325 0.264118 0.000633439 0.116323 0.000484969 
5 0.25 70250000 7.00467 0.00765889 -0.63435 0.00419045 3.16631 0.0144028 33.0189 0.283524 -0.000748252 0.000766341 -0.000106433 0.000695325 0.264118 0.000633439 0.116323 0.000484969 
5 0.25 70500000 7.00467 0.00765889 -0.63435 0.00419045 3.16631 0.0144028 33.0189 0.283524 -0.000748252 0.000766341 -0.000106433 0.000695325 0.264118 0.000633439 0.116323 0.000484969 
5 0.25 70750000 7.00467 0.00765889 -0.63435 0.00419045 3.16631 0.0144028 33.0189 0.283524 -0.000748252 0.000760889 -0.000106433 0.000695325 0.264118 0.000633439 0.116323 0.000484969 
5 0.25 71000000 7.00467 0.00765889 -0.63435 0.00419045 3.16631 0.0144028 33.0189 0.283524 -0.000748252 0.000760889 -0.000106433 0.000695325 0.264118 0.000633439 0.116323 0.000484969 
5 0.25 71250000 7.00467 0.00765889 -0.63435 0.00419045 3.16631 0.0144028 33.0189 0.283524 -0.000748252 0.000760889 -0.000106433 0.000695325 0.264118 0.000633439 0.116323 0.000484969 
5 0.25 71500000 7.00467 0.00765889 -0.63435 0.00419045 3.16631 0.0144028 33.0189 0.283524 -0.000748252 0.000760889 -0.000106433 0.000695325 0.264118 0.000633439 0.116323 0.000484969 
5 0.25 71750000 7.00467 0.00765889 -0.63435 0.00419045 3.16631 0.0144028 33.0189 0.283524 -0.000748252 0.000751965 -0.000106433 0.000695325 0.264118 0.000633439 0.116323 0.000484969 
5 0.25 72000000 7.00467 0.00765889 -0.63435 0.00419045 3.16631 0.0144028 33.0189 0.283524 -0.000748252 0.000751965 -0.000106433 0.000695325 0.264118 0.000633439 0.116323 0.000484969 
5 0.25 72250000 7.00467 0.00765889 -0.63435 0.00419045 3.16631 0.0144028 33.0189 0.283524 -0.000748252 0.000751965 -0.000106433 0.000695325 0.264118 0.000633439 0.116323 0.000484969 
5 0.25 72500000 7.00467 0.00765889 -0.63435 0.00419045 3.16631 0.0144028 33.0189 0.283524 -0.000748252 0.000751965 -0.000106433 0.000695325 0.264118 0.000633439 0.116323 0.000484969 
5 0.25 72750000 7.00467 0.00765889 -0.63435 0.00419045 3.16631 0.0144028 33.0189 0.283524 -0.000748252 0.00074858 -0.000106433 0.000695325 0.264118 0.000633439 0.116323 0.000484969 
5 0.25 73000000 7.00467 0.00765889 -0.63435 0.00419045 3.16631 0.0144028 33.0189 0.283524 -0.000748252 0.00074858 -0.000106433 0.000695325 0.264118 0.000633439 0.116323 0.000484969 
5 0.25 73250000 7.00467 0.00765889 -0.63435 0.00419045 3.16631 0.0144028 33.0189 0.283524 -0.000748252 0.00074858 -0.000106433 0.000695325 0.264118 0.000633439 0.116323 0.000484969 
5 0.25 73500000 7.00467 0.00765889 -0.63435 0.00419045 3.16631 0.0144028 33.0189 0.283524 -0.000748252 0.00074858 -0.000106433 0.000695325 0.264118 0.000633439 0.116323 0.000484969 
5 0.25 73750000 7.00467 0.00765889 -0.63435 0.00419045 3.16631 0.0144028 33.0189 0.283524 -0.000748252 0.00074858 -0.000106433 0.000695325 0.264118 0.000633439 0.116323 0.000484969 
5 0.25 74000000 7.00174 0.00907785 -0.633476 0.00419129 3.16653 0.0128115 33.0479 0.252849 -0.000692567 0.000738284 -5.40198e-05 0.000670762 0.264114 0.000568193 0.116333 0.00043109 
5 0.25 74250000 7.00174 0.00907785 -0.633476 0.00419129 3.16653 0.0128115 33.0479 0.252849 -0.000692567 0.000738284 -5.40198e-05 0.000668713 0.264114 0.000568193 0.116333 0.00043109 
5 0.25 74500000 7.00174 0.00907785 -0.633476 0.00419129 3.16653 0.0128115 33.0479 0.252849 -0.000692567 0.000738284 -5.40198e-05 0.000666512 0.264114 0.000568193 0.116333 0.00043109 
5 0.25 74750000 7.00174 0.00907785 -0.633476 0.00419129 3.16653 0.0128115 33.0479 0.252849 -0.000692567 0.000738284 -5.40198e-05 0.000665687 0.264114 0.000568193 0.116333 0.00043109 
5 0.25 75000000 7.00174 0.00907785 -0.633476 0.00419129 3.16653 0.0128115 33.0479 0.252849 -0.000692567 0.00072855 -5.40198e-05 0.000663853 0.264114 0.000568193 0.116333 0.00043109 
5 0.25 75250000 7.00174 0.00907785 -0.633476 0.00419129 3.16653 0.0128115 33.0479 0.252849 -0.000692567 0.00072855 -5.40198e-05 0.000663173 0.264114 0.000568193 0.116333 0.00043109 
5 0.25 75500000 7.00174 0.00907785 -0.633476 0.00419129 3.16653 0.0128115 33.0479 0.252849 -0.000692567 0.00072855 -5.40198e-05 0.00066168 0.264114 0.000568193 0.116333 0.00043109 
5 0.25 75750000 7.00174 0.00907785 -0.633476 0.00419129 3.16653 0.0128115 33.0479 0.252849 -0.000692567 0.00072855 -5.40198e-05 0.000659839 0.264114 0.000568193 0.116333 0.00043109 
5 0.25 76000000 7.00174 0.00907785 -0.633476 0.00419129 3.16653 0.0128115 33.0479 0.252849 -0.000692567 0.000719136 -5.40198e-05 0.000658098 0.264114 0.000568193 0.116333 0.00043109 
5 0.25 76250000 7.00174 0.00907785 -0.633476 0.00419129 3.16653 0.0128115 33.0479 0.252849 -0.000692567 0.000719136 -5.40198e-05 0.000656676 0.264114 0.000568193 0.116333 0.00043109 
5 0.25 76500000 7.00174 0.00907785 -0.633476 0.00419129 3.16653 0.0128115 33.0479 0.252849 -0.000692567 0.000719136 -5.40198e-05 0.000654927 0.264114 0.000568193 0.116333 0.00043109 
5 0.25 76750000 7.00174 0.00907785 -0.633476 0.00419129 3.16653 0.0128115 33.0479 0.252849 -0.000692567 0.000719136 -5.40198e-05 0.000653681 0.264114 0.000568193 0.116333 0.00043109 
5 0.25 77000000 7.00174 0.00907785 -0.633476 0.00419129 3.16653 0.0128115 33.0479 0.252849 -0.000692567 0.000710237 -5.40198e-05 0.000651575 0.264114 0.000568193 0.116333 0.00043109 
5 0.25 77250000 7.00174 0.00907785 -0.633476 0.00419129 3.16653 0.0128115 33.0479 0.252849 -0.000692567 0.000710237 -5.40198e-05 0.000649433 0.264114 0.000568193 0.116333 0.00043109 
5 0.25 77500000 7.00174 0.00907785 -0.633476 0.00419129 3.16653 0.0128115 33.0479 0.252849 -0.000692567 0.000710237 -5.40198e-05 0.000650229 0.264114 0.000568193 0.116333 0.00043109 
5 0.25 77750000 7.00174 0.00907785 -0.633476 0.00419129 3.16653 0.0128115 33.0479 0.252849 -0.000692567 0.000710237 -5.40198e-05 0.00064937 0.264114 0.000568193 0.116333 0.00043109 
5 0.25 78000000 7.00149 0.00907785 -0.634241 0.00419129 3.16714 0.0128115 33.0512 0.252849 -0.000845958 0.000724115 4.31112e-05 0.000647739 0.264138 0.000568193 0.116348 0.00043109 
5 0.25 78250000 7.00149 0.00907785 -0.634241 0.00419129 3.16714 0.0128115 33.0512 0.252849 -0.000845958 0.000724115 4.31112e-05 0.000647006 0.264138 0.000568193 0.116348 0.00043109 
5 0.25 78500000 7.00149 0.00907785 -0.634241 0.00419129 3.16714 0.0128115 33.0512 0.252849 -0.000845958 0.000724115 4.31112e-05 0.000645256 0.264138 0.000568193 0.116348 0.00043109 
5 0.25 78750000 7.00149 0.00907785 -0.634241 0.00419129 3.16714 0.0128115 33.0512 0.252849 -0.000845958 0.000724115 4.31112e-05 0.000645512 0.264138 0.000568193 0.116348 0.00043109 
5 0.25 79000000 7.00149 0.00907785 -0.634241 0.00419129 3.16714 0.0128115 33.0512 0.252849 -0.000845958 0.000719735 4.31112e-05 0.000644509 0.264138 0.000568193 0.116348 0.00043109 
5 0.25 79250000 7.00149 0.00907785 -0.634241 0.00419129 3.16714 0.0128115 33.0512 0.252849 -0.000845958 0.000719735 4.31112e-05 0.000642442 0.264138 0.000568193 0.116348 0.00043109 
5 0.25 79500000 7.00149 0.00907785 -0.634241 0.00419129 3.16714 0.0128115 33.0512 0.252849 -0.000845958 0.000719735 4.31112e-05 0.000641462 0.264138 0.000568193 0.116348 0.00043109 
5 0.25 79750000 7.00149 0.00907785 -0.634241 0.00419129 3.16714 0.0128115 33.0512 0.252849 -0.000845958 0.000719735 4.31112e-05 0.000641462 0.264138 0.000568193 0.116348 0.00043109 
5 0.25 80000000 7.00149 0.00907785 -0.634241 0.00419129 3.16714 0.0128115 33.0512 0.252849 -0.000845958 0.000708051 4.31112e-05 0.000641462 0.264138 0.000568193 0.116348 0.00043109 
5 0.25 80250000 7.00149 0.00907785 -0.634241 0.00419129 3.16714 0.0128115 33.0512 0.252849 -0.000845958 0.000708051 4.31112e-05 0.000641462 0.264138 0.000568193 0.116348 0.00043109 
5 0.25 80500000 7.00149 0.00907785 -0.634241 0.00419129 3.16714 0.0128115 33.0512 0.252849 -0.000845958 0.000708051 4.31112e-05 0.000641462 0.264138 0.000568193 0.116348 0.00043109 
5 0.25 80750000 7.00149 0.00907785 -0.634241 0.00419129 3.16714 0.0128115 33.0512 0.252849 -0.000845958 0.000708051 4.31112e-05 0.000641462 0.264138 0.000568193 0.116348 0.00043109 
5 0.25 81000000 7.00149 0.00907785 -0.634241 0.00419129 3.16714 0.0128115 33.0512 0.252849 -0.000845958 0.000705132 4.31112e-05 0.000641462 0.264138 0.000568193 0.116348 0.00043109 
5 0.25 81250000 7.00149 0.00907785 -0.634241 0.00419129 3.16714 0.0128115 33.0512 0.252849 -0.000845958 0.000705132 4.31112e-05 0.000641462 0.264138 0.000568193 0.116348 0.00043109 
5 0.25 81500000 7.00149 0.00907785 -0.634241 0.00419129 3.16714 0.0128115 33.0512 0.252849 -0.000845958 0.000705132 4.31112e-05 0.000641462 0.264138 0.000568193 0.116348 0.00043109 
5 0.25 81750000 7.00149 0.00907785 -0.634241 0.00419129 3.16714 0.0128115 33.0512 0.252849 -0.000845958 0.000705132 4.31112e-05 0.000641462 0.264138 0.000568193 0.116348 0.00043109 
5 0.25 82000000 7.00278 0.00922854 -0.633276 0.00378134 3.16448 0.0125621 32.9914 0.246677 -0.000678736 0.000696449 0.000125711 0.000632978 0.264056 0.00051436 0.116256 0.000394686 
5 0.25 82250000 7.00278 0.00922854 -0.633276 0.00378134 3.16448 0.0125621 32.9914 0.246677 -0.000678736 0.000696449 0.000125711 0.000632978 0.264056 0.00051436 0.116256 0.000394686 
5 0.25 82500000 7.00278 0.00922854 -0.633276 0.00378134 3.16448 0.0125621 32.9914 0.246677 -0.000678736 0.000696449 0.000125711 0.000632978 0.264056 0.00051436 0.116256 0.000394686 
5 0.25 82750000 7.00278 0.00922854 -0.633276 0.00378134 3.16448 0.0125621 32.9914 0.246677 -0.000678736 0.000696449 0.000125711 0.000632978 0.264056 0.00051436 0.116256 0.000394686 
5 0.25 83000000 7.00278 0.00922854 -0.633276 0.00378134 3.16448 0.0125621 32.9914 0.246677 -0.000678736 0.000693565 0.000125711 0.000632978 0.264056 0.00051436 0.116256 0.000394686 
5 0.25 83250000 7.00278 0.00922854 -0.633276 0.00378134 3.16448 0.0125621 32.9914 0.246677 -0.000678736 0.000693565 0.000125711 0.000632978 0.264056 0.00051436 0.116256 0.000394686 
5 0.25 83500000 7.00278 0.00922854 -0.633276 0.00378134 3.16448 0.0125621 32.9914 0.246677 -0.000678736 0.000693565 0.000125711 0.000632978 0.264056 0.00051436 0.116256 0.000394686 
5 0.25 83750000 7.00278 0.00922854 -0.633276 0.00378134 3.16448 0.0125621 32.9914 0.246677 -0.000678736 0.000693565 0.000125711 0.000632978 0.264056 0.00051436 0.116256 0.000394686 
5 0.25 84000000 7.00278 0.00922854 -0.633276 0.00378134 3.16448 0.0125621 32.9914 0.246677 -0.000678736 0.000680496 0.000125711 0.000632978 0.264056 0.00051436 0.116256 0.000394686 
5 0.25 84250000 7.00278 0.00922854 -0.633276 0.00378134 3.16448 0.0125621 32.9914 0.246677 -0.000678736 0.000680496 0.000125711 0.000632978 0.264056 0.00051436 0.116256 0.000394686 
5 0.25 84500000 7.00278 0.00922854 -0.633276 0.00378134 3.16448 0.0125621 32.9914 0.246677 -0.000678736 0.000680496 0.000125711 0.000632978 0.264056 0.00051436 0.116256 0.000394686 
5 0.25 84750000 7.00278 0.00922854 -0.633276 0.00378134 3.16448 0.0125621 32.9914 0.246677 -0.000678736 0.000680496 0.000125711 0.000632978 0.264056 0.00051436 0.116256 0.000394686 
5 0.25 85000000 7.00278 0.00922854 -0.633276 0.00378134 3.16448 0.0125621 32.9914 0.246677 -0.000678736 0.000680496 0.000125711 0.000632978 0.264056 0.00051436 0.116256 0.000394686 
5 0.25 85250000 7.00278 0.00922854 -0.633276 0.00378134 3.16448 0.0125621 32.9914 0.246677 -0.000678736 0.000680919 0.000125711 0.000632978 0.264056 0.00051436 0.116256 0.000394686 
5 0.25 85500000 7.00278 0.00922854 -0.633276 0.00378134 3.16448 0.0125621 32.9914 0.246677 -0.000678736 0.000680919 0.000125711 0.000632978 0.264056 0.00051436 0.116256 0.000394686 
5 0.25 85750000 7.00278 0.00922854 -0.633276 0.00378134 3.16448 0.0125621 32.9914 0.246677 -0.000678736 0.000680919 0.000125711 0.000632978 0.264056 0.00051436 0.116256 0.000394686 
5 0.25 86000000 7.00278 0.00922854 -0.633276 0.00378134 3.16448 0.0125621 32.9914 0.246677 -0.000678736 0.000680919 0.000125711 0.000632978 0.264056 0.00051436 0.116256 0.000394686 
5 0.25 86250000 7.00278 0.00922854 -0.633276 0.00377692 3.16448 0.0125621 32.9914 0.246677 -0.000678736 0.000673183 0.000125711 0.000632978 0.264056 0.00051436 0.116256 0.000394686 
5 0.25 86500000 7.00278 0.00922854 -0.633276 0.00377692 3.16448 0.0125621 32.9914 0.246677 -0.000678736 0.000673183 0.000125711 0.000632978 0.264056 0.00051436 0.116256 0.000394686 
5 0.25 86750000 7.00278 0.00922854 -0.633276 0.00377692 3.16448 0.0125621 32.9914 0.246677 -0.000678736 0.000673183 0.000125711 0.000632978 0.264056 0.00051436 0.116256 0.000394686 
5 0.25 87000000 7.00278 0.00922854 -0.633276 0.00377692 3.16448 0.0125621 32.9914 0.246677 -0.000678736 0.000673183 0.000125711 0.000632978 0.264056 0.00051436 0.116256 0.000394686 
5 0.25 87250000 7.00278 0.00922854 -0.633276 0.00377692 3.16448 0.0125621 32.9914 0.246677 -0.000678736 0.000667532 0.000125711 0.000632978 0.264056 0.00051436 0.116256 0.000394686 
5 0.25 87500000 7.00278 0.00922854 -0.633276 0.00377692 3.16448 0.0125621 32.9914 0.246677 -0.000678736 0.000667532 0.000125711 0.000632978 0.264056 0.00051436 0.116256 0.000394686 
5 0.25 87750000 7.00278 0.00922854 -0.633276 0.00377692 3.16448 0.0125621 32.9914 0.246677 -0.000678736 0.000667532 0.000125711 0.000632978 0.264056 0.00051436 0.116256 0.000394686 
5 0.25 88000000 7.00278 0.00922854 -0.633276 0.00377692 3.16448 0.0125621 32.9914 0.246677 -0.000678736 0.000667532 0.000125711 0.000632978 0.264056 0.00051436 0.116256 0.000394686 
5 0.25 88250000 7.00278 0.00922854 -0.633276 0.00377692 3.16448 0.0125621 32.9914 0.246677 -0.000678736 0.000663596 0.000125711 0.000632978 0.264056 0.00051436 0.116256 0.000394686 
5 0.25 88500000 7.00278 0.00922854 -0.633276 0.00377692 3.16448 0.0125621 32.9914 0.246677 -0.000678736 0.000663596 0.000125711 0.000632978 0.264056 0.00051436 0.116256 0.000394686 
5 0.25 88750000 7.00278 0.00922854 -0.633276 0.00377692 3.16448 0.0125621 32.9914 0.246677 -0.000678736 0.000663596 0.000125711 0.000632978 0.264056 0.00051436 0.116256 0.000394686 
5 0.25 89000000 7.00278 0.00922854 -0.633276 0.00377692 3.16448 0.0125621 32.9914 0.246677 -0.000678736 0.000663596 0.000125711 0.000632978 0.264056 0.00051436 0.116256 0.000394686 
5 0.25 89250000 7.00278 0.00922854 -0.633276 0.00377692 3.16448 0.0125621 32.9914 0.246677 -0.000678736 0.000658055 0.000125711 0.000632978 0.264056 0.00051436 0.116256 0.000394686 
5 0.25 89500000 7.00278 0.00922854 -0.633276 0.00377692 3.16448 0.0125621 32.9914 0.246677 -0.000678736 0.000658055 0.000125711 0.000632978 0.264056 0.00051436 0.116256 0.000394686 
5 0.25 89750000 7.00278 0.00922854 -0.633276 0.00377692 3.16448 0.0125621 32.9914 0.246677 -0.000678736 0.000658055 0.000125711 0.000632978 0.264056 0.00051436 0.116256 0.000394686 
5 0.25 90000000 7.00278 0.00922854 -0.633276 0.00377692 3.16448 0.0125621 32.9914 0.246677 -0.000678736 0.000658055 0.000125711 0.000632978 0.264056 0.00051436 0.116256 0.000394686 
5 0.25 90250000 7.00641 0.00922854 -0.634955 0.00378859 3.16788 0.0125621 33.0646 0.246677 -0.000591259 0.000654244 9.6698e-05 0.000632978 0.264334 0.000537533 0.11644 0.000399296 
5 0.25 90500000 7.00641 0.00922854 -0.634955 0.00378859 3.16788 0.0125621 33.0646 0.246677 -0.000591259 0.000654244 9.6698e-05 0.000632978 0.264334 0.000537533 0.11644 0.000399296 
5 0.25 90750000 7.00641 0.00922854 -0.634955 0.00378859 3.16788 0.0125621 33.0646 0.246677 -0.000591259 0.000654244 9.6698e-05 0.000632978 0.264334 0.000537533 0.11644 0.000399296 
5 0.25 91000000 7.00641 0.00922854 -0.634955 0.00378859 3.16788 0.0125621 33.0646 0.246677 -0.000591259 0.000654244 9.6698e-05 0.000632978 0.264334 0.000537533 0.11644 0.000399296 
5 0.25 91250000 7.00641 0.00922854 -0.634955 0.00378859 3.16788 0.0125621 33.0646 0.246677 -0.000591259 0.000646906 9.6698e-05 0.000632978 0.264334 0.000537533 0.11644 0.000399296 
5 0.25 91500000 7.00641 0.00922854 -0.634955 0.00378859 3.16788 0.0125621 33.0646 0.246677 -0.000591259 0.000646906 9.6698e-05 0.000632978 0.264334 0.000537533 0.11644 0.000399296 
5 0.25 91750000 7.00641 0.00922854 -0.634955 0.00378859 3.16788 0.0125621 33.0646 0.246677 -0.000591259 0.000646906 9.6698e-05 0.000632978 0.264334 0.000537533 0.11644 0.000399296 
5 0.25 92000000 7.00641 0.00922854 -0.634955 0.00378859 3.16788 0.0125621 33.0646 0.246677 -0.000591259 0.000646906 9.6698e-05 0.000632978 0.264334 0.000537533 0.11644 0.000399296 
5 0.25 92250000 7.00641 0.00922854 -0.634955 0.00378859 3.16788 0.0125621 33.0646 0.246677 -0.000591259 0.00064155 9.6698e-05 0.000632978 0.264334 0.000537533 0.11644 0.000399296 
5 0.25 92500000 7.00641 0.00922854 -0.634955 0.00378859 3.16788 0.0125621 33.0646 0.246677 -0.000591259 0.00064155 9.6698e-05 0.000632978 0.264334 0.000537533 0.11644 0.000399296 
5 0.25 92750000 7.00641 0.00922854 -0.634955 0.00378859 3.16788 0.0125621 33.0646 0.246677 -0.000591259 0.00064155 9.6698e-05 0.000632978 0.264334 0.000537533 0.11644 0.000399296 
5 0.25 93000000 7.00641 0.00922854 -0.634955 0.00378859 3.16788 0.0125621 33.0646 0.246677 -0.000591259 0.00064155 9.6698e-05 0.000632978 0.264334 0.000537533 0.11644 0.000399296 
5 0.25 93250000 7.00641 0.00922854 -0.634955 0.00378859 3.16788 0.0125621 33.0646 0.246677 -0.000591259 0.000641654 9.6698e-05 0.000632978 0.264334 0.000537533 0.11644 0.000399296 
5 0.25 93500000 7.00641 0.00922854 -0.634955 0.00378859 3.16788 0.0125621 33.0646 0.246677 -0.000591259 0.000641654 9.6698e-05 0.000632978 0.264334 0.000537533 0.11644 0.000399296 
5 0.25 93750000 7.00641 0.00922854 -0.634955 0.00378859 3.16788 0.0125621 33.0646 0.246677 -0.000591259 0.000641654 9.6698e-05 0.000632978 0.264334 0.000537533 0.11644 0.000399296 
5 0.25 94000000 7.00641 0.00922854 -0.634955 0.00378859 3.16788 0.0125621 33.0646 0.246677 -0.000591259 0.000641654 9.6698e-05 0.000632978 0.264334 0.000537533 0.11644 0.000399296 
5 0.25 94250000 7.00641 0.00922854 -0.634955 0.00378859 3.16788 0.0125621 33.0646 0.246677 -0.000591259 0.000635242 9.6698e-05 0.000632978 0.264334 0.000537533 0.11644 0.000399296 
5 0.25 94500000 7.00641 0.00922854 -0.634955 0.00378859 3.16788 0.0125621 33.0646 0.246677 -0.000591259 0.000635242 9.6698e-05 0.000632978 0.264334 0.000537533 0.11644 0.000399296 
5 0.25 94750000 7.00641 0.00922854 -0.634955 0.00378859 3.16788 0.0125621 33.0646 0.246677 -0.000591259 0.000635242 9.6698e-05 0.000632978 0.264334 0.000537533 0.11644 0.000399296 
5 0.25 95000000 7.00641 0.00922854 -0.634955 0.00378859 3.16788 0.0125621 33.0646 0.246677 -0.000591259 0.000635242 9.6698e-05 0.000632978 0.264334 0.000537533 0.11644 0.000399296 
5 0.25 95250000 7.00641 0.00922854 -0.634955 0.00378859 3.16788 0.0125621 33.0646 0.246677 -0.000591259 0.000635242 9.6698e-05 0.000632978 0.264334 0.000537533 0.11644 0.000399296 
5 0.25 95500000 7.00641 0.00922854 -0.634955 0.00378859 3.16788 0.0125621 33.0646 0.246677 -0.000591259 0.000628962 9.6698e-05 0.000632978 0.264334 0.000537533 0.11644 0.000399296 
5 0.25 95750000 7.00641 0.00922854 -0.634955 0.00378859 3.16788 0.0125621 33.0646 0.246677 -0.000591259 0.000628962 9.6698e-05 0.000632978 0.264334 0.000537533 0.11644 0.000399296 
5 0.25 96000000 7.00641 0.00922854 -0.634955 0.00378859 3.16788 0.0125621 33.0646 0.246677 -0.000591259 0.000628962 9.6698e-05 0.000632978 0.264334 0.000537533 0.11644 0.000399296 
5 0.25 96250000 7.00641 0.00922854 -0.634955 0.00378859 3.16788 0.0125621 33.0646 0.246677 -0.000591259 0.000628962 9.6698e-05 0.000632978 0.264334 0.000537533 0.11644 0.000399296 
5 0.25 96500000 7.00641 0.00922854 -0.634955 0.00378859 3.16788 0.0125621 33.0646 0.246677 -0.000591259 0.000625763 9.6698e-05 0.000632978 0.264334 0.000537533 0.11644 0.000399296 
5 0.25 96750000 7.00641 0.00922854 -0.634955 0.00378859 3.16788 0.0125621 33.0646 0.246677 -0.000591259 0.000625763 9.6698e-05 0.000632978 0.264334 0.000537533 0.11644 0.000399296 
5 0.25 97000000 7.00641 0.00922854 -0.634955 0.00378859 3.16788 0.0125621 33.0646 0.246677 -0.000591259 0.000625763 9.6698e-05 0.000632978 0.264334 0.000537533 0.11644 0.000399296 
5 0.25 97250000 7.00641 0.00922854 -0.634955 0.00378859 3.16788 0.0125621 33.0646 0.246677 -0.000591259 0.000625763 9.6698e-05 0.000632978 0.264334 0.000537533 0.11644 0.000399296 
5 0.25 97500000 7.00641 0.00922854 -0.634955 0.00378859 3.16788 0.0125621 33.0646 0.246677 -0.000591259 0.000619572 9.6698e-05 0.000632978 0.264334 0.000537533 0.11644 0.000399296 
5 0.25 97750000 7.00641 0.00922854 -0.634955 0.00378859 3.16788 0.0125621 33.0646 0.246677 -0.000591259 0.000619572 9.6698e-05 0.000632978 0.264334 0.000537533 0.11644 0.000399296 
5 0.25 98000000 7.00641 0.00922854 -0.634955 0.00378859 3.16788 0.0125621 33.0646 0.246677 -0.000591259 0.000619572 9.6698e-05 0.000632978 0.264334 0.000537533 0.11644 0.000399296 
5 0.25 98250000 7.00641 0.00922854 -0.634955 0.00378859 3.16788 0.0125621 33.0646 0.246677 -0.000591259 0.000619572 9.6698e-05 0.000632978 0.264334 0.000537533 0.11644 0.000399296 
5 0.25 98500000 7.0076 0.00886055 -0.635901 0.00382719 3.17383 0.0135061 33.223 0.294925 -0.000599724 0.000623115 0.000467666 0.000615171 0.264476 0.000553629 0.116562 0.000424849 
5 0.25 98750000 7.0076 0.00886055 -0.635901 0.00382719 3.17383 0.0135061 33.223 0.294925 -0.000599724 0.000623115 0.000467666 0.000615171 0.264476 0.000553629 0.116562 0.000424849 
5 0.25 99000000 7.0076 0.00886055 -0.635901 0.00382719 3.17383 0.0135061 33.223 0.294925 -0.000599724 0.000620063 0.000467666 0.000615171 0.264476 0.000553629 0.116562 0.000424849 
5 0.25 99250000 7.0076 0.00886055 -0.635901 0.00382719 3.17383 0.0135061 33.223 0.294925 -0.000599724 0.000620063 0.000467666 0.000615171 0.264476 0.000553629 0.116562 0.000424849 
5 0.25 99500000 7.0076 0.00886055 -0.635901 0.00382719 3.17383 0.0135061 33.223 0.294925 -0.000599724 0.000616867 0.000467666 0.000615171 0.264476 0.000553629 0.116562 0.000424849 
5 0.25 99750000 7.0076 0.00886055 -0.635901 0.00382719 3.17383 0.0135061 33.223 0.294925 -0.000599724 0.000616867 0.000467666 0.000615171 0.264476 0.000553629 0.116562 0.000424849 
5 0.25 100000000 7.0076 0.00886055 -0.635901 0.00382719 3.17383 0.0135061 33.223 0.294925 -0.000599724 0.000613772 0.000467666 0.000615171 0.264476 0.000553629 0.116562 0.000424849 
