L J MC_steps R2 R2_std E E_std E2 E2_std E4 E4_std Sin1 Sin1_std Cos1 Cos1_std Mag2 Mag2_std Mag4 Mag4_std
5 1.5 250000 5.27679 0.196624 -4.18624 0.0568258 19.2033 0.435274 465.454 17.0256 0.0165204 0.042993 0.0193622 0.0415538 0.73893 0.00821898 0.584819 0.0105656 
5 1.5 500000 5.17076 0.122569 -4.14817 0.0390979 18.9402 0.288626 455.668 11.4072 -0.0285019 0.026424 0.00668256 0.0268202 0.728955 0.00628172 0.572488 0.00769895 
5 1.5 750000 5.21733 0.0843821 -4.13638 0.0291644 18.8554 0.206853 451.976 8.03219 -0.00879542 0.0231197 0.00323745 0.0235627 0.726206 0.00444952 0.567777 0.0054747 
5 1.5 1000000 5.18438 0.0692548 -4.15433 0.0246771 18.9612 0.175601 455.037 6.74287 -0.00334921 0.0181539 -0.000351191 0.0178761 0.728645 0.00386576 0.570149 0.00479191 
5 1.5 1250000 5.18997 0.0563263 -4.15434 0.0225072 18.9744 0.164754 455.619 6.27323 -0.00809559 0.0145788 0.0094843 0.0188612 0.727973 0.00360592 0.569988 0.00440042 
5 1.5 1500000 5.19531 0.0504273 -4.16616 0.0202995 19.0437 0.147458 457.439 5.64452 -0.00435251 0.0137007 0.0178312 0.0163992 0.729856 0.00337305 0.57205 0.00404989 
5 1.5 1750000 5.20974 0.0437203 -4.15544 0.019274 18.9738 0.140647 454.462 5.45639 -0.00388334 0.0128246 0.0128424 0.0143029 0.728736 0.0030418 0.570833 0.00364636 
5 1.5 2000000 5.20078 0.0406981 -4.16203 0.017954 19.0308 0.132266 456.773 5.14447 -0.0113725 0.0122769 0.00597702 0.0134851 0.729363 0.00269751 0.571892 0.00324414 
5 1.5 2250000 5.18911 0.0373614 -4.1665 0.0160608 19.0709 0.119012 458.519 4.67715 -0.00903499 0.0116772 -0.00193505 0.0133692 0.730065 0.00241564 0.573019 0.00292969 
5 1.5 2500000 5.19757 0.0340477 -4.16004 0.0149625 19.0045 0.111634 455.613 4.39133 -0.00980125 0.0109322 -0.00379621 0.0124142 0.729211 0.00227866 0.571421 0.00285256 
5 1.5 2750000 5.19687 0.0316052 -4.16145 0.0139271 19.0183 0.104627 456.248 4.18331 -0.00616179 0.0100933 -0.00561642 0.0157164 0.72913 0.00209461 0.571282 0.00261499 
5 1.5 3000000 5.20259 0.0303589 -4.15883 0.0133183 19.0027 0.100185 455.66 4.01615 -0.00426359 0.00965719 -0.0103995 0.0157164 0.728693 0.0019808 0.570794 0.00247453 
5 1.5 3250000 5.18522 0.0289108 -4.15977 0.0126846 19.0273 0.09564 457.141 3.82255 -0.00315977 0.00921735 -0.00994339 0.0136797 0.728219 0.00191359 0.570539 0.00238207 
5 1.5 3500000 5.18209 0.0271069 -4.1582 0.0120743 19.0115 0.0901618 456.352 3.59 -0.000328396 0.00884526 -0.0117752 0.0136797 0.728139 0.00182441 0.570437 0.00227202 
5 1.5 3750000 5.18108 0.0272189 -4.15157 0.011673 18.9647 0.0873815 454.734 3.4648 -0.000643591 0.00844166 -0.00819779 0.0118363 0.727096 0.00180281 0.569207 0.00224679 
5 1.5 4000000 5.18372 0.0265727 -4.15262 0.0123463 18.9799 0.0914585 455.594 3.53026 -0.000193534 0.00815709 -0.00537207 0.0118363 0.727316 0.00186207 0.569608 0.00230757 
5 1.5 4250000 5.18884 0.0254504 -4.14524 0.0116622 18.9263 0.0885341 453.742 3.4038 0.00407689 0.00794679 -0.00338962 0.0112912 0.726432 0.00181428 0.568497 0.00227052 
5 1.5 4500000 5.18095 0.0247256 -4.14572 0.0113846 18.9286 0.0846899 453.953 3.26842 0.00367845 0.00767682 7.64913e-05 0.0112912 0.726183 0.00177425 0.568097 0.00221726 
5 1.5 4750000 5.17871 0.0239088 -4.1428 0.0109778 18.9114 0.0809492 453.64 3.09588 0.00365753 0.00748256 -0.00165419 0.0101691 0.725778 0.00171207 0.567586 0.00212854 
5 1.5 5000000 5.17506 0.0234346 -4.14322 0.0108529 18.9225 0.0788557 454.224 2.98161 0.000832219 0.00737541 -0.00492291 0.0101691 0.725752 0.00165011 0.567704 0.00204786 
5 1.5 5250000 5.18057 0.0228115 -4.14175 0.0117725 18.9149 0.0794644 454.03 2.91972 0.00163306 0.00718392 -0.00136964 0.00925929 0.725543 0.00188506 0.567447 0.00231125 
5 1.5 5500000 5.18057 0.0220347 -4.14175 0.0117725 18.9149 0.0794644 454.03 2.94064 0.00163306 0.00700702 -0.00136964 0.00915618 0.725543 0.00188506 0.567447 0.00231125 
5 1.5 5750000 5.18111 0.0213642 -4.13765 0.0117725 18.9021 0.0794644 454.412 2.83092 0.0029169 0.00684011 -0.00150626 0.00881376 0.724611 0.00188506 0.566604 0.00231125 
5 1.5 6000000 5.18111 0.0207581 -4.13765 0.0117725 18.9021 0.0794644 454.412 2.72854 0.0029169 0.00665517 -0.00150626 0.00860837 0.724611 0.00188506 0.566604 0.00231125 
5 1.5 6250000 5.17798 0.0203845 -4.13673 0.0108289 18.8965 0.0700908 454.317 2.67765 -0.00146811 0.00647671 -0.00230153 0.00812142 0.724179 0.00200467 0.566128 0.00227139 
5 1.5 6500000 5.17798 0.0200511 -4.13673 0.0108289 18.8965 0.0683087 454.317 2.62047 -0.00146811 0.00636013 -0.00230153 0.00801394 0.724179 0.00200467 0.566128 0.00227139 
5 1.5 6750000 5.18712 0.0197476 -4.13349 0.0108289 18.8713 0.0683087 453.313 2.56953 -0.00111339 0.00617085 -0.00440972 0.00770862 0.724057 0.00200467 0.565944 0.00227139 
5 1.5 7000000 5.18712 0.0195835 -4.13349 0.0108289 18.8713 0.0683087 453.313 2.51807 -0.00111339 0.006079 -0.00440972 0.00743947 0.724057 0.00200467 0.565944 0.00227139 
5 1.5 7250000 5.1942 0.0192661 -4.13152 0.0104588 18.8604 0.0673998 453.033 2.46204 0.000841188 0.00596494 -0.00617199 0.00751057 0.723759 0.00176168 0.565715 0.0019841 
5 1.5 7500000 5.1942 0.0190629 -4.13152 0.0104588 18.8604 0.0673998 453.033 2.40143 0.000841188 0.00586589 -0.00617199 0.00732015 0.723759 0.00176168 0.565715 0.0019841 
5 1.5 7750000 5.20365 0.0189285 -4.12827 0.0104588 18.8394 0.0673998 452.287 2.35539 0.0030773 0.00580802 -0.00680275 0.00715403 0.723316 0.00176168 0.565222 0.0019841 
5 1.5 8000000 5.20365 0.0186251 -4.12827 0.0104588 18.8394 0.0673998 452.287 2.30434 0.0030773 0.00580802 -0.00680275 0.00715403 0.723316 0.00176168 0.565222 0.0019841 
5 1.5 8250000 5.20026 0.0182899 -4.12867 0.00953361 18.8409 0.0617494 452.313 2.25246 0.00225551 0.00554573 -0.00550186 0.00681325 0.723461 0.0015664 0.565368 0.00176624 
5 1.5 8500000 5.20026 0.0180439 -4.12867 0.00953361 18.8409 0.0617494 452.313 2.21126 0.00225551 0.00550285 -0.00550186 0.00669165 0.723461 0.0015664 0.565368 0.00176624 
5 1.5 8750000 5.20347 0.017705 -4.12547 0.00953361 18.8172 0.0617494 451.385 2.19562 0.00218496 0.00540399 -0.00400878 0.00650765 0.723091 0.0015664 0.564891 0.00176624 
5 1.5 9000000 5.20347 0.0174166 -4.12547 0.00953361 18.8172 0.0617494 451.385 2.13462 0.00218496 0.00554555 -0.00400878 0.00633715 0.723091 0.0015664 0.564891 0.00176624 
5 1.5 9250000 5.19656 0.0171947 -4.12521 0.00907823 18.8207 0.0581015 451.716 2.11121 -7.1984e-05 0.00546226 -0.00429139 0.00620314 0.722849 0.00150713 0.564718 0.00168513 
5 1.5 9500000 5.19656 0.0169118 -4.12521 0.00907823 18.8207 0.0581015 451.716 2.06702 -7.1984e-05 0.00541727 -0.00429139 0.00603849 0.722849 0.00150713 0.564718 0.00168513 
5 1.5 9750000 5.19656 0.0168951 -4.12521 0.00907823 18.8207 0.0581015 451.716 2.05212 -7.1984e-05 0.00539749 -0.00429139 0.00603849 0.722849 0.00150713 0.564718 0.00168513 
5 1.5 10000000 5.19572 0.0166351 -4.12684 0.00907823 18.8293 0.0581015 451.851 2.02817 0.00106467 0.00540336 -0.00411187 0.00589106 0.722988 0.00150713 0.564885 0.00168513 
5 1.5 10250000 5.19572 0.0163338 -4.12684 0.00907823 18.8293 0.0581015 451.851 1.98749 0.00106467 0.00533644 -0.00411187 0.00574006 0.722988 0.00150713 0.564885 0.00168513 
5 1.5 10500000 5.19966 0.016675 -4.12621 0.00917146 18.8252 0.0556517 451.727 1.96638 0.00251661 0.00529036 -0.00402656 0.00559759 0.722964 0.00163025 0.564836 0.00181428 
5 1.5 10750000 5.19966 0.016675 -4.12621 0.00917146 18.8252 0.0556517 451.727 1.95199 0.00251661 0.00517233 -0.00402656 0.00572267 0.722964 0.00163025 0.564836 0.00181428 
5 1.5 11000000 5.19966 0.016675 -4.12621 0.00917146 18.8252 0.0556517 451.727 1.93299 0.00251661 0.00510225 -0.00402656 0.00561704 0.722964 0.00163025 0.564836 0.00181428 
5 1.5 11250000 5.19966 0.016675 -4.12621 0.00917146 18.8252 0.0556517 451.727 1.9216 0.00251661 0.00528286 -0.00402656 0.00553633 0.722964 0.00163025 0.564836 0.00181428 
5 1.5 11500000 5.19589 0.016675 -4.12711 0.00917146 18.8391 0.0556517 452.558 1.8976 0.00361143 0.00518885 -0.00163575 0.00543316 0.722989 0.00163025 0.565017 0.00181428 
5 1.5 11750000 5.19589 0.016675 -4.12711 0.00917146 18.8391 0.0556517 452.558 1.85971 0.00361143 0.00524546 -0.00163575 0.00542777 0.722989 0.00163025 0.565017 0.00181428 
5 1.5 12000000 5.19589 0.016675 -4.12711 0.00917146 18.8391 0.0556517 452.558 1.83939 0.00361143 0.00515603 -0.00163575 0.00534289 0.722989 0.00163025 0.565017 0.00181428 
5 1.5 12250000 5.19589 0.016675 -4.12711 0.00917146 18.8391 0.0556517 452.558 1.81335 0.00361143 0.00513049 -0.00163575 0.00522969 0.722989 0.00163025 0.565017 0.00181428 
5 1.5 12500000 5.19539 0.0146557 -4.12867 0.00796514 18.8476 0.0506782 452.798 1.78031 0.00406261 0.00507752 -0.00160799 0.00515791 0.723375 0.00140953 0.565486 0.00162432 
5 1.5 12750000 5.19539 0.0144874 -4.12867 0.00796514 18.8476 0.0506782 452.798 1.77989 0.00406261 0.0050244 -0.00160799 0.00513736 0.723375 0.00140953 0.565486 0.00162432 
5 1.5 13000000 5.19539 0.0144308 -4.12867 0.00796514 18.8476 0.0506782 452.798 1.77989 0.00406261 0.00493506 -0.00160799 0.00509477 0.723375 0.00140953 0.565486 0.00162432 
5 1.5 13250000 5.19539 0.0144308 -4.12867 0.00796514 18.8476 0.0506782 452.798 1.77989 0.00406261 0.00485305 -0.00160799 0.00503772 0.723375 0.00140953 0.565486 0.00162432 
5 1.5 13500000 5.19054 0.0144308 -4.13015 0.00796514 18.8552 0.0506782 452.983 1.77989 0.00265851 0.00482145 -0.000717596 0.00494387 0.723505 0.00140953 0.565624 0.00162432 
5 1.5 13750000 5.19054 0.0144308 -4.13015 0.00796514 18.8552 0.0506782 452.983 1.77989 0.00265851 0.00476083 -0.000717596 0.0048866 0.723505 0.00140953 0.565624 0.00162432 
5 1.5 14000000 5.19054 0.0144308 -4.13015 0.00796514 18.8552 0.0506782 452.983 1.77989 0.00265851 0.00484073 -0.000717596 0.00484751 0.723505 0.00140953 0.565624 0.00162432 
5 1.5 14250000 5.19054 0.0144308 -4.13015 0.00796514 18.8552 0.0506782 452.983 1.77989 0.00265851 0.00480113 -0.000717596 0.00483321 0.723505 0.00140953 0.565624 0.00162432 
5 1.5 14500000 5.19263 0.0134284 -4.12982 0.00690938 18.8487 0.0443449 452.702 1.71669 0.00304495 0.00473388 -0.00256032 0.00475717 0.723489 0.00121278 0.565522 0.00139268 
5 1.5 14750000 5.19263 0.0134064 -4.12982 0.00690938 18.8487 0.0435824 452.702 1.68708 0.00304495 0.00473388 -0.00256032 0.00467566 0.723489 0.00121278 0.565522 0.00139268 
5 1.5 15000000 5.19263 0.0133448 -4.12982 0.00690938 18.8487 0.0435031 452.702 1.67746 0.00304495 0.00462654 -0.00256032 0.00459515 0.723489 0.00121278 0.565522 0.00139268 
5 1.5 15250000 5.19263 0.0132843 -4.12982 0.00690938 18.8487 0.0434488 452.702 1.67501 0.00304495 0.00457145 -0.00256032 0.00455198 0.723489 0.00121278 0.565522 0.00139268 
5 1.5 15500000 5.19323 0.0131847 -4.13117 0.00690938 18.8594 0.0434488 453.215 1.65127 0.00316504 0.00447973 -0.00282211 0.00449453 0.723665 0.00121278 0.565815 0.00139268 
5 1.5 15750000 5.19323 0.0130832 -4.13117 0.00690938 18.8594 0.0434488 453.215 1.63925 0.00316504 0.00441918 -0.00282211 0.00442109 0.723665 0.00121278 0.565815 0.00139268 
5 1.5 16000000 5.19323 0.012915 -4.13117 0.00690938 18.8594 0.0434488 453.215 1.64491 0.00316504 0.00434914 -0.00282211 0.00436073 0.723665 0.00121278 0.565815 0.00139268 
5 1.5 16250000 5.19323 0.0128315 -4.13117 0.00690938 18.8594 0.0434488 453.215 1.64922 0.00316504 0.00431894 -0.00282211 0.00430918 0.723665 0.00121278 0.565815 0.00139268 
5 1.5 16500000 5.18668 0.0133378 -4.13431 0.00736457 18.8847 0.0508471 454.242 1.9654 0.0034961 0.0043073 -0.00229126 0.00424293 0.723998 0.00116298 0.566234 0.00138869 
5 1.5 16750000 5.18668 0.0133378 -4.13431 0.00736457 18.8847 0.0508471 454.242 1.9654 0.0034961 0.00426281 -0.00229126 0.00419606 0.723998 0.00116298 0.566234 0.00138869 
5 1.5 17000000 5.18668 0.0134146 -4.13431 0.00736457 18.8847 0.0508471 454.242 1.9654 0.0034961 0.00419976 -0.00229126 0.00419257 0.723998 0.00116298 0.566234 0.00138869 
5 1.5 17250000 5.18668 0.0134146 -4.13431 0.00736457 18.8847 0.0508471 454.242 1.9654 0.0034961 0.00414174 -0.00229126 0.00423439 0.723998 0.00116298 0.566234 0.00138869 
5 1.5 17500000 5.18391 0.0130469 -4.1342 0.00736457 18.8826 0.0508471 454.092 1.9654 0.00467417 0.00412663 -0.00264101 0.00418102 0.723963 0.00116298 0.566167 0.00138869 
5 1.5 17750000 5.18391 0.0130469 -4.1342 0.00736457 18.8826 0.0508471 454.092 1.9654 0.00467417 0.00408113 -0.00264101 0.00421453 0.723963 0.00116298 0.566167 0.00138869 
5 1.5 18000000 5.18391 0.0126834 -4.1342 0.00736457 18.8826 0.0508471 454.092 1.9654 0.00467417 0.00406165 -0.00264101 0.00415681 0.723963 0.00116298 0.566167 0.00138869 
5 1.5 18250000 5.18391 0.0126834 -4.1342 0.00736457 18.8826 0.0508471 454.092 1.9654 0.00467417 0.00401943 -0.00264101 0.00410446 0.723963 0.00116298 0.566167 0.00138869 
5 1.5 18500000 5.18679 0.0125546 -4.13492 0.00657163 18.8891 0.0453826 454.387 1.7524 0.00378491 0.00396633 -0.0034893 0.0040494 0.724085 0.00103705 0.566339 0.00123839 
5 1.5 18750000 5.18679 0.0125546 -4.13492 0.00657163 18.8891 0.0453826 454.387 1.7524 0.00378491 0.00394206 -0.0034893 0.0040085 0.724085 0.00103705 0.566339 0.00123839 
5 1.5 19000000 5.18679 0.0122441 -4.13492 0.00657163 18.8891 0.0453826 454.387 1.7524 0.00378491 0.00389163 -0.0034893 0.00397006 0.724085 0.00103705 0.566339 0.00123839 
5 1.5 19250000 5.18679 0.0122441 -4.13492 0.00657163 18.8891 0.0453826 454.387 1.7524 0.00378491 0.00384005 -0.0034893 0.00399659 0.724085 0.00103705 0.566339 0.00123839 
5 1.5 19500000 5.18853 0.0121918 -4.13418 0.00657163 18.884 0.0453826 454.104 1.7524 0.00389364 0.00381204 -0.00418941 0.00402313 0.724044 0.00103705 0.566272 0.00123839 
5 1.5 19750000 5.18853 0.0121918 -4.13418 0.00657163 18.884 0.0453826 454.104 1.7524 0.00389364 0.00380219 -0.00418941 0.00397525 0.724044 0.00103705 0.566272 0.00123839 
5 1.5 20000000 5.18853 0.0118885 -4.13418 0.00657163 18.884 0.0453826 454.104 1.7524 0.00389364 0.00377228 -0.00418941 0.00392437 0.724044 0.00103705 0.566272 0.00123839 
5 1.5 20250000 5.18853 0.0118885 -4.13418 0.00657163 18.884 0.0453826 454.104 1.7524 0.00389364 0.00373745 -0.00418941 0.00389624 0.724044 0.00103705 0.566272 0.00123839 
5 1.5 20500000 5.18853 0.0118885 -4.13418 0.00657163 18.884 0.0453826 454.104 1.7524 0.00389364 0.00371884 -0.00418941 0.00389624 0.724044 0.00103705 0.566272 0.00123839 
5 1.5 20750000 5.18413 0.0122205 -4.13535 0.00617441 18.8913 0.0408993 454.373 1.57721 0.00364438 0.00369676 -0.00477736 0.00386208 0.724087 0.000948803 0.566316 0.00111478 
5 1.5 21000000 5.18413 0.0122205 -4.13535 0.00617441 18.8913 0.0408993 454.373 1.57721 0.00364438 0.00368553 -0.00477736 0.00389785 0.724087 0.000948803 0.566316 0.00111478 
5 1.5 21250000 5.18413 0.0122332 -4.13535 0.00617441 18.8913 0.0408993 454.373 1.57721 0.00364438 0.00373839 -0.00477736 0.00393537 0.724087 0.000948803 0.566316 0.00111478 
5 1.5 21500000 5.18413 0.0122332 -4.13535 0.00617441 18.8913 0.0408993 454.373 1.57721 0.00364438 0.00374608 -0.00477736 0.00389732 0.724087 0.000948803 0.566316 0.00111478 
5 1.5 21750000 5.18413 0.0122844 -4.13535 0.00617441 18.8913 0.0408993 454.373 1.57721 0.00364438 0.00370691 -0.00477736 0.00385944 0.724087 0.000948803 0.566316 0.00111478 
5 1.5 22000000 5.18413 0.0122844 -4.13535 0.00617441 18.8913 0.0408993 454.373 1.57721 0.00364438 0.00368489 -0.00477736 0.00381524 0.724087 0.000948803 0.566316 0.00111478 
5 1.5 22250000 5.18413 0.0119988 -4.13535 0.00617441 18.8913 0.0408993 454.373 1.57721 0.00364438 0.00368225 -0.00477736 0.00377267 0.724087 0.000948803 0.566316 0.00111478 
5 1.5 22500000 5.18413 0.0119988 -4.13535 0.00617441 18.8913 0.0408993 454.373 1.57721 0.00364438 0.00367556 -0.00477736 0.00377297 0.724087 0.000948803 0.566316 0.00111478 
5 1.5 22750000 5.18111 0.0120755 -4.13937 0.00661512 18.9228 0.0477824 455.544 1.81674 0.00308384 0.00366818 -0.00350686 0.00373057 0.724682 0.0010208 0.567075 0.00124574 
5 1.5 23000000 5.18111 0.0120755 -4.13937 0.00661512 18.9228 0.0477824 455.544 1.81674 0.00308384 0.00367669 -0.00350686 0.00369378 0.724682 0.0010208 0.567075 0.00124574 
5 1.5 23250000 5.18111 0.0118569 -4.13937 0.00661512 18.9228 0.0477824 455.544 1.81674 0.00308384 0.00369136 -0.00350686 0.00365301 0.724682 0.0010208 0.567075 0.00124574 
5 1.5 23500000 5.18111 0.0118569 -4.13937 0.00661512 18.9228 0.0477824 455.544 1.81674 0.00308384 0.00367113 -0.00350686 0.00361296 0.724682 0.0010208 0.567075 0.00124574 
5 1.5 23750000 5.18111 0.0116205 -4.13937 0.00661512 18.9228 0.0477824 455.544 1.81674 0.00308384 0.00363262 -0.00350686 0.003576 0.724682 0.0010208 0.567075 0.00124574 
5 1.5 24000000 5.18111 0.0116205 -4.13937 0.00661512 18.9228 0.0477824 455.544 1.81674 0.00308384 0.00360106 -0.00350686 0.00353874 0.724682 0.0010208 0.567075 0.00124574 
5 1.5 24250000 5.18111 0.0115323 -4.13937 0.00661512 18.9228 0.0477824 455.544 1.81674 0.00308384 0.00356865 -0.00350686 0.00354429 0.724682 0.0010208 0.567075 0.00124574 
5 1.5 24500000 5.18111 0.0115323 -4.13937 0.00661512 18.9228 0.0477824 455.544 1.81674 0.00308384 0.00354824 -0.00350686 0.003507 0.724682 0.0010208 0.567075 0.00124574 
5 1.5 24750000 5.17898 0.011307 -4.13975 0.00652647 18.9265 0.0439422 455.712 1.67313 0.00132816 0.00353143 -0.0024703 0.00348392 0.724722 0.000980608 0.567144 0.0011438 
5 1.5 25000000 5.17898 0.011307 -4.13975 0.00652647 18.9265 0.0439422 455.712 1.67313 0.00132816 0.00351088 -0.0024703 0.00345244 0.724722 0.000980608 0.567144 0.0011438 
5 1.5 25250000 5.17898 0.0112046 -4.13975 0.00652647 18.9265 0.0439422 455.712 1.67313 0.00132816 0.00348778 -0.0024703 0.00341722 0.724722 0.000980608 0.567144 0.0011438 
5 1.5 25500000 5.17898 0.0112046 -4.13975 0.00652647 18.9265 0.0439422 455.712 1.67313 0.00132816 0.00348223 -0.0024703 0.00339502 0.724722 0.000980608 0.567144 0.0011438 
5 1.5 25750000 5.17898 0.0110282 -4.13975 0.00652647 18.9265 0.0439422 455.712 1.67313 0.00132816 0.00346485 -0.0024703 0.0033684 0.724722 0.000980608 0.567144 0.0011438 
5 1.5 26000000 5.17898 0.0110282 -4.13975 0.00652647 18.9265 0.0439422 455.712 1.67313 0.00132816 0.00343795 -0.0024703 0.00338475 0.724722 0.000980608 0.567144 0.0011438 
5 1.5 26250000 5.17898 0.0108121 -4.13975 0.00652647 18.9265 0.0439422 455.712 1.67313 0.00132816 0.00343493 -0.0024703 0.00336236 0.724722 0.000980608 0.567144 0.0011438 
5 1.5 26500000 5.17898 0.0108121 -4.13975 0.00652647 18.9265 0.0439422 455.712 1.67313 0.00132816 0.00340412 -0.0024703 0.00334212 0.724722 0.000980608 0.567144 0.0011438 
5 1.5 26750000 5.1811 0.0106189 -4.13875 0.00652647 18.9171 0.0438904 455.322 1.58915 0.00114654 0.00337412 -0.00180953 0.00331266 0.724476 0.000980608 0.56689 0.00114361 
5 1.5 27000000 5.1811 0.0106189 -4.13875 0.00652647 18.9171 0.0438904 455.322 1.58915 0.00114654 0.00334216 -0.00180953 0.00334908 0.724476 0.000980608 0.56689 0.00114361 
5 1.5 27250000 5.1811 0.0104488 -4.13875 0.00652647 18.9171 0.0438904 455.322 1.58915 0.00114654 0.00331542 -0.00180953 0.00332023 0.724476 0.000980608 0.56689 0.00114361 
5 1.5 27500000 5.1811 0.0104488 -4.13875 0.00652647 18.9171 0.0438904 455.322 1.58915 0.00114654 0.00329244 -0.00180953 0.00333467 0.724476 0.000980608 0.56689 0.00114361 
5 1.5 27750000 5.1811 0.0102678 -4.13875 0.00652647 18.9171 0.0438904 455.322 1.58915 0.00114654 0.00326687 -0.00180953 0.00331968 0.724476 0.000980608 0.56689 0.00114361 
5 1.5 28000000 5.1811 0.0102678 -4.13875 0.00652647 18.9171 0.0438904 455.322 1.58915 0.00114654 0.00328238 -0.00180953 0.00330466 0.724476 0.000980608 0.56689 0.00114361 
5 1.5 28250000 5.1811 0.0100822 -4.13875 0.00652647 18.9171 0.0438904 455.322 1.58915 0.00114654 0.00326363 -0.00180953 0.00328628 0.724476 0.000980608 0.56689 0.00114361 
5 1.5 28500000 5.1811 0.0100822 -4.13875 0.00652647 18.9171 0.0438904 455.322 1.58915 0.00114654 0.00323513 -0.00180953 0.00328628 0.724476 0.000980608 0.56689 0.00114361 
5 1.5 28750000 5.18342 0.0100768 -4.13617 0.00650002 18.9011 0.0443449 454.827 1.55099 0.00171854 0.00322476 -0.00291438 0.00322903 0.724083 0.00102805 0.566438 0.00117809 
5 1.5 29000000 5.18342 0.0100768 -4.13617 0.00650002 18.9011 0.0443449 454.827 1.55099 0.00171854 0.00319886 -0.00291438 0.00329661 0.724083 0.00102805 0.566438 0.00117809 
5 1.5 29250000 5.18342 0.0100722 -4.13617 0.00650002 18.9011 0.0443449 454.827 1.55099 0.00171854 0.0031862 -0.00291438 0.00326827 0.724083 0.00102805 0.566438 0.00117809 
5 1.5 29500000 5.18342 0.0100722 -4.13617 0.00650002 18.9011 0.0443449 454.827 1.55099 0.00171854 0.00316013 -0.00291438 0.00326037 0.724083 0.00102805 0.566438 0.00117809 
5 1.5 29750000 5.18342 0.0101417 -4.13617 0.00650002 18.9011 0.0443449 454.827 1.55099 0.00171854 0.00313789 -0.00291438 0.00330017 0.724083 0.00102805 0.566438 0.00117809 
5 1.5 30000000 5.18342 0.0101417 -4.13617 0.00650002 18.9011 0.0443449 454.827 1.55099 0.00171854 0.0031144 -0.00291438 0.00328694 0.724083 0.00102805 0.566438 0.00117809 
5 1.5 30250000 5.18342 0.0107137 -4.13617 0.00650002 18.9011 0.0443449 454.827 1.55099 0.00171854 0.00309562 -0.00291438 0.00326138 0.724083 0.00102805 0.566438 0.00117809 
5 1.5 30500000 5.18342 0.0107137 -4.13617 0.00650002 18.9011 0.0443449 454.827 1.55099 0.00171854 0.00307155 -0.00291438 0.0032641 0.724083 0.00102805 0.566438 0.00117809 
5 1.5 30750000 5.18392 0.0105411 -4.1346 0.00650002 18.8903 0.0443449 454.467 1.54863 0.00137822 0.00305184 -0.00317387 0.00323712 0.723917 0.00102805 0.56627 0.00117809 
5 1.5 31000000 5.18392 0.0105411 -4.1346 0.00650002 18.8903 0.0443449 454.467 1.54863 0.00137822 0.00304124 -0.00317387 0.00323712 0.723917 0.00102805 0.56627 0.00117809 
5 1.5 31250000 5.18392 0.0105411 -4.1346 0.00650002 18.8903 0.0443449 454.467 1.54863 0.00137822 0.00302477 -0.00317387 0.00321043 0.723917 0.00102805 0.56627 0.00117809 
5 1.5 31500000 5.18392 0.0104155 -4.1346 0.00650002 18.8903 0.0443449 454.467 1.54863 0.00137822 0.00300244 -0.00317387 0.0032008 0.723917 0.00102805 0.56627 0.00117809 
5 1.5 31750000 5.18392 0.0104155 -4.1346 0.00650002 18.8903 0.0443449 454.467 1.54863 0.00137822 0.00298164 -0.00317387 0.00317892 0.723917 0.00102805 0.56627 0.00117809 
5 1.5 32000000 5.18392 0.01025 -4.1346 0.00650002 18.8903 0.0443449 454.467 1.54863 0.00137822 0.00296312 -0.00317387 0.00315631 0.723917 0.00102805 0.56627 0.00117809 
5 1.5 32250000 5.18392 0.01025 -4.1346 0.00650002 18.8903 0.0443449 454.467 1.54863 0.00137822 0.00294188 -0.00317387 0.00313438 0.723917 0.00102805 0.56627 0.00117809 
5 1.5 32500000 5.18392 0.0101197 -4.1346 0.00650002 18.8903 0.0443449 454.467 1.54863 0.00137822 0.0029278 -0.00317387 0.00311412 0.723917 0.00102805 0.56627 0.00117809 
5 1.5 32750000 5.18392 0.0101197 -4.1346 0.00650002 18.8903 0.0443449 454.467 1.54863 0.00137822 0.00291137 -0.00317387 0.00310905 0.723917 0.00102805 0.56627 0.00117809 
5 1.5 33000000 5.18115 0.0100308 -4.13455 0.00588769 18.8917 0.0398008 454.593 1.40113 0.00110208 0.00288961 -0.00321013 0.00308479 0.723849 0.000925919 0.566215 0.00105174 
5 1.5 33250000 5.18115 0.0100308 -4.13455 0.00588769 18.8917 0.0398008 454.593 1.40113 0.00110208 0.00288103 -0.00321013 0.00306917 0.723849 0.000925919 0.566215 0.00105174 
5 1.5 33500000 5.18115 0.00998722 -4.13455 0.00588769 18.8917 0.0398008 454.593 1.40113 0.00110208 0.00287857 -0.00321013 0.00305004 0.723849 0.000925919 0.566215 0.00105174 
5 1.5 33750000 5.18115 0.00998722 -4.13455 0.00588769 18.8917 0.0398008 454.593 1.40113 0.00110208 0.0028597 -0.00321013 0.00302856 0.723849 0.000925919 0.566215 0.00105174 
5 1.5 34000000 5.18115 0.00983946 -4.13455 0.00588769 18.8917 0.0398008 454.593 1.40113 0.00110208 0.00283898 -0.00321013 0.00301565 0.723849 0.000925919 0.566215 0.00105174 
5 1.5 34250000 5.18115 0.00983946 -4.13455 0.00588769 18.8917 0.0398008 454.593 1.40113 0.00110208 0.00282427 -0.00321013 0.00299354 0.723849 0.000925919 0.566215 0.00105174 
5 1.5 34500000 5.18115 0.00969386 -4.13455 0.00588769 18.8917 0.0398008 454.593 1.40113 0.00110208 0.00280358 -0.00321013 0.00297891 0.723849 0.000925919 0.566215 0.00105174 
5 1.5 34750000 5.18115 0.00969386 -4.13455 0.00588769 18.8917 0.0398008 454.593 1.40113 0.00110208 0.00278486 -0.00321013 0.00297645 0.723849 0.000925919 0.566215 0.00105174 
5 1.5 35000000 5.18041 0.00955673 -4.13409 0.00588769 18.8882 0.0398008 454.513 1.37259 0.00100144 0.00277734 -0.00354739 0.00295621 0.723657 0.000925919 0.566 0.00105174 
5 1.5 35250000 5.18041 0.00955673 -4.13409 0.00588769 18.8882 0.0398008 454.513 1.37259 0.00100144 0.00276182 -0.00354739 0.00293668 0.723657 0.000925919 0.566 0.00105174 
5 1.5 35500000 5.18041 0.00946008 -4.13409 0.00588769 18.8882 0.0398008 454.513 1.37259 0.00100144 0.00275891 -0.00354739 0.00291619 0.723657 0.000925919 0.566 0.00105174 
5 1.5 35750000 5.18041 0.00946008 -4.13409 0.00588769 18.8882 0.0398008 454.513 1.37259 0.00100144 0.00274128 -0.00354739 0.00289732 0.723657 0.000925919 0.566 0.00105174 
5 1.5 36000000 5.18041 0.00943207 -4.13409 0.00588769 18.8882 0.0398008 454.513 1.37259 0.00100144 0.00272409 -0.00354739 0.00288431 0.723657 0.000925919 0.566 0.00105174 
5 1.5 36250000 5.18041 0.00943207 -4.13409 0.00588769 18.8882 0.0398008 454.513 1.37259 0.00100144 0.00271121 -0.00354739 0.00286449 0.723657 0.000925919 0.566 0.00105174 
5 1.5 36500000 5.18041 0.00931456 -4.13409 0.00588769 18.8882 0.0398008 454.513 1.37259 0.00100144 0.00272075 -0.00354739 0.00287381 0.723657 0.000925919 0.566 0.00105174 
5 1.5 36750000 5.18041 0.00931456 -4.13409 0.00588769 18.8882 0.0398008 454.513 1.37259 0.00100144 0.00270717 -0.00354739 0.00287371 0.723657 0.000925919 0.566 0.00105174 
5 1.5 37000000 5.18176 0.00919502 -4.13435 0.0052368 18.8931 0.0354059 454.823 1.28349 0.000800634 0.00269636 -0.00279448 0.00285494 0.723841 0.000823071 0.566256 0.000935688 
5 1.5 37250000 5.18176 0.00919502 -4.13435 0.0052368 18.8931 0.0354059 454.823 1.28349 0.000800634 0.00271551 -0.00279448 0.00283683 0.723841 0.000823071 0.566256 0.000935688 
5 1.5 37500000 5.18176 0.00907676 -4.13435 0.0052368 18.8931 0.0354059 454.823 1.28349 0.000800634 0.00270399 -0.00279448 0.00281906 0.723841 0.000823071 0.566256 0.000935688 
5 1.5 37750000 5.18176 0.00907676 -4.13435 0.0052368 18.8931 0.0354059 454.823 1.28349 0.000800634 0.00271307 -0.00279448 0.00280295 0.723841 0.000823071 0.566256 0.000935688 
5 1.5 38000000 5.18176 0.0089541 -4.13435 0.0052368 18.8931 0.0354059 454.823 1.28349 0.000800634 0.00270634 -0.00279448 0.00278408 0.723841 0.000823071 0.566256 0.000935688 
5 1.5 38250000 5.18176 0.0089541 -4.13435 0.0052368 18.8931 0.0354059 454.823 1.28349 0.000800634 0.00269182 -0.00279448 0.0027654 0.723841 0.000823071 0.566256 0.000935688 
5 1.5 38500000 5.18176 0.00893795 -4.13435 0.0052368 18.8931 0.0354059 454.823 1.28349 0.000800634 0.00269776 -0.00279448 0.00275216 0.723841 0.000823071 0.566256 0.000935688 
5 1.5 38750000 5.18176 0.00893795 -4.13435 0.0052368 18.8931 0.0354059 454.823 1.28349 0.000800634 0.00268017 -0.00279448 0.00273442 0.723841 0.000823071 0.566256 0.000935688 
5 1.5 39000000 5.17824 0.00899536 -4.13489 0.0052368 18.8967 0.0354059 454.937 1.25494 0.00193251 0.00266414 -0.00223674 0.00273194 0.723967 0.000823071 0.566383 0.000935688 
5 1.5 39250000 5.17824 0.00899536 -4.13489 0.0052368 18.8967 0.0354059 454.937 1.25494 0.00193251 0.00267728 -0.00223674 0.00273465 0.723967 0.000823071 0.566383 0.000935688 
5 1.5 39500000 5.17824 0.00898364 -4.13489 0.0052368 18.8967 0.0354059 454.937 1.25494 0.00193251 0.00266651 -0.00223674 0.00271738 0.723967 0.000823071 0.566383 0.000935688 
5 1.5 39750000 5.17824 0.00898364 -4.13489 0.0052368 18.8967 0.0354059 454.937 1.25494 0.00193251 0.00265043 -0.00223674 0.00270433 0.723967 0.000823071 0.566383 0.000935688 
5 1.5 40000000 5.17824 0.00878757 -4.13489 0.0052368 18.8967 0.0354059 454.937 1.23915 0.00193251 0.00263833 -0.00223674 0.00268826 0.723967 0.000823071 0.566383 0.000935688 
5 1.5 40250000 5.17824 0.00878757 -4.13489 0.0052368 18.8967 0.0354059 454.937 1.23915 0.00193251 0.00263014 -0.00223674 0.00269045 0.723967 0.000823071 0.566383 0.000935688 
5 1.5 40500000 5.17824 0.00875526 -4.13489 0.0052368 18.8967 0.0354059 454.937 1.23915 0.00193251 0.00261788 -0.00223674 0.00268898 0.723967 0.000823071 0.566383 0.000935688 
5 1.5 40750000 5.17824 0.00875526 -4.13489 0.0052368 18.8967 0.0354059 454.937 1.23915 0.00193251 0.00260693 -0.00223674 0.00267892 0.723967 0.000823071 0.566383 0.000935688 
5 1.5 41000000 5.17764 0.00857272 -4.13439 0.00475987 18.8917 0.0339765 454.712 1.20887 0.00172716 0.00259198 -0.00238883 0.00267055 0.723827 0.000740879 0.566181 0.000859926 
5 1.5 41250000 5.17764 0.00857272 -4.13439 0.00475987 18.8917 0.0339765 454.712 1.20887 0.00172716 0.00258652 -0.00238883 0.00267566 0.723827 0.000740879 0.566181 0.000859926 
5 1.5 41500000 5.17764 0.00854601 -4.13439 0.00475987 18.8917 0.0339765 454.712 1.20887 0.00172716 0.00257102 -0.00238883 0.00266008 0.723827 0.000740879 0.566181 0.000859926 
5 1.5 41750000 5.17764 0.00854601 -4.13439 0.00475987 18.8917 0.0339765 454.712 1.20887 0.00172716 0.00256317 -0.00238883 0.00266008 0.723827 0.000740879 0.566181 0.000859926 
5 1.5 42000000 5.17764 0.00854601 -4.13439 0.00475987 18.8917 0.0339765 454.712 1.20887 0.00172716 0.00255629 -0.00238883 0.00264658 0.723827 0.000740879 0.566181 0.000859926 
5 1.5 42250000 5.17764 0.0083882 -4.13439 0.00475987 18.8917 0.0339765 454.712 1.28284 0.00172716 0.00254941 -0.00238883 0.00263219 0.723827 0.000740879 0.566181 0.000859926 
5 1.5 42500000 5.17764 0.0083882 -4.13439 0.00475987 18.8917 0.0339765 454.712 1.28284 0.00172716 0.00255247 -0.00238883 0.00262491 0.723827 0.000740879 0.566181 0.000859926 
5 1.5 42750000 5.17764 0.00835731 -4.13439 0.00475987 18.8917 0.0339765 454.712 1.28284 0.00172716 0.00255392 -0.00238883 0.0026097 0.723827 0.000740879 0.566181 0.000859926 
5 1.5 43000000 5.17764 0.00835731 -4.13439 0.00475987 18.8917 0.0339765 454.712 1.28284 0.00172716 0.00254494 -0.00238883 0.00259572 0.723827 0.000740879 0.566181 0.000859926 
5 1.5 43250000 5.17764 0.00821267 -4.13439 0.00475987 18.8917 0.034021 454.712 1.28208 0.00172716 0.00255343 -0.00238883 0.00259705 0.723827 0.000740879 0.566181 0.0008795 
5 1.5 43500000 5.17764 0.00821267 -4.13439 0.00475987 18.8917 0.034021 454.712 1.28208 0.00172716 0.00253993 -0.00238883 0.00258976 0.723827 0.000740879 0.566181 0.0008795 
5 1.5 43750000 5.17764 0.008187 -4.13439 0.00475987 18.8917 0.034021 454.712 1.28208 0.00172716 0.00252902 -0.00238883 0.00258295 0.723827 0.000740879 0.566181 0.0008795 
5 1.5 44000000 5.17764 0.008187 -4.13439 0.00475987 18.8917 0.034021 454.712 1.28208 0.00172716 0.00251699 -0.00238883 0.00257678 0.723827 0.000740879 0.566181 0.0008795 
5 1.5 44250000 5.17764 0.00802225 -4.13439 0.00475987 18.8917 0.034021 454.712 1.28208 0.00172716 0.00252361 -0.00238883 0.0025634 0.723827 0.000740879 0.566181 0.0008795 
5 1.5 44500000 5.17764 0.00802225 -4.13439 0.00475987 18.8917 0.034021 454.712 1.28208 0.00172716 0.00250941 -0.00238883 0.002549 0.723827 0.000740879 0.566181 0.0008795 
5 1.5 44750000 5.17764 0.00799737 -4.13439 0.00475987 18.8917 0.034021 454.712 1.28208 0.00172716 0.00250694 -0.00238883 0.00253437 0.723827 0.000740879 0.566181 0.0008795 
5 1.5 45000000 5.17764 0.00799737 -4.13439 0.00475987 18.8917 0.034021 454.712 1.28208 0.00172716 0.00249424 -0.00238883 0.00252608 0.723827 0.000740879 0.566181 0.0008795 
5 1.5 45250000 5.17624 0.00784326 -4.13762 0.00527652 18.9156 0.0368841 455.637 1.34746 0.0012238 0.0024893 -0.00290877 0.00251178 0.724173 0.000749764 0.566613 0.000871724 
5 1.5 45500000 5.17624 0.00784326 -4.13762 0.00527652 18.9156 0.0368841 455.637 1.34746 0.0012238 0.00247781 -0.00290877 0.00251926 0.724173 0.000749764 0.566613 0.000871724 
5 1.5 45750000 5.17624 0.00781914 -4.13762 0.00527652 18.9156 0.0368841 455.637 1.34746 0.0012238 0.0024686 -0.00290877 0.0025133 0.724173 0.000749764 0.566613 0.000871724 
5 1.5 46000000 5.17624 0.00781914 -4.13762 0.00527652 18.9156 0.0368841 455.637 1.34746 0.0012238 0.00245489 -0.00290877 0.00253207 0.724173 0.000749764 0.566613 0.000871724 
5 1.5 46250000 5.17624 0.00773399 -4.13762 0.00527652 18.9156 0.0368841 455.637 1.34746 0.0012238 0.00244181 -0.00290877 0.00251898 0.724173 0.000749764 0.566613 0.000871724 
5 1.5 46500000 5.17624 0.00773911 -4.13762 0.00527652 18.9156 0.0368841 455.637 1.34746 0.0012238 0.00243203 -0.00290877 0.00250601 0.724173 0.000749764 0.566613 0.000871724 
5 1.5 46750000 5.17624 0.00770072 -4.13762 0.00527652 18.9156 0.0368841 455.637 1.34746 0.0012238 0.00241882 -0.00290877 0.00249436 0.724173 0.000749764 0.566613 0.000871724 
5 1.5 47000000 5.17624 0.00766398 -4.13762 0.00527652 18.9156 0.0368841 455.637 1.34746 0.0012238 0.00242099 -0.00290877 0.00249102 0.724173 0.000749764 0.566613 0.000871724 
5 1.5 47250000 5.17624 0.00782742 -4.13762 0.00527652 18.9156 0.0368841 455.637 1.34746 0.0012238 0.00241753 -0.00290877 0.00248242 0.724173 0.000749764 0.566613 0.000871724 
5 1.5 47500000 5.17624 0.00782742 -4.13762 0.00527652 18.9156 0.0368841 455.637 1.34746 0.0012238 0.00240666 -0.00290877 0.00247048 0.724173 0.000749764 0.566613 0.000871724 
5 1.5 47750000 5.17624 0.00782742 -4.13762 0.00527652 18.9156 0.0368841 455.637 1.34746 0.0012238 0.00239772 -0.00290877 0.00246574 0.724173 0.000749764 0.566613 0.000871724 
5 1.5 48000000 5.17624 0.00782742 -4.13762 0.00527652 18.9156 0.0368841 455.637 1.34746 0.0012238 0.00239651 -0.00290877 0.00247153 0.724173 0.000749764 0.566613 0.000871724 
5 1.5 48250000 5.17624 0.0076979 -4.13762 0.00527652 18.9156 0.0368841 455.637 1.34746 0.0012238 0.00238444 -0.00290877 0.00246406 0.724173 0.000749764 0.566613 0.000871724 
5 1.5 48500000 5.17624 0.0076979 -4.13762 0.00527652 18.9156 0.0368841 455.637 1.34746 0.0012238 0.0023733 -0.00290877 0.00245491 0.724173 0.000749764 0.566613 0.000871724 
5 1.5 48750000 5.17624 0.0076979 -4.13762 0.00527652 18.9156 0.0368841 455.637 1.34746 0.0012238 0.00236439 -0.00290877 0.00247968 0.724173 0.000749764 0.566613 0.000871724 
5 1.5 49000000 5.17624 0.0076979 -4.13762 0.00527652 18.9156 0.0368841 455.637 1.34746 0.0012238 0.00236727 -0.00290877 0.0025001 0.724173 0.000749764 0.566613 0.000871724 
5 1.5 49250000 5.17784 0.00754 -4.13719 0.00485384 18.9151 0.0354866 455.691 1.33845 0.00113205 0.00235603 -0.00181923 0.00248882 0.724174 0.000687284 0.56665 0.000813678 
5 1.5 49500000 5.17784 0.00754 -4.13719 0.00485384 18.9151 0.0354866 455.691 1.33845 0.00113205 0.00234594 -0.00181923 0.00248134 0.724174 0.000687284 0.56665 0.000813678 
5 1.5 49750000 5.17784 0.00754 -4.13719 0.00485384 18.9151 0.0354866 455.691 1.33845 0.00113205 0.0023353 -0.00181923 0.00247004 0.724174 0.000687284 0.56665 0.000813678 
5 1.5 50000000 5.17784 0.00754 -4.13719 0.00485384 18.9151 0.0354866 455.691 1.33845 0.00113205 0.00232914 -0.00181923 0.00245828 0.724174 0.000687284 0.56665 0.000813678 
5 1.5 50250000 5.17784 0.00745062 -4.13719 0.00485384 18.9151 0.0354866 455.691 1.33845 0.00113205 0.00232587 -0.00181923 0.00245265 0.724174 0.000687284 0.56665 0.000813678 
5 1.5 50500000 5.17784 0.0074369 -4.13719 0.00485384 18.9151 0.0354866 455.691 1.33845 0.00113205 0.00231482 -0.00181923 0.00244111 0.724174 0.000687284 0.56665 0.000813678 
5 1.5 50750000 5.17784 0.0074221 -4.13719 0.00485384 18.9151 0.0354866 455.691 1.33845 0.00113205 0.00231234 -0.00181923 0.00243773 0.724174 0.000687284 0.56665 0.000813678 
5 1.5 51000000 5.17784 0.00740981 -4.13719 0.00485384 18.9151 0.0354866 455.691 1.33845 0.00113205 0.00231655 -0.00181923 0.00243373 0.724174 0.000687284 0.56665 0.000813678 
5 1.5 51250000 5.17784 0.00738854 -4.13719 0.00485384 18.9151 0.0354866 455.691 1.33845 0.00113205 0.00231023 -0.00181923 0.00242852 0.724174 0.000687284 0.56665 0.000806605 
5 1.5 51500000 5.17784 0.0073625 -4.13719 0.00485384 18.9151 0.0354866 455.691 1.33845 0.00113205 0.00230574 -0.00181923 0.00242156 0.724174 0.000687284 0.56665 0.000806605 
5 1.5 51750000 5.17784 0.0073609 -4.13719 0.00485384 18.9151 0.0354866 455.691 1.33845 0.00113205 0.00229588 -0.00181923 0.00241295 0.724174 0.000687284 0.56665 0.000806605 
5 1.5 52000000 5.17784 0.00733439 -4.13719 0.00485384 18.9151 0.0354866 455.691 1.33845 0.00113205 0.00228581 -0.00181923 0.00240407 0.724174 0.000687284 0.56665 0.000806605 
5 1.5 52250000 5.17784 0.00733187 -4.13719 0.00485384 18.9151 0.0354866 455.691 1.33845 0.00113205 0.0022773 -0.00181923 0.00239955 0.724174 0.000687284 0.56665 0.000806605 
5 1.5 52500000 5.17784 0.00735246 -4.13719 0.00485384 18.9151 0.0354866 455.691 1.33845 0.00113205 0.00227214 -0.00181923 0.00239955 0.724174 0.000687284 0.56665 0.000806605 
5 1.5 52750000 5.17784 0.00732419 -4.13719 0.00485384 18.9151 0.0354866 455.691 1.33845 0.00113205 0.00226657 -0.00181923 0.00239273 0.724174 0.000687284 0.56665 0.000806605 
5 1.5 53000000 5.17784 0.00730448 -4.13719 0.00485384 18.9151 0.0354866 455.691 1.33845 0.00113205 0.00226208 -0.00181923 0.00238177 0.724174 0.000687284 0.56665 0.000806605 
5 1.5 53250000 5.17784 0.00727249 -4.13719 0.00485384 18.9151 0.0354866 455.691 1.33845 0.00113205 0.00225169 -0.00181923 0.00237368 0.724174 0.000687284 0.56665 0.000806605 
5 1.5 53500000 5.17966 0.00725557 -4.13725 0.00472142 18.9192 0.0354866 455.958 1.33845 -0.000130557 0.00224745 -0.00209207 0.00236345 0.724185 0.000677044 0.566723 0.000806605 
5 1.5 53750000 5.17966 0.00724223 -4.13725 0.00472142 18.9192 0.0354866 455.958 1.33845 -0.000130557 0.00224198 -0.00209207 0.00236314 0.724185 0.000677044 0.566723 0.000806605 
5 1.5 54000000 5.17966 0.00724223 -4.13725 0.00472142 18.9192 0.0354866 455.958 1.33845 -0.000130557 0.00223905 -0.00209207 0.0023526 0.724185 0.000677044 0.566723 0.000806605 
5 1.5 54250000 5.17966 0.00724223 -4.13725 0.00472142 18.9192 0.0354866 455.958 1.33845 -0.000130557 0.00224002 -0.00209207 0.00234627 0.724185 0.000677044 0.566723 0.000806605 
5 1.5 54500000 5.17966 0.00717416 -4.13725 0.00472142 18.9192 0.0354866 455.958 1.33845 -0.000130557 0.00223329 -0.00209207 0.00233926 0.724185 0.000677044 0.566723 0.000806605 
5 1.5 54750000 5.17966 0.0071511 -4.13725 0.00472142 18.9192 0.0354866 455.958 1.33845 -0.000130557 0.00222656 -0.00209207 0.00232909 0.724185 0.000677044 0.566723 0.000806605 
5 1.5 55000000 5.17966 0.00712957 -4.13725 0.00472142 18.9192 0.0354866 455.958 1.33845 -0.000130557 0.00221836 -0.00209207 0.00231951 0.724185 0.000677044 0.566723 0.000806605 
5 1.5 55250000 5.17966 0.00714283 -4.13725 0.00472142 18.9192 0.0354866 455.958 1.33845 -0.000130557 0.00222435 -0.00209207 0.00231032 0.724185 0.000677044 0.566723 0.000806605 
5 1.5 55500000 5.17966 0.00711613 -4.13725 0.00472142 18.9192 0.0354866 455.958 1.33845 -0.000130557 0.00221612 -0.00209207 0.00229963 0.724185 0.000677044 0.566723 0.000806605 
5 1.5 55750000 5.17966 0.00711347 -4.13725 0.00472142 18.9192 0.0354866 455.958 1.33845 -0.000130557 0.00221022 -0.00209207 0.00229019 0.724185 0.000677044 0.566723 0.000806605 
5 1.5 56000000 5.17966 0.00710571 -4.13725 0.00472142 18.9192 0.0354866 455.958 1.33845 -0.000130557 0.00220699 -0.00209207 0.0022861 0.724185 0.000677044 0.566723 0.000806605 
5 1.5 56250000 5.17966 0.00707754 -4.13725 0.00472142 18.9192 0.0354866 455.958 1.33845 -0.000130557 0.00220057 -0.00209207 0.00227603 0.724185 0.000677044 0.566723 0.000806605 
5 1.5 56500000 5.17966 0.00705288 -4.13725 0.00472142 18.9192 0.0354866 455.958 1.33845 -0.000130557 0.00219434 -0.00209207 0.00226708 0.724185 0.000677044 0.566723 0.000806605 
5 1.5 56750000 5.17966 0.00703052 -4.13725 0.00472142 18.9192 0.0354866 455.958 1.33845 -0.000130557 0.0021868 -0.00209207 0.00225763 0.724185 0.000677044 0.566723 0.000806605 
5 1.5 57000000 5.17966 0.00702193 -4.13725 0.00472142 18.9192 0.0354866 455.958 1.33845 -0.000130557 0.00218011 -0.00209207 0.00226248 0.724185 0.000677044 0.566723 0.000806605 
5 1.5 57250000 5.17966 0.00699275 -4.13725 0.00472142 18.9192 0.0354866 455.958 1.33845 -0.000130557 0.00217545 -0.00209207 0.00225265 0.724185 0.000677044 0.566723 0.000806605 
5 1.5 57500000 5.17855 0.00697726 -4.13828 0.00427723 18.9292 0.0331134 456.377 1.31113 0.000335847 0.00216729 -0.0028386 0.00224729 0.724285 0.00060721 0.566903 0.000739838 
5 1.5 57750000 5.17855 0.00698626 -4.13828 0.00427723 18.9292 0.0331134 456.377 1.31113 0.000335847 0.00216353 -0.0028386 0.00223754 0.724285 0.00060721 0.566903 0.000739838 
5 1.5 58000000 5.17855 0.00696682 -4.13828 0.00427723 18.9292 0.0331134 456.377 1.31113 0.000335847 0.00215555 -0.0028386 0.00222785 0.724285 0.00060721 0.566903 0.000739838 
5 1.5 58250000 5.17855 0.00694902 -4.13828 0.00427723 18.9292 0.0331134 456.377 1.31113 0.000335847 0.0021493 -0.0028386 0.00222291 0.724285 0.00060721 0.566903 0.000739838 
5 1.5 58500000 5.17855 0.00692918 -4.13828 0.00427723 18.9292 0.0331134 456.377 1.31113 0.000335847 0.00214239 -0.0028386 0.00222329 0.724285 0.00060721 0.566903 0.000739838 
5 1.5 58750000 5.17855 0.0069049 -4.13828 0.00427723 18.9292 0.0331134 456.377 1.31113 0.000335847 0.00213574 -0.0028386 0.00221359 0.724285 0.00060721 0.566903 0.000739838 
5 1.5 59000000 5.17855 0.00691095 -4.13828 0.00427723 18.9292 0.0331134 456.377 1.31113 0.000335847 0.00212823 -0.0028386 0.00220437 0.724285 0.00060721 0.566903 0.000739838 
5 1.5 59250000 5.17855 0.00688361 -4.13828 0.00427723 18.9292 0.0331134 456.377 1.31113 0.000335847 0.00212082 -0.0028386 0.00219484 0.724285 0.00060721 0.566903 0.000739838 
5 1.5 59500000 5.17855 0.00687144 -4.13828 0.00427723 18.9292 0.0331134 456.377 1.31113 0.000335847 0.00211491 -0.0028386 0.00220682 0.724285 0.000597066 0.566903 0.000730235 
5 1.5 59750000 5.17855 0.00688432 -4.13828 0.00427723 18.9292 0.0331134 456.377 1.31113 0.000335847 0.00211952 -0.0028386 0.00219918 0.724285 0.000597066 0.566903 0.000730235 
5 1.5 60000000 5.17855 0.00686507 -4.13828 0.00427723 18.9292 0.0331134 456.377 1.31113 0.000335847 0.00211412 -0.0028386 0.00219977 0.724285 0.000597066 0.566903 0.000730235 
5 1.5 60250000 5.17855 0.00684588 -4.13828 0.00427723 18.9292 0.0331134 456.377 1.31113 0.000335847 0.00210763 -0.0028386 0.00219325 0.724285 0.000597066 0.566903 0.000730235 
5 1.5 60500000 5.17855 0.00683178 -4.13828 0.00427723 18.9292 0.0331134 456.377 1.31113 0.000335847 0.00210087 -0.0028386 0.00218744 0.724285 0.000597066 0.566903 0.000730235 
5 1.5 60750000 5.17855 0.00681382 -4.13828 0.00427723 18.9292 0.0331134 456.377 1.31113 0.000335847 0.00209351 -0.0028386 0.00217911 0.724285 0.000597066 0.566903 0.000730235 
5 1.5 61000000 5.17855 0.00681476 -4.13828 0.00427723 18.9292 0.0331134 456.377 1.31113 0.000335847 0.00209395 -0.0028386 0.00217221 0.724285 0.000597066 0.566903 0.000730235 
5 1.5 61250000 5.17855 0.00679648 -4.13828 0.00427723 18.9292 0.0331134 456.377 1.31113 0.000335847 0.00208773 -0.0028386 0.00216729 0.724285 0.000597066 0.566903 0.000730235 
5 1.5 61500000 5.17701 0.00677728 -4.13913 0.0041706 18.9333 0.0331134 456.471 1.31113 0.000490238 0.00208129 -0.00315865 0.00216108 0.724382 0.000589402 0.567001 0.000730235 
5 1.5 61750000 5.17701 0.00675532 -4.13913 0.0041706 18.9333 0.0331134 456.471 1.31113 0.000490238 0.00210634 -0.00315865 0.00215212 0.724382 0.000589402 0.567001 0.000730235 
5 1.5 62000000 5.17701 0.00678399 -4.13913 0.0041706 18.9333 0.0331134 456.471 1.31113 0.000490238 0.00210217 -0.00315865 0.00214611 0.724382 0.000589402 0.567001 0.000730235 
5 1.5 62250000 5.17701 0.00677444 -4.13913 0.0041706 18.9333 0.0331134 456.471 1.31113 0.000490238 0.00209462 -0.00315865 0.00214353 0.724382 0.000589402 0.567001 0.000730235 
5 1.5 62500000 5.17701 0.00675371 -4.13913 0.0041706 18.9333 0.0331134 456.471 1.31113 0.000490238 0.00208764 -0.00315865 0.0021429 0.724382 0.000589402 0.567001 0.000730235 
5 1.5 62750000 5.17701 0.00672698 -4.13913 0.0041706 18.9333 0.0331134 456.471 1.31113 0.000490238 0.00208964 -0.00315865 0.00214003 0.724382 0.000589402 0.567001 0.000730235 
5 1.5 63000000 5.17701 0.00671267 -4.13913 0.0041706 18.9333 0.0331134 456.471 1.31113 0.000490238 0.00208964 -0.00315865 0.00214003 0.724382 0.000589402 0.567001 0.000730235 
5 1.5 63250000 5.17701 0.00669214 -4.13913 0.0041706 18.9333 0.0331134 456.471 1.31113 0.000490238 0.00208299 -0.00315865 0.0021407 0.724382 0.000589402 0.567001 0.000730235 
5 1.5 63500000 5.17701 0.0066753 -4.13913 0.0041706 18.9333 0.0331134 456.471 1.31113 0.000490238 0.00207828 -0.00315865 0.002136 0.724382 0.000589402 0.567001 0.000730235 
5 1.5 63750000 5.17701 0.00666698 -4.13913 0.0041706 18.9333 0.0331134 456.471 1.31113 0.000490238 0.00206991 -0.00315865 0.00212792 0.724382 0.000589402 0.567001 0.000730235 
5 1.5 64000000 5.17701 0.0066419 -4.13913 0.0041706 18.9333 0.0331134 456.471 1.31113 0.000490238 0.00206806 -0.00315865 0.00212532 0.724382 0.000589402 0.567001 0.000730235 
5 1.5 64250000 5.17701 0.00661823 -4.13913 0.0041706 18.9333 0.0331134 456.471 1.31113 0.000490238 0.00206016 -0.00315865 0.00211797 0.724382 0.000589402 0.567001 0.000730235 
5 1.5 64500000 5.17701 0.00663046 -4.13913 0.0041706 18.9333 0.0331134 456.471 1.31113 0.000490238 0.00206689 -0.00315865 0.00211215 0.724382 0.000589402 0.567001 0.000730235 
5 1.5 64750000 5.17701 0.00660415 -4.13913 0.0041706 18.9333 0.0331134 456.471 1.31113 0.000490238 0.00206552 -0.00315865 0.0021149 0.724382 0.000589402 0.567001 0.000730235 
5 1.5 65000000 5.17701 0.00657808 -4.13913 0.0041706 18.9333 0.0331134 456.471 1.31113 0.000490238 0.00209654 -0.00315865 0.00210698 0.724382 0.000589402 0.567001 0.000730235 
5 1.5 65250000 5.17701 0.00655491 -4.13913 0.0041706 18.9333 0.0331134 456.471 1.31113 0.000490238 0.0020893 -0.00315865 0.00210175 0.724382 0.000589402 0.567001 0.000730235 
5 1.5 65500000 5.17701 0.0065299 -4.13913 0.0041706 18.9333 0.0331134 456.471 1.31113 0.000490238 0.00208375 -0.00315865 0.00209824 0.724382 0.000589402 0.567001 0.000730235 
5 1.5 65750000 5.1755 0.00652838 -4.1402 0.00406632 18.9417 0.031233 456.8 1.21378 -7.35295e-05 0.00208002 -0.00290285 0.00209163 0.724561 0.000576938 0.567256 0.00071896 
5 1.5 66000000 5.1755 0.00652974 -4.1402 0.00406632 18.9417 0.031233 456.8 1.21378 -7.35295e-05 0.00207458 -0.00290285 0.00208368 0.724561 0.000576938 0.567256 0.00071896 
5 1.5 66250000 5.1755 0.0065179 -4.1402 0.00406632 18.9417 0.031233 456.8 1.21378 -7.35295e-05 0.00208923 -0.00290285 0.00207561 0.724561 0.000576938 0.567256 0.00071896 
5 1.5 66500000 5.1755 0.00653218 -4.1402 0.00406632 18.9417 0.031233 456.8 1.21378 -7.35295e-05 0.00208117 -0.00290285 0.00206971 0.724561 0.000576938 0.567256 0.00071896 
5 1.5 66750000 5.1755 0.00651072 -4.1402 0.00406632 18.9417 0.031233 456.8 1.21378 -7.35295e-05 0.00208234 -0.00290285 0.0020629 0.724561 0.000576938 0.567256 0.00071896 
5 1.5 67000000 5.1755 0.00648582 -4.1402 0.00406632 18.9417 0.031233 456.8 1.21378 -7.35295e-05 0.00207461 -0.00290285 0.00205594 0.724561 0.000576938 0.567256 0.00071896 
5 1.5 67250000 5.1755 0.00646216 -4.1402 0.00406632 18.9417 0.031233 456.8 1.21378 -7.35295e-05 0.00206697 -0.00290285 0.0020484 0.724561 0.000576938 0.567256 0.00071896 
5 1.5 67500000 5.1755 0.0064376 -4.1402 0.00406632 18.9417 0.031233 456.8 1.21378 -7.35295e-05 0.0020615 -0.00290285 0.00204137 0.724561 0.000576938 0.567256 0.00071896 
5 1.5 67750000 5.1755 0.00649032 -4.1402 0.00406632 18.9417 0.031233 456.8 1.21378 -7.35295e-05 0.002055 -0.00290285 0.00203388 0.724561 0.000576938 0.567256 0.00071896 
5 1.5 68000000 5.1755 0.00647529 -4.1402 0.00406632 18.9417 0.031233 456.8 1.21378 -7.35295e-05 0.00204831 -0.00290285 0.00203022 0.724561 0.000576938 0.567256 0.00071896 
5 1.5 68250000 5.1755 0.00645151 -4.1402 0.00406632 18.9417 0.031233 456.8 1.21378 -7.35295e-05 0.0020474 -0.00290285 0.00202263 0.724561 0.000576938 0.567256 0.00071896 
5 1.5 68500000 5.1755 0.00642737 -4.1402 0.00406632 18.9417 0.031233 456.8 1.21378 -7.35295e-05 0.00203995 -0.00290285 0.00202909 0.724561 0.000576938 0.567256 0.00071896 
5 1.5 68750000 5.1755 0.00641846 -4.1402 0.00406632 18.9417 0.031233 456.8 1.21378 -7.35295e-05 0.00203286 -0.00290285 0.00202228 0.724561 0.000576938 0.567256 0.00071896 
5 1.5 69000000 5.1755 0.00643328 -4.1402 0.00406632 18.9417 0.031233 456.8 1.21378 -7.35295e-05 0.0020274 -0.00290285 0.00201494 0.724561 0.000576938 0.567256 0.00071896 
5 1.5 69250000 5.1755 0.00641023 -4.1402 0.00406632 18.9417 0.031233 456.8 1.21378 -7.35295e-05 0.0020206 -0.00290285 0.00200765 0.724561 0.000576938 0.567256 0.00071896 
5 1.5 69500000 5.1755 0.00639003 -4.1402 0.00406632 18.9417 0.031233 456.8 1.21378 -7.35295e-05 0.00201811 -0.00290285 0.00200371 0.724561 0.000576938 0.567256 0.00071896 
5 1.5 69750000 5.17407 0.00638258 -4.1412 0.00406632 18.9509 0.031233 457.172 1.21378 -0.000380684 0.0020108 -0.00304971 0.00199745 0.72464 0.000576938 0.567389 0.00071896 
5 1.5 70000000 5.17407 0.00636067 -4.1412 0.00406632 18.9509 0.031233 457.172 1.21378 -0.000380684 0.00200487 -0.00304971 0.0019902 0.72464 0.000576938 0.567389 0.00071896 
5 1.5 70250000 5.17407 0.00633938 -4.1412 0.00406632 18.9509 0.031233 457.172 1.21378 -0.000380684 0.00199971 -0.00304971 0.00198347 0.72464 0.000576938 0.567389 0.00071896 
5 1.5 70500000 5.17407 0.00631682 -4.1412 0.00406632 18.9509 0.031233 457.172 1.21378 -0.000380684 0.00199941 -0.00304971 0.00197838 0.72464 0.000576938 0.567389 0.00071896 
5 1.5 70750000 5.17407 0.00631165 -4.1412 0.00406632 18.9509 0.031233 457.172 1.21378 -0.000380684 0.00199249 -0.00304971 0.00197494 0.72464 0.000576938 0.567389 0.00071896 
5 1.5 71000000 5.17407 0.00630515 -4.1412 0.00406632 18.9509 0.031233 457.172 1.21378 -0.000380684 0.00198549 -0.00304971 0.00196895 0.72464 0.000576938 0.567389 0.00071896 
5 1.5 71250000 5.17407 0.00628405 -4.1412 0.00406632 18.9509 0.031233 457.172 1.21378 -0.000380684 0.00198524 -0.00304971 0.00196211 0.72464 0.000576938 0.567389 0.00071896 
5 1.5 71500000 5.17407 0.00626943 -4.1412 0.00406632 18.9509 0.031233 457.172 1.21378 -0.000380684 0.00199477 -0.00304971 0.00195508 0.72464 0.000576938 0.567389 0.00071896 
5 1.5 71750000 5.17407 0.00628738 -4.1412 0.00406632 18.9509 0.031233 457.172 1.21378 -0.000380684 0.00199337 -0.00304971 0.00194905 0.72464 0.000576938 0.567389 0.00071896 
5 1.5 72000000 5.17407 0.00626579 -4.1412 0.00406632 18.9509 0.031233 457.172 1.21378 -0.000380684 0.00199505 -0.00304971 0.00194221 0.72464 0.000576938 0.567389 0.00071896 
5 1.5 72250000 5.17407 0.00625058 -4.1412 0.00406632 18.9509 0.031233 457.172 1.21378 -0.000380684 0.00198798 -0.00304971 0.0019357 0.72464 0.000576938 0.567389 0.00071896 
5 1.5 72500000 5.17407 0.00623532 -4.1412 0.00406632 18.9509 0.031233 457.172 1.21378 -0.000380684 0.00198928 -0.00304971 0.00193097 0.72464 0.000576938 0.567389 0.00071896 
5 1.5 72750000 5.17407 0.00621381 -4.1412 0.00406632 18.9509 0.031233 457.172 1.21378 -0.000380684 0.00198304 -0.00304971 0.00192447 0.72464 0.000576938 0.567389 0.00071896 
5 1.5 73000000 5.17407 0.00619471 -4.1412 0.00406632 18.9509 0.031233 457.172 1.21378 -0.000380684 0.00197792 -0.00304971 0.00191789 0.72464 0.000576938 0.567389 0.00071896 
5 1.5 73250000 5.17407 0.00617451 -4.1412 0.00406632 18.9509 0.031233 457.172 1.21378 -0.000380684 0.00197568 -0.00304971 0.00191375 0.72464 0.000576938 0.567389 0.00071896 
5 1.5 73500000 5.17407 0.00615651 -4.1412 0.00406632 18.9509 0.031233 457.172 1.21378 -0.000380684 0.00198568 -0.00304971 0.00190776 0.72464 0.000576938 0.567389 0.00071896 
5 1.5 73750000 5.17407 0.00615651 -4.1412 0.00406632 18.9509 0.031233 457.172 1.21378 -0.000380684 0.00198568 -0.00304971 0.00190776 0.72464 0.000576938 0.567389 0.00071896 
5 1.5 74000000 5.17505 0.00614039 -4.14224 0.00409203 18.9591 0.032243 457.445 1.23813 -0.00022298 0.00197906 -0.00289607 0.00190237 0.724798 0.000559084 0.567619 0.000724912 
5 1.5 74250000 5.17505 0.00612121 -4.14224 0.00409203 18.9591 0.032243 457.445 1.23813 -0.00022298 0.00197583 -0.00289607 0.00189867 0.724798 0.000559084 0.567619 0.000724912 
5 1.5 74500000 5.17505 0.00610013 -4.14224 0.00409203 18.9591 0.032243 457.445 1.23813 -0.00022298 0.00197332 -0.00289607 0.00189451 0.724798 0.000559084 0.567619 0.000724912 
5 1.5 74750000 5.17505 0.00608018 -4.14224 0.00409203 18.9591 0.032243 457.445 1.23813 -0.00022298 0.00196722 -0.00289607 0.00188949 0.724798 0.000559084 0.567619 0.000724912 
5 1.5 75000000 5.17505 0.00614656 -4.14224 0.00409203 18.9591 0.032243 457.445 1.23813 -0.00022298 0.00196859 -0.00289607 0.00188909 0.724798 0.000559084 0.567619 0.000724912 
5 1.5 75250000 5.17505 0.00614982 -4.14224 0.00409203 18.9591 0.032243 457.445 1.23813 -0.00022298 0.00196213 -0.00289607 0.00188265 0.724798 0.000559084 0.567619 0.000724912 
5 1.5 75500000 5.17505 0.00615222 -4.14224 0.00409203 18.9591 0.032243 457.445 1.23813 -0.00022298 0.00195566 -0.00289607 0.00187928 0.724798 0.000559084 0.567619 0.000724912 
5 1.5 75750000 5.17505 0.00613152 -4.14224 0.00409203 18.9591 0.032243 457.445 1.23813 -0.00022298 0.00194989 -0.00289607 0.0018816 0.724798 0.000559084 0.567619 0.000724912 
5 1.5 76000000 5.17505 0.00611214 -4.14224 0.00409203 18.9591 0.032243 457.445 1.23813 -0.00022298 0.00194334 -0.00289607 0.00187564 0.724798 0.000559084 0.567619 0.000724912 
5 1.5 76250000 5.17505 0.0060983 -4.14224 0.00409203 18.9591 0.032243 457.445 1.23813 -0.00022298 0.00193695 -0.00289607 0.00186999 0.724798 0.000559084 0.567619 0.000724912 
5 1.5 76500000 5.17505 0.0060879 -4.14224 0.00409203 18.9591 0.032243 457.445 1.23813 -0.00022298 0.00193241 -0.00289607 0.00186582 0.724798 0.000559084 0.567619 0.000724912 
5 1.5 76750000 5.17505 0.00606754 -4.14224 0.00409203 18.9591 0.032243 457.445 1.23813 -0.00022298 0.00192656 -0.00289607 0.00186255 0.724798 0.000559084 0.567619 0.000724912 
5 1.5 77000000 5.17505 0.00606219 -4.14224 0.00409203 18.9591 0.032243 457.445 1.23813 -0.00022298 0.00192024 -0.00289607 0.00186174 0.724798 0.000559084 0.567619 0.000724912 
5 1.5 77250000 5.17505 0.00604218 -4.14224 0.00409203 18.9591 0.032243 457.445 1.23813 -0.00022298 0.00191742 -0.00289607 0.00185766 0.724798 0.000559084 0.567619 0.000724912 
5 1.5 77500000 5.17505 0.00605403 -4.14224 0.00409203 18.9591 0.032243 457.445 1.23813 -0.00022298 0.00191107 -0.00289607 0.00185157 0.724798 0.000559084 0.567619 0.000724912 
5 1.5 77750000 5.17505 0.00604155 -4.14224 0.00409203 18.9591 0.032243 457.445 1.23813 -0.00022298 0.00190997 -0.00289607 0.00184786 0.724798 0.000559084 0.567619 0.000724912 
5 1.5 78000000 5.17814 0.00603413 -4.14178 0.00409203 18.9571 0.032243 457.424 1.23813 0.000281982 0.00190393 -0.00285015 0.00184257 0.724761 0.000559084 0.567618 0.000724912 
5 1.5 78250000 5.17814 0.00603671 -4.14178 0.00409203 18.9571 0.032243 457.424 1.23813 0.000281982 0.00189828 -0.00285015 0.00185438 0.724761 0.000559084 0.567618 0.000724912 
5 1.5 78500000 5.17814 0.00601726 -4.14178 0.00409203 18.9571 0.032243 457.424 1.23813 0.000281982 0.00189245 -0.00285015 0.00184842 0.724761 0.000559084 0.567618 0.000724912 
5 1.5 78750000 5.17814 0.00599914 -4.14178 0.00409203 18.9571 0.032243 457.424 1.23813 0.000281982 0.00188791 -0.00285015 0.00184327 0.724761 0.000559084 0.567618 0.000724912 
5 1.5 79000000 5.17814 0.00598909 -4.14178 0.00409203 18.9571 0.032243 457.424 1.23813 0.000281982 0.0018921 -0.00285015 0.00183772 0.724761 0.000559084 0.567618 0.000724912 
5 1.5 79250000 5.17814 0.00597449 -4.14178 0.00409203 18.9571 0.032243 457.424 1.23813 0.000281982 0.00188929 -0.00285015 0.00183359 0.724761 0.000559084 0.567618 0.000724912 
5 1.5 79500000 5.17814 0.0059782 -4.14178 0.00409203 18.9571 0.032243 457.424 1.23813 0.000281982 0.0018852 -0.00285015 0.0018293 0.724761 0.000559084 0.567618 0.000724912 
5 1.5 79750000 5.17814 0.00595898 -4.14178 0.00409203 18.9571 0.032243 457.424 1.23813 0.000281982 0.00188155 -0.00285015 0.00182728 0.724761 0.000559084 0.567618 0.000724912 
5 1.5 80000000 5.17814 0.00593996 -4.14178 0.00409203 18.9571 0.032243 457.424 1.23813 0.000281982 0.00189622 -0.00285015 0.00182569 0.724761 0.000559084 0.567618 0.000724912 
5 1.5 80250000 5.17814 0.00592434 -4.14178 0.00409203 18.9571 0.032243 457.424 1.23813 0.000281982 0.00189094 -0.00285015 0.00181996 0.724761 0.000559084 0.567618 0.000724912 
5 1.5 80500000 5.17814 0.00591921 -4.14178 0.00409203 18.9571 0.032243 457.424 1.23813 0.000281982 0.00188556 -0.00285015 0.00181513 0.724761 0.000559084 0.567618 0.000724912 
5 1.5 80750000 5.17814 0.00590066 -4.14178 0.00409203 18.9571 0.032243 457.424 1.23813 0.000281982 0.00188155 -0.00285015 0.00180942 0.724761 0.000559084 0.567618 0.000724912 
5 1.5 81000000 5.17814 0.0058865 -4.14178 0.00409203 18.9571 0.032243 457.424 1.23813 0.000281982 0.00187574 -0.00285015 0.00180434 0.724761 0.000559084 0.567618 0.000724912 
5 1.5 81250000 5.17814 0.00586808 -4.14178 0.00409203 18.9571 0.032243 457.424 1.23813 0.000281982 0.00187062 -0.00285015 0.00180024 0.724761 0.000559084 0.567618 0.000724912 
5 1.5 81500000 5.17814 0.00585247 -4.14178 0.00409203 18.9571 0.032243 457.424 1.23813 0.000281982 0.00187464 -0.00285015 0.00179477 0.724761 0.000559084 0.567618 0.000724912 
5 1.5 81750000 5.17814 0.00583509 -4.14178 0.00409203 18.9571 0.032243 457.424 1.23813 0.000281982 0.00186931 -0.00285015 0.00178921 0.724761 0.000559084 0.567618 0.000724912 
5 1.5 82000000 5.17863 0.00582748 -4.14192 0.00369529 18.9576 0.0290509 457.442 1.11432 0.000343225 0.00186685 -0.00223707 0.00178907 0.724803 0.0005032 0.567663 0.000653761 
5 1.5 82250000 5.17863 0.0058114 -4.14192 0.00369529 18.9576 0.0290509 457.442 1.11432 0.000343225 0.00186111 -0.00223707 0.0017866 0.724803 0.0005032 0.567663 0.000653761 
5 1.5 82500000 5.17863 0.00579803 -4.14192 0.00369529 18.9576 0.0290509 457.442 1.11432 0.000343225 0.00185815 -0.00223707 0.00178118 0.724803 0.0005032 0.567663 0.000653761 
5 1.5 82750000 5.17863 0.00579167 -4.14192 0.00369529 18.9576 0.0290509 457.442 1.11432 0.000343225 0.00185248 -0.00223707 0.00177579 0.724803 0.0005032 0.567663 0.000653761 
5 1.5 83000000 5.17863 0.00577919 -4.14192 0.00369529 18.9576 0.0290509 457.442 1.11432 0.000343225 0.0018535 -0.00223707 0.00177145 0.724803 0.0005032 0.567663 0.000653761 
5 1.5 83250000 5.17863 0.00576234 -4.14192 0.00369529 18.9576 0.0290509 457.442 1.11432 0.000343225 0.00185333 -0.00223707 0.00176802 0.724803 0.0005032 0.567663 0.000653761 
5 1.5 83500000 5.17863 0.0057453 -4.14192 0.00369529 18.9576 0.0290509 457.442 1.11432 0.000343225 0.00184844 -0.00223707 0.00176303 0.724803 0.0005032 0.567663 0.000653761 
5 1.5 83750000 5.17863 0.00574552 -4.14192 0.00369529 18.9576 0.0290509 457.442 1.11432 0.000343225 0.00185641 -0.00223707 0.00175958 0.724803 0.0005032 0.567663 0.000653761 
5 1.5 84000000 5.17863 0.00578603 -4.14192 0.00369529 18.9576 0.0290509 457.442 1.11432 0.000343225 0.00185084 -0.00223707 0.00175984 0.724803 0.0005032 0.567663 0.000653761 
5 1.5 84250000 5.17863 0.00576852 -4.14192 0.00369529 18.9576 0.0290509 457.442 1.11432 0.000343225 0.0018592 -0.00223707 0.00175586 0.724803 0.0005032 0.567663 0.000653761 
5 1.5 84500000 5.17863 0.00576852 -4.14192 0.00369529 18.9576 0.0290509 457.442 1.11432 0.000343225 0.0018592 -0.00223707 0.00175586 0.724803 0.0005032 0.567663 0.000653761 
5 1.5 84750000 5.17863 0.00575181 -4.14192 0.00369529 18.9576 0.0290509 457.442 1.11432 0.000343225 0.00186867 -0.00223707 0.00175091 0.724803 0.0005032 0.567663 0.000653761 
5 1.5 85000000 5.17863 0.00573529 -4.14192 0.00369529 18.9576 0.0290509 457.442 1.11432 0.000343225 0.00188008 -0.00223707 0.00176378 0.724803 0.0005032 0.567663 0.000653761 
5 1.5 85250000 5.17863 0.0057182 -4.14192 0.00369529 18.9576 0.0290509 457.442 1.11432 0.000343225 0.00187912 -0.00223707 0.00177049 0.724803 0.0005032 0.567663 0.000653761 
5 1.5 85500000 5.17863 0.00570127 -4.14192 0.00369529 18.9576 0.0290509 457.442 1.11432 0.000343225 0.00187858 -0.00223707 0.00177028 0.724803 0.0005032 0.567663 0.000653761 
5 1.5 85750000 5.17863 0.00568568 -4.14192 0.00369529 18.9576 0.0290509 457.442 1.11432 0.000343225 0.00187464 -0.00223707 0.00177994 0.724803 0.0005032 0.567663 0.000653761 
5 1.5 86000000 5.17863 0.00571007 -4.14192 0.00369529 18.9576 0.0290509 457.442 1.11432 0.000343225 0.00186906 -0.00223707 0.00177471 0.724803 0.0005032 0.567663 0.000653761 
5 1.5 86250000 5.17863 0.00569361 -4.14192 0.00369529 18.9576 0.0290509 457.442 1.11432 0.000343225 0.00186349 -0.00223707 0.00177911 0.724803 0.0005032 0.567663 0.000653761 
5 1.5 86500000 5.17863 0.00567693 -4.14192 0.00369529 18.9576 0.0290509 457.442 1.11432 0.000343225 0.00185808 -0.00223707 0.00177385 0.724803 0.0005032 0.567663 0.000653761 
5 1.5 86750000 5.17863 0.00566543 -4.14192 0.00369529 18.9576 0.0290509 457.442 1.11432 0.000343225 0.0018607 -0.00223707 0.00176993 0.724803 0.0005032 0.567663 0.000653761 
5 1.5 87000000 5.17863 0.00565396 -4.14192 0.00369529 18.9576 0.0290509 457.442 1.11432 0.000343225 0.00186107 -0.00223707 0.00176605 0.724803 0.0005032 0.567663 0.000653761 
5 1.5 87250000 5.17863 0.0056441 -4.14192 0.00369529 18.9576 0.0290509 457.442 1.11432 0.000343225 0.00185588 -0.00223707 0.00176206 0.724803 0.0005032 0.567663 0.000653761 
5 1.5 87500000 5.17863 0.00562766 -4.14192 0.00369529 18.9576 0.0290509 457.442 1.11432 0.000343225 0.00185058 -0.00223707 0.00175702 0.724803 0.0005032 0.567663 0.000653761 
5 1.5 87750000 5.17863 0.00561127 -4.14192 0.00369529 18.9576 0.0290509 457.442 1.11432 0.000343225 0.00184574 -0.00223707 0.00175207 0.724803 0.0005032 0.567663 0.000653761 
5 1.5 88000000 5.17863 0.00559645 -4.14192 0.00369529 18.9576 0.0290509 457.442 1.11432 0.000343225 0.00184069 -0.00223707 0.00175145 0.724803 0.0005032 0.567663 0.000653761 
5 1.5 88250000 5.17863 0.00558737 -4.14192 0.00369529 18.9576 0.0290509 457.442 1.11432 0.000343225 0.00184066 -0.00223707 0.00175007 0.724803 0.0005032 0.567663 0.000653761 
5 1.5 88500000 5.17863 0.00557246 -4.14192 0.00369529 18.9576 0.0290509 457.442 1.11432 0.000343225 0.00184078 -0.00223707 0.0017451 0.724803 0.0005032 0.567663 0.000653761 
5 1.5 88750000 5.17863 0.00555874 -4.14192 0.00369529 18.9576 0.0290509 457.442 1.11432 0.000343225 0.00183828 -0.00223707 0.00174048 0.724803 0.0005032 0.567663 0.000653761 
5 1.5 89000000 5.17863 0.00555714 -4.14192 0.00369529 18.9576 0.0290509 457.442 1.11432 0.000343225 0.00183501 -0.00223707 0.00174278 0.724803 0.0005032 0.567663 0.000653761 
5 1.5 89250000 5.17863 0.00556021 -4.14192 0.00369529 18.9576 0.0290509 457.442 1.11432 0.000343225 0.00182975 -0.00223707 0.00173818 0.724803 0.0005032 0.567663 0.000653761 
5 1.5 89500000 5.17863 0.00554451 -4.14192 0.00369529 18.9576 0.0290509 457.442 1.11432 0.000343225 0.00182459 -0.00223707 0.00173382 0.724803 0.0005032 0.567663 0.000653761 
5 1.5 89750000 5.17863 0.00553621 -4.14192 0.00369529 18.9576 0.0290509 457.442 1.11432 0.000343225 0.00183546 -0.00223707 0.00173127 0.724803 0.0005032 0.567663 0.000653761 
5 1.5 90000000 5.17863 0.00552058 -4.14192 0.00369529 18.9576 0.0290509 457.442 1.11432 0.000343225 0.00183125 -0.00223707 0.00172866 0.724803 0.0005032 0.567663 0.000653761 
5 1.5 90250000 5.1777 0.00553633 -4.1428 0.0034636 18.9611 0.0266156 457.46 1.10427 -0.000309075 0.00182646 -0.00211958 0.00172552 0.724835 0.000458506 0.567652 0.000595273 
5 1.5 90500000 5.1777 0.00552154 -4.1428 0.0034636 18.9611 0.0266156 457.46 1.10427 -0.000309075 0.00182129 -0.00211958 0.00172064 0.724835 0.000458506 0.567652 0.000595273 
5 1.5 90750000 5.1777 0.0055435 -4.1428 0.0034636 18.9611 0.0266156 457.46 1.10427 -0.000309075 0.00181828 -0.00211958 0.00171599 0.724835 0.000458506 0.567652 0.000595273 
5 1.5 91000000 5.1777 0.00552832 -4.1428 0.0034636 18.9611 0.0266156 457.46 1.10427 -0.000309075 0.00181742 -0.00211958 0.00171118 0.724835 0.000458506 0.567652 0.000595273 
5 1.5 91250000 5.1777 0.00552115 -4.1428 0.0034636 18.9611 0.0266156 457.46 1.10427 -0.000309075 0.00181234 -0.00211958 0.00170657 0.724835 0.000458506 0.567652 0.000595273 
5 1.5 91500000 5.1777 0.00550674 -4.1428 0.0034636 18.9611 0.0266156 457.46 1.10427 -0.000309075 0.00180918 -0.00211958 0.00170241 0.724835 0.000458506 0.567652 0.000595273 
5 1.5 91750000 5.1777 0.00549186 -4.1428 0.0034636 18.9611 0.0266156 457.46 1.10427 -0.000309075 0.00180719 -0.00211958 0.0016977 0.724835 0.000458506 0.567652 0.000595273 
5 1.5 92000000 5.1777 0.00548431 -4.1428 0.0034636 18.9611 0.0266156 457.46 1.10427 -0.000309075 0.00180254 -0.00211958 0.00169505 0.724835 0.000458506 0.567652 0.000595273 
5 1.5 92250000 5.1777 0.0054813 -4.1428 0.0034636 18.9611 0.0266156 457.46 1.10427 -0.000309075 0.00179764 -0.00211958 0.00169092 0.724835 0.000458506 0.567652 0.000595273 
5 1.5 92500000 5.1777 0.00546774 -4.1428 0.0034636 18.9611 0.0266156 457.46 1.10427 -0.000309075 0.00179453 -0.00211958 0.00168708 0.724835 0.000458506 0.567652 0.000595273 
5 1.5 92750000 5.1777 0.00545388 -4.1428 0.0034636 18.9611 0.0266156 457.46 1.10427 -0.000309075 0.00179042 -0.00211958 0.00168459 0.724835 0.000458506 0.567652 0.000595273 
5 1.5 93000000 5.1777 0.00543986 -4.1428 0.0034636 18.9611 0.0266156 457.46 1.10427 -0.000309075 0.00179045 -0.00211958 0.00167995 0.724835 0.000458506 0.567652 0.000595273 
5 1.5 93250000 5.1777 0.00544602 -4.1428 0.0034636 18.9611 0.0266156 457.46 1.10427 -0.000309075 0.00179136 -0.00211958 0.00167534 0.724835 0.000458506 0.567652 0.000595273 
5 1.5 93500000 5.1777 0.00543115 -4.1428 0.0034636 18.9611 0.0266156 457.46 1.10427 -0.000309075 0.0017883 -0.00211958 0.00167415 0.724835 0.000458506 0.567652 0.000595273 
5 1.5 93750000 5.1777 0.00541717 -4.1428 0.0034636 18.9611 0.0266156 457.46 1.10427 -0.000309075 0.00178351 -0.00211958 0.00167151 0.724835 0.000458506 0.567652 0.000595273 
5 1.5 94000000 5.1777 0.00540244 -4.1428 0.0034636 18.9611 0.0266156 457.46 1.10427 -0.000309075 0.00177865 -0.00211958 0.00166748 0.724835 0.000458506 0.567652 0.000595273 
5 1.5 94250000 5.1777 0.0053943 -4.1428 0.0034636 18.9611 0.0266156 457.46 1.10427 -0.000309075 0.0017739 -0.00211958 0.00166299 0.724835 0.000458506 0.567652 0.000595273 
5 1.5 94500000 5.1777 0.00541213 -4.1428 0.0034636 18.9611 0.0266156 457.46 1.10427 -0.000309075 0.00176939 -0.00211958 0.00165896 0.724835 0.000458506 0.567652 0.000595273 
5 1.5 94750000 5.1777 0.0053989 -4.1428 0.0034636 18.9611 0.0266156 457.46 1.10427 -0.000309075 0.00177624 -0.00211958 0.00165667 0.724835 0.000458506 0.567652 0.000595273 
5 1.5 95000000 5.1777 0.0053989 -4.1428 0.0034636 18.9611 0.0266156 457.46 1.10427 -0.000309075 0.00177624 -0.00211958 0.00165667 0.724835 0.000458506 0.567652 0.000595273 
5 1.5 95250000 5.1777 0.00538574 -4.1428 0.0034636 18.9611 0.0266156 457.46 1.10427 -0.000309075 0.00177188 -0.00211958 0.00165443 0.724835 0.000458506 0.567652 0.000595273 
5 1.5 95500000 5.1777 0.00539372 -4.1428 0.0034636 18.9611 0.0266156 457.46 1.10427 -0.000309075 0.00176723 -0.00211958 0.0016565 0.724835 0.000458506 0.567652 0.000595273 
5 1.5 95750000 5.1777 0.00539017 -4.1428 0.0034636 18.9611 0.0266156 457.46 1.10427 -0.000309075 0.0017627 -0.00211958 0.00165944 0.724835 0.000458506 0.567652 0.000595273 
5 1.5 96000000 5.1777 0.00538873 -4.1428 0.0034636 18.9611 0.0266156 457.46 1.10427 -0.000309075 0.00176169 -0.00211958 0.00165508 0.724835 0.000458506 0.567652 0.000595273 
5 1.5 96250000 5.1777 0.00537587 -4.1428 0.0034636 18.9611 0.0266156 457.46 1.10427 -0.000309075 0.00175711 -0.00211958 0.00165109 0.724835 0.000458506 0.567652 0.000595273 
5 1.5 96500000 5.1777 0.005372 -4.1428 0.0034636 18.9611 0.0266156 457.46 1.10427 -0.000309075 0.0017525 -0.00211958 0.00164797 0.724835 0.000458506 0.567652 0.000595273 
5 1.5 96750000 5.1777 0.00535892 -4.1428 0.0034636 18.9611 0.0266156 457.46 1.10427 -0.000309075 0.00174846 -0.00211958 0.00164565 0.724835 0.000458506 0.567652 0.000595273 
5 1.5 97000000 5.1777 0.00534477 -4.1428 0.0034636 18.9611 0.0266156 457.46 1.10427 -0.000309075 0.00175164 -0.00211958 0.00164131 0.724835 0.000458506 0.567652 0.000595273 
5 1.5 97250000 5.1777 0.00535465 -4.1428 0.0034636 18.9611 0.0266156 457.46 1.10427 -0.000309075 0.00174746 -0.00211958 0.00163797 0.724835 0.000458506 0.567652 0.000595273 
5 1.5 97500000 5.1777 0.00534209 -4.1428 0.0034636 18.9611 0.0266156 457.46 1.10427 -0.000309075 0.00174423 -0.00211958 0.00163373 0.724835 0.000458506 0.567652 0.000595273 
5 1.5 97750000 5.1777 0.00533146 -4.1428 0.0034636 18.9611 0.0266156 457.46 1.10427 -0.000309075 0.00174173 -0.00211958 0.00162955 0.724835 0.000458506 0.567652 0.000595273 
5 1.5 98000000 5.1777 0.00532033 -4.1428 0.0034636 18.9611 0.0266156 457.46 1.10427 -0.000309075 0.00173863 -0.00211958 0.00162884 0.724835 0.000458506 0.567652 0.000595273 
5 1.5 98250000 5.1777 0.00531414 -4.1428 0.0034636 18.9611 0.0266156 457.46 1.10427 -0.000309075 0.00173696 -0.00211958 0.00162481 0.724835 0.000458506 0.567652 0.000595273 
5 1.5 98500000 5.17978 0.00530127 -4.14363 0.00327362 18.9688 0.0254788 457.789 0.980826 -0.000333197 0.00173445 -0.00155792 0.00162079 0.72499 0.000445529 0.567905 0.000596323 
5 1.5 98750000 5.17978 0.00531624 -4.14363 0.00327362 18.9688 0.0254788 457.789 0.980826 -0.000333197 0.00174014 -0.00155792 0.00161911 0.72499 0.000445529 0.567905 0.000596323 
5 1.5 99000000 5.17978 0.00532446 -4.14363 0.00327362 18.9688 0.0254788 457.789 0.980826 -0.000333197 0.00173734 -0.00155792 0.00161732 0.72499 0.000445529 0.567905 0.000596323 
5 1.5 99250000 5.17978 0.0053117 -4.14363 0.00327362 18.9688 0.0254788 457.789 0.980826 -0.000333197 0.00173286 -0.00155792 0.0016173 0.72499 0.000445529 0.567905 0.000596323 
5 1.5 99500000 5.17978 0.00530134 -4.14363 0.00327362 18.9688 0.0254788 457.789 0.980826 -0.000333197 0.00173027 -0.00155792 0.00160985 0.72499 0.000445529 0.567905 0.000596323 
5 1.5 99750000 5.17978 0.00528842 -4.14363 0.00327362 18.9688 0.0254788 457.789 0.980826 -0.000333197 0.0017268 -0.00155792 0.00160985 0.72499 0.000445529 0.567905 0.000596323 
5 1.5 100000000 5.17978 0.00527961 -4.14363 0.00327362 18.9688 0.0254788 457.789 0.980826 -0.000333197 0.00172241 -0.00155792 0.00160381 0.72499 0.000445529 0.567905 0.000596323 
