L J MC_steps R2 R2_std E E_std E2 E2_std E4 E4_std Sin1 Sin1_std Cos1 Cos1_std Mag2 Mag2_std Mag4 Mag4_std
5 1.25 250000 5.80134 0.127173 -3.62137 0.053591 15.4744 0.358006 342.678 13.0565 0.0377846 0.0300696 0.0587612 0.0281368 0.653111 0.00902724 0.485679 0.00986718 
5 1.25 500000 5.77902 0.0854487 -3.61174 0.0390063 15.3575 0.282389 336.938 10.3427 0.0181851 0.0195339 0.0384234 0.0221866 0.648348 0.0060877 0.478086 0.00682175 
5 1.25 750000 5.78338 0.0674484 -3.62241 0.0291346 15.4762 0.200606 340.576 7.02807 0.00772532 0.015838 0.0319738 0.0152408 0.651353 0.00468887 0.482604 0.00529439 
5 1.25 1000000 5.73073 0.0567744 -3.6522 0.0265384 15.6364 0.169645 343.56 5.67068 0.00184727 0.0129153 0.0310308 0.0129649 0.656967 0.00418267 0.488282 0.00478912 
5 1.25 1250000 5.70888 0.053368 -3.64642 0.0234302 15.5948 0.153281 341.793 5.27993 -0.000706322 0.0123125 0.0169045 0.0121957 0.655792 0.00361699 0.486698 0.00400682 
5 1.25 1500000 5.70135 0.0478041 -3.65473 0.0219086 15.659 0.149166 344.665 5.12808 0.002189 0.0124433 0.0138561 0.0122162 0.657322 0.0034376 0.488695 0.00393889 
5 1.25 1750000 5.67909 0.0428666 -3.65918 0.0199485 15.6961 0.137327 345.894 4.75431 -0.00429117 0.0104404 0.0136636 0.0103736 0.658058 0.00322002 0.48922 0.00377767 
5 1.25 2000000 5.70547 0.0411049 -3.64873 0.0191396 15.6291 0.127688 344.074 4.25124 -0.00360094 0.00910867 0.0150113 0.00904314 0.656734 0.0030682 0.48791 0.00348673 
5 1.25 2250000 5.70427 0.039746 -3.6447 0.0183129 15.6148 0.122582 343.937 4.10555 -0.00130433 0.00823828 0.0137463 0.00832535 0.655757 0.00304514 0.487096 0.00325267 
5 1.25 2500000 5.70292 0.0358362 -3.64124 0.0172571 15.594 0.114992 343.64 3.82774 -0.00124223 0.00777091 0.0118001 0.0078071 0.655451 0.00274934 0.486772 0.00296074 
5 1.25 2750000 5.70742 0.036849 -3.63427 0.01898 15.5526 0.119919 342.328 3.59851 -0.00402839 0.00737004 0.0109712 0.00772029 0.654622 0.00297741 0.485819 0.00321038 
5 1.25 3000000 5.71218 0.036849 -3.63164 0.01898 15.5344 0.119919 341.592 3.56452 -0.00126584 0.00716007 0.0143499 0.00772029 0.653613 0.00297741 0.484678 0.00321038 
5 1.25 3250000 5.69434 0.0329492 -3.627 0.0171528 15.5233 0.103452 341.731 3.19126 -0.00452282 0.00726651 0.0146126 0.00724159 0.652706 0.00303581 0.483844 0.00322612 
5 1.25 3500000 5.69351 0.0329492 -3.62894 0.0171528 15.55 0.103452 343.159 3.11576 -0.00355432 0.00692322 0.0153731 0.00724159 0.653232 0.00303581 0.484595 0.00322612 
5 1.25 3750000 5.70271 0.0297046 -3.62929 0.0148552 15.5498 0.0919878 343.228 2.98455 -0.00320036 0.00659952 0.0155682 0.00626981 0.653665 0.00274932 0.48499 0.00296183 
5 1.25 4000000 5.69961 0.0292861 -3.6295 0.0148552 15.5499 0.0919878 343.486 2.9362 -0.00202252 0.00637217 0.0166478 0.00626981 0.653741 0.00274932 0.484911 0.00296183 
5 1.25 4250000 5.68958 0.0284172 -3.62894 0.0130024 15.5527 0.0805358 343.735 2.73395 -0.00257327 0.00604696 0.0150864 0.00588755 0.653348 0.00242382 0.484624 0.00261408 
5 1.25 4500000 5.68773 0.0284172 -3.6235 0.0130024 15.5102 0.0805358 342.159 2.72511 -0.00230128 0.00586023 0.0111275 0.00627034 0.652467 0.00242382 0.483329 0.00261408 
5 1.25 4750000 5.67795 0.0275346 -3.62598 0.0118909 15.5276 0.0753964 342.967 2.63505 -0.00228292 0.00563946 0.012007 0.00598335 0.652578 0.00227349 0.483444 0.00257644 
5 1.25 5000000 5.68154 0.0275346 -3.62272 0.0118909 15.5147 0.0753964 342.566 2.52657 -0.00312271 0.00547192 0.00977002 0.0060722 0.652205 0.00227349 0.483072 0.00257644 
5 1.25 5250000 5.68125 0.0249779 -3.62229 0.0118801 15.5092 0.0700618 342.238 2.50606 -0.0031885 0.00547513 0.00694244 0.00785162 0.652204 0.00207679 0.483072 0.00234541 
5 1.25 5500000 5.68125 0.0249779 -3.62229 0.0118801 15.5092 0.0700618 342.238 2.46192 -0.0031885 0.00547004 0.00694244 0.00785162 0.652204 0.00207679 0.483072 0.00234541 
5 1.25 5750000 5.68262 0.022745 -3.62595 0.0118801 15.5313 0.0696231 342.843 2.46192 -0.00387455 0.00537141 0.00485195 0.00785162 0.652762 0.00200406 0.483677 0.0022637 
5 1.25 6000000 5.68262 0.0227446 -3.62595 0.0118801 15.5313 0.0696231 342.843 2.46192 -0.00387455 0.0052301 0.00485195 0.00785162 0.652762 0.00200406 0.483677 0.0022637 
5 1.25 6250000 5.67952 0.0219961 -3.62797 0.011176 15.5504 0.0691369 343.545 2.37336 -0.00444899 0.00507169 0.00400832 0.00707003 0.653009 0.00182463 0.484011 0.00207177 
5 1.25 6500000 5.67952 0.0211863 -3.62797 0.011176 15.5504 0.0691369 343.545 2.37336 -0.00444899 0.00489688 0.00400832 0.00707003 0.653009 0.00182463 0.484011 0.00207177 
5 1.25 6750000 5.67781 0.0205158 -3.62856 0.011176 15.546 0.0691369 343.138 2.37336 -0.00212639 0.00482096 0.00265244 0.00707003 0.653529 0.00182463 0.484386 0.00207177 
5 1.25 7000000 5.67781 0.0199184 -3.62856 0.011176 15.546 0.0691369 343.138 2.37336 -0.00212639 0.00469426 0.00265244 0.00707003 0.653529 0.00182463 0.484386 0.00207177 
5 1.25 7250000 5.67899 0.0206796 -3.62118 0.011459 15.5074 0.0714013 342.136 2.41689 -0.000666159 0.0045788 0.00204993 0.00632545 0.652592 0.0018568 0.483281 0.00208137 
5 1.25 7500000 5.67899 0.0203223 -3.62118 0.011459 15.5074 0.0714013 342.136 2.41689 -0.000666159 0.00446659 0.00204993 0.00632545 0.652592 0.0018568 0.483281 0.00208137 
5 1.25 7750000 5.66738 0.0204128 -3.62173 0.011459 15.5184 0.0714013 342.864 2.41689 -0.00190076 0.00440058 0.00125219 0.00632545 0.652296 0.00175642 0.483038 0.00195675 
5 1.25 8000000 5.66738 0.0203156 -3.62173 0.011459 15.5184 0.0714013 342.864 2.41689 -0.00190076 0.00440058 0.00125219 0.00632545 0.652296 0.00175642 0.483038 0.00195675 
5 1.25 8250000 5.6629 0.0195336 -3.62345 0.0102491 15.5292 0.0657374 343.315 2.3851 0.000304334 0.0042831 -0.000165081 0.00590988 0.652155 0.00165229 0.482721 0.00185996 
5 1.25 8500000 5.6629 0.0195336 -3.62345 0.0102491 15.5292 0.0657374 343.315 2.3851 0.000304334 0.00422173 -0.000165081 0.00590988 0.652155 0.00165229 0.482721 0.00185996 
5 1.25 8750000 5.6651 0.0192123 -3.62117 0.0102491 15.5115 0.0657374 342.625 2.3851 0.000756682 0.00422178 -0.000456934 0.00590988 0.651703 0.00161571 0.482145 0.00183765 
5 1.25 9000000 5.6651 0.0188068 -3.62117 0.0102491 15.5115 0.0657374 342.625 2.3851 0.000756682 0.00416558 -0.000456934 0.00590988 0.651703 0.00161571 0.482145 0.00183765 
5 1.25 9250000 5.66965 0.0185623 -3.6199 0.00970522 15.5044 0.0629507 342.342 2.31001 -0.000677211 0.00415761 -0.000126084 0.00525335 0.651531 0.0015351 0.482007 0.00174075 
5 1.25 9500000 5.66965 0.0180623 -3.6199 0.00970522 15.5044 0.0629507 342.342 2.31001 -0.000677211 0.00413756 -0.000126084 0.00525335 0.651531 0.0015351 0.482007 0.00174075 
5 1.25 9750000 5.66965 0.0180307 -3.6199 0.00970522 15.5044 0.0629507 342.342 2.31001 -0.000677211 0.00410984 -0.000126084 0.00525335 0.651531 0.0015351 0.482007 0.00174075 
5 1.25 10000000 5.66771 0.0175872 -3.6211 0.00970522 15.5005 0.0629507 341.953 2.31001 0.00039032 0.00403878 0.000620775 0.00525335 0.651734 0.00146769 0.48195 0.00168939 
5 1.25 10250000 5.66771 0.0171857 -3.6211 0.00970522 15.5005 0.0629507 341.953 2.31001 0.00039032 0.00403313 0.000620775 0.00525335 0.651734 0.00146769 0.48195 0.00168939 
5 1.25 10500000 5.66821 0.0169275 -3.62224 0.00901258 15.512 0.0571124 342.359 2.07907 -0.00118533 0.00400139 -0.00111998 0.00621072 0.65205 0.00142795 0.482406 0.0016294 
5 1.25 10750000 5.66821 0.0177461 -3.62224 0.00901258 15.512 0.0571124 342.359 2.07907 -0.00118533 0.00391238 -0.00111998 0.00621072 0.65205 0.00142795 0.482406 0.0016294 
5 1.25 11000000 5.66821 0.0178449 -3.62224 0.00901258 15.512 0.0571124 342.359 2.07907 -0.00118533 0.00385837 -0.00111998 0.00621072 0.65205 0.001379 0.482406 0.00156689 
5 1.25 11250000 5.66821 0.0174299 -3.62224 0.00901258 15.512 0.0571124 342.359 2.07907 -0.00118533 0.00378989 -0.00111998 0.00621072 0.65205 0.001379 0.482406 0.00156689 
5 1.25 11500000 5.67001 0.0170625 -3.62144 0.00822869 15.5151 0.0520065 342.656 1.91114 -0.000904475 0.00375783 0.00125147 0.00621072 0.652132 0.00130924 0.482572 0.00150224 
5 1.25 11750000 5.67001 0.0169077 -3.62144 0.00822869 15.5151 0.0520065 342.656 1.91114 -0.000904475 0.00369598 0.00125147 0.00621072 0.652132 0.00130924 0.482572 0.00150224 
5 1.25 12000000 5.67001 0.0168818 -3.62144 0.00822869 15.5151 0.0520065 342.656 1.91114 -0.000904475 0.00367012 0.00125147 0.00621072 0.652132 0.00130836 0.482572 0.00148774 
5 1.25 12250000 5.67001 0.0165677 -3.62144 0.00822869 15.5151 0.0520065 342.656 1.91114 -0.000904475 0.00367012 0.00125147 0.00621072 0.652132 0.00130211 0.482572 0.00148273 
5 1.25 12500000 5.67452 0.0174094 -3.62067 0.00759771 15.5104 0.0510431 342.593 1.81557 -0.000384982 0.00353679 0.00137404 0.00565423 0.652338 0.00126311 0.482783 0.0014361 
5 1.25 12750000 5.67452 0.0171079 -3.62067 0.00757938 15.5104 0.050411 342.593 1.78752 -0.000384982 0.00350158 0.00137404 0.00565423 0.652338 0.00125747 0.482783 0.00142985 
5 1.25 13000000 5.67452 0.0171689 -3.62067 0.00757938 15.5104 0.0494377 342.593 1.75291 -0.000384982 0.00344607 0.00137404 0.00565423 0.652338 0.00122658 0.482783 0.00141656 
5 1.25 13250000 5.67452 0.0168332 -3.62067 0.00757938 15.5104 0.048471 342.593 1.75291 -0.000384982 0.00340757 0.00137404 0.00565423 0.652338 0.00122658 0.482783 0.00141656 
5 1.25 13500000 5.66902 0.0165109 -3.62045 0.00706888 15.5072 0.0478723 342.585 1.71561 0.000824001 0.00334998 0.00221151 0.00565423 0.652294 0.00119215 0.482591 0.00137164 
5 1.25 13750000 5.66902 0.0167665 -3.62045 0.00699946 15.5072 0.0473923 342.585 1.69604 0.000824001 0.00330025 0.00221151 0.00565423 0.652294 0.00119215 0.482591 0.00137164 
5 1.25 14000000 5.66902 0.0166162 -3.62045 0.00699946 15.5072 0.0466257 342.585 1.66927 0.000824001 0.00326646 0.00221151 0.00565423 0.652294 0.0011508 0.482591 0.00132403 
5 1.25 14250000 5.66902 0.0163204 -3.62045 0.00699946 15.5072 0.0463515 342.585 1.65243 0.000824001 0.00325871 0.00221151 0.00565423 0.652294 0.0011508 0.482591 0.00132403 
5 1.25 14500000 5.67937 0.0165421 -3.62155 0.00691415 15.5118 0.0457401 342.673 1.62989 0.000768091 0.00324588 0.00306842 0.00509403 0.652477 0.00113981 0.4828 0.00131096 
5 1.25 14750000 5.67937 0.0162982 -3.62155 0.00691415 15.5118 0.04597 342.673 1.62501 0.000768091 0.00323645 0.00306842 0.00509403 0.652477 0.00113981 0.4828 0.00131096 
5 1.25 15000000 5.67937 0.0161418 -3.62155 0.00677403 15.5118 0.0453614 342.673 1.60536 0.000768091 0.00321176 0.00306842 0.00509403 0.652477 0.00111952 0.4828 0.00128131 
5 1.25 15250000 5.67937 0.0161418 -3.62155 0.00677403 15.5118 0.0454284 342.673 1.61874 0.000768091 0.00316677 0.00306842 0.00509403 0.652477 0.00111952 0.4828 0.00128131 
5 1.25 15500000 5.67907 0.0155558 -3.62427 0.00672438 15.5268 0.0450798 343.107 1.60792 -0.00016358 0.00313738 0.00205163 0.00509403 0.652897 0.00110201 0.483246 0.00126154 
5 1.25 15750000 5.67907 0.0154916 -3.62427 0.00672438 15.5268 0.0444918 343.107 1.59503 -0.00016358 0.00309833 0.00205163 0.00509403 0.652897 0.00110201 0.483246 0.00126154 
5 1.25 16000000 5.67907 0.0152902 -3.62427 0.00668578 15.5268 0.0438445 343.107 1.57304 -0.00016358 0.00305397 0.00205163 0.00509403 0.652897 0.00106741 0.483246 0.00122085 
5 1.25 16250000 5.67907 0.0152798 -3.62427 0.00668578 15.5268 0.0433062 343.107 1.56693 -0.00016358 0.00303841 0.00205163 0.00509403 0.652897 0.00106741 0.483246 0.00122085 
5 1.25 16500000 5.67938 0.0151434 -3.62406 0.00631298 15.5232 0.0430829 342.927 1.57395 -0.000691182 0.00299729 0.00142232 0.00471574 0.652823 0.00104084 0.483092 0.00119259 
5 1.25 16750000 5.67938 0.0149119 -3.62406 0.00631298 15.5232 0.0424478 342.927 1.55107 -0.000691182 0.00295643 0.00142232 0.00471574 0.652823 0.00104084 0.483092 0.00119259 
5 1.25 17000000 5.67938 0.0147165 -3.62406 0.00627127 15.5232 0.0424489 342.927 1.54658 -0.000691182 0.00293512 0.00142232 0.00471574 0.652823 0.0010093 0.483092 0.00117474 
5 1.25 17250000 5.67938 0.0145306 -3.62406 0.00627127 15.5232 0.0422415 342.927 1.53202 -0.000691182 0.00292724 0.00142232 0.00471574 0.652823 0.0010093 0.483092 0.0011652 
5 1.25 17500000 5.67891 0.0143186 -3.62421 0.00608104 15.5238 0.0418574 342.888 1.51159 -0.001049 0.00288924 0.00148114 0.00471574 0.652815 0.000988065 0.4831 0.00115077 
5 1.25 17750000 5.67891 0.0141506 -3.62421 0.00619901 15.5238 0.0424549 342.888 1.53696 -0.001049 0.00288057 0.00148114 0.00471574 0.652815 0.00100609 0.4831 0.00117344 
5 1.25 18000000 5.67891 0.0139643 -3.62421 0.00614752 15.5238 0.0424427 342.888 1.56198 -0.001049 0.00288057 0.00148114 0.00471574 0.652815 0.000995769 0.4831 0.00116912 
5 1.25 18250000 5.67891 0.0138705 -3.62421 0.00609959 15.5238 0.0420636 342.888 1.54275 -0.001049 0.00288057 0.00148114 0.00471574 0.652815 0.000987904 0.4831 0.00115794 
5 1.25 18500000 5.67611 0.013692 -3.62548 0.00605514 15.5279 0.0417943 342.745 1.53974 -0.000753191 0.00281106 0.00193996 0.00422009 0.652981 0.000980288 0.483223 0.00114816 
5 1.25 18750000 5.67611 0.0136387 -3.62548 0.00600434 15.5279 0.0413372 342.745 1.52223 -0.000753191 0.00281282 0.00193996 0.00422009 0.652981 0.000981379 0.483223 0.00114718 
5 1.25 19000000 5.67611 0.013576 -3.62548 0.00594058 15.5279 0.0408583 342.745 1.50216 -0.000753191 0.00280928 0.00193996 0.00422009 0.652981 0.000974261 0.483223 0.00113653 
5 1.25 19250000 5.67611 0.0138841 -3.62548 0.00586697 15.5279 0.0403211 342.745 1.48231 -0.000753191 0.00277572 0.00193996 0.00422009 0.652981 0.000964125 0.483223 0.00113062 
5 1.25 19500000 5.67188 0.0137167 -3.62758 0.00583993 15.5399 0.0401691 343.063 1.47052 -0.00023542 0.00278046 0.00178443 0.00422009 0.653286 0.000956715 0.483507 0.00112425 
5 1.25 19750000 5.67188 0.0135544 -3.62758 0.00578539 15.5399 0.0396657 343.063 1.45223 -0.00023542 0.00276097 0.00178443 0.00422009 0.653286 0.000944405 0.483507 0.00110968 
5 1.25 20000000 5.67188 0.013382 -3.62758 0.00579305 15.5399 0.039792 343.063 1.4495 -0.00023542 0.00274345 0.00178443 0.00422009 0.653286 0.000933253 0.483507 0.00109721 
5 1.25 20250000 5.67188 0.0132262 -3.62758 0.00578539 15.5399 0.0392944 343.063 1.43123 -0.00023542 0.00272898 0.00178443 0.00422009 0.653286 0.000922092 0.483507 0.00108576 
5 1.25 20500000 5.67188 0.0132262 -3.62758 0.00578539 15.5399 0.0391257 343.063 1.43123 -0.00023542 0.00271301 0.00178443 0.00422009 0.653286 0.000922092 0.483507 0.00108576 
5 1.25 20750000 5.67317 0.0131504 -3.62725 0.00566808 15.5382 0.0389626 342.974 1.4147 -0.000555263 0.0026968 0.0014633 0.00437944 0.65332 0.000912284 0.483613 0.00107569 
5 1.25 21000000 5.67317 0.0129947 -3.62725 0.00561579 15.5382 0.0385783 342.974 1.40807 -0.000555263 0.00268343 0.0014633 0.00437944 0.65332 0.000902414 0.483613 0.00106485 
5 1.25 21250000 5.67317 0.0130982 -3.62725 0.00562801 15.5382 0.0387223 342.974 1.39685 -0.000555263 0.00265783 0.0014633 0.00437944 0.65332 0.000897439 0.483613 0.0010554 
5 1.25 21500000 5.67317 0.0133189 -3.62725 0.00568542 15.5382 0.0391645 342.974 1.42793 -0.000555263 0.00265543 0.0014633 0.00437944 0.65332 0.000909103 0.483613 0.00107185 
5 1.25 21750000 5.67317 0.0132127 -3.62725 0.00563892 15.5382 0.0387553 342.974 1.41303 -0.000555263 0.00263628 0.0014633 0.00437944 0.65332 0.000898999 0.483613 0.00105994 
5 1.25 22000000 5.67317 0.0132084 -3.62725 0.00562373 15.5382 0.038808 342.974 1.41588 -0.000555263 0.00261182 0.0014633 0.00437944 0.65332 0.000896435 0.483613 0.00105834 
5 1.25 22250000 5.67317 0.013323 -3.62725 0.00556937 15.5382 0.0383779 342.974 1.40087 -0.000555263 0.00259879 0.0014633 0.00437944 0.65332 0.000888378 0.483613 0.00104772 
5 1.25 22500000 5.67317 0.0132009 -3.62725 0.00553422 15.5382 0.0379844 342.974 1.38479 -0.000555263 0.0025844 0.0014633 0.00437944 0.65332 0.000886972 0.483613 0.00104151 
5 1.25 22750000 5.67625 0.0131614 -3.62875 0.0054722 15.5466 0.0376142 343.237 1.37285 0.00115863 0.00266284 0.00169135 0.00437944 0.653652 0.000877451 0.483951 0.00103161 
5 1.25 23000000 5.67625 0.0130214 -3.62875 0.00541161 15.5466 0.0372119 343.237 1.35923 0.00115863 0.00266284 0.00169135 0.00437944 0.653652 0.000868383 0.483951 0.00102081 
5 1.25 23250000 5.67625 0.012921 -3.62875 0.00541061 15.5466 0.0369956 343.237 1.34421 0.00115863 0.00266284 0.00169135 0.00437944 0.653652 0.000878717 0.483951 0.00102929 
5 1.25 23500000 5.67625 0.0127848 -3.62875 0.00535964 15.5466 0.0365947 343.237 1.32957 0.00115863 0.00266284 0.00169135 0.00437944 0.653652 0.000871574 0.483951 0.0010194 
5 1.25 23750000 5.67625 0.0129761 -3.62875 0.00531665 15.5466 0.0362809 343.237 1.31787 0.00115863 0.00266284 0.00169135 0.00437944 0.653652 0.000862142 0.483951 0.00100833 
5 1.25 24000000 5.67625 0.0128429 -3.62875 0.0052598 15.5466 0.035944 343.237 1.30958 0.00115863 0.00266284 0.00169135 0.00437944 0.653652 0.000852873 0.483951 0.00099796 
5 1.25 24250000 5.67625 0.0127071 -3.62875 0.00522434 15.5466 0.0357715 343.237 1.30243 0.00115863 0.00266284 0.00169135 0.00437944 0.653652 0.000853544 0.483951 0.00099974 
5 1.25 24500000 5.67625 0.0126453 -3.62875 0.00517254 15.5466 0.0354022 343.237 1.28932 0.00115863 0.00266284 0.00169135 0.00437944 0.653652 0.00084474 0.483951 0.000989305 
5 1.25 24750000 5.68075 0.0124517 -3.62887 0.00512065 15.5404 0.0350791 342.769 1.27892 0.000731491 0.00247495 0.0011003 0.00366455 0.65373 0.00083673 0.483953 0.00098 
5 1.25 25000000 5.68075 0.0124181 -3.62887 0.00508555 15.5404 0.0349419 342.769 1.27303 0.000731491 0.00247495 0.0011003 0.00366455 0.65373 0.000832301 0.483953 0.000975015 
5 1.25 25250000 5.68075 0.0122916 -3.62887 0.00504132 15.5404 0.0346445 342.769 1.2616 0.000731491 0.00247495 0.0011003 0.00366455 0.65373 0.000824468 0.483953 0.000965372 
5 1.25 25500000 5.68075 0.0123176 -3.62887 0.00500011 15.5404 0.0343629 342.769 1.24979 0.000731491 0.00247495 0.0011003 0.00366455 0.65373 0.000818104 0.483953 0.000958533 
5 1.25 25750000 5.68075 0.012304 -3.62887 0.00497652 15.5404 0.0340222 342.769 1.23758 0.000731491 0.00247495 0.0011003 0.00366455 0.65373 0.000812007 0.483953 0.000952091 
5 1.25 26000000 5.68075 0.0122108 -3.62887 0.00493645 15.5404 0.0337152 342.769 1.22636 0.000731491 0.00247495 0.0011003 0.00366455 0.65373 0.0008063 0.483953 0.000943773 
5 1.25 26250000 5.68075 0.0121468 -3.62887 0.00491109 15.5404 0.0335189 342.769 1.21737 0.000731491 0.00247495 0.0011003 0.00366455 0.65373 0.0008063 0.483953 0.000936457 
5 1.25 26500000 5.68075 0.0120621 -3.62887 0.00488191 15.5404 0.033295 342.769 1.20598 0.000731491 0.00247495 0.0011003 0.00366455 0.65373 0.0008063 0.483953 0.000928811 
5 1.25 26750000 5.67933 0.011949 -3.62965 0.00484406 15.5408 0.032992 342.748 1.19477 0.00135833 0.00236742 3.82939e-05 0.00366455 0.653708 0.00080216 0.483868 0.000920471 
5 1.25 27000000 5.67933 0.0118352 -3.62965 0.00484683 15.5408 0.0327456 342.748 1.18459 0.00135833 0.00236448 3.82939e-05 0.00366455 0.653708 0.00080216 0.483868 0.00091908 
5 1.25 27250000 5.67933 0.0117975 -3.62965 0.00481945 15.5408 0.032451 342.748 1.17404 0.00135833 0.00236262 3.82939e-05 0.00366455 0.653708 0.00080216 0.483868 0.000910439 
5 1.25 27500000 5.67933 0.0117975 -3.62965 0.00481945 15.5408 0.0322073 342.748 1.16366 0.00135833 0.00236262 3.82939e-05 0.00366455 0.653708 0.00080216 0.483868 0.000903291 
5 1.25 27750000 5.67933 0.0117975 -3.62965 0.00472713 15.5408 0.0320226 342.748 1.16001 0.00135833 0.00236262 3.82939e-05 0.00366455 0.653708 0.00077384 0.483868 0.000899066 
5 1.25 28000000 5.67933 0.0117975 -3.62965 0.00469392 15.5408 0.0317421 342.748 1.14969 0.00135833 0.00236262 3.82939e-05 0.00366455 0.653708 0.00077384 0.483868 0.000891805 
5 1.25 28250000 5.67933 0.0117975 -3.62965 0.00474861 15.5408 0.0318757 342.748 1.13924 0.00135833 0.00236262 3.82939e-05 0.00366455 0.653708 0.00077384 0.483868 0.000884357 
5 1.25 28500000 5.67933 0.0117975 -3.62965 0.00471363 15.5408 0.0316531 342.748 1.13082 0.00135833 0.00236262 3.82939e-05 0.00366455 0.653708 0.00077384 0.483868 0.000879353 
5 1.25 28750000 5.67606 0.0114851 -3.62818 0.00467221 15.5332 0.0313743 342.614 1.12156 0.00213445 0.00231784 -0.000532264 0.00348578 0.653603 0.00074832 0.483661 0.000872012 
5 1.25 29000000 5.67606 0.0113853 -3.62818 0.00464819 15.5332 0.0312155 342.614 1.11636 0.00213445 0.00231784 -0.000532264 0.00348578 0.653603 0.00074832 0.483661 0.000870261 
5 1.25 29250000 5.67606 0.0113101 -3.62818 0.00462112 15.5332 0.0310482 342.614 1.11197 0.00213445 0.00231784 -0.000532264 0.00348578 0.653603 0.00074832 0.483661 0.000862992 
5 1.25 29500000 5.67606 0.0112431 -3.62818 0.00460298 15.5332 0.0309809 342.614 1.10814 0.00213445 0.00231784 -0.000532264 0.00348578 0.653603 0.00074832 0.483661 0.000859207 
5 1.25 29750000 5.67606 0.0111597 -3.62818 0.00456624 15.5332 0.0307735 342.614 1.10702 0.00213445 0.00231784 -0.000532264 0.00348578 0.653603 0.000734085 0.483661 0.000853101 
5 1.25 30000000 5.67606 0.0110678 -3.62818 0.00454867 15.5332 0.0305172 342.614 1.09911 0.00213445 0.00231784 -0.000532264 0.00348578 0.653603 0.000734085 0.483661 0.000845811 
5 1.25 30250000 5.67606 0.0110032 -3.62818 0.00454867 15.5332 0.0303563 342.614 1.0911 0.00213445 0.00231784 -0.000532264 0.00348578 0.653603 0.000734085 0.483661 0.000845949 
5 1.25 30500000 5.67606 0.0110032 -3.62818 0.00454867 15.5332 0.0301629 342.614 1.08197 0.00213445 0.00231784 -0.000532264 0.00348578 0.653603 0.000734085 0.483661 0.000839383 
5 1.25 30750000 5.67505 0.0110032 -3.62768 0.00447261 15.5291 0.030019 342.505 1.07365 0.00216497 0.0022283 -4.96462e-05 0.00348578 0.653443 0.00071908 0.483479 0.000838466 
5 1.25 31000000 5.67505 0.0110032 -3.62768 0.00445431 15.5291 0.0298966 342.505 1.07365 0.00216497 0.00221398 -4.96462e-05 0.00348578 0.653443 0.00071908 0.483479 0.000838466 
5 1.25 31250000 5.67505 0.0110032 -3.62768 0.00442968 15.5291 0.0297207 342.505 1.06774 0.00216497 0.00220229 -4.96462e-05 0.00348578 0.653443 0.000714347 0.483479 0.000832214 
5 1.25 31500000 5.67505 0.0110032 -3.62768 0.00442968 15.5291 0.029512 342.505 1.07105 0.00216497 0.00219126 -4.96462e-05 0.00348578 0.653443 0.000710152 0.483479 0.000827572 
5 1.25 31750000 5.67505 0.0110032 -3.62768 0.00442968 15.5291 0.0292788 342.505 1.06235 0.00216497 0.002185 -4.96462e-05 0.00348578 0.653443 0.000710152 0.483479 0.00082087 
5 1.25 32000000 5.67505 0.0110032 -3.62768 0.00435753 15.5291 0.0292568 342.505 1.05402 0.00216497 0.00217211 -4.96462e-05 0.00348578 0.653443 0.000702542 0.483479 0.000819827 
5 1.25 32250000 5.67505 0.0110032 -3.62768 0.00438742 15.5291 0.0293122 342.505 1.04623 0.00216497 0.00216588 -4.96462e-05 0.00348578 0.653443 0.000703728 0.483479 0.000819497 
5 1.25 32500000 5.67505 0.0110032 -3.62768 0.00435459 15.5291 0.0291137 342.505 1.0403 0.00216497 0.00216352 -4.96462e-05 0.00348578 0.653443 0.00070425 0.483479 0.000819387 
5 1.25 32750000 5.67505 0.0110032 -3.62768 0.00434013 15.5291 0.0290243 342.505 1.03733 0.00216497 0.00216352 -4.96462e-05 0.00348578 0.653443 0.000699524 0.483479 0.000813308 
5 1.25 33000000 5.67439 0.0103892 -3.62762 0.00432891 15.5274 0.0289467 342.479 1.03404 0.00224833 0.00212886 5.9081e-05 0.00309981 0.653364 0.00069421 0.483368 0.000808017 
5 1.25 33250000 5.67439 0.010337 -3.62762 0.00430077 15.5274 0.0287545 342.479 1.02725 0.00224833 0.0021195 5.9081e-05 0.00309981 0.653364 0.000690923 0.483368 0.000803461 
5 1.25 33500000 5.67439 0.010292 -3.62762 0.00427642 15.5274 0.0285594 342.479 1.02111 0.00224833 0.00210859 5.9081e-05 0.00309981 0.653364 0.000685851 0.483368 0.000797297 
5 1.25 33750000 5.67439 0.0102695 -3.62762 0.00424476 15.5274 0.0283495 342.479 1.01344 0.00224833 0.00210351 5.9081e-05 0.00309981 0.653364 0.000680659 0.483368 0.000791249 
5 1.25 34000000 5.67439 0.0101921 -3.62762 0.0042178 15.5274 0.028142 342.479 1.00705 0.00224833 0.00210533 5.9081e-05 0.00309981 0.653364 0.000676195 0.483368 0.000785529 
5 1.25 34250000 5.67439 0.0101373 -3.62762 0.00419324 15.5274 0.0279558 342.479 1.00043 0.00224833 0.00210406 5.9081e-05 0.00309981 0.653364 0.000672997 0.483368 0.000781412 
5 1.25 34500000 5.67439 0.0100617 -3.62762 0.00417286 15.5274 0.0277949 342.479 0.99486 0.00224833 0.00209751 5.9081e-05 0.00309981 0.653364 0.000668279 0.483368 0.000775928 
5 1.25 34750000 5.67439 0.00999479 -3.62762 0.00415162 15.5274 0.0276139 342.479 0.988034 0.00224833 0.00209174 5.9081e-05 0.00309981 0.653364 0.000665732 0.483368 0.00077109 
5 1.25 35000000 5.67584 0.00992336 -3.6271 0.00415336 15.5247 0.0275125 342.386 0.983166 0.00293626 0.00208099 -0.000501458 0.00309981 0.653312 0.000661835 0.483301 0.000766589 
5 1.25 35250000 5.67584 0.00985501 -3.6271 0.0041391 15.5247 0.0273774 342.386 0.978005 0.00293626 0.00206951 -0.000501458 0.00309981 0.653312 0.000661386 0.483301 0.000767487 
5 1.25 35500000 5.67584 0.00983162 -3.6271 0.00411424 15.5247 0.0271924 342.386 0.971319 0.00293626 0.0020577 -0.000501458 0.00309981 0.653312 0.000657078 0.483301 0.000763526 
5 1.25 35750000 5.67584 0.00980235 -3.6271 0.0040965 15.5247 0.0270537 342.386 0.965335 0.00293626 0.0020468 -0.000501458 0.00309981 0.653312 0.000654444 0.483301 0.00075963 
5 1.25 36000000 5.67584 0.00975334 -3.6271 0.00406868 15.5247 0.026887 342.386 0.960688 0.00293626 0.00204202 -0.000501458 0.00309981 0.653312 0.000650085 0.483301 0.000754704 
5 1.25 36250000 5.67584 0.00975334 -3.6271 0.00407445 15.5247 0.0269934 342.386 0.969126 0.00293626 0.00202832 -0.000501458 0.00309981 0.653312 0.000647311 0.483301 0.000752091 
5 1.25 36500000 5.67584 0.00975334 -3.6271 0.0040632 15.5247 0.0269445 342.386 0.966604 0.00293626 0.00204078 -0.000501458 0.00309981 0.653312 0.000643071 0.483301 0.000746829 
5 1.25 36750000 5.67584 0.00975334 -3.6271 0.00406182 15.5247 0.0268427 342.386 0.962246 0.00293626 0.00203441 -0.000501458 0.00309981 0.653312 0.00064132 0.483301 0.000744797 
5 1.25 37000000 5.68024 0.0102758 -3.62482 0.0040473 15.5093 0.0266766 341.819 0.957998 0.00214141 0.00206148 -0.000209283 0.00276698 0.653112 0.000636975 0.483059 0.000739715 
5 1.25 37250000 5.68024 0.0102758 -3.62482 0.0040473 15.5093 0.0264989 341.819 0.95157 0.00214141 0.00206148 -0.000209283 0.00276698 0.653112 0.000633393 0.483059 0.000734966 
5 1.25 37500000 5.68024 0.0102758 -3.62482 0.0040473 15.5093 0.0263855 341.819 0.948562 0.00214141 0.00206148 -0.000209283 0.00276698 0.653112 0.000630802 0.483059 0.000732137 
5 1.25 37750000 5.68024 0.0102758 -3.62482 0.0040473 15.5093 0.0262455 341.819 0.943077 0.00214141 0.00206148 -0.000209283 0.00276698 0.653112 0.000626656 0.483059 0.00072787 
5 1.25 38000000 5.68024 0.0102758 -3.62482 0.00395122 15.5093 0.0261344 341.819 0.938246 0.00214141 0.00206148 -0.000209283 0.00276698 0.653112 0.000622531 0.483059 0.000723011 
5 1.25 38250000 5.68024 0.0102758 -3.62482 0.00393857 15.5093 0.0259627 341.819 0.932249 0.00214141 0.00206148 -0.000209283 0.00276698 0.653112 0.000619327 0.483059 0.000718542 
5 1.25 38500000 5.68024 0.0102758 -3.62482 0.00393857 15.5093 0.0258424 341.819 0.926982 0.00214141 0.00206148 -0.000209283 0.00276698 0.653112 0.000615198 0.483059 0.000713775 
5 1.25 38750000 5.68024 0.0102758 -3.62482 0.00393857 15.5093 0.0257859 341.819 0.922383 0.00214141 0.00206148 -0.000209283 0.00276698 0.653112 0.000611911 0.483059 0.000709443 
5 1.25 39000000 5.68155 0.0102758 -3.62512 0.00389653 15.5117 0.0256401 341.972 0.916674 0.00277369 0.00204765 -0.000903543 0.00276698 0.653136 0.000610565 0.483135 0.000706019 
5 1.25 39250000 5.68155 0.0102758 -3.62512 0.00389156 15.5117 0.02569 341.972 0.924468 0.00277369 0.00204765 -0.000903543 0.00276698 0.653136 0.000615638 0.483135 0.000715934 
5 1.25 39500000 5.68155 0.0102758 -3.62512 0.00386937 15.5117 0.0255577 341.972 0.921249 0.00277369 0.00204765 -0.000903543 0.00276698 0.653136 0.000611699 0.483135 0.000711425 
5 1.25 39750000 5.68155 0.0102758 -3.62512 0.00384832 15.5117 0.0254325 341.972 0.917019 0.00277369 0.00204765 -0.000903543 0.00276698 0.653136 0.000608982 0.483135 0.000708577 
5 1.25 40000000 5.68155 0.0102758 -3.62512 0.00382541 15.5117 0.0252893 341.972 0.911494 0.00277369 0.00204765 -0.000903543 0.00276698 0.653136 0.000605847 0.483135 0.000705189 
5 1.25 40250000 5.68155 0.0102758 -3.62512 0.00382514 15.5117 0.0252462 341.972 0.910372 0.00277369 0.00204765 -0.000903543 0.00276698 0.653136 0.000605489 0.483135 0.000704235 
5 1.25 40500000 5.68155 0.0102758 -3.62512 0.00380399 15.5117 0.0251312 341.972 0.908076 0.00277369 0.00204765 -0.000903543 0.00276698 0.653136 0.000601657 0.483135 0.000699809 
5 1.25 40750000 5.68155 0.0102758 -3.62512 0.00378981 15.5117 0.0250666 341.972 0.905571 0.00277369 0.00204765 -0.000903543 0.00276698 0.653136 0.000602779 0.483135 0.000700855 
5 1.25 41000000 5.6801 0.00924918 -3.62655 0.0037963 15.5208 0.0250788 342.297 0.901822 0.00262951 0.00195034 -0.000637267 0.00252316 0.653361 0.000600268 0.4834 0.000697905 
5 1.25 41250000 5.6801 0.00924918 -3.62655 0.0037963 15.5208 0.02497 342.297 0.896723 0.00262951 0.00195034 -0.000637267 0.00252316 0.653361 0.000599109 0.4834 0.000695747 
5 1.25 41500000 5.6801 0.00924918 -3.62655 0.0037963 15.5208 0.0248773 342.297 0.895653 0.00262951 0.00195034 -0.000637267 0.00252316 0.653361 0.000597192 0.4834 0.000694892 
5 1.25 41750000 5.6801 0.00924918 -3.62655 0.0037963 15.5208 0.0248636 342.297 0.895653 0.00262951 0.00195034 -0.000637267 0.00252316 0.653361 0.000597192 0.4834 0.000694892 
5 1.25 42000000 5.6801 0.00924918 -3.62655 0.0037963 15.5208 0.0247318 342.297 0.890236 0.00262951 0.00195034 -0.000637267 0.00252316 0.653361 0.00059399 0.4834 0.000691022 
5 1.25 42250000 5.6801 0.00924918 -3.62655 0.00374327 15.5208 0.0246238 342.297 0.884952 0.00262951 0.00195034 -0.000637267 0.00252316 0.653361 0.000590403 0.4834 0.000686835 
5 1.25 42500000 5.6801 0.00924918 -3.62655 0.00374327 15.5208 0.024492 342.297 0.882499 0.00262951 0.00195034 -0.000637267 0.00252316 0.653361 0.000587542 0.4834 0.000683928 
5 1.25 42750000 5.6801 0.00924918 -3.62655 0.00374327 15.5208 0.0245211 342.297 0.879795 0.00262951 0.00195034 -0.000637267 0.00252316 0.653361 0.000584517 0.4834 0.000681008 
5 1.25 43000000 5.6801 0.00924918 -3.62655 0.00374327 15.5208 0.0243867 342.297 0.876018 0.00262951 0.00195034 -0.000637267 0.00252316 0.653361 0.000581466 0.4834 0.000678153 
5 1.25 43250000 5.6801 0.00924918 -3.62655 0.00374327 15.5208 0.0242602 342.297 0.870866 0.00262951 0.00190269 -0.000637267 0.00252316 0.653361 0.000579509 0.4834 0.000675712 
5 1.25 43500000 5.6801 0.00924918 -3.62655 0.00374327 15.5208 0.0243206 342.297 0.865715 0.00262951 0.00190046 -0.000637267 0.00252316 0.653361 0.00057802 0.4834 0.000673629 
5 1.25 43750000 5.6801 0.00924918 -3.62655 0.00374327 15.5208 0.0244082 342.297 0.879835 0.00262951 0.00190046 -0.000637267 0.00252316 0.653361 0.000583617 0.4834 0.000681256 
5 1.25 44000000 5.6801 0.00924918 -3.62655 0.00374327 15.5208 0.0244242 342.297 0.886159 0.00262951 0.00190046 -0.000637267 0.00252316 0.653361 0.000586757 0.4834 0.000685663 
5 1.25 44250000 5.6801 0.00924918 -3.62655 0.0038099 15.5208 0.0243774 342.297 0.881451 0.00262951 0.00190046 -0.000637267 0.00252316 0.653361 0.000592325 0.4834 0.000684068 
5 1.25 44500000 5.6801 0.00924918 -3.62655 0.0038099 15.5208 0.0243774 342.297 0.876678 0.00262951 0.00190046 -0.000637267 0.00252316 0.653361 0.000592325 0.4834 0.000684068 
5 1.25 44750000 5.6801 0.00924918 -3.62655 0.0038099 15.5208 0.0243774 342.297 0.875168 0.00262951 0.00190046 -0.000637267 0.00252316 0.653361 0.000592325 0.4834 0.000684068 
5 1.25 45000000 5.6801 0.00924918 -3.62655 0.0038099 15.5208 0.0243774 342.297 0.870934 0.00262951 0.00190046 -0.000637267 0.00252316 0.653361 0.000592325 0.4834 0.000684068 
5 1.25 45250000 5.68228 0.00867618 -3.62541 0.00373843 15.5126 0.0240131 342.037 0.866231 0.00181171 0.00185921 -0.00129009 0.00237674 0.653244 0.000590786 0.483253 0.000684179 
5 1.25 45500000 5.68228 0.00866184 -3.62541 0.00373843 15.5126 0.0240131 342.037 0.861456 0.00181171 0.00185692 -0.00129009 0.00237674 0.653244 0.000590786 0.483253 0.000684179 
5 1.25 45750000 5.68228 0.00866184 -3.62541 0.00373843 15.5126 0.0240131 342.037 0.863362 0.00181171 0.00185692 -0.00129009 0.00237674 0.653244 0.000590786 0.483253 0.000684179 
5 1.25 46000000 5.68228 0.00866184 -3.62541 0.00373843 15.5126 0.0240131 342.037 0.861769 0.00181171 0.00185692 -0.00129009 0.00237674 0.653244 0.000590786 0.483253 0.000684179 
5 1.25 46250000 5.68228 0.00866184 -3.62541 0.00367425 15.5126 0.023536 342.037 0.856997 0.00181171 0.00185692 -0.00129009 0.00237674 0.653244 0.00058216 0.483253 0.000671745 
5 1.25 46500000 5.68228 0.00866184 -3.62541 0.00367425 15.5126 0.0235045 342.037 0.852403 0.00181171 0.00185692 -0.00129009 0.00237674 0.653244 0.00058216 0.483253 0.000671745 
5 1.25 46750000 5.68228 0.00866184 -3.62541 0.00367425 15.5126 0.0235045 342.037 0.852564 0.00181171 0.00185692 -0.00129009 0.00237674 0.653244 0.00058216 0.483253 0.000671745 
5 1.25 47000000 5.68228 0.00866184 -3.62541 0.00367425 15.5126 0.0235045 342.037 0.849924 0.00181171 0.00185692 -0.00129009 0.00237674 0.653244 0.00058216 0.483253 0.000671745 
5 1.25 47250000 5.68228 0.00866184 -3.62541 0.0035968 15.5126 0.0233109 342.037 0.847452 0.00181171 0.00182587 -0.00129009 0.00237674 0.653244 0.00057125 0.483253 0.000660189 
5 1.25 47500000 5.68228 0.00866184 -3.62541 0.0035968 15.5126 0.0231902 342.037 0.842998 0.00181171 0.00182587 -0.00129009 0.00237674 0.653244 0.00057125 0.483253 0.000657778 
5 1.25 47750000 5.68228 0.00866184 -3.62541 0.0035968 15.5126 0.0230747 342.037 0.838983 0.00181171 0.00182587 -0.00129009 0.00237674 0.653244 0.00057125 0.483253 0.000657778 
5 1.25 48000000 5.68228 0.00866184 -3.62541 0.0035968 15.5126 0.0230449 342.037 0.836367 0.00181171 0.00182587 -0.00129009 0.00237674 0.653244 0.00057125 0.483253 0.000657778 
5 1.25 48250000 5.68228 0.00866184 -3.62541 0.00357282 15.5126 0.0229182 342.037 0.832233 0.00181171 0.00182587 -0.00129009 0.00237674 0.653244 0.000559099 0.483253 0.000646471 
5 1.25 48500000 5.68228 0.00866184 -3.62541 0.00357282 15.5126 0.0228041 342.037 0.828386 0.00181171 0.00182587 -0.00129009 0.00237674 0.653244 0.000559099 0.483253 0.000643787 
5 1.25 48750000 5.68228 0.00866184 -3.62541 0.00357282 15.5126 0.0226917 342.037 0.82404 0.00181171 0.00182587 -0.00129009 0.00237674 0.653244 0.000559099 0.483253 0.000643787 
5 1.25 49000000 5.68228 0.00866184 -3.62541 0.00357282 15.5126 0.0228426 342.037 0.829483 0.00181171 0.00182587 -0.00129009 0.00237674 0.653244 0.000559099 0.483253 0.000643787 
5 1.25 49250000 5.67934 0.00842505 -3.62564 0.00348026 15.5161 0.0227238 342.173 0.82518 0.00209031 0.00177039 -0.00236457 0.00240934 0.653275 0.000550317 0.483317 0.000640126 
5 1.25 49500000 5.67934 0.00842505 -3.62564 0.00348026 15.5161 0.0226357 342.173 0.821683 0.00209031 0.00176927 -0.00236457 0.00240934 0.653275 0.000550317 0.483317 0.000639794 
5 1.25 49750000 5.67934 0.00842505 -3.62564 0.00348026 15.5161 0.0225475 342.173 0.817523 0.00209031 0.00176022 -0.00236457 0.00240934 0.653275 0.000550317 0.483317 0.000638131 
5 1.25 50000000 5.67934 0.00842505 -3.62564 0.00348026 15.5161 0.02249 342.173 0.816243 0.00209031 0.00175627 -0.00236457 0.00240934 0.653275 0.000550317 0.483317 0.000637952 
5 1.25 50250000 5.67934 0.00842505 -3.62564 0.00347396 15.5161 0.0223769 342.173 0.812575 0.00209031 0.00175627 -0.00236457 0.00240934 0.653275 0.000557072 0.483317 0.000642943 
5 1.25 50500000 5.67934 0.00842505 -3.62564 0.00347396 15.5161 0.0223029 342.173 0.810403 0.00209031 0.00175627 -0.00236457 0.00240934 0.653275 0.000557072 0.483317 0.000642943 
5 1.25 50750000 5.67934 0.00842505 -3.62564 0.00347396 15.5161 0.0222032 342.173 0.80648 0.00209031 0.00175627 -0.00236457 0.00240934 0.653275 0.000557072 0.483317 0.000642943 
5 1.25 51000000 5.67934 0.00842505 -3.62564 0.00347396 15.5161 0.0221556 342.173 0.803337 0.00209031 0.00175627 -0.00236457 0.00240934 0.653275 0.000557072 0.483317 0.000642943 
5 1.25 51250000 5.67934 0.00842505 -3.62564 0.0034254 15.5161 0.0220692 342.173 0.801029 0.00209031 0.00174775 -0.00236457 0.00240934 0.653275 0.000549712 0.483317 0.000632504 
5 1.25 51500000 5.67934 0.00842505 -3.62564 0.0034254 15.5161 0.0219594 342.173 0.797149 0.00209031 0.0017466 -0.00236457 0.00240934 0.653275 0.000549712 0.483317 0.000632504 
5 1.25 51750000 5.67934 0.00842505 -3.62564 0.0034254 15.5161 0.0219666 342.173 0.799065 0.00209031 0.0017466 -0.00236457 0.00240934 0.653275 0.000549712 0.483317 0.000632504 
5 1.25 52000000 5.67934 0.00842505 -3.62564 0.0034254 15.5161 0.0218809 342.173 0.795132 0.00209031 0.0017466 -0.00236457 0.00240934 0.653275 0.000549712 0.483317 0.000632504 
5 1.25 52250000 5.67934 0.00842505 -3.62564 0.00335823 15.5161 0.0217872 342.173 0.792123 0.00209031 0.0017466 -0.00236457 0.00240934 0.653275 0.000538944 0.483317 0.000620389 
5 1.25 52500000 5.67934 0.00842505 -3.62564 0.00335823 15.5161 0.0217872 342.173 0.792123 0.00209031 0.0017466 -0.00236457 0.00240934 0.653275 0.000538944 0.483317 0.000620389 
5 1.25 52750000 5.67934 0.00842505 -3.62564 0.00335823 15.5161 0.0216933 342.173 0.78839 0.00209031 0.0017466 -0.00236457 0.00240934 0.653275 0.000538944 0.483317 0.000620389 
5 1.25 53000000 5.67934 0.00842505 -3.62564 0.00335823 15.5161 0.0217083 342.173 0.787041 0.00209031 0.0017466 -0.00236457 0.00240934 0.653275 0.000538944 0.483317 0.000620389 
5 1.25 53250000 5.67934 0.00842505 -3.62564 0.00335823 15.5161 0.0216232 342.173 0.783614 0.00209031 0.0017466 -0.00236457 0.00240934 0.653275 0.000538944 0.483317 0.000620389 
5 1.25 53500000 5.68125 0.00798935 -3.62548 0.00329592 15.5148 0.0215507 342.23 0.780254 0.00178787 0.00169501 -0.0024141 0.00222452 0.653152 0.000530847 0.483191 0.000610324 
5 1.25 53750000 5.68125 0.00798935 -3.62548 0.00329592 15.5148 0.0214904 342.23 0.77655 0.00178787 0.00168951 -0.0024141 0.00222452 0.653152 0.000530847 0.483191 0.000610324 
5 1.25 54000000 5.68125 0.00798935 -3.62548 0.00329592 15.5148 0.021431 342.23 0.773902 0.00178787 0.00168701 -0.0024141 0.00222452 0.653152 0.000530847 0.483191 0.000610324 
5 1.25 54250000 5.68125 0.00798935 -3.62548 0.00329592 15.5148 0.021374 342.23 0.771256 0.00178787 0.00168701 -0.0024141 0.00222452 0.653152 0.000530847 0.483191 0.000610324 
5 1.25 54500000 5.68125 0.00798935 -3.62548 0.0032624 15.5148 0.0212849 342.23 0.7687 0.00178787 0.00168701 -0.0024141 0.00222452 0.653152 0.000521958 0.483191 0.000600684 
5 1.25 54750000 5.68125 0.00798935 -3.62548 0.0032624 15.5148 0.0211873 342.23 0.765115 0.00178787 0.00168701 -0.0024141 0.00222452 0.653152 0.000521958 0.483191 0.000600684 
5 1.25 55000000 5.68125 0.00798935 -3.62548 0.0032624 15.5148 0.021144 342.23 0.761779 0.00178787 0.00168701 -0.0024141 0.00222452 0.653152 0.000521958 0.483191 0.000600684 
5 1.25 55250000 5.68125 0.00798935 -3.62548 0.0032624 15.5148 0.0210607 342.23 0.758396 0.00178787 0.00168701 -0.0024141 0.00222452 0.653152 0.000521958 0.483191 0.000600684 
5 1.25 55500000 5.68125 0.00798935 -3.62548 0.0032051 15.5148 0.0209985 342.23 0.757138 0.00178787 0.00174475 -0.0024141 0.00222452 0.653152 0.000512515 0.483191 0.000589735 
5 1.25 55750000 5.68125 0.00798935 -3.62548 0.0032051 15.5148 0.0209636 342.23 0.753649 0.00178787 0.00174475 -0.0024141 0.00222452 0.653152 0.000512515 0.483191 0.000589735 
5 1.25 56000000 5.68125 0.00798935 -3.62548 0.0032051 15.5148 0.0208733 342.23 0.752631 0.00178787 0.00174475 -0.0024141 0.00222452 0.653152 0.000512515 0.483191 0.000589735 
5 1.25 56250000 5.68125 0.00798935 -3.62548 0.0032051 15.5148 0.0209298 342.23 0.753872 0.00178787 0.00174475 -0.0024141 0.00222452 0.653152 0.000512515 0.483191 0.000589735 
5 1.25 56500000 5.68125 0.00798935 -3.62548 0.00316791 15.5148 0.0208466 342.23 0.751156 0.00178787 0.00174475 -0.0024141 0.00222452 0.653152 0.00051107 0.483191 0.000589733 
5 1.25 56750000 5.68125 0.00798935 -3.62548 0.00316039 15.5148 0.0208131 342.23 0.74824 0.00178787 0.00174475 -0.0024141 0.00222452 0.653152 0.00051107 0.483191 0.000589733 
5 1.25 57000000 5.68125 0.00798935 -3.62548 0.00315327 15.5148 0.0207274 342.23 0.748077 0.00178787 0.00174475 -0.0024141 0.00222452 0.653152 0.00051107 0.483191 0.000589733 
5 1.25 57250000 5.68125 0.00798935 -3.62548 0.00315327 15.5148 0.0206481 342.23 0.74473 0.00178787 0.00174475 -0.0024141 0.00222452 0.653152 0.00051107 0.483191 0.000589733 
5 1.25 57500000 5.68386 0.00783583 -3.62537 0.00313001 15.514 0.0205642 342.165 0.741557 0.000605902 0.00176209 -0.00209304 0.00208866 0.653218 0.000501973 0.483254 0.000579445 
5 1.25 57750000 5.68386 0.00783583 -3.62537 0.00312315 15.514 0.0205185 342.165 0.738803 0.000605902 0.00176209 -0.00209304 0.00208866 0.653218 0.000501973 0.483254 0.000579445 
5 1.25 58000000 5.68386 0.00783583 -3.62537 0.00311143 15.514 0.0204483 342.165 0.736942 0.000605902 0.00176209 -0.00209304 0.00208866 0.653218 0.000501973 0.483254 0.000579445 
5 1.25 58250000 5.68386 0.00783583 -3.62537 0.00310531 15.514 0.0204099 342.165 0.733696 0.000605902 0.00176209 -0.00209304 0.00208866 0.653218 0.000501973 0.483254 0.000579445 
5 1.25 58500000 5.68386 0.00783583 -3.62537 0.00309821 15.514 0.0203709 342.165 0.730498 0.000605902 0.00176209 -0.00209304 0.00208866 0.653218 0.000495102 0.483254 0.000570868 
5 1.25 58750000 5.68386 0.00783583 -3.62537 0.00309155 15.514 0.0203087 342.165 0.727368 0.000605902 0.00176209 -0.00209304 0.00208866 0.653218 0.000495102 0.483254 0.000570868 
5 1.25 59000000 5.68386 0.00783583 -3.62537 0.00308089 15.514 0.0202345 342.165 0.725443 0.000605902 0.00176209 -0.00209304 0.00208866 0.653218 0.000495102 0.483254 0.000570868 
5 1.25 59250000 5.68386 0.00783583 -3.62537 0.0030831 15.514 0.0202408 342.165 0.726372 0.000605902 0.00176209 -0.00209304 0.00208866 0.653218 0.000495102 0.483254 0.000570868 
5 1.25 59500000 5.68386 0.00783583 -3.62537 0.00307381 15.514 0.0201839 342.165 0.725104 0.000605902 0.00174895 -0.00209304 0.00208866 0.653218 0.00048684 0.483254 0.000563589 
5 1.25 59750000 5.68386 0.00783583 -3.62537 0.00306267 15.514 0.020102 342.165 0.722796 0.000605902 0.00174895 -0.00209304 0.00208866 0.653218 0.00048684 0.483254 0.000561195 
5 1.25 60000000 5.68386 0.00783583 -3.62537 0.00305059 15.514 0.0200175 342.165 0.719732 0.000605902 0.00174895 -0.00209304 0.00208866 0.653218 0.00048684 0.483254 0.000561193 
5 1.25 60250000 5.68386 0.00783583 -3.62537 0.0030453 15.514 0.0200181 342.165 0.71937 0.000605902 0.00174895 -0.00209304 0.00208866 0.653218 0.00048684 0.483254 0.000561193 
5 1.25 60500000 5.68386 0.00783583 -3.62537 0.00304481 15.514 0.020019 342.165 0.717753 0.000605902 0.00172561 -0.00209304 0.00208866 0.653218 0.000479122 0.483254 0.00055772 
5 1.25 60750000 5.68386 0.00783583 -3.62537 0.00304612 15.514 0.0200719 342.165 0.724054 0.000605902 0.00172561 -0.00209304 0.00208866 0.653218 0.000479122 0.483254 0.000558379 
5 1.25 61000000 5.68386 0.00783583 -3.62537 0.00303577 15.514 0.0200004 342.165 0.721054 0.000605902 0.00172561 -0.00209304 0.00208866 0.653218 0.000479122 0.483254 0.000556076 
5 1.25 61250000 5.68386 0.00783583 -3.62537 0.00302791 15.514 0.0199596 342.165 0.718102 0.000605902 0.00172561 -0.00209304 0.00208866 0.653218 0.000479122 0.483254 0.000553756 
5 1.25 61500000 5.68418 0.0073198 -3.62531 0.0030173 15.5111 0.0198844 342.035 0.71528 0.00101391 0.00172561 -0.00191225 0.00195723 0.653217 0.000472671 0.483226 0.000551455 
5 1.25 61750000 5.68418 0.0073198 -3.62531 0.00300991 15.5111 0.0198415 342.035 0.713518 0.00101391 0.00172561 -0.00191225 0.00195723 0.653217 0.000472671 0.483226 0.000551409 
5 1.25 62000000 5.68418 0.0073198 -3.62531 0.00300799 15.5111 0.0198214 342.035 0.713147 0.00101391 0.00172561 -0.00191225 0.00195723 0.653217 0.000472671 0.483226 0.000550349 
5 1.25 62250000 5.68418 0.0073198 -3.62531 0.00299711 15.5111 0.0197546 342.035 0.710638 0.00101391 0.00172561 -0.00191225 0.00195723 0.653217 0.000472671 0.483226 0.000548898 
5 1.25 62500000 5.68418 0.0073198 -3.62531 0.00298582 15.5111 0.0196815 342.035 0.708368 0.00101391 0.00172561 -0.00191225 0.00195723 0.653217 0.000467024 0.483226 0.000546739 
5 1.25 62750000 5.68418 0.0073198 -3.62531 0.00297511 15.5111 0.0196161 342.035 0.705495 0.00101391 0.00172561 -0.00191225 0.00195723 0.653217 0.000465887 0.483226 0.00054485 
5 1.25 63000000 5.68418 0.0073198 -3.62531 0.00296925 15.5111 0.0195773 342.035 0.705495 0.00101391 0.00172561 -0.00191225 0.00195723 0.653217 0.000465887 0.483226 0.00054485 
5 1.25 63250000 5.68418 0.0073198 -3.62531 0.00296342 15.5111 0.0195392 342.035 0.702848 0.00101391 0.00172561 -0.00191225 0.00195723 0.653217 0.000465887 0.483226 0.000543495 
5 1.25 63500000 5.68418 0.0073198 -3.62531 0.00295695 15.5111 0.0194907 342.035 0.700004 0.00101391 0.00172561 -0.00191225 0.00195723 0.653217 0.000465887 0.483226 0.000542318 
5 1.25 63750000 5.68418 0.0073198 -3.62531 0.00295393 15.5111 0.0194646 342.035 0.697405 0.00101391 0.00172561 -0.00191225 0.00195723 0.653217 0.000467751 0.483226 0.000540212 
5 1.25 64000000 5.68418 0.0073198 -3.62531 0.00294673 15.5111 0.0194413 342.035 0.69555 0.00101391 0.00172561 -0.00191225 0.00195723 0.653217 0.000467751 0.483226 0.000538879 
5 1.25 64250000 5.68418 0.0073198 -3.62531 0.00294165 15.5111 0.0193925 342.035 0.69417 0.00101391 0.00172561 -0.00191225 0.00195723 0.653217 0.000467751 0.483226 0.00053851 
5 1.25 64500000 5.68418 0.0073198 -3.62531 0.00293401 15.5111 0.0193351 342.035 0.692044 0.00101391 0.00172561 -0.00191225 0.00195723 0.653217 0.000467751 0.483226 0.000536797 
5 1.25 64750000 5.68418 0.0073198 -3.62531 0.00292392 15.5111 0.0192846 342.035 0.690729 0.00101391 0.00172561 -0.00191225 0.00195723 0.653217 0.000463081 0.483226 0.000541229 
5 1.25 65000000 5.68418 0.0073198 -3.62531 0.00292317 15.5111 0.0192539 342.035 0.688173 0.00101391 0.00172561 -0.00191225 0.00195723 0.653217 0.000466053 0.483226 0.000542891 
5 1.25 65250000 5.68418 0.0073198 -3.62531 0.00291882 15.5111 0.0192325 342.035 0.687154 0.00101391 0.00172561 -0.00191225 0.00195723 0.653217 0.000466829 0.483226 0.000542515 
5 1.25 65500000 5.68418 0.0073198 -3.62531 0.00291293 15.5111 0.0191982 342.035 0.685204 0.00101391 0.00172561 -0.00191225 0.00195723 0.653217 0.000465102 0.483226 0.000540497 
5 1.25 65750000 5.6864 0.00719157 -3.62628 0.00290662 15.5162 0.019142 342.139 0.682781 0.00113898 0.00162378 -0.00198535 0.00183627 0.653358 0.00046394 0.483384 0.000539704 
5 1.25 66000000 5.6864 0.00719157 -3.62628 0.00289859 15.5162 0.0191124 342.139 0.683113 0.00113898 0.00162378 -0.00198535 0.00183627 0.653358 0.000462153 0.483384 0.00053762 
5 1.25 66250000 5.6864 0.00719157 -3.62628 0.00290044 15.5162 0.0191133 342.139 0.682124 0.00113898 0.00162378 -0.00198535 0.00183627 0.653358 0.000460495 0.483384 0.000535642 
5 1.25 66500000 5.6864 0.00719157 -3.62628 0.00288939 15.5162 0.0190414 342.139 0.679568 0.00113898 0.00162378 -0.00198535 0.00183627 0.653358 0.000460379 0.483384 0.000535828 
5 1.25 66750000 5.6864 0.00719157 -3.62628 0.00288604 15.5162 0.0190179 342.139 0.678841 0.00113898 0.00160158 -0.00198535 0.00183627 0.653358 0.000459014 0.483384 0.000533904 
5 1.25 67000000 5.6864 0.00719157 -3.62628 0.00288872 15.5162 0.0190273 342.139 0.677679 0.00113898 0.00160158 -0.00198535 0.00183627 0.653358 0.000459187 0.483384 0.00053408 
5 1.25 67250000 5.6864 0.00719157 -3.62628 0.00287938 15.5162 0.0189672 342.139 0.676621 0.00113898 0.00160158 -0.00198535 0.00183627 0.653358 0.000458621 0.483384 0.000533699 
5 1.25 67500000 5.6864 0.00719157 -3.62628 0.00287068 15.5162 0.0188955 342.139 0.675206 0.00113898 0.00160158 -0.00198535 0.00183627 0.653358 0.000456893 0.483384 0.000531675 
5 1.25 67750000 5.6864 0.00719157 -3.62628 0.00286749 15.5162 0.0188611 342.139 0.672908 0.00113898 0.00159012 -0.00198535 0.00183627 0.653358 0.000458582 0.483384 0.00053259 
5 1.25 68000000 5.6864 0.00719157 -3.62628 0.00286309 15.5162 0.0188525 342.139 0.672061 0.00113898 0.00159012 -0.00198535 0.00183627 0.653358 0.000457188 0.483384 0.000531106 
5 1.25 68250000 5.6864 0.00719157 -3.62628 0.00285466 15.5162 0.0188108 342.139 0.671082 0.00113898 0.00159012 -0.00198535 0.00183627 0.653358 0.000456908 0.483384 0.000530474 
5 1.25 68500000 5.6864 0.00719157 -3.62628 0.00285001 15.5162 0.0187803 342.139 0.669894 0.00113898 0.00159012 -0.00198535 0.00183627 0.653358 0.000455386 0.483384 0.000528586 
5 1.25 68750000 5.6864 0.00719157 -3.62628 0.00284432 15.5162 0.0187691 342.139 0.669474 0.00113898 0.00159012 -0.00198535 0.00183627 0.653358 0.000457096 0.483384 0.000530941 
5 1.25 69000000 5.6864 0.00719157 -3.62628 0.00284652 15.5162 0.0188036 342.139 0.670015 0.00113898 0.00159012 -0.00198535 0.00183627 0.653358 0.000455628 0.483384 0.000529011 
5 1.25 69250000 5.6864 0.00719157 -3.62628 0.00283658 15.5162 0.0187407 342.139 0.667826 0.00113898 0.00159012 -0.00198535 0.00183627 0.653358 0.000454148 0.483384 0.000527345 
5 1.25 69500000 5.6864 0.00719157 -3.62628 0.00282698 15.5162 0.0186841 342.139 0.66573 0.00113898 0.00159012 -0.00198535 0.00183627 0.653358 0.00045254 0.483384 0.000525463 
5 1.25 69750000 5.68734 0.00682978 -3.62565 0.00281777 15.5127 0.0186193 342.118 0.66333 0.00135988 0.00159012 -0.00221289 0.00174229 0.653181 0.000450945 0.483212 0.000523622 
5 1.25 70000000 5.68734 0.00682978 -3.62565 0.00281314 15.5127 0.0186089 342.118 0.663356 0.00135988 0.00159012 -0.00221289 0.00174229 0.653181 0.000451406 0.483212 0.000525086 
5 1.25 70250000 5.68734 0.00682978 -3.62565 0.00280325 15.5127 0.0185423 342.118 0.661397 0.00135988 0.00159012 -0.00221289 0.00174229 0.653181 0.000450008 0.483212 0.000523172 
5 1.25 70500000 5.68734 0.00682978 -3.62565 0.00280451 15.5127 0.0185267 342.118 0.660433 0.00135988 0.00159012 -0.00221289 0.00174229 0.653181 0.000450824 0.483212 0.000523951 
5 1.25 70750000 5.68734 0.00682978 -3.62565 0.00279951 15.5127 0.0184795 342.118 0.658243 0.00135988 0.00159012 -0.00221289 0.00174229 0.653181 0.000450328 0.483212 0.000522954 
5 1.25 71000000 5.68734 0.00682978 -3.62565 0.00279148 15.5127 0.0184277 342.118 0.656229 0.00135988 0.00159012 -0.00221289 0.00174229 0.653181 0.000448706 0.483212 0.000521284 
5 1.25 71250000 5.68734 0.00682978 -3.62565 0.00278368 15.5127 0.0183761 342.118 0.655077 0.00135988 0.00159012 -0.00221289 0.00174229 0.653181 0.000447253 0.483212 0.000520001 
5 1.25 71500000 5.68734 0.00682978 -3.62565 0.00278117 15.5127 0.0183708 342.118 0.655716 0.00135988 0.00159012 -0.00221289 0.00174229 0.653181 0.00044657 0.483212 0.000519093 
5 1.25 71750000 5.68734 0.00682978 -3.62565 0.00277406 15.5127 0.0183216 342.118 0.654672 0.00135988 0.00159012 -0.00221289 0.00174229 0.653181 0.000445652 0.483212 0.000517677 
5 1.25 72000000 5.68734 0.00682978 -3.62565 0.00276618 15.5127 0.0182693 342.118 0.652349 0.00135988 0.00159012 -0.00221289 0.00174229 0.653181 0.000445729 0.483212 0.000516739 
5 1.25 72250000 5.68734 0.00682978 -3.62565 0.00275777 15.5127 0.0182076 342.118 0.650087 0.00135988 0.00159012 -0.00221289 0.00174229 0.653181 0.000444439 0.483212 0.000514997 
5 1.25 72500000 5.68734 0.00682978 -3.62565 0.00275562 15.5127 0.018216 342.118 0.650445 0.00135988 0.00159012 -0.00221289 0.00174229 0.653181 0.000442898 0.483212 0.000513189 
5 1.25 72750000 5.68734 0.00682978 -3.62565 0.00274638 15.5127 0.018153 342.118 0.648175 0.00135988 0.00159012 -0.00221289 0.00174229 0.653181 0.000441343 0.483212 0.000511387 
5 1.25 73000000 5.68734 0.00682978 -3.62565 0.00274838 15.5127 0.0181548 342.118 0.647516 0.00135988 0.00159012 -0.00221289 0.00174229 0.653181 0.000443068 0.483212 0.000513173 
5 1.25 73250000 5.68734 0.00682978 -3.62565 0.00274506 15.5127 0.0181165 342.118 0.645956 0.00135988 0.00159012 -0.00221289 0.00174229 0.653181 0.000443042 0.483212 0.000512512 
5 1.25 73500000 5.68734 0.00682978 -3.62565 0.00275919 15.5127 0.0181942 342.118 0.647304 0.00135988 0.00159012 -0.00221289 0.00174229 0.653181 0.000441955 0.483212 0.000511323 
5 1.25 73750000 5.68734 0.00682978 -3.62565 0.00275462 15.5127 0.0181626 342.118 0.646392 0.00135988 0.00159012 -0.00221289 0.00174229 0.653181 0.000441955 0.483212 0.000511323 
5 1.25 74000000 5.68574 0.00663632 -3.62585 0.00274888 15.5127 0.0181176 342.058 0.644686 0.00137928 0.00149719 -0.00168582 0.00172338 0.65318 0.000440481 0.483187 0.000509762 
5 1.25 74250000 5.68574 0.00663632 -3.62585 0.00274629 15.5127 0.018124 342.058 0.644808 0.00137928 0.00149719 -0.00168582 0.00172338 0.65318 0.000438972 0.483187 0.000508051 
5 1.25 74500000 5.68574 0.00663632 -3.62585 0.0027386 15.5127 0.0180644 342.058 0.642606 0.00137928 0.00149719 -0.00168582 0.00172338 0.65318 0.000439282 0.483187 0.000509022 
5 1.25 74750000 5.68574 0.00663632 -3.62585 0.00273771 15.5127 0.0180667 342.058 0.642541 0.00137928 0.00149719 -0.00168582 0.00172338 0.65318 0.000441326 0.483187 0.000510693 
5 1.25 75000000 5.68574 0.00663632 -3.62585 0.00273357 15.5127 0.0180343 342.058 0.64135 0.00137928 0.00148143 -0.00168582 0.00172338 0.65318 0.000439976 0.483187 0.000509238 
5 1.25 75250000 5.68574 0.00663632 -3.62585 0.0027328 15.5127 0.0180242 342.058 0.640909 0.00137928 0.00148143 -0.00168582 0.00172338 0.65318 0.000438487 0.483187 0.00050754 
5 1.25 75500000 5.68574 0.00663632 -3.62585 0.00272673 15.5127 0.0179896 342.058 0.639829 0.00137928 0.00148143 -0.00168582 0.00172338 0.65318 0.000438129 0.483187 0.000506802 
5 1.25 75750000 5.68574 0.00663632 -3.62585 0.00271872 15.5127 0.0179461 342.058 0.638551 0.00137928 0.00148143 -0.00168582 0.00172338 0.65318 0.000437472 0.483187 0.00050636 
5 1.25 76000000 5.68574 0.00663632 -3.62585 0.00271585 15.5127 0.0179104 342.058 0.637104 0.00137928 0.00146269 -0.00168582 0.00172338 0.65318 0.000437421 0.483187 0.000506572 
5 1.25 76250000 5.68574 0.00663632 -3.62585 0.00270782 15.5127 0.0178564 342.058 0.635272 0.00137928 0.00146269 -0.00168582 0.00172338 0.65318 0.000436506 0.483187 0.000505746 
5 1.25 76500000 5.68574 0.00663632 -3.62585 0.0027016 15.5127 0.0178048 342.058 0.633376 0.00137928 0.00146269 -0.00168582 0.00172338 0.65318 0.000436067 0.483187 0.0005048 
5 1.25 76750000 5.68574 0.00663632 -3.62585 0.0026985 15.5127 0.0177904 342.058 0.633677 0.00137928 0.00146269 -0.00168582 0.00172338 0.65318 0.000435517 0.483187 0.000504186 
5 1.25 77000000 5.68574 0.00663632 -3.62585 0.00268997 15.5127 0.0177326 342.058 0.631765 0.00137928 0.00144776 -0.00168582 0.00172338 0.65318 0.000435587 0.483187 0.000503526 
5 1.25 77250000 5.68574 0.00663632 -3.62585 0.00269332 15.5127 0.0177697 342.058 0.633102 0.00137928 0.00144776 -0.00168582 0.00172338 0.65318 0.00043416 0.483187 0.000501866 
5 1.25 77500000 5.68574 0.00663632 -3.62585 0.00268971 15.5127 0.0177266 342.058 0.631355 0.00137928 0.00144776 -0.00168582 0.00172338 0.65318 0.000434609 0.483187 0.000501769 
5 1.25 77750000 5.68574 0.00663632 -3.62585 0.00268606 15.5127 0.0176911 342.058 0.629966 0.00137928 0.00144776 -0.00168582 0.00172338 0.65318 0.000433223 0.483187 0.000500219 
5 1.25 78000000 5.6825 0.00703154 -3.62687 0.00268066 15.5185 0.017656 342.231 0.628653 0.00120464 0.00143283 -0.00149651 0.00164304 0.653317 0.000431982 0.483311 0.000498695 
5 1.25 78250000 5.6825 0.00703154 -3.62687 0.00267417 15.5185 0.0176262 342.231 0.628139 0.00120464 0.00143283 -0.00149651 0.00164304 0.653317 0.000430579 0.483311 0.000497113 
5 1.25 78500000 5.6825 0.00703154 -3.62687 0.00267304 15.5185 0.0176057 342.231 0.627254 0.00120464 0.00143283 -0.00149651 0.00164304 0.653317 0.00042964 0.483311 0.000496125 
5 1.25 78750000 5.6825 0.00703154 -3.62687 0.00267211 15.5185 0.0175961 342.231 0.626964 0.00120464 0.00143283 -0.00149651 0.00164304 0.653317 0.000428283 0.483311 0.000494558 
5 1.25 79000000 5.6825 0.00703154 -3.62687 0.00266931 15.5185 0.0175701 342.231 0.625984 0.00120464 0.00143445 -0.00149651 0.00164304 0.653317 0.00042737 0.483311 0.000493658 
5 1.25 79250000 5.6825 0.00703154 -3.62687 0.00266134 15.5185 0.0175156 342.231 0.624036 0.00120464 0.00143445 -0.00149651 0.00164304 0.653317 0.000426297 0.483311 0.000492325 
5 1.25 79500000 5.6825 0.00703154 -3.62687 0.0026542 15.5185 0.0174813 342.231 0.623454 0.00120464 0.00143445 -0.00149651 0.00164304 0.653317 0.000424987 0.483311 0.000490791 
5 1.25 79750000 5.6825 0.00703154 -3.62687 0.00264694 15.5185 0.0174302 342.231 0.621509 0.00120464 0.00143445 -0.00149651 0.00164304 0.653317 0.000424328 0.483311 0.000490344 
5 1.25 80000000 5.6825 0.00703154 -3.62687 0.00264065 15.5185 0.0173868 342.231 0.619994 0.00120464 0.00143148 -0.00149651 0.00164304 0.653317 0.000423094 0.483311 0.000488813 
5 1.25 80250000 5.6825 0.00703154 -3.62687 0.002637 15.5185 0.0173518 342.231 0.618625 0.00120464 0.00143148 -0.00149651 0.00164304 0.653317 0.000421746 0.483311 0.000487252 
5 1.25 80500000 5.6825 0.00703154 -3.62687 0.00263026 15.5185 0.0173036 342.231 0.616889 0.00120464 0.00143148 -0.00149651 0.00164304 0.653317 0.000420491 0.483311 0.000485778 
5 1.25 80750000 5.6825 0.00703154 -3.62687 0.00262445 15.5185 0.0172651 342.231 0.6156 0.00120464 0.00143148 -0.00149651 0.00164304 0.653317 0.000419279 0.483311 0.000484352 
5 1.25 81000000 5.6825 0.00703154 -3.62687 0.00261854 15.5185 0.0172419 342.231 0.615195 0.00120464 0.00143148 -0.00149651 0.00164304 0.653317 0.000417991 0.483311 0.000482925 
5 1.25 81250000 5.6825 0.00703154 -3.62687 0.00261696 15.5185 0.0172127 342.231 0.61376 0.00120464 0.00143148 -0.00149651 0.00164304 0.653317 0.000418115 0.483311 0.000482329 
5 1.25 81500000 5.6825 0.00703154 -3.62687 0.00261006 15.5185 0.0171766 342.231 0.6126 0.00120464 0.00143148 -0.00149651 0.00164304 0.653317 0.000416847 0.483311 0.00048088 
5 1.25 81750000 5.6825 0.00703154 -3.62687 0.00260275 15.5185 0.0171237 342.231 0.610784 0.00120464 0.00143148 -0.00149651 0.00164304 0.653317 0.000415841 0.483311 0.000479495 
5 1.25 82000000 5.68168 0.00704277 -3.62733 0.00259964 15.5217 0.0171153 342.344 0.610608 0.000978269 0.00141345 -0.00106974 0.00161536 0.653369 0.000414998 0.483389 0.000479084 
5 1.25 82250000 5.68168 0.00704277 -3.62733 0.00259925 15.5217 0.0171063 342.344 0.610109 0.000978269 0.00141345 -0.00106974 0.00161536 0.653369 0.000413707 0.483389 0.000477632 
5 1.25 82500000 5.68168 0.00704277 -3.62733 0.00259303 15.5217 0.0170553 342.344 0.608237 0.000978269 0.00141345 -0.00106974 0.00161536 0.653369 0.000413225 0.483389 0.000476543 
5 1.25 82750000 5.68168 0.00704277 -3.62733 0.00258532 15.5217 0.0170055 342.344 0.606406 0.000978269 0.00141345 -0.00106974 0.00161536 0.653369 0.000411946 0.483389 0.00047508 
5 1.25 83000000 5.68168 0.00704277 -3.62733 0.00258025 15.5217 0.0169671 342.344 0.6048 0.000978269 0.00139621 -0.00106974 0.00161536 0.653369 0.000410678 0.483389 0.000473671 
5 1.25 83250000 5.68168 0.00704277 -3.62733 0.00257495 15.5217 0.0169381 342.344 0.604146 0.000978269 0.00139621 -0.00106974 0.00161536 0.653369 0.000409482 0.483389 0.000472461 
5 1.25 83500000 5.68168 0.00704277 -3.62733 0.00257075 15.5217 0.0169023 342.344 0.602526 0.000978269 0.00139621 -0.00106974 0.00161536 0.653369 0.000409021 0.483389 0.000471962 
5 1.25 83750000 5.68168 0.00704277 -3.62733 0.00256974 15.5217 0.0168806 342.344 0.601466 0.000978269 0.00139621 -0.00106974 0.00161536 0.653369 0.00040855 0.483389 0.000471953 
5 1.25 84000000 5.68168 0.00704277 -3.62733 0.0025676 15.5217 0.0168486 342.344 0.599876 0.000978269 0.00138337 -0.00106974 0.00161536 0.653369 0.00040731 0.483389 0.000470514 
5 1.25 84250000 5.68168 0.00704277 -3.62733 0.00256954 15.5217 0.0168421 342.344 0.599327 0.000978269 0.00138337 -0.00106974 0.00161536 0.653369 0.000408081 0.483389 0.000471599 
5 1.25 84500000 5.68168 0.00704277 -3.62733 0.00256811 15.5217 0.0168261 342.344 0.598553 0.000978269 0.00138337 -0.00106974 0.00161536 0.653369 0.000408081 0.483389 0.000471599 
5 1.25 84750000 5.68168 0.00704277 -3.62733 0.00256801 15.5217 0.0168025 342.344 0.597328 0.000978269 0.00138337 -0.00106974 0.00161536 0.653369 0.000409229 0.483389 0.000471873 
5 1.25 85000000 5.68168 0.00704277 -3.62733 0.00256808 15.5217 0.0167693 342.344 0.595555 0.000978269 0.00138337 -0.00106974 0.00161536 0.653369 0.000409486 0.483389 0.000471085 
5 1.25 85250000 5.68168 0.00704277 -3.62733 0.00256646 15.5217 0.0167531 342.344 0.594461 0.000978269 0.00136901 -0.00106974 0.00161536 0.653369 0.000409661 0.483389 0.000470642 
5 1.25 85500000 5.68168 0.00704277 -3.62733 0.00255888 15.5217 0.0167052 342.344 0.592774 0.000978269 0.00136901 -0.00106974 0.00161536 0.653369 0.000408553 0.483389 0.000469457 
5 1.25 85750000 5.68168 0.00704277 -3.62733 0.00255403 15.5217 0.0166758 342.344 0.591699 0.000978269 0.00136901 -0.00106974 0.00161536 0.653369 0.000407363 0.483389 0.000468083 
5 1.25 86000000 5.68168 0.00704277 -3.62733 0.00255792 15.5217 0.0166648 342.344 0.590207 0.000978269 0.00136901 -0.00106974 0.00161536 0.653369 0.000406353 0.483389 0.000466759 
5 1.25 86250000 5.68168 0.00704277 -3.62733 0.00255396 15.5217 0.0166279 342.344 0.588678 0.000978269 0.00135581 -0.00106974 0.00156117 0.653369 0.000405457 0.483389 0.00046557 
5 1.25 86500000 5.68168 0.00704277 -3.62733 0.00254707 15.5217 0.016594 342.344 0.587592 0.000978269 0.00135462 -0.00106974 0.00156117 0.653369 0.000404318 0.483389 0.000464189 
5 1.25 86750000 5.68168 0.00704277 -3.62733 0.00255119 15.5217 0.0166138 342.344 0.587579 0.000978269 0.001362 -0.00106974 0.00156117 0.653369 0.000403144 0.483389 0.000462856 
5 1.25 87000000 5.68168 0.00704277 -3.62733 0.00254408 15.5217 0.016574 342.344 0.586322 0.000978269 0.001362 -0.00106974 0.00156117 0.653369 0.000403728 0.483389 0.000463436 
5 1.25 87250000 5.68168 0.00704277 -3.62733 0.0025381 15.5217 0.0165427 342.344 0.585655 0.000978269 0.00138901 -0.00106974 0.00156117 0.653369 0.000402544 0.483389 0.000462125 
5 1.25 87500000 5.68168 0.00704277 -3.62733 0.00253085 15.5217 0.0164951 342.344 0.58395 0.000978269 0.00138901 -0.00106974 0.00156117 0.653369 0.000401446 0.483389 0.000460791 
5 1.25 87750000 5.68168 0.00704277 -3.62733 0.00253179 15.5217 0.0164957 342.344 0.583499 0.000978269 0.00138901 -0.00106974 0.00156117 0.653369 0.000400285 0.483389 0.000459457 
5 1.25 88000000 5.68168 0.00704277 -3.62733 0.00252697 15.5217 0.0164645 342.344 0.582475 0.000978269 0.00138901 -0.00106974 0.00156117 0.653369 0.00039916 0.483389 0.000458188 
5 1.25 88250000 5.68168 0.00704277 -3.62733 0.00252195 15.5217 0.0164251 342.344 0.580975 0.000978269 0.00137505 -0.00106974 0.00156117 0.653369 0.000398231 0.483389 0.000456974 
5 1.25 88500000 5.68168 0.00704277 -3.62733 0.0025149 15.5217 0.0163843 342.344 0.579713 0.000978269 0.00137505 -0.00106974 0.00156117 0.653369 0.000397513 0.483389 0.000455941 
5 1.25 88750000 5.68168 0.00704277 -3.62733 0.00250803 15.5217 0.0163374 342.344 0.57805 0.000978269 0.00137505 -0.00106974 0.00156117 0.653369 0.000396562 0.483389 0.00045515 
5 1.25 89000000 5.68168 0.00704277 -3.62733 0.00250345 15.5217 0.0163114 342.344 0.577307 0.000978269 0.00137505 -0.00106974 0.00156117 0.653369 0.000395669 0.483389 0.000453985 
5 1.25 89250000 5.68168 0.00704277 -3.62733 0.00250372 15.5217 0.0163193 342.344 0.577225 0.000978269 0.00137298 -0.00106974 0.00156117 0.653369 0.000394706 0.483389 0.000452688 
5 1.25 89500000 5.68168 0.00704277 -3.62733 0.00250129 15.5217 0.0163204 342.344 0.57726 0.000978269 0.00137298 -0.00106974 0.00156117 0.653369 0.000394512 0.483389 0.000452986 
5 1.25 89750000 5.68168 0.00704277 -3.62733 0.00249793 15.5217 0.0163018 342.344 0.576638 0.000978269 0.00137298 -0.00106974 0.00156117 0.653369 0.000393963 0.483389 0.000452184 
5 1.25 90000000 5.68168 0.00704277 -3.62733 0.00249626 15.5217 0.016283 342.344 0.575866 0.000978269 0.00137298 -0.00106974 0.00156117 0.653369 0.00039503 0.483389 0.000453658 
5 1.25 90250000 5.68076 0.00704277 -3.62676 0.00249132 15.5206 0.0162458 342.39 0.574482 -0.000124769 0.00161166 -0.000780002 0.00151596 0.653316 0.000394457 0.483379 0.000452868 
5 1.25 90500000 5.68076 0.00704277 -3.62676 0.00248458 15.5206 0.0162 342.39 0.572864 -0.000124769 0.00161166 -0.000780002 0.00151596 0.653316 0.000393378 0.483379 0.000451721 
5 1.25 90750000 5.68076 0.00704277 -3.62676 0.00248078 15.5206 0.0161675 342.39 0.571343 -0.000124769 0.00161166 -0.000780002 0.00151596 0.653316 0.000392267 0.483379 0.000450445 
5 1.25 91000000 5.68076 0.00704277 -3.62676 0.0024744 15.5206 0.0161287 342.39 0.569976 -0.000124769 0.00161166 -0.000780002 0.00151596 0.653316 0.000391404 0.483379 0.000449324 
5 1.25 91250000 5.68076 0.00704277 -3.62676 0.0024692 15.5206 0.0160945 342.39 0.568802 -0.000124769 0.00161166 -0.000780002 0.00151596 0.653316 0.000390374 0.483379 0.000448277 
5 1.25 91500000 5.68076 0.00704277 -3.62676 0.00246238 15.5206 0.0160523 342.39 0.567551 -0.000124769 0.00161166 -0.000780002 0.00151596 0.653316 0.000389283 0.483379 0.000447031 
5 1.25 91750000 5.68076 0.00704277 -3.62676 0.00245839 15.5206 0.0160164 342.39 0.566149 -0.000124769 0.00161166 -0.000780002 0.00151596 0.653316 0.000388605 0.483379 0.000445956 
5 1.25 92000000 5.68076 0.00704277 -3.62676 0.002452 15.5206 0.0159762 342.39 0.564699 -0.000124769 0.00161166 -0.000780002 0.00151596 0.653316 0.000388361 0.483379 0.000445797 
5 1.25 92250000 5.68076 0.00704277 -3.62676 0.00244556 15.5206 0.015932 342.39 0.563198 -0.000124769 0.00161166 -0.000780002 0.00151596 0.653316 0.000387308 0.483379 0.000444637 
5 1.25 92500000 5.68076 0.00704277 -3.62676 0.00244256 15.5206 0.0159157 342.39 0.562825 -0.000124769 0.00161166 -0.000780002 0.00151596 0.653316 0.000386298 0.483379 0.000443408 
5 1.25 92750000 5.68076 0.00704277 -3.62676 0.00243748 15.5206 0.0158843 342.39 0.561859 -0.000124769 0.00161166 -0.000780002 0.00151596 0.653316 0.000385468 0.483379 0.000442745 
5 1.25 93000000 5.68076 0.00704277 -3.62676 0.00243296 15.5206 0.0158516 342.39 0.560531 -0.000124769 0.00161166 -0.000780002 0.00151596 0.653316 0.000384668 0.483379 0.000441839 
5 1.25 93250000 5.68076 0.00704277 -3.62676 0.00242646 15.5206 0.0158174 342.39 0.559891 -0.000124769 0.00161166 -0.000780002 0.00151596 0.653316 0.000383611 0.483379 0.000440846 
5 1.25 93500000 5.68076 0.00704277 -3.62676 0.00242078 15.5206 0.0157836 342.39 0.558529 -0.000124769 0.00161166 -0.000780002 0.00151596 0.653316 0.000382594 0.483379 0.000439651 
5 1.25 93750000 5.68076 0.00704277 -3.62676 0.00241522 15.5206 0.0157509 342.39 0.557699 -0.000124769 0.00161166 -0.000780002 0.00151596 0.653316 0.000381549 0.483379 0.000438572 
5 1.25 94000000 5.68076 0.00704277 -3.62676 0.00241056 15.5206 0.0157305 342.39 0.557729 -0.000124769 0.00161166 -0.000780002 0.00151596 0.653316 0.000380607 0.483379 0.000437554 
5 1.25 94250000 5.68076 0.00704277 -3.62676 0.00240723 15.5206 0.0157078 342.39 0.557057 -0.000124769 0.00161166 -0.000780002 0.00151596 0.653316 0.00037964 0.483379 0.000436371 
5 1.25 94500000 5.68076 0.00704277 -3.62676 0.00240172 15.5206 0.015668 342.39 0.555586 -0.000124769 0.00161166 -0.000780002 0.00151596 0.653316 0.000379433 0.483379 0.000436281 
5 1.25 94750000 5.68076 0.00704277 -3.62676 0.00239924 15.5206 0.0156755 342.39 0.556344 -0.000124769 0.00161166 -0.000780002 0.00151596 0.653316 0.000378767 0.483379 0.000435356 
5 1.25 95000000 5.68076 0.00704277 -3.62676 0.00239647 15.5206 0.0156563 342.39 0.555703 -0.000124769 0.00161166 -0.000780002 0.00151596 0.653316 0.000378767 0.483379 0.000435356 
5 1.25 95250000 5.68076 0.00704277 -3.62676 0.00239161 15.5206 0.0156234 342.39 0.554552 -0.000124769 0.00161166 -0.000780002 0.00151596 0.653316 0.000377822 0.483379 0.000434308 
5 1.25 95500000 5.68076 0.00704277 -3.62676 0.00238862 15.5206 0.0156002 342.39 0.553644 -0.000124769 0.00161166 -0.000780002 0.00151596 0.653316 0.000376875 0.483379 0.000433163 
5 1.25 95750000 5.68076 0.00704277 -3.62676 0.00238422 15.5206 0.0155727 342.39 0.552638 -0.000124769 0.00161166 -0.000780002 0.00151596 0.653316 0.000375978 0.483379 0.000432066 
5 1.25 96000000 5.68076 0.00704277 -3.62676 0.00238856 15.5206 0.0155705 342.39 0.552219 -0.000124769 0.00161166 -0.000780002 0.00151596 0.653316 0.000376321 0.483379 0.00043099 
5 1.25 96250000 5.68076 0.00704277 -3.62676 0.00238279 15.5206 0.015537 342.39 0.551127 -0.000124769 0.00161166 -0.000780002 0.00151596 0.653316 0.000375648 0.483379 0.000429844 
5 1.25 96500000 5.68076 0.00704277 -3.62676 0.00237925 15.5206 0.0155111 342.39 0.550362 -0.000124769 0.00161166 -0.000780002 0.00151596 0.653316 0.000375073 0.483379 0.000429794 
5 1.25 96750000 5.68076 0.00704277 -3.62676 0.00237395 15.5206 0.0154803 342.39 0.549483 -0.000124769 0.00161166 -0.000780002 0.00151596 0.653316 0.000374093 0.483379 0.000428768 
5 1.25 97000000 5.68076 0.00704277 -3.62676 0.00236863 15.5206 0.0154448 342.39 0.548215 -0.000124769 0.00161166 -0.000780002 0.00151596 0.653316 0.000373139 0.483379 0.000427679 
5 1.25 97250000 5.68076 0.00704277 -3.62676 0.00236973 15.5206 0.015437 342.39 0.547545 -0.000124769 0.00161166 -0.000780002 0.00151596 0.653316 0.000372999 0.483379 0.000426721 
5 1.25 97500000 5.68076 0.00704277 -3.62676 0.00236862 15.5206 0.0154127 342.39 0.546573 -0.000124769 0.00161166 -0.000780002 0.00151596 0.653316 0.000372771 0.483379 0.00042762 
5 1.25 97750000 5.68076 0.00704277 -3.62676 0.00236404 15.5206 0.0154005 342.39 0.546813 -0.000124769 0.00161166 -0.000780002 0.00151596 0.653316 0.000372421 0.483379 0.000427571 
5 1.25 98000000 5.68076 0.00704277 -3.62676 0.00236268 15.5206 0.0153952 342.39 0.546506 -0.000124769 0.00161166 -0.000780002 0.00151596 0.653316 0.000371737 0.483379 0.000426528 
5 1.25 98250000 5.68076 0.00704277 -3.62676 0.00235654 15.5206 0.0153633 342.39 0.545638 -0.000124769 0.00161166 -0.000780002 0.00151596 0.653316 0.000370794 0.483379 0.000425475 
5 1.25 98500000 5.68062 0.00596243 -3.62643 0.00235131 15.5183 0.015342 342.303 0.54543 -0.000380257 0.00152912 -0.000802711 0.00136622 0.653271 0.000369923 0.483331 0.000424455 
5 1.25 98750000 5.68062 0.00596243 -3.62643 0.00234543 15.5183 0.0153031 342.303 0.544042 -0.000380257 0.00152912 -0.000802711 0.00136622 0.653271 0.000368977 0.483331 0.000423408 
5 1.25 99000000 5.68062 0.00596243 -3.62643 0.00234142 15.5183 0.0152988 342.303 0.544405 -0.000380257 0.00152912 -0.000802711 0.00136622 0.653271 0.000368022 0.483331 0.000422356 
5 1.25 99250000 5.68062 0.00596243 -3.62643 0.00233757 15.5183 0.0152773 342.303 0.543516 -0.000380257 0.00152912 -0.000802711 0.00136622 0.653271 0.000367291 0.483331 0.000421286 
5 1.25 99500000 5.68062 0.00596243 -3.62643 0.00233671 15.5183 0.0152699 342.303 0.542977 -0.000380257 0.00152912 -0.000802711 0.00136622 0.653271 0.000367215 0.483331 0.000420965 
5 1.25 99750000 5.68062 0.00596243 -3.62643 0.00233074 15.5183 0.015231 342.303 0.541659 -0.000380257 0.00152912 -0.000802711 0.00136622 0.653271 0.000366426 0.483331 0.000420034 
5 1.25 100000000 5.68062 0.00596243 -3.62643 0.00232802 15.5183 0.0152184 342.303 0.541446 -0.000380257 0.00152912 -0.000802711 0.00136622 0.653271 0.000365504 0.483331 0.000418958 
