L J MC_steps R2 R2_std E E_std E2 E2_std E4 E4_std Sin1 Sin1_std Cos1 Cos1_std Mag2 Mag2_std Mag4 Mag4_std
6 0.25 360000 9.5279 0.177307 -0.798006 0.0668116 4.50686 0.244414 71.9352 10.3601 0.0161306 0.012675 -0.028909 0.0127323 0.225072 0.00650927 0.0889269 0.0046583 
6 0.25 720000 9.48661 0.118611 -0.879871 0.045765 4.74794 0.184457 81.4298 6.96089 0.0115779 0.0086208 -0.0122651 0.00928373 0.230252 0.0045252 0.0927389 0.00327859 
6 0.25 1080000 9.48793 0.0955757 -0.822376 0.0361887 4.52441 0.137062 76.3025 5.24731 0.00455362 0.00658181 -0.00872122 0.00704395 0.225038 0.00354844 0.0889617 0.00255438 
6 0.25 1440000 9.48958 0.0810467 -0.813741 0.0312686 4.47847 0.11793 74.1026 4.2073 0.00943331 0.00643107 -0.00353423 0.00643164 0.22587 0.00313518 0.0892285 0.00225061 
6 0.25 1800000 9.48808 0.0703225 -0.843114 0.028974 4.49039 0.106513 73.7357 3.74783 0.00789033 0.00569946 -0.00278931 0.00559158 0.228408 0.0027532 0.0903123 0.0019674 
6 0.25 2160000 9.44087 0.0652583 -0.84796 0.0320236 4.49629 0.0955557 73.0041 3.31773 0.00783582 0.00506146 -0.00766284 0.00645811 0.228804 0.00338375 0.0902039 0.00177575 
6 0.25 2520000 9.48918 0.0647362 -0.835602 0.0273464 4.44054 0.087611 70.8879 2.99414 0.00799126 0.00479946 -0.00560713 0.00590995 0.227676 0.00311129 0.088929 0.00176503 
6 0.25 2880000 9.47773 0.0592772 -0.838447 0.0244151 4.44121 0.0818499 70.1851 2.75721 0.00652376 0.00439198 -0.00195466 0.00656895 0.228422 0.00268721 0.0893264 0.00162592 
6 0.25 3240000 9.41716 0.0659895 -0.836686 0.0214032 4.38675 0.075477 68.7821 2.53189 0.00577074 0.00415109 -0.00182097 0.00580036 0.227933 0.00241756 0.0886693 0.0014602 
6 0.25 3600000 9.40738 0.0595647 -0.826124 0.0195783 4.3568 0.070793 67.0561 2.41626 0.00535608 0.00378083 -0.00249013 0.00515693 0.22721 0.00216104 0.0879737 0.00140305 
6 0.25 3960000 9.40342 0.0540272 -0.825998 0.0184247 4.36289 0.0718999 67.1154 3.15935 0.00603151 0.00360741 -0.00102932 0.00548408 0.227242 0.00198748 0.0881005 0.00128899 
6 0.25 4320000 9.41175 0.0503264 -0.826628 0.0178413 4.35172 0.0718999 66.6423 3.15935 0.00502709 0.00335033 0.000334102 0.00548408 0.227108 0.00181129 0.0879125 0.00127399 
6 0.25 4680000 9.41951 0.0487441 -0.836677 0.0177793 4.39243 0.0657078 67.7107 2.6883 0.00509846 0.00315458 -0.000691687 0.00458045 0.227853 0.00180719 0.0885851 0.0012631 
6 0.25 5040000 9.41737 0.0452942 -0.847897 0.0196357 4.42158 0.0659241 68.4901 2.6883 0.00552143 0.00309631 -5.34818e-05 0.00458045 0.228769 0.0018861 0.0892035 0.00130861 
6 0.25 5400000 9.39746 0.0471933 -0.851213 0.0191781 4.41328 0.061735 68.0862 2.33033 0.00337356 0.00299498 0.000861779 0.00418124 0.228879 0.00175457 0.0891955 0.00122416 
6 0.25 5760000 9.39173 0.045009 -0.853873 0.0191781 4.4297 0.0597627 68.9229 2.33033 0.00274067 0.00285854 -0.000618682 0.00418124 0.229081 0.00164918 0.0894196 0.00116093 
6 0.25 6120000 9.39069 0.0433091 -0.85559 0.0172731 4.42707 0.0565274 69.2492 2.3111 0.00271335 0.00275788 0.000535153 0.0038097 0.228629 0.00160683 0.0891655 0.00112549 
6 0.25 6480000 9.39522 0.042083 -0.856762 0.0172731 4.44556 0.0557515 69.6892 2.3111 0.00383038 0.00268857 0.00211365 0.00389892 0.229026 0.00156049 0.0895782 0.00111889 
6 0.25 6840000 9.39242 0.0397959 -0.856009 0.0153589 4.43487 0.0538907 69.4368 2.06192 0.00363625 0.00262354 0.00257848 0.0037896 0.229133 0.0014792 0.0895726 0.00107214 
6 0.25 7200000 9.40394 0.0387643 -0.849222 0.0154037 4.4154 0.054316 68.9299 2.06192 0.00344818 0.00252218 0.00323813 0.0037896 0.228467 0.00154244 0.0891008 0.00110146 
6 0.25 7560000 9.40332 0.0372665 -0.847184 0.0161607 4.40858 0.0529849 68.5414 2.04093 0.0029497 0.00247966 0.00361493 0.00354954 0.22824 0.00148186 0.0888953 0.00106536 
6 0.25 7920000 9.40332 0.0381699 -0.847184 0.0161607 4.40858 0.0513292 68.5414 2.04093 0.0029497 0.00239816 0.00361493 0.00354954 0.22824 0.00141419 0.0888953 0.00101464 
6 0.25 8280000 9.38494 0.0375848 -0.846681 0.0156359 4.39687 0.0497829 68.1454 2.01324 0.00178515 0.00255605 0.00380196 0.00323178 0.228509 0.0013608 0.0888668 0.000968852 
6 0.25 8640000 9.38494 0.0368404 -0.846681 0.0156359 4.39687 0.0481933 68.1454 2.01324 0.00178515 0.00244695 0.00380196 0.00323178 0.228509 0.00130183 0.0888668 0.000927276 
6 0.25 9000000 9.37533 0.0366832 -0.839106 0.0153026 4.40294 0.0474822 68.4669 1.76272 0.0016777 0.00235396 0.00351955 0.00297478 0.228109 0.00130113 0.0887447 0.000906907 
6 0.25 9360000 9.37533 0.0358923 -0.839106 0.0153026 4.40294 0.0465107 68.4669 1.76272 0.0016777 0.00240222 0.00351955 0.00297478 0.228109 0.00127916 0.0887447 0.00088075 
6 0.25 9720000 9.37034 0.035525 -0.841706 0.0149721 4.41872 0.0453281 68.7172 1.67908 0.000656356 0.00231731 0.00282334 0.00282625 0.228367 0.00123017 0.0889339 0.000858381 
6 0.25 10080000 9.37034 0.035525 -0.841706 0.0149721 4.41872 0.0443528 68.7172 1.67908 0.000656356 0.00232621 0.00282334 0.00282625 0.228367 0.00126259 0.0889339 0.000865015 
6 0.25 10440000 9.38013 0.0330486 -0.842574 0.0133463 4.41425 0.0437282 68.4957 1.54216 0.000616787 0.00229738 0.00268126 0.00262794 0.228716 0.00122112 0.0891076 0.000842326 
6 0.25 10800000 9.38013 0.0323415 -0.842574 0.0133463 4.41425 0.0426771 68.4957 1.54216 0.000616787 0.00224713 0.00268126 0.00262794 0.228716 0.00118113 0.0891076 0.00081332 
6 0.25 11160000 9.39307 0.0322644 -0.844459 0.0132289 4.41948 0.0418465 68.4109 1.44168 0.000219313 0.00222871 0.00324363 0.0025122 0.22883 0.00114247 0.08915 0.000786929 
6 0.25 11520000 9.39307 0.0314497 -0.844459 0.0132289 4.41948 0.0412667 68.4109 1.44168 0.000219313 0.00217373 0.00324363 0.0025122 0.22883 0.0011319 0.08915 0.000803274 
6 0.25 11880000 9.38593 0.0308722 -0.844466 0.0118022 4.41109 0.0403808 67.9955 1.41015 -0.000368416 0.00212272 0.00301266 0.00236578 0.228686 0.00110117 0.0889211 0.000778765 
6 0.25 12240000 9.38593 0.0300156 -0.844466 0.0118465 4.41109 0.0396161 67.9955 1.41015 -0.000368416 0.00206863 0.00301266 0.00236578 0.228686 0.00115661 0.0889211 0.000809826 
6 0.25 12600000 9.39057 0.0293065 -0.83956 0.012085 4.40529 0.0389715 67.7575 1.34714 -0.000767357 0.00201015 0.00202254 0.00242497 0.22831 0.00112505 0.0887546 0.000796454 
6 0.25 12960000 9.39057 0.0286978 -0.83956 0.012085 4.40529 0.0381429 67.7575 1.34714 -0.000767357 0.00196694 0.00202254 0.00242497 0.22831 0.00110465 0.0887546 0.000784225 
6 0.25 13320000 9.39182 0.0281535 -0.839063 0.0115885 4.40643 0.0378415 67.7382 1.27735 -0.00152087 0.00202882 0.00277003 0.00240269 0.228375 0.00107825 0.0888312 0.000764254 
6 0.25 13680000 9.39182 0.0277203 -0.839063 0.0115885 4.40643 0.03706 67.7382 1.27244 -0.00152087 0.00202882 0.00277003 0.00240269 0.228375 0.00105245 0.0888312 0.000744039 
6 0.25 14040000 9.39182 0.0273538 -0.839063 0.0115885 4.40643 0.0364902 67.7382 1.27244 -0.00152087 0.00202882 0.00277003 0.00240269 0.228375 0.00105245 0.0888312 0.000744039 
6 0.25 14400000 9.38852 0.02678 -0.837159 0.0115885 4.40997 0.0357963 67.83 1.21872 -0.000991823 0.00202882 0.00228108 0.00232545 0.228068 0.00104795 0.0887346 0.000734484 
6 0.25 14760000 9.38852 0.0270068 -0.837159 0.0115885 4.40997 0.0355808 67.83 1.21872 -0.000991823 0.00202882 0.00228108 0.00232545 0.228068 0.00102108 0.0887346 0.000715677 
6 0.25 15120000 9.39216 0.0264894 -0.837592 0.0125185 4.40901 0.03524 67.8546 1.17518 -0.00106554 0.00187634 0.00227838 0.00220918 0.227928 0.001005 0.0886306 0.000704438 
6 0.25 15480000 9.39216 0.0258738 -0.837592 0.0125185 4.40901 0.0347387 67.8546 1.15864 -0.00106554 0.00187634 0.00227838 0.00220918 0.227928 0.000981324 0.0886306 0.000688561 
6 0.25 15840000 9.39216 0.0256026 -0.837592 0.0125185 4.40901 0.0343315 67.8546 1.13996 -0.00106554 0.00187634 0.00227838 0.00214482 0.227928 0.000961934 0.0886306 0.000680367 
6 0.25 16200000 9.39216 0.0253033 -0.837592 0.0125185 4.40901 0.0337696 67.8546 1.11946 -0.00106554 0.00187634 0.00227838 0.00214482 0.227928 0.000949954 0.0886306 0.000668481 
6 0.25 16560000 9.37928 0.0250819 -0.838021 0.0125185 4.41191 0.0335978 67.7669 1.1053 -0.00111332 0.0017608 0.00196177 0.00205015 0.227962 0.000930323 0.0885186 0.00065425 
6 0.25 16920000 9.37928 0.025261 -0.838021 0.0125185 4.41191 0.0331637 67.7669 1.09024 -0.00111332 0.0017608 0.00196177 0.00205015 0.227962 0.000943351 0.0885186 0.000667422 
6 0.25 17280000 9.37928 0.0248027 -0.838021 0.0125185 4.41191 0.0326392 67.7669 1.0837 -0.00111332 0.0017608 0.00196177 0.00196464 0.227962 0.000923657 0.0885186 0.000654029 
6 0.25 17640000 9.37928 0.0243748 -0.838021 0.0125185 4.41191 0.0323052 67.7669 1.06868 -0.00111332 0.0017608 0.00196177 0.00196464 0.227962 0.000904014 0.0885186 0.000643547 
6 0.25 18000000 9.37636 0.0238835 -0.83885 0.0104951 4.41328 0.032077 68.0335 1.06107 -0.00175325 0.00167989 0.00193401 0.00188503 0.228104 0.000888277 0.0886732 0.00063355 
6 0.25 18360000 9.37636 0.0234701 -0.83885 0.0104951 4.41328 0.0318004 68.0335 1.04553 -0.00175325 0.00167989 0.00193401 0.00188503 0.228104 0.000893543 0.0886732 0.000645299 
6 0.25 18720000 9.37636 0.0231961 -0.83885 0.0104951 4.41328 0.031527 68.0335 1.03557 -0.00175325 0.00167989 0.00193401 0.00181789 0.228104 0.000875924 0.0886732 0.000634239 
6 0.25 19080000 9.37636 0.0232899 -0.83885 0.0104951 4.41328 0.0313655 68.0335 1.02574 -0.00175325 0.00167989 0.00193401 0.00181789 0.228104 0.000884214 0.0886732 0.000639258 
6 0.25 19440000 9.37526 0.0229582 -0.836294 0.0104951 4.40912 0.030986 67.72 1.03611 -0.00145451 0.00159599 0.00209284 0.00174806 0.22794 0.000884974 0.0885528 0.000634787 
6 0.25 19800000 9.37526 0.0225879 -0.836294 0.0104951 4.40912 0.0306387 67.72 1.03611 -0.00145451 0.00159599 0.00209284 0.00174806 0.22794 0.000868791 0.0885528 0.000622815 
6 0.25 20160000 9.37526 0.0229095 -0.836294 0.0104951 4.40912 0.0303508 67.72 1.00554 -0.00145451 0.00159599 0.00209284 0.0016837 0.22794 0.000852938 0.0885528 0.000611331 
6 0.25 20520000 9.37526 0.0228465 -0.836294 0.0104951 4.40912 0.0300808 67.72 0.999146 -0.00145451 0.00159599 0.00209284 0.0016837 0.22794 0.000837483 0.0885528 0.00060024 
6 0.25 20880000 9.37355 0.0226052 -0.835602 0.00948512 4.4023 0.0300175 67.5581 0.988885 -0.0010379 0.00151988 0.00183621 0.00164885 0.227922 0.000826135 0.088511 0.000591357 
6 0.25 21240000 9.37355 0.0222577 -0.835602 0.00948512 4.4023 0.0296887 67.5581 0.98654 -0.0010379 0.00151988 0.00183621 0.00164885 0.227922 0.000834934 0.088511 0.000596637 
6 0.25 21600000 9.37355 0.0220667 -0.835602 0.00948512 4.4023 0.0295361 67.5581 0.976276 -0.0010379 0.00151988 0.00183621 0.00159352 0.227922 0.000824212 0.088511 0.00059101 
6 0.25 21960000 9.37355 0.0218438 -0.835602 0.00948512 4.4023 0.0292103 67.5581 0.969887 -0.0010379 0.00151988 0.00183621 0.00159352 0.227922 0.000810698 0.088511 0.000581097 
6 0.25 22320000 9.38195 0.0218067 -0.832865 0.00948512 4.39784 0.0288476 67.7191 0.961364 -0.00145544 0.00151988 0.00205002 0.00154679 0.227827 0.000797194 0.0884695 0.000571494 
6 0.25 22680000 9.38195 0.0216631 -0.832865 0.00948512 4.39784 0.0284894 67.7191 0.948032 -0.00145544 0.00151988 0.00205002 0.00154679 0.227827 0.000785027 0.0884695 0.000562148 
6 0.25 23040000 9.38195 0.0215899 -0.832865 0.00948512 4.39784 0.0281926 67.7191 0.936574 -0.00145544 0.00151988 0.00205002 0.00150635 0.227827 0.000788531 0.0884695 0.000571598 
6 0.25 23400000 9.38195 0.0212695 -0.832865 0.00948512 4.39784 0.0279234 67.7191 0.925524 -0.00145544 0.00151988 0.00205002 0.00150635 0.227827 0.000776612 0.0884695 0.000562529 
6 0.25 23760000 9.38884 0.0218587 -0.830616 0.00952023 4.39059 0.0278499 67.4937 0.917997 -0.000976609 0.0014571 0.00239722 0.00154593 0.227639 0.000764747 0.0883147 0.000553987 
6 0.25 24120000 9.38884 0.0218587 -0.830616 0.00952023 4.39059 0.0276036 67.4937 0.9138 -0.000976609 0.0014571 0.00239722 0.00154593 0.227639 0.000756207 0.0883147 0.000553125 
6 0.25 24480000 9.38884 0.0218587 -0.830616 0.00952023 4.39059 0.0272528 67.4937 0.92467 -0.000976609 0.0014571 0.00239722 0.00150108 0.227639 0.000744842 0.0883147 0.000545136 
6 0.25 24840000 9.38884 0.0218587 -0.830616 0.00952023 4.39059 0.0270964 67.4937 0.92467 -0.000976609 0.0014571 0.00239722 0.00150108 0.227639 0.000741315 0.0883147 0.000539894 
6 0.25 25200000 9.38818 0.0218587 -0.830471 0.00952023 4.39287 0.0269338 67.737 0.903151 -0.000732265 0.00139172 0.0023875 0.00145953 0.227679 0.000735671 0.0883854 0.000534778 
6 0.25 25560000 9.38818 0.0218587 -0.830471 0.00952023 4.39287 0.0268645 67.737 0.903151 -0.000732265 0.00139172 0.0023875 0.00145953 0.227679 0.000746548 0.0883854 0.000528466 
6 0.25 25920000 9.38818 0.0218587 -0.830471 0.00952023 4.39287 0.0265794 67.737 0.877448 -0.000732265 0.00139172 0.0023875 0.00143523 0.227679 0.000736887 0.0883854 0.000522475 
6 0.25 26280000 9.38818 0.0218587 -0.830471 0.00952023 4.39287 0.0265009 67.737 0.877448 -0.000732265 0.00139172 0.0023875 0.00143523 0.227679 0.000727063 0.0883854 0.000515177 
6 0.25 26640000 9.38524 0.019724 -0.828147 0.00877664 4.38833 0.0266025 67.6213 0.876446 -0.00111768 0.00136673 0.00194729 0.00141124 0.227572 0.000722044 0.0883312 0.000513192 
6 0.25 27000000 9.38524 0.019724 -0.828147 0.00877664 4.38833 0.0266883 67.6213 0.872909 -0.00111768 0.00136673 0.00194729 0.00141124 0.227572 0.000726615 0.0883312 0.00051588 
6 0.25 27360000 9.38524 0.019724 -0.828147 0.00877664 4.38833 0.026434 67.6213 0.864598 -0.00111768 0.00136673 0.00194729 0.00143549 0.227572 0.00071694 0.0883312 0.000509258 
6 0.25 27720000 9.38524 0.019724 -0.828147 0.00877664 4.38833 0.0264369 67.6213 0.862368 -0.00111768 0.00136673 0.00194729 0.00143549 0.227572 0.000716763 0.0883312 0.000511387 
6 0.25 28080000 9.38096 0.019724 -0.828177 0.00877664 4.39405 0.0262777 67.7531 0.855498 -0.000987765 0.00130096 0.0027251 0.00144057 0.22756 0.000708987 0.0884029 0.000506959 
6 0.25 28440000 9.38096 0.019724 -0.828177 0.00877664 4.39405 0.026215 67.7531 0.849399 -0.000987765 0.00130096 0.0027251 0.00144057 0.22756 0.000705106 0.0884029 0.000505247 
6 0.25 28800000 9.38096 0.019724 -0.828177 0.00877664 4.39405 0.025953 67.7531 0.84114 -0.000987765 0.00130096 0.0027251 0.00143636 0.22756 0.000699487 0.0884029 0.000502049 
6 0.25 29160000 9.38096 0.019724 -0.828177 0.00877664 4.39405 0.025753 67.7531 0.837595 -0.000987765 0.00130096 0.0027251 0.00143636 0.22756 0.000698253 0.0884029 0.000500854 
6 0.25 29520000 9.38096 0.019724 -0.828177 0.00877664 4.39405 0.0255807 67.7531 0.833965 -0.000987765 0.00130096 0.0027251 0.00143636 0.22756 0.000694994 0.0884029 0.000497807 
6 0.25 29880000 9.38035 0.0184592 -0.827232 0.00794654 4.38708 0.0253598 67.6989 0.828415 -0.000727878 0.0012616 0.0023217 0.00140356 0.227363 0.000691828 0.0882618 0.000496508 
6 0.25 30240000 9.38035 0.0183487 -0.827232 0.00794654 4.38708 0.0252221 67.6989 0.829809 -0.000727878 0.0012616 0.0023217 0.00140356 0.227363 0.000688623 0.0882618 0.000494493 
6 0.25 30600000 9.38035 0.0183487 -0.827232 0.00794654 4.38708 0.0252019 67.6989 0.830335 -0.000727878 0.0012616 0.0023217 0.00136948 0.227363 0.000683632 0.0882618 0.000489672 
6 0.25 30960000 9.38035 0.0183487 -0.827232 0.00794654 4.38708 0.0251117 67.6989 0.824263 -0.000727878 0.0012616 0.0023217 0.00136948 0.227363 0.000680826 0.0882618 0.000487712 
6 0.25 31320000 9.38035 0.0183487 -0.827232 0.00794654 4.38708 0.0248927 67.6989 0.820148 -0.000727878 0.00124862 0.0023217 0.00134815 0.227363 0.000679647 0.0882618 0.000485724 
6 0.25 31680000 9.38035 0.0183487 -0.827232 0.00794654 4.38708 0.0246857 67.6989 0.813594 -0.000727878 0.00124862 0.0023217 0.00134815 0.227363 0.000673166 0.0882618 0.000481041 
6 0.25 32040000 9.38035 0.0183487 -0.827232 0.00794654 4.38708 0.0244962 67.6989 0.807038 -0.000727878 0.00124862 0.0023217 0.00131732 0.227363 0.000669122 0.0882618 0.00047677 
6 0.25 32400000 9.38035 0.0183487 -0.827232 0.00794654 4.38708 0.0243966 67.6989 0.80324 -0.000727878 0.00124862 0.0023217 0.00131732 0.227363 0.00066454 0.0882618 0.00047319 
6 0.25 32760000 9.37331 0.0179782 -0.825451 0.00769247 4.39018 0.0243427 67.7844 0.801924 6.39363e-05 0.00128824 0.00224741 0.00128811 0.227323 0.000658614 0.0882631 0.000468344 
6 0.25 33120000 9.37331 0.0179782 -0.825451 0.00769247 4.39018 0.0241607 67.7844 0.797446 6.39363e-05 0.00128824 0.00224741 0.00128811 0.227323 0.000655519 0.0882631 0.000470598 
6 0.25 33480000 9.37331 0.0179782 -0.825451 0.00769247 4.39018 0.0240335 67.7844 0.793964 6.39363e-05 0.00128824 0.00224741 0.00126746 0.227323 0.000651896 0.0882631 0.000468444 
6 0.25 33840000 9.37331 0.0179782 -0.825451 0.00769247 4.39018 0.0239428 67.7844 0.788423 6.39363e-05 0.00128824 0.00224741 0.00126746 0.227323 0.000647443 0.0882631 0.000465411 
6 0.25 34200000 9.37331 0.0179782 -0.825451 0.00769247 4.39018 0.0237872 67.7844 0.784594 6.39363e-05 0.00131299 0.00224741 0.00124243 0.227323 0.000641831 0.0882631 0.000461838 
6 0.25 34560000 9.37331 0.0179782 -0.825451 0.00769247 4.39018 0.0236548 67.7844 0.77978 6.39363e-05 0.00131299 0.00224741 0.00124243 0.227323 0.00064557 0.0882631 0.000462278 
6 0.25 34920000 9.37331 0.0179782 -0.825451 0.00769247 4.39018 0.0235407 67.7844 0.781436 6.39363e-05 0.00131299 0.00224741 0.00122752 0.227323 0.00063912 0.0882631 0.00045779 
6 0.25 35280000 9.37331 0.0179782 -0.825451 0.00769247 4.39018 0.0233829 67.7844 0.78026 6.39363e-05 0.00131299 0.00224741 0.00122752 0.227323 0.000634978 0.0882631 0.000455254 
6 0.25 35640000 9.369 0.0169899 -0.826197 0.00684009 4.39432 0.0231614 68.1332 0.772971 -0.000793401 0.00143008 0.00192763 0.00120414 0.22734 0.000630248 0.088283 0.000451804 
6 0.25 36000000 9.369 0.0169899 -0.826197 0.00684009 4.39432 0.0230782 68.1332 0.770976 -0.000793401 0.00143008 0.00192763 0.00120414 0.22734 0.000629952 0.088283 0.000452457 
6 0.25 36360000 9.369 0.0169899 -0.826197 0.00684009 4.39432 0.0229465 68.1332 0.765495 -0.000793401 0.00143008 0.00192763 0.00119436 0.22734 0.000624614 0.088283 0.000447902 
6 0.25 36720000 9.369 0.0169899 -0.826197 0.00684009 4.39432 0.0227926 68.1332 0.764607 -0.000793401 0.00143008 0.00192763 0.00119436 0.22734 0.000619379 0.088283 0.000443502 
6 0.25 37080000 9.369 0.0169899 -0.826197 0.00684009 4.39432 0.0227136 68.1332 0.761552 -0.000793401 0.00143008 0.00192763 0.00117081 0.22734 0.000617146 0.088283 0.000443034 
6 0.25 37440000 9.369 0.0169899 -0.826197 0.00684009 4.39432 0.022521 68.1332 0.756162 -0.000793401 0.00143008 0.00192763 0.00117081 0.22734 0.000614503 0.088283 0.000439457 
6 0.25 37800000 9.369 0.0169899 -0.826197 0.00684009 4.39432 0.0224828 68.1332 0.756559 -0.000793401 0.00143008 0.00192763 0.00115941 0.22734 0.0006179 0.088283 0.000440312 
6 0.25 38160000 9.369 0.0169899 -0.826197 0.00684009 4.39432 0.0222915 68.1332 0.749552 -0.000793401 0.00143008 0.00192763 0.00115941 0.22734 0.000612227 0.088283 0.000436398 
6 0.25 38520000 9.3666 0.0160626 -0.826129 0.00647968 4.38746 0.0221254 67.8622 0.744911 -0.00064963 0.00132728 0.00176987 0.00114922 0.227245 0.000606345 0.0881679 0.000432597 
6 0.25 38880000 9.3666 0.0160007 -0.826129 0.00647968 4.38746 0.0220294 67.8622 0.741247 -0.00064963 0.00132728 0.00176987 0.00114922 0.227245 0.000606589 0.0881679 0.00043299 
6 0.25 39240000 9.3666 0.0159969 -0.826129 0.00647968 4.38746 0.0219204 67.8622 0.738411 -0.00064963 0.00132728 0.00176987 0.00116243 0.227245 0.000601185 0.0881679 0.00042973 
6 0.25 39600000 9.3666 0.0158827 -0.826129 0.00647968 4.38746 0.0218161 67.8622 0.736117 -0.00064963 0.00132728 0.00176987 0.00116243 0.227245 0.000601074 0.0881679 0.000430627 
6 0.25 39960000 9.3666 0.015852 -0.826129 0.00647968 4.38746 0.0216215 67.8622 0.729874 -0.00064963 0.00132728 0.00176987 0.00114091 0.227245 0.000596354 0.0881679 0.000427932 
6 0.25 40320000 9.3666 0.015852 -0.826129 0.00647968 4.38746 0.0214828 67.8622 0.725666 -0.00064963 0.00132728 0.00176987 0.00114091 0.227245 0.000591806 0.0881679 0.000424797 
6 0.25 40680000 9.3666 0.015852 -0.826129 0.00647968 4.38746 0.0212913 67.8622 0.721243 -0.00064963 0.00132728 0.00176987 0.00115014 0.227245 0.000586756 0.0881679 0.000421128 
6 0.25 41040000 9.3666 0.015852 -0.826129 0.00647968 4.38746 0.021202 67.8622 0.719636 -0.00064963 0.00132728 0.00176987 0.00115014 0.227245 0.000585332 0.0881679 0.000419737 
6 0.25 41400000 9.36033 0.0159084 -0.826112 0.00586327 4.38704 0.0210701 67.8282 0.71481 -0.000773534 0.00123825 0.00131993 0.00113344 0.22717 0.000581535 0.088087 0.000418073 
6 0.25 41760000 9.36033 0.0159084 -0.826112 0.00586327 4.38704 0.020913 67.8282 0.709413 -0.000773534 0.00123825 0.00131993 0.00113344 0.22717 0.000577094 0.088087 0.000414694 
6 0.25 42120000 9.36033 0.0159084 -0.826112 0.00586327 4.38704 0.020832 67.8282 0.706146 -0.000773534 0.00123825 0.00131993 0.00111534 0.22717 0.000580357 0.088087 0.000418395 
6 0.25 42480000 9.36033 0.0159084 -0.826112 0.00586327 4.38704 0.0206977 67.8282 0.700171 -0.000773534 0.00123825 0.00131993 0.00111534 0.22717 0.000576222 0.088087 0.000414925 
6 0.25 42840000 9.36033 0.0159084 -0.826112 0.00586327 4.38704 0.0205849 67.8282 0.69476 -0.000773534 0.00123825 0.00131993 0.0011037 0.22717 0.000571468 0.088087 0.000411422 
6 0.25 43200000 9.36033 0.0159084 -0.826112 0.00586327 4.38704 0.0204968 67.8282 0.69201 -0.000773534 0.00123825 0.00131993 0.0011037 0.22717 0.000569191 0.088087 0.000409692 
6 0.25 43560000 9.36033 0.0159084 -0.826112 0.00586327 4.38704 0.0203459 67.8282 0.686566 -0.000773534 0.00123825 0.00131993 0.00108505 0.22717 0.000564403 0.088087 0.000406279 
6 0.25 43920000 9.36033 0.0159084 -0.826112 0.00586327 4.38704 0.0202358 67.8282 0.68384 -0.000773534 0.00123825 0.00131993 0.00108505 0.22717 0.00056235 0.088087 0.000403003 
6 0.25 44280000 9.35868 0.0149341 -0.826214 0.00555457 4.38741 0.0201845 67.8101 0.679912 -0.000394897 0.00121221 0.00139487 0.00107476 0.227097 0.000564066 0.0880638 0.000403937 
6 0.25 44640000 9.35868 0.0149501 -0.826214 0.00555457 4.38741 0.0201155 67.8101 0.676113 -0.000394897 0.00121221 0.00139487 0.00107476 0.227097 0.000561899 0.0880638 0.000402285 
6 0.25 45000000 9.35868 0.0149341 -0.826214 0.00555457 4.38741 0.0199946 67.8101 0.671257 -0.000394897 0.00121221 0.00139487 0.00107476 0.227097 0.000557718 0.0880638 0.000399212 
6 0.25 45360000 9.35868 0.0149341 -0.826214 0.00555457 4.38741 0.019895 67.8101 0.669447 -0.000394897 0.00121221 0.00139487 0.00105897 0.227097 0.00055399 0.0880638 0.000396668 
6 0.25 45720000 9.35868 0.0149341 -0.826214 0.00555457 4.38741 0.0198801 67.8101 0.67276 -0.000394897 0.00121221 0.00139487 0.00105897 0.227097 0.000555327 0.0880638 0.000397384 
6 0.25 46080000 9.35868 0.0149341 -0.826214 0.00555457 4.38741 0.0197672 67.8101 0.670088 -0.000394897 0.00121221 0.00139487 0.00104589 0.227097 0.000555047 0.0880638 0.000395309 
6 0.25 46440000 9.35868 0.0149341 -0.826214 0.00555457 4.38741 0.0196931 67.8101 0.666882 -0.000394897 0.00121221 0.00139487 0.00104589 0.227097 0.000550839 0.0880638 0.000392477 
6 0.25 46800000 9.35868 0.0149341 -0.826214 0.00555457 4.38741 0.0196009 67.8101 0.662291 -0.000394897 0.00121221 0.00139487 0.0010503 0.227097 0.000546566 0.0880638 0.00038947 
6 0.25 47160000 9.35868 0.0149341 -0.826214 0.00555457 4.38741 0.0194726 67.8101 0.658942 -0.000394897 0.00121221 0.00139487 0.0010503 0.227097 0.000544096 0.0880638 0.000387214 
6 0.25 47520000 9.35471 0.0145187 -0.826888 0.00535981 4.38456 0.0194645 67.6838 0.659438 -0.000234585 0.001147 0.00105659 0.00103844 0.227234 0.000544769 0.0881199 0.000387715 
6 0.25 47880000 9.35471 0.0145187 -0.826888 0.00534496 4.38456 0.0193691 67.6838 0.656631 -0.000234585 0.001147 0.00105659 0.00103844 0.227234 0.000541447 0.0881199 0.000385023 
6 0.25 48240000 9.35471 0.0145187 -0.826888 0.00531037 4.38456 0.0192856 67.6838 0.652655 -0.000234585 0.001147 0.00105659 0.0010395 0.227234 0.000538062 0.0881199 0.000382535 
6 0.25 48600000 9.35471 0.0145187 -0.826888 0.00528738 4.38456 0.0191949 67.6838 0.648465 -0.000234585 0.001147 0.00105659 0.0010395 0.227234 0.000534926 0.0881199 0.000380209 
6 0.25 48960000 9.35471 0.0145187 -0.826888 0.00527228 4.38456 0.0190648 67.6838 0.645583 -0.000234585 0.001147 0.00105659 0.00102722 0.227234 0.000531967 0.0881199 0.000378544 
6 0.25 49320000 9.35471 0.0145187 -0.826888 0.00523615 4.38456 0.0189455 67.6838 0.641801 -0.000234585 0.001147 0.00105659 0.00102722 0.227234 0.000528347 0.0881199 0.000375802 
6 0.25 49680000 9.35471 0.0145187 -0.826888 0.00520666 4.38456 0.0188974 67.6838 0.643837 -0.000234585 0.001147 0.00105659 0.00101372 0.227234 0.000527015 0.0881199 0.000374661 
6 0.25 50040000 9.35471 0.0145187 -0.826888 0.00520939 4.38456 0.0188461 67.6838 0.639731 -0.000234585 0.001147 0.00105659 0.00101372 0.227234 0.000528888 0.0881199 0.00037578 
6 0.25 50400000 9.35305 0.014084 -0.825866 0.00518847 4.3899 0.018711 67.8615 0.635298 9.92984e-06 0.00110528 0.0013821 0.00101139 0.227131 0.000525335 0.0880521 0.000373033 
6 0.25 50760000 9.35305 0.014084 -0.825866 0.00517136 4.3899 0.0186111 67.8615 0.63392 9.92984e-06 0.00110528 0.0013821 0.00101139 0.227131 0.000522981 0.0880521 0.000370906 
6 0.25 51120000 9.35305 0.014084 -0.825866 0.00513888 4.3899 0.0184837 67.8615 0.629783 9.92984e-06 0.00110528 0.0013821 0.000998536 0.227131 0.000520333 0.0880521 0.000369285 
6 0.25 51480000 9.35305 0.014084 -0.825866 0.00511397 4.3899 0.0184287 67.8615 0.629296 9.92984e-06 0.00110528 0.0013821 0.000998536 0.227131 0.000518747 0.0880521 0.000367697 
6 0.25 51840000 9.35305 0.014084 -0.825866 0.00508859 4.3899 0.0183267 67.8615 0.626205 9.92984e-06 0.00110528 0.0013821 0.00101499 0.227131 0.000515941 0.0880521 0.000365336 
6 0.25 52200000 9.35305 0.014084 -0.825866 0.00507577 4.3899 0.0182571 67.8615 0.622861 9.92984e-06 0.00110528 0.0013821 0.00101499 0.227131 0.000512911 0.0880521 0.000363099 
6 0.25 52560000 9.35305 0.014084 -0.825866 0.00508593 4.3899 0.0182315 67.8615 0.624105 9.92984e-06 0.00110528 0.0013821 0.00100942 0.227131 0.000511204 0.0880521 0.000361946 
6 0.25 52920000 9.35305 0.014084 -0.825866 0.00507441 4.3899 0.0182591 67.8615 0.621735 9.92984e-06 0.00110528 0.0013821 0.00100942 0.227131 0.0005077 0.0880521 0.000359821 
6 0.25 53280000 9.34992 0.0135744 -0.826176 0.00505394 4.39248 0.018313 67.8584 0.628218 0.000109241 0.00104833 0.0019067 0.00110012 0.227067 0.000506034 0.088035 0.00035923 
6 0.25 53640000 9.34992 0.0135083 -0.826176 0.00502255 4.39248 0.0182147 67.8584 0.624342 0.000109241 0.00104833 0.0019067 0.00110012 0.227067 0.000502685 0.088035 0.000357031 
6 0.25 54000000 9.34992 0.0134451 -0.826176 0.00499466 4.39248 0.0181273 67.8584 0.622124 0.000109241 0.00104833 0.0019067 0.00110012 0.227067 0.000499521 0.088035 0.000355087 
6 0.25 54360000 9.34992 0.0133865 -0.826176 0.00497734 4.39248 0.01801 67.8584 0.618212 0.000109241 0.00104833 0.0019067 0.00110012 0.227067 0.000498251 0.088035 0.000353599 
6 0.25 54720000 9.34992 0.0133452 -0.826176 0.00494821 4.39248 0.0179318 67.8584 0.616211 0.000109241 0.00104833 0.0019067 0.00110012 0.227067 0.000496971 0.088035 0.000352546 
6 0.25 55080000 9.34992 0.0133452 -0.826176 0.00493733 4.39248 0.0178684 67.8584 0.613798 0.000109241 0.00104833 0.0019067 0.00110012 0.227067 0.000495403 0.088035 0.000352075 
6 0.25 55440000 9.34992 0.0133452 -0.826176 0.00495069 4.39248 0.0178031 67.8584 0.610726 0.000109241 0.00104833 0.0019067 0.00110012 0.227067 0.000494318 0.088035 0.000350209 
6 0.25 55800000 9.34992 0.0133452 -0.826176 0.00494928 4.39248 0.0177961 67.8584 0.608258 0.000109241 0.00104833 0.0019067 0.00110012 0.227067 0.000498923 0.088035 0.000353578 
6 0.25 56160000 9.34965 0.013307 -0.826381 0.0049327 4.39153 0.0178765 67.7926 0.611705 0.000312007 0.00101257 0.00163826 0.00110012 0.22712 0.000499592 0.088034 0.000354762 
6 0.25 56520000 9.34965 0.013307 -0.826381 0.00490879 4.39153 0.0177867 67.7926 0.609853 0.000312007 0.00101257 0.00163826 0.00110012 0.22712 0.000497039 0.088034 0.000353221 
6 0.25 56880000 9.34965 0.013307 -0.826381 0.00489954 4.39153 0.017678 67.7926 0.60666 0.000312007 0.00101257 0.00163826 0.00110012 0.22712 0.000494221 0.088034 0.000351332 
6 0.25 57240000 9.34965 0.013307 -0.826381 0.00489128 4.39153 0.0176033 67.7926 0.604719 0.000312007 0.00101257 0.00163826 0.00110012 0.22712 0.000493109 0.088034 0.000350994 
6 0.25 57600000 9.34965 0.013307 -0.826381 0.00486423 4.39153 0.0175049 67.7926 0.602683 0.000312007 0.00101257 0.00163826 0.00110012 0.22712 0.000489982 0.088034 0.000348763 
6 0.25 57960000 9.34965 0.013307 -0.826381 0.00484214 4.39153 0.0174053 67.7926 0.599855 0.000312007 0.00101257 0.00163826 0.00110012 0.22712 0.000487096 0.088034 0.000347069 
6 0.25 58320000 9.34965 0.013307 -0.826381 0.00483219 4.39153 0.0172996 67.7926 0.596324 0.000312007 0.00101257 0.00163826 0.00110012 0.22712 0.000486536 0.088034 0.000346086 
6 0.25 58680000 9.34965 0.013307 -0.826381 0.00481267 4.39153 0.0172945 67.7926 0.60334 0.000312007 0.00101257 0.00163826 0.00110012 0.22712 0.000484106 0.088034 0.000344654 
6 0.25 59040000 9.35383 0.0139221 -0.824992 0.00481025 4.39102 0.0172441 67.7986 0.602114 0.00050971 0.000981055 0.00142036 0.00109233 0.226993 0.00048183 0.0879655 0.000343307 
6 0.25 59400000 9.35383 0.0139221 -0.824992 0.00481025 4.39102 0.0171661 67.7986 0.599879 0.00050971 0.000981055 0.00142036 0.00109233 0.226993 0.000478948 0.0879655 0.000341224 
6 0.25 59760000 9.35383 0.0139221 -0.824992 0.00481025 4.39102 0.0170755 67.7986 0.596605 0.00050971 0.000981055 0.00142036 0.00109233 0.226993 0.000476307 0.0879655 0.00033936 
6 0.25 60120000 9.35383 0.0139221 -0.824992 0.00481025 4.39102 0.0170288 67.7986 0.595174 0.00050971 0.000981055 0.00142036 0.00109233 0.226993 0.000475434 0.0879655 0.000338471 
6 0.25 60480000 9.35383 0.0139221 -0.824992 0.00481025 4.39102 0.0169372 67.7986 0.591642 0.00050971 0.000981055 0.00142036 0.00109233 0.226993 0.000476962 0.0879655 0.000337353 
6 0.25 60840000 9.35383 0.0139221 -0.824992 0.00481025 4.39102 0.0168914 67.7986 0.589841 0.00050971 0.000981055 0.00142036 0.00109233 0.226993 0.00047638 0.0879655 0.000336871 
6 0.25 61200000 9.35383 0.0139221 -0.824992 0.00481025 4.39102 0.0168329 67.7986 0.58826 0.00050971 0.000981055 0.00142036 0.00109233 0.226993 0.000474099 0.0879655 0.000335224 
6 0.25 61560000 9.35383 0.0139221 -0.824992 0.00481025 4.39102 0.0167551 67.7986 0.5871 0.00050971 0.000981055 0.00142036 0.00109233 0.226993 0.000472188 0.0879655 0.000334427 
6 0.25 61920000 9.35383 0.0139221 -0.824992 0.00481025 4.39102 0.0167034 67.7986 0.584113 0.00050971 0.000981055 0.00142036 0.00109233 0.226993 0.000469964 0.0879655 0.000333062 
6 0.25 62280000 9.35383 0.0139221 -0.824992 0.00481025 4.39102 0.0166487 67.7986 0.584417 0.00050971 0.000938986 0.00142036 0.00109233 0.226993 0.000468632 0.0879655 0.00033254 
6 0.25 62640000 9.35383 0.0139221 -0.824992 0.00481025 4.39102 0.0165788 67.7986 0.58224 0.00050971 0.000938986 0.00142036 0.00109233 0.226993 0.0004689 0.0879655 0.000332044 
6 0.25 63000000 9.35383 0.0139221 -0.824992 0.00481025 4.39102 0.0166054 67.7986 0.58167 0.00050971 0.000938986 0.00142036 0.00109233 0.226993 0.000469048 0.0879655 0.000331803 
6 0.25 63360000 9.35383 0.0139221 -0.824992 0.00481025 4.39102 0.0165564 67.7986 0.579929 0.00050971 0.000938986 0.00142036 0.00109233 0.226993 0.000467896 0.0879655 0.000330617 
6 0.25 63720000 9.35383 0.0139221 -0.824992 0.00481025 4.39102 0.0165792 67.7986 0.579081 0.00050971 0.000938986 0.00142036 0.00109233 0.226993 0.000465369 0.0879655 0.000329028 
6 0.25 64080000 9.35383 0.0139221 -0.824992 0.00481025 4.39102 0.0165052 67.7986 0.576249 0.00050971 0.000938986 0.00142036 0.00109233 0.226993 0.000463124 0.0879655 0.000327663 
6 0.25 64440000 9.35383 0.0139221 -0.824992 0.00481025 4.39102 0.0164126 67.7986 0.573088 0.00050971 0.000938986 0.00142036 0.00109233 0.226993 0.000460979 0.0879655 0.00032616 
6 0.25 64800000 9.35383 0.0139221 -0.824992 0.00481025 4.39102 0.0163721 67.7986 0.571786 0.00050971 0.000938986 0.00142036 0.00109233 0.226993 0.000460351 0.0879655 0.000325635 
6 0.25 65160000 9.35516 0.0139221 -0.82581 0.00481025 4.39188 0.0162912 67.8329 0.568595 0.000341528 0.000899104 0.00124339 0.00100726 0.227224 0.000461153 0.0880812 0.00032608 
6 0.25 65520000 9.35516 0.0139221 -0.82581 0.00481025 4.39188 0.0162879 67.8329 0.571166 0.000341528 0.000899104 0.00124339 0.00100726 0.227224 0.00045982 0.0880812 0.000325536 
6 0.25 65880000 9.35516 0.0139221 -0.82581 0.00481025 4.39188 0.0162328 67.8329 0.568077 0.000341528 0.000899104 0.00124339 0.00100726 0.227224 0.000457386 0.0880812 0.000323783 
6 0.25 66240000 9.35516 0.0139221 -0.82581 0.00481025 4.39188 0.0164151 67.8329 0.574519 0.000341528 0.000899104 0.00124339 0.00100726 0.227224 0.00045736 0.0880812 0.000325886 
6 0.25 66600000 9.35516 0.0139221 -0.82581 0.00481025 4.39188 0.0163266 67.8329 0.572059 0.000341528 0.000899104 0.00124339 0.00100726 0.227224 0.000454912 0.0880812 0.000324225 
6 0.25 66960000 9.35516 0.0139221 -0.82581 0.00481025 4.39188 0.0163033 67.8329 0.572112 0.000341528 0.000899104 0.00124339 0.00100726 0.227224 0.00045353 0.0880812 0.000323321 
6 0.25 67320000 9.35516 0.0139221 -0.82581 0.00481025 4.39188 0.0162368 67.8329 0.571581 0.000341528 0.000899104 0.00124339 0.00100726 0.227224 0.000451631 0.0880812 0.000321829 
6 0.25 67680000 9.35516 0.0139221 -0.82581 0.00481025 4.39188 0.0161928 67.8329 0.568721 0.000341528 0.000899104 0.00124339 0.00100726 0.227224 0.000450974 0.0880812 0.000321328 
6 0.25 68040000 9.35516 0.0139221 -0.82581 0.00481025 4.39188 0.0161358 67.8329 0.567045 0.000341528 0.000878195 0.00124339 0.00100726 0.227224 0.000449954 0.0880812 0.000321294 
6 0.25 68400000 9.35516 0.0139221 -0.82581 0.00481025 4.39188 0.0160598 67.8329 0.564057 0.000341528 0.000878195 0.00124339 0.00100726 0.227224 0.000448195 0.0880812 0.000320008 
6 0.25 68760000 9.35516 0.0139221 -0.82581 0.00481025 4.39188 0.0160371 67.8329 0.562283 0.000341528 0.000878195 0.00124339 0.00100726 0.227224 0.000446115 0.0880812 0.000318637 
6 0.25 69120000 9.35516 0.0139221 -0.82581 0.00481025 4.39188 0.0160135 67.8329 0.561957 0.000341528 0.000878195 0.00124339 0.00100726 0.227224 0.000445554 0.0880812 0.00031759 
6 0.25 69480000 9.35516 0.0139221 -0.82581 0.00481025 4.39188 0.0159389 67.8329 0.55897 0.000341528 0.000878195 0.00124339 0.00100726 0.227224 0.000444622 0.0880812 0.000316718 
6 0.25 69840000 9.35516 0.0139221 -0.82581 0.00481025 4.39188 0.01586 67.8329 0.556841 0.000341528 0.000878195 0.00124339 0.00100726 0.227224 0.000442827 0.0880812 0.000315272 
6 0.25 70200000 9.35516 0.0139221 -0.82581 0.00481025 4.39188 0.0158011 67.8329 0.55509 0.000341528 0.000878195 0.00124339 0.00100726 0.227224 0.000440991 0.0880812 0.000314112 
6 0.25 70560000 9.35516 0.0139221 -0.82581 0.00481025 4.39188 0.0157228 67.8329 0.552334 0.000341528 0.000878195 0.00124339 0.00100726 0.227224 0.000438762 0.0880812 0.000312578 
6 0.25 70920000 9.35547 0.011698 -0.825711 0.00429269 4.39201 0.0156681 67.8525 0.552555 0.000543768 0.000841842 0.000976478 0.000958037 0.227304 0.000438671 0.0881651 0.000311682 
6 0.25 71280000 9.35547 0.011698 -0.825711 0.00431274 4.39201 0.0157964 67.8525 0.557606 0.000543768 0.000841842 0.000976478 0.000958037 0.227304 0.000438671 0.0881651 0.000312393 
6 0.25 71640000 9.35547 0.011698 -0.825711 0.00430233 4.39201 0.015725 67.8525 0.555697 0.000543768 0.000841842 0.000976478 0.000958037 0.227304 0.000438671 0.0881651 0.000310827 
6 0.25 72000000 9.35547 0.011698 -0.825711 0.00428502 4.39201 0.0157587 67.8525 0.561699 0.000543768 0.000841842 0.000976478 0.000958037 0.227304 0.000438671 0.0881651 0.000310574 
6 0.25 72360000 9.35547 0.011698 -0.825711 0.00426526 4.39201 0.0156806 67.8525 0.559487 0.000543768 0.000841842 0.000976478 0.000958037 0.227304 0.000438671 0.0881651 0.000309144 
6 0.25 72720000 9.35547 0.011698 -0.825711 0.00424442 4.39201 0.0156206 67.8525 0.557617 0.000543768 0.000841842 0.000976478 0.000958037 0.227304 0.000438671 0.0881651 0.000307989 
6 0.25 73080000 9.35547 0.011698 -0.825711 0.00425049 4.39201 0.0156621 67.8525 0.561865 0.000543768 0.000841842 0.000976478 0.000958037 0.227304 0.000438671 0.0881651 0.000309065 
6 0.25 73440000 9.35547 0.011698 -0.825711 0.00424008 4.39201 0.0156216 67.8525 0.559072 0.000543768 0.000841842 0.000976478 0.000958037 0.227304 0.000438671 0.0881651 0.000308537 
6 0.25 73800000 9.35547 0.011698 -0.825711 0.00423776 4.39201 0.0155644 67.8525 0.55739 0.000543768 0.000817458 0.000976478 0.000958037 0.227304 0.000438671 0.0881651 0.000307316 
6 0.25 74160000 9.35547 0.011698 -0.825711 0.00422862 4.39201 0.0155878 67.8525 0.556098 0.000543768 0.000817458 0.000976478 0.000958037 0.227304 0.000438671 0.0881651 0.000306788 
6 0.25 74520000 9.35547 0.011698 -0.825711 0.00421078 4.39201 0.0155372 67.8525 0.553407 0.000543768 0.000817458 0.000976478 0.000958037 0.227304 0.000438671 0.0881651 0.000305485 
6 0.25 74880000 9.35547 0.011698 -0.825711 0.0041953 4.39201 0.0154925 67.8525 0.552181 0.000543768 0.000817458 0.000976478 0.000958037 0.227304 0.000438671 0.0881651 0.000304099 
6 0.25 75240000 9.35547 0.011698 -0.825711 0.00418241 4.39201 0.0154231 67.8525 0.549507 0.000543768 0.000817458 0.000976478 0.000958037 0.227304 0.000438671 0.0881651 0.000302752 
6 0.25 75600000 9.35547 0.011698 -0.825711 0.0041912 4.39201 0.0154 67.8525 0.549507 0.000543768 0.000817458 0.000976478 0.000958037 0.227304 0.000438671 0.0881651 0.000302393 
6 0.25 75960000 9.35547 0.011698 -0.825711 0.00417445 4.39201 0.0153273 67.8525 0.548137 0.000543768 0.000817458 0.000976478 0.000958037 0.227304 0.000438671 0.0881651 0.000300966 
6 0.25 76320000 9.35547 0.011698 -0.825711 0.00416442 4.39201 0.0153097 67.8525 0.547321 0.000543768 0.000817458 0.000976478 0.000958037 0.227304 0.000438671 0.0881651 0.000300107 
6 0.25 76680000 9.35547 0.011698 -0.825711 0.00415756 4.39201 0.01524 67.8525 0.544949 0.000543768 0.000817458 0.000976478 0.000958037 0.227304 0.000438671 0.0881651 0.000299108 
6 0.25 77040000 9.35971 0.011698 -0.824342 0.00415697 4.39059 0.0152069 67.8507 0.542722 0.000489775 0.000805466 0.000789445 0.000902414 0.227276 0.000438671 0.0881172 0.000298479 
6 0.25 77400000 9.35971 0.011698 -0.824342 0.00416544 4.39059 0.0152016 67.8507 0.540166 0.000489775 0.000805466 0.000789445 0.000902414 0.227276 0.000438671 0.0881172 0.000298352 
6 0.25 77760000 9.35971 0.011698 -0.824342 0.00415819 4.39059 0.0152053 67.8507 0.5376 0.000489775 0.000805466 0.000789445 0.000902414 0.227276 0.000438671 0.0881172 0.000297385 
6 0.25 78120000 9.35971 0.011698 -0.824342 0.00413968 4.39059 0.0151431 67.8507 0.535118 0.000489775 0.000805466 0.000789445 0.000902414 0.227276 0.000438671 0.0881172 0.000296163 
6 0.25 78480000 9.35971 0.011698 -0.824342 0.00412157 4.39059 0.0150853 67.8507 0.533902 0.000489775 0.000805466 0.000789445 0.000902414 0.227276 0.000438671 0.0881172 0.000294968 
6 0.25 78840000 9.35971 0.011698 -0.824342 0.00411515 4.39059 0.015103 67.8507 0.534838 0.000489775 0.000805466 0.000789445 0.000902414 0.227276 0.000438671 0.0881172 0.00029406 
6 0.25 79200000 9.35971 0.011698 -0.824342 0.00413273 4.39059 0.0150521 67.8507 0.533384 0.000489775 0.000805466 0.000789445 0.000902414 0.227276 0.000438671 0.0881172 0.000293455 
6 0.25 79560000 9.35971 0.011698 -0.824342 0.00414843 4.39059 0.0150262 67.8507 0.531508 0.000489775 0.000805466 0.000789445 0.000902414 0.227276 0.000438671 0.0881172 0.000293759 
6 0.25 79920000 9.35971 0.011698 -0.824342 0.0041452 4.39059 0.0150242 67.8507 0.535449 0.000489775 0.000797369 0.000789445 0.000902414 0.227276 0.000438671 0.0881172 0.000293399 
6 0.25 80280000 9.35971 0.011698 -0.824342 0.00412954 4.39059 0.0149857 67.8507 0.536093 0.000489775 0.000797369 0.000789445 0.000902414 0.227276 0.000438671 0.0881172 0.000292293 
6 0.25 80640000 9.35971 0.011698 -0.824342 0.00411073 4.39059 0.0149449 67.8507 0.534611 0.000489775 0.000797369 0.000789445 0.000902414 0.227276 0.000438671 0.0881172 0.000292433 
6 0.25 81000000 9.35971 0.011698 -0.824342 0.00410054 4.39059 0.0148792 67.8507 0.532303 0.000489775 0.000797369 0.000789445 0.000902414 0.227276 0.000438671 0.0881172 0.000291531 
6 0.25 81360000 9.35971 0.011698 -0.824342 0.00410475 4.39059 0.0148492 67.8507 0.531568 0.000489775 0.000797369 0.000789445 0.000902414 0.227276 0.000438671 0.0881172 0.000291015 
6 0.25 81720000 9.35971 0.011698 -0.824342 0.00408777 4.39059 0.014796 67.8507 0.530865 0.000489775 0.000797369 0.000789445 0.000902414 0.227276 0.000438671 0.0881172 0.000289703 
6 0.25 82080000 9.35971 0.011698 -0.824342 0.00409218 4.39059 0.0147916 67.8507 0.534578 0.000489775 0.000797369 0.000789445 0.000902414 0.227276 0.000438671 0.0881172 0.000288494 
6 0.25 82440000 9.35971 0.011698 -0.824342 0.00408339 4.39059 0.0147421 67.8507 0.533275 0.000489775 0.000797369 0.000789445 0.000902414 0.227276 0.000438671 0.0881172 0.000287771 
6 0.25 82800000 9.35525 0.0106761 -0.826368 0.00406987 4.39247 0.0146844 67.931 0.531048 5.11046e-05 0.000807205 0.000779965 0.000838006 0.227424 0.000400022 0.0882205 0.000286841 
6 0.25 83160000 9.35525 0.0106761 -0.826368 0.00406196 4.39247 0.0146554 67.931 0.530481 5.11046e-05 0.000807205 0.000779965 0.000838006 0.227424 0.000399281 0.0882205 0.000286334 
6 0.25 83520000 9.35525 0.0106761 -0.826368 0.00404448 4.39247 0.0145942 67.931 0.528557 5.11046e-05 0.000807205 0.000779965 0.000838006 0.227424 0.000397586 0.0882205 0.000285147 
6 0.25 83880000 9.35525 0.0106761 -0.826368 0.00403155 4.39247 0.0145704 67.931 0.527006 5.11046e-05 0.000807205 0.000779965 0.000838006 0.227424 0.000395908 0.0882205 0.000283976 
6 0.25 84240000 9.35525 0.0106761 -0.826368 0.00403424 4.39247 0.0146106 67.931 0.528181 5.11046e-05 0.000807205 0.000779965 0.000838006 0.227424 0.000396921 0.0882205 0.000285261 
6 0.25 84600000 9.35525 0.0106761 -0.826368 0.00402852 4.39247 0.0145947 67.931 0.526317 5.11046e-05 0.000807205 0.000779965 0.000838006 0.227424 0.000396424 0.0882205 0.000285242 
6 0.25 84960000 9.35525 0.0106761 -0.826368 0.00401391 4.39247 0.0146404 67.931 0.524029 5.11046e-05 0.000807205 0.000779965 0.000838006 0.227424 0.00039534 0.0882205 0.000285174 
6 0.25 85320000 9.35525 0.0106761 -0.826368 0.00400532 4.39247 0.0145779 67.931 0.521784 5.11046e-05 0.000807205 0.000779965 0.000838006 0.227424 0.000393914 0.0882205 0.000283943 
6 0.25 85680000 9.35525 0.0106761 -0.826368 0.00400734 4.39247 0.0146065 67.931 0.521573 5.11046e-05 0.000789992 0.000779965 0.000838006 0.227424 0.000395566 0.0882205 0.000285275 
6 0.25 86040000 9.35525 0.0106761 -0.826368 0.00400145 4.39247 0.0145748 67.931 0.520273 5.11046e-05 0.000789992 0.000779965 0.000838006 0.227424 0.00039599 0.0882205 0.000284959 
6 0.25 86400000 9.35525 0.0106761 -0.826368 0.00398811 4.39247 0.014534 67.931 0.522438 5.11046e-05 0.000789992 0.000779965 0.000838006 0.227424 0.000396311 0.0882205 0.00028496 
6 0.25 86760000 9.35525 0.0106761 -0.826368 0.00399128 4.39247 0.0146309 67.931 0.529981 5.11046e-05 0.000789992 0.000779965 0.000838006 0.227424 0.000396493 0.0882205 0.000285597 
6 0.25 87120000 9.35525 0.0106761 -0.826368 0.00399562 4.39247 0.014628 67.931 0.529558 5.11046e-05 0.000789992 0.000779965 0.000838006 0.227424 0.000396543 0.0882205 0.000285476 
6 0.25 87480000 9.35525 0.0106761 -0.826368 0.00398253 4.39247 0.0145767 67.931 0.527699 5.11046e-05 0.000789992 0.000779965 0.000838006 0.227424 0.000395198 0.0882205 0.000284613 
6 0.25 87840000 9.35525 0.0106761 -0.826368 0.00399713 4.39247 0.0145576 67.931 0.526109 5.11046e-05 0.000789992 0.000779965 0.000838006 0.227424 0.000395833 0.0882205 0.000284355 
6 0.25 88200000 9.35525 0.0106761 -0.826368 0.00399145 4.39247 0.014569 67.931 0.525535 5.11046e-05 0.000789992 0.000779965 0.000838006 0.227424 0.000394954 0.0882205 0.000283439 
6 0.25 88560000 9.35792 0.0104644 -0.827096 0.00397618 4.39447 0.0145356 68.0836 0.525331 -0.000151299 0.000767053 0.000991084 0.000808295 0.227487 0.00039349 0.0882554 0.000282556 
6 0.25 88920000 9.35792 0.0104352 -0.827096 0.00396126 4.39447 0.0144775 68.0836 0.523596 -0.000151299 0.000767053 0.000991084 0.000808295 0.227487 0.000392204 0.0882554 0.000281576 
6 0.25 89280000 9.35792 0.0104107 -0.827096 0.00395457 4.39447 0.0144184 68.0836 0.521436 -0.000151299 0.000767053 0.000991084 0.000808295 0.227487 0.000392099 0.0882554 0.000280651 
6 0.25 89640000 9.35792 0.0103976 -0.827096 0.00394006 4.39447 0.0143606 68.0836 0.51933 -0.000151299 0.000767053 0.000991084 0.000808295 0.227487 0.000392099 0.0882554 0.000279561 
6 0.25 90000000 9.35792 0.0103613 -0.827096 0.00393725 4.39447 0.0143199 68.0836 0.517981 -0.000151299 0.000767053 0.000991084 0.000808295 0.227487 0.000392099 0.0882554 0.000278539 
6 0.25 90360000 9.35792 0.0103309 -0.827096 0.00393019 4.39447 0.0142995 68.0836 0.517548 -0.000151299 0.000767053 0.000991084 0.000808295 0.227487 0.000392099 0.0882554 0.000277941 
6 0.25 90720000 9.35792 0.0103174 -0.827096 0.00392403 4.39447 0.0142767 68.0836 0.517548 -0.000151299 0.000767053 0.000991084 0.000808295 0.227487 0.000392099 0.0882554 0.000277375 
6 0.25 91080000 9.35792 0.0103187 -0.827096 0.00392389 4.39447 0.0142362 68.0836 0.515532 -0.000151299 0.000767053 0.000991084 0.000808295 0.227487 0.000392099 0.0882554 0.000276303 
6 0.25 91440000 9.35792 0.0103131 -0.827096 0.0039148 4.39447 0.0141876 68.0836 0.51385 -0.000151299 0.000767053 0.000991084 0.000808295 0.227487 0.000392099 0.0882554 0.000275577 
6 0.25 91800000 9.35792 0.0102923 -0.827096 0.00392373 4.39447 0.0141902 68.0836 0.513449 -0.000151299 0.000762814 0.000991084 0.000808295 0.227487 0.000392099 0.0882554 0.000275887 
6 0.25 92160000 9.35792 0.0102923 -0.827096 0.00391552 4.39447 0.014151 68.0836 0.512781 -0.000151299 0.000762814 0.000991084 0.000808295 0.227487 0.000392099 0.0882554 0.000275249 
6 0.25 92520000 9.35792 0.0102923 -0.827096 0.00391318 4.39447 0.0141058 68.0836 0.510746 -0.000151299 0.000762814 0.000991084 0.000808295 0.227487 0.000392099 0.0882554 0.000274795 
6 0.25 92880000 9.35792 0.0102923 -0.827096 0.00390257 4.39447 0.014087 68.0836 0.508736 -0.000151299 0.000762814 0.000991084 0.000808295 0.227487 0.000392099 0.0882554 0.000274344 
6 0.25 93240000 9.35792 0.0102923 -0.827096 0.00388744 4.39447 0.0140591 68.0836 0.509496 -0.000151299 0.000762814 0.000991084 0.000808295 0.227487 0.000392099 0.0882554 0.000273418 
6 0.25 93600000 9.35792 0.0102923 -0.827096 0.00387897 4.39447 0.0140438 68.0836 0.511034 -0.000151299 0.000762814 0.000991084 0.000808295 0.227487 0.000392099 0.0882554 0.000273089 
6 0.25 93960000 9.35792 0.0102923 -0.827096 0.00387022 4.39447 0.0140937 68.0836 0.509071 -0.000151299 0.000762814 0.000991084 0.000808295 0.227487 0.000392099 0.0882554 0.000272893 
6 0.25 94320000 9.35792 0.0102923 -0.827096 0.00386339 4.39447 0.0140642 68.0836 0.508846 -0.000151299 0.000762814 0.000991084 0.000808295 0.227487 0.000392099 0.0882554 0.000272003 
6 0.25 94680000 9.36239 0.0110267 -0.825528 0.00389776 4.38942 0.014011 67.8783 0.506893 -8.29657e-05 0.000725919 0.000750685 0.00079272 0.227406 0.000378657 0.0882194 0.000271159 
6 0.25 95040000 9.36239 0.0110267 -0.825528 0.00389776 4.38942 0.0139879 67.8783 0.504963 -8.29657e-05 0.000725919 0.000750685 0.00079272 0.227406 0.000377761 0.0882194 0.000270533 
6 0.25 95400000 9.36239 0.0110267 -0.825528 0.00389776 4.38942 0.0139597 67.8783 0.504152 -8.29657e-05 0.000725919 0.000750685 0.00079272 0.227406 0.000376961 0.0882194 0.000270018 
6 0.25 95760000 9.36239 0.0110267 -0.825528 0.00389776 4.38942 0.0139241 67.8783 0.502882 -8.29657e-05 0.000725919 0.000750685 0.00079272 0.227406 0.000375548 0.0882194 0.000268996 
6 0.25 96120000 9.36239 0.0110267 -0.825528 0.00389776 4.38942 0.0138915 67.8783 0.503234 -8.29657e-05 0.000725919 0.000750685 0.00079272 0.227406 0.000374543 0.0882194 0.000268216 
6 0.25 96480000 9.36239 0.0110267 -0.825528 0.00389776 4.38942 0.0138551 67.8783 0.501334 -8.29657e-05 0.000725919 0.000750685 0.00079272 0.227406 0.000373904 0.0882194 0.000267735 
6 0.25 96840000 9.36239 0.0110267 -0.825528 0.00389776 4.38942 0.0138089 67.8783 0.499537 -8.29657e-05 0.000725919 0.000750685 0.00079272 0.227406 0.00037267 0.0882194 0.000266812 
6 0.25 97200000 9.36239 0.0110267 -0.825528 0.00389776 4.38942 0.0137605 67.8783 0.497652 -8.29657e-05 0.000725919 0.000750685 0.00079272 0.227406 0.000371568 0.0882194 0.000265949 
6 0.25 97560000 9.36239 0.0110267 -0.825528 0.00379983 4.38942 0.0138243 67.8783 0.500181 -8.29657e-05 0.000731114 0.000750685 0.00079272 0.227406 0.000371355 0.0882194 0.000266181 
6 0.25 97920000 9.36239 0.0110267 -0.825528 0.00379925 4.38942 0.013824 67.8783 0.498534 -8.29657e-05 0.000731114 0.000750685 0.00079272 0.227406 0.000372205 0.0882194 0.000266223 
6 0.25 98280000 9.36239 0.0110267 -0.825528 0.00378961 4.38942 0.013774 67.8783 0.497146 -8.29657e-05 0.000731114 0.000750685 0.00079272 0.227406 0.000370937 0.0882194 0.000265244 
6 0.25 98640000 9.36239 0.0110267 -0.825528 0.00378674 4.38942 0.0137501 67.8783 0.495338 -8.29657e-05 0.000731114 0.000750685 0.00079272 0.227406 0.000370825 0.0882194 0.000265124 
6 0.25 99000000 9.36239 0.0110267 -0.825528 0.00377986 4.38942 0.0137086 67.8783 0.493511 -8.29657e-05 0.000731114 0.000750685 0.00079272 0.227406 0.00036976 0.0882194 0.000264278 
6 0.25 99360000 9.36239 0.0110267 -0.825528 0.00377986 4.38942 0.0137161 67.8783 0.492329 -8.29657e-05 0.000731114 0.000750685 0.00079272 0.227406 0.000368971 0.0882194 0.000264117 
6 0.25 99720000 9.36239 0.0110267 -0.825528 0.00377986 4.38942 0.0136807 67.8783 0.491239 -8.29657e-05 0.000731114 0.000750685 0.00079272 0.227406 0.000367918 0.0882194 0.000263366 
