L J MC_steps R2 R2_std E E_std E2 E2_std E4 E4_std Sin1 Sin1_std Cos1 Cos1_std Mag2 Mag2_std Mag4 Mag4_std
6 1.5 360000 5.36719 0.151876 -5.99689 0.0538687 38.3942 0.63154 1771.61 53.2543 0.0357624 0.0425851 0.00990126 0.0381027 0.743787 0.0060898 0.585664 0.00837987 
6 1.5 720000 5.42746 0.10681 -5.93982 0.040046 37.8602 0.457691 1742.61 37.2466 -0.0395647 0.0358002 -0.0206451 0.0297513 0.73695 0.0046669 0.576752 0.00612882 
6 1.5 1080000 5.50142 0.101206 -5.92375 0.0314742 37.7057 0.359621 1729.87 29.0302 -0.0293747 0.028806 -0.00431029 0.0230097 0.735519 0.00363885 0.575563 0.00479644 
6 1.5 1440000 5.51146 0.0784193 -5.94256 0.0280939 37.8944 0.312958 1742.06 24.7967 -0.0146881 0.0236554 0.00165493 0.0214452 0.738929 0.00361285 0.579571 0.00431284 
6 1.5 1800000 5.52919 0.0625677 -5.94026 0.0247485 37.8861 0.27496 1742.41 21.7652 -0.0136984 0.0187129 -0.00456986 0.0186553 0.738247 0.00284569 0.578906 0.00365537 
6 1.5 2160000 5.51989 0.0577449 -5.94639 0.0224656 37.9945 0.250279 1754.19 19.892 0.00026066 0.0228754 -0.00929529 0.0180859 0.738969 0.00290629 0.580344 0.00359786 
6 1.5 2520000 5.54372 0.0556383 -5.94469 0.0205089 37.9647 0.228236 1750.9 18.1918 0.00611993 0.0271985 -0.0261458 0.0213979 0.739122 0.00244306 0.580408 0.00301701 
6 1.5 2880000 5.53581 0.0504502 -5.9607 0.0193077 38.1268 0.214788 1761.61 17.0568 0.00439837 0.0238432 -0.0179965 0.0189249 0.740463 0.00219953 0.58205 0.00282984 
6 1.5 3240000 5.54366 0.0456846 -5.95555 0.0184921 38.098 0.203744 1762.4 16.1138 0.000394548 0.020922 -0.0155772 0.0173521 0.739522 0.00213944 0.581258 0.0027181 
6 1.5 3600000 5.53074 0.0435338 -5.95229 0.0171969 38.0619 0.189169 1758.82 14.9377 -0.00252961 0.0194508 -0.0136122 0.0156297 0.738868 0.00201623 0.580393 0.00256051 
6 1.5 3960000 5.53623 0.0412889 -5.95012 0.0162566 38.0351 0.179091 1756.6 14.1671 -0.00110819 0.0176027 -0.0116657 0.0151113 0.738637 0.00192323 0.580148 0.00244191 
6 1.5 4320000 5.54679 0.0401378 -5.95325 0.0155834 38.0831 0.171368 1760.87 13.5412 -0.000880585 0.0166321 -0.0111073 0.0151113 0.739206 0.00182654 0.581103 0.00231791 
6 1.5 4680000 5.56201 0.0392179 -5.94733 0.0149189 38.0159 0.164346 1756.36 12.9767 0.00213091 0.0149509 -0.0119129 0.0125948 0.738795 0.00172987 0.580621 0.00219866 
6 1.5 5040000 5.56813 0.0376616 -5.94897 0.0144441 38.0313 0.15894 1757.49 12.5158 0.000522047 0.014172 -0.00903916 0.0125948 0.739104 0.00167171 0.58089 0.00212082 
6 1.5 5400000 5.5632 0.0363374 -5.94658 0.0139569 38.0028 0.153858 1755.22 12.1033 -0.0015082 0.0130428 -0.0114244 0.0111662 0.738838 0.00161054 0.580517 0.00205418 
6 1.5 5760000 5.55723 0.0350912 -5.94629 0.0133215 37.9927 0.147201 1754.43 11.6498 -0.00401958 0.012606 -0.00879539 0.010805 0.738833 0.0015384 0.580344 0.0019598 
6 1.5 6120000 5.56738 0.0338292 -5.94671 0.0128423 37.9956 0.141652 1754.59 11.19 -0.0112843 0.014328 -0.00614936 0.0106646 0.739031 0.00148627 0.580621 0.00189788 
6 1.5 6480000 5.57824 0.0326343 -5.94139 0.0126481 37.9328 0.139721 1750.14 11.0288 -0.0116596 0.014328 -0.00624513 0.0106646 0.738484 0.00145901 0.579812 0.00187122 
6 1.5 6840000 5.57172 0.0319805 -5.94032 0.0122977 37.9171 0.135531 1748.77 10.6603 -0.0124759 0.0127855 -0.00939887 0.00996239 0.738071 0.00141465 0.579271 0.0018105 
6 1.5 7200000 5.5533 0.0332476 -5.94546 0.0120437 37.9691 0.13234 1751.85 10.4254 -0.0118181 0.0127855 -0.00657448 0.00996239 0.738636 0.001384 0.579963 0.00176808 
6 1.5 7560000 5.54063 0.0370748 -5.95018 0.0122142 38.0208 0.131176 1755.25 10.3034 -0.0131648 0.0115255 -0.00916698 0.0095031 0.739083 0.00140339 0.580575 0.00187444 
6 1.5 7920000 5.54063 0.0370748 -5.95018 0.0117127 38.0208 0.127587 1755.25 9.99211 -0.0131648 0.0115255 -0.00916698 0.0095031 0.739083 0.00140339 0.580575 0.00187444 
6 1.5 8280000 5.53706 0.0338749 -5.94687 0.0114639 37.9899 0.125676 1752.52 9.94344 -0.0104976 0.0111528 -0.00936007 0.0095031 0.738803 0.00131675 0.580283 0.00172669 
6 1.5 8640000 5.53706 0.0338749 -5.94687 0.011104 37.9899 0.122306 1752.52 9.65265 -0.0104976 0.0111528 -0.00936007 0.0095031 0.738803 0.00130353 0.580283 0.00172669 
6 1.5 9000000 5.54561 0.0321125 -5.94502 0.010882 37.969 0.119942 1750.74 9.49582 -0.00765723 0.0105667 -0.0108514 0.00809555 0.738524 0.00124441 0.579919 0.00162075 
6 1.5 9360000 5.54561 0.0321125 -5.94502 0.0106442 37.969 0.11718 1750.74 9.2587 -0.00765723 0.0105667 -0.0108514 0.00806715 0.738524 0.00122431 0.579919 0.00162075 
6 1.5 9720000 5.54271 0.0297737 -5.94859 0.0103378 38.0017 0.113812 1752.89 8.99862 -0.00505147 0.0105667 -0.0106993 0.00806715 0.739082 0.00125057 0.580588 0.00162854 
6 1.5 10080000 5.54271 0.0297737 -5.94859 0.0100655 38.0017 0.110881 1752.89 8.78387 -0.00505147 0.0105667 -0.0106993 0.00806715 0.739082 0.00125057 0.580588 0.00162854 
6 1.5 10440000 5.53603 0.028386 -5.95217 0.00997927 38.0532 0.110186 1758.03 8.67074 -0.00331587 0.00990896 -0.0107111 0.00736601 0.739337 0.00118691 0.581099 0.00159025 
6 1.5 10800000 5.53603 0.028386 -5.95217 0.0098515 38.0532 0.110186 1758.03 8.52017 -0.00331587 0.00990896 -0.0107111 0.00716407 0.739337 0.00118691 0.581099 0.00159025 
6 1.5 11160000 5.53766 0.0274798 -5.95476 0.00966339 38.0817 0.106476 1760.38 8.36137 -0.00203759 0.00990896 -0.0103401 0.00703838 0.739753 0.00117851 0.581674 0.00158473 
6 1.5 11520000 5.53766 0.0270885 -5.95476 0.0095293 38.0817 0.106476 1760.38 8.36137 -0.00203759 0.00990896 -0.0103401 0.00691592 0.739753 0.00117851 0.581674 0.00158473 
6 1.5 11880000 5.54929 0.0273086 -5.95441 0.00928424 38.0807 0.102043 1760.39 8.06699 -0.00122632 0.00888793 -0.00849981 0.00679044 0.739908 0.00111499 0.581938 0.00150748 
6 1.5 12240000 5.54929 0.0273086 -5.95441 0.00928038 38.0807 0.102334 1760.39 8.12943 -0.00122632 0.00888793 -0.00849981 0.00672161 0.739908 0.00111499 0.581938 0.00150748 
6 1.5 12600000 5.55546 0.0263916 -5.95579 0.00924743 38.101 0.101715 1763.08 8.05591 -0.00229096 0.00888793 -0.00911575 0.00665021 0.740049 0.00105831 0.582149 0.00143353 
6 1.5 12960000 5.55546 0.0263916 -5.95579 0.0090944 38.101 0.10017 1763.08 7.93866 -0.00229096 0.00888793 -0.00911575 0.00657005 0.740049 0.00105831 0.582149 0.00143353 
6 1.5 13320000 5.55309 0.0256051 -5.95984 0.0090509 38.1494 0.102435 1766.71 9.04032 -0.00112366 0.00790097 -0.00876386 0.00647303 0.740505 0.0010935 0.582843 0.00151274 
6 1.5 13680000 5.55309 0.0250321 -5.95984 0.00895969 38.1494 0.102435 1766.71 9.04032 -0.00112366 0.00790097 -0.00876386 0.00639205 0.740505 0.0010935 0.582843 0.00151274 
6 1.5 14040000 5.55309 0.0250321 -5.95984 0.00895969 38.1494 0.102435 1766.71 9.04032 -0.00112366 0.00790097 -0.00876386 0.00635198 0.740505 0.0010935 0.582843 0.00151274 
6 1.5 14400000 5.54634 0.0246795 -5.95978 0.00875966 38.145 0.102435 1765.81 9.04032 -0.000587789 0.00790097 -0.0107618 0.00627929 0.74042 0.00105048 0.582699 0.00149803 
6 1.5 14760000 5.54634 0.0246083 -5.95978 0.00875966 38.145 0.102435 1765.81 9.04032 -0.000587789 0.00790097 -0.0107618 0.00618381 0.74042 0.00105048 0.582699 0.00149803 
6 1.5 15120000 5.53311 0.0266984 -5.9623 0.00989204 38.1655 0.110995 1766.66 8.97823 -0.00208843 0.00716954 -0.00931162 0.00608388 0.740662 0.00121185 0.582858 0.00166697 
6 1.5 15480000 5.53311 0.0266984 -5.9623 0.00989204 38.1655 0.110995 1766.66 8.97823 -0.00208843 0.00716954 -0.00931162 0.0060552 0.740662 0.00121185 0.582858 0.00166697 
6 1.5 15840000 5.53311 0.0262684 -5.9623 0.00989204 38.1655 0.110995 1766.66 8.97823 -0.00208843 0.00716954 -0.00931162 0.00602517 0.740662 0.00121185 0.582858 0.00166697 
6 1.5 16200000 5.53311 0.0262684 -5.9623 0.00989204 38.1655 0.110995 1766.66 8.97823 -0.00208843 0.00716954 -0.00931162 0.00593315 0.740662 0.00121185 0.582858 0.00166697 
6 1.5 16560000 5.54013 0.0248931 -5.96138 0.00989204 38.155 0.110995 1765.8 8.97823 -0.000460264 0.00670009 -0.00801612 0.00585436 0.740655 0.00121185 0.582827 0.00166697 
6 1.5 16920000 5.54013 0.0248931 -5.96138 0.00989204 38.155 0.110995 1765.8 8.97823 -0.000460264 0.00670009 -0.00801612 0.00580815 0.740655 0.00121185 0.582827 0.00166697 
6 1.5 17280000 5.54013 0.0248013 -5.96138 0.00989204 38.155 0.110995 1765.8 8.97823 -0.000460264 0.00670009 -0.00801612 0.00579205 0.740655 0.00121185 0.582827 0.00166697 
6 1.5 17640000 5.54013 0.0248013 -5.96138 0.00989204 38.155 0.110995 1765.8 8.97823 -0.000460264 0.00670009 -0.00801612 0.00571623 0.740655 0.00121185 0.582827 0.00166697 
6 1.5 18000000 5.53587 0.0233 -5.9578 0.00920995 38.1155 0.103141 1762.5 8.39197 -0.00253575 0.00645521 -0.00648598 0.00569302 0.740232 0.00108347 0.582227 0.00150373 
6 1.5 18360000 5.53587 0.0233 -5.9578 0.00920995 38.1155 0.103141 1762.5 8.39197 -0.00253575 0.00645521 -0.00648598 0.00566901 0.740232 0.00108347 0.582227 0.00150373 
6 1.5 18720000 5.53587 0.0230974 -5.9578 0.00920995 38.1155 0.103141 1762.5 8.39197 -0.00253575 0.00645521 -0.00648598 0.00561244 0.740232 0.00108347 0.582227 0.00150373 
6 1.5 19080000 5.53587 0.0230974 -5.9578 0.00920995 38.1155 0.103141 1762.5 8.39197 -0.00253575 0.00645521 -0.00648598 0.00555243 0.740232 0.00108347 0.582227 0.00150373 
6 1.5 19440000 5.53472 0.0215407 -5.96027 0.00920995 38.1377 0.103141 1763.6 8.39197 0.000923981 0.00682309 -0.00657076 0.00546117 0.740574 0.00108347 0.582674 0.00150373 
6 1.5 19800000 5.53472 0.0215407 -5.96027 0.00920995 38.1377 0.103141 1763.6 8.39197 0.000923981 0.00682309 -0.00657076 0.00542401 0.740574 0.00108347 0.582674 0.00150373 
6 1.5 20160000 5.53472 0.021349 -5.96027 0.00920995 38.1377 0.103141 1763.6 8.39197 0.000923981 0.00682309 -0.00657076 0.00547595 0.740574 0.00108347 0.582674 0.00150373 
6 1.5 20520000 5.53472 0.021349 -5.96027 0.00920995 38.1377 0.103141 1763.6 8.39197 0.000923981 0.00682309 -0.00657076 0.00551596 0.740574 0.00108347 0.582674 0.00150373 
6 1.5 20880000 5.53533 0.0201474 -5.95872 0.00793961 38.1259 0.0889279 1762.93 7.20458 0.00261324 0.00657323 -0.00716524 0.00551306 0.740413 0.000943601 0.582552 0.00132355 
6 1.5 21240000 5.53533 0.0201474 -5.95872 0.00793961 38.1259 0.0889279 1762.93 7.20458 0.00261324 0.00657323 -0.00716524 0.00542652 0.740413 0.000943601 0.582552 0.00132355 
6 1.5 21600000 5.53533 0.0198327 -5.95872 0.00793961 38.1259 0.0889279 1762.93 7.20458 0.00261324 0.00657323 -0.00716524 0.00536464 0.740413 0.000943601 0.582552 0.00132355 
6 1.5 21960000 5.53533 0.0198327 -5.95872 0.00793961 38.1259 0.0889279 1762.93 7.20458 0.00261324 0.00657323 -0.00716524 0.00529038 0.740413 0.000943601 0.582552 0.00132355 
6 1.5 22320000 5.53379 0.0191749 -5.95941 0.00793961 38.1289 0.0889279 1762.6 7.20458 0.00273554 0.00657323 -0.00604718 0.00521626 0.740554 0.000943601 0.582737 0.00132355 
6 1.5 22680000 5.53379 0.0189304 -5.95941 0.00793961 38.1289 0.0889279 1762.6 7.20458 0.00273554 0.00657323 -0.00604718 0.00514751 0.740554 0.000943601 0.582737 0.00132355 
6 1.5 23040000 5.53379 0.0186376 -5.95941 0.00793961 38.1289 0.0889279 1762.6 7.20458 0.00273554 0.00657323 -0.00604718 0.00509536 0.740554 0.000943601 0.582737 0.00132355 
6 1.5 23400000 5.53379 0.0185703 -5.95941 0.00793961 38.1289 0.0889279 1762.6 7.20458 0.00273554 0.00657323 -0.00604718 0.00502121 0.740554 0.000943601 0.582737 0.00132355 
6 1.5 23760000 5.53221 0.0183184 -5.95851 0.00694983 38.1264 0.0778134 1762.79 6.30537 0.00343822 0.00580311 -0.00528998 0.00496286 0.740503 0.000829959 0.582707 0.00116718 
6 1.5 24120000 5.53221 0.0180833 -5.95851 0.00694983 38.1264 0.0778134 1762.79 6.30537 0.00343822 0.00580311 -0.00528998 0.00490742 0.740503 0.000829959 0.582707 0.00116718 
6 1.5 24480000 5.53221 0.0178605 -5.95851 0.00694983 38.1264 0.0778134 1762.79 6.30537 0.00343822 0.00580311 -0.00528998 0.00488163 0.740503 0.000829959 0.582707 0.00116718 
6 1.5 24840000 5.53221 0.0179354 -5.95851 0.00694983 38.1264 0.0778134 1762.79 6.30537 0.00343822 0.00580311 -0.00528998 0.00484065 0.740503 0.000829959 0.582707 0.00116718 
6 1.5 25200000 5.52763 0.0178116 -5.95877 0.00694983 38.1245 0.0778134 1762.13 6.30537 0.00565327 0.00583607 -0.00391313 0.00478603 0.740583 0.000829959 0.582699 0.00116718 
6 1.5 25560000 5.52763 0.0176835 -5.95877 0.00694983 38.1245 0.0778134 1762.13 6.30537 0.00565327 0.00583607 -0.00391313 0.00481281 0.740583 0.000829959 0.582699 0.00116718 
6 1.5 25920000 5.52763 0.0175751 -5.95877 0.00694983 38.1245 0.0778134 1762.13 6.30537 0.00565327 0.00583607 -0.00391313 0.00480401 0.740583 0.000829959 0.582699 0.00116718 
6 1.5 26280000 5.52763 0.0175387 -5.95877 0.00694983 38.1245 0.0778134 1762.13 6.30537 0.00565327 0.00583607 -0.00391313 0.00475762 0.740583 0.000829959 0.582699 0.00116718 
6 1.5 26640000 5.52998 0.0174022 -5.95817 0.00637811 38.1157 0.070107 1761.29 5.78085 0.00445141 0.00563424 -0.00385653 0.00469431 0.740565 0.000740016 0.582687 0.00103768 
6 1.5 27000000 5.52998 0.0174022 -5.95817 0.00632505 38.1157 0.0699109 1761.29 5.78085 0.00445141 0.00563424 -0.00385653 0.00464813 0.740565 0.000740016 0.582687 0.00103768 
6 1.5 27360000 5.52998 0.0170834 -5.95817 0.00626595 38.1157 0.0699109 1761.29 5.78085 0.00445141 0.00563424 -0.00385653 0.0046224 0.740565 0.000740016 0.582687 0.00103768 
6 1.5 27720000 5.52998 0.0170834 -5.95817 0.00624475 38.1157 0.0699109 1761.29 5.78085 0.00445141 0.00563424 -0.00385653 0.00458783 0.740565 0.000740016 0.582687 0.00103768 
6 1.5 28080000 5.53088 0.0169315 -5.95939 0.00622635 38.1296 0.0699109 1762.58 5.78085 0.00343238 0.00542907 -0.0039634 0.00463061 0.740615 0.000740016 0.582754 0.00103768 
6 1.5 28440000 5.53088 0.0169315 -5.95939 0.00618621 38.1296 0.0699109 1762.58 5.78085 0.00343238 0.00542907 -0.0039634 0.00459667 0.740615 0.000740016 0.582754 0.00103768 
6 1.5 28800000 5.53088 0.0166471 -5.95939 0.00618621 38.1296 0.0699109 1762.58 5.78085 0.00343238 0.00542907 -0.0039634 0.00456893 0.740615 0.000740016 0.582754 0.00103768 
6 1.5 29160000 5.53088 0.0166471 -5.95939 0.00618621 38.1296 0.0699109 1762.58 5.78085 0.00343238 0.00542907 -0.0039634 0.00457546 0.740615 0.000740016 0.582754 0.00103768 
6 1.5 29520000 5.53088 0.0166471 -5.95939 0.00618621 38.1296 0.0699109 1762.58 5.78085 0.00343238 0.00542907 -0.0039634 0.00453823 0.740615 0.000740016 0.582754 0.00103768 
6 1.5 29880000 5.52548 0.0165253 -5.96068 0.00605808 38.1433 0.0681753 1763.6 5.6442 0.00285702 0.00518802 -0.00331392 0.00450377 0.740745 0.000687591 0.582917 0.000959159 
6 1.5 30240000 5.52548 0.0165253 -5.96068 0.00605808 38.1433 0.0681753 1763.6 5.6442 0.00285702 0.00518802 -0.00331392 0.00448523 0.740745 0.000687591 0.582917 0.000959159 
6 1.5 30600000 5.52548 0.016264 -5.96068 0.00605808 38.1433 0.0681753 1763.6 5.6442 0.00285702 0.00518802 -0.00331392 0.00444172 0.740745 0.000687591 0.582917 0.000959159 
6 1.5 30960000 5.52548 0.016264 -5.96068 0.00605808 38.1433 0.0681753 1763.6 5.6442 0.00285702 0.00518802 -0.00331392 0.00445966 0.740745 0.000687591 0.582917 0.000959159 
6 1.5 31320000 5.52548 0.0160272 -5.96068 0.00605808 38.1433 0.0681753 1763.6 5.6442 0.00285702 0.00508972 -0.00331392 0.00441072 0.740745 0.000687591 0.582917 0.000959159 
6 1.5 31680000 5.52548 0.0160272 -5.96068 0.00605808 38.1433 0.0681753 1763.6 5.6442 0.00285702 0.00508972 -0.00331392 0.00438102 0.740745 0.000687591 0.582917 0.000959159 
6 1.5 32040000 5.52548 0.0156848 -5.96068 0.00605808 38.1433 0.0681753 1763.6 5.6442 0.00285702 0.00508972 -0.00331392 0.00437229 0.740745 0.000687591 0.582917 0.000959159 
6 1.5 32400000 5.52548 0.0156848 -5.96068 0.00605808 38.1433 0.0681753 1763.6 5.6442 0.00285702 0.00508972 -0.00331392 0.00436227 0.740745 0.000687591 0.582917 0.000959159 
6 1.5 32760000 5.5179 0.0158742 -5.95949 0.00576473 38.1299 0.0639005 1762.63 5.21359 0.00359141 0.00508972 -0.00332646 0.0043292 0.74039 0.000710729 0.582482 0.000965856 
6 1.5 33120000 5.5179 0.0158742 -5.95949 0.00573433 38.1299 0.0636709 1762.63 5.21359 0.00359141 0.00508972 -0.00332646 0.00430419 0.74039 0.000710729 0.582482 0.000965856 
6 1.5 33480000 5.5179 0.0156355 -5.95949 0.00572776 38.1299 0.0634925 1762.63 5.21359 0.00359141 0.00508972 -0.00332646 0.00428183 0.74039 0.000710729 0.582482 0.000965856 
6 1.5 33840000 5.5179 0.0156355 -5.95949 0.00570488 38.1299 0.0641228 1762.63 5.21359 0.00359141 0.00508972 -0.00332646 0.0042595 0.74039 0.000710729 0.582482 0.000965856 
6 1.5 34200000 5.5179 0.0152963 -5.95949 0.00566586 38.1299 0.0634587 1762.63 5.21359 0.00359141 0.00508972 -0.00332646 0.00423088 0.74039 0.000710729 0.582482 0.000965856 
6 1.5 34560000 5.5179 0.0152963 -5.95949 0.0056236 38.1299 0.0632934 1762.63 5.21359 0.00359141 0.00508972 -0.00332646 0.00419134 0.74039 0.000710729 0.582482 0.000965856 
6 1.5 34920000 5.5179 0.0150054 -5.95949 0.0056236 38.1299 0.0632934 1762.63 5.21359 0.00359141 0.00508972 -0.00332646 0.0041579 0.74039 0.000710729 0.582482 0.000965856 
6 1.5 35280000 5.5179 0.0150054 -5.95949 0.0056236 38.1299 0.0632934 1762.63 5.21359 0.00359141 0.00508972 -0.00332646 0.00411813 0.74039 0.000710729 0.582482 0.000965856 
6 1.5 35640000 5.51332 0.0148004 -5.95983 0.00550655 38.1322 0.0611489 1762.73 4.89252 0.00369936 0.00455879 -0.00360402 0.00409228 0.740552 0.000669756 0.58268 0.000905487 
6 1.5 36000000 5.51332 0.0148004 -5.95983 0.00545843 38.1322 0.0606977 1762.73 4.85177 0.00369936 0.00455879 -0.00360402 0.00406572 0.740552 0.000669756 0.58268 0.000905487 
6 1.5 36360000 5.51332 0.0147651 -5.95983 0.00543335 38.1322 0.060401 1762.73 4.81616 0.00369936 0.00455879 -0.00360402 0.00404799 0.740552 0.000669756 0.58268 0.000905487 
6 1.5 36720000 5.51332 0.0147651 -5.95983 0.00538388 38.1322 0.0597982 1762.73 4.78002 0.00369936 0.00455879 -0.00360402 0.00401453 0.740552 0.000669756 0.58268 0.000905487 
6 1.5 37080000 5.51332 0.0145569 -5.95983 0.00536026 38.1322 0.0592694 1762.73 4.78002 0.00369936 0.00438786 -0.00360402 0.00399731 0.740552 0.000669756 0.58268 0.000905487 
6 1.5 37440000 5.51332 0.0145569 -5.95983 0.00534995 38.1322 0.0592251 1762.73 4.78002 0.00369936 0.00438786 -0.00360402 0.00397244 0.740552 0.000669756 0.58268 0.000905487 
6 1.5 37800000 5.51332 0.0142833 -5.95983 0.00532398 38.1322 0.0586651 1762.73 4.78002 0.00369936 0.00438786 -0.00360402 0.00394251 0.740552 0.000669756 0.58268 0.000905487 
6 1.5 38160000 5.51332 0.0142833 -5.95983 0.00529961 38.1322 0.0583195 1762.73 4.78002 0.00369936 0.00438786 -0.00360402 0.00391463 0.740552 0.000669756 0.58268 0.000905487 
6 1.5 38520000 5.51128 0.0141805 -5.95938 0.00531034 38.124 0.0589606 1761.74 4.66428 0.00350712 0.00431057 -0.00395767 0.00390414 0.740527 0.000618729 0.582579 0.000841414 
6 1.5 38880000 5.51128 0.0141805 -5.95938 0.00531068 38.124 0.0588516 1761.74 4.66133 0.00350712 0.00431057 -0.00395767 0.00388405 0.740527 0.000618729 0.582579 0.000841414 
6 1.5 39240000 5.51128 0.0141805 -5.95938 0.00527975 38.124 0.0586194 1761.74 4.63948 0.00350712 0.00431057 -0.00395767 0.00386291 0.740527 0.000618729 0.582579 0.000841414 
6 1.5 39600000 5.51128 0.0141805 -5.95938 0.00525881 38.124 0.0584558 1761.74 4.6185 0.00350712 0.00431057 -0.00395767 0.00384237 0.740527 0.000618729 0.582579 0.000841414 
6 1.5 39960000 5.51128 0.0141805 -5.95938 0.00522758 38.124 0.0580743 1761.74 4.58507 0.00350712 0.00431057 -0.00395767 0.00382417 0.740527 0.000618729 0.582579 0.000841414 
6 1.5 40320000 5.51128 0.0141805 -5.95938 0.00519066 38.124 0.0576242 1761.74 4.5472 0.00350712 0.00431057 -0.00395767 0.00381528 0.740527 0.000618729 0.582579 0.000841414 
6 1.5 40680000 5.51128 0.0141805 -5.95938 0.00514406 38.124 0.0571051 1761.74 4.51352 0.00350712 0.00431057 -0.00395767 0.00380096 0.740527 0.000618729 0.582579 0.000841414 
6 1.5 41040000 5.51128 0.0141805 -5.95938 0.00511258 38.124 0.0565993 1761.74 4.51352 0.00350712 0.00431057 -0.00395767 0.0037958 0.740527 0.000618729 0.582579 0.000841414 
6 1.5 41400000 5.51352 0.0134491 -5.95952 0.00509259 38.1234 0.0560956 1761.6 4.42577 0.00219456 0.00407948 -0.00369019 0.0037751 0.740526 0.000574534 0.582551 0.000781794 
6 1.5 41760000 5.51352 0.0134491 -5.95952 0.00505642 38.1234 0.0556089 1761.6 4.38665 0.00219456 0.00407948 -0.00369019 0.00375142 0.740526 0.000574534 0.582551 0.000781794 
6 1.5 42120000 5.51352 0.0132361 -5.95952 0.00502011 38.1234 0.0551458 1761.6 4.3493 0.00219456 0.00407948 -0.00369019 0.00372482 0.740526 0.000574534 0.582551 0.000781794 
6 1.5 42480000 5.51352 0.0132361 -5.95952 0.00501541 38.1234 0.0550245 1761.6 4.32786 0.00219456 0.00407948 -0.00369019 0.0037014 0.740526 0.000574534 0.582551 0.000781794 
6 1.5 42840000 5.51352 0.013319 -5.95952 0.00497648 38.1234 0.0545752 1761.6 4.29059 0.00219456 0.00394871 -0.00369019 0.00368558 0.740526 0.000574534 0.582551 0.000781794 
6 1.5 43200000 5.51352 0.013319 -5.95952 0.0049793 38.1234 0.0545844 1761.6 4.29744 0.00219456 0.00394871 -0.00369019 0.00367439 0.740526 0.000574534 0.582551 0.000781794 
6 1.5 43560000 5.51352 0.0131791 -5.95952 0.00497994 38.1234 0.054678 1761.6 4.29029 0.00219456 0.00394871 -0.00369019 0.00365373 0.740526 0.000574534 0.582551 0.000781794 
6 1.5 43920000 5.51352 0.0131791 -5.95952 0.00494978 38.1234 0.0543489 1761.6 4.26957 0.00219456 0.00394871 -0.00369019 0.003635 0.740526 0.000574534 0.582551 0.000781794 
6 1.5 44280000 5.51455 0.0129668 -5.95973 0.00494545 38.1273 0.0542513 1762.02 4.25129 0.0019157 0.00394871 -0.00460206 0.00361327 0.740571 0.00055254 0.582612 0.000732043 
6 1.5 44640000 5.51455 0.0129668 -5.95973 0.00492532 38.1273 0.0540889 1762.02 4.24933 0.0019157 0.00394871 -0.00460206 0.00359958 0.740571 0.000551756 0.582612 0.000732043 
6 1.5 45000000 5.51455 0.0129668 -5.95973 0.00491883 38.1273 0.0539425 1762.02 4.22703 0.0019157 0.00394871 -0.00460206 0.0035838 0.740571 0.000551538 0.582612 0.000732043 
6 1.5 45360000 5.51455 0.012779 -5.95973 0.00490935 38.1273 0.0539463 1762.02 4.23184 0.0019157 0.00394871 -0.00460206 0.00357043 0.740571 0.000549097 0.582612 0.000732043 
6 1.5 45720000 5.51455 0.012779 -5.95973 0.00487847 38.1273 0.0536345 1762.02 4.20669 0.0019157 0.00394871 -0.00460206 0.00356368 0.740571 0.000545518 0.582612 0.000732043 
6 1.5 46080000 5.51455 0.0125882 -5.95973 0.00485657 38.1273 0.0532645 1762.02 4.18666 0.0019157 0.00394871 -0.00460206 0.00355418 0.740571 0.000542059 0.582612 0.000732043 
6 1.5 46440000 5.51455 0.0125882 -5.95973 0.00484369 38.1273 0.0530961 1762.02 4.15317 0.0019157 0.00394871 -0.00460206 0.00355137 0.740571 0.000540416 0.582612 0.000732043 
6 1.5 46800000 5.51455 0.0124955 -5.95973 0.00481761 38.1273 0.052828 1762.02 4.14364 0.0019157 0.00394871 -0.00460206 0.00352918 0.740571 0.00053905 0.582612 0.000732043 
6 1.5 47160000 5.51455 0.0124955 -5.95973 0.00478783 38.1273 0.0525057 1762.02 4.11466 0.0019157 0.00394871 -0.00460206 0.00352764 0.740571 0.000537986 0.582612 0.000732043 
6 1.5 47520000 5.51801 0.0123063 -5.95759 0.0047659 38.1064 0.052271 1760.49 4.08326 0.00133188 0.00382212 -0.00448441 0.00351011 0.740306 0.000565893 0.582313 0.000744706 
6 1.5 47880000 5.51801 0.0123063 -5.95759 0.00473834 38.1064 0.0520077 1760.49 4.07459 0.00133188 0.00382212 -0.00448441 0.00349197 0.740306 0.000565893 0.582313 0.000744706 
6 1.5 48240000 5.51801 0.0121299 -5.95759 0.00470906 38.1064 0.0518996 1760.49 4.09599 0.00133188 0.00377777 -0.00448441 0.00350274 0.740306 0.000565893 0.582313 0.000744706 
6 1.5 48600000 5.51801 0.0121299 -5.95759 0.00470913 38.1064 0.05173 1760.49 4.0779 0.00133188 0.00377777 -0.00448441 0.00350102 0.740306 0.000565893 0.582313 0.000744706 
6 1.5 48960000 5.51801 0.0119463 -5.95759 0.0047173 38.1064 0.051899 1760.49 4.09818 0.00133188 0.00370755 -0.00448441 0.00349006 0.740306 0.000565893 0.582313 0.000744706 
6 1.5 49320000 5.51801 0.0119463 -5.95759 0.00470123 38.1064 0.0519032 1760.49 4.08867 0.00133188 0.00370755 -0.00448441 0.00347722 0.740306 0.000565893 0.582313 0.000744706 
6 1.5 49680000 5.51801 0.0118243 -5.95759 0.00466615 38.1064 0.0515259 1760.49 4.06276 0.00133188 0.00366539 -0.00448441 0.00347334 0.740306 0.000565893 0.582313 0.000744706 
6 1.5 50040000 5.51801 0.0118243 -5.95759 0.00463253 38.1064 0.0511542 1760.49 4.03422 0.00133188 0.00366539 -0.00448441 0.00347022 0.740306 0.000565893 0.582313 0.000744706 
6 1.5 50400000 5.51343 0.012331 -5.95981 0.00467815 38.1288 0.0514727 1762.1 4.0708 0.001443 0.00360326 -0.0044726 0.00346601 0.740456 0.000551988 0.582538 0.000734087 
6 1.5 50760000 5.51343 0.012331 -5.95981 0.00467815 38.1288 0.0516119 1762.1 4.08472 0.001443 0.00360326 -0.0044726 0.00344362 0.740456 0.000551988 0.582538 0.000734087 
6 1.5 51120000 5.51343 0.0122183 -5.95981 0.00467815 38.1288 0.0512496 1762.1 4.05709 0.001443 0.00356994 -0.0044726 0.00342436 0.740456 0.000551988 0.582538 0.000734087 
6 1.5 51480000 5.51343 0.0122183 -5.95981 0.00467815 38.1288 0.0510832 1762.1 4.05709 0.001443 0.00356994 -0.0044726 0.00340129 0.740456 0.000551988 0.582538 0.000734087 
6 1.5 51840000 5.51343 0.012358 -5.95981 0.00467815 38.1288 0.0510564 1762.1 4.05709 0.001443 0.00355859 -0.0044726 0.00338363 0.740456 0.000551988 0.582538 0.000734087 
6 1.5 52200000 5.51343 0.012358 -5.95981 0.00467815 38.1288 0.050767 1762.1 4.05709 0.001443 0.00355859 -0.0044726 0.00336211 0.740456 0.000551988 0.582538 0.000734087 
6 1.5 52560000 5.51343 0.0123184 -5.95981 0.00467815 38.1288 0.0506425 1762.1 4.05709 0.001443 0.00355859 -0.0044726 0.00336447 0.740456 0.000551988 0.582538 0.000734087 
6 1.5 52920000 5.51343 0.0123184 -5.95981 0.00467815 38.1288 0.0506425 1762.1 4.05709 0.001443 0.00355859 -0.0044726 0.00334996 0.740456 0.000551988 0.582538 0.000734087 
6 1.5 53280000 5.51793 0.0120187 -5.9576 0.00491279 38.1032 0.053932 1760.22 4.24606 0.0010417 0.00348543 -0.0040771 0.00334311 0.740138 0.000606112 0.582129 0.000799286 
6 1.5 53640000 5.51793 0.0120187 -5.9576 0.00491279 38.1032 0.053932 1760.22 4.24606 0.0010417 0.00348543 -0.0040771 0.00332662 0.740138 0.000606112 0.582129 0.000799286 
6 1.5 54000000 5.51793 0.0119839 -5.9576 0.00491279 38.1032 0.053932 1760.22 4.24606 0.0010417 0.00348543 -0.0040771 0.0033116 0.740138 0.000606112 0.582129 0.000799286 
6 1.5 54360000 5.51793 0.0119839 -5.9576 0.00491279 38.1032 0.053932 1760.22 4.24606 0.0010417 0.00348543 -0.0040771 0.00330254 0.740138 0.000606112 0.582129 0.000799286 
6 1.5 54720000 5.51793 0.0118684 -5.9576 0.00491279 38.1032 0.053932 1760.22 4.24606 0.0010417 0.00339781 -0.0040771 0.00329036 0.740138 0.000606112 0.582129 0.000799286 
6 1.5 55080000 5.51793 0.0118684 -5.9576 0.00491279 38.1032 0.053932 1760.22 4.24606 0.0010417 0.00339781 -0.0040771 0.00327365 0.740138 0.000606112 0.582129 0.000799286 
6 1.5 55440000 5.51793 0.011801 -5.9576 0.00491279 38.1032 0.053932 1760.22 4.24606 0.0010417 0.00339781 -0.0040771 0.00328142 0.740138 0.000606112 0.582129 0.000799286 
6 1.5 55800000 5.51793 0.011801 -5.9576 0.00491279 38.1032 0.053932 1760.22 4.24606 0.0010417 0.00339781 -0.0040771 0.00326905 0.740138 0.000606112 0.582129 0.000799286 
6 1.5 56160000 5.51543 0.0115747 -5.95678 0.00472185 38.0974 0.051405 1760.03 4.02674 0.00109655 0.00331212 -0.00369841 0.00326649 0.740049 0.000580699 0.582025 0.000763953 
6 1.5 56520000 5.51543 0.0115747 -5.95678 0.00472185 38.0974 0.051405 1760.03 4.02674 0.00109655 0.00331212 -0.00369841 0.00325096 0.740049 0.000580699 0.582025 0.000763953 
6 1.5 56880000 5.51543 0.011509 -5.95678 0.00472185 38.0974 0.051405 1760.03 4.02674 0.00109655 0.00331212 -0.00369841 0.00324579 0.740049 0.000580699 0.582025 0.000763953 
6 1.5 57240000 5.51543 0.011509 -5.95678 0.00472185 38.0974 0.051405 1760.03 4.02674 0.00109655 0.00331212 -0.00369841 0.00324096 0.740049 0.000580699 0.582025 0.000763953 
6 1.5 57600000 5.51543 0.0116157 -5.95678 0.00472185 38.0974 0.051405 1760.03 4.02674 0.00109655 0.00329713 -0.00369841 0.00322287 0.740049 0.000580699 0.582025 0.000763953 
6 1.5 57960000 5.51543 0.0116157 -5.95678 0.00472185 38.0974 0.051405 1760.03 4.02674 0.00109655 0.00329713 -0.00369841 0.00321607 0.740049 0.000580699 0.582025 0.000763953 
6 1.5 58320000 5.51543 0.0116157 -5.95678 0.00472185 38.0974 0.051405 1760.03 4.02674 0.00109655 0.00329713 -0.00369841 0.00321113 0.740049 0.000580699 0.582025 0.000763953 
6 1.5 58680000 5.51543 0.0116157 -5.95678 0.00472185 38.0974 0.051405 1760.03 4.02674 0.00109655 0.00329713 -0.00369841 0.00319219 0.740049 0.000580699 0.582025 0.000763953 
6 1.5 59040000 5.51404 0.011498 -5.95871 0.00486319 38.1152 0.051843 1761.14 3.97465 0.000627577 0.00322172 -0.00324492 0.00317683 0.740304 0.000604977 0.582334 0.000785934 
6 1.5 59400000 5.51404 0.011498 -5.95871 0.00486319 38.1152 0.051843 1761.14 3.97465 0.000627577 0.00322172 -0.00324492 0.00317165 0.740304 0.000604977 0.582334 0.000785934 
6 1.5 59760000 5.51404 0.011498 -5.95871 0.00486319 38.1152 0.051843 1761.14 3.97465 0.000627577 0.00322172 -0.00324492 0.00315601 0.740304 0.000604977 0.582334 0.000785934 
6 1.5 60120000 5.51404 0.011498 -5.95871 0.00486319 38.1152 0.051843 1761.14 3.97465 0.000627577 0.00322172 -0.00324492 0.00315534 0.740304 0.000604977 0.582334 0.000785934 
6 1.5 60480000 5.51404 0.011498 -5.95871 0.00486319 38.1152 0.051843 1761.14 3.97465 0.000627577 0.00322172 -0.00324492 0.00315144 0.740304 0.000604977 0.582334 0.000785934 
6 1.5 60840000 5.51404 0.011498 -5.95871 0.00486319 38.1152 0.051843 1761.14 3.97465 0.000627577 0.00331194 -0.00324492 0.00313645 0.740304 0.000604977 0.582334 0.000785934 
6 1.5 61200000 5.51404 0.011498 -5.95871 0.00486319 38.1152 0.051843 1761.14 3.97465 0.000627577 0.00331194 -0.00324492 0.00313231 0.740304 0.000604977 0.582334 0.000785934 
6 1.5 61560000 5.51404 0.011498 -5.95871 0.00486319 38.1152 0.051843 1761.14 3.97465 0.000627577 0.00331194 -0.00324492 0.0031296 0.740304 0.000604977 0.582334 0.000785934 
6 1.5 61920000 5.51404 0.011498 -5.95871 0.00486319 38.1152 0.051843 1761.14 3.97465 0.000627577 0.00331194 -0.00324492 0.00312225 0.740304 0.000604977 0.582334 0.000785934 
6 1.5 62280000 5.51404 0.011498 -5.95871 0.00464294 38.1152 0.0493808 1761.14 3.79243 0.000627577 0.00325715 -0.00324492 0.00310563 0.740304 0.000576207 0.582334 0.00074852 
6 1.5 62640000 5.51404 0.011498 -5.95871 0.00464294 38.1152 0.0493808 1761.14 3.79243 0.000627577 0.00325715 -0.00324492 0.00309202 0.740304 0.000576207 0.582334 0.00074852 
6 1.5 63000000 5.51404 0.011498 -5.95871 0.00464294 38.1152 0.0493808 1761.14 3.79243 0.000627577 0.00325715 -0.00324492 0.00307988 0.740304 0.000576207 0.582334 0.00074852 
6 1.5 63360000 5.51404 0.011498 -5.95871 0.00464294 38.1152 0.0493808 1761.14 3.79243 0.000627577 0.00325715 -0.00324492 0.00308287 0.740304 0.000576207 0.582334 0.00074852 
6 1.5 63720000 5.51404 0.011498 -5.95871 0.00464294 38.1152 0.0493808 1761.14 3.79243 0.000627577 0.00327501 -0.00324492 0.00306973 0.740304 0.000576207 0.582334 0.00074852 
6 1.5 64080000 5.51404 0.011498 -5.95871 0.00464294 38.1152 0.0493808 1761.14 3.79243 0.000627577 0.00327501 -0.00324492 0.0030611 0.740304 0.000576207 0.582334 0.00074852 
6 1.5 64440000 5.51404 0.011498 -5.95871 0.00464294 38.1152 0.0493808 1761.14 3.79243 0.000627577 0.00327501 -0.00324492 0.00306115 0.740304 0.000576207 0.582334 0.00074852 
6 1.5 64800000 5.51404 0.011498 -5.95871 0.00464294 38.1152 0.0493808 1761.14 3.79243 0.000627577 0.00327501 -0.00324492 0.0030583 0.740304 0.000576207 0.582334 0.00074852 
6 1.5 65160000 5.51517 0.011498 -5.95808 0.00453037 38.1046 0.0484543 1759.96 3.73542 -0.000954824 0.00321609 -0.00402981 0.00304193 0.740167 0.00056759 0.582139 0.000738542 
6 1.5 65520000 5.51517 0.011498 -5.95808 0.00453037 38.1046 0.0484543 1759.96 3.73542 -0.000954824 0.00321609 -0.00402981 0.00303328 0.740167 0.00056759 0.582139 0.000738542 
6 1.5 65880000 5.51517 0.011498 -5.95808 0.00453037 38.1046 0.0484543 1759.96 3.73542 -0.000954824 0.00320353 -0.00402981 0.00302304 0.740167 0.00056759 0.582139 0.000738542 
6 1.5 66240000 5.51517 0.011498 -5.95808 0.00453037 38.1046 0.0484543 1759.96 3.73542 -0.000954824 0.00320353 -0.00402981 0.00300718 0.740167 0.00056759 0.582139 0.000738542 
6 1.5 66600000 5.51517 0.011498 -5.95808 0.00453037 38.1046 0.0484543 1759.96 3.73542 -0.000954824 0.00315534 -0.00402981 0.00299617 0.740167 0.00056759 0.582139 0.000738542 
6 1.5 66960000 5.51517 0.011498 -5.95808 0.00453037 38.1046 0.0484543 1759.96 3.73542 -0.000954824 0.00315534 -0.00402981 0.00298814 0.740167 0.00056759 0.582139 0.000738542 
6 1.5 67320000 5.51517 0.011498 -5.95808 0.00453037 38.1046 0.0484543 1759.96 3.73542 -0.000954824 0.003185 -0.00402981 0.00297473 0.740167 0.00056759 0.582139 0.000738542 
6 1.5 67680000 5.51517 0.011498 -5.95808 0.00453037 38.1046 0.0484543 1759.96 3.73542 -0.000954824 0.003185 -0.00402981 0.00296624 0.740167 0.00056759 0.582139 0.000738542 
6 1.5 68040000 5.51517 0.011498 -5.95808 0.00441594 38.1046 0.0475504 1759.96 3.65268 -0.000954824 0.00323377 -0.00402981 0.0029575 0.740167 0.000544486 0.582139 0.000712237 
6 1.5 68400000 5.51517 0.011498 -5.95808 0.00441594 38.1046 0.0475504 1759.96 3.65268 -0.000954824 0.00323377 -0.00402981 0.00295712 0.740167 0.000544486 0.582139 0.000712237 
6 1.5 68760000 5.51517 0.011498 -5.95808 0.00441594 38.1046 0.0475504 1759.96 3.65268 -0.000954824 0.00321814 -0.00402981 0.00295126 0.740167 0.000544486 0.582139 0.000712237 
6 1.5 69120000 5.51517 0.011498 -5.95808 0.00441594 38.1046 0.0475504 1759.96 3.65268 -0.000954824 0.00321814 -0.00402981 0.00294597 0.740167 0.000544486 0.582139 0.000712237 
6 1.5 69480000 5.51517 0.011498 -5.95808 0.00441594 38.1046 0.0475504 1759.96 3.65268 -0.000954824 0.00322584 -0.00402981 0.00293138 0.740167 0.000544486 0.582139 0.000712237 
6 1.5 69840000 5.51517 0.011498 -5.95808 0.00441594 38.1046 0.0475504 1759.96 3.65268 -0.000954824 0.00322584 -0.00402981 0.00291992 0.740167 0.000544486 0.582139 0.000712237 
6 1.5 70200000 5.51517 0.011498 -5.95808 0.00441594 38.1046 0.0475504 1759.96 3.65268 -0.000954824 0.00319188 -0.00402981 0.00291843 0.740167 0.000544486 0.582139 0.000712237 
6 1.5 70560000 5.51517 0.011498 -5.95808 0.00441594 38.1046 0.0475504 1759.96 3.65268 -0.000954824 0.00319188 -0.00402981 0.002907 0.740167 0.000544486 0.582139 0.000712237 
6 1.5 70920000 5.51331 0.00997373 -5.9595 0.00426616 38.1219 0.0460052 1761.22 3.53335 -0.00123616 0.00317639 -0.00341985 0.00291597 0.740187 0.000522248 0.582191 0.000683696 
6 1.5 71280000 5.51331 0.00992768 -5.9595 0.00426616 38.1219 0.0460052 1761.22 3.53335 -0.00123616 0.00317639 -0.00341985 0.00290384 0.740187 0.000522248 0.582191 0.000683696 
6 1.5 71640000 5.51331 0.009909 -5.9595 0.00426616 38.1219 0.0460052 1761.22 3.53335 -0.00123616 0.00316629 -0.00341985 0.00289322 0.740187 0.000522248 0.582191 0.000683696 
6 1.5 72000000 5.51331 0.009909 -5.9595 0.00426616 38.1219 0.0460052 1761.22 3.53335 -0.00123616 0.00316629 -0.00341985 0.00288788 0.740187 0.000522248 0.582191 0.000683696 
6 1.5 72360000 5.51331 0.00981687 -5.9595 0.00426616 38.1219 0.0460052 1761.22 3.53335 -0.00123616 0.00313709 -0.00341985 0.00288271 0.740187 0.000522248 0.582191 0.000683696 
6 1.5 72720000 5.51331 0.00978133 -5.9595 0.00426616 38.1219 0.0460052 1761.22 3.53335 -0.00123616 0.00313709 -0.00341985 0.00287591 0.740187 0.000522248 0.582191 0.000683696 
6 1.5 73080000 5.51331 0.00974525 -5.9595 0.00426616 38.1219 0.0460052 1761.22 3.53335 -0.00123616 0.00310541 -0.00341985 0.00286179 0.740187 0.000522248 0.582191 0.000683696 
6 1.5 73440000 5.51331 0.00972842 -5.9595 0.00426616 38.1219 0.0460052 1761.22 3.53335 -0.00123616 0.00310541 -0.00341985 0.00285741 0.740187 0.000522248 0.582191 0.000683696 
6 1.5 73800000 5.51331 0.00970766 -5.9595 0.00417381 38.1219 0.0450835 1761.22 3.44684 -0.00123616 0.00307632 -0.00341985 0.00284629 0.740187 0.00050819 0.582191 0.000661737 
6 1.5 74160000 5.51331 0.00969079 -5.9595 0.00417381 38.1219 0.0450835 1761.22 3.44684 -0.00123616 0.00307632 -0.00341985 0.00283504 0.740187 0.00050819 0.582191 0.000661737 
6 1.5 74520000 5.51331 0.00969375 -5.9595 0.00417381 38.1219 0.0450835 1761.22 3.44684 -0.00123616 0.00306195 -0.00341985 0.00283267 0.740187 0.00050819 0.582191 0.000661737 
6 1.5 74880000 5.51331 0.00968022 -5.9595 0.00417381 38.1219 0.0450835 1761.22 3.44684 -0.00123616 0.00306195 -0.00341985 0.00282278 0.740187 0.00050819 0.582191 0.000661737 
6 1.5 75240000 5.51331 0.00961932 -5.9595 0.00417381 38.1219 0.0450835 1761.22 3.44684 -0.00123616 0.00304042 -0.00341985 0.00281105 0.740187 0.00050819 0.582191 0.000661737 
6 1.5 75600000 5.51331 0.00960536 -5.9595 0.00417381 38.1219 0.0450835 1761.22 3.44684 -0.00123616 0.00304042 -0.00341985 0.00280104 0.740187 0.00050819 0.582191 0.000661737 
6 1.5 75960000 5.51331 0.00960536 -5.9595 0.00417381 38.1219 0.0450835 1761.22 3.44684 -0.00123616 0.00304042 -0.00341985 0.00279313 0.740187 0.00050819 0.582191 0.000661737 
6 1.5 76320000 5.51331 0.00960536 -5.9595 0.00417381 38.1219 0.0450835 1761.22 3.44684 -0.00123616 0.00305009 -0.00341985 0.00278224 0.740187 0.00050819 0.582191 0.000661737 
6 1.5 76680000 5.51331 0.00960536 -5.9595 0.00417381 38.1219 0.0450835 1761.22 3.44684 -0.00123616 0.00305009 -0.00341985 0.0027703 0.740187 0.00050819 0.582191 0.000661737 
6 1.5 77040000 5.51244 0.00960536 -5.96037 0.00401362 38.1312 0.0433496 1761.79 3.31471 -0.00185302 0.00302164 -0.00395531 0.00276366 0.740208 0.000492641 0.582215 0.000639238 
6 1.5 77400000 5.51244 0.00960536 -5.96037 0.00401362 38.1312 0.0433496 1761.79 3.31471 -0.00185302 0.00302164 -0.00395531 0.00275582 0.740208 0.000492641 0.582215 0.000639238 
6 1.5 77760000 5.51244 0.00960536 -5.96037 0.00401362 38.1312 0.0433496 1761.79 3.31471 -0.00185302 0.00299818 -0.00395531 0.00274803 0.740208 0.000492641 0.582215 0.000639238 
6 1.5 78120000 5.51244 0.00960536 -5.96037 0.00401362 38.1312 0.0433496 1761.79 3.31471 -0.00185302 0.00299818 -0.00395531 0.00273688 0.740208 0.000492641 0.582215 0.000639238 
6 1.5 78480000 5.51244 0.00960536 -5.96037 0.00401362 38.1312 0.0433496 1761.79 3.31471 -0.00185302 0.0029699 -0.00395531 0.00273604 0.740208 0.000492641 0.582215 0.000639238 
6 1.5 78840000 5.51244 0.00960536 -5.96037 0.00401362 38.1312 0.0433496 1761.79 3.31471 -0.00185302 0.0029699 -0.00395531 0.00272899 0.740208 0.000492641 0.582215 0.000639238 
6 1.5 79200000 5.51244 0.00960536 -5.96037 0.00401362 38.1312 0.0433496 1761.79 3.31471 -0.00185302 0.00294235 -0.00395531 0.00272449 0.740208 0.000492641 0.582215 0.000639238 
6 1.5 79560000 5.51244 0.00960536 -5.96037 0.00401362 38.1312 0.0433496 1761.79 3.31471 -0.00185302 0.00294235 -0.00395531 0.00271295 0.740208 0.000492641 0.582215 0.000639238 
6 1.5 79920000 5.51244 0.00960536 -5.96037 0.00406631 38.1312 0.0432614 1761.79 3.24874 -0.00185302 0.00291511 -0.00395531 0.00270655 0.740208 0.00048691 0.582215 0.000629058 
6 1.5 80280000 5.51244 0.00960536 -5.96037 0.00406631 38.1312 0.0432614 1761.79 3.24874 -0.00185302 0.00291511 -0.00395531 0.00269794 0.740208 0.00048691 0.582215 0.000629058 
6 1.5 80640000 5.51244 0.00960536 -5.96037 0.00406631 38.1312 0.0432614 1761.79 3.24874 -0.00185302 0.0028936 -0.00395531 0.00269057 0.740208 0.00048691 0.582215 0.000629058 
6 1.5 81000000 5.51244 0.00960536 -5.96037 0.00406631 38.1312 0.0432614 1761.79 3.24874 -0.00185302 0.0028936 -0.00395531 0.00267971 0.740208 0.00048691 0.582215 0.000629058 
6 1.5 81360000 5.51244 0.00960536 -5.96037 0.00406631 38.1312 0.0432614 1761.79 3.24874 -0.00185302 0.00287247 -0.00395531 0.00267369 0.740208 0.00048691 0.582215 0.000629058 
6 1.5 81720000 5.51244 0.00960536 -5.96037 0.00406631 38.1312 0.0432614 1761.79 3.24874 -0.00185302 0.00287247 -0.00395531 0.00266888 0.740208 0.00048691 0.582215 0.000629058 
6 1.5 82080000 5.51244 0.00960536 -5.96037 0.00406631 38.1312 0.0432614 1761.79 3.24874 -0.00185302 0.00285396 -0.00395531 0.00266255 0.740208 0.00048691 0.582215 0.000629058 
6 1.5 82440000 5.51244 0.00960536 -5.96037 0.00406631 38.1312 0.0432614 1761.79 3.24874 -0.00185302 0.00285396 -0.00395531 0.0026557 0.740208 0.00048691 0.582215 0.000629058 
6 1.5 82800000 5.5143 0.00937169 -5.96052 0.00416731 38.1358 0.0446278 1762.38 3.34723 -0.00171659 0.00283719 -0.0035377 0.00265056 0.740239 0.000489885 0.582251 0.000628752 
6 1.5 83160000 5.5143 0.00937169 -5.96052 0.00416731 38.1358 0.0446278 1762.38 3.34723 -0.00171659 0.00283719 -0.0035377 0.00264191 0.740239 0.000489885 0.582251 0.000628752 
6 1.5 83520000 5.5143 0.00937169 -5.96052 0.00416731 38.1358 0.0446278 1762.38 3.34723 -0.00171659 0.00281509 -0.0035377 0.00263471 0.740239 0.000489885 0.582251 0.000628752 
6 1.5 83880000 5.5143 0.00937169 -5.96052 0.00416731 38.1358 0.0446278 1762.38 3.34723 -0.00171659 0.00281509 -0.0035377 0.00262696 0.740239 0.000489885 0.582251 0.000628752 
6 1.5 84240000 5.5143 0.00921877 -5.96052 0.00416731 38.1358 0.0446278 1762.38 3.34723 -0.00171659 0.00279861 -0.0035377 0.00261898 0.740239 0.000489885 0.582251 0.000628752 
6 1.5 84600000 5.5143 0.00921877 -5.96052 0.00416731 38.1358 0.0446278 1762.38 3.34723 -0.00171659 0.00279861 -0.0035377 0.00261067 0.740239 0.000489885 0.582251 0.000628752 
6 1.5 84960000 5.5143 0.00922275 -5.96052 0.00416731 38.1358 0.0446278 1762.38 3.34723 -0.00171659 0.00277437 -0.0035377 0.00260442 0.740239 0.000489885 0.582251 0.000628752 
6 1.5 85320000 5.5143 0.00922275 -5.96052 0.00416731 38.1358 0.0446278 1762.38 3.34723 -0.00171659 0.00277437 -0.0035377 0.00259458 0.740239 0.000489885 0.582251 0.000628752 
6 1.5 85680000 5.5143 0.0091508 -5.96052 0.00402448 38.1358 0.0431265 1762.38 3.24268 -0.00171659 0.00279395 -0.0035377 0.00259206 0.740239 0.000473182 0.582251 0.000607078 
6 1.5 86040000 5.5143 0.0091508 -5.96052 0.00402448 38.1358 0.0431265 1762.38 3.24268 -0.00171659 0.00279395 -0.0035377 0.00258259 0.740239 0.000473182 0.582251 0.000607078 
6 1.5 86400000 5.5143 0.00912137 -5.96052 0.00402448 38.1358 0.0431265 1762.38 3.24268 -0.00171659 0.00277041 -0.0035377 0.00257522 0.740239 0.000473182 0.582251 0.000607078 
6 1.5 86760000 5.5143 0.00912137 -5.96052 0.00402448 38.1358 0.0431265 1762.38 3.24268 -0.00171659 0.00277041 -0.0035377 0.00257497 0.740239 0.000473182 0.582251 0.000607078 
6 1.5 87120000 5.5143 0.00910492 -5.96052 0.00402448 38.1358 0.0431265 1762.38 3.24268 -0.00171659 0.00276292 -0.0035377 0.00257003 0.740239 0.000473182 0.582251 0.000607078 
6 1.5 87480000 5.5143 0.00910492 -5.96052 0.00402448 38.1358 0.0431265 1762.38 3.24268 -0.00171659 0.00276292 -0.0035377 0.00257257 0.740239 0.000473182 0.582251 0.000607078 
6 1.5 87840000 5.5143 0.00910492 -5.96052 0.00402448 38.1358 0.0431265 1762.38 3.24268 -0.00171659 0.0027428 -0.0035377 0.0025666 0.740239 0.000473182 0.582251 0.000607078 
6 1.5 88200000 5.5143 0.00910492 -5.96052 0.00402448 38.1358 0.0431265 1762.38 3.24268 -0.00171659 0.0027428 -0.0035377 0.00255738 0.740239 0.000473182 0.582251 0.000607078 
6 1.5 88560000 5.5124 0.00895959 -5.96118 0.00393158 38.1437 0.0421156 1763.08 3.16263 -0.00288554 0.002726 -0.00392048 0.00255271 0.740279 0.000460523 0.5823 0.0005891 
6 1.5 88920000 5.5124 0.00895959 -5.96118 0.00393158 38.1437 0.0421156 1763.08 3.16263 -0.00288554 0.002726 -0.00392048 0.0025451 0.740279 0.000460523 0.5823 0.0005891 
6 1.5 89280000 5.5124 0.0089578 -5.96118 0.00393158 38.1437 0.0421156 1763.08 3.16263 -0.00288554 0.00273273 -0.00392048 0.00254321 0.740279 0.000460523 0.5823 0.0005891 
6 1.5 89640000 5.5124 0.0089578 -5.96118 0.00393158 38.1437 0.0421156 1763.08 3.16263 -0.00288554 0.00273273 -0.00392048 0.00253499 0.740279 0.000460523 0.5823 0.0005891 
6 1.5 90000000 5.5124 0.0089016 -5.96118 0.00393158 38.1437 0.0421156 1763.08 3.16263 -0.00288554 0.00271156 -0.00392048 0.00252654 0.740279 0.000460523 0.5823 0.0005891 
6 1.5 90360000 5.5124 0.0089016 -5.96118 0.00393158 38.1437 0.0421156 1763.08 3.16263 -0.00288554 0.00271156 -0.00392048 0.00252105 0.740279 0.000460523 0.5823 0.0005891 
6 1.5 90720000 5.5124 0.0089016 -5.96118 0.00393158 38.1437 0.0421156 1763.08 3.16263 -0.00288554 0.00271156 -0.00392048 0.00251389 0.740279 0.000460523 0.5823 0.0005891 
6 1.5 91080000 5.5124 0.0089016 -5.96118 0.00393158 38.1437 0.0421156 1763.08 3.16263 -0.00288554 0.00269526 -0.00392048 0.00250764 0.740279 0.000460523 0.5823 0.0005891 
6 1.5 91440000 5.5124 0.0089016 -5.96118 0.00393158 38.1437 0.0421156 1763.08 3.16263 -0.00288554 0.00269526 -0.00392048 0.00250383 0.740279 0.000460523 0.5823 0.0005891 
6 1.5 91800000 5.5124 0.00882316 -5.96118 0.00394543 38.1437 0.0424342 1763.08 3.21758 -0.00288554 0.0026744 -0.00392048 0.00250041 0.740279 0.000451266 0.5823 0.000572995 
6 1.5 92160000 5.5124 0.00882316 -5.96118 0.00394543 38.1437 0.0424342 1763.08 3.21758 -0.00288554 0.0026744 -0.00392048 0.00249203 0.740279 0.000451266 0.5823 0.000572995 
6 1.5 92520000 5.5124 0.00882316 -5.96118 0.00394543 38.1437 0.0424342 1763.08 3.21758 -0.00288554 0.0026574 -0.00392048 0.00243141 0.740279 0.000451266 0.5823 0.000572995 
6 1.5 92880000 5.5124 0.00882316 -5.96118 0.00394543 38.1437 0.0424342 1763.08 3.21758 -0.00288554 0.0026574 -0.00392048 0.00242882 0.740279 0.000451266 0.5823 0.000572995 
6 1.5 93240000 5.5124 0.00870063 -5.96118 0.00394543 38.1437 0.0424342 1763.08 3.21758 -0.00288554 0.00263695 -0.00392048 0.00242689 0.740279 0.000451266 0.5823 0.000572995 
6 1.5 93600000 5.5124 0.00870063 -5.96118 0.00394543 38.1437 0.0424342 1763.08 3.21758 -0.00288554 0.00263695 -0.00392048 0.00241993 0.740279 0.000451266 0.5823 0.000572995 
6 1.5 93960000 5.5124 0.00870063 -5.96118 0.00394543 38.1437 0.0424342 1763.08 3.21758 -0.00288554 0.00261619 -0.00392048 0.00241403 0.740279 0.000451266 0.5823 0.000572995 
6 1.5 94320000 5.5124 0.00870063 -5.96118 0.00394543 38.1437 0.0424342 1763.08 3.21758 -0.00288554 0.00261619 -0.00392048 0.00240912 0.740279 0.000451266 0.5823 0.000572995 
6 1.5 94680000 5.5158 0.00860157 -5.96029 0.00382573 38.1346 0.0412048 1762.42 3.13652 -0.0033343 0.00260597 -0.00377171 0.00240414 0.740274 0.000442023 0.582329 0.000561652 
6 1.5 95040000 5.5158 0.00857865 -5.96029 0.00382573 38.1346 0.0412048 1762.42 3.13652 -0.0033343 0.00260597 -0.00377171 0.00239747 0.740274 0.000442023 0.582329 0.000561652 
6 1.5 95400000 5.5158 0.00857865 -5.96029 0.00382573 38.1346 0.0412048 1762.42 3.13652 -0.0033343 0.00260098 -0.00377171 0.00239302 0.740274 0.000442023 0.582329 0.000561652 
6 1.5 95760000 5.5158 0.00857865 -5.96029 0.00382573 38.1346 0.0412048 1762.42 3.13652 -0.0033343 0.00260098 -0.00377171 0.0023865 0.740274 0.000442023 0.582329 0.000561652 
6 1.5 96120000 5.5158 0.00853208 -5.96029 0.00382573 38.1346 0.0412048 1762.42 3.13652 -0.0033343 0.00258931 -0.00377171 0.0023812 0.740274 0.000442023 0.582329 0.000561652 
6 1.5 96480000 5.5158 0.00853075 -5.96029 0.00382573 38.1346 0.0412048 1762.42 3.13652 -0.0033343 0.00258931 -0.00377171 0.00237247 0.740274 0.000442023 0.582329 0.000561652 
6 1.5 96840000 5.5158 0.0087078 -5.96029 0.00382573 38.1346 0.0412048 1762.42 3.13652 -0.0033343 0.0025884 -0.00377171 0.0023722 0.740274 0.000442023 0.582329 0.000561652 
6 1.5 97200000 5.5158 0.0087078 -5.96029 0.00382573 38.1346 0.0412048 1762.42 3.13652 -0.0033343 0.0025884 -0.00377171 0.00237335 0.740274 0.000442023 0.582329 0.000561652 
6 1.5 97560000 5.5158 0.00864654 -5.96029 0.00374741 38.1346 0.0404804 1762.42 3.09214 -0.0033343 0.00258042 -0.00377171 0.00237174 0.740274 0.00043055 0.582329 0.00054689 
6 1.5 97920000 5.5158 0.00864654 -5.96029 0.00374741 38.1346 0.0404804 1762.42 3.09214 -0.0033343 0.00258042 -0.00377171 0.00237018 0.740274 0.00043055 0.582329 0.00054689 
6 1.5 98280000 5.5158 0.0086122 -5.96029 0.00374741 38.1346 0.0404804 1762.42 3.09214 -0.0033343 0.00257647 -0.00377171 0.00236204 0.740274 0.00043055 0.582329 0.00054689 
6 1.5 98640000 5.5158 0.0086122 -5.96029 0.00374741 38.1346 0.0404804 1762.42 3.09214 -0.0033343 0.00257647 -0.00377171 0.00235775 0.740274 0.00043055 0.582329 0.00054689 
6 1.5 99000000 5.5158 0.00857458 -5.96029 0.00374741 38.1346 0.0404804 1762.42 3.09214 -0.0033343 0.00255724 -0.00377171 0.00235036 0.740274 0.00043055 0.582329 0.00054689 
6 1.5 99360000 5.5158 0.00857458 -5.96029 0.00374741 38.1346 0.0404804 1762.42 3.09214 -0.0033343 0.00255724 -0.00377171 0.00234519 0.740274 0.00043055 0.582329 0.00054689 
6 1.5 99720000 5.5158 0.00851254 -5.96029 0.00374741 38.1346 0.0404804 1762.42 3.09214 -0.0033343 0.00253916 -0.00377171 0.00233894 0.740274 0.00043055 0.582329 0.00054689 
