L J MC_steps R2 R2_std E E_std E2 E2_std E4 E4_std Sin1 Sin1_std Cos1 Cos1_std Mag2 Mag2_std Mag4 Mag4_std
7 0 490000 12.7902 0.262561 -0.0577208 0.0700495 3.3269 0.18608 37.9647 5.77563 -0.00164644 0.00903025 0.0106155 0.00983291 0.139332 0.00533583 0.0353816 0.00255157 
7 0 980000 12.6161 0.171547 -0.0369207 0.043176 3.5584 0.135264 44.3733 4.99488 -0.00178029 0.00615692 0.00654132 0.00791174 0.143194 0.0033702 0.0373601 0.00164169 
7 0 1470000 12.5753 0.134847 -0.0254151 0.0362359 3.58222 0.107858 44.8322 3.78991 -0.00405193 0.00539911 0.00709876 0.00614662 0.143397 0.002757 0.0379998 0.00135008 
7 0 1960000 12.5615 0.114845 -0.0310253 0.0317267 3.51124 0.0991182 43.2197 3.3018 -0.00131961 0.00521857 0.0050104 0.00486423 0.142732 0.00229095 0.0377013 0.00118523 
7 0 2450000 12.5522 0.0982732 -0.0254033 0.0284277 3.42202 0.0960286 40.0034 2.88867 -0.00109249 0.00422285 0.00356162 0.0044975 0.141298 0.00208742 0.0368905 0.00103265 
7 0 2940000 12.4982 0.0888333 -0.00890744 0.027464 3.42073 0.108454 39.7263 3.4343 -0.00167386 0.00359622 0.0054989 0.00405005 0.140379 0.00189163 0.0364813 0.000936426 
7 0 3430000 12.4904 0.0815423 -0.00832399 0.02594 3.48683 0.0903782 42.2058 3.08279 -0.000431559 0.00331694 0.00608212 0.00345415 0.140892 0.00184985 0.0371445 0.000960583 
7 0 3920000 12.4708 0.0763385 -0.0195065 0.0237471 3.53649 0.0969069 43.64 3.61876 -0.00141036 0.00307235 0.00534106 0.00326196 0.14156 0.00179997 0.0376243 0.00103054 
7 0 4410000 12.4575 0.0725024 -0.027273 0.0223237 3.53722 0.0892294 43.6515 3.32024 -0.00043006 0.00288991 0.00432578 0.00301111 0.142012 0.00161925 0.0378071 0.000948834 
7 0 4900000 12.47 0.0676538 -0.0225546 0.0208818 3.56174 0.082961 44.273 3.01292 0.000473103 0.00270113 0.00470333 0.00279897 0.142187 0.00156877 0.0379043 0.000907351 
7 0 5390000 12.4654 0.0637901 -0.0233822 0.0199562 3.54755 0.0767139 43.8296 3.10691 0.000432457 0.00260336 0.00514325 0.00267695 0.142232 0.001663 0.0378462 0.000936443 
7 0 5880000 12.4696 0.0615431 -0.0135348 0.0199562 3.56618 0.0767139 44.4206 3.10691 0.000632588 0.00246339 0.00427352 0.00255744 0.14164 0.001663 0.0375529 0.000936443 
7 0 6370000 12.4816 0.0592067 -0.0118031 0.0197051 3.55763 0.0651353 44.174 2.6081 0.00142803 0.00236455 0.00454759 0.00243015 0.141511 0.00153446 0.0375828 0.000816572 
7 0 6860000 12.503 0.0567894 -0.0106574 0.0197051 3.54955 0.0645869 43.6146 2.6081 0.000978325 0.00225188 0.00353164 0.00232559 0.141652 0.00153446 0.037535 0.000816572 
7 0 7350000 12.506 0.0544953 -0.00669358 0.01754 3.54203 0.0572138 43.1124 2.44203 0.00119008 0.00215494 0.0032164 0.00223508 0.141636 0.00132039 0.0374966 0.000716626 
7 0 7840000 12.5121 0.0529391 -0.0159851 0.01754 3.56063 0.0572138 43.5326 2.44203 0.00184784 0.00209071 0.00269091 0.00217409 0.142381 0.00132039 0.0379273 0.000720164 
7 0 8330000 12.4916 0.0487103 -0.0172738 0.0182618 3.5707 0.056794 43.3037 2.14426 0.00165427 0.00201188 0.00330779 0.00217879 0.142468 0.00139287 0.0379498 0.000748109 
7 0 8820000 12.5093 0.0471077 -0.0116594 0.0182618 3.56107 0.056794 42.8151 2.14426 0.00204911 0.00199796 0.00249236 0.00214032 0.142193 0.00139287 0.0377695 0.000748109 
7 0 9310000 12.4993 0.0462829 -0.0104869 0.0174484 3.57635 0.050764 42.8669 1.94999 0.00191623 0.00195556 0.00298467 0.00208444 0.142234 0.00125759 0.0377923 0.000681357 
7 0 9800000 12.5098 0.0450997 -0.0035141 0.0174484 3.56761 0.050764 42.4819 1.94999 0.00230339 0.00192007 0.00322515 0.00199937 0.141943 0.00125759 0.0375896 0.000681357 
7 0 10290000 12.5159 0.0440436 -0.00389788 0.0169019 3.57037 0.0462087 42.5555 1.77968 0.00225817 0.00186289 0.00297335 0.00195316 0.142122 0.00113685 0.0376407 0.000629847 
7 0 10780000 12.5159 0.0433062 -0.00389788 0.0169019 3.57037 0.0460382 42.5555 1.77968 0.00225817 0.00179816 0.00297335 0.00189591 0.142122 0.00113685 0.0376407 0.000629847 
7 0 11270000 12.5004 0.042911 0.00467355 0.0174036 3.58338 0.0436535 43.0477 1.68455 0.00205816 0.00177293 0.00307896 0.0018444 0.141834 0.00106927 0.0376747 0.000573504 
7 0 11760000 12.5004 0.0421842 0.00467355 0.0174036 3.58338 0.0436535 43.0477 1.68455 0.00205816 0.0017174 0.00307896 0.00180387 0.141834 0.00106927 0.0376747 0.000573504 
7 0 12250000 12.4922 0.0413118 0.0141919 0.0198307 3.58392 0.0403406 43.0636 1.54425 0.00233426 0.00169014 0.00265137 0.00176175 0.141286 0.00111188 0.0374768 0.000558807 
7 0 12740000 12.4922 0.040533 0.0141919 0.0198307 3.58392 0.040019 43.0636 1.54425 0.00233426 0.00165868 0.00265137 0.00172308 0.141286 0.00111188 0.0374768 0.000558807 
7 0 13230000 12.4984 0.0400098 0.00970883 0.0198307 3.57683 0.037616 43.0662 1.42546 0.00180108 0.00162114 0.00258803 0.00168652 0.141465 0.00104075 0.0375225 0.000517681 
7 0 13720000 12.4984 0.0392068 0.00970883 0.0198307 3.57683 0.0375629 43.0662 1.42546 0.00180108 0.00160601 0.00258803 0.00165507 0.141465 0.00104075 0.0375225 0.000517681 
7 0 14210000 12.4919 0.0385252 0.00730124 0.0181555 3.57701 0.0349612 43.0996 1.32404 0.00220863 0.00156656 0.00235154 0.00162167 0.141603 0.000975525 0.0376178 0.000489406 
7 0 14700000 12.4919 0.0379061 0.00730124 0.0181555 3.57701 0.0348802 43.0996 1.32404 0.00220863 0.00153411 0.00235154 0.00163287 0.141603 0.000975525 0.0376178 0.000489406 
7 0 15190000 12.49 0.0372817 0.00893151 0.0181555 3.57613 0.0337514 43.103 1.23577 0.00228382 0.00150266 0.00286163 0.00164125 0.14151 0.000914968 0.0375843 0.000466918 
7 0 15680000 12.49 0.0365768 0.00893151 0.0181555 3.57613 0.0328847 43.103 1.23577 0.00228382 0.00147131 0.00286163 0.00159124 0.14151 0.000914968 0.0375843 0.000457926 
7 0 16170000 12.4886 0.0357011 0.00482698 0.0160538 3.58409 0.0322341 43.1001 1.15854 0.00170427 0.00145039 0.00275289 0.00155492 0.141719 0.000881436 0.0376473 0.000443892 
7 0 16660000 12.4886 0.0350137 0.00482698 0.0160538 3.58409 0.0320815 43.1001 1.15854 0.00170427 0.00142418 0.00275289 0.00160846 0.141719 0.000881436 0.0376473 0.000440655 
7 0 17150000 12.489 0.0346085 0.00345074 0.0160538 3.58845 0.0318664 43.2536 1.10051 0.00180071 0.00141182 0.00339146 0.00156267 0.141965 0.000863105 0.0377142 0.000428645 
7 0 17640000 12.489 0.034104 0.00345074 0.0160538 3.58845 0.0314761 43.2536 1.10051 0.00180071 0.00139269 0.00339146 0.00152241 0.141965 0.000863105 0.0377142 0.000422273 
7 0 18130000 12.4818 0.0334489 0.00704869 0.0144229 3.58246 0.0308477 42.8917 1.09725 0.00163875 0.00137872 0.00307288 0.00149338 0.141722 0.00084864 0.0375811 0.000415042 
7 0 18620000 12.4818 0.0331889 0.00704869 0.0144229 3.58246 0.031121 42.8917 1.09725 0.00163875 0.00135702 0.00307288 0.00147338 0.141722 0.00084864 0.0375811 0.000411131 
7 0 19110000 12.4818 0.0326916 0.00704869 0.0144229 3.58246 0.0308283 42.8917 1.09725 0.00163875 0.00133806 0.00307288 0.00147338 0.141722 0.00084864 0.0375811 0.000411131 
7 0 19600000 12.4845 0.032169 0.00637482 0.0144229 3.5844 0.0305792 43.1431 1.06791 0.00168723 0.00130793 0.00291121 0.0014371 0.141743 0.000804231 0.0376343 0.000394915 
7 0 20090000 12.4845 0.031813 0.00637482 0.0144229 3.5844 0.0300174 43.1431 1.06791 0.00168723 0.00129577 0.00291121 0.00141473 0.141743 0.000804231 0.0376343 0.000392911 
7 0 20580000 12.4773 0.0315367 0.00345768 0.0167725 3.58532 0.0293241 43.2105 1.01664 0.00170784 0.00128078 0.00283856 0.0013855 0.1419 0.000779312 0.0377271 0.000384075 
7 0 21070000 12.4773 0.0311124 0.00345768 0.0167725 3.58532 0.0286495 43.2105 1.01664 0.00170784 0.00126389 0.00283856 0.00135416 0.1419 0.000779312 0.0377271 0.000384075 
7 0 21560000 12.4773 0.0307983 0.00345768 0.0167725 3.58532 0.0279866 43.2105 0.968618 0.00170784 0.00125013 0.00283856 0.00132396 0.1419 0.000742203 0.0377271 0.000365816 
7 0 22050000 12.4773 0.0303367 0.00345768 0.0167725 3.58532 0.0274319 43.2105 0.968618 0.00170784 0.00122897 0.00283856 0.00130086 0.1419 0.000742203 0.0377271 0.000365816 
7 0 22540000 12.4629 0.0297747 0.000474578 0.0167725 3.58952 0.0270869 43.1748 0.926693 0.00143951 0.00121348 0.00246879 0.00127318 0.141923 0.000728644 0.0377102 0.000349386 
7 0 23030000 12.4629 0.0296059 0.000474578 0.0167725 3.58952 0.0267802 43.1748 0.926693 0.00143951 0.00120339 0.00246879 0.00124489 0.141923 0.000728644 0.0377102 0.000349386 
7 0 23520000 12.4629 0.0292561 0.000474578 0.0167725 3.58952 0.0264109 43.1748 0.893505 0.00143951 0.00119416 0.00246879 0.00130054 0.141923 0.000728644 0.0377102 0.000343931 
7 0 24010000 12.4629 0.0289028 0.000474578 0.0167725 3.58952 0.0261633 43.1748 0.893505 0.00143951 0.00118572 0.00246879 0.00131463 0.141923 0.000728644 0.0377102 0.000339062 
7 0 24500000 12.4511 0.0284974 0.00262671 0.0139977 3.58811 0.0258693 43.0973 0.860994 0.0016014 0.00116917 0.00251979 0.00128972 0.142191 0.000675413 0.0377661 0.00033616 
7 0 24990000 12.4511 0.0282587 0.00262671 0.0139977 3.58811 0.0254619 43.0973 0.857062 0.0016014 0.00115434 0.00251979 0.00126356 0.142191 0.000675413 0.0377661 0.00033252 
7 0 25480000 12.4511 0.0279702 0.00262671 0.0139977 3.58811 0.0250629 43.0973 0.836952 0.0016014 0.00114343 0.00251979 0.00124963 0.142191 0.000662581 0.0377661 0.000327747 
7 0 25970000 12.4511 0.0275693 0.00262671 0.0139977 3.58811 0.0246441 43.0973 0.830257 0.0016014 0.00112612 0.00251979 0.00123953 0.142191 0.000662581 0.0377661 0.000324478 
7 0 26460000 12.447 0.0273065 0.00265786 0.0139977 3.58607 0.0241926 43.029 0.812391 0.00137827 0.00111879 0.00266109 0.00121978 0.142253 0.000662581 0.0378242 0.000322089 
7 0 26950000 12.447 0.0272159 0.00265786 0.0139977 3.58607 0.0239354 43.029 0.805825 0.00137827 0.00111347 0.00266109 0.00120574 0.142253 0.000662581 0.0378242 0.000318504 
7 0 27440000 12.447 0.0270811 0.00265786 0.0139977 3.58607 0.0238108 43.029 0.795098 0.00137827 0.00109761 0.00266109 0.00120912 0.142253 0.000662581 0.0378242 0.000314743 
7 0 27930000 12.447 0.0270035 0.00265786 0.0139977 3.58607 0.0234171 43.029 0.786302 0.00137827 0.0010859 0.00266109 0.00120226 0.142253 0.000662581 0.0378242 0.000310922 
7 0 28420000 12.4443 0.0267309 0.00413203 0.0120787 3.59002 0.0232103 43.0524 0.779646 0.00154925 0.00107231 0.00200501 0.00118258 0.142095 0.000595364 0.0377479 0.000308143 
7 0 28910000 12.4443 0.0264324 0.00413203 0.0120787 3.59002 0.022822 43.0524 0.767708 0.00154925 0.00105998 0.00200501 0.00116186 0.142095 0.000592654 0.0377479 0.000305586 
7 0 29400000 12.4443 0.0261335 0.00413203 0.0120787 3.59002 0.0226984 43.0524 0.761192 0.00154925 0.00105126 0.00200501 0.00114185 0.142095 0.000626988 0.0377479 0.000304111 
7 0 29890000 12.4443 0.0258467 0.00413203 0.0120787 3.59002 0.02271 43.0524 0.758107 0.00154925 0.00103819 0.00200501 0.00112584 0.142095 0.000626988 0.0377479 0.000303342 
7 0 30380000 12.4507 0.0256541 0.00224176 0.0120787 3.58494 0.0228589 42.9636 0.756009 0.00129939 0.00103383 0.00204348 0.00111583 0.142358 0.00060609 0.0378476 0.000300841 
7 0 30870000 12.4507 0.0255019 0.00224176 0.0120787 3.58494 0.0226323 42.9636 0.75225 0.00129939 0.00102824 0.00204348 0.00109899 0.142358 0.00060609 0.0378476 0.00029876 
7 0 31360000 12.4507 0.0251942 0.00224176 0.0120787 3.58494 0.0223662 42.9636 0.745414 0.00129939 0.00101739 0.00204348 0.0010865 0.142358 0.00058698 0.0378476 0.000296109 
7 0 31850000 12.4507 0.0248672 0.00224176 0.0120787 3.58494 0.0222819 42.9636 0.743148 0.00129939 0.000996861 0.00204348 0.00107449 0.142358 0.00058698 0.0378476 0.000290035 
7 0 32340000 12.4502 0.0246561 0.00429493 0.0105699 3.58146 0.0219731 42.9646 0.734044 0.00140139 0.000989019 0.00158796 0.00107341 0.142388 0.000572774 0.0378514 0.000287484 
7 0 32830000 12.4502 0.0243516 0.00429493 0.0105699 3.58146 0.0218406 42.9646 0.727264 0.00140139 0.000986416 0.00158796 0.00106634 0.142388 0.000572774 0.0378514 0.000284298 
7 0 33320000 12.4502 0.0241836 0.00429493 0.0105699 3.58146 0.0215273 42.9646 0.716702 0.00140139 0.000981644 0.00158796 0.00105449 0.142388 0.000572774 0.0378514 0.000281763 
7 0 33810000 12.4502 0.0242371 0.00429493 0.0105699 3.58146 0.0212547 42.9646 0.706092 0.00140139 0.000973514 0.00158796 0.00104673 0.142388 0.000572774 0.0378514 0.000278507 
7 0 34300000 12.4563 0.0241261 0.00276654 0.0105699 3.58033 0.0210722 42.8121 0.701152 0.000907903 0.000965718 0.00144739 0.00103195 0.142491 0.000572774 0.0378757 0.000275835 
7 0 34790000 12.4563 0.0240008 0.00276654 0.0105699 3.58033 0.02087 42.8121 0.702934 0.000907903 0.000954992 0.00144739 0.00105682 0.142491 0.000572774 0.0378757 0.000274295 
7 0 35280000 12.4563 0.0237606 0.00276654 0.0105699 3.58033 0.020848 42.8121 0.701128 0.000907903 0.000946731 0.00144739 0.00104607 0.142491 0.000572774 0.0378757 0.000273285 
7 0 35770000 12.4563 0.0236922 0.00276654 0.0105699 3.58033 0.0208296 42.8121 0.69939 0.000907903 0.00094004 0.00144739 0.00105489 0.142491 0.000572774 0.0378757 0.000270775 
7 0 36260000 12.462 0.0235223 0.00367151 0.00941387 3.57813 0.02074 42.879 0.692864 0.000630527 0.00093152 0.000745774 0.00104904 0.142472 0.000534435 0.0378353 0.000269119 
7 0 36750000 12.462 0.0232575 0.00367151 0.00941387 3.57813 0.0204762 42.879 0.684023 0.000630527 0.000924981 0.000745774 0.00104904 0.142472 0.000527698 0.0378353 0.000266472 
7 0 37240000 12.462 0.0230572 0.00367151 0.00941387 3.57813 0.0204938 42.879 0.680694 0.000630527 0.000923309 0.000745774 0.00104904 0.142472 0.000523346 0.0378353 0.000264881 
7 0 37730000 12.462 0.0228064 0.00367151 0.00941387 3.57813 0.0204733 42.879 0.677833 0.000630527 0.000914071 0.000745774 0.00104904 0.142472 0.000519996 0.0378353 0.000263058 
7 0 38220000 12.4651 0.022717 0.00706045 0.00941387 3.57899 0.0203061 42.8443 0.671803 0.000561898 0.000906703 0.000582798 0.00100641 0.142295 0.000515233 0.0377672 0.000260781 
7 0 38710000 12.4651 0.0224911 0.00706045 0.00941387 3.57899 0.0200574 42.8443 0.666459 0.000561898 0.000905462 0.000582798 0.00100641 0.142295 0.000515233 0.0377672 0.000257727 
7 0 39200000 12.4651 0.0225967 0.00706045 0.00941387 3.57899 0.0198355 42.8443 0.658564 0.000561898 0.000902818 0.000582798 0.00100641 0.142295 0.000515233 0.0377672 0.000255265 
7 0 39690000 12.4651 0.0225741 0.00706045 0.00941387 3.57899 0.0198264 42.8443 0.657081 0.000561898 0.000895474 0.000582798 0.00100641 0.142295 0.000515233 0.0377672 0.00025307 
7 0 40180000 12.4651 0.0225341 0.00706045 0.00941387 3.57899 0.0197025 42.8443 0.658953 0.000561898 0.00088828 0.000582798 0.00100641 0.142295 0.000515233 0.0377672 0.000253297 
7 0 40670000 12.4664 0.0233987 0.00822307 0.00950936 3.57348 0.0195686 42.7804 0.654632 0.000617031 0.000882103 0.000745862 0.00101083 0.142239 0.000513803 0.0377084 0.000251023 
7 0 41160000 12.4664 0.0233987 0.00822307 0.00950936 3.57348 0.0193561 42.7804 0.649566 0.000617031 0.000876112 0.000745862 0.00101083 0.142239 0.000513803 0.0377084 0.000249554 
7 0 41650000 12.4664 0.0233987 0.00822307 0.00950936 3.57348 0.0193781 42.7804 0.648716 0.000617031 0.000873023 0.000745862 0.00101083 0.142239 0.000513803 0.0377084 0.000246947 
7 0 42140000 12.4664 0.0233987 0.00822307 0.00950936 3.57348 0.0192333 42.7804 0.64204 0.000617031 0.000870405 0.000745862 0.00101083 0.142239 0.000513803 0.0377084 0.000245446 
7 0 42630000 12.4664 0.0233987 0.00822307 0.00950936 3.57348 0.0190111 42.7804 0.634634 0.000617031 0.000867081 0.000745862 0.00101083 0.142239 0.000513803 0.0377084 0.000244479 
7 0 43120000 12.4664 0.0233987 0.00822307 0.00950936 3.57348 0.0189175 42.7804 0.63022 0.000617031 0.000867948 0.000745862 0.00101083 0.142239 0.000513803 0.0377084 0.000243622 
7 0 43610000 12.4664 0.0233987 0.00822307 0.00950936 3.57348 0.0188816 42.7804 0.62581 0.000617031 0.000858629 0.000745862 0.00101083 0.142239 0.000513803 0.0377084 0.000242329 
7 0 44100000 12.4664 0.0233987 0.00822307 0.00950936 3.57348 0.0186846 42.7804 0.619285 0.000617031 0.000867664 0.000745862 0.00101083 0.142239 0.000513803 0.0377084 0.000239968 
7 0 44590000 12.4626 0.0233987 0.00516421 0.00912359 3.57682 0.0186235 42.8421 0.619104 0.000354375 0.000860147 0.000732244 0.00101083 0.142565 0.000561139 0.0378199 0.000238292 
7 0 45080000 12.4626 0.0233987 0.00516421 0.00912359 3.57682 0.018508 42.8421 0.618294 0.000354375 0.000856529 0.000732244 0.00101083 0.142565 0.000561139 0.0378199 0.000236607 
7 0 45570000 12.4626 0.0233987 0.00516421 0.00912359 3.57682 0.0184898 42.8421 0.617138 0.000354375 0.000854456 0.000732244 0.00101083 0.142565 0.000561139 0.0378199 0.000234883 
7 0 46060000 12.4626 0.0233987 0.00516421 0.00912359 3.57682 0.0185736 42.8421 0.61932 0.000354375 0.000850175 0.000732244 0.00101083 0.142565 0.000561139 0.0378199 0.000234277 
7 0 46550000 12.4626 0.0233987 0.00516421 0.00912359 3.57682 0.018461 42.8421 0.614252 0.000354375 0.000855215 0.000732244 0.00101083 0.142565 0.000561139 0.0378199 0.000231752 
7 0 47040000 12.4626 0.0233987 0.00516421 0.00912359 3.57682 0.0183034 42.8421 0.608992 0.000354375 0.000850741 0.000732244 0.00101083 0.142565 0.000561139 0.0378199 0.000229823 
7 0 47530000 12.4626 0.0233987 0.00516421 0.00912359 3.57682 0.0181327 42.8421 0.60368 0.000354375 0.000847289 0.000732244 0.00101083 0.142565 0.000561139 0.0378199 0.000229618 
7 0 48020000 12.4626 0.0233987 0.00516421 0.00912359 3.57682 0.0180332 42.8421 0.601102 0.000354375 0.000845884 0.000732244 0.00101083 0.142565 0.000561139 0.0378199 0.000227753 
7 0 48510000 12.4697 0.0209124 0.00623092 0.00842542 3.57074 0.0178966 42.6131 0.597793 0.000269795 0.000843055 0.00047765 0.000877217 0.142534 0.000515237 0.0377362 0.000226201 
7 0 49000000 12.4697 0.0207759 0.00623092 0.00842542 3.57074 0.0177829 42.6131 0.596828 0.000269795 0.00083667 0.00047765 0.000877217 0.142534 0.000515237 0.0377362 0.00022498 
7 0 49490000 12.4697 0.0206642 0.00623092 0.00842542 3.57074 0.0176598 42.6131 0.592287 0.000269795 0.000835482 0.00047765 0.000877217 0.142534 0.000515237 0.0377362 0.000223341 
7 0 49980000 12.4697 0.0205998 0.00623092 0.00842542 3.57074 0.0176037 42.6131 0.587908 0.000269795 0.000828456 0.00047765 0.000877217 0.142534 0.000515237 0.0377362 0.000221665 
7 0 50470000 12.4697 0.0205023 0.00623092 0.00842542 3.57074 0.0175806 42.6131 0.59124 0.000269795 0.000825296 0.00047765 0.000877217 0.142534 0.000515237 0.0377362 0.000220045 
7 0 50960000 12.4697 0.020532 0.00623092 0.00842542 3.57074 0.017423 42.6131 0.587687 0.000269795 0.000831189 0.00047765 0.000877217 0.142534 0.000515237 0.0377362 0.000219154 
7 0 51450000 12.4697 0.020523 0.00623092 0.00842542 3.57074 0.0173052 42.6131 0.587434 0.000269795 0.000828212 0.00047765 0.000877217 0.142534 0.000515237 0.0377362 0.000218035 
7 0 51940000 12.4697 0.0204416 0.00623092 0.00842542 3.57074 0.017227 42.6131 0.585283 0.000269795 0.000824031 0.00047765 0.000877217 0.142534 0.000515237 0.0377362 0.000216111 
7 0 52430000 12.4688 0.0203719 0.0059377 0.00778241 3.57555 0.0172252 42.7862 0.580948 0.000789205 0.000820571 5.42407e-07 0.000900947 0.142568 0.000476754 0.0377691 0.000215387 
7 0 52920000 12.4688 0.0203608 0.0059377 0.00778241 3.57555 0.0171028 42.7862 0.575571 0.000789205 0.000814501 5.42407e-07 0.000900947 0.142568 0.000476754 0.0377691 0.000214048 
7 0 53410000 12.4688 0.0202388 0.0059377 0.00778241 3.57555 0.017051 42.7862 0.571549 0.000789205 0.00080823 5.42407e-07 0.000900947 0.142568 0.000476754 0.0377691 0.000212865 
7 0 53900000 12.4688 0.0201351 0.0059377 0.00778241 3.57555 0.017035 42.7862 0.572385 0.000789205 0.000806033 5.42407e-07 0.000900947 0.142568 0.000476754 0.0377691 0.000211276 
7 0 54390000 12.4688 0.0199974 0.0059377 0.00778241 3.57555 0.0168847 42.7862 0.567523 0.000789205 0.000806033 5.42407e-07 0.000877217 0.142568 0.000476754 0.0377691 0.000210631 
7 0 54880000 12.4688 0.0198514 0.0059377 0.00778241 3.57555 0.0168623 42.7862 0.566567 0.000789205 0.000806033 5.42407e-07 0.000877217 0.142568 0.000476754 0.0377691 0.000210108 
7 0 55370000 12.4688 0.0197314 0.0059377 0.00778241 3.57555 0.016713 42.7862 0.561543 0.000789205 0.000806033 5.42407e-07 0.000877217 0.142568 0.000476754 0.0377691 0.000208947 
7 0 55860000 12.4688 0.0197314 0.0059377 0.00778241 3.57555 0.0165943 42.7862 0.559322 0.000789205 0.000806033 5.42407e-07 0.000877217 0.142568 0.000476754 0.0377691 0.000208044 
7 0 56350000 12.4747 0.0194992 0.00463287 0.0073351 3.57971 0.0164481 42.7228 0.555781 0.000733651 0.000789292 -6.34563e-05 0.000903505 0.142593 0.000443326 0.0377657 0.000206863 
7 0 56840000 12.4747 0.01939 0.00463287 0.0073351 3.57971 0.0164706 42.7228 0.553643 0.000733651 0.000783473 -6.34563e-05 0.000903505 0.142593 0.000443326 0.0377657 0.000206846 
7 0 57330000 12.4747 0.0192881 0.00463287 0.0073351 3.57971 0.0163301 42.7228 0.54988 0.000733651 0.000778138 -6.34563e-05 0.000903505 0.142593 0.000443326 0.0377657 0.000205805 
7 0 57820000 12.4747 0.0191518 0.00463287 0.0073351 3.57971 0.0161994 42.7228 0.545147 0.000733651 0.000773591 -6.34563e-05 0.000903505 0.142593 0.000443326 0.0377657 0.000204351 
7 0 58310000 12.4747 0.0190246 0.00463287 0.0073351 3.57971 0.0161473 42.7228 0.542802 0.000733651 0.000768095 -6.34563e-05 0.000903505 0.142593 0.000443326 0.0377657 0.000203759 
7 0 58800000 12.4747 0.018924 0.00463287 0.0073351 3.57971 0.016099 42.7228 0.539416 0.000733651 0.000763649 -6.34563e-05 0.000903505 0.142593 0.000443326 0.0377657 0.000203114 
7 0 59290000 12.4747 0.0188183 0.00463287 0.0073351 3.57971 0.0159933 42.7228 0.537613 0.000733651 0.000764371 -6.34563e-05 0.000903505 0.142593 0.000443326 0.0377657 0.000201832 
7 0 59780000 12.4747 0.0187066 0.00463287 0.0073351 3.57971 0.0158912 42.7228 0.533442 0.000733651 0.000760542 -6.34563e-05 0.000903505 0.142593 0.000443326 0.0377657 0.000200854 
7 0 60270000 12.4781 0.0185701 0.00441672 0.00684927 3.58131 0.0159328 42.6915 0.533738 0.000738474 0.000759916 -0.000184168 0.000903505 0.142618 0.000414501 0.0377775 0.000200256 
7 0 60760000 12.4781 0.0185159 0.00441672 0.00684927 3.58131 0.0159162 42.6915 0.53394 0.000738474 0.000758536 -0.000184168 0.000903505 0.142618 0.000414501 0.0377775 0.000199215 
7 0 61250000 12.4781 0.018397 0.00441672 0.00684927 3.58131 0.0158129 42.6915 0.529852 0.000738474 0.000755349 -0.000184168 0.000903505 0.142618 0.000414501 0.0377775 0.000198161 
7 0 61740000 12.4781 0.0183079 0.00441672 0.00684927 3.58131 0.0157795 42.6915 0.52745 0.000738474 0.000751687 -0.000184168 0.000903505 0.142618 0.000414501 0.0377775 0.000197351 
7 0 62230000 12.4781 0.0181903 0.00441672 0.00684927 3.58131 0.0157116 42.6915 0.528807 0.000738474 0.000749303 -0.000184168 0.000903505 0.142618 0.000414501 0.0377775 0.000196185 
7 0 62720000 12.4781 0.0181062 0.00441672 0.00684927 3.58131 0.0155877 42.6915 0.525113 0.000738474 0.00074484 -0.000184168 0.000903505 0.142618 0.000414501 0.0377775 0.000194917 
7 0 63210000 12.4781 0.0182189 0.00441672 0.00684927 3.58131 0.0154966 42.6915 0.522518 0.000738474 0.000740621 -0.000184168 0.000903505 0.142618 0.000414501 0.0377775 0.000189159 
7 0 63700000 12.4781 0.0181167 0.00441672 0.00684927 3.58131 0.0154969 42.6915 0.520835 0.000738474 0.000736622 -0.000184168 0.000903505 0.142618 0.000414501 0.0377775 0.000188228 
7 0 64190000 12.4781 0.0180448 0.00441672 0.00684927 3.58131 0.0154204 42.6915 0.52263 0.000738474 0.00073524 -0.000184168 0.000903505 0.142618 0.000414501 0.0377775 0.000188295 
7 0 64680000 12.485 0.0181282 0.00406845 0.00643004 3.57761 0.0153018 42.6034 0.519524 0.000860644 0.000732018 -0.0002326 0.000806244 0.142672 0.000392004 0.0377784 0.000186954 
7 0 65170000 12.485 0.0181282 0.00406845 0.00643004 3.57761 0.0152701 42.6034 0.516425 0.000860644 0.000728521 -0.0002326 0.000806244 0.142672 0.000392004 0.0377784 0.000185838 
7 0 65660000 12.485 0.0181282 0.00406845 0.00643004 3.57761 0.0152476 42.6034 0.51408 0.000860644 0.000725669 -0.0002326 0.000806244 0.142672 0.000392004 0.0377784 0.0001848 
7 0 66150000 12.485 0.0181282 0.00406845 0.00643004 3.57761 0.0151424 42.6034 0.510424 0.000860644 0.000722186 -0.0002326 0.000806244 0.142672 0.000392004 0.0377784 0.000184068 
7 0 66640000 12.485 0.0181282 0.00406845 0.00643004 3.57761 0.0151608 42.6034 0.508874 0.000860644 0.000718361 -0.0002326 0.000806244 0.142672 0.000392004 0.0377784 0.00018493 
7 0 67130000 12.485 0.0181282 0.00406845 0.00643004 3.57761 0.0151118 42.6034 0.50698 0.000860644 0.000717238 -0.0002326 0.000806244 0.142672 0.000392004 0.0377784 0.000185182 
7 0 67620000 12.485 0.0181282 0.00406845 0.00643004 3.57761 0.0150159 42.6034 0.504156 0.000860644 0.000716124 -0.0002326 0.000806244 0.142672 0.000392004 0.0377784 0.000184385 
7 0 68110000 12.485 0.0181282 0.00406845 0.00643004 3.57761 0.0149362 42.6034 0.507695 0.000860644 0.000715062 -0.0002326 0.000806244 0.142672 0.000392004 0.0377784 0.000183544 
7 0 68600000 12.4803 0.0181282 0.00276918 0.00618168 3.57728 0.0149801 42.6456 0.507842 0.000978166 0.000711399 -0.000209149 0.000806244 0.142705 0.000370378 0.037793 0.000183271 
7 0 69090000 12.4803 0.0181282 0.00276918 0.00618168 3.57728 0.0148771 42.6456 0.504437 0.000978166 0.000707936 -0.000209149 0.000806244 0.142705 0.000370378 0.037793 0.000182212 
7 0 69580000 12.4803 0.0181282 0.00276918 0.00618168 3.57728 0.0147852 42.6456 0.500999 0.000978166 0.000704376 -0.000209149 0.000806244 0.142705 0.000370378 0.037793 0.000181543 
7 0 70070000 12.4803 0.0181282 0.00276918 0.00618168 3.57728 0.0146865 42.6456 0.498606 0.000978166 0.000704295 -0.000209149 0.000806244 0.142705 0.000370378 0.037793 0.000182195 
7 0 70560000 12.4803 0.0181282 0.00276918 0.00618168 3.57728 0.0145848 42.6456 0.496253 0.000978166 0.000699805 -0.000209149 0.000806244 0.142705 0.000370378 0.037793 0.00018138 
7 0 71050000 12.4803 0.0181282 0.00276918 0.00618168 3.57728 0.0144944 42.6456 0.493139 0.000978166 0.00069757 -0.000209149 0.000806244 0.142705 0.000370378 0.037793 0.000180652 
7 0 71540000 12.4803 0.0181282 0.00276918 0.00618168 3.57728 0.0144781 42.6456 0.492294 0.000978166 0.00069448 -0.000209149 0.000806244 0.142705 0.000370378 0.037793 0.000181428 
7 0 72030000 12.4803 0.0181282 0.00276918 0.00618168 3.57728 0.0144509 42.6456 0.490119 0.000978166 0.000692322 -0.000209149 0.000806244 0.142705 0.000370378 0.037793 0.000181362 
7 0 72520000 12.4784 0.0172571 0.00265735 0.00583926 3.57596 0.0143965 42.6474 0.488327 0.000767158 0.000689091 -0.000146646 0.000734079 0.142788 0.000358972 0.0378389 0.000180511 
7 0 73010000 12.4784 0.0172571 0.00265735 0.00583926 3.57596 0.0143354 42.6474 0.486298 0.000767158 0.00069091 -0.000146646 0.000734079 0.142788 0.000358972 0.0378389 0.000179515 
7 0 73500000 12.4784 0.0172571 0.00265735 0.00583926 3.57596 0.0142664 42.6474 0.483163 0.000767158 0.000690252 -0.000146646 0.000734079 0.142788 0.000358972 0.0378389 0.00017886 
7 0 73990000 12.4784 0.0172571 0.00265735 0.00583926 3.57596 0.0141869 42.6474 0.481053 0.000767158 0.000688591 -0.000146646 0.000734079 0.142788 0.000358972 0.0378389 0.000177942 
7 0 74480000 12.4784 0.0172571 0.00265735 0.00583926 3.57596 0.0141018 42.6474 0.478112 0.000767158 0.000685709 -0.000146646 0.000792869 0.142788 0.000358972 0.0378389 0.000178278 
7 0 74970000 12.4784 0.0172571 0.00265735 0.00583926 3.57596 0.0141413 42.6474 0.478904 0.000767158 0.000681247 -0.000146646 0.000792869 0.142788 0.000358972 0.0378389 0.000177512 
7 0 75460000 12.4784 0.0172571 0.00265735 0.00583926 3.57596 0.0141036 42.6474 0.47692 0.000767158 0.000678247 -0.000146646 0.000792869 0.142788 0.000358972 0.0378389 0.000176634 
7 0 75950000 12.4784 0.0172571 0.00265735 0.00583926 3.57596 0.0140111 42.6474 0.473852 0.000767158 0.000674292 -0.000146646 0.000792869 0.142788 0.000358972 0.0378389 0.000175852 
7 0 76440000 12.475 0.0172571 0.0025948 0.00553227 3.56927 0.0139548 42.4573 0.471527 0.000451436 0.000676921 -0.000589242 0.00077751 0.142673 0.000358088 0.0377608 0.000175242 
7 0 76930000 12.475 0.0172571 0.0025948 0.00553227 3.56927 0.0138836 42.4573 0.468587 0.000451436 0.000676921 -0.000589242 0.00077751 0.142673 0.000358088 0.0377608 0.000175146 
7 0 77420000 12.475 0.0172571 0.0025948 0.00553227 3.56927 0.0138042 42.4573 0.466134 0.000451436 0.000676921 -0.000589242 0.00077751 0.142673 0.000358088 0.0377608 0.000174505 
7 0 77910000 12.475 0.0172571 0.0025948 0.00553227 3.56927 0.0137412 42.4573 0.463506 0.000451436 0.000676921 -0.000589242 0.00077751 0.142673 0.000358088 0.0377608 0.000174384 
7 0 78400000 12.475 0.0172571 0.0025948 0.00553227 3.56927 0.0136593 42.4573 0.461101 0.000451436 0.000676921 -0.000589242 0.000757996 0.142673 0.000358088 0.0377608 0.00017433 
7 0 78890000 12.475 0.0172571 0.0025948 0.00553227 3.56927 0.0135918 42.4573 0.45904 0.000451436 0.000676921 -0.000589242 0.000757996 0.142673 0.000358088 0.0377608 0.000173373 
7 0 79380000 12.475 0.0172571 0.0025948 0.00553227 3.56927 0.0135308 42.4573 0.457117 0.000451436 0.000676921 -0.000589242 0.000757996 0.142673 0.000358088 0.0377608 0.000172955 
7 0 79870000 12.475 0.0172571 0.0025948 0.00553227 3.56927 0.01345 42.4573 0.454992 0.000451436 0.000676921 -0.000589242 0.000757996 0.142673 0.000358088 0.0377608 0.000172094 
7 0 80360000 12.4721 0.0213245 0.00439285 0.00554015 3.56815 0.0133708 42.4505 0.452179 0.000388639 0.000812687 -0.000815873 0.000958509 0.142507 0.000381863 0.0376841 0.000180413 
7 0 80850000 12.4721 0.0213245 0.00439285 0.00554015 3.56815 0.0133109 42.4505 0.449868 0.000388639 0.000812687 -0.000815873 0.000958509 0.142507 0.000381863 0.0376841 0.000180413 
7 0 81340000 12.4721 0.0213245 0.00439285 0.00554015 3.56815 0.0132425 42.4505 0.447486 0.000388639 0.000812687 -0.000815873 0.000958509 0.142507 0.000381863 0.0376841 0.000180413 
7 0 81830000 12.4721 0.0213245 0.00439285 0.00554015 3.56815 0.0132225 42.4505 0.447261 0.000388639 0.000812687 -0.000815873 0.000958509 0.142507 0.000381863 0.0376841 0.000180413 
7 0 82320000 12.4721 0.0213245 0.00439285 0.00554015 3.56815 0.0132019 42.4505 0.446134 0.000388639 0.000812687 -0.000815873 0.000958509 0.142507 0.000381863 0.0376841 0.000180413 
7 0 82810000 12.4721 0.0213245 0.00439285 0.00554015 3.56815 0.0132092 42.4505 0.445214 0.000388639 0.000812687 -0.000815873 0.000958509 0.142507 0.000381863 0.0376841 0.000180413 
7 0 83300000 12.4721 0.0213245 0.00439285 0.00554015 3.56815 0.0131481 42.4505 0.443844 0.000388639 0.000812687 -0.000815873 0.000958509 0.142507 0.000381863 0.0376841 0.000180413 
7 0 83790000 12.4721 0.0213245 0.00439285 0.00554015 3.56815 0.0130967 42.4505 0.442445 0.000388639 0.000812687 -0.000815873 0.000958509 0.142507 0.000381863 0.0376841 0.000180413 
7 0 84280000 12.4721 0.0213245 0.00439285 0.00554015 3.56815 0.0130761 42.4505 0.439914 0.000388639 0.000812687 -0.000815873 0.000958509 0.142507 0.000381863 0.0376841 0.000180413 
7 0 84770000 12.4721 0.0213245 0.00439285 0.00554957 3.56815 0.0131206 42.4505 0.445739 0.000388639 0.000812687 -0.000815873 0.000958509 0.142507 0.000381863 0.0376841 0.000180413 
7 0 85260000 12.4721 0.0213245 0.00439285 0.00554957 3.56815 0.0130599 42.4505 0.443206 0.000388639 0.000812687 -0.000815873 0.000958509 0.142507 0.000381863 0.0376841 0.000180413 
7 0 85750000 12.4721 0.0213245 0.00439285 0.00554957 3.56815 0.0129973 42.4505 0.441457 0.000388639 0.000812687 -0.000815873 0.000958509 0.142507 0.000381863 0.0376841 0.000180413 
7 0 86240000 12.4721 0.0213245 0.00439285 0.00554957 3.56815 0.0129307 42.4505 0.439882 0.000388639 0.000812687 -0.000815873 0.000958509 0.142507 0.000381863 0.0376841 0.000180413 
7 0 86730000 12.4721 0.0213245 0.00439285 0.00554957 3.56815 0.0129622 42.4505 0.441543 0.000388639 0.000812687 -0.000815873 0.000958509 0.142507 0.000381863 0.0376841 0.000180413 
7 0 87220000 12.4721 0.0213245 0.00439285 0.00554957 3.56815 0.0128953 42.4505 0.439009 0.000388639 0.000812687 -0.000815873 0.000958509 0.142507 0.000381863 0.0376841 0.000180413 
7 0 87710000 12.4721 0.0213245 0.00439285 0.00554957 3.56815 0.0128817 42.4505 0.43772 0.000388639 0.000812687 -0.000815873 0.000958509 0.142507 0.000381863 0.0376841 0.000180413 
7 0 88200000 12.4721 0.0213245 0.00439285 0.00554957 3.56815 0.0128308 42.4505 0.436563 0.000388639 0.000812687 -0.000815873 0.000958509 0.142507 0.000381863 0.0376841 0.000180413 
7 0 88690000 12.4687 0.0213245 0.0041428 0.00549953 3.56898 0.0127818 42.525 0.434841 0.000168862 0.000812687 -0.000744149 0.000958509 0.142452 0.000350976 0.0376601 0.000165592 
7 0 89180000 12.4687 0.0213245 0.0041428 0.00549953 3.56898 0.0128392 42.525 0.436177 0.000168862 0.000812687 -0.000744149 0.000958509 0.142452 0.000350976 0.0376601 0.000165592 
7 0 89670000 12.4687 0.0213245 0.0041428 0.00549953 3.56898 0.0128228 42.525 0.434745 0.000168862 0.000812687 -0.000744149 0.000958509 0.142452 0.000350976 0.0376601 0.000165592 
7 0 90160000 12.4687 0.0213245 0.0041428 0.00549953 3.56898 0.0127567 42.525 0.432437 0.000168862 0.000812687 -0.000744149 0.000958509 0.142452 0.000350976 0.0376601 0.000165592 
7 0 90650000 12.4687 0.0213245 0.0041428 0.00549953 3.56898 0.012723 42.525 0.431534 0.000168862 0.000812687 -0.000744149 0.000958509 0.142452 0.000350976 0.0376601 0.000165592 
7 0 91140000 12.4687 0.0213245 0.0041428 0.00549953 3.56898 0.0127085 42.525 0.430408 0.000168862 0.000812687 -0.000744149 0.000958509 0.142452 0.000350976 0.0376601 0.000165592 
7 0 91630000 12.4687 0.0213245 0.0041428 0.00549953 3.56898 0.0126641 42.525 0.429636 0.000168862 0.000812687 -0.000744149 0.000958509 0.142452 0.000350976 0.0376601 0.000165592 
7 0 92120000 12.4687 0.0213245 0.0041428 0.00549953 3.56898 0.0126409 42.525 0.429288 0.000168862 0.000812687 -0.000744149 0.000958509 0.142452 0.000350976 0.0376601 0.000165592 
7 0 92610000 12.4687 0.0213245 0.0041428 0.00528217 3.56898 0.0125938 42.525 0.428028 0.000168862 0.000812687 -0.000744149 0.000958509 0.142452 0.000350976 0.0376601 0.000165592 
7 0 93100000 12.4687 0.0213245 0.0041428 0.00528217 3.56898 0.0125731 42.525 0.427562 0.000168862 0.000812687 -0.000744149 0.000958509 0.142452 0.000350976 0.0376601 0.000165592 
7 0 93590000 12.4687 0.0213245 0.0041428 0.00528217 3.56898 0.0125692 42.525 0.425658 0.000168862 0.000812687 -0.000744149 0.000958509 0.142452 0.000350976 0.0376601 0.000165592 
7 0 94080000 12.4687 0.0213245 0.0041428 0.00528217 3.56898 0.0125232 42.525 0.423491 0.000168862 0.000812687 -0.000744149 0.000958509 0.142452 0.000350976 0.0376601 0.000165592 
7 0 94570000 12.4687 0.0213245 0.0041428 0.00528217 3.56898 0.012511 42.525 0.424208 0.000168862 0.000812687 -0.000744149 0.000958509 0.142452 0.000350976 0.0376601 0.000165592 
7 0 95060000 12.4687 0.0213245 0.0041428 0.00528217 3.56898 0.0124598 42.525 0.422466 0.000168862 0.000812687 -0.000744149 0.000958509 0.142452 0.000350976 0.0376601 0.000165592 
7 0 95550000 12.4687 0.0213245 0.0041428 0.00528217 3.56898 0.0124202 42.525 0.420366 0.000168862 0.000812687 -0.000744149 0.000958509 0.142452 0.000350976 0.0376601 0.000165592 
7 0 96040000 12.4687 0.0213245 0.0041428 0.00528217 3.56898 0.0123804 42.525 0.419748 0.000168862 0.000812687 -0.000744149 0.000958509 0.142452 0.000350976 0.0376601 0.000165592 
7 0 96530000 12.478 0.0185697 0.00407639 0.00509126 3.56577 0.012345 42.4288 0.417819 0.000132021 0.00071661 -0.000775672 0.0007996 0.142479 0.0003227 0.0376653 0.00016002 
7 0 97020000 12.478 0.0185697 0.00407639 0.00509126 3.56577 0.0122975 42.4288 0.416309 0.000132021 0.00071661 -0.000775672 0.0007996 0.142479 0.0003227 0.0376653 0.000159597 
7 0 97510000 12.478 0.0185697 0.00407639 0.00509126 3.56577 0.0122667 42.4288 0.414165 0.000132021 0.00071661 -0.000775672 0.0007996 0.142479 0.0003227 0.0376653 0.000159069 
7 0 98000000 12.478 0.0185697 0.00407639 0.00509126 3.56577 0.0122384 42.4288 0.414089 0.000132021 0.00071661 -0.000775672 0.0007996 0.142479 0.0003227 0.0376653 0.000159249 
7 0 98490000 12.478 0.0185697 0.00407639 0.00509126 3.56577 0.0122003 42.4288 0.412269 0.000132021 0.00071661 -0.000775672 0.0007996 0.142479 0.0003227 0.0376653 0.000158979 
7 0 98980000 12.478 0.0185697 0.00407639 0.00509126 3.56577 0.0121501 42.4288 0.410442 0.000132021 0.00071661 -0.000775672 0.0007996 0.142479 0.0003227 0.0376653 0.000158265 
7 0 99470000 12.478 0.0185697 0.00407639 0.00509126 3.56577 0.0121271 42.4288 0.408744 0.000132021 0.00071661 -0.000775672 0.0007996 0.142479 0.0003227 0.0376653 0.000157669 
7 0 99960000 12.478 0.0185697 0.00407639 0.00509126 3.56577 0.0120789 42.4288 0.40733 0.000132021 0.00071661 -0.000775672 0.0007996 0.142479 0.0003227 0.0376653 0.000157258 
