L J MC_steps R2 R2_std E E_std E2 E2_std E4 E4_std Sin1 Sin1_std Cos1 Cos1_std Mag2 Mag2_std Mag4 Mag4_std
7 0.25 490000 12.2589 0.218436 -0.883443 0.0850065 5.53025 0.322745 114.565 14.9445 -0.00600549 0.0134733 0.00144357 0.0104612 0.191978 0.00571485 0.0657697 0.0038228 
7 0.25 980000 12.442 0.151345 -0.929786 0.0521132 5.60556 0.218082 116.713 10.1842 0.00409409 0.0094781 0.00130361 0.00700025 0.195595 0.00537776 0.0677531 0.00280671 
7 0.25 1470000 12.446 0.118417 -0.981603 0.0406815 5.62208 0.177549 117.926 8.36659 0.00399939 0.00871828 0.000580525 0.00557049 0.19817 0.00362329 0.068884 0.00215016 
7 0.25 1960000 12.4099 0.106996 -0.979255 0.0350823 5.62215 0.148911 114.466 6.965 0.00314349 0.00685527 -0.00104759 0.00485899 0.196788 0.00306187 0.0674319 0.00180058 
7 0.25 2450000 12.3232 0.0973405 -1.01808 0.0390956 5.81207 0.15448 124.629 7.9002 0.00312487 0.00549196 0.000645381 0.0044393 0.199653 0.00266936 0.0696771 0.00181939 
7 0.25 2940000 12.3097 0.0938011 -1.01634 0.0431796 5.76542 0.172364 120.642 8.52172 0.00144279 0.00474628 0.000182143 0.00397488 0.200255 0.00284747 0.070023 0.00218949 
7 0.25 3430000 12.3684 0.0839246 -1.02061 0.0360003 5.77342 0.144272 121.309 7.40272 0.00166298 0.00467443 0.00219782 0.00385879 0.200936 0.00262931 0.0705006 0.00199278 
7 0.25 3920000 12.3299 0.0773821 -1.02362 0.0310409 5.76501 0.126313 120.463 6.34743 0.00115501 0.00425381 0.00437167 0.00374487 0.201564 0.00225997 0.0707612 0.00171007 
7 0.25 4410000 12.3612 0.0742102 -1.01871 0.0271866 5.69824 0.111929 118.135 5.60414 0.00173289 0.00411493 0.00333576 0.00348161 0.200279 0.00197791 0.0699923 0.001498 
7 0.25 4900000 12.3442 0.071117 -1.01741 0.0241877 5.64838 0.116038 115.49 6.18445 0.00259047 0.00377523 0.0023547 0.00319581 0.20016 0.00186938 0.0696623 0.00147349 
7 0.25 5390000 12.3645 0.0681939 -1.01912 0.0228494 5.66675 0.109947 116.568 5.56851 0.00269572 0.00359319 0.000128363 0.00355409 0.200336 0.00213815 0.0698596 0.00158766 
7 0.25 5880000 12.3825 0.0651848 -1.01892 0.0228494 5.67008 0.109947 116.162 5.07704 0.00292219 0.00341798 -0.000864726 0.00330533 0.200649 0.00213815 0.0699934 0.00158766 
7 0.25 6370000 12.3757 0.0611456 -1.01392 0.0196248 5.64602 0.0935571 115.659 4.67877 0.00384398 0.00326625 -0.00239787 0.00321451 0.200731 0.00181789 0.0699306 0.00132464 
7 0.25 6860000 12.3884 0.0578696 -1.01365 0.0196248 5.64177 0.0935571 115.236 4.33793 0.00359389 0.0030707 -0.00187709 0.00313108 0.200609 0.00181789 0.0698361 0.00132464 
7 0.25 7350000 12.3927 0.0549121 -1.0203 0.0178287 5.64728 0.0802004 115.046 4.03224 0.00381997 0.00300171 -0.00162908 0.00290106 0.2008 0.00155951 0.0699029 0.0011357 
7 0.25 7840000 12.3734 0.0551986 -1.02021 0.0178287 5.64373 0.0802004 114.468 3.80473 0.00402119 0.0029258 -0.00141708 0.00277837 0.201012 0.00155951 0.0699773 0.0011357 
7 0.25 8330000 12.3654 0.0537397 -1.02544 0.0163232 5.64767 0.0701763 115.126 3.62341 0.00306087 0.00279472 -0.00153235 0.00271589 0.201319 0.00144834 0.0701132 0.00101302 
7 0.25 8820000 12.3545 0.0531797 -1.01831 0.0165454 5.63968 0.0701763 115.05 3.41107 0.0026541 0.00268798 -0.000698253 0.00265852 0.201075 0.00144834 0.0699957 0.00101302 
7 0.25 9310000 12.3707 0.0510973 -1.01589 0.0170721 5.64307 0.0629402 115.3 3.23074 0.00311644 0.00257276 -0.00106052 0.00255941 0.201046 0.00138244 0.0700519 0.000902311 
7 0.25 9800000 12.3689 0.0489643 -1.01273 0.0170721 5.65133 0.0625291 115.892 3.11436 0.0028673 0.00246594 -0.00144835 0.00246308 0.201064 0.0013453 0.0701918 0.000902311 
7 0.25 10290000 12.384 0.0481103 -1.02037 0.0165626 5.67081 0.0621238 116.283 3.09496 0.00200906 0.0023848 -0.000958353 0.00263226 0.201545 0.00131417 0.0704457 0.000957979 
7 0.25 10780000 12.384 0.0468276 -1.02037 0.0162472 5.67081 0.0621238 116.283 3.09496 0.00200906 0.00234567 -0.000958353 0.00263226 0.201545 0.0012952 0.0704457 0.000957979 
7 0.25 11270000 12.3786 0.0452514 -1.01667 0.0155657 5.65167 0.0598935 115.474 3.09496 0.00265981 0.0022956 -0.00165237 0.00263226 0.201206 0.0012952 0.0701154 0.000957979 
7 0.25 11760000 12.3786 0.0443584 -1.01667 0.0155657 5.65167 0.0598935 115.474 3.09496 0.00265981 0.0022956 -0.00165237 0.00263226 0.201206 0.0012952 0.0701154 0.000957979 
7 0.25 12250000 12.3833 0.043036 -1.02095 0.0148257 5.68631 0.0637128 117.095 2.80436 0.00295713 0.00217009 -0.00183035 0.00233351 0.20162 0.00117031 0.0704535 0.000861977 
7 0.25 12740000 12.3833 0.0419999 -1.02095 0.0144072 5.68631 0.0637128 117.095 2.80436 0.00295713 0.00214334 -0.00183035 0.00233351 0.20162 0.00117031 0.0704535 0.000861977 
7 0.25 13230000 12.3842 0.0410564 -1.01679 0.014382 5.67488 0.059828 116.377 2.68345 0.00341659 0.00209972 -0.00164867 0.00233351 0.201425 0.00112631 0.0703663 0.000800068 
7 0.25 13720000 12.3842 0.0401334 -1.01679 0.0141747 5.67488 0.059828 116.377 2.68345 0.00341659 0.00209966 -0.00164867 0.00233351 0.201425 0.00109835 0.0703663 0.000800068 
7 0.25 14210000 12.3712 0.0397966 -1.01372 0.0138581 5.66113 0.0571118 115.439 2.76411 0.0033915 0.00208167 -0.00203381 0.00200901 0.201025 0.00108874 0.0700914 0.000788757 
7 0.25 14700000 12.3712 0.0391686 -1.01372 0.0134541 5.66113 0.0571118 115.439 2.76411 0.0033915 0.00206244 -0.00203381 0.00200901 0.201025 0.00108874 0.0700914 0.000788757 
7 0.25 15190000 12.3537 0.0380596 -1.01266 0.0130648 5.66421 0.0533873 114.932 2.76411 0.00293958 0.00202124 -0.00178343 0.00200901 0.200836 0.00107844 0.0699172 0.000762023 
7 0.25 15680000 12.3537 0.0374267 -1.01266 0.0129866 5.66421 0.0533873 114.932 2.76411 0.00293958 0.001973 -0.00178343 0.00200901 0.200836 0.00107844 0.0699172 0.000762023 
7 0.25 16170000 12.343 0.0367142 -1.00902 0.0125661 5.66795 0.0501814 115.194 2.42949 0.00232272 0.00195346 -0.00129002 0.00189056 0.200871 0.000981611 0.0699431 0.000708396 
7 0.25 16660000 12.343 0.036013 -1.00902 0.0121966 5.66795 0.0501814 115.194 2.42949 0.00232272 0.00191942 -0.00129002 0.00189056 0.200871 0.000968369 0.0699431 0.000708396 
7 0.25 17150000 12.3469 0.036013 -1.00532 0.0121826 5.63357 0.0578201 113.307 2.88884 0.00202991 0.0018982 -0.00114313 0.00189056 0.200724 0.000954526 0.0697467 0.000693426 
7 0.25 17640000 12.3469 0.036013 -1.00532 0.0121826 5.63357 0.0578201 113.307 2.88884 0.00202991 0.0018982 -0.00114313 0.00189056 0.200724 0.000954526 0.0697467 0.000693426 
7 0.25 18130000 12.3345 0.03445 -1.00672 0.0119102 5.64919 0.0566764 113.603 2.74349 0.00161736 0.00182612 -0.00100673 0.00174784 0.200738 0.000924359 0.0697494 0.000654908 
7 0.25 18620000 12.3345 0.0339241 -1.00672 0.0116182 5.64919 0.0566764 113.603 2.74349 0.00161736 0.00181361 -0.00100673 0.00173141 0.200738 0.000913321 0.0697494 0.000654908 
7 0.25 19110000 12.3345 0.0332942 -1.00672 0.0114886 5.64919 0.0566764 113.603 2.74349 0.00161736 0.00181361 -0.00100673 0.00170905 0.200738 0.000900619 0.0697494 0.000654908 
7 0.25 19600000 12.3241 0.0330449 -1.00928 0.0113941 5.64708 0.0537324 113.498 2.62928 0.000917049 0.00181361 -0.000595582 0.00170159 0.200691 0.000887244 0.0697178 0.000632327 
7 0.25 20090000 12.3241 0.0329834 -1.00928 0.0112057 5.64708 0.0537324 113.498 2.62928 0.000917049 0.00181361 -0.000595582 0.00170159 0.200691 0.000875996 0.0697178 0.000632327 
7 0.25 20580000 12.3368 0.0323977 -1.01112 0.0110243 5.65179 0.0512514 113.325 2.75384 0.000542915 0.00192438 -0.000555032 0.00165092 0.200792 0.000862509 0.0698072 0.000596528 
7 0.25 21070000 12.3368 0.0324695 -1.01112 0.0108451 5.65179 0.0512514 113.325 2.75384 0.000542915 0.00192438 -0.000555032 0.0016387 0.200792 0.000849784 0.0698072 0.000596528 
7 0.25 21560000 12.3368 0.0333403 -1.01112 0.0107788 5.65179 0.0491049 113.325 2.75384 0.000542915 0.00192438 -0.000555032 0.0016023 0.200792 0.000837319 0.0698072 0.000571731 
7 0.25 22050000 12.3368 0.0325846 -1.01112 0.0107788 5.65179 0.0491049 113.325 2.75384 0.000542915 0.00192438 -0.000555032 0.00159323 0.200792 0.000826102 0.0698072 0.000571731 
7 0.25 22540000 12.3436 0.0321545 -1.01124 0.0103407 5.64419 0.0469178 113.313 2.75384 0.000767174 0.00185821 0.000714374 0.00188545 0.200648 0.000816103 0.0696592 0.000555228 
7 0.25 23030000 12.3436 0.0321545 -1.01124 0.010276 5.64419 0.0469178 113.313 2.75384 0.000767174 0.00185821 0.000714374 0.00188545 0.200648 0.000807491 0.0696592 0.000555228 
7 0.25 23520000 12.3436 0.0321545 -1.01124 0.0101981 5.64419 0.0450038 113.313 2.75384 0.000767174 0.00185821 0.000714374 0.00188545 0.200648 0.000792688 0.0696592 0.000538554 
7 0.25 24010000 12.3436 0.0321545 -1.01124 0.0101021 5.64419 0.0450038 113.313 2.75384 0.000767174 0.00185821 0.000714374 0.00188545 0.200648 0.000784316 0.0696592 0.000538554 
7 0.25 24500000 12.3472 0.0306513 -1.00961 0.00989729 5.6359 0.0433887 113.095 2.30443 0.000598964 0.00162359 0.00106542 0.00189685 0.200585 0.00077675 0.0696222 0.000510168 
7 0.25 24990000 12.3472 0.0301186 -1.00961 0.00973693 5.6359 0.0433887 113.095 2.30443 0.000598964 0.00162359 0.00106542 0.00189685 0.200585 0.000771577 0.0696222 0.000510168 
7 0.25 25480000 12.3472 0.0295615 -1.00961 0.0095631 5.6359 0.0417391 113.095 2.30443 0.000598964 0.00162359 0.00106542 0.00189685 0.200585 0.000758742 0.0696222 0.000494948 
7 0.25 25970000 12.3472 0.0293726 -1.00961 0.00943541 5.6359 0.0417391 113.095 2.30443 0.000598964 0.00162359 0.00106542 0.00189685 0.200585 0.000760107 0.0696222 0.000494948 
7 0.25 26460000 12.342 0.0293034 -1.0121 0.00930282 5.63756 0.0401477 113.24 2.30443 0.000529573 0.00154935 0.000919177 0.00189685 0.200812 0.000748422 0.0697048 0.00048244 
7 0.25 26950000 12.342 0.0288873 -1.0121 0.00919784 5.63756 0.0401477 113.24 2.30443 0.000529573 0.00154935 0.000919177 0.00189685 0.200812 0.000739146 0.0697048 0.000476637 
7 0.25 27440000 12.342 0.02859 -1.0121 0.00932051 5.63756 0.0405232 113.24 2.30443 0.000529573 0.00154935 0.000919177 0.00189685 0.200812 0.000729479 0.0697048 0.000489522 
7 0.25 27930000 12.342 0.0284253 -1.0121 0.00915729 5.63756 0.0405232 113.24 2.30443 0.000529573 0.00154935 0.000919177 0.00189685 0.200812 0.000722206 0.0697048 0.000489522 
7 0.25 28420000 12.3589 0.0282091 -1.00767 0.009173 5.6152 0.0402879 112.504 2.04977 0.000745773 0.00140852 0.000796825 0.00164478 0.20033 0.00075951 0.0694041 0.000519028 
7 0.25 28910000 12.3589 0.027834 -1.00767 0.009173 5.6152 0.0402879 112.504 2.04977 0.000745773 0.00140852 0.000796825 0.00164478 0.20033 0.00075951 0.0694041 0.000519028 
7 0.25 29400000 12.3589 0.027834 -1.00767 0.009173 5.6152 0.0403959 112.504 2.04977 0.000745773 0.00140852 0.000796825 0.00164478 0.20033 0.00075951 0.0694041 0.000519028 
7 0.25 29890000 12.3589 0.027834 -1.00767 0.009173 5.6152 0.0403959 112.504 2.04977 0.000745773 0.00140852 0.000796825 0.00164478 0.20033 0.00075951 0.0694041 0.000519028 
7 0.25 30380000 12.3636 0.0271023 -1.00661 0.00864412 5.60522 0.0390647 112.331 2.04977 0.00100244 0.00136527 0.000988684 0.00164478 0.200371 0.000710013 0.0693906 0.000484602 
7 0.25 30870000 12.3636 0.0270248 -1.00661 0.00862305 5.60522 0.0390647 112.331 2.04977 0.00100244 0.00134434 0.000988684 0.00164478 0.200371 0.000710013 0.0693906 0.000484602 
7 0.25 31360000 12.3636 0.02722 -1.00661 0.00862305 5.60522 0.0378298 112.331 2.04977 0.00100244 0.0013378 0.000988684 0.00164478 0.200371 0.000710013 0.0693906 0.000484602 
7 0.25 31850000 12.3636 0.026915 -1.00661 0.00862305 5.60522 0.0378298 112.331 2.04977 0.00100244 0.0013378 0.000988684 0.00164478 0.200371 0.000710013 0.0693906 0.000484602 
7 0.25 32340000 12.3662 0.0266173 -1.00638 0.00845568 5.60011 0.036828 112.087 1.83532 0.00129233 0.0013056 0.000867764 0.00144071 0.200244 0.000676894 0.0693309 0.000457983 
7 0.25 32830000 12.3662 0.0263471 -1.00638 0.00838313 5.60011 0.036828 112.087 1.83532 0.00129233 0.00129558 0.000867764 0.00144071 0.200244 0.000676894 0.0693309 0.000457983 
7 0.25 33320000 12.3662 0.0261082 -1.00638 0.00830015 5.60011 0.0357716 112.087 1.83532 0.00129233 0.00129628 0.000867764 0.00144071 0.200244 0.000676894 0.0693309 0.000457983 
7 0.25 33810000 12.3662 0.0257691 -1.00638 0.00877009 5.60011 0.0357716 112.087 1.83532 0.00129233 0.00128637 0.000867764 0.00144071 0.200244 0.000676894 0.0693309 0.000457983 
7 0.25 34300000 12.3661 0.0255571 -1.01154 0.00911083 5.60626 0.0356573 112.64 1.83532 0.00147094 0.00127507 0.000337167 0.00144071 0.200392 0.0006529 0.0694289 0.000441416 
7 0.25 34790000 12.3661 0.0254454 -1.01154 0.00911083 5.60626 0.0356573 112.64 1.83532 0.00147094 0.00127507 0.000337167 0.00144071 0.200392 0.0006529 0.0694289 0.000441416 
7 0.25 35280000 12.3661 0.0252644 -1.01154 0.00911083 5.60626 0.0348978 112.64 1.83532 0.00147094 0.00127507 0.000337167 0.00144071 0.200392 0.0006529 0.0694289 0.000441416 
7 0.25 35770000 12.3661 0.0251662 -1.01154 0.00911083 5.60626 0.0348978 112.64 1.83532 0.00147094 0.00127507 0.000337167 0.00144071 0.200392 0.0006529 0.0694289 0.000441416 
7 0.25 36260000 12.3639 0.0254352 -1.01237 0.00864214 5.60238 0.0348773 112.425 1.66216 0.00124897 0.00122729 0.000191754 0.00143046 0.200227 0.000637009 0.069308 0.000436692 
7 0.25 36750000 12.3639 0.0251815 -1.01237 0.00864214 5.60238 0.0348773 112.425 1.66216 0.00124897 0.00121083 0.000191754 0.00143046 0.200227 0.000637009 0.069308 0.000436692 
7 0.25 37240000 12.3639 0.0249376 -1.01237 0.00864214 5.60238 0.0340739 112.425 1.66216 0.00124897 0.0012031 0.000191754 0.00143046 0.200227 0.000637009 0.069308 0.000433134 
7 0.25 37730000 12.3639 0.0247378 -1.01237 0.00864214 5.60238 0.0340739 112.425 1.66216 0.00124897 0.00119412 0.000191754 0.00143046 0.200227 0.000637009 0.069308 0.000433134 
7 0.25 38220000 12.3611 0.024575 -1.01489 0.0085476 5.60116 0.0332302 112.542 1.66216 0.00107012 0.00118855 0.000645766 0.00143046 0.200213 0.000617389 0.0693121 0.000413723 
7 0.25 38710000 12.3611 0.024319 -1.01489 0.0085476 5.60116 0.0332302 112.542 1.66216 0.00107012 0.00117923 0.000645766 0.00143046 0.200213 0.000609895 0.0693121 0.000413723 
7 0.25 39200000 12.3611 0.0241982 -1.01489 0.0085476 5.60116 0.0325912 112.542 1.66216 0.00107012 0.00117373 0.000645766 0.00143046 0.200213 0.000603634 0.0693121 0.000410357 
7 0.25 39690000 12.3611 0.0240283 -1.01489 0.0085476 5.60116 0.0325912 112.542 1.66216 0.00107012 0.0011818 0.000645766 0.00143046 0.200213 0.000603634 0.0693121 0.000410357 
7 0.25 40180000 12.3611 0.0238956 -1.01489 0.0085476 5.60116 0.0325912 112.542 1.66216 0.00107012 0.00117229 0.000645766 0.00143046 0.200213 0.000603634 0.0693121 0.000410357 
7 0.25 40670000 12.3573 0.0240158 -1.01626 0.0102355 5.60106 0.031982 112.526 1.49898 0.00127649 0.00115956 0.000436977 0.00130827 0.200254 0.000597376 0.0693328 0.000405235 
7 0.25 41160000 12.3573 0.0238418 -1.01626 0.0102355 5.60106 0.031982 112.526 1.49898 0.00127649 0.00115988 0.000436977 0.00130827 0.200254 0.000593132 0.0693328 0.000405235 
7 0.25 41650000 12.3573 0.0236984 -1.01626 0.0102355 5.60106 0.031229 112.526 1.49898 0.00127649 0.00115453 0.000436977 0.00130827 0.200254 0.000587263 0.0693328 0.000401524 
7 0.25 42140000 12.3573 0.023494 -1.01626 0.0102355 5.60106 0.031229 112.526 1.49898 0.00127649 0.00114384 0.000436977 0.00130827 0.200254 0.000584391 0.0693328 0.000401524 
7 0.25 42630000 12.3573 0.0232756 -1.01626 0.0102355 5.60106 0.0304857 112.526 1.49898 0.00127649 0.00113401 0.000436977 0.00130827 0.200254 0.000610577 0.0693328 0.000400365 
7 0.25 43120000 12.3573 0.0231631 -1.01626 0.0102355 5.60106 0.0304857 112.526 1.49898 0.00127649 0.00112578 0.000436977 0.00130827 0.200254 0.000610577 0.0693328 0.000400365 
7 0.25 43610000 12.3573 0.0234089 -1.01626 0.0102355 5.60106 0.029955 112.526 1.49898 0.00127649 0.00111849 0.000436977 0.00130827 0.200254 0.000610577 0.0693328 0.000400365 
7 0.25 44100000 12.3573 0.0232989 -1.01626 0.0102355 5.60106 0.0299168 112.526 1.49898 0.00127649 0.00110893 0.000436977 0.00130827 0.200254 0.000610577 0.0693328 0.000400365 
7 0.25 44590000 12.359 0.023086 -1.0163 0.0102355 5.60233 0.0299168 112.616 1.36545 0.00140317 0.00110101 5.08731e-05 0.00124501 0.199971 0.000582847 0.0692288 0.000385149 
7 0.25 45080000 12.359 0.0229697 -1.0163 0.0102355 5.60233 0.0299168 112.616 1.36545 0.00140317 0.00109236 5.08731e-05 0.00124501 0.199971 0.000582847 0.0692288 0.000385149 
7 0.25 45570000 12.359 0.0228582 -1.0163 0.0102355 5.60233 0.0299168 112.616 1.36545 0.00140317 0.00108274 5.08731e-05 0.00124501 0.199971 0.000582847 0.0692288 0.000385053 
7 0.25 46060000 12.359 0.0226621 -1.0163 0.0102355 5.60233 0.0299168 112.616 1.36545 0.00140317 0.00107734 5.08731e-05 0.00124501 0.199971 0.000582847 0.0692288 0.000385053 
7 0.25 46550000 12.359 0.0227206 -1.0163 0.0102355 5.60233 0.0299168 112.616 1.36545 0.00140317 0.00107031 5.08731e-05 0.00124501 0.199971 0.000558767 0.0692288 0.000374904 
7 0.25 47040000 12.359 0.0225191 -1.0163 0.0102355 5.60233 0.0299168 112.616 1.36545 0.00140317 0.00106242 5.08731e-05 0.00124501 0.199971 0.000558767 0.0692288 0.000374904 
7 0.25 47530000 12.359 0.0224803 -1.0163 0.0102355 5.60233 0.0299168 112.616 1.36545 0.00140317 0.00105559 5.08731e-05 0.00124501 0.199971 0.000558767 0.0692288 0.000368325 
7 0.25 48020000 12.359 0.0223147 -1.0163 0.0102355 5.60233 0.0299168 112.616 1.36545 0.00140317 0.00105157 5.08731e-05 0.00124501 0.199971 0.000558767 0.0692288 0.000368325 
7 0.25 48510000 12.3637 0.0223104 -1.01689 0.00854907 5.60333 0.0281071 112.387 1.28999 0.00146901 0.00104629 5.77291e-05 0.00114127 0.200016 0.000541667 0.0692711 0.000360304 
7 0.25 49000000 12.3637 0.0221054 -1.01689 0.00854907 5.60333 0.0279685 112.387 1.28054 0.00146901 0.00104169 5.77291e-05 0.00114127 0.200016 0.000541667 0.0692711 0.000360304 
7 0.25 49490000 12.3637 0.0220732 -1.01689 0.00854907 5.60333 0.0279006 112.387 1.27344 0.00146901 0.00103768 5.77291e-05 0.00114127 0.200016 0.000541667 0.0692711 0.000355046 
7 0.25 49980000 12.3637 0.0220159 -1.01689 0.00854907 5.60333 0.0277977 112.387 1.27083 0.00146901 0.00103399 5.77291e-05 0.00114127 0.200016 0.000541667 0.0692711 0.000355046 
7 0.25 50470000 12.3637 0.0220094 -1.01689 0.00854907 5.60333 0.0277132 112.387 1.27083 0.00146901 0.00102986 5.77291e-05 0.00114127 0.200016 0.000537136 0.0692711 0.000350041 
7 0.25 50960000 12.3637 0.0219376 -1.01689 0.00854907 5.60333 0.0276197 112.387 1.27083 0.00146901 0.00102323 5.77291e-05 0.00114127 0.200016 0.000537136 0.0692711 0.000350041 
7 0.25 51450000 12.3637 0.0219615 -1.01689 0.00854907 5.60333 0.0273769 112.387 1.27083 0.00146901 0.0010156 5.77291e-05 0.00114127 0.200016 0.000537136 0.0692711 0.000359876 
7 0.25 51940000 12.3637 0.021904 -1.01689 0.00854907 5.60333 0.0273783 112.387 1.27083 0.00146901 0.0010098 5.77291e-05 0.00114127 0.200016 0.000537136 0.0692711 0.000359876 
7 0.25 52430000 12.3652 0.0217368 -1.02018 0.00854907 5.61561 0.027132 112.76 1.2432 0.00165524 0.0010061 0.000169589 0.00107885 0.20033 0.000544624 0.069452 0.000352962 
7 0.25 52920000 12.3652 0.0215799 -1.02018 0.00854907 5.61561 0.0269141 112.76 1.23355 0.00165524 0.000997526 0.000169589 0.00107885 0.20033 0.000544624 0.069452 0.000352962 
7 0.25 53410000 12.3652 0.0214954 -1.02018 0.00854907 5.61561 0.0268025 112.76 1.22676 0.00165524 0.00099805 0.000169589 0.00107885 0.20033 0.000544624 0.069452 0.000351124 
7 0.25 53900000 12.3652 0.0213379 -1.02018 0.00854907 5.61561 0.0266104 112.76 1.22676 0.00165524 0.000991961 0.000169589 0.00107885 0.20033 0.000544624 0.069452 0.000351124 
7 0.25 54390000 12.3652 0.0211795 -1.02018 0.00854907 5.61561 0.0265368 112.76 1.22676 0.00165524 0.000987757 0.000169589 0.00107885 0.20033 0.000542196 0.069452 0.000344197 
7 0.25 54880000 12.3652 0.0210494 -1.02018 0.00854907 5.61561 0.0264586 112.76 1.22676 0.00165524 0.000980742 0.000169589 0.00107885 0.20033 0.000542196 0.069452 0.000344197 
7 0.25 55370000 12.3652 0.0209314 -1.02018 0.00854907 5.61561 0.0263172 112.76 1.22676 0.00165524 0.000972506 0.000169589 0.00107885 0.20033 0.000542196 0.069452 0.000341192 
7 0.25 55860000 12.3652 0.0208616 -1.02018 0.00854907 5.61561 0.0261822 112.76 1.22676 0.00165524 0.000968695 0.000169589 0.00107885 0.20033 0.000542196 0.069452 0.000341192 
7 0.25 56350000 12.3656 0.0207234 -1.0185 0.00747839 5.61445 0.0260792 112.748 1.19298 0.00156015 0.00096306 0.000401811 0.00100845 0.20014 0.000525154 0.0693622 0.00033727 
7 0.25 56840000 12.3656 0.020648 -1.0185 0.00747839 5.61445 0.0259921 112.748 1.18761 0.00156015 0.000963166 0.000401811 0.00100845 0.20014 0.000525154 0.0693622 0.00033727 
7 0.25 57330000 12.3656 0.0206085 -1.0185 0.00747839 5.61445 0.0258355 112.748 1.18197 0.00156015 0.000959007 0.000401811 0.00100845 0.20014 0.000525154 0.0693622 0.000332238 
7 0.25 57820000 12.3656 0.020496 -1.0185 0.00747839 5.61445 0.0258546 112.748 1.18416 0.00156015 0.00095203 0.000401811 0.00100845 0.20014 0.000525154 0.0693622 0.000332238 
7 0.25 58310000 12.3656 0.0203547 -1.0185 0.00747839 5.61445 0.0259358 112.748 1.20651 0.00156015 0.000946279 0.000401811 0.00102531 0.20014 0.000518564 0.0693622 0.000342401 
7 0.25 58800000 12.3656 0.0202547 -1.0185 0.00747839 5.61445 0.0259358 112.748 1.20651 0.00156015 0.000942017 0.000401811 0.00102531 0.20014 0.000518564 0.0693622 0.000342401 
7 0.25 59290000 12.3656 0.0201181 -1.0185 0.00747839 5.61445 0.0260956 112.748 1.19511 0.00156015 0.00093691 0.000401811 0.00102531 0.20014 0.000518564 0.0693622 0.000339925 
7 0.25 59780000 12.3656 0.0202428 -1.0185 0.00747839 5.61445 0.0260956 112.748 1.19511 0.00156015 0.000935674 0.000401811 0.00102531 0.20014 0.000518564 0.0693622 0.000339925 
7 0.25 60270000 12.3661 0.0201125 -1.02153 0.00747839 5.62293 0.0257544 113.231 1.17519 0.000960652 0.000930928 -0.000197924 0.00110526 0.200278 0.0005028 0.0694771 0.000334491 
7 0.25 60760000 12.3661 0.0199996 -1.02153 0.00747839 5.62293 0.0257544 113.231 1.17519 0.000960652 0.000927766 -0.000197924 0.00110526 0.200278 0.0005028 0.0694771 0.000334491 
7 0.25 61250000 12.3661 0.0198912 -1.02153 0.00747839 5.62293 0.0257544 113.231 1.17519 0.000960652 0.000921929 -0.000197924 0.00110526 0.200278 0.0005028 0.0694771 0.000334491 
7 0.25 61740000 12.3661 0.0197714 -1.02153 0.00747839 5.62293 0.0255181 113.231 1.16133 0.000960652 0.000919766 -0.000197924 0.00110526 0.200278 0.000502035 0.0694771 0.00033404 
7 0.25 62230000 12.3661 0.0196707 -1.02153 0.00747839 5.62293 0.0255181 113.231 1.16133 0.000960652 0.00091681 -0.000197924 0.00110526 0.200278 0.000502035 0.0694771 0.00033404 
7 0.25 62720000 12.3661 0.0195508 -1.02153 0.00747839 5.62293 0.0251078 113.231 1.16133 0.000960652 0.00091681 -0.000197924 0.00110526 0.200278 0.000506367 0.0694771 0.00033216 
7 0.25 63210000 12.3661 0.0194465 -1.02153 0.00747839 5.62293 0.0251078 113.231 1.16133 0.000960652 0.00091681 -0.000197924 0.00110526 0.200278 0.000506367 0.0694771 0.00033216 
7 0.25 63700000 12.3661 0.0192982 -1.02153 0.00747839 5.62293 0.024753 113.231 1.16133 0.000960652 0.00091681 -0.000197924 0.00110526 0.200278 0.000498335 0.0694771 0.000327189 
7 0.25 64190000 12.3661 0.0191614 -1.02153 0.00747839 5.62293 0.0247388 113.231 1.16133 0.000960652 0.00091681 -0.000197924 0.00110526 0.200278 0.000498335 0.0694771 0.000327189 
7 0.25 64680000 12.361 0.0190626 -1.02243 0.00750248 5.62547 0.024593 113.179 1.1102 0.000992784 0.000894109 -0.000297111 0.00107695 0.200218 0.000490693 0.0695017 0.000322078 
7 0.25 65170000 12.361 0.0190932 -1.02243 0.00750248 5.62547 0.0244064 113.179 1.11005 0.000992784 0.000893814 -0.000297111 0.00107695 0.200218 0.000490693 0.0695017 0.000322078 
7 0.25 65660000 12.361 0.0190433 -1.02243 0.00750248 5.62547 0.024269 113.179 1.10734 0.000992784 0.000887663 -0.000297111 0.00107695 0.200218 0.000484927 0.0695017 0.000318012 
7 0.25 66150000 12.361 0.0189669 -1.02243 0.00750248 5.62547 0.0241458 113.179 1.10877 0.000992784 0.000884638 -0.000297111 0.00107695 0.200218 0.000484927 0.0695017 0.000318012 
7 0.25 66640000 12.361 0.0188796 -1.02243 0.00750248 5.62547 0.0240452 113.179 1.10574 0.000992784 0.000881717 -0.000297111 0.00107695 0.200218 0.000479271 0.0695017 0.000313287 
7 0.25 67130000 12.361 0.0188675 -1.02243 0.00750248 5.62547 0.0239024 113.179 1.10263 0.000992784 0.000878849 -0.000297111 0.00107695 0.200218 0.000479271 0.0695017 0.000313287 
7 0.25 67620000 12.361 0.0187526 -1.02243 0.00750248 5.62547 0.0238898 113.179 1.1029 0.000992784 0.000874897 -0.000297111 0.00107695 0.200218 0.000487561 0.0695017 0.000319702 
7 0.25 68110000 12.361 0.0187057 -1.02243 0.00750248 5.62547 0.0238415 113.179 1.10256 0.000992784 0.00086958 -0.000297111 0.00107695 0.200218 0.000487561 0.0695017 0.000319702 
7 0.25 68600000 12.3583 0.0186478 -1.02116 0.00750248 5.62608 0.0238059 113.298 1.0922 0.000902243 0.000865851 -0.000531412 0.00107695 0.200124 0.000481146 0.0694674 0.000315515 
7 0.25 69090000 12.3583 0.0185775 -1.02116 0.00750248 5.62608 0.0236904 113.298 1.08677 0.000902243 0.000864769 -0.000531412 0.00107695 0.200124 0.000481146 0.0694674 0.000315515 
7 0.25 69580000 12.3583 0.0184619 -1.02116 0.00750248 5.62608 0.0235757 113.298 1.08183 0.000902243 0.000860394 -0.000531412 0.00107695 0.200124 0.000477579 0.0694674 0.000312966 
7 0.25 70070000 12.3583 0.0183534 -1.02116 0.00750248 5.62608 0.0235905 113.298 1.08017 0.000902243 0.000856806 -0.000531412 0.00107695 0.200124 0.000477579 0.0694674 0.000312966 
7 0.25 70560000 12.3583 0.0182979 -1.02116 0.00750248 5.62608 0.0235935 113.298 1.08671 0.000902243 0.000851758 -0.000531412 0.00107695 0.200124 0.0004717 0.0694674 0.000309796 
7 0.25 71050000 12.3583 0.0182536 -1.02116 0.00750248 5.62608 0.0235588 113.298 1.08609 0.000902243 0.000849741 -0.000531412 0.00107695 0.200124 0.0004717 0.0694674 0.000309796 
7 0.25 71540000 12.3583 0.0181584 -1.02116 0.00750248 5.62608 0.0234582 113.298 1.08321 0.000902243 0.00084677 -0.000531412 0.00107695 0.200124 0.00047548 0.0694674 0.00030879 
7 0.25 72030000 12.3583 0.0180741 -1.02116 0.00750248 5.62608 0.0234218 113.298 1.07789 0.000902243 0.000841988 -0.000531412 0.00107695 0.200124 0.00047548 0.0694674 0.00030879 
7 0.25 72520000 12.3626 0.018004 -1.02099 0.0068045 5.62821 0.0233053 113.419 1.07068 0.00105352 0.000837897 -0.000265073 0.000984228 0.200158 0.000470429 0.069479 0.00030567 
7 0.25 73010000 12.3626 0.0179003 -1.02099 0.0068045 5.62821 0.0231643 113.419 1.06679 0.00105352 0.000837299 -0.000265073 0.000984228 0.200158 0.000470429 0.069479 0.00030567 
7 0.25 73500000 12.3626 0.0178314 -1.02099 0.0068045 5.62821 0.0230597 113.419 1.06528 0.00105352 0.000836519 -0.000265073 0.000984228 0.200158 0.000473893 0.069479 0.000307205 
7 0.25 73990000 12.3626 0.0177279 -1.02099 0.0068045 5.62821 0.0229528 113.419 1.06069 0.00105352 0.000835853 -0.000265073 0.000984228 0.200158 0.000473893 0.069479 0.000307205 
7 0.25 74480000 12.3626 0.0176385 -1.02099 0.0068045 5.62821 0.022816 113.419 1.05858 0.00105352 0.000831406 -0.000265073 0.000984228 0.200158 0.00046877 0.069479 0.000303212 
7 0.25 74970000 12.3626 0.0175643 -1.02099 0.0068045 5.62821 0.0227052 113.419 1.05294 0.00105352 0.000827045 -0.000265073 0.000984228 0.200158 0.00046877 0.069479 0.000303212 
7 0.25 75460000 12.3626 0.0174587 -1.02099 0.0068045 5.62821 0.0226152 113.419 1.0463 0.00105352 0.000825399 -0.000265073 0.000984228 0.200158 0.000468033 0.069479 0.000301294 
7 0.25 75950000 12.3626 0.0173481 -1.02099 0.0068045 5.62821 0.022496 113.419 1.0399 0.00105352 0.000822176 -0.000265073 0.000984228 0.200158 0.000468033 0.069479 0.000301294 
7 0.25 76440000 12.3604 0.0172828 -1.02274 0.0068045 5.62969 0.0223971 113.444 1.03337 0.0010777 0.000818369 -0.000343924 0.000957769 0.200177 0.000461957 0.0694627 0.000297342 
7 0.25 76930000 12.3604 0.0172643 -1.02274 0.0068045 5.62969 0.0224007 113.444 1.02726 0.0010777 0.00081345 -0.000343924 0.000957769 0.200177 0.000461957 0.0694627 0.000297342 
7 0.25 77420000 12.3604 0.0171799 -1.02274 0.0068045 5.62969 0.0223196 113.444 1.02165 0.0010777 0.000810175 -0.000343924 0.000957769 0.200177 0.000456765 0.0694627 0.000293782 
7 0.25 77910000 12.3604 0.0171995 -1.02274 0.0068045 5.62969 0.0223252 113.444 1.01798 0.0010777 0.000808695 -0.000343924 0.000957769 0.200177 0.000456765 0.0694627 0.000293782 
7 0.25 78400000 12.3604 0.0171089 -1.02274 0.0068045 5.62969 0.0222473 113.444 1.0133 0.0010777 0.000806133 -0.000343924 0.000957769 0.200177 0.000450926 0.0694627 0.000290148 
7 0.25 78890000 12.3604 0.01701 -1.02274 0.0068045 5.62969 0.0222339 113.444 1.00869 0.0010777 0.000804434 -0.000343924 0.000957769 0.200177 0.000450926 0.0694627 0.000290148 
7 0.25 79380000 12.3604 0.0169528 -1.02274 0.0068045 5.62969 0.0221875 113.444 1.00792 0.0010777 0.000800428 -0.000343924 0.000957769 0.200177 0.000450107 0.0694627 0.000288713 
7 0.25 79870000 12.3604 0.0168923 -1.02274 0.0068045 5.62969 0.0220811 113.444 1.00506 0.0010777 0.000797322 -0.000343924 0.000957769 0.200177 0.000450107 0.0694627 0.000288713 
7 0.25 80360000 12.3601 0.0168525 -1.02241 0.00646485 5.628 0.0247204 113.403 1.06528 0.00118447 0.000797663 -0.000219361 0.000897055 0.200212 0.000444543 0.069459 0.000285638 
7 0.25 80850000 12.3601 0.0169071 -1.02241 0.00646485 5.628 0.0247204 113.403 1.06528 0.00118447 0.00079352 -0.000219361 0.000897055 0.200212 0.000444543 0.069459 0.000285638 
7 0.25 81340000 12.3601 0.0168447 -1.02241 0.00646485 5.628 0.0247204 113.403 1.06528 0.00118447 0.000794066 -0.000219361 0.000897055 0.200212 0.000440741 0.069459 0.000282301 
7 0.25 81830000 12.3601 0.0167855 -1.02241 0.00646485 5.628 0.0247204 113.403 1.06528 0.00118447 0.000791415 -0.000219361 0.000897055 0.200212 0.000440741 0.069459 0.000282301 
7 0.25 82320000 12.3601 0.0167189 -1.02241 0.00646485 5.628 0.0247204 113.403 1.06528 0.00118447 0.000787299 -0.000219361 0.000897055 0.200212 0.000440741 0.069459 0.000282301 
7 0.25 82810000 12.3601 0.0166615 -1.02241 0.00646485 5.628 0.0247204 113.403 1.06528 0.00118447 0.000783735 -0.000219361 0.000897055 0.200212 0.000436554 0.069459 0.000279041 
7 0.25 83300000 12.3601 0.0166691 -1.02241 0.00646485 5.628 0.0247204 113.403 1.06528 0.00118447 0.000780628 -0.000219361 0.000897055 0.200212 0.000436554 0.069459 0.000279041 
7 0.25 83790000 12.3601 0.0165731 -1.02241 0.00646485 5.628 0.0247204 113.403 1.06528 0.00118447 0.000777658 -0.000219361 0.000897055 0.200212 0.000432316 0.069459 0.000276023 
7 0.25 84280000 12.3601 0.0164858 -1.02241 0.00646485 5.628 0.0247204 113.403 1.06528 0.00118447 0.000774014 -0.000219361 0.000897055 0.200212 0.000432316 0.069459 0.000276023 
7 0.25 84770000 12.3601 0.0164084 -1.02241 0.00646485 5.628 0.0247204 113.403 1.06528 0.00118447 0.000770613 -0.000219361 0.000884213 0.200212 0.000428778 0.069459 0.000273496 
7 0.25 85260000 12.3601 0.0163466 -1.02241 0.00646485 5.628 0.0247204 113.403 1.06528 0.00118447 0.00076906 -0.000219361 0.000884213 0.200212 0.000428778 0.069459 0.000273496 
7 0.25 85750000 12.3601 0.0162984 -1.02241 0.00646485 5.628 0.0247204 113.403 1.06528 0.00118447 0.000766308 -0.000219361 0.000884213 0.200212 0.000427321 0.069459 0.000273003 
7 0.25 86240000 12.3601 0.0162141 -1.02241 0.00646485 5.628 0.0247204 113.403 1.06528 0.00118447 0.000762526 -0.000219361 0.000884213 0.200212 0.000427321 0.069459 0.000273003 
7 0.25 86730000 12.3601 0.0161304 -1.02241 0.00646485 5.628 0.0247204 113.403 1.06528 0.00118447 0.00075926 -0.000219361 0.000884213 0.200212 0.000422811 0.069459 0.000269838 
7 0.25 87220000 12.3601 0.0161394 -1.02241 0.00646485 5.628 0.0247204 113.403 1.06528 0.00118447 0.000757632 -0.000219361 0.000884213 0.200212 0.000422811 0.069459 0.000269838 
7 0.25 87710000 12.3601 0.0160634 -1.02241 0.00646485 5.628 0.0247204 113.403 1.06528 0.00118447 0.000758493 -0.000219361 0.000884213 0.200212 0.000418545 0.069459 0.000268347 
7 0.25 88200000 12.3601 0.0160845 -1.02241 0.00646485 5.628 0.0247204 113.403 1.06528 0.00118447 0.000754274 -0.000219361 0.000884213 0.200212 0.000418545 0.069459 0.000268347 
7 0.25 88690000 12.3605 0.0160503 -1.01996 0.00646485 5.61666 0.0247204 113.042 1.06528 0.00116502 0.000751109 -0.000631549 0.000877544 0.200037 0.000417208 0.0693403 0.000268082 
7 0.25 89180000 12.3605 0.0160065 -1.01996 0.00646485 5.61666 0.0247204 113.042 1.06528 0.00116502 0.00075071 -0.000631549 0.000877544 0.200037 0.000417208 0.0693403 0.000268082 
7 0.25 89670000 12.3605 0.0159214 -1.01996 0.00646485 5.61666 0.0247204 113.042 1.06528 0.00116502 0.000749254 -0.000631549 0.000877544 0.200037 0.000412701 0.0693403 0.000265782 
7 0.25 90160000 12.3605 0.0159183 -1.01996 0.00646485 5.61666 0.0247204 113.042 1.06528 0.00116502 0.00074962 -0.000631549 0.000877544 0.200037 0.000412701 0.0693403 0.000265782 
7 0.25 90650000 12.3605 0.0159214 -1.01996 0.00646485 5.61666 0.0247204 113.042 1.06528 0.00116502 0.000746301 -0.000631549 0.000877544 0.200037 0.000408734 0.0693403 0.000262949 
7 0.25 91140000 12.3605 0.0158704 -1.01996 0.00646485 5.61666 0.0247204 113.042 1.06528 0.00116502 0.000743055 -0.000631549 0.000877544 0.200037 0.000408734 0.0693403 0.000262949 
7 0.25 91630000 12.3605 0.0158263 -1.01996 0.00646485 5.61666 0.0247204 113.042 1.06528 0.00116502 0.00074038 -0.000631549 0.000877544 0.200037 0.000412192 0.0693403 0.00026437 
7 0.25 92120000 12.3605 0.0157884 -1.01996 0.00646485 5.61666 0.0247204 113.042 1.06528 0.00116502 0.000738452 -0.000631549 0.000877544 0.200037 0.000412192 0.0693403 0.00026437 
7 0.25 92610000 12.3605 0.0157181 -1.01996 0.00646485 5.61666 0.0247204 113.042 1.06528 0.00116502 0.000736053 -0.000631549 0.000877544 0.200037 0.000412439 0.0693403 0.000263892 
7 0.25 93100000 12.3605 0.015663 -1.01996 0.00646485 5.61666 0.0247204 113.042 1.06528 0.00116502 0.000733156 -0.000631549 0.000877544 0.200037 0.000412439 0.0693403 0.000263892 
7 0.25 93590000 12.3605 0.0156351 -1.01996 0.00646485 5.61666 0.0247204 113.042 1.06528 0.00116502 0.000730116 -0.000631549 0.000877544 0.200037 0.000408571 0.0693403 0.000261401 
7 0.25 94080000 12.3605 0.0155761 -1.01996 0.00646485 5.61666 0.0247204 113.042 1.06528 0.00116502 0.000726717 -0.000631549 0.000877544 0.200037 0.000408571 0.0693403 0.000261401 
7 0.25 94570000 12.3605 0.0155362 -1.01996 0.00646485 5.61666 0.0247204 113.042 1.06528 0.00116502 0.000723475 -0.000631549 0.000877544 0.200037 0.000404225 0.0693403 0.00025868 
7 0.25 95060000 12.3605 0.0154747 -1.01996 0.00646485 5.61666 0.0247204 113.042 1.06528 0.00116502 0.000721555 -0.000631549 0.000877544 0.200037 0.000404225 0.0693403 0.00025868 
7 0.25 95550000 12.3605 0.0154203 -1.01996 0.00646485 5.61666 0.0247204 113.042 1.06528 0.00116502 0.000718931 -0.000631549 0.000877544 0.200037 0.000401432 0.0693403 0.000257121 
7 0.25 96040000 12.3605 0.0154704 -1.01996 0.00646485 5.61666 0.0247204 113.042 1.06528 0.00116502 0.000716698 -0.000631549 0.000877544 0.200037 0.000401432 0.0693403 0.000257121 
7 0.25 96530000 12.3671 0.0154071 -1.01703 0.00728934 5.60927 0.0267703 112.761 1.06412 0.00072544 0.0007159 -0.000717763 0.000808639 0.199856 0.000397604 0.0692401 0.000283034 
7 0.25 97020000 12.3671 0.0153785 -1.01703 0.00728934 5.60927 0.0267703 112.761 1.06412 0.00072544 0.000715155 -0.000717763 0.000808639 0.199856 0.000397604 0.0692401 0.000283034 
7 0.25 97510000 12.3671 0.0153489 -1.01703 0.00728934 5.60927 0.0267703 112.761 1.06412 0.00072544 0.000713756 -0.000717763 0.000808639 0.199856 0.000396286 0.0692401 0.000283034 
7 0.25 98000000 12.3671 0.0153609 -1.01703 0.00728934 5.60927 0.0267703 112.761 1.06412 0.00072544 0.000711746 -0.000717763 0.000808639 0.199856 0.000396286 0.0692401 0.000283034 
7 0.25 98490000 12.3671 0.015314 -1.01703 0.00728934 5.60927 0.0267703 112.761 1.06412 0.00072544 0.000709417 -0.000717763 0.000808639 0.199856 0.000393468 0.0692401 0.000283034 
7 0.25 98980000 12.3671 0.0152405 -1.01703 0.00728934 5.60927 0.0267703 112.761 1.06412 0.00072544 0.000707549 -0.000717763 0.000808639 0.199856 0.000393468 0.0692401 0.000283034 
7 0.25 99470000 12.3671 0.0152037 -1.01703 0.00728934 5.60927 0.0267703 112.761 1.06412 0.00072544 0.000705443 -0.000717763 0.000808639 0.199856 0.000392064 0.0692401 0.000283034 
7 0.25 99960000 12.3671 0.015144 -1.01703 0.00728934 5.60927 0.0267703 112.761 1.06412 0.00072544 0.000704827 -0.000717763 0.000808639 0.199856 0.000392064 0.0692401 0.000283034 
