L J MC_steps R2 R2_std E E_std E2 E2_std E4 E4_std Sin1 Sin1_std Cos1 Cos1_std Mag2 Mag2_std Mag4 Mag4_std
11 0.75 1210000 21.1138 0.52659 -7.57383 0.149283 73.8809 2.39838 9995.62 576.32 -0.0117224 0.0221717 -0.00247652 0.0152716 0.364802 0.00758913 0.184708 0.00626334 
11 0.75 2420000 20.7098 0.46345 -7.69694 0.101048 75.4608 1.60848 10232.2 388.333 -0.0144603 0.0134392 0.00206178 0.0104251 0.370323 0.00518625 0.188587 0.00430114 
11 0.75 3630000 20.8285 0.420188 -7.73328 0.0794595 75.508 1.31342 10138.5 325.648 -0.00987136 0.00978017 -0.00102859 0.00853717 0.370137 0.00444407 0.188012 0.00379823 
11 0.75 4840000 20.6935 0.362615 -7.72628 0.0665087 75.1813 1.09261 10001.5 269.761 -0.00654982 0.00838146 0.00234826 0.00736781 0.369364 0.00374557 0.186661 0.00319836 
11 0.75 6050000 20.4836 0.302223 -7.77413 0.0586492 75.7767 0.977538 10058.2 241.535 -0.00551041 0.00739847 -0.000284455 0.00645342 0.3708 0.00329843 0.187876 0.0028001 
11 0.75 7260000 20.5265 0.2777 -7.74786 0.051829 75.3599 0.855967 9970.59 210.316 -0.00595191 0.00644075 -0.000921789 0.00594113 0.369934 0.00295145 0.187139 0.00244648 
11 0.75 8470000 20.4416 0.235676 -7.72987 0.0491672 75.1878 0.797696 9948.36 205.847 -0.00831107 0.00582866 -0.00164908 0.00543903 0.36925 0.00276185 0.186946 0.0022673 
11 0.75 9680000 20.4307 0.202692 -7.72372 0.0455529 75.1908 0.756859 9975.18 185.516 -0.00960278 0.00549331 -0.000817513 0.00512746 0.368623 0.0027608 0.186419 0.00223518 
11 0.75 10890000 20.4427 0.195082 -7.72321 0.0430268 75.2347 0.718284 10002.9 175.826 -0.00599351 0.00521672 -7.36655e-05 0.00479534 0.368415 0.00253503 0.186578 0.00207606 
11 0.75 12100000 20.4474 0.178908 -7.74982 0.0407021 75.6622 0.671024 10068.8 163.608 -0.00567815 0.00493389 0.000664865 0.00466792 0.370155 0.00245438 0.187789 0.00197368 
11 0.75 13310000 20.4618 0.162356 -7.74531 0.0381203 75.6195 0.632472 10062.1 167.969 -0.00455334 0.00472538 -0.000822275 0.0045099 0.369691 0.00227404 0.187494 0.0018252 
11 0.75 14520000 20.5242 0.159143 -7.75797 0.0361451 75.8654 0.600018 10126.1 167.969 -0.0030032 0.0045552 0.000135036 0.00430378 0.370464 0.00214145 0.188133 0.00172079 
11 0.75 15730000 20.5163 0.14608 -7.77107 0.0356388 76.0914 0.637584 10167.8 170.022 -0.00306937 0.00432348 -0.000246471 0.00417702 0.371115 0.00209772 0.188542 0.00164198 
11 0.75 16940000 20.5035 0.135398 -7.75721 0.0337275 75.8989 0.637584 10126.7 170.022 -0.00351134 0.00415502 -0.000485324 0.00397271 0.370421 0.00194451 0.187977 0.00156154 
11 0.75 18150000 20.4957 0.127695 -7.76043 0.0327809 75.8673 0.584542 10094 160.959 -0.00450103 0.00397661 -0.000778836 0.00381204 0.370312 0.0019292 0.187652 0.00154829 
11 0.75 19360000 20.4647 0.125243 -7.76985 0.0318665 76.0229 0.584542 10121.2 160.959 -0.00459078 0.00385407 -0.000158875 0.00371391 0.370968 0.00190124 0.188234 0.00154829 
11 0.75 20570000 20.416 0.123121 -7.78687 0.0358466 76.3292 0.669523 10198.7 171.568 -0.00497446 0.00375633 -0.00146534 0.00361621 0.371861 0.00207282 0.188912 0.00179578 
11 0.75 21780000 20.4557 0.122092 -7.77774 0.0358466 76.1478 0.669523 10150.1 171.568 -0.00516555 0.00361534 -0.00134258 0.00352529 0.371447 0.00207282 0.1885 0.00179578 
11 0.75 22990000 20.4534 0.11533 -7.78175 0.0322282 76.1545 0.617497 10139.4 162.457 -0.00411692 0.00350827 -0.000863756 0.00344317 0.371434 0.00188598 0.18838 0.00167312 
11 0.75 24200000 20.4641 0.109753 -7.77008 0.0322282 75.9845 0.617497 10107.6 162.457 -0.00228409 0.00341355 -0.000566213 0.00333242 0.371061 0.00188598 0.18809 0.00167312 
11 0.75 25410000 20.4616 0.109749 -7.77378 0.0313268 76.0106 0.588957 10106.2 149.548 -0.00251405 0.00352359 -0.0012106 0.00330884 0.371179 0.00171444 0.188106 0.00152807 
11 0.75 26620000 20.4616 0.109749 -7.77378 0.0313268 76.0106 0.588957 10106.2 149.548 -0.00251405 0.00352359 -0.0012106 0.0032246 0.371179 0.00171444 0.188106 0.00152807 
11 0.75 27830000 20.4279 0.109749 -7.77872 0.0313268 76.0871 0.588957 10131.4 138.048 -0.00260198 0.00352359 0.000605317 0.00314108 0.372145 0.00181016 0.188825 0.0015489 
11 0.75 29040000 20.4279 0.109749 -7.77872 0.0313268 76.0871 0.588957 10131.4 138.048 -0.00260198 0.00352359 0.000605317 0.00307887 0.372145 0.00181016 0.188825 0.0015489 
11 0.75 30250000 20.4034 0.105797 -7.78572 0.0282893 76.1779 0.514013 10151.5 128.005 -0.00180017 0.00304088 -0.000305596 0.00302574 0.372461 0.0018094 0.188963 0.00142597 
11 0.75 31460000 20.4034 0.105797 -7.78572 0.0282893 76.1779 0.514013 10151.5 128.005 -0.00180017 0.00300777 -0.000305596 0.00296856 0.372461 0.0018094 0.188963 0.00142597 
11 0.75 32670000 20.3964 0.105797 -7.78976 0.0282893 76.2604 0.514013 10180.5 121.387 -0.00116755 0.00300777 -0.0015998 0.00290858 0.372327 0.0018094 0.188836 0.00141305 
11 0.75 33880000 20.3964 0.105797 -7.78976 0.0282893 76.2604 0.514013 10180.5 121.387 -0.00116755 0.00300777 -0.0015998 0.00288527 0.372327 0.0018094 0.188836 0.00141305 
11 0.75 35090000 20.459 0.104301 -7.76969 0.0298656 75.9208 0.537059 10102.9 135.225 -0.00193316 0.00283461 -0.00272602 0.00285128 0.371291 0.00189152 0.187938 0.00153865 
11 0.75 36300000 20.459 0.104301 -7.76969 0.0298656 75.9208 0.537059 10102.9 135.225 -0.00193316 0.00277433 -0.00272602 0.00278842 0.371291 0.00189152 0.187938 0.00153865 
11 0.75 37510000 20.4662 0.104301 -7.76448 0.028432 75.8365 0.507834 10088.2 127.012 -0.00292194 0.00273141 -0.00185642 0.00274075 0.37066 0.00189152 0.187494 0.00153865 
11 0.75 38720000 20.4662 0.104301 -7.76448 0.028432 75.8365 0.507834 10088.2 127.012 -0.00292194 0.00268195 -0.00185642 0.00269481 0.37066 0.00189152 0.187494 0.00153865 
11 0.75 39930000 20.4638 0.0913717 -7.76512 0.0265618 75.8877 0.478665 10107.6 120.543 -0.00350251 0.00269358 -0.00223452 0.00256768 0.370767 0.00172624 0.187732 0.00139365 
11 0.75 41140000 20.4638 0.0913717 -7.76512 0.0265618 75.8877 0.478665 10107.6 120.543 -0.00350251 0.00269358 -0.00223452 0.00254014 0.370767 0.00172624 0.187732 0.00139365 
11 0.75 42350000 20.4633 0.0913717 -7.76433 0.0252418 75.9048 0.450815 10115.7 113.724 -0.00359966 0.00269358 -0.00130779 0.00251182 0.370486 0.00172624 0.187527 0.00136003 
11 0.75 43560000 20.4633 0.0913717 -7.76433 0.0252418 75.9048 0.450815 10115.7 113.724 -0.00359966 0.00269358 -0.00130779 0.00248653 0.370486 0.00172624 0.187527 0.00136003 
11 0.75 44770000 20.4612 0.0812546 -7.76323 0.0236461 75.8562 0.428381 10098.1 108.752 -0.00377685 0.00245044 -0.000534952 0.00255233 0.370518 0.0015522 0.187495 0.0012533 
11 0.75 45980000 20.4612 0.0812546 -7.76323 0.0236461 75.8562 0.428381 10098.1 108.752 -0.00377685 0.00242115 -0.000534952 0.00255233 0.370518 0.0015522 0.187495 0.0012533 
11 0.75 47190000 20.4612 0.0812546 -7.76323 0.0236461 75.8562 0.428381 10098.1 108.752 -0.00377685 0.00243932 -0.000534952 0.00255233 0.370518 0.0015522 0.187495 0.0012533 
11 0.75 48400000 20.4505 0.0812546 -7.76836 0.0229513 75.9379 0.413548 10111.1 103.795 -0.00385945 0.00240822 -0.00068348 0.00255233 0.370968 0.0015522 0.187795 0.0012293 
11 0.75 49610000 20.4505 0.0812546 -7.76836 0.0229513 75.9379 0.413548 10111.1 103.795 -0.00385945 0.00240822 -0.00068348 0.00255233 0.370968 0.0015522 0.187795 0.0012293 
11 0.75 50820000 20.479 0.0759692 -7.77143 0.0250838 75.924 0.410259 10096.5 99.6165 -0.00319949 0.00232752 -0.000882416 0.00232062 0.371053 0.00161219 0.187782 0.00116164 
11 0.75 52030000 20.479 0.0750362 -7.77143 0.0250838 75.924 0.410259 10096.5 99.6165 -0.00319949 0.00232162 -0.000882416 0.00232062 0.371053 0.00161219 0.187782 0.00116164 
11 0.75 53240000 20.479 0.0750362 -7.77143 0.0250838 75.924 0.410259 10096.5 95.1569 -0.00319949 0.00230271 -0.000882416 0.00232062 0.371053 0.00161219 0.187782 0.00115956 
11 0.75 54450000 20.479 0.0750362 -7.77143 0.0250838 75.924 0.410259 10096.5 95.1569 -0.00319949 0.00227461 -0.000882416 0.00245405 0.371053 0.00161219 0.187782 0.00115956 
11 0.75 55660000 20.4938 0.070809 -7.77111 0.0250838 75.9602 0.410259 10110.6 91.0531 -0.00177565 0.00244403 -0.00137411 0.00239951 0.370999 0.00161219 0.187934 0.00115956 
11 0.75 56870000 20.4938 0.0696788 -7.77111 0.0250838 75.9602 0.410259 10110.6 91.0531 -0.00177565 0.00244403 -0.00137411 0.00236913 0.370999 0.00161219 0.187934 0.00115956 
11 0.75 58080000 20.4938 0.0696735 -7.77111 0.0250838 75.9602 0.410259 10110.6 87.0961 -0.00177565 0.00244403 -0.00137411 0.00232379 0.370999 0.00161219 0.187934 0.00115956 
11 0.75 59290000 20.4938 0.0696735 -7.77111 0.0250838 75.9602 0.410259 10110.6 87.0961 -0.00177565 0.00244403 -0.00137411 0.00227552 0.370999 0.00161219 0.187934 0.00115956 
11 0.75 60500000 20.519 0.068872 -7.76798 0.021139 75.8959 0.342846 10095.9 84.5999 -0.00104348 0.00265827 -0.00127716 0.00223233 0.370989 0.00134477 0.187834 0.000999573 
11 0.75 61710000 20.519 0.0702549 -7.76798 0.021139 75.8959 0.342846 10095.9 84.5999 -0.00104348 0.00265827 -0.00127716 0.00218745 0.370989 0.00134477 0.187834 0.000999573 
11 0.75 62920000 20.519 0.0688516 -7.76798 0.021139 75.8959 0.342846 10095.9 82.0916 -0.00104348 0.00265827 -0.00127716 0.00214424 0.370989 0.00134477 0.187834 0.000974268 
11 0.75 64130000 20.519 0.0682716 -7.76798 0.021139 75.8959 0.342846 10095.9 82.0916 -0.00104348 0.00265827 -0.00127716 0.00210938 0.370989 0.00134477 0.187834 0.000974268 
11 0.75 65340000 20.5096 0.0669603 -7.76938 0.021139 75.9213 0.342846 10098.8 79.4585 -0.00142853 0.00265827 -0.00129707 0.00208834 0.370855 0.00134477 0.187739 0.000972548 
11 0.75 66550000 20.5096 0.0658099 -7.76938 0.021139 75.9213 0.342846 10098.8 79.4585 -0.00142853 0.00265827 -0.00129707 0.00207236 0.370855 0.00134477 0.187739 0.000972548 
11 0.75 67760000 20.5096 0.0651189 -7.76938 0.021139 75.9213 0.342846 10098.8 77.3209 -0.00142853 0.00265827 -0.00129707 0.00205108 0.370855 0.00134477 0.187739 0.000967469 
11 0.75 68970000 20.5096 0.0643888 -7.76938 0.021139 75.9213 0.342846 10098.8 77.3209 -0.00142853 0.00265827 -0.00129707 0.00202954 0.370855 0.00134477 0.187739 0.000967469 
11 0.75 70180000 20.5097 0.0633139 -7.76826 0.0181211 75.9125 0.310317 10101.7 75.0168 -0.00216473 0.00250384 -0.00217847 0.00201677 0.370805 0.00116515 0.187652 0.000911547 
11 0.75 71390000 20.5097 0.0623925 -7.76826 0.0181211 75.9125 0.310317 10101.7 75.0168 -0.00216473 0.00250384 -0.00217847 0.00200008 0.370805 0.00116515 0.187652 0.000911547 
11 0.75 72600000 20.5097 0.0613423 -7.76826 0.0181211 75.9125 0.303496 10101.7 72.8492 -0.00216473 0.00250384 -0.00217847 0.0019841 0.370805 0.00116515 0.187652 0.00091855 
11 0.75 73810000 20.5097 0.0603248 -7.76826 0.0181211 75.9125 0.303496 10101.7 72.8492 -0.00216473 0.00250384 -0.00217847 0.00197585 0.370805 0.00116515 0.187652 0.00091855 
11 0.75 75020000 20.4975 0.0617287 -7.76742 0.0181211 75.8772 0.294268 10092.3 70.4367 -0.00253703 0.00250384 -0.0012845 0.00197275 0.370666 0.00116515 0.187494 0.000894427 
11 0.75 76230000 20.4975 0.0620297 -7.76742 0.0181211 75.8772 0.294268 10092.3 70.4367 -0.00253703 0.00250384 -0.0012845 0.00197275 0.370666 0.00116515 0.187494 0.000894427 
11 0.75 77440000 20.4975 0.0613903 -7.76742 0.0181211 75.8772 0.294268 10092.3 68.1939 -0.00253703 0.00250384 -0.0012845 0.00197275 0.370666 0.00116515 0.187494 0.000865671 
11 0.75 78650000 20.4975 0.0604615 -7.76742 0.0181211 75.8772 0.294268 10092.3 68.1939 -0.00253703 0.00250384 -0.0012845 0.00197275 0.370666 0.00116515 0.187494 0.000865671 
11 0.75 79860000 20.509 0.0600149 -7.76819 0.0160384 75.8712 0.275374 10089.1 66.0728 -0.0029273 0.00230406 -0.0021885 0.00208602 0.37064 0.00106585 0.187509 0.00083862 
11 0.75 81070000 20.509 0.0595492 -7.76819 0.0160384 75.8712 0.275374 10089.1 66.0728 -0.0029273 0.00230406 -0.0021885 0.00208602 0.37064 0.00106585 0.187509 0.00083862 
11 0.75 82280000 20.509 0.0588241 -7.76819 0.0158561 75.8712 0.269062 10089.1 64.4177 -0.0029273 0.00230406 -0.0021885 0.00204613 0.37064 0.00103839 0.187509 0.000820865 
11 0.75 83490000 20.509 0.058139 -7.76819 0.0158561 75.8712 0.269062 10089.1 64.4177 -0.0029273 0.00230406 -0.0021885 0.00204613 0.37064 0.00103839 0.187509 0.000820865 
11 0.75 84700000 20.4972 0.0574606 -7.76509 0.0158561 75.8286 0.261302 10080.7 62.5419 -0.00264465 0.00230406 -0.00188522 0.00197432 0.3705 0.00103112 0.187348 0.000798091 
11 0.75 85910000 20.4972 0.0578672 -7.76509 0.0158561 75.8286 0.261302 10080.7 62.5419 -0.00264465 0.00230406 -0.00188522 0.00197432 0.3705 0.00103112 0.187348 0.000798091 
11 0.75 87120000 20.4972 0.0573288 -7.76509 0.0158561 75.8286 0.260364 10080.7 61.4997 -0.00264465 0.00230406 -0.00188522 0.00199464 0.3705 0.00103112 0.187348 0.000775342 
11 0.75 88330000 20.4972 0.0566456 -7.76509 0.0158561 75.8286 0.260364 10080.7 61.4997 -0.00264465 0.00230406 -0.00188522 0.00199464 0.3705 0.00103112 0.187348 0.000775342 
11 0.75 89540000 20.5159 0.0559348 -7.76365 0.0147285 75.7811 0.249126 10061.7 60.5013 -0.00293732 0.00204807 -0.0021237 0.00196432 0.37053 0.000953502 0.187303 0.000754634 
11 0.75 90750000 20.5159 0.0552289 -7.76365 0.0147285 75.7811 0.249126 10061.7 60.5013 -0.00293732 0.00204807 -0.0021237 0.00196432 0.37053 0.000953502 0.187303 0.000754634 
11 0.75 91960000 20.5159 0.0545845 -7.76365 0.0147285 75.7811 0.246535 10061.7 58.9786 -0.00293732 0.00204807 -0.0021237 0.00195914 0.37053 0.000928046 0.187303 0.000734238 
11 0.75 93170000 20.5159 0.0538659 -7.76365 0.0147285 75.7811 0.246535 10061.7 58.9786 -0.00293732 0.00204807 -0.0021237 0.00195914 0.37053 0.000928046 0.187303 0.000734238 
11 0.75 94380000 20.5294 0.054425 -7.76378 0.0147285 75.7768 0.246535 10059.2 57.4392 -0.0027757 0.00204807 -0.00183041 0.00191282 0.370682 0.000922392 0.187383 0.000719251 
11 0.75 95590000 20.5294 0.0542251 -7.76378 0.0147285 75.7768 0.246535 10059.2 57.4392 -0.0027757 0.00204807 -0.00183041 0.00191282 0.370682 0.000922392 0.187383 0.000719251 
11 0.75 96800000 20.5294 0.0536242 -7.76378 0.0147285 75.7768 0.246535 10059.2 56.6828 -0.0027757 0.00204807 -0.00183041 0.00193185 0.370682 0.000922392 0.187383 0.000709291 
11 0.75 98010000 20.5294 0.0534157 -7.76378 0.0147285 75.7768 0.246535 10059.2 56.6828 -0.0027757 0.00204807 -0.00183041 0.00193185 0.370682 0.000922392 0.187383 0.000709291 
11 0.75 99220000 20.5294 0.0534157 -7.76378 0.0147285 75.7768 0.246535 10059.2 56.6828 -0.0027757 0.00204807 -0.00183041 0.00193185 0.370682 0.000922392 0.187383 0.000709291 
