L J MC_steps R2 R2_std E E_std E2 E2_std E4 E4_std Sin1 Sin1_std Cos1 Cos1_std Mag2 Mag2_std Mag4 Mag4_std
11 0 1210000 25.9777 0.517179 0.0689437 0.0924582 6.35525 0.339267 141.151 22.3543 -0.00806194 0.00744366 -0.00591053 0.00758168 0.0886125 0.00276742 0.0147749 0.00091933 
11 0 2420000 26.0073 0.343341 0.00529401 0.0616292 6.21479 0.22275 129.489 13.0609 -0.00680902 0.00487757 -0.00158859 0.00617921 0.0900137 0.00200547 0.0153888 0.000674084 
11 0 3630000 26.3161 0.271968 -0.0133239 0.0471385 6.20194 0.175172 124.417 10.3567 -0.000960574 0.0062242 -0.00163512 0.00466193 0.0897835 0.00156338 0.0152152 0.000526259 
11 0 4840000 26.0581 0.270115 -0.0290245 0.0401886 6.36712 0.151742 131.231 8.62926 -0.00318746 0.00470964 -1.41277e-05 0.00386887 0.0904027 0.00136429 0.0156659 0.000471336 
11 0 6050000 25.9714 0.227419 -0.0198376 0.0364174 6.35224 0.130969 131.389 7.97568 -0.00245954 0.00369712 0.000704597 0.00328441 0.0903551 0.00122822 0.0156333 0.000437252 
11 0 7260000 26.0011 0.208727 -0.0290874 0.0320849 6.26882 0.117711 126.965 7.32378 -0.00404227 0.00321522 0.00108351 0.00294539 0.090316 0.00108691 0.0154573 0.000384749 
11 0 8470000 26.1163 0.193998 -0.0329408 0.0300649 6.3003 0.111531 130.353 6.79849 -0.00374288 0.00285418 0.00058384 0.00265631 0.0903315 0.00101629 0.015565 0.000370204 
11 0 9680000 26.1648 0.182583 -0.0245383 0.028446 6.25151 0.103422 126.077 6.2772 -0.00306996 0.00271563 0.00272201 0.00248968 0.0902444 0.000959081 0.0154882 0.000345389 
11 0 10890000 26.2136 0.164807 -0.0130233 0.026472 6.21125 0.0979926 124.438 5.6449 -0.00257987 0.00242118 0.00148122 0.00233357 0.0901881 0.000919856 0.0154174 0.000329058 
11 0 12100000 26.2198 0.162266 -0.00512283 0.024977 6.20018 0.0910821 125.774 5.49259 -0.00339285 0.0022285 0.000732922 0.00214769 0.0904348 0.000870406 0.0155052 0.000309872 
11 0 13310000 26.2449 0.147438 0.00809164 0.0300259 6.15246 0.106726 122.997 5.32503 -0.00379844 0.00210722 0.000692414 0.00202104 0.0902485 0.000821934 0.0154273 0.000290977 
11 0 14520000 26.2577 0.134589 0.00983605 0.0300259 6.14696 0.106726 122.722 5.16272 -0.0026733 0.00208123 0.00103072 0.00193239 0.0901174 0.000796163 0.0154172 0.000280175 
11 0 15730000 26.2432 0.131826 -0.000291705 0.0261657 6.17949 0.092296 124.62 4.72531 -0.00114736 0.00267172 0.000933383 0.00183048 0.0901899 0.000756007 0.0154922 0.000269049 
11 0 16940000 26.1797 0.129824 -0.00698121 0.0261657 6.1578 0.092296 123.717 4.55022 -0.00196029 0.00267172 0.00053865 0.00177582 0.0901345 0.000725867 0.015466 0.000256774 
11 0 18150000 26.1564 0.122624 -0.00367799 0.0226458 6.15787 0.0816026 123.706 4.2164 -0.00211214 0.00245808 0.000498815 0.00170645 0.090183 0.000705534 0.0154901 0.000251197 
11 0 19360000 26.1277 0.117749 -0.000234134 0.0226458 6.12984 0.0816026 123.19 4.06156 -0.00205773 0.00245808 0.000565353 0.00165121 0.0901128 0.000676446 0.0154139 0.000239359 
11 0 20570000 26.0908 0.116032 0.00633442 0.021917 6.13752 0.0738966 123.574 3.84097 -0.00200404 0.00215319 0.00101123 0.00156449 0.08989 0.0006454 0.0153474 0.000229312 
11 0 21780000 26.1147 0.112117 0.00565992 0.021917 6.15177 0.0738966 124.181 3.79131 -0.00108245 0.00215319 0.000767367 0.00153978 0.0899055 0.000628765 0.0153796 0.000225263 
11 0 22990000 26.121 0.105606 0.0161192 0.0215556 6.1203 0.0680074 122.775 3.71313 -0.00114609 0.00207786 0.000413504 0.00148819 0.0896167 0.000612382 0.0152502 0.000220011 
11 0 24200000 26.1631 0.108134 0.0150848 0.0215556 6.10775 0.0676618 122.18 3.57632 -2.0233e-05 0.00207786 8.46678e-05 0.00146807 0.0895324 0.000597701 0.0152245 0.000214714 
11 0 25410000 26.1523 0.126992 0.0130617 0.0196157 6.13607 0.0681392 123.279 3.54512 0.000220849 0.00227571 -0.000144591 0.00151545 0.0897891 0.000578925 0.0153167 0.000207254 
11 0 26620000 26.1523 0.126992 0.0130617 0.0196157 6.13607 0.0649155 123.279 3.37887 0.000220849 0.00227571 -0.000144591 0.00151545 0.0897891 0.000572783 0.0153167 0.000204465 
11 0 27830000 26.1048 0.126992 0.0111946 0.0179211 6.12783 0.06272 123.819 3.38393 4.41646e-05 0.00227245 -9.77496e-05 0.00151545 0.0899145 0.000562886 0.0153478 0.00020249 
11 0 29040000 26.1048 0.126992 0.0111946 0.0179211 6.12783 0.060233 123.819 3.465 4.41646e-05 0.00227245 -9.77496e-05 0.00151545 0.0899145 0.000549719 0.0153478 0.000198342 
11 0 30250000 26.0406 0.147006 0.0112436 0.0176855 6.12668 0.0578796 123.922 3.33012 0.000258701 0.00191375 5.99127e-05 0.00130118 0.0899228 0.00053351 0.0153653 0.000192847 
11 0 31460000 26.0406 0.147006 0.0112436 0.0170455 6.12668 0.0590429 123.922 3.24785 0.000258701 0.00191375 5.99127e-05 0.0012766 0.0899228 0.000530515 0.0153653 0.000191202 
11 0 32670000 26.035 0.147006 0.0122 0.0165726 6.14132 0.0570497 124.672 3.17073 4.88392e-05 0.00189402 0.000134508 0.0012766 0.0901384 0.000518065 0.0154523 0.000186474 
11 0 33880000 26.035 0.147006 0.0122 0.0161737 6.14132 0.054958 124.672 3.0858 4.88392e-05 0.00189402 0.000134508 0.0012766 0.0901384 0.000507776 0.0154523 0.000181565 
11 0 35090000 26.0783 0.130767 0.0135244 0.0156526 6.15126 0.0536306 125.092 3.31547 -0.000310849 0.00170694 0.000475762 0.00122205 0.0900619 0.000497901 0.0154338 0.000179814 
11 0 36300000 26.0783 0.130767 0.0135244 0.0158851 6.15126 0.0559631 125.092 3.24578 -0.000310849 0.00170694 0.000475762 0.00121249 0.0900619 0.000488326 0.0154338 0.000176146 
11 0 37510000 26.0381 0.130767 0.00724398 0.0154088 6.17394 0.054108 125.249 3.17464 -0.000327932 0.00170694 0.000423803 0.00120057 0.090364 0.000479015 0.0155179 0.000172809 
11 0 38720000 26.0381 0.130767 0.00724398 0.0150395 6.17394 0.0525232 125.249 3.0864 -0.000327932 0.00170694 0.000423803 0.00119561 0.090364 0.000469805 0.0155179 0.000169009 
11 0 39930000 26.0016 0.135078 0.009039 0.0145708 6.15306 0.0534716 123.964 3.01122 -0.000767707 0.00155351 0.000614765 0.0012033 0.0902959 0.000445782 0.015466 0.000164033 
11 0 41140000 26.0016 0.135078 0.009039 0.0141391 6.15306 0.0528951 123.964 2.95495 -0.000767707 0.00155351 0.000614765 0.00118364 0.0902959 0.000444759 0.015466 0.000164033 
11 0 42350000 26.0011 0.135078 0.00545498 0.0143104 6.17692 0.0532582 124.474 2.89742 -0.000845575 0.00155351 0.000993872 0.00117165 0.0904499 0.000444458 0.0155334 0.000167666 
11 0 43560000 26.0011 0.135078 0.00545498 0.0140722 6.17692 0.0532582 124.474 2.83687 -0.000845575 0.00155351 0.000993872 0.00115219 0.0904499 0.000444458 0.0155334 0.000167666 
11 0 44770000 25.9949 0.120233 0.00898125 0.0137421 6.17778 0.0503063 124.353 2.7726 -0.000624561 0.00138747 0.000750335 0.00113224 0.0903616 0.000428452 0.0155397 0.000158469 
11 0 45980000 25.9949 0.120233 0.00898125 0.0135779 6.17778 0.0503063 124.353 2.74488 -0.000624561 0.00138747 0.000750335 0.00111277 0.0903616 0.000428452 0.0155397 0.000158469 
11 0 47190000 25.9949 0.120233 0.00898125 0.0135779 6.17778 0.0503063 124.353 2.75032 -0.000624561 0.00138747 0.000750335 0.00109858 0.0903616 0.000428452 0.0155397 0.000158469 
11 0 48400000 26.0001 0.120233 0.00618462 0.0132265 6.18157 0.0479405 124.827 2.73664 -0.000599309 0.00138747 0.000734301 0.00109425 0.0904754 0.000420753 0.0155834 0.000156035 
11 0 49610000 26.0001 0.120233 0.00618462 0.0128881 6.18157 0.0482257 124.827 2.75465 -0.000599309 0.00138747 0.000734301 0.00109574 0.0904754 0.000420753 0.0155834 0.000156035 
11 0 50820000 26.0097 0.10911 0.00276941 0.0130472 6.18957 0.0471977 125.75 2.70451 -0.000589294 0.00135612 0.000505526 0.00107151 0.0906268 0.000426091 0.0156523 0.00018478 
11 0 52030000 26.0097 0.10911 0.00276941 0.0127395 6.18957 0.0469057 125.75 2.7342 -0.000589294 0.00135612 0.000505526 0.00105514 0.0906268 0.000426091 0.0156523 0.00018478 
11 0 53240000 26.0097 0.10911 0.00276941 0.0124787 6.18957 0.0469057 125.75 2.68376 -0.000589294 0.00135612 0.000505526 0.00104251 0.0906268 0.000415791 0.0156523 0.00018478 
11 0 54450000 26.0097 0.10911 0.00276941 0.0123361 6.18957 0.0469057 125.75 2.63548 -0.000589294 0.00135612 0.000505526 0.00102393 0.0906268 0.000415791 0.0156523 0.00018478 
11 0 55660000 25.9817 0.102704 0.00146255 0.0120561 6.17582 0.0469057 125.467 2.59771 -0.000914088 0.00135612 0.00055541 0.00100613 0.0905116 0.000415791 0.0156192 0.00018478 
11 0 56870000 25.9817 0.102704 0.00146255 0.0118442 6.17582 0.0469057 125.467 2.5669 -0.000914088 0.00135612 0.00055541 0.000995457 0.0905116 0.000415791 0.0156192 0.00018478 
11 0 58080000 25.9817 0.102704 0.00146255 0.0115927 6.17582 0.0469057 125.467 2.52798 -0.000914088 0.00135612 0.00055541 0.00098016 0.0905116 0.000415791 0.0156192 0.00018478 
11 0 59290000 25.9817 0.102704 0.00146255 0.0113468 6.17582 0.0469057 125.467 2.49541 -0.000914088 0.00135612 0.00055541 0.000971107 0.0905116 0.000415791 0.0156192 0.00018478 
11 0 60500000 25.9768 0.0942646 0.00101702 0.0111764 6.18276 0.0417096 125.346 2.45778 -0.000749463 0.00113952 0.000597708 0.000965799 0.0905853 0.000376027 0.0156303 0.000155286 
11 0 61710000 25.9768 0.0942646 0.00101702 0.0113151 6.18276 0.0417261 125.346 2.44434 -0.000749463 0.00113952 0.000597708 0.000956426 0.0905853 0.000376027 0.0156303 0.000155286 
11 0 62920000 25.9768 0.0942646 0.00101702 0.0112213 6.18276 0.0414805 125.346 2.41532 -0.000749463 0.00113952 0.000597708 0.000949503 0.0905853 0.000368951 0.0156303 0.000155286 
11 0 64130000 25.9768 0.0942646 0.00101702 0.0110115 6.18276 0.0414805 125.346 2.38679 -0.000749463 0.00113952 0.000597708 0.000941567 0.0905853 0.000366797 0.0156303 0.000155286 
11 0 65340000 25.9754 0.0870243 -0.000633957 0.0107998 6.20044 0.0404095 126.431 2.35306 -0.000780743 0.00113952 0.000820823 0.000930889 0.0907527 0.000371295 0.0157117 0.000155286 
11 0 66550000 25.9754 0.0870243 -0.000633957 0.0107362 6.20044 0.0404095 126.431 2.32213 -0.000780743 0.00113952 0.000820823 0.00092087 0.0907527 0.000371295 0.0157117 0.000155286 
11 0 67760000 25.9754 0.0870243 -0.000633957 0.0106373 6.20044 0.0424693 126.431 2.33596 -0.000780743 0.00113952 0.000820823 0.00091137 0.0907527 0.000370314 0.0157117 0.000155286 
11 0 68970000 25.9754 0.0870243 -0.000633957 0.0105371 6.20044 0.0424693 126.431 2.30464 -0.000780743 0.00113952 0.000820823 0.000905384 0.0907527 0.000370314 0.0157117 0.000155286 
11 0 70180000 25.9785 0.0808661 -0.00655867 0.0104287 6.2218 0.0495688 127.534 2.374 -0.000750309 0.000976734 0.00118641 0.000904451 0.0908381 0.00037951 0.0157465 0.000171105 
11 0 71390000 25.9785 0.0808661 -0.00655867 0.0103171 6.2218 0.0495688 127.534 2.374 -0.000750309 0.000976734 0.00118641 0.000900248 0.0908381 0.00037951 0.0157465 0.000171105 
11 0 72600000 25.9785 0.0808661 -0.00655867 0.0105568 6.2218 0.0495688 127.534 2.374 -0.000750309 0.000976734 0.00118641 0.000894637 0.0908381 0.00037951 0.0157465 0.000171105 
11 0 73810000 25.9785 0.0808661 -0.00655867 0.0108138 6.2218 0.0495688 127.534 2.374 -0.000750309 0.000976734 0.00118641 0.000883127 0.0908381 0.00037951 0.0157465 0.000171105 
11 0 75020000 25.9669 0.0763056 -0.00877145 0.0106702 6.21397 0.0495688 127.56 2.374 -0.000756446 0.000976734 0.00113444 0.000873923 0.0909552 0.00037951 0.0157893 0.000171105 
11 0 76230000 25.9669 0.0763056 -0.00877145 0.0104974 6.21397 0.0495688 127.56 2.374 -0.000756446 0.000976734 0.00113444 0.000868334 0.0909552 0.00037951 0.0157893 0.000171105 
11 0 77440000 25.9669 0.0763056 -0.00877145 0.0103468 6.21397 0.0495688 127.56 2.374 -0.000756446 0.000976734 0.00113444 0.000867322 0.0909552 0.00037951 0.0157893 0.000171105 
11 0 78650000 25.9669 0.0763056 -0.00877145 0.0101846 6.21397 0.0495688 127.56 2.374 -0.000756446 0.000976734 0.00113444 0.000852861 0.0909552 0.00037951 0.0157893 0.000171105 
11 0 79860000 25.9693 0.0715734 -0.00953648 0.0100265 6.21715 0.0435906 127.336 2.19389 -0.000858526 0.0008795 0.00133126 0.000852172 0.0909748 0.000355849 0.015801 0.000158175 
11 0 81070000 25.9693 0.0715734 -0.00953648 0.00987993 6.21715 0.0435906 127.336 2.16581 -0.000858526 0.000872816 0.00133126 0.000844301 0.0909748 0.000355849 0.015801 0.000158175 
11 0 82280000 25.9693 0.0715734 -0.00953648 0.00979639 6.21715 0.0435906 127.336 2.14467 -0.000858526 0.000861759 0.00133126 0.000833673 0.0909748 0.000381322 0.015801 0.000158175 
11 0 83490000 25.9693 0.0715734 -0.00953648 0.0100253 6.21715 0.0435906 127.336 2.13846 -0.000858526 0.000860616 0.00133126 0.000822092 0.0909748 0.000381322 0.015801 0.000158175 
11 0 84700000 25.9682 0.0673709 -0.00559031 0.0098833 6.21168 0.0435906 126.792 2.11558 -0.000778655 0.000860616 0.00118478 0.000815429 0.0906671 0.000412413 0.0157036 0.000158175 
11 0 85910000 25.9682 0.0673709 -0.00559031 0.00974568 6.21168 0.0435906 126.792 2.10106 -0.000778655 0.000860616 0.00118478 0.000810722 0.0906671 0.000412413 0.0157036 0.000158175 
11 0 87120000 25.9682 0.0673709 -0.00559031 0.00969515 6.21168 0.0435906 126.792 2.08546 -0.000778655 0.000860616 0.00118478 0.000807597 0.0906671 0.000412413 0.0157036 0.000158175 
11 0 88330000 25.9682 0.0673709 -0.00559031 0.00967481 6.21168 0.0435906 126.792 2.08546 -0.000778655 0.000860616 0.00118478 0.000802336 0.0906671 0.000412413 0.0157036 0.000158175 
11 0 89540000 25.9596 0.0641743 -0.00624739 0.0095414 6.20055 0.0417866 126.307 2.09224 -0.00081209 0.00080793 0.000927587 0.000800043 0.090671 0.000426758 0.0157132 0.000163196 
11 0 90750000 25.9596 0.0641743 -0.00624739 0.00941349 6.20055 0.0417866 126.307 2.09224 -0.00081209 0.000803861 0.000927587 0.000796128 0.090671 0.000426758 0.0157132 0.000163196 
11 0 91960000 25.9596 0.0641743 -0.00624739 0.00928858 6.20055 0.0417866 126.307 2.09224 -0.00081209 0.000796768 0.000927587 0.000789163 0.090671 0.000426758 0.0157132 0.000163196 
11 0 93170000 25.9596 0.0641743 -0.00624739 0.00918442 6.20055 0.0417866 126.307 2.09224 -0.00081209 0.000796246 0.000927587 0.000784654 0.090671 0.000426758 0.0157132 0.000163196 
11 0 94380000 25.9522 0.0612275 -0.00646811 0.00906373 6.19121 0.0417866 126.289 2.09224 -0.000887554 0.000788435 0.000935965 0.000780843 0.090713 0.000426758 0.0157253 0.000163196 
11 0 95590000 25.9522 0.0612275 -0.00646811 0.00894994 6.19121 0.0417866 126.289 2.09224 -0.000887554 0.000780629 0.000935965 0.000774392 0.090713 0.000426758 0.0157253 0.000163196 
11 0 96800000 25.9522 0.0612275 -0.00646811 0.00883826 6.19121 0.0417866 126.289 2.09224 -0.000887554 0.000773763 0.000935965 0.000767725 0.090713 0.000426758 0.0157253 0.000163196 
11 0 98010000 25.9522 0.0612275 -0.00646811 0.00902421 6.19121 0.0417866 126.289 2.09224 -0.000887554 0.000766244 0.000935965 0.000762257 0.090713 0.000426758 0.0157253 0.000163196 
11 0 99220000 25.9522 0.0612275 -0.00646811 0.00902421 6.19121 0.0417866 126.289 2.09224 -0.000887554 0.000766244 0.000935965 0.000757765 0.090713 0.000426758 0.0157253 0.000163196 
