L J MC_steps R2 R2_std E E_std E2 E2_std E4 E4_std Sin1 Sin1_std Cos1 Cos1_std Mag2 Mag2_std Mag4 Mag4_std
5 0.5 250000 6.86161 0.168041 -1.38426 0.0650339 5.10104 0.27092 71.1455 6.45025 -0.0138662 0.0148391 -0.00184485 0.0176125 0.345568 0.00917115 0.182738 0.00818194 
5 0.5 500000 6.86607 0.10142 -1.40888 0.0496228 5.11801 0.185681 71.7151 4.31322 -0.00304118 0.0112666 0.00609677 0.0112811 0.352388 0.00816925 0.18651 0.00691187 
5 0.5 750000 6.85369 0.0750507 -1.4084 0.047398 5.09235 0.140842 70.5243 3.41918 -0.00945145 0.00881775 0.00684435 0.0102077 0.352459 0.00708689 0.186506 0.00531206 
5 0.5 1000000 6.86875 0.0617676 -1.41765 0.0368784 5.18351 0.122532 72.8659 2.93467 -0.0124639 0.00770637 0.00379946 0.00802409 0.355198 0.00576153 0.189539 0.00451202 
5 0.5 1250000 6.92928 0.0579456 -1.43205 0.0310475 5.2145 0.107109 73.2325 2.5987 -0.00842105 0.00683093 -0.0016367 0.00767851 0.356954 0.00487924 0.190575 0.00389978 
5 0.5 1500000 6.9098 0.0505323 -1.42864 0.0266518 5.2482 0.101131 74.2805 2.37979 -0.00548048 0.00613743 -0.00394556 0.00652773 0.35714 0.00421531 0.191524 0.00359819 
5 0.5 1750000 6.90325 0.0462422 -1.4204 0.0236617 5.24518 0.0894098 74.6562 2.14162 -0.00453229 0.00586467 -0.00425444 0.00578994 0.356884 0.00360814 0.19175 0.00306295 
5 0.5 2000000 6.92708 0.0458136 -1.41957 0.0216196 5.22332 0.0811234 73.5503 1.94959 -0.00223625 0.00519074 -0.00454712 0.00542459 0.356963 0.00327204 0.191631 0.00279032 
5 0.5 2250000 6.91337 0.0421947 -1.41316 0.0204291 5.2036 0.0771811 72.9501 1.93092 2.44248e-05 0.00674267 -0.00340669 0.00498147 0.356283 0.0030543 0.190775 0.00264419 
5 0.5 2500000 6.92331 0.0385497 -1.40734 0.0195786 5.17943 0.0717582 72.3855 1.73642 -0.0011431 0.00599443 -0.00261084 0.00470227 0.355404 0.0028114 0.189925 0.00243645 
5 0.5 2750000 6.92656 0.0360681 -1.40929 0.0185795 5.21031 0.0696361 73.3481 1.95651 -0.00174446 0.00571644 -0.00287557 0.00465199 0.355491 0.00263905 0.190224 0.00230533 
5 0.5 3000000 6.9169 0.033714 -1.41601 0.0176838 5.23378 0.0690503 73.9519 1.95651 -0.00182005 0.00565372 0.000105005 0.00484565 0.355935 0.00252798 0.190653 0.00217655 
5 0.5 3250000 6.91455 0.0323362 -1.41438 0.0169739 5.20736 0.0639565 73.5261 1.68572 -0.00142243 0.00477935 -0.00216793 0.0046681 0.35542 0.00238489 0.19002 0.00207969 
5 0.5 3500000 6.90069 0.0313132 -1.42208 0.0162619 5.21697 0.0662293 73.626 1.73662 -0.00153605 0.0047206 -0.00169353 0.00433306 0.356052 0.00234896 0.190322 0.00203917 
5 0.5 3750000 6.90458 0.0305218 -1.4169 0.0160458 5.20055 0.0657439 73.1398 1.68201 -0.000563149 0.00420371 -0.00120756 0.00405071 0.354905 0.00232226 0.189415 0.00201918 
5 0.5 4000000 6.90599 0.0292682 -1.41761 0.0165125 5.20202 0.0654351 73.1916 1.66362 -0.000942389 0.00412369 -0.000628448 0.00382184 0.354933 0.00231629 0.189483 0.00203304 
5 0.5 4250000 6.90381 0.0283742 -1.42071 0.0158953 5.21009 0.0615606 73.5281 1.56691 -0.000924403 0.00369429 -0.00120805 0.00362666 0.355274 0.00220422 0.18982 0.00192392 
5 0.5 4500000 6.89924 0.0272167 -1.41428 0.0157121 5.20872 0.0597648 73.6734 1.52471 -0.00275979 0.00390639 -0.000462795 0.00348905 0.354762 0.00214684 0.189621 0.00186738 
5 0.5 4750000 6.90061 0.0264024 -1.41355 0.014861 5.21458 0.0569532 73.9278 1.45064 -0.00263431 0.00369139 -0.000860264 0.00332645 0.354434 0.00204958 0.189406 0.00177752 
5 0.5 5000000 6.8969 0.0259008 -1.41636 0.0142411 5.22948 0.0549261 74.1627 1.38779 -0.00231616 0.00360222 -0.000866706 0.00326495 0.354918 0.00197024 0.189796 0.00170608 
5 0.5 5250000 6.90049 0.0253111 -1.41582 0.0138394 5.23699 0.0539725 74.4036 1.33796 -0.003324 0.00423392 0.000774969 0.00338771 0.355283 0.00196559 0.190167 0.00170467 
5 0.5 5500000 6.90049 0.0248499 -1.41582 0.0136412 5.23699 0.052946 74.4036 1.29863 -0.003324 0.00423392 0.000774969 0.00322708 0.355283 0.00193043 0.190167 0.00167247 
5 0.5 5750000 6.90803 0.0242953 -1.40832 0.013503 5.20371 0.0531052 73.6714 1.30469 -0.00228552 0.00423392 0.00145295 0.00316549 0.354327 0.00186585 0.189272 0.00164335 
5 0.5 6000000 6.90803 0.0238194 -1.40832 0.0129643 5.20371 0.0509578 73.6714 1.29269 -0.00228552 0.00423392 0.00145295 0.00305281 0.354327 0.00179743 0.189272 0.00157796 
5 0.5 6250000 6.89307 0.0231464 -1.40464 0.0127206 5.19885 0.0496886 73.5212 1.221 -0.00231253 0.00364708 0.00134849 0.00294724 0.354165 0.00175397 0.189076 0.00154341 
5 0.5 6500000 6.89307 0.0227741 -1.40464 0.0122696 5.19885 0.048041 73.5212 1.19367 -0.00231253 0.00364708 0.00134849 0.00307468 0.354165 0.0016872 0.189076 0.00148418 
5 0.5 6750000 6.90054 0.0222959 -1.40545 0.0119059 5.21125 0.0467986 73.7393 1.14481 -0.00179595 0.00364708 -0.000465107 0.00300863 0.354342 0.00163791 0.189313 0.00144064 
5 0.5 7000000 6.90054 0.0219125 -1.40545 0.0116351 5.21125 0.0466343 73.7393 1.151 -0.00179595 0.00364708 -0.000465107 0.00293178 0.354342 0.00159222 0.189313 0.001424 
5 0.5 7250000 6.89858 0.0213484 -1.40162 0.0116523 5.18705 0.0465019 73.1733 1.17562 -0.0017281 0.00317255 -0.000581025 0.00284085 0.353905 0.00156722 0.188794 0.00140779 
5 0.5 7500000 6.89858 0.0209066 -1.40162 0.0114392 5.18705 0.0465019 73.1733 1.17562 -0.0017281 0.00317255 -0.000581025 0.00283429 0.353905 0.00154348 0.188794 0.00137598 
5 0.5 7750000 6.89538 0.020722 -1.39981 0.01107 5.16462 0.0485135 72.6842 1.19468 -0.00133902 0.00317255 -0.00110052 0.00275071 0.353491 0.00149462 0.188364 0.00133564 
5 0.5 8000000 6.89538 0.0203477 -1.39981 0.0111685 5.16462 0.0485135 72.6842 1.19468 -0.00133902 0.00317255 -0.00110052 0.00273645 0.353491 0.0015084 0.188364 0.00135178 
5 0.5 8250000 6.89081 0.0198603 -1.39393 0.0114707 5.14345 0.0523194 72.1957 1.26202 -0.00110069 0.00283734 -0.000257111 0.00264266 0.352768 0.00148185 0.187726 0.00138073 
5 0.5 8500000 6.89081 0.0198875 -1.39393 0.0114707 5.14345 0.0523194 72.1957 1.26202 -0.00110069 0.00283734 -0.000257111 0.00262091 0.352768 0.00147634 0.187726 0.00138073 
5 0.5 8750000 6.89131 0.0196992 -1.39228 0.0114707 5.13529 0.0523194 72.1994 1.26202 -0.0022684 0.00283734 -0.00064118 0.00256196 0.35232 0.00145586 0.187306 0.00138073 
5 0.5 9000000 6.89131 0.0194378 -1.39228 0.0114707 5.13529 0.0523194 72.1994 1.26202 -0.0022684 0.00283734 -0.00064118 0.00250403 0.35232 0.00145586 0.187306 0.00138073 
5 0.5 9250000 6.88694 0.019136 -1.39072 0.0106355 5.1331 0.0475191 72.2465 1.12282 -0.00191264 0.0026357 -0.000369497 0.00248651 0.35188 0.00151048 0.187045 0.00138478 
5 0.5 9500000 6.88694 0.0191366 -1.39072 0.0106355 5.1331 0.0475191 72.2465 1.12282 -0.00191264 0.0026357 -0.000369497 0.00242118 0.35188 0.00151048 0.187045 0.00138478 
5 0.5 9750000 6.88694 0.0187351 -1.39072 0.0106355 5.1331 0.0475191 72.2465 1.12282 -0.00191264 0.0026357 -0.000369497 0.00241086 0.35188 0.00151048 0.187045 0.00138478 
5 0.5 10000000 6.877 0.0185226 -1.39623 0.0107752 5.14771 0.0475191 72.5855 1.12282 -0.00141402 0.0026357 -0.000527323 0.00234774 0.352499 0.00151048 0.187546 0.00138478 
5 0.5 10250000 6.877 0.018201 -1.39623 0.0107752 5.14771 0.0475191 72.5855 1.12282 -0.00141402 0.0026357 -0.000527323 0.00234468 0.352499 0.00151048 0.187546 0.00138478 
5 0.5 10500000 6.87856 0.0179802 -1.39543 0.0110752 5.14313 0.0438132 72.4866 1.03588 -0.00103629 0.0025136 0.000383685 0.00231824 0.352612 0.00152642 0.187628 0.00136333 
5 0.5 10750000 6.87856 0.0178108 -1.39543 0.0110752 5.14313 0.0438132 72.4866 1.03588 -0.00103629 0.0025136 0.000383685 0.00228129 0.352612 0.00152642 0.187628 0.00136333 
5 0.5 11000000 6.87856 0.0177995 -1.39543 0.0110752 5.14313 0.0438132 72.4866 1.03588 -0.00103629 0.0025136 0.000383685 0.00223062 0.352612 0.00152642 0.187628 0.00136333 
5 0.5 11250000 6.87856 0.0175905 -1.39543 0.0110752 5.14313 0.0438132 72.4866 1.03588 -0.00103629 0.0025136 0.000383685 0.00217875 0.352612 0.00152642 0.187628 0.00136333 
5 0.5 11500000 6.87398 0.0173552 -1.39274 0.0110752 5.14464 0.0398562 72.4646 0.977883 0.000178124 0.00256171 5.15847e-05 0.00213154 0.352492 0.0013924 0.187519 0.00124372 
5 0.5 11750000 6.87398 0.0171306 -1.39274 0.0110752 5.14464 0.0398562 72.4646 0.977883 0.000178124 0.00256171 5.15847e-05 0.00214479 0.352492 0.0013924 0.187519 0.00124372 
5 0.5 12000000 6.87398 0.0169167 -1.39274 0.0110752 5.14464 0.0398562 72.4646 0.977883 0.000178124 0.00256171 5.15847e-05 0.00212312 0.352492 0.0013924 0.187519 0.00124372 
5 0.5 12250000 6.87398 0.0166691 -1.39274 0.0110752 5.14464 0.0398562 72.4646 0.977883 0.000178124 0.00256171 5.15847e-05 0.00218449 0.352492 0.0013924 0.187519 0.00124372 
5 0.5 12500000 6.87134 0.0165822 -1.39182 0.0097993 5.13944 0.0368729 72.3005 0.877624 0.00013925 0.00234853 0.000522302 0.00216109 0.352364 0.00128216 0.18742 0.00114401 
5 0.5 12750000 6.87134 0.0164668 -1.39182 0.0097993 5.13944 0.0368729 72.3005 0.877624 0.00013925 0.00234853 0.000522302 0.00214342 0.352364 0.00128216 0.18742 0.00114401 
5 0.5 13000000 6.87134 0.0169843 -1.39182 0.0097993 5.13944 0.0368729 72.3005 0.877624 0.00013925 0.00234853 0.000522302 0.00214104 0.352364 0.00128216 0.18742 0.00114401 
5 0.5 13250000 6.87134 0.0169843 -1.39182 0.0097993 5.13944 0.0368729 72.3005 0.877624 0.00013925 0.00234853 0.000522302 0.00211785 0.352364 0.00128216 0.18742 0.00114401 
5 0.5 13500000 6.85907 0.0164904 -1.39383 0.0097993 5.14681 0.0347663 72.4803 0.832415 0.000282101 0.00217222 0.000864942 0.00207723 0.352596 0.00120421 0.187545 0.00106279 
5 0.5 13750000 6.85907 0.0164904 -1.39383 0.0097993 5.14681 0.0347663 72.4803 0.832415 0.000282101 0.00217222 0.000864942 0.00205603 0.352596 0.00120421 0.187545 0.00106279 
5 0.5 14000000 6.85907 0.0164766 -1.39383 0.0097993 5.14681 0.0347663 72.4803 0.832415 0.000282101 0.00217222 0.000864942 0.00202337 0.352596 0.00120421 0.187545 0.00106279 
5 0.5 14250000 6.85907 0.0164766 -1.39383 0.0097993 5.14681 0.0347663 72.4803 0.832415 0.000282101 0.00217222 0.000864942 0.00200126 0.352596 0.00120421 0.187545 0.00106279 
5 0.5 14500000 6.86014 0.0158927 -1.39405 0.00864945 5.13984 0.032974 72.3565 0.7873 0.000499594 0.00202792 0.000995449 0.00197967 0.352622 0.00111849 0.187484 0.00098861 
5 0.5 14750000 6.86014 0.0158927 -1.39405 0.00864945 5.13984 0.032974 72.3565 0.7873 0.000499594 0.00202792 0.000995449 0.00194522 0.352622 0.00111849 0.187484 0.00098861 
5 0.5 15000000 6.86014 0.0153519 -1.39405 0.00864945 5.13984 0.032974 72.3565 0.778341 0.000499594 0.00202792 0.000995449 0.00200501 0.352622 0.00111849 0.187484 0.00098861 
5 0.5 15250000 6.86014 0.0153519 -1.39405 0.00864945 5.13984 0.032974 72.3565 0.778341 0.000499594 0.00202792 0.000995449 0.00203811 0.352622 0.00111849 0.187484 0.00098861 
5 0.5 15500000 6.86136 0.0153519 -1.39264 0.00864945 5.14043 0.0307809 72.4047 0.735928 -0.000216493 0.00201519 0.00113299 0.00200587 0.352369 0.00107224 0.187323 0.000935793 
5 0.5 15750000 6.86136 0.0153519 -1.39264 0.00864945 5.14043 0.0307809 72.4047 0.735928 -0.000216493 0.00201519 0.00113299 0.00197344 0.352369 0.00107224 0.187323 0.000935793 
5 0.5 16000000 6.86136 0.0153519 -1.39264 0.00864945 5.14043 0.0307809 72.4047 0.72794 -0.000216493 0.00201519 0.00113299 0.00195513 0.352369 0.00107224 0.187323 0.000935793 
5 0.5 16250000 6.86136 0.0153519 -1.39264 0.00864945 5.14043 0.0307809 72.4047 0.72794 -0.000216493 0.00201519 0.00113299 0.00192705 0.352369 0.00107224 0.187323 0.000935793 
5 0.5 16500000 6.86353 0.0144262 -1.39162 0.00790238 5.13639 0.029121 72.3412 0.693982 -0.000530442 0.00191354 0.00145351 0.0018971 0.3522 0.00101837 0.187171 0.000889584 
5 0.5 16750000 6.86353 0.0142721 -1.39162 0.00790238 5.13639 0.029121 72.3412 0.693982 -0.000530442 0.00191354 0.00145351 0.00186794 0.3522 0.00101837 0.187171 0.000889584 
5 0.5 17000000 6.86353 0.0141251 -1.39162 0.00790238 5.13639 0.029121 72.3412 0.685204 -0.000530442 0.00191354 0.00145351 0.00184491 0.3522 0.00101837 0.187171 0.000889584 
5 0.5 17250000 6.86353 0.0140858 -1.39162 0.00790238 5.13639 0.029121 72.3412 0.685204 -0.000530442 0.00191354 0.00145351 0.00182203 0.3522 0.00101837 0.187171 0.000889584 
5 0.5 17500000 6.86113 0.0139867 -1.38974 0.00790238 5.13411 0.0282371 72.2254 0.688766 -0.000599995 0.00180224 0.000760615 0.00184545 0.351969 0.000997231 0.18703 0.000848589 
5 0.5 17750000 6.86113 0.0138903 -1.38974 0.00790238 5.13411 0.0282371 72.2254 0.688766 -0.000599995 0.00180224 0.000760615 0.00184247 0.351969 0.000997231 0.18703 0.000848212 
5 0.5 18000000 6.86113 0.0138107 -1.38974 0.00790238 5.13411 0.0276086 72.2254 0.683224 -0.000599995 0.00180224 0.000760615 0.00182755 0.351969 0.000985077 0.18703 0.000848212 
5 0.5 18250000 6.86113 0.0138006 -1.38974 0.00790238 5.13411 0.0276086 72.2254 0.683224 -0.000599995 0.00180224 0.000760615 0.00180203 0.351969 0.000985077 0.18703 0.000848212 
5 0.5 18500000 6.86073 0.0136014 -1.39183 0.0072441 5.1401 0.026984 72.4132 0.6659 -1.77149e-05 0.00179372 0.000591465 0.00181291 0.352379 0.00101158 0.187302 0.00084329 
5 0.5 18750000 6.86073 0.013493 -1.39183 0.0072441 5.1401 0.026984 72.4132 0.6659 -1.77149e-05 0.00179372 0.000591465 0.00179206 0.352379 0.00101158 0.187302 0.00084329 
5 0.5 19000000 6.86073 0.0133548 -1.39183 0.00704881 5.1401 0.0266126 72.4132 0.649392 -1.77149e-05 0.00179372 0.000591465 0.00177327 0.352379 0.00101158 0.187302 0.00084329 
5 0.5 19250000 6.86073 0.0132717 -1.39183 0.00704881 5.1401 0.0266126 72.4132 0.647935 -1.77149e-05 0.00179372 0.000591465 0.00179054 0.352379 0.00101158 0.187302 0.00084329 
5 0.5 19500000 6.8586 0.0131769 -1.39174 0.00702694 5.13534 0.0259497 72.3322 0.638228 8.66167e-05 0.00170234 0.00098211 0.00178467 0.352461 0.000961723 0.187309 0.000811056 
5 0.5 19750000 6.8586 0.0130828 -1.39174 0.00702694 5.13534 0.0258627 72.3322 0.635155 8.66167e-05 0.00170234 0.00098211 0.00176493 0.352461 0.000961723 0.187309 0.000802944 
5 0.5 20000000 6.8586 0.0131118 -1.39174 0.00702694 5.13534 0.0256342 72.3322 0.624719 8.66167e-05 0.00170234 0.00098211 0.00174784 0.352461 0.000961723 0.187309 0.000798937 
5 0.5 20250000 6.8586 0.0130489 -1.39174 0.00702694 5.13534 0.0256342 72.3322 0.624338 8.66167e-05 0.00170234 0.00098211 0.00172575 0.352461 0.000961723 0.187309 0.000798937 
5 0.5 20500000 6.8586 0.0129744 -1.39174 0.00702694 5.13534 0.0256342 72.3322 0.624338 8.66167e-05 0.00170234 0.00098211 0.00172575 0.352461 0.000961723 0.187309 0.000798937 
5 0.5 20750000 6.85967 0.0128827 -1.39254 0.00768937 5.13722 0.0247377 72.3593 0.61127 0.000201735 0.00162111 0.000651259 0.00173221 0.352493 0.000914159 0.187411 0.000773216 
5 0.5 21000000 6.85967 0.0127888 -1.39254 0.00768937 5.13722 0.0247377 72.3593 0.61127 0.000201735 0.00162111 0.000651259 0.00172355 0.352493 0.000914159 0.187411 0.000765554 
5 0.5 21250000 6.85967 0.0126975 -1.39254 0.00768937 5.13722 0.0244988 72.3593 0.60325 0.000201735 0.00162111 0.000651259 0.00170311 0.352493 0.000914159 0.187411 0.000765554 
5 0.5 21500000 6.85967 0.0125963 -1.39254 0.00768937 5.13722 0.0244454 72.3593 0.603757 0.000201735 0.00162111 0.000651259 0.00169259 0.352493 0.000914159 0.187411 0.000765554 
5 0.5 21750000 6.85967 0.012546 -1.39254 0.00768937 5.13722 0.0251496 72.3593 0.614078 0.000201735 0.00157103 0.000651259 0.00167307 0.352493 0.000896171 0.187411 0.000764835 
5 0.5 22000000 6.85967 0.0125014 -1.39254 0.00768937 5.13722 0.0251496 72.3593 0.614078 0.000201735 0.00157103 0.000651259 0.00166717 0.352493 0.000896171 0.187411 0.000764835 
5 0.5 22250000 6.85967 0.0124782 -1.39254 0.00768937 5.13722 0.025212 72.3593 0.631404 0.000201735 0.00157103 0.000651259 0.00165013 0.352493 0.000896171 0.187411 0.000764835 
5 0.5 22500000 6.85967 0.0123693 -1.39254 0.00768937 5.13722 0.025212 72.3593 0.631404 0.000201735 0.00157103 0.000651259 0.00163128 0.352493 0.000896171 0.187411 0.000764835 
5 0.5 22750000 6.86945 0.013901 -1.38831 0.00768937 5.11933 0.0252657 71.9045 0.632931 0.000198932 0.00152707 0.000213423 0.00161275 0.352158 0.000863048 0.18706 0.000747431 
5 0.5 23000000 6.86945 0.013901 -1.38831 0.00768937 5.11933 0.0252657 71.9045 0.632931 0.000198932 0.00152707 0.000213423 0.00160031 0.352158 0.000863048 0.18706 0.000740244 
5 0.5 23250000 6.86945 0.013901 -1.38831 0.00768937 5.11933 0.0252657 71.9045 0.632931 0.000198932 0.00152707 0.000213423 0.0015857 0.352158 0.000863048 0.18706 0.000738808 
5 0.5 23500000 6.86945 0.013901 -1.38831 0.00768937 5.11933 0.0252657 71.9045 0.632931 0.000198932 0.00152707 0.000213423 0.00156947 0.352158 0.000863048 0.18706 0.000738605 
5 0.5 23750000 6.86945 0.013901 -1.38831 0.00768937 5.11933 0.0251176 71.9045 0.632931 0.000198932 0.00146513 0.000213423 0.0015569 0.352158 0.000838071 0.18706 0.000732312 
5 0.5 24000000 6.86945 0.013901 -1.38831 0.00768937 5.11933 0.0251176 71.9045 0.632931 0.000198932 0.00146513 0.000213423 0.00158282 0.352158 0.000832748 0.18706 0.000729137 
5 0.5 24250000 6.86945 0.013901 -1.38831 0.00768937 5.11933 0.0251176 71.9045 0.632931 0.000198932 0.00146513 0.000213423 0.00156775 0.352158 0.000826811 0.18706 0.000722121 
5 0.5 24500000 6.86945 0.013901 -1.38831 0.00768937 5.11933 0.0251176 71.9045 0.632931 0.000198932 0.00146513 0.000213423 0.00155347 0.352158 0.000826057 0.18706 0.000717256 
5 0.5 24750000 6.874 0.0165054 -1.38741 0.00793629 5.11191 0.0280479 71.6535 0.718529 -0.000109026 0.00146433 9.22507e-05 0.00153831 0.352032 0.000820261 0.186793 0.000794219 
5 0.5 25000000 6.874 0.0165054 -1.38741 0.00793629 5.11191 0.0280479 71.6535 0.718529 -0.000109026 0.00146433 9.22507e-05 0.00156074 0.352032 0.000811899 0.186793 0.000794219 
5 0.5 25250000 6.874 0.0165054 -1.38741 0.00793629 5.11191 0.0280479 71.6535 0.718529 -0.000109026 0.00146433 9.22507e-05 0.00155183 0.352032 0.000804574 0.186793 0.000794219 
5 0.5 25500000 6.874 0.0165054 -1.38741 0.00793629 5.11191 0.0280479 71.6535 0.718529 -0.000109026 0.00146433 9.22507e-05 0.0015364 0.352032 0.000805291 0.186793 0.000794219 
5 0.5 25750000 6.874 0.0165054 -1.38741 0.00793629 5.11191 0.0280479 71.6535 0.718529 -0.000109026 0.00141445 9.22507e-05 0.00152807 0.352032 0.00080824 0.186793 0.000794219 
5 0.5 26000000 6.874 0.0165054 -1.38741 0.00793629 5.11191 0.0280479 71.6535 0.718529 -0.000109026 0.00141445 9.22507e-05 0.00151339 0.352032 0.000803193 0.186793 0.000794219 
5 0.5 26250000 6.874 0.0165054 -1.38741 0.00793629 5.11191 0.0280479 71.6535 0.718529 -0.000109026 0.00141445 9.22507e-05 0.00150523 0.352032 0.000801112 0.186793 0.000794219 
5 0.5 26500000 6.874 0.0165054 -1.38741 0.00793629 5.11191 0.0280479 71.6535 0.718529 -0.000109026 0.00141445 9.22507e-05 0.00149088 0.352032 0.000801313 0.186793 0.000794219 
5 0.5 26750000 6.87141 0.0165054 -1.38654 0.00793629 5.10343 0.0280479 71.4302 0.718529 -0.00102371 0.00154841 -0.000216469 0.00147871 0.351834 0.000794181 0.186526 0.000794219 
5 0.5 27000000 6.87141 0.0165054 -1.38654 0.00793629 5.10343 0.0280479 71.4302 0.718529 -0.00102371 0.00154841 -0.000216469 0.0014651 0.351834 0.000790844 0.186526 0.000794219 
5 0.5 27250000 6.87141 0.0165054 -1.38654 0.00793629 5.10343 0.0280479 71.4302 0.718529 -0.00102371 0.00154841 -0.000216469 0.0014529 0.351834 0.00078631 0.186526 0.000794219 
5 0.5 27500000 6.87141 0.0165054 -1.38654 0.00793629 5.10343 0.0280479 71.4302 0.718529 -0.00102371 0.00154841 -0.000216469 0.00144638 0.351834 0.000796111 0.186526 0.000794219 
5 0.5 27750000 6.87141 0.0165054 -1.38654 0.00793629 5.10343 0.0280479 71.4302 0.718529 -0.00102371 0.00153671 -0.000216469 0.00144084 0.351834 0.000789753 0.186526 0.000794219 
5 0.5 28000000 6.87141 0.0165054 -1.38654 0.00793629 5.10343 0.0280479 71.4302 0.718529 -0.00102371 0.00153671 -0.000216469 0.0014342 0.351834 0.000788384 0.186526 0.000794219 
5 0.5 28250000 6.87141 0.0165054 -1.38654 0.00793629 5.10343 0.0280479 71.4302 0.718529 -0.00102371 0.00153671 -0.000216469 0.00142194 0.351834 0.000781942 0.186526 0.000794219 
5 0.5 28500000 6.87141 0.0165054 -1.38654 0.00793629 5.10343 0.0280479 71.4302 0.718529 -0.00102371 0.00153671 -0.000216469 0.00141076 0.351834 0.000781082 0.186526 0.000794219 
5 0.5 28750000 6.87463 0.0141596 -1.38773 0.00680891 5.10307 0.025396 71.3291 0.685212 -0.00115243 0.00156342 -2.38655e-05 0.00141262 0.351868 0.000769613 0.186517 0.000727081 
5 0.5 29000000 6.87463 0.0141596 -1.38773 0.00680891 5.10307 0.025396 71.3291 0.685212 -0.00115243 0.00156342 -2.38655e-05 0.0014106 0.351868 0.000769126 0.186517 0.000727081 
5 0.5 29250000 6.87463 0.0141596 -1.38773 0.00680891 5.10307 0.025396 71.3291 0.685212 -0.00115243 0.00156342 -2.38655e-05 0.00139823 0.351868 0.000774745 0.186517 0.000727081 
5 0.5 29500000 6.87463 0.0141596 -1.38773 0.00680891 5.10307 0.025396 71.3291 0.685212 -0.00115243 0.00156342 -2.38655e-05 0.0013873 0.351868 0.000768548 0.186517 0.000727081 
5 0.5 29750000 6.87463 0.0141596 -1.38773 0.00680891 5.10307 0.025396 71.3291 0.685212 -0.00115243 0.00153466 -2.38655e-05 0.00137612 0.351868 0.000762031 0.186517 0.000727081 
5 0.5 30000000 6.87463 0.0141596 -1.38773 0.00680891 5.10307 0.025396 71.3291 0.685212 -0.00115243 0.00153466 -2.38655e-05 0.00136836 0.351868 0.000757871 0.186517 0.000727081 
5 0.5 30250000 6.87463 0.0141596 -1.38773 0.00680891 5.10307 0.025396 71.3291 0.685212 -0.00115243 0.00153466 -2.38655e-05 0.00135685 0.351868 0.00075421 0.186517 0.000727081 
5 0.5 30500000 6.87463 0.0141596 -1.38773 0.00680891 5.10307 0.025396 71.3291 0.685212 -0.00115243 0.00153466 -2.38655e-05 0.001347 0.351868 0.000748749 0.186517 0.000727081 
5 0.5 30750000 6.87404 0.0141596 -1.38907 0.00680891 5.10868 0.025396 71.3917 0.685212 -0.0016822 0.00150343 0.000118753 0.00133581 0.352128 0.000744213 0.186732 0.000727081 
5 0.5 31000000 6.87404 0.0141596 -1.38907 0.00680891 5.10868 0.025396 71.3917 0.685212 -0.0016822 0.00150343 0.000118753 0.00133581 0.352128 0.000742192 0.186732 0.000727081 
5 0.5 31250000 6.87404 0.0141596 -1.38907 0.00680891 5.10868 0.025396 71.3917 0.685212 -0.0016822 0.00150343 0.000118753 0.00132545 0.352128 0.000741314 0.186732 0.000727081 
5 0.5 31500000 6.87404 0.0141596 -1.38907 0.00680891 5.10868 0.025396 71.3917 0.685212 -0.0016822 0.00150343 0.000118753 0.00131876 0.352128 0.000736571 0.186732 0.000727081 
5 0.5 31750000 6.87404 0.0141596 -1.38907 0.00680891 5.10868 0.025396 71.3917 0.685212 -0.0016822 0.00150343 0.000118753 0.00131099 0.352128 0.000731938 0.186732 0.000727081 
5 0.5 32000000 6.87404 0.0141596 -1.38907 0.00680891 5.10868 0.025396 71.3917 0.685212 -0.0016822 0.00150168 0.000118753 0.00130496 0.352128 0.000726638 0.186732 0.000727081 
5 0.5 32250000 6.87404 0.0141596 -1.38907 0.00680891 5.10868 0.025396 71.3917 0.685212 -0.0016822 0.00150168 0.000118753 0.00129536 0.352128 0.00072217 0.186732 0.000727081 
5 0.5 32500000 6.87404 0.0141596 -1.38907 0.00680891 5.10868 0.025396 71.3917 0.685212 -0.0016822 0.00150168 0.000118753 0.00128755 0.352128 0.000717349 0.186732 0.000727081 
5 0.5 32750000 6.87404 0.0141596 -1.38907 0.00680891 5.10868 0.025396 71.3917 0.685212 -0.0016822 0.00150168 0.000118753 0.00127854 0.352128 0.000715538 0.186732 0.000727081 
5 0.5 33000000 6.87498 0.012394 -1.38919 0.00611253 5.10139 0.022277 71.1236 0.629617 -0.00133106 0.00145499 0.000139091 0.00127559 0.352182 0.000707416 0.186665 0.000651142 
5 0.5 33250000 6.87498 0.012394 -1.38919 0.00611253 5.10139 0.022277 71.1236 0.629617 -0.00133106 0.00145499 0.000139091 0.00126879 0.352182 0.000704006 0.186665 0.000651142 
5 0.5 33500000 6.87498 0.012394 -1.38919 0.00611253 5.10139 0.022277 71.1236 0.629617 -0.00133106 0.00145499 0.000139091 0.00125981 0.352182 0.000703001 0.186665 0.000651142 
5 0.5 33750000 6.87498 0.012394 -1.38919 0.00611253 5.10139 0.022277 71.1236 0.629617 -0.00133106 0.00145499 0.000139091 0.00125364 0.352182 0.000703001 0.186665 0.000651142 
5 0.5 34000000 6.87498 0.012394 -1.38919 0.00611253 5.10139 0.022277 71.1236 0.629617 -0.00133106 0.00141091 0.000139091 0.00124486 0.352182 0.000692042 0.186665 0.000651142 
5 0.5 34250000 6.87498 0.012394 -1.38919 0.00611253 5.10139 0.022277 71.1236 0.629617 -0.00133106 0.00141091 0.000139091 0.00124084 0.352182 0.00068693 0.186665 0.000651142 
5 0.5 34500000 6.87498 0.012394 -1.38919 0.00611253 5.10139 0.022277 71.1236 0.629617 -0.00133106 0.00141091 0.000139091 0.00124547 0.352182 0.000689417 0.186665 0.000651142 
5 0.5 34750000 6.87498 0.012394 -1.38919 0.00611253 5.10139 0.022277 71.1236 0.629617 -0.00133106 0.00141091 0.000139091 0.0012385 0.352182 0.000685204 0.186665 0.000651142 
5 0.5 35000000 6.87596 0.012394 -1.38753 0.00611253 5.09688 0.022277 71.1023 0.629617 -0.00150113 0.00137926 0.000410838 0.00122977 0.352033 0.000681234 0.186556 0.000651142 
5 0.5 35250000 6.87596 0.012394 -1.38753 0.00611253 5.09688 0.022277 71.1023 0.629617 -0.00150113 0.00137926 0.000410838 0.00122364 0.352033 0.000685299 0.186556 0.000651142 
5 0.5 35500000 6.87596 0.012394 -1.38753 0.00611253 5.09688 0.022277 71.1023 0.629617 -0.00150113 0.00137926 0.000410838 0.00121754 0.352033 0.000680636 0.186556 0.000651142 
5 0.5 35750000 6.87596 0.012394 -1.38753 0.00611253 5.09688 0.022277 71.1023 0.629617 -0.00150113 0.00137926 0.000410838 0.00120943 0.352033 0.000677006 0.186556 0.000651142 
5 0.5 36000000 6.87596 0.012394 -1.38753 0.00611253 5.09688 0.022277 71.1023 0.629617 -0.00150113 0.0013624 0.000410838 0.00120438 0.352033 0.000703861 0.186556 0.000651142 
5 0.5 36250000 6.87596 0.012394 -1.38753 0.00611253 5.09688 0.022277 71.1023 0.629617 -0.00150113 0.0013624 0.000410838 0.00119667 0.352033 0.000703861 0.186556 0.000651142 
5 0.5 36500000 6.87596 0.012394 -1.38753 0.00611253 5.09688 0.022277 71.1023 0.629617 -0.00150113 0.0013624 0.000410838 0.00118835 0.352033 0.000703861 0.186556 0.000651142 
5 0.5 36750000 6.87596 0.012394 -1.38753 0.00611253 5.09688 0.022277 71.1023 0.629617 -0.00150113 0.0013624 0.000410838 0.00118023 0.352033 0.000703861 0.186556 0.000651142 
5 0.5 37000000 6.8775 0.0112683 -1.3851 0.00666612 5.08582 0.0246463 70.8531 0.615044 -0.0014856 0.00134464 0.000503704 0.00118193 0.351764 0.000713561 0.186325 0.000661976 
5 0.5 37250000 6.8775 0.0112683 -1.3851 0.00666612 5.08582 0.0246463 70.8531 0.615044 -0.0014856 0.00134464 0.000503704 0.00117418 0.351764 0.000713561 0.186325 0.000661976 
5 0.5 37500000 6.8775 0.0112683 -1.3851 0.00666612 5.08582 0.0246463 70.8531 0.615044 -0.0014856 0.00134464 0.000503704 0.00116745 0.351764 0.000713561 0.186325 0.000661976 
5 0.5 37750000 6.8775 0.0112683 -1.3851 0.00666612 5.08582 0.0246463 70.8531 0.615044 -0.0014856 0.00134464 0.000503704 0.00118878 0.351764 0.000713561 0.186325 0.000661976 
5 0.5 38000000 6.8775 0.0112683 -1.3851 0.00666612 5.08582 0.0246463 70.8531 0.615044 -0.0014856 0.00131357 0.000503704 0.00119166 0.351764 0.000713561 0.186325 0.000661976 
5 0.5 38250000 6.8775 0.0112683 -1.3851 0.00666612 5.08582 0.0246463 70.8531 0.615044 -0.0014856 0.00131357 0.000503704 0.00118712 0.351764 0.000713561 0.186325 0.000661976 
5 0.5 38500000 6.8775 0.0112683 -1.3851 0.00666612 5.08582 0.0246463 70.8531 0.615044 -0.0014856 0.00131357 0.000503704 0.00118204 0.351764 0.000713561 0.186325 0.000661976 
5 0.5 38750000 6.8775 0.0112683 -1.3851 0.00666612 5.08582 0.0246463 70.8531 0.615044 -0.0014856 0.00131357 0.000503704 0.00117543 0.351764 0.000713561 0.186325 0.000661976 
5 0.5 39000000 6.87554 0.0112683 -1.38609 0.00666612 5.08782 0.0246463 70.8641 0.615044 -0.00192928 0.00131849 2.10082e-05 0.00116776 0.351904 0.000713561 0.186447 0.000661976 
5 0.5 39250000 6.87554 0.0112683 -1.38609 0.00666612 5.08782 0.0246463 70.8641 0.615044 -0.00192928 0.00131849 2.10082e-05 0.00116324 0.351904 0.000713561 0.186447 0.000661976 
5 0.5 39500000 6.87554 0.0112683 -1.38609 0.00666612 5.08782 0.0246463 70.8641 0.615044 -0.00192928 0.00131849 2.10082e-05 0.00115867 0.351904 0.000713561 0.186447 0.000661976 
5 0.5 39750000 6.87554 0.0112683 -1.38609 0.00666612 5.08782 0.0246463 70.8641 0.615044 -0.00192928 0.00131849 2.10082e-05 0.00115853 0.351904 0.000713561 0.186447 0.000661976 
5 0.5 40000000 6.87554 0.0112683 -1.38609 0.00666612 5.08782 0.0246463 70.8641 0.615044 -0.00192928 0.00128476 2.10082e-05 0.00115958 0.351904 0.000713561 0.186447 0.000661976 
5 0.5 40250000 6.87554 0.0112683 -1.38609 0.00666612 5.08782 0.0246463 70.8641 0.615044 -0.00192928 0.00128476 2.10082e-05 0.00115221 0.351904 0.000713561 0.186447 0.000661976 
5 0.5 40500000 6.87554 0.0112683 -1.38609 0.00666612 5.08782 0.0246463 70.8641 0.615044 -0.00192928 0.00128476 2.10082e-05 0.00114661 0.351904 0.000713561 0.186447 0.000661976 
5 0.5 40750000 6.87554 0.0112683 -1.38609 0.00666612 5.08782 0.0246463 70.8641 0.615044 -0.00192928 0.00128476 2.10082e-05 0.00114314 0.351904 0.000713561 0.186447 0.000661976 
5 0.5 41000000 6.87712 0.0101476 -1.38504 0.00599976 5.08477 0.0222043 70.8167 0.570369 -0.00165706 0.00127822 -8.54675e-05 0.00113758 0.351797 0.00064301 0.186366 0.000597093 
5 0.5 41250000 6.87712 0.0101476 -1.38504 0.00599976 5.08477 0.0222043 70.8167 0.570369 -0.00165706 0.00127822 -8.54675e-05 0.00114055 0.351797 0.00064301 0.186366 0.000597093 
5 0.5 41500000 6.87712 0.0101476 -1.38504 0.00599976 5.08477 0.0222043 70.8167 0.570369 -0.00165706 0.00127822 -8.54675e-05 0.00113537 0.351797 0.00064301 0.186366 0.000597093 
5 0.5 41750000 6.87712 0.0101476 -1.38504 0.00599976 5.08477 0.0222043 70.8167 0.570369 -0.00165706 0.00127822 -8.54675e-05 0.00113537 0.351797 0.00064301 0.186366 0.000597093 
5 0.5 42000000 6.87712 0.0101476 -1.38504 0.00599976 5.08477 0.0222043 70.8167 0.570369 -0.00165706 0.00127822 -8.54675e-05 0.0011285 0.351797 0.00064301 0.186366 0.000597093 
5 0.5 42250000 6.87712 0.0101476 -1.38504 0.00599976 5.08477 0.0222043 70.8167 0.570369 -0.00165706 0.00128436 -8.54675e-05 0.00112623 0.351797 0.00064301 0.186366 0.000597093 
5 0.5 42500000 6.87712 0.0101476 -1.38504 0.00599976 5.08477 0.0222043 70.8167 0.570369 -0.00165706 0.00128436 -8.54675e-05 0.00111943 0.351797 0.00064301 0.186366 0.000597093 
5 0.5 42750000 6.87712 0.0101476 -1.38504 0.00599976 5.08477 0.0222043 70.8167 0.570369 -0.00165706 0.00128436 -8.54675e-05 0.00111335 0.351797 0.00064301 0.186366 0.000597093 
5 0.5 43000000 6.87712 0.0101476 -1.38504 0.00599976 5.08477 0.0222043 70.8167 0.570369 -0.00165706 0.00128436 -8.54675e-05 0.00110882 0.351797 0.00064301 0.186366 0.000597093 
5 0.5 43250000 6.87712 0.0101476 -1.38504 0.00599976 5.08477 0.0222043 70.8167 0.570369 -0.00165706 0.00125524 -8.54675e-05 0.0011025 0.351797 0.000660334 0.186366 0.000597093 
5 0.5 43500000 6.87712 0.0101476 -1.38504 0.00599976 5.08477 0.0222043 70.8167 0.570369 -0.00165706 0.00125524 -8.54675e-05 0.00110429 0.351797 0.000660334 0.186366 0.000597093 
5 0.5 43750000 6.87712 0.0101476 -1.38504 0.00599976 5.08477 0.0222043 70.8167 0.570369 -0.00165706 0.00125524 -8.54675e-05 0.00109963 0.351797 0.000660334 0.186366 0.000597093 
5 0.5 44000000 6.87712 0.0101476 -1.38504 0.00599976 5.08477 0.0222043 70.8167 0.570369 -0.00165706 0.00125524 -8.54675e-05 0.00109885 0.351797 0.000660334 0.186366 0.000597093 
5 0.5 44250000 6.87712 0.0101476 -1.38504 0.00599976 5.08477 0.0222043 70.8167 0.570369 -0.00165706 0.00122609 -8.54675e-05 0.00109248 0.351797 0.000645004 0.186366 0.000597093 
5 0.5 44500000 6.87712 0.0101476 -1.38504 0.00599976 5.08477 0.0222043 70.8167 0.570369 -0.00165706 0.00122609 -8.54675e-05 0.0010921 0.351797 0.000645004 0.186366 0.000597093 
5 0.5 44750000 6.87712 0.0101476 -1.38504 0.00599976 5.08477 0.0222043 70.8167 0.570369 -0.00165706 0.00122609 -8.54675e-05 0.00108744 0.351797 0.000645004 0.186366 0.000597093 
5 0.5 45000000 6.87712 0.0101476 -1.38504 0.00599976 5.08477 0.0222043 70.8167 0.570369 -0.00165706 0.00122609 -8.54675e-05 0.00108138 0.351797 0.000645004 0.186366 0.000597093 
5 0.5 45250000 6.87587 0.00964664 -1.38295 0.00580785 5.07638 0.0217123 70.581 0.570369 -0.00138048 0.00119834 0.000246013 0.00107724 0.351467 0.000664133 0.186003 0.000643949 
5 0.5 45500000 6.87587 0.00964664 -1.38295 0.00580785 5.07638 0.0217123 70.581 0.570369 -0.00138048 0.00119834 0.000246013 0.00107481 0.351467 0.000664133 0.186003 0.000643949 
5 0.5 45750000 6.87587 0.00964664 -1.38295 0.00580785 5.07638 0.0217123 70.581 0.570369 -0.00138048 0.00119834 0.000246013 0.00106878 0.351467 0.000664133 0.186003 0.000643949 
5 0.5 46000000 6.87587 0.00964664 -1.38295 0.00580785 5.07638 0.0217123 70.581 0.570369 -0.00138048 0.00119834 0.000246013 0.00107237 0.351467 0.000664133 0.186003 0.000643949 
5 0.5 46250000 6.87587 0.00949162 -1.38295 0.00580785 5.07638 0.0217123 70.581 0.570369 -0.00138048 0.00123442 0.000246013 0.00106694 0.351467 0.000664133 0.186003 0.000643949 
5 0.5 46500000 6.87587 0.00949162 -1.38295 0.00580785 5.07638 0.0217123 70.581 0.570369 -0.00138048 0.00123442 0.000246013 0.00107032 0.351467 0.000664133 0.186003 0.000643949 
5 0.5 46750000 6.87587 0.00949162 -1.38295 0.00580785 5.07638 0.0217123 70.581 0.570369 -0.00138048 0.00123442 0.000246013 0.00106675 0.351467 0.000664133 0.186003 0.000643949 
5 0.5 47000000 6.87587 0.00949162 -1.38295 0.00580785 5.07638 0.0217123 70.581 0.570369 -0.00138048 0.00123442 0.000246013 0.00106427 0.351467 0.000664133 0.186003 0.000643949 
5 0.5 47250000 6.87587 0.00948785 -1.38295 0.00580785 5.07638 0.0217123 70.581 0.570369 -0.00138048 0.00120869 0.000246013 0.00105849 0.351467 0.000664133 0.186003 0.000643949 
5 0.5 47500000 6.87587 0.00948785 -1.38295 0.00580785 5.07638 0.0217123 70.581 0.570369 -0.00138048 0.00120869 0.000246013 0.00105369 0.351467 0.000664133 0.186003 0.000643949 
5 0.5 47750000 6.87587 0.00948785 -1.38295 0.00580785 5.07638 0.0217123 70.581 0.570369 -0.00138048 0.00120869 0.000246013 0.00104816 0.351467 0.000664133 0.186003 0.000643949 
5 0.5 48000000 6.87587 0.00948785 -1.38295 0.00580785 5.07638 0.0217123 70.581 0.570369 -0.00138048 0.00120869 0.000246013 0.00104339 0.351467 0.000664133 0.186003 0.000643949 
5 0.5 48250000 6.87587 0.00948785 -1.38295 0.00580785 5.07638 0.0217123 70.581 0.570369 -0.00138048 0.00118457 0.000246013 0.00103792 0.351467 0.000664133 0.186003 0.000643949 
5 0.5 48500000 6.87587 0.00948785 -1.38295 0.00580785 5.07638 0.0217123 70.581 0.570369 -0.00138048 0.00118457 0.000246013 0.00103657 0.351467 0.000664133 0.186003 0.000643949 
5 0.5 48750000 6.87587 0.00948785 -1.38295 0.00580785 5.07638 0.0217123 70.581 0.570369 -0.00138048 0.00118457 0.000246013 0.00103137 0.351467 0.000664133 0.186003 0.000643949 
5 0.5 49000000 6.87587 0.00948785 -1.38295 0.00580785 5.07638 0.0217123 70.581 0.570369 -0.00138048 0.00118457 0.000246013 0.00103082 0.351467 0.000664133 0.186003 0.000643949 
5 0.5 49250000 6.87377 0.00900675 -1.384 0.00541824 5.07542 0.0199243 70.4747 0.568675 -0.00103755 0.00116166 0.000463078 0.00103254 0.35148 0.000608914 0.185912 0.000596667 
5 0.5 49500000 6.87377 0.00900675 -1.384 0.00541824 5.07542 0.0199243 70.4747 0.568675 -0.00103755 0.00116166 0.000463078 0.00102722 0.35148 0.000608914 0.185912 0.000596667 
5 0.5 49750000 6.87377 0.00900675 -1.384 0.00541824 5.07542 0.0199243 70.4747 0.568675 -0.00103755 0.00116166 0.000463078 0.00102194 0.35148 0.000608914 0.185912 0.000596667 
5 0.5 50000000 6.87377 0.00900675 -1.384 0.00541824 5.07542 0.0199243 70.4747 0.568675 -0.00103755 0.00116166 0.000463078 0.00102142 0.35148 0.000608914 0.185912 0.000596667 
5 0.5 50250000 6.87377 0.00884053 -1.384 0.00541824 5.07542 0.0199243 70.4747 0.568675 -0.00103755 0.00113867 0.000463078 0.00101765 0.35148 0.000608914 0.185912 0.000596667 
5 0.5 50500000 6.87377 0.00884053 -1.384 0.00541824 5.07542 0.0199243 70.4747 0.568675 -0.00103755 0.00113867 0.000463078 0.00101447 0.35148 0.000608914 0.185912 0.000596667 
5 0.5 50750000 6.87377 0.00884053 -1.384 0.00541824 5.07542 0.0199243 70.4747 0.568675 -0.00103755 0.00113867 0.000463078 0.00101259 0.35148 0.000608914 0.185912 0.000596667 
5 0.5 51000000 6.87377 0.00884053 -1.384 0.00541824 5.07542 0.0199243 70.4747 0.568675 -0.00103755 0.00113867 0.000463078 0.00100753 0.35148 0.000608914 0.185912 0.000596667 
5 0.5 51250000 6.87377 0.00876062 -1.384 0.00541824 5.07542 0.0199243 70.4747 0.568675 -0.00103755 0.00111934 0.000463078 0.00100448 0.35148 0.000608914 0.185912 0.000596667 
5 0.5 51500000 6.87377 0.00876062 -1.384 0.00541824 5.07542 0.0199243 70.4747 0.568675 -0.00103755 0.00111934 0.000463078 0.000999486 0.35148 0.000608914 0.185912 0.000596667 
5 0.5 51750000 6.87377 0.00876062 -1.384 0.00541824 5.07542 0.0199243 70.4747 0.568675 -0.00103755 0.00111934 0.000463078 0.000996288 0.35148 0.000608914 0.185912 0.000596667 
5 0.5 52000000 6.87377 0.00876062 -1.384 0.00541824 5.07542 0.0199243 70.4747 0.568675 -0.00103755 0.00111934 0.000463078 0.000992378 0.35148 0.000608914 0.185912 0.000596667 
5 0.5 52250000 6.87377 0.00876062 -1.384 0.00541824 5.07542 0.0199243 70.4747 0.568675 -0.00103755 0.00109875 0.000463078 0.000987585 0.35148 0.000608914 0.185912 0.000596667 
5 0.5 52500000 6.87377 0.00876062 -1.384 0.00541824 5.07542 0.0199243 70.4747 0.568675 -0.00103755 0.00109875 0.000463078 0.000987585 0.35148 0.000608914 0.185912 0.000596667 
5 0.5 52750000 6.87377 0.00876062 -1.384 0.00541824 5.07542 0.0199243 70.4747 0.568675 -0.00103755 0.00109875 0.000463078 0.000985905 0.35148 0.000608914 0.185912 0.000596667 
5 0.5 53000000 6.87377 0.00876062 -1.384 0.00541824 5.07542 0.0199243 70.4747 0.568675 -0.00103755 0.00109875 0.000463078 0.000983781 0.35148 0.000608914 0.185912 0.000596667 
5 0.5 53250000 6.87377 0.00876062 -1.384 0.00541824 5.07542 0.0199243 70.4747 0.568675 -0.00103755 0.00109875 0.000463078 0.000979055 0.35148 0.000608914 0.185912 0.000596667 
5 0.5 53500000 6.87231 0.00847896 -1.38437 0.00501411 5.07821 0.0191278 70.5714 0.568675 -0.000742662 0.0011185 0.000707094 0.000974642 0.351559 0.000567166 0.186018 0.000560096 
5 0.5 53750000 6.87231 0.00847896 -1.38437 0.00501411 5.07821 0.0191278 70.5714 0.568675 -0.000742662 0.0011185 0.000707094 0.000971232 0.351559 0.000567166 0.186018 0.000560096 
5 0.5 54000000 6.87231 0.00847896 -1.38437 0.00501411 5.07821 0.0191278 70.5714 0.568675 -0.000742662 0.0011185 0.000707094 0.000971295 0.351559 0.000567166 0.186018 0.000560096 
5 0.5 54250000 6.87231 0.00847896 -1.38437 0.00501411 5.07821 0.0191278 70.5714 0.568675 -0.000742662 0.0011185 0.000707094 0.000966709 0.351559 0.000567166 0.186018 0.000560096 
5 0.5 54500000 6.87231 0.00847896 -1.38437 0.00501411 5.07821 0.0191278 70.5714 0.568675 -0.000742662 0.00111601 0.000707094 0.00096235 0.351559 0.000567166 0.186018 0.000560096 
5 0.5 54750000 6.87231 0.00847896 -1.38437 0.00501411 5.07821 0.0191278 70.5714 0.568675 -0.000742662 0.00111601 0.000707094 0.000959338 0.351559 0.000567166 0.186018 0.000560096 
5 0.5 55000000 6.87231 0.00847896 -1.38437 0.00501411 5.07821 0.0191278 70.5714 0.568675 -0.000742662 0.00111601 0.000707094 0.000955434 0.351559 0.000567166 0.186018 0.000560096 
5 0.5 55250000 6.87231 0.00847896 -1.38437 0.00501411 5.07821 0.0191278 70.5714 0.568675 -0.000742662 0.00111601 0.000707094 0.00095103 0.351559 0.000567166 0.186018 0.000560096 
5 0.5 55500000 6.87231 0.00847896 -1.38437 0.00501411 5.07821 0.0191278 70.5714 0.568675 -0.000742662 0.00110596 0.000707094 0.000949477 0.351559 0.000567166 0.186018 0.000560096 
5 0.5 55750000 6.87231 0.00847896 -1.38437 0.00501411 5.07821 0.0191278 70.5714 0.568675 -0.000742662 0.00110596 0.000707094 0.00094568 0.351559 0.000567166 0.186018 0.000560096 
5 0.5 56000000 6.87231 0.00847896 -1.38437 0.00501411 5.07821 0.0191278 70.5714 0.568675 -0.000742662 0.00110596 0.000707094 0.000950967 0.351559 0.000567166 0.186018 0.000560096 
5 0.5 56250000 6.87231 0.00847896 -1.38437 0.00501411 5.07821 0.0191278 70.5714 0.568675 -0.000742662 0.00110596 0.000707094 0.000946656 0.351559 0.000567166 0.186018 0.000560096 
5 0.5 56500000 6.87231 0.00847896 -1.38437 0.00501411 5.07821 0.0191278 70.5714 0.568675 -0.000742662 0.00112114 0.000707094 0.000942712 0.351559 0.000567166 0.186018 0.000560096 
5 0.5 56750000 6.87231 0.00847896 -1.38437 0.00501411 5.07821 0.0191278 70.5714 0.568675 -0.000742662 0.00112114 0.000707094 0.000940885 0.351559 0.000567166 0.186018 0.000560096 
5 0.5 57000000 6.87231 0.00847896 -1.38437 0.00501411 5.07821 0.0191278 70.5714 0.568675 -0.000742662 0.00112114 0.000707094 0.000937698 0.351559 0.000567166 0.186018 0.000560096 
5 0.5 57250000 6.87231 0.00847896 -1.38437 0.00501411 5.07821 0.0191278 70.5714 0.568675 -0.000742662 0.00112114 0.000707094 0.000934768 0.351559 0.000567166 0.186018 0.000560096 
5 0.5 57500000 6.87078 0.00806615 -1.38275 0.00490968 5.07389 0.0177537 70.4599 0.487629 -0.0005485 0.00110717 0.000763379 0.000933306 0.351451 0.00054247 0.185886 0.000535521 
5 0.5 57750000 6.87078 0.00806615 -1.38275 0.00490968 5.07389 0.0177537 70.4599 0.487629 -0.0005485 0.00110717 0.000763379 0.000931549 0.351451 0.00054247 0.185886 0.000535521 
5 0.5 58000000 6.87078 0.00806615 -1.38275 0.00490968 5.07389 0.0177537 70.4599 0.487629 -0.0005485 0.00110717 0.000763379 0.000928505 0.351451 0.00054001 0.185886 0.000535521 
5 0.5 58250000 6.87078 0.00806615 -1.38275 0.00490968 5.07389 0.0177537 70.4599 0.487629 -0.0005485 0.00110717 0.000763379 0.000924774 0.351451 0.00054001 0.185886 0.000535521 
5 0.5 58500000 6.87078 0.00799135 -1.38275 0.00490968 5.07389 0.0177537 70.4599 0.487629 -0.0005485 0.00108806 0.000763379 0.000924232 0.351451 0.000536817 0.185886 0.000535521 
5 0.5 58750000 6.87078 0.00799135 -1.38275 0.00490968 5.07389 0.0177537 70.4599 0.487629 -0.0005485 0.00108806 0.000763379 0.000920238 0.351451 0.000536817 0.185886 0.000535521 
5 0.5 59000000 6.87078 0.00799135 -1.38275 0.00490968 5.07389 0.0177537 70.4599 0.487629 -0.0005485 0.00108806 0.000763379 0.000916356 0.351451 0.000536817 0.185886 0.000535521 
5 0.5 59250000 6.87078 0.00799135 -1.38275 0.00490968 5.07389 0.0177537 70.4599 0.487629 -0.0005485 0.00108806 0.000763379 0.000915968 0.351451 0.000536817 0.185886 0.000535521 
5 0.5 59500000 6.87078 0.00787184 -1.38275 0.00490968 5.07389 0.0177537 70.4599 0.487629 -0.0005485 0.00107406 0.000763379 0.000912082 0.351451 0.000536817 0.185886 0.000535521 
5 0.5 59750000 6.87078 0.00787184 -1.38275 0.00490968 5.07389 0.0177537 70.4599 0.487629 -0.0005485 0.00107406 0.000763379 0.000910417 0.351451 0.000536817 0.185886 0.000535521 
5 0.5 60000000 6.87078 0.00787184 -1.38275 0.00490968 5.07389 0.0177537 70.4599 0.487629 -0.0005485 0.00107406 0.000763379 0.000906534 0.351451 0.000536817 0.185886 0.000535521 
5 0.5 60250000 6.87078 0.00787184 -1.38275 0.00490968 5.07389 0.0177537 70.4599 0.487629 -0.0005485 0.00107406 0.000763379 0.000902784 0.351451 0.000536817 0.185886 0.000535521 
5 0.5 60500000 6.87078 0.00779562 -1.38275 0.00490968 5.07389 0.0177537 70.4599 0.487629 -0.0005485 0.00105665 0.000763379 0.00089913 0.351451 0.000536817 0.185886 0.000535521 
5 0.5 60750000 6.87078 0.00779562 -1.38275 0.00490968 5.07389 0.0177537 70.4599 0.487629 -0.0005485 0.00105665 0.000763379 0.000895415 0.351451 0.000536817 0.185886 0.000535521 
5 0.5 61000000 6.87078 0.00779562 -1.38275 0.00490968 5.07389 0.0177537 70.4599 0.487629 -0.0005485 0.00105665 0.000763379 0.000894253 0.351451 0.000536817 0.185886 0.000535521 
5 0.5 61250000 6.87078 0.00779562 -1.38275 0.00490968 5.07389 0.0177537 70.4599 0.487629 -0.0005485 0.00105665 0.000763379 0.000891898 0.351451 0.000536817 0.185886 0.000535521 
5 0.5 61500000 6.86991 0.00777679 -1.38205 0.00463245 5.07314 0.0165856 70.5134 0.487629 -0.000768011 0.00104402 0.000958851 0.000888814 0.351327 0.000521471 0.185854 0.000500774 
5 0.5 61750000 6.86991 0.00777679 -1.38205 0.00463245 5.07314 0.0165856 70.5134 0.487629 -0.000768011 0.00104402 0.000958851 0.000886612 0.351327 0.000519921 0.185854 0.000500774 
5 0.5 62000000 6.86991 0.00777679 -1.38205 0.00463245 5.07314 0.0165856 70.5134 0.487629 -0.000768011 0.00104402 0.000958851 0.000884427 0.351327 0.000518005 0.185854 0.000500774 
5 0.5 62250000 6.86991 0.00777679 -1.38205 0.00463245 5.07314 0.0165856 70.5134 0.487629 -0.000768011 0.00104402 0.000958851 0.000881899 0.351327 0.000515881 0.185854 0.000500774 
5 0.5 62500000 6.86991 0.00777679 -1.38205 0.00463245 5.07314 0.0165856 70.5134 0.487629 -0.000768011 0.00102691 0.000958851 0.000878329 0.351327 0.000515283 0.185854 0.000500774 
5 0.5 62750000 6.86991 0.00777679 -1.38205 0.00463245 5.07314 0.0165856 70.5134 0.487629 -0.000768011 0.00102691 0.000958851 0.000874886 0.351327 0.000515033 0.185854 0.000500774 
5 0.5 63000000 6.86991 0.00777679 -1.38205 0.00463245 5.07314 0.0165856 70.5134 0.487629 -0.000768011 0.00102691 0.000958851 0.000874886 0.351327 0.000515033 0.185854 0.000500774 
5 0.5 63250000 6.86991 0.00777679 -1.38205 0.00463245 5.07314 0.0165856 70.5134 0.487629 -0.000768011 0.00102691 0.000958851 0.000871893 0.351327 0.000515033 0.185854 0.000500774 
5 0.5 63500000 6.86991 0.00777679 -1.38205 0.00463245 5.07314 0.0165856 70.5134 0.487629 -0.000768011 0.00102691 0.000958851 0.000868629 0.351327 0.000515033 0.185854 0.000500774 
5 0.5 63750000 6.86991 0.00777679 -1.38205 0.00463245 5.07314 0.0165856 70.5134 0.487629 -0.000768011 0.00101306 0.000958851 0.000865456 0.351327 0.000515033 0.185854 0.000500774 
5 0.5 64000000 6.86991 0.00777679 -1.38205 0.00463245 5.07314 0.0165856 70.5134 0.487629 -0.000768011 0.00101306 0.000958851 0.000864677 0.351327 0.000515033 0.185854 0.000500774 
5 0.5 64250000 6.86991 0.00777679 -1.38205 0.00463245 5.07314 0.0165856 70.5134 0.487629 -0.000768011 0.00101306 0.000958851 0.000861578 0.351327 0.000515033 0.185854 0.000500774 
5 0.5 64500000 6.86991 0.00777679 -1.38205 0.00463245 5.07314 0.0165856 70.5134 0.487629 -0.000768011 0.00101306 0.000958851 0.000863362 0.351327 0.000515033 0.185854 0.000500774 
5 0.5 64750000 6.86991 0.00777679 -1.38205 0.00463245 5.07314 0.0165856 70.5134 0.487629 -0.000768011 0.000996981 0.000958851 0.000859967 0.351327 0.000515033 0.185854 0.000500774 
5 0.5 65000000 6.86991 0.00777679 -1.38205 0.00463245 5.07314 0.0165856 70.5134 0.487629 -0.000768011 0.000996981 0.000958851 0.000860488 0.351327 0.000515033 0.185854 0.000500774 
5 0.5 65250000 6.86991 0.00777679 -1.38205 0.00463245 5.07314 0.0165856 70.5134 0.487629 -0.000768011 0.000996981 0.000958851 0.000857482 0.351327 0.000515033 0.185854 0.000500774 
5 0.5 65500000 6.86991 0.00777679 -1.38205 0.00463245 5.07314 0.0165856 70.5134 0.487629 -0.000768011 0.000996981 0.000958851 0.000857092 0.351327 0.000515033 0.185854 0.000500774 
5 0.5 65750000 6.86851 0.00740184 -1.38177 0.0043514 5.07594 0.0157825 70.6714 0.470325 -0.000899503 0.00098339 0.000869937 0.000854464 0.351275 0.0004987 0.185908 0.000472372 
5 0.5 66000000 6.86851 0.00740184 -1.38177 0.0043514 5.07594 0.0157825 70.6714 0.470325 -0.000899503 0.00098339 0.000869937 0.000851277 0.351275 0.00049693 0.185908 0.000472372 
5 0.5 66250000 6.86851 0.00740184 -1.38177 0.0043514 5.07594 0.0157825 70.6714 0.470325 -0.000899503 0.00098339 0.000869937 0.000852432 0.351275 0.000495012 0.185908 0.000472372 
5 0.5 66500000 6.86851 0.00740184 -1.38177 0.0043514 5.07594 0.0157825 70.6714 0.470325 -0.000899503 0.00098339 0.000869937 0.000849726 0.351275 0.000495593 0.185908 0.000472372 
5 0.5 66750000 6.86851 0.00760116 -1.38177 0.0043514 5.07594 0.0157825 70.6714 0.470325 -0.000899503 0.000982829 0.000869937 0.00085113 0.351275 0.000493805 0.185908 0.000472372 
5 0.5 67000000 6.86851 0.00760116 -1.38177 0.0043514 5.07594 0.0157825 70.6714 0.470325 -0.000899503 0.000982829 0.000869937 0.000847973 0.351275 0.000495864 0.185908 0.000472372 
5 0.5 67250000 6.86851 0.00760116 -1.38177 0.0043514 5.07594 0.0157825 70.6714 0.470325 -0.000899503 0.000982829 0.000869937 0.000845566 0.351275 0.000495349 0.185908 0.000472372 
5 0.5 67500000 6.86851 0.00760116 -1.38177 0.0043514 5.07594 0.0157825 70.6714 0.470325 -0.000899503 0.000982829 0.000869937 0.000842958 0.351275 0.000493469 0.185908 0.000472372 
5 0.5 67750000 6.86851 0.00753745 -1.38177 0.0043514 5.07594 0.0157825 70.6714 0.470325 -0.000899503 0.000975385 0.000869937 0.00083977 0.351275 0.000491654 0.185908 0.000472372 
5 0.5 68000000 6.86851 0.00753745 -1.38177 0.0043514 5.07594 0.0157825 70.6714 0.470325 -0.000899503 0.000975385 0.000869937 0.000837125 0.351275 0.000494386 0.185908 0.000472372 
5 0.5 68250000 6.86851 0.00753745 -1.38177 0.0043514 5.07594 0.0157825 70.6714 0.470325 -0.000899503 0.000975385 0.000869937 0.000834563 0.351275 0.000492802 0.185908 0.000472372 
5 0.5 68500000 6.86851 0.00753745 -1.38177 0.0043514 5.07594 0.0157825 70.6714 0.470325 -0.000899503 0.000975385 0.000869937 0.000831459 0.351275 0.000492676 0.185908 0.000472372 
5 0.5 68750000 6.86851 0.0075179 -1.38177 0.0043514 5.07594 0.0157825 70.6714 0.470325 -0.000899503 0.000976261 0.000869937 0.000828539 0.351275 0.00049198 0.185908 0.000472372 
5 0.5 69000000 6.86851 0.0075179 -1.38177 0.0043514 5.07594 0.0157825 70.6714 0.470325 -0.000899503 0.000976261 0.000869937 0.000826261 0.351275 0.000490869 0.185908 0.000472372 
5 0.5 69250000 6.86851 0.0075179 -1.38177 0.0043514 5.07594 0.0157825 70.6714 0.470325 -0.000899503 0.000976261 0.000869937 0.000826971 0.351275 0.000491473 0.185908 0.000472372 
5 0.5 69500000 6.86851 0.0075179 -1.38177 0.0043514 5.07594 0.0157825 70.6714 0.470325 -0.000899503 0.000976261 0.000869937 0.000823925 0.351275 0.000490059 0.185908 0.000472372 
5 0.5 69750000 6.86907 0.00743664 -1.38145 0.00410711 5.0728 0.0151622 70.5988 0.470325 -0.000696672 0.000962111 0.00105084 0.000821039 0.351197 0.000488317 0.185817 0.000453231 
5 0.5 70000000 6.86907 0.00743664 -1.38145 0.00410711 5.0728 0.0151622 70.5988 0.470325 -0.000696672 0.000962111 0.00105084 0.000819757 0.351197 0.000487836 0.185817 0.000453231 
5 0.5 70250000 6.86907 0.00743664 -1.38145 0.00410711 5.0728 0.0151622 70.5988 0.470325 -0.000696672 0.000962111 0.00105084 0.000816845 0.351197 0.000486233 0.185817 0.000453231 
5 0.5 70500000 6.86907 0.00743664 -1.38145 0.00410711 5.0728 0.0151622 70.5988 0.470325 -0.000696672 0.000962111 0.00105084 0.000814565 0.351197 0.000485511 0.185817 0.000453231 
5 0.5 70750000 6.86907 0.00752688 -1.38145 0.00410711 5.0728 0.0151622 70.5988 0.470325 -0.000696672 0.000948167 0.00105084 0.000811824 0.351197 0.000484307 0.185817 0.000453231 
5 0.5 71000000 6.86907 0.00752688 -1.38145 0.00410711 5.0728 0.0151622 70.5988 0.470325 -0.000696672 0.000948167 0.00105084 0.000811408 0.351197 0.000484659 0.185817 0.000453231 
5 0.5 71250000 6.86907 0.00752688 -1.38145 0.00410711 5.0728 0.0151622 70.5988 0.470325 -0.000696672 0.000948167 0.00105084 0.000811716 0.351197 0.00048662 0.185817 0.000453231 
5 0.5 71500000 6.86907 0.00752688 -1.38145 0.00410711 5.0728 0.0151622 70.5988 0.470325 -0.000696672 0.000948167 0.00105084 0.000811508 0.351197 0.000486175 0.185817 0.000453231 
5 0.5 71750000 6.86907 0.00775872 -1.38145 0.00410711 5.0728 0.0151622 70.5988 0.470325 -0.000696672 0.000938607 0.00105084 0.000809082 0.351197 0.000484439 0.185817 0.000453231 
5 0.5 72000000 6.86907 0.00775872 -1.38145 0.00410711 5.0728 0.0151622 70.5988 0.470325 -0.000696672 0.000938607 0.00105084 0.000806403 0.351197 0.000482793 0.185817 0.000453231 
5 0.5 72250000 6.86907 0.00775872 -1.38145 0.00410711 5.0728 0.0151622 70.5988 0.470325 -0.000696672 0.000938607 0.00105084 0.000805459 0.351197 0.000481212 0.185817 0.000453231 
5 0.5 72500000 6.86907 0.00775872 -1.38145 0.00410711 5.0728 0.0151622 70.5988 0.470325 -0.000696672 0.000938607 0.00105084 0.000803154 0.351197 0.00048036 0.185817 0.000453231 
5 0.5 72750000 6.86907 0.00775872 -1.38145 0.00410711 5.0728 0.0151622 70.5988 0.470325 -0.000696672 0.000927424 0.00105084 0.000802211 0.351197 0.000478684 0.185817 0.000453231 
5 0.5 73000000 6.86907 0.00775872 -1.38145 0.00410711 5.0728 0.0151622 70.5988 0.470325 -0.000696672 0.000927424 0.00105084 0.000800001 0.351197 0.000477512 0.185817 0.000453231 
5 0.5 73250000 6.86907 0.00775872 -1.38145 0.00410711 5.0728 0.0151622 70.5988 0.470325 -0.000696672 0.000927424 0.00105084 0.000799115 0.351197 0.000476446 0.185817 0.000453231 
5 0.5 73500000 6.86907 0.00775872 -1.38145 0.00410711 5.0728 0.0151622 70.5988 0.470325 -0.000696672 0.000927424 0.00105084 0.000799522 0.351197 0.000477394 0.185817 0.000453231 
5 0.5 73750000 6.86907 0.00775872 -1.38145 0.00410711 5.0728 0.0151622 70.5988 0.470325 -0.000696672 0.000927424 0.00105084 0.000798759 0.351197 0.000477394 0.185817 0.000453231 
5 0.5 74000000 6.8724 0.00754321 -1.38003 0.00411598 5.06857 0.0148978 70.4826 0.454414 -0.000772947 0.000941383 0.000914254 0.000801804 0.350999 0.000477696 0.185666 0.000452573 
5 0.5 74250000 6.8724 0.00754321 -1.38003 0.00411598 5.06857 0.0148978 70.4826 0.454414 -0.000772947 0.000941383 0.000914254 0.000801465 0.350999 0.000477696 0.185666 0.000452573 
5 0.5 74500000 6.8724 0.00754321 -1.38003 0.00411598 5.06857 0.0148978 70.4826 0.454414 -0.000772947 0.000941383 0.000914254 0.000799454 0.350999 0.000477696 0.185666 0.000452573 
5 0.5 74750000 6.8724 0.00754321 -1.38003 0.00411598 5.06857 0.0148978 70.4826 0.454414 -0.000772947 0.000941383 0.000914254 0.000799396 0.350999 0.000477696 0.185666 0.000452573 
5 0.5 75000000 6.8724 0.00754321 -1.38003 0.00411598 5.06857 0.0148978 70.4826 0.454414 -0.000772947 0.000930281 0.000914254 0.000797255 0.350999 0.000477696 0.185666 0.000452573 
5 0.5 75250000 6.8724 0.00754321 -1.38003 0.00411598 5.06857 0.0148978 70.4826 0.454414 -0.000772947 0.000930281 0.000914254 0.000795085 0.350999 0.000477696 0.185666 0.000452573 
5 0.5 75500000 6.8724 0.00754321 -1.38003 0.00411598 5.06857 0.0148978 70.4826 0.454414 -0.000772947 0.000930281 0.000914254 0.000793322 0.350999 0.000477696 0.185666 0.000452573 
5 0.5 75750000 6.8724 0.00754321 -1.38003 0.00411598 5.06857 0.0148978 70.4826 0.454414 -0.000772947 0.000930281 0.000914254 0.00079105 0.350999 0.000477696 0.185666 0.000452573 
5 0.5 76000000 6.8724 0.00733934 -1.38003 0.00411598 5.06857 0.0148978 70.4826 0.454414 -0.000772947 0.000918401 0.000914254 0.000788843 0.350999 0.000477696 0.185666 0.000452573 
5 0.5 76250000 6.8724 0.00733934 -1.38003 0.00411598 5.06857 0.0148978 70.4826 0.454414 -0.000772947 0.000918401 0.000914254 0.000786336 0.350999 0.000477696 0.185666 0.000452573 
5 0.5 76500000 6.8724 0.00733934 -1.38003 0.00411598 5.06857 0.0148978 70.4826 0.454414 -0.000772947 0.000918401 0.000914254 0.000785654 0.350999 0.000477696 0.185666 0.000452573 
5 0.5 76750000 6.8724 0.00733934 -1.38003 0.00411598 5.06857 0.0148978 70.4826 0.454414 -0.000772947 0.000918401 0.000914254 0.000785472 0.350999 0.000477696 0.185666 0.000452573 
5 0.5 77000000 6.8724 0.00733934 -1.38003 0.00411598 5.06857 0.0148978 70.4826 0.454414 -0.000772947 0.000907212 0.000914254 0.000783601 0.350999 0.000477696 0.185666 0.000452573 
5 0.5 77250000 6.8724 0.00733934 -1.38003 0.00411598 5.06857 0.0148978 70.4826 0.454414 -0.000772947 0.000907212 0.000914254 0.000781138 0.350999 0.000477696 0.185666 0.000452573 
5 0.5 77500000 6.8724 0.00733934 -1.38003 0.00411598 5.06857 0.0148978 70.4826 0.454414 -0.000772947 0.000907212 0.000914254 0.000779365 0.350999 0.000477696 0.185666 0.000452573 
5 0.5 77750000 6.8724 0.00733934 -1.38003 0.00411598 5.06857 0.0148978 70.4826 0.454414 -0.000772947 0.000907212 0.000914254 0.000777278 0.350999 0.000477696 0.185666 0.000452573 
5 0.5 78000000 6.87198 0.00732093 -1.3817 0.00422202 5.07487 0.0153874 70.63 0.454414 -0.000766545 0.000906708 0.000702413 0.000775801 0.351256 0.00051716 0.185897 0.000484421 
5 0.5 78250000 6.87198 0.00732093 -1.3817 0.00422202 5.07487 0.0153874 70.63 0.454414 -0.000766545 0.000906708 0.000702413 0.000774091 0.351256 0.00051716 0.185897 0.000484421 
5 0.5 78500000 6.87198 0.00732093 -1.3817 0.00422202 5.07487 0.0153874 70.63 0.454414 -0.000766545 0.000906708 0.000702413 0.000773118 0.351256 0.00051716 0.185897 0.000484421 
5 0.5 78750000 6.87198 0.00732093 -1.3817 0.00422202 5.07487 0.0153874 70.63 0.454414 -0.000766545 0.000906708 0.000702413 0.000771449 0.351256 0.00051716 0.185897 0.000484421 
5 0.5 79000000 6.87198 0.00732093 -1.3817 0.00422202 5.07487 0.0153874 70.63 0.454414 -0.000766545 0.000899606 0.000702413 0.000774246 0.351256 0.00051716 0.185897 0.000484421 
5 0.5 79250000 6.87198 0.00732093 -1.3817 0.00422202 5.07487 0.0153874 70.63 0.454414 -0.000766545 0.000899606 0.000702413 0.000772173 0.351256 0.00051716 0.185897 0.000484421 
5 0.5 79500000 6.87198 0.00732093 -1.3817 0.00422202 5.07487 0.0153874 70.63 0.454414 -0.000766545 0.000899606 0.000702413 0.000771475 0.351256 0.00051716 0.185897 0.000484421 
5 0.5 79750000 6.87198 0.00732093 -1.3817 0.00422202 5.07487 0.0153874 70.63 0.454414 -0.000766545 0.000899606 0.000702413 0.000770173 0.351256 0.00051716 0.185897 0.000484421 
5 0.5 80000000 6.87198 0.00732093 -1.3817 0.00422202 5.07487 0.0153874 70.63 0.454414 -0.000766545 0.000888087 0.000702413 0.000768527 0.351256 0.00051716 0.185897 0.000484421 
5 0.5 80250000 6.87198 0.00732093 -1.3817 0.00422202 5.07487 0.0153874 70.63 0.454414 -0.000766545 0.000888087 0.000702413 0.000768282 0.351256 0.00051716 0.185897 0.000484421 
5 0.5 80500000 6.87198 0.00732093 -1.3817 0.00422202 5.07487 0.0153874 70.63 0.454414 -0.000766545 0.000888087 0.000702413 0.000766513 0.351256 0.00051716 0.185897 0.000484421 
5 0.5 80750000 6.87198 0.00732093 -1.3817 0.00422202 5.07487 0.0153874 70.63 0.454414 -0.000766545 0.000888087 0.000702413 0.00076622 0.351256 0.00051716 0.185897 0.000484421 
5 0.5 81000000 6.87198 0.00732093 -1.3817 0.00422202 5.07487 0.0153874 70.63 0.454414 -0.000766545 0.000879864 0.000702413 0.000764024 0.351256 0.00051716 0.185897 0.000484421 
5 0.5 81250000 6.87198 0.00732093 -1.3817 0.00422202 5.07487 0.0153874 70.63 0.454414 -0.000766545 0.000879864 0.000702413 0.000761795 0.351256 0.00051716 0.185897 0.000484421 
5 0.5 81500000 6.87198 0.00732093 -1.3817 0.00422202 5.07487 0.0153874 70.63 0.454414 -0.000766545 0.000879864 0.000702413 0.000760264 0.351256 0.00051716 0.185897 0.000484421 
5 0.5 81750000 6.87198 0.00732093 -1.3817 0.00422202 5.07487 0.0153874 70.63 0.454414 -0.000766545 0.000879864 0.000702413 0.000760474 0.351256 0.00051716 0.185897 0.000484421 
5 0.5 82000000 6.86965 0.00708392 -1.38176 0.00401133 5.07645 0.0161315 70.6678 0.488104 -0.000720206 0.000869468 0.000459002 0.000758643 0.351265 0.000491378 0.185901 0.000460214 
5 0.5 82250000 6.86965 0.00708392 -1.38176 0.00401133 5.07645 0.0161315 70.6678 0.488104 -0.000720206 0.000869468 0.000459002 0.000756393 0.351265 0.000491378 0.185901 0.000460214 
5 0.5 82500000 6.86965 0.00708392 -1.38176 0.00401133 5.07645 0.0161315 70.6678 0.488104 -0.000720206 0.000869468 0.000459002 0.000755185 0.351265 0.000491378 0.185901 0.000460214 
5 0.5 82750000 6.86965 0.00708392 -1.38176 0.00401133 5.07645 0.0161315 70.6678 0.488104 -0.000720206 0.000869468 0.000459002 0.0007542 0.351265 0.000491378 0.185901 0.000460214 
5 0.5 83000000 6.86965 0.00708392 -1.38176 0.00401133 5.07645 0.0161315 70.6678 0.488104 -0.000720206 0.000858881 0.000459002 0.0007528 0.351265 0.000491378 0.185901 0.000460214 
5 0.5 83250000 6.86965 0.00708392 -1.38176 0.00401133 5.07645 0.0161315 70.6678 0.488104 -0.000720206 0.000858881 0.000459002 0.00075119 0.351265 0.000491378 0.185901 0.000460214 
5 0.5 83500000 6.86965 0.00708392 -1.38176 0.00401133 5.07645 0.0161315 70.6678 0.488104 -0.000720206 0.000858881 0.000459002 0.000750762 0.351265 0.000491378 0.185901 0.000460214 
5 0.5 83750000 6.86965 0.00708392 -1.38176 0.00401133 5.07645 0.0161315 70.6678 0.488104 -0.000720206 0.000858881 0.000459002 0.000752191 0.351265 0.000491378 0.185901 0.000460214 
5 0.5 84000000 6.86965 0.00725296 -1.38176 0.00401133 5.07645 0.0161315 70.6678 0.488104 -0.000720206 0.000860484 0.000459002 0.000751528 0.351265 0.000491378 0.185901 0.000460214 
5 0.5 84250000 6.86965 0.00725296 -1.38176 0.00401133 5.07645 0.0161315 70.6678 0.488104 -0.000720206 0.000860484 0.000459002 0.000751219 0.351265 0.000491378 0.185901 0.000460214 
5 0.5 84500000 6.86965 0.00725296 -1.38176 0.00401133 5.07645 0.0161315 70.6678 0.488104 -0.000720206 0.000860484 0.000459002 0.000753626 0.351265 0.000491378 0.185901 0.000460214 
5 0.5 84750000 6.86965 0.00725296 -1.38176 0.00401133 5.07645 0.0161315 70.6678 0.488104 -0.000720206 0.000860484 0.000459002 0.000752212 0.351265 0.000491378 0.185901 0.000460214 
5 0.5 85000000 6.86965 0.00725296 -1.38176 0.00401133 5.07645 0.0161315 70.6678 0.488104 -0.000720206 0.000860484 0.000459002 0.000750222 0.351265 0.000491378 0.185901 0.000460214 
5 0.5 85250000 6.86965 0.00725296 -1.38176 0.00401133 5.07645 0.0161315 70.6678 0.488104 -0.000720206 0.000851661 0.000459002 0.000748477 0.351265 0.000491378 0.185901 0.000460214 
5 0.5 85500000 6.86965 0.00725296 -1.38176 0.00401133 5.07645 0.0161315 70.6678 0.488104 -0.000720206 0.000851661 0.000459002 0.000746287 0.351265 0.000491378 0.185901 0.000460214 
5 0.5 85750000 6.86965 0.00725296 -1.38176 0.00401133 5.07645 0.0161315 70.6678 0.488104 -0.000720206 0.000851661 0.000459002 0.000744425 0.351265 0.000491378 0.185901 0.000460214 
5 0.5 86000000 6.86965 0.00725296 -1.38176 0.00401133 5.07645 0.0161315 70.6678 0.488104 -0.000720206 0.000851661 0.000459002 0.000744354 0.351265 0.000491378 0.185901 0.000460214 
5 0.5 86250000 6.86965 0.00713183 -1.38176 0.00384937 5.07645 0.0161315 70.6678 0.488104 -0.000720206 0.000841735 0.000459002 0.000742762 0.351265 0.000473128 0.185901 0.000456016 
5 0.5 86500000 6.86965 0.00713183 -1.38176 0.00384937 5.07645 0.0161315 70.6678 0.488104 -0.000720206 0.000841735 0.000459002 0.000742684 0.351265 0.000473128 0.185901 0.000456016 
5 0.5 86750000 6.86965 0.00713183 -1.38176 0.00384937 5.07645 0.0161315 70.6678 0.488104 -0.000720206 0.000841735 0.000459002 0.000741662 0.351265 0.000473128 0.185901 0.000456016 
5 0.5 87000000 6.86965 0.00713183 -1.38176 0.00384937 5.07645 0.0161315 70.6678 0.488104 -0.000720206 0.000841735 0.000459002 0.000739924 0.351265 0.000473128 0.185901 0.000456016 
5 0.5 87250000 6.86965 0.00713183 -1.38176 0.00384937 5.07645 0.0161315 70.6678 0.488104 -0.000720206 0.000832772 0.000459002 0.000738448 0.351265 0.000473128 0.185901 0.000456016 
5 0.5 87500000 6.86965 0.00713183 -1.38176 0.00384937 5.07645 0.0161315 70.6678 0.488104 -0.000720206 0.000832772 0.000459002 0.000740354 0.351265 0.000473128 0.185901 0.000456016 
5 0.5 87750000 6.86965 0.00713183 -1.38176 0.00384937 5.07645 0.0161315 70.6678 0.488104 -0.000720206 0.000832772 0.000459002 0.000739452 0.351265 0.000473128 0.185901 0.000456016 
5 0.5 88000000 6.86965 0.00713183 -1.38176 0.00384937 5.07645 0.0161315 70.6678 0.488104 -0.000720206 0.000832772 0.000459002 0.00073913 0.351265 0.000473128 0.185901 0.000456016 
5 0.5 88250000 6.86965 0.00708392 -1.38176 0.00384937 5.07645 0.0161315 70.6678 0.488104 -0.000720206 0.000827616 0.000459002 0.000737189 0.351265 0.000473128 0.185901 0.000456016 
5 0.5 88500000 6.86965 0.00708392 -1.38176 0.00384937 5.07645 0.0161315 70.6678 0.488104 -0.000720206 0.000827616 0.000459002 0.000735304 0.351265 0.000473128 0.185901 0.000456016 
5 0.5 88750000 6.86965 0.00708392 -1.38176 0.00384937 5.07645 0.0161315 70.6678 0.488104 -0.000720206 0.000827616 0.000459002 0.000733246 0.351265 0.000473128 0.185901 0.000456016 
5 0.5 89000000 6.86965 0.00708392 -1.38176 0.00384937 5.07645 0.0161315 70.6678 0.488104 -0.000720206 0.000827616 0.000459002 0.000732394 0.351265 0.000473128 0.185901 0.000456016 
5 0.5 89250000 6.86965 0.00708392 -1.38176 0.00384937 5.07645 0.0161315 70.6678 0.488104 -0.000720206 0.000819476 0.000459002 0.000730769 0.351265 0.000473128 0.185901 0.000456016 
5 0.5 89500000 6.86965 0.00708392 -1.38176 0.00384937 5.07645 0.0161315 70.6678 0.488104 -0.000720206 0.000819476 0.000459002 0.000728737 0.351265 0.000473128 0.185901 0.000456016 
5 0.5 89750000 6.86965 0.00708392 -1.38176 0.00384937 5.07645 0.0161315 70.6678 0.488104 -0.000720206 0.000819476 0.000459002 0.000727824 0.351265 0.000473128 0.185901 0.000456016 
5 0.5 90000000 6.86965 0.00708392 -1.38176 0.00384937 5.07645 0.0161315 70.6678 0.488104 -0.000720206 0.000819476 0.000459002 0.000725981 0.351265 0.000473128 0.185901 0.000456016 
5 0.5 90250000 6.86657 0.00707858 -1.38241 0.00367841 5.08219 0.0161315 70.8019 0.488104 -0.000782736 0.000810172 0.000310793 0.000725691 0.351391 0.000454754 0.186029 0.00043529 
5 0.5 90500000 6.86657 0.00707858 -1.38241 0.00367841 5.08219 0.0161315 70.8019 0.488104 -0.000782736 0.000810172 0.000310793 0.000724013 0.351391 0.000454754 0.186029 0.00043529 
5 0.5 90750000 6.86657 0.00707858 -1.38241 0.00367841 5.08219 0.0161315 70.8019 0.488104 -0.000782736 0.000810172 0.000310793 0.00072287 0.351391 0.000454754 0.186029 0.00043529 
5 0.5 91000000 6.86657 0.00707858 -1.38241 0.00367841 5.08219 0.0161315 70.8019 0.488104 -0.000782736 0.000810172 0.000310793 0.000721659 0.351391 0.000454754 0.186029 0.00043529 
5 0.5 91250000 6.86657 0.00707858 -1.38241 0.00367841 5.08219 0.0161315 70.8019 0.488104 -0.000782736 0.000801599 0.000310793 0.00071985 0.351391 0.000454754 0.186029 0.00043529 
5 0.5 91500000 6.86657 0.00707858 -1.38241 0.00367841 5.08219 0.0161315 70.8019 0.488104 -0.000782736 0.000801599 0.000310793 0.000718898 0.351391 0.000454754 0.186029 0.00043529 
5 0.5 91750000 6.86657 0.00707858 -1.38241 0.00367841 5.08219 0.0161315 70.8019 0.488104 -0.000782736 0.000801599 0.000310793 0.000717007 0.351391 0.000454754 0.186029 0.00043529 
5 0.5 92000000 6.86657 0.00707858 -1.38241 0.00367841 5.08219 0.0161315 70.8019 0.488104 -0.000782736 0.000801599 0.000310793 0.000715506 0.351391 0.000454754 0.186029 0.00043529 
5 0.5 92250000 6.86657 0.00707858 -1.38241 0.00367841 5.08219 0.0161315 70.8019 0.488104 -0.000782736 0.000798182 0.000310793 0.000713913 0.351391 0.000454754 0.186029 0.00043529 
5 0.5 92500000 6.86657 0.00707858 -1.38241 0.00367841 5.08219 0.0161315 70.8019 0.488104 -0.000782736 0.000798182 0.000310793 0.000713472 0.351391 0.000454754 0.186029 0.00043529 
5 0.5 92750000 6.86657 0.00707858 -1.38241 0.00367841 5.08219 0.0161315 70.8019 0.488104 -0.000782736 0.000798182 0.000310793 0.000713103 0.351391 0.000454754 0.186029 0.00043529 
5 0.5 93000000 6.86657 0.00707858 -1.38241 0.00367841 5.08219 0.0161315 70.8019 0.488104 -0.000782736 0.000798182 0.000310793 0.000711559 0.351391 0.000454754 0.186029 0.00043529 
5 0.5 93250000 6.86657 0.00707858 -1.38241 0.00367841 5.08219 0.0161315 70.8019 0.488104 -0.000782736 0.000790917 0.000310793 0.000709819 0.351391 0.000454754 0.186029 0.00043529 
5 0.5 93500000 6.86657 0.00707858 -1.38241 0.00367841 5.08219 0.0161315 70.8019 0.488104 -0.000782736 0.000790917 0.000310793 0.000708541 0.351391 0.000454754 0.186029 0.00043529 
5 0.5 93750000 6.86657 0.00707858 -1.38241 0.00367841 5.08219 0.0161315 70.8019 0.488104 -0.000782736 0.000790917 0.000310793 0.000707882 0.351391 0.000454754 0.186029 0.00043529 
5 0.5 94000000 6.86657 0.00707858 -1.38241 0.00367841 5.08219 0.0161315 70.8019 0.488104 -0.000782736 0.000790917 0.000310793 0.000706659 0.351391 0.000454754 0.186029 0.00043529 
5 0.5 94250000 6.86657 0.00707858 -1.38241 0.00355394 5.08219 0.0161315 70.8019 0.488104 -0.000782736 0.000782719 0.000310793 0.000705801 0.351391 0.00044462 0.186029 0.000426212 
5 0.5 94500000 6.86657 0.00707858 -1.38241 0.00355394 5.08219 0.0161315 70.8019 0.488104 -0.000782736 0.000782719 0.000310793 0.000705458 0.351391 0.00044462 0.186029 0.000426212 
5 0.5 94750000 6.86657 0.00707858 -1.38241 0.00355394 5.08219 0.0161315 70.8019 0.488104 -0.000782736 0.000782719 0.000310793 0.000704056 0.351391 0.00044462 0.186029 0.000426212 
5 0.5 95000000 6.86657 0.00707858 -1.38241 0.00355394 5.08219 0.0161315 70.8019 0.488104 -0.000782736 0.000782719 0.000310793 0.000703288 0.351391 0.00044462 0.186029 0.000426212 
5 0.5 95250000 6.86657 0.00707858 -1.38241 0.00355394 5.08219 0.0161315 70.8019 0.488104 -0.000782736 0.000782719 0.000310793 0.000703409 0.351391 0.00044462 0.186029 0.000426212 
5 0.5 95500000 6.86657 0.00707858 -1.38241 0.00355394 5.08219 0.0161315 70.8019 0.488104 -0.000782736 0.000774407 0.000310793 0.000702623 0.351391 0.00044462 0.186029 0.000426212 
5 0.5 95750000 6.86657 0.00707858 -1.38241 0.00355394 5.08219 0.0161315 70.8019 0.488104 -0.000782736 0.000774407 0.000310793 0.000701111 0.351391 0.00044462 0.186029 0.000426212 
5 0.5 96000000 6.86657 0.00707858 -1.38241 0.00355394 5.08219 0.0161315 70.8019 0.488104 -0.000782736 0.000774407 0.000310793 0.000699702 0.351391 0.00044462 0.186029 0.000426212 
5 0.5 96250000 6.86657 0.00707858 -1.38241 0.00355394 5.08219 0.0161315 70.8019 0.488104 -0.000782736 0.000774407 0.000310793 0.000700341 0.351391 0.00044462 0.186029 0.000426212 
5 0.5 96500000 6.86657 0.00707858 -1.38241 0.00355394 5.08219 0.0161315 70.8019 0.488104 -0.000782736 0.000766831 0.000310793 0.000699946 0.351391 0.00044462 0.186029 0.000426212 
5 0.5 96750000 6.86657 0.00707858 -1.38241 0.00355394 5.08219 0.0161315 70.8019 0.488104 -0.000782736 0.000766831 0.000310793 0.000698093 0.351391 0.00044462 0.186029 0.000426212 
5 0.5 97000000 6.86657 0.00707858 -1.38241 0.00355394 5.08219 0.0161315 70.8019 0.488104 -0.000782736 0.000766831 0.000310793 0.000697213 0.351391 0.00044462 0.186029 0.000426212 
5 0.5 97250000 6.86657 0.00707858 -1.38241 0.00355394 5.08219 0.0161315 70.8019 0.488104 -0.000782736 0.000766831 0.000310793 0.000695417 0.351391 0.00044462 0.186029 0.000426212 
5 0.5 97500000 6.86657 0.00707858 -1.38241 0.00355394 5.08219 0.0161315 70.8019 0.488104 -0.000782736 0.000765238 0.000310793 0.000693619 0.351391 0.00044462 0.186029 0.000426212 
5 0.5 97750000 6.86657 0.00707858 -1.38241 0.00355394 5.08219 0.0161315 70.8019 0.488104 -0.000782736 0.000765238 0.000310793 0.000694277 0.351391 0.00044462 0.186029 0.000426212 
5 0.5 98000000 6.86657 0.00707858 -1.38241 0.00355394 5.08219 0.0161315 70.8019 0.488104 -0.000782736 0.000765238 0.000310793 0.000693859 0.351391 0.00044462 0.186029 0.000426212 
5 0.5 98250000 6.86657 0.00707858 -1.38241 0.00355394 5.08219 0.0161315 70.8019 0.488104 -0.000782736 0.000765238 0.000310793 0.000692248 0.351391 0.00044462 0.186029 0.000426212 
5 0.5 98500000 6.86753 0.00655303 -1.38265 0.00341653 5.08513 0.0156025 70.8478 0.438685 -0.000734855 0.000778865 0.000292239 0.000691133 0.351497 0.000426249 0.186127 0.000408482 
5 0.5 98750000 6.86753 0.00655303 -1.38265 0.00341653 5.08513 0.0156025 70.8478 0.438685 -0.000734855 0.000778865 0.000292239 0.000690095 0.351497 0.000426249 0.186127 0.000408482 
5 0.5 99000000 6.86753 0.00655303 -1.38265 0.00341653 5.08513 0.0156025 70.8478 0.438685 -0.000734855 0.000778865 0.000292239 0.000688421 0.351497 0.000426249 0.186127 0.000408482 
5 0.5 99250000 6.86753 0.00655303 -1.38265 0.00341653 5.08513 0.0156025 70.8478 0.438685 -0.000734855 0.000778865 0.000292239 0.00068668 0.351497 0.000426249 0.186127 0.000408482 
5 0.5 99500000 6.86753 0.00655303 -1.38265 0.00341653 5.08513 0.0156025 70.8478 0.438685 -0.000734855 0.000771802 0.000292239 0.000685151 0.351497 0.000426249 0.186127 0.000408482 
5 0.5 99750000 6.86753 0.00655303 -1.38265 0.00341653 5.08513 0.0156025 70.8478 0.438685 -0.000734855 0.000771802 0.000292239 0.000684935 0.351497 0.000426249 0.186127 0.000408482 
5 0.5 100000000 6.86753 0.00655303 -1.38265 0.00341653 5.08513 0.0156025 70.8478 0.438685 -0.000734855 0.000771802 0.000292239 0.000683757 0.351497 0.000426249 0.186127 0.000408482 
