L J MC_steps R2 R2_std E E_std E2 E2_std E4 E4_std Sin1 Sin1_std Cos1 Cos1_std Mag2 Mag2_std Mag4 Mag4_std
5 0.25 250000 7.03348 0.133238 -0.606046 0.0682131 3.24648 0.189171 38.3142 4.35736 0.012152 0.0163594 -0.00411184 0.0142514 0.258105 0.00937788 0.114785 0.00735749 
5 0.25 500000 7.04687 0.0988842 -0.648254 0.0425606 3.23413 0.115886 35.4744 2.76104 0.00658903 0.0102129 -0.00732621 0.00913035 0.266756 0.00562038 0.119054 0.00440017 
5 0.25 750000 7.00639 0.0698469 -0.641435 0.0339476 3.22408 0.0937778 34.5295 2.02613 0.0041647 0.00816965 0.00214733 0.00744148 0.266154 0.0045802 0.118753 0.00363357 
5 0.25 1000000 6.99687 0.0575868 -0.639705 0.0294561 3.24928 0.0866411 35.1742 1.94483 0.00988019 0.00659254 -0.00159859 0.00646815 0.266437 0.00376084 0.118958 0.0030593 
5 0.25 1250000 6.99959 0.0507816 -0.641063 0.0255503 3.23653 0.0745178 34.8773 1.66989 0.0113264 0.00552432 -0.00166195 0.00577964 0.266688 0.00322852 0.118983 0.00264445 
5 0.25 1500000 6.97266 0.0486335 -0.638973 0.0226893 3.22918 0.0724403 34.311 1.51891 0.00900061 0.00503903 0.000707827 0.0051678 0.266412 0.0028668 0.118608 0.00238064 
5 0.25 1750000 6.97927 0.0476789 -0.653981 0.0208637 3.25259 0.067021 34.8093 1.41914 0.00891325 0.00461346 -5.11115e-05 0.00486239 0.268524 0.00265385 0.119872 0.00218849 
5 0.25 2000000 6.97161 0.043153 -0.658007 0.0195336 3.24682 0.0622678 34.7069 1.34086 0.00650878 0.00431612 -0.00158315 0.00452675 0.269098 0.00246978 0.120244 0.00201785 
5 0.25 2250000 6.98897 0.0391922 -0.644236 0.0184115 3.20746 0.0589789 33.7692 1.31576 0.00398003 0.00422409 -0.000857532 0.00439497 0.26676 0.00238794 0.118409 0.00197064 
5 0.25 2500000 6.99424 0.0359484 -0.637421 0.0177908 3.19787 0.0547538 33.8151 1.2199 0.001852 0.00399537 0.00214674 0.00408352 0.26568 0.00286722 0.117845 0.00206578 
5 0.25 2750000 6.99453 0.0336019 -0.640391 0.0182932 3.19969 0.051298 33.8301 1.12613 0.00163321 0.0040653 0.00278911 0.00392721 0.265871 0.00273853 0.117887 0.00213434 
5 0.25 3000000 6.99609 0.0315778 -0.635426 0.0182932 3.19909 0.0512221 33.8825 1.06393 0.0030738 0.0040653 -1.5904e-05 0.00401495 0.265451 0.00273853 0.11752 0.00213434 
5 0.25 3250000 6.99544 0.0305789 -0.642013 0.0154764 3.21126 0.0460948 34.2351 1.01082 0.00315208 0.00366051 -0.00123408 0.00469092 0.265973 0.00228401 0.117872 0.00177866 
5 0.25 3500000 6.99715 0.0293333 -0.642883 0.0153161 3.20219 0.0439735 33.9299 0.957989 0.00454613 0.00366051 -0.00201209 0.00469092 0.26552 0.00228401 0.117494 0.00177866 
5 0.25 3750000 7.00293 0.0285102 -0.639891 0.0137067 3.18808 0.0433752 33.7082 0.913722 0.00343745 0.00334481 -0.00119948 0.00402092 0.264953 0.00217392 0.116921 0.00176045 
5 0.25 4000000 7.00612 0.0274911 -0.638691 0.0132742 3.18816 0.0433752 33.7175 0.895433 0.00145626 0.00352931 -0.000171764 0.00402092 0.264659 0.00217392 0.116804 0.00176045 
5 0.25 4250000 7.00134 0.0264683 -0.638472 0.01281 3.19013 0.0390244 33.8266 0.860539 0.000225977 0.00407614 4.90709e-05 0.00370708 0.264973 0.00190228 0.117031 0.00154382 
5 0.25 4500000 6.99563 0.0257128 -0.639536 0.0123412 3.18675 0.0383311 33.7949 0.843103 -0.00084218 0.00407614 0.000267011 0.00370708 0.265154 0.00190228 0.117 0.00154382 
5 0.25 4750000 6.98546 0.0248264 -0.63347 0.0122885 3.17807 0.0370451 33.6331 0.818942 -0.00149563 0.00397019 -0.000236217 0.00330614 0.264226 0.00187278 0.116475 0.0014691 
5 0.25 5000000 6.99383 0.0240245 -0.633579 0.0119813 3.17509 0.0367011 33.5789 0.806611 -0.00124218 0.00397019 -0.000331627 0.00330614 0.264091 0.00183168 0.116441 0.0014691 
5 0.25 5250000 6.99297 0.0232681 -0.631503 0.0118211 3.1763 0.0358594 33.5998 0.800633 -0.000529212 0.00368892 -0.0013221 0.00314881 0.263836 0.00193378 0.116279 0.00146086 
5 0.25 5500000 6.99297 0.0228016 -0.631503 0.0116578 3.1763 0.034719 33.5998 0.770531 -0.000529212 0.00368892 -0.0013221 0.00314881 0.263836 0.00193378 0.116279 0.00146086 
5 0.25 5750000 6.99432 0.0223859 -0.639259 0.0120309 3.19587 0.0346533 33.8498 0.746697 0.00168407 0.00396228 -0.00120537 0.00286472 0.264708 0.00193378 0.116962 0.00146086 
5 0.25 6000000 6.99432 0.0221124 -0.639259 0.0120309 3.19587 0.0346533 33.8498 0.727117 0.00168407 0.00396228 -0.00120537 0.00286472 0.264708 0.00193378 0.116962 0.00146086 
5 0.25 6250000 7.00741 0.0217187 -0.63657 0.0113248 3.18796 0.0326548 33.5821 0.716104 0.00156676 0.00363382 -0.0024453 0.00288186 0.264439 0.00170307 0.116664 0.00129417 
5 0.25 6500000 7.00741 0.0213183 -0.63657 0.0113248 3.18796 0.0326548 33.5821 0.696652 0.00156676 0.00363382 -0.0024453 0.00288186 0.264439 0.00170307 0.116664 0.00129417 
5 0.25 6750000 7.00331 0.0209215 -0.638386 0.0107779 3.19284 0.0312025 33.6166 0.67253 0.00183665 0.00336431 -0.00106556 0.00297217 0.264708 0.00170307 0.116845 0.00126714 
5 0.25 7000000 7.00331 0.0204773 -0.638386 0.0106862 3.19284 0.0305048 33.6166 0.66588 0.00183665 0.00336431 -0.00106556 0.00297217 0.264708 0.00170307 0.116845 0.00126714 
5 0.25 7250000 7.00153 0.0203643 -0.639148 0.0103041 3.19876 0.0303121 33.6723 0.673009 0.00251514 0.00319168 -0.00129565 0.00276876 0.265009 0.00155231 0.117023 0.0011527 
5 0.25 7500000 7.00153 0.0200932 -0.639148 0.0100699 3.19876 0.0298203 33.6723 0.652169 0.00251514 0.00319168 -0.00129565 0.00276876 0.265009 0.00155231 0.117023 0.00113566 
5 0.25 7750000 7.00853 0.0197102 -0.637016 0.0098906 3.19628 0.0293245 33.6533 0.639328 0.00201972 0.00301711 -0.00090249 0.00261194 0.265006 0.00155231 0.117064 0.00113566 
5 0.25 8000000 7.00853 0.0193088 -0.637016 0.00968258 3.19628 0.0289096 33.6533 0.628074 0.00201972 0.00301711 -0.00090249 0.00261194 0.265006 0.00155231 0.117064 0.00113566 
5 0.25 8250000 7.01288 0.0181552 -0.635882 0.00945703 3.19925 0.0286775 33.7627 0.624992 0.00215933 0.00283177 -0.000676885 0.00245842 0.265217 0.00137447 0.117237 0.00105979 
5 0.25 8500000 7.01288 0.0177904 -0.635882 0.00933988 3.19925 0.0281438 33.7627 0.60848 0.00215933 0.00283177 -0.000676885 0.00245842 0.265217 0.00137204 0.117237 0.00102929 
5 0.25 8750000 7.01471 0.0175943 -0.637633 0.00920835 3.20165 0.027646 33.8326 0.598211 0.0025399 0.00269065 -0.000862671 0.00232082 0.265493 0.00137204 0.11743 0.00101374 
5 0.25 9000000 7.01471 0.0173012 -0.637633 0.00903784 3.20165 0.0271958 33.8326 0.583206 0.0025399 0.00269065 -0.000862671 0.00232082 0.265493 0.00137204 0.11743 0.00101374 
5 0.25 9250000 7.01226 0.0171394 -0.641684 0.00956547 3.21376 0.0267934 34.0869 0.587063 0.00258274 0.00254151 -0.000383089 0.00224089 0.26602 0.0014354 0.117873 0.00108237 
5 0.25 9500000 7.01226 0.0167881 -0.641684 0.00956547 3.21376 0.0264083 34.0869 0.575649 0.00258274 0.00254151 -0.000383089 0.00224089 0.26602 0.0014354 0.117873 0.00108237 
5 0.25 9750000 7.01226 0.0166992 -0.641684 0.00956547 3.21376 0.0260101 34.0869 0.564652 0.00258274 0.00254151 -0.000383089 0.00224089 0.26602 0.0014354 0.117873 0.00108237 
5 0.25 10000000 7.01341 0.0164932 -0.641107 0.00956547 3.20986 0.0256352 34.0767 0.560048 0.00244488 0.00241148 0.000338419 0.00223608 0.265853 0.0014354 0.117722 0.00108237 
5 0.25 10250000 7.01341 0.0163886 -0.641107 0.00956547 3.20986 0.0250945 34.0767 0.54672 0.00244488 0.00241148 0.000338419 0.00223608 0.265853 0.0014354 0.117722 0.00108237 
5 0.25 10500000 7.01133 0.0161944 -0.63847 0.00913299 3.20485 0.0247714 33.9672 0.542678 0.00188374 0.00235529 0.000375107 0.00212458 0.265398 0.00142027 0.117431 0.00106077 
5 0.25 10750000 7.01133 0.0159794 -0.63847 0.00913299 3.20485 0.0243891 33.9672 0.530524 0.00188374 0.00235529 0.000375107 0.00212458 0.265398 0.00142027 0.117431 0.00106077 
5 0.25 11000000 7.01133 0.015795 -0.63847 0.00913299 3.20485 0.0239906 33.9672 0.521567 0.00188374 0.00226752 0.000375107 0.0020401 0.265398 0.00142027 0.117431 0.00106077 
5 0.25 11250000 7.01133 0.0157443 -0.63847 0.00913299 3.20485 0.0237665 33.9672 0.513974 0.00188374 0.00226752 0.000375107 0.0020401 0.265398 0.00142027 0.117431 0.00106077 
5 0.25 11500000 7.01412 0.0156549 -0.637224 0.00838729 3.20018 0.0234928 33.8713 0.503731 0.00203993 0.00217188 0.000685984 0.00198268 0.265024 0.0013394 0.117255 0.000979488 
5 0.25 11750000 7.01412 0.0155322 -0.637224 0.00838729 3.20018 0.0232129 33.8713 0.498828 0.00203993 0.00217188 0.000685984 0.00198268 0.265024 0.0013394 0.117255 0.000979488 
5 0.25 12000000 7.01412 0.0153322 -0.637224 0.00838729 3.20018 0.0229814 33.8713 0.494781 0.00203993 0.00208976 0.000685984 0.00198268 0.265024 0.0013394 0.117255 0.000979488 
5 0.25 12250000 7.01412 0.0151332 -0.637224 0.00838729 3.20018 0.0227395 33.8713 0.491938 0.00203993 0.00208976 0.000685984 0.00198268 0.265024 0.0013394 0.117255 0.000979488 
5 0.25 12500000 7.00822 0.0150141 -0.63572 0.0078842 3.19371 0.0236543 33.8488 0.490234 0.00210036 0.00200969 4.56064e-06 0.00184461 0.264713 0.00126345 0.117081 0.000915305 
5 0.25 12750000 7.00822 0.0148453 -0.63572 0.0078842 3.19371 0.0236543 33.8488 0.486818 0.00210036 0.00200969 4.56064e-06 0.00184461 0.264713 0.00126345 0.117081 0.000915305 
5 0.25 13000000 7.00822 0.0147263 -0.63572 0.00788779 3.19371 0.0227745 33.8488 0.481703 0.00210036 0.00197672 4.56064e-06 0.00177237 0.264713 0.00126345 0.117081 0.000912485 
5 0.25 13250000 7.00822 0.0147179 -0.63572 0.00788779 3.19371 0.0227745 33.8488 0.481738 0.00210036 0.00197672 4.56064e-06 0.00177237 0.264713 0.00126345 0.117081 0.000912485 
5 0.25 13500000 7.01179 0.014555 -0.637476 0.00760092 3.19879 0.0221378 33.8293 0.480993 0.000792555 0.00208279 -0.000390012 0.00176543 0.264934 0.00118554 0.117196 0.000876312 
5 0.25 13750000 7.01179 0.0144403 -0.637476 0.00760092 3.19879 0.0221378 33.8293 0.47801 0.000792555 0.00208279 -0.000390012 0.00176543 0.264934 0.00118554 0.117196 0.000876312 
5 0.25 14000000 7.01179 0.0142675 -0.637476 0.0079802 3.19879 0.0227182 33.8293 0.474307 0.000792555 0.00202985 -0.000390012 0.00172492 0.264934 0.00118554 0.117196 0.000876312 
5 0.25 14250000 7.01179 0.0141084 -0.637476 0.0079802 3.19879 0.0227182 33.8293 0.468125 0.000792555 0.00202985 -0.000390012 0.00172492 0.264934 0.00118554 0.117196 0.000876312 
5 0.25 14500000 7.01015 0.0140935 -0.63475 0.00771172 3.19364 0.0220855 33.7601 0.461601 0.00110684 0.00195736 -8.18155e-05 0.00166335 0.264669 0.00113018 0.116976 0.000845691 
5 0.25 14750000 7.01015 0.0140384 -0.63475 0.00771172 3.19364 0.0220855 33.7601 0.466219 0.00110684 0.00195736 -8.18155e-05 0.00166335 0.264669 0.00113018 0.116976 0.000845691 
5 0.25 15000000 7.01015 0.0138553 -0.63475 0.00744847 3.19364 0.0219275 33.7601 0.464072 0.00110684 0.00197997 -8.18155e-05 0.00160684 0.264669 0.00113018 0.116976 0.000826426 
5 0.25 15250000 7.01015 0.0137563 -0.63475 0.00744847 3.19364 0.0219275 33.7601 0.458166 0.00110684 0.00197997 -8.18155e-05 0.00160684 0.264669 0.00113018 0.116976 0.000826426 
5 0.25 15500000 7.01774 0.0137602 -0.635088 0.00721986 3.19073 0.0213149 33.6653 0.452121 0.000331836 0.00193156 -9.71258e-05 0.00155473 0.264648 0.00105503 0.116975 0.000808775 
5 0.25 15750000 7.01774 0.0136827 -0.635088 0.00721986 3.19073 0.0213149 33.6653 0.448649 0.000331836 0.00193156 -9.71258e-05 0.00155473 0.264648 0.00105503 0.116975 0.000808775 
5 0.25 16000000 7.01774 0.0135809 -0.635088 0.00703875 3.19073 0.0208849 33.6653 0.44492 0.000331836 0.00193156 -9.71258e-05 0.00150541 0.264648 0.00105503 0.116975 0.000783003 
5 0.25 16250000 7.01774 0.0131268 -0.635088 0.00703875 3.19073 0.0208849 33.6653 0.449834 0.000331836 0.00193156 -9.71258e-05 0.00150541 0.264648 0.00105503 0.116975 0.000783003 
5 0.25 16500000 7.01581 0.0130029 -0.635148 0.00686487 3.18527 0.0220006 33.6213 0.45072 0.000579326 0.00182662 -8.79084e-05 0.00145955 0.264369 0.00102536 0.116727 0.000803895 
5 0.25 16750000 7.01581 0.0128922 -0.635148 0.00686487 3.18527 0.0220006 33.6213 0.45072 0.000579326 0.00182662 -8.79084e-05 0.00145955 0.264369 0.00102536 0.116727 0.000803895 
5 0.25 17000000 7.01581 0.0128275 -0.635148 0.00705616 3.18527 0.0220789 33.6213 0.455227 0.000579326 0.00182662 -8.79084e-05 0.00141986 0.264369 0.00102536 0.116727 0.000806527 
5 0.25 17250000 7.01581 0.0127173 -0.635148 0.00705616 3.18527 0.0220789 33.6213 0.455227 0.000579326 0.00182662 -8.79084e-05 0.00144634 0.264369 0.00102536 0.116727 0.000806527 
5 0.25 17500000 7.01643 0.0126111 -0.633121 0.00685729 3.17568 0.0217566 33.4464 0.444114 0.000521732 0.00172944 -0.000901499 0.00154035 0.264191 0.000980366 0.116515 0.000782808 
5 0.25 17750000 7.01643 0.01251 -0.633121 0.00685729 3.17568 0.0217566 33.4464 0.444114 0.000521732 0.00172944 -0.000901499 0.00154035 0.264191 0.000980366 0.116515 0.000782808 
5 0.25 18000000 7.01643 0.0123985 -0.633121 0.00666158 3.17568 0.02124 33.4464 0.437895 0.000521732 0.00172008 -0.000901499 0.00151299 0.264191 0.000980366 0.116515 0.000760945 
5 0.25 18250000 7.01643 0.0125015 -0.633121 0.00666158 3.17568 0.02124 33.4464 0.437895 0.000521732 0.00172008 -0.000901499 0.00151299 0.264191 0.000980366 0.116515 0.000760945 
5 0.25 18500000 7.01272 0.0124195 -0.631943 0.00657069 3.17079 0.0208266 33.2962 0.431967 0.000688135 0.00163744 -0.000946149 0.00149518 0.263984 0.000947455 0.116355 0.000751079 
5 0.25 18750000 7.01272 0.0124087 -0.631943 0.00657069 3.17079 0.0208266 33.2962 0.431967 0.000688135 0.00163744 -0.000946149 0.00149518 0.263984 0.000947455 0.116355 0.000751079 
5 0.25 19000000 7.01272 0.0123246 -0.631943 0.00639607 3.17079 0.0202647 33.2962 0.420709 0.000688135 0.00163255 -0.000946149 0.001457 0.263984 0.000947455 0.116355 0.00073079 
5 0.25 19250000 7.01272 0.012212 -0.631943 0.00639607 3.17079 0.0202647 33.2962 0.420709 0.000688135 0.00163255 -0.000946149 0.001457 0.263984 0.000947455 0.116355 0.00073079 
5 0.25 19500000 7.00766 0.0121542 -0.631585 0.00625187 3.17186 0.0198258 33.2232 0.413086 0.000418908 0.00156867 -0.000568508 0.00144839 0.263991 0.000903629 0.116329 0.000715998 
5 0.25 19750000 7.00766 0.0120975 -0.631585 0.00625187 3.17186 0.0198258 33.2232 0.413086 0.000418908 0.00156867 -0.000568508 0.00144839 0.263991 0.000903629 0.116329 0.000715998 
5 0.25 20000000 7.00766 0.0120611 -0.631585 0.00617915 3.17186 0.0198258 33.2232 0.408784 0.000418908 0.00156867 -0.000568508 0.00142778 0.263991 0.000903629 0.116329 0.000715998 
5 0.25 20250000 7.00766 0.0120254 -0.631585 0.00617915 3.17186 0.0198258 33.2232 0.408784 0.000418908 0.00156867 -0.000568508 0.00142778 0.263991 0.000903629 0.116329 0.000715998 
5 0.25 20500000 7.00766 0.0120254 -0.631585 0.00617915 3.17186 0.0198258 33.2232 0.408784 0.000418908 0.00156867 -0.000568508 0.00142778 0.263991 0.000903629 0.116329 0.000715998 
5 0.25 20750000 7.00596 0.0118106 -0.629668 0.00608516 3.17207 0.0188894 33.2809 0.398827 0.000539363 0.00150225 -0.000475754 0.00139769 0.263808 0.000871098 0.116255 0.000685175 
5 0.25 21000000 7.00596 0.0117106 -0.629668 0.00608516 3.17207 0.0188894 33.2809 0.398827 0.000539363 0.00150225 -0.000475754 0.00139769 0.263808 0.000871098 0.116255 0.000685175 
5 0.25 21250000 7.00596 0.0116819 -0.629668 0.00615375 3.17207 0.0184486 33.2809 0.389126 0.000539363 0.00149485 -0.000475754 0.00138627 0.263808 0.000871098 0.116255 0.000670052 
5 0.25 21500000 7.00596 0.0115926 -0.629668 0.00615375 3.17207 0.0184486 33.2809 0.389126 0.000539363 0.00149485 -0.000475754 0.00138627 0.263808 0.000871098 0.116255 0.000670052 
5 0.25 21750000 7.00596 0.0114964 -0.629668 0.00602206 3.17207 0.0180694 33.2809 0.381086 0.000539363 0.00148799 -0.000475754 0.00135848 0.263808 0.000850513 0.116255 0.000654321 
5 0.25 22000000 7.00596 0.0114235 -0.629668 0.00602206 3.17207 0.0180694 33.2809 0.381086 0.000539363 0.00148799 -0.000475754 0.00135848 0.263808 0.000850513 0.116255 0.000654321 
5 0.25 22250000 7.00596 0.011354 -0.629668 0.00588677 3.17207 0.0178846 33.2809 0.372475 0.000539363 0.00148799 -0.000475754 0.00134056 0.263808 0.000850513 0.116255 0.0006514 
5 0.25 22500000 7.00596 0.0113707 -0.629668 0.00588677 3.17207 0.0178846 33.2809 0.372475 0.000539363 0.00148799 -0.000475754 0.00134056 0.263808 0.000850513 0.116255 0.0006514 
5 0.25 22750000 7.0105 0.011306 -0.627671 0.00577816 3.17077 0.0173968 33.208 0.372191 0.000770631 0.0014354 -0.000538972 0.0013101 0.26338 0.000857944 0.116044 0.0006377 
5 0.25 23000000 7.0105 0.0112287 -0.627671 0.00577816 3.17077 0.0173968 33.208 0.368525 0.000770631 0.0014354 -0.000538972 0.0013101 0.26338 0.000857944 0.116044 0.0006377 
5 0.25 23250000 7.0105 0.0111932 -0.627671 0.00567055 3.17077 0.0170413 33.208 0.364787 0.000770631 0.0014354 -0.000538972 0.0012941 0.26338 0.000857944 0.116044 0.000629461 
5 0.25 23500000 7.0105 0.0112113 -0.627671 0.00567055 3.17077 0.0170413 33.208 0.360882 0.000770631 0.0014354 -0.000538972 0.0012941 0.26338 0.000857944 0.116044 0.000629461 
5 0.25 23750000 7.0105 0.0111331 -0.627671 0.00557512 3.17077 0.016954 33.208 0.357567 0.000770631 0.00137748 -0.000538972 0.00128232 0.26338 0.000857944 0.116044 0.000625506 
5 0.25 24000000 7.0105 0.0110352 -0.627671 0.00557512 3.17077 0.016954 33.208 0.356375 0.000770631 0.00137748 -0.000538972 0.00128232 0.26338 0.000857944 0.116044 0.000625506 
5 0.25 24250000 7.0105 0.0110071 -0.627671 0.00546925 3.17077 0.0166 33.208 0.353058 0.000770631 0.00137748 -0.000538972 0.00125902 0.26338 0.000857944 0.116044 0.000625506 
5 0.25 24500000 7.0105 0.011006 -0.627671 0.00546139 3.17077 0.0166 33.208 0.349814 0.000770631 0.00137748 -0.000538972 0.00125902 0.26338 0.000857944 0.116044 0.000625506 
5 0.25 24750000 7.00728 0.011162 -0.627359 0.00539312 3.17417 0.0163008 33.3106 0.347513 0.000852431 0.00133388 -0.000547167 0.00123947 0.263481 0.000792378 0.116096 0.000599518 
5 0.25 25000000 7.00728 0.011162 -0.627359 0.0053681 3.17417 0.0163008 33.3106 0.344456 0.000852431 0.00133388 -0.000547167 0.00123947 0.263481 0.000792378 0.116096 0.000599518 
5 0.25 25250000 7.00728 0.011162 -0.627359 0.0053334 3.17417 0.0160163 33.3106 0.341482 0.000852431 0.00133388 -0.000547167 0.00123068 0.263481 0.000792378 0.116096 0.000592176 
5 0.25 25500000 7.00728 0.011162 -0.627359 0.0053334 3.17417 0.0160163 33.3106 0.339844 0.000852431 0.00133388 -0.000547167 0.00123068 0.263481 0.000792378 0.116096 0.000592176 
5 0.25 25750000 7.00728 0.0107238 -0.627359 0.00530899 3.17417 0.0157161 33.3106 0.338165 0.000852431 0.00128055 -0.000547167 0.00120873 0.263481 0.000792378 0.116096 0.000583818 
5 0.25 26000000 7.00728 0.0107238 -0.627359 0.00530899 3.17417 0.0157161 33.3106 0.335266 0.000852431 0.00128055 -0.000547167 0.00120873 0.263481 0.000792378 0.116096 0.000583818 
5 0.25 26250000 7.00728 0.0107238 -0.627359 0.00521406 3.17417 0.0155081 33.3106 0.332083 0.000852431 0.00128055 -0.000547167 0.00120842 0.263481 0.000792378 0.116096 0.000575593 
5 0.25 26500000 7.00728 0.0107238 -0.627359 0.00521694 3.17417 0.0155081 33.3106 0.329468 0.000852431 0.00128055 -0.000547167 0.00120842 0.263481 0.000792378 0.116096 0.000575593 
5 0.25 26750000 7.00381 0.0107344 -0.626309 0.00519726 3.17186 0.0152405 33.2769 0.328249 0.000903037 0.00123199 3.46327e-06 0.0011855 0.263325 0.000746743 0.115996 0.000571813 
5 0.25 27000000 7.00381 0.0107344 -0.626309 0.00516263 3.17186 0.0152405 33.2769 0.326118 0.000903037 0.00123199 3.46327e-06 0.0011855 0.263325 0.000746743 0.115996 0.000571813 
5 0.25 27250000 7.00381 0.0107344 -0.626309 0.00512877 3.17186 0.0150556 33.2769 0.324719 0.000903037 0.00123199 3.46327e-06 0.0011756 0.263325 0.000746743 0.115996 0.000561458 
5 0.25 27500000 7.00381 0.0107344 -0.626309 0.00509062 3.17186 0.0150556 33.2769 0.322317 0.000903037 0.00123199 3.46327e-06 0.0011756 0.263325 0.000746743 0.115996 0.000561458 
5 0.25 27750000 7.00381 0.0105405 -0.626309 0.00505078 3.17186 0.0147889 33.2769 0.320084 0.000903037 0.00121299 3.46327e-06 0.00115771 0.263325 0.000746743 0.115996 0.000551733 
5 0.25 28000000 7.00381 0.0105405 -0.626309 0.0050722 3.17186 0.0147889 33.2769 0.318587 0.000903037 0.00121299 3.46327e-06 0.00115771 0.263325 0.000746743 0.115996 0.000551733 
5 0.25 28250000 7.00381 0.0105405 -0.626309 0.00504808 3.17186 0.0147673 33.2769 0.316969 0.000903037 0.00119943 3.46327e-06 0.00114975 0.263325 0.000746743 0.115996 0.000551366 
5 0.25 28500000 7.00381 0.0105405 -0.626309 0.00504808 3.17186 0.0147673 33.2769 0.314989 0.000903037 0.00119943 3.46327e-06 0.00114975 0.263325 0.000746743 0.115996 0.000551366 
5 0.25 28750000 7.00741 0.0102699 -0.625769 0.0050821 3.17204 0.0145671 33.2876 0.313505 0.000586064 0.0011972 3.94106e-05 0.00112672 0.263337 0.000708766 0.11601 0.00054798 
5 0.25 29000000 7.00741 0.0102699 -0.625769 0.0050821 3.17204 0.0145671 33.2876 0.317295 0.000586064 0.0011972 3.94106e-05 0.00112672 0.263337 0.000708766 0.11601 0.00054798 
5 0.25 29250000 7.00741 0.0102699 -0.625769 0.00503977 3.17204 0.014329 33.2876 0.315184 0.000586064 0.00117827 3.94106e-05 0.00110706 0.263337 0.000698651 0.11601 0.000538555 
5 0.25 29500000 7.00741 0.0102699 -0.625769 0.00503977 3.17204 0.014329 33.2876 0.313782 0.000586064 0.00117827 3.94106e-05 0.00110706 0.263337 0.000698651 0.11601 0.000538555 
5 0.25 29750000 7.00741 0.010045 -0.625769 0.00496193 3.17204 0.0142473 33.2876 0.311812 0.000586064 0.00115878 3.94106e-05 0.00109444 0.263337 0.000693514 0.11601 0.000529566 
5 0.25 30000000 7.00741 0.00997905 -0.625769 0.00496193 3.17204 0.0142473 33.2876 0.310747 0.000586064 0.00115878 3.94106e-05 0.00109444 0.263337 0.000693514 0.11601 0.000529566 
5 0.25 30250000 7.00741 0.00991739 -0.625769 0.00488326 3.17204 0.014041 33.2876 0.308142 0.000586064 0.00114729 3.94106e-05 0.00108397 0.263337 0.000693514 0.11601 0.000522616 
5 0.25 30500000 7.00741 0.00991739 -0.625769 0.00488326 3.17204 0.014041 33.2876 0.305998 0.000586064 0.00114729 3.94106e-05 0.00108397 0.263337 0.000693514 0.11601 0.000522616 
5 0.25 30750000 7.00488 0.0099504 -0.625797 0.00483787 3.17151 0.0138071 33.2538 0.30349 0.000462632 0.00113748 -2.53187e-05 0.00106796 0.263383 0.000667664 0.116008 0.000515794 
5 0.25 31000000 7.00488 0.0099504 -0.625797 0.00483787 3.17151 0.0138071 33.2538 0.305942 0.000462632 0.00113748 -2.53187e-05 0.00106796 0.263383 0.000667664 0.116008 0.000515794 
5 0.25 31250000 7.00488 0.0099504 -0.625797 0.00483787 3.17151 0.0138071 33.2538 0.303959 0.000462632 0.00113748 -2.53187e-05 0.00106796 0.263383 0.000667664 0.116008 0.000515794 
5 0.25 31500000 7.00488 0.0099504 -0.625797 0.00481174 3.17151 0.0140427 33.2538 0.302138 0.000462632 0.0011209 -2.53187e-05 0.00107354 0.263383 0.000665045 0.116008 0.000516174 
5 0.25 31750000 7.00488 0.0099504 -0.625797 0.00483185 3.17151 0.0140427 33.2538 0.302577 0.000462632 0.0011209 -2.53187e-05 0.00107354 0.263383 0.000665045 0.116008 0.000516174 
5 0.25 32000000 7.00488 0.00969929 -0.625797 0.0048508 3.17151 0.0140502 33.2538 0.30206 0.000462632 0.0011092 -2.53187e-05 0.00106166 0.263383 0.000679192 0.116008 0.000521246 
5 0.25 32250000 7.00488 0.00969929 -0.625797 0.0048508 3.17151 0.0140502 33.2538 0.300858 0.000462632 0.0011092 -2.53187e-05 0.00106166 0.263383 0.000679192 0.116008 0.000521246 
5 0.25 32500000 7.00488 0.00969929 -0.625797 0.00480404 3.17151 0.0141217 33.2538 0.299376 0.000462632 0.00109211 -2.53187e-05 0.00106376 0.263383 0.000680545 0.116008 0.000527528 
5 0.25 32750000 7.00488 0.00969929 -0.625797 0.00480404 3.17151 0.0141217 33.2538 0.297507 0.000462632 0.00109211 -2.53187e-05 0.00106376 0.263383 0.000680545 0.116008 0.000527528 
5 0.25 33000000 7.0056 0.00966163 -0.626947 0.00472986 3.17439 0.0139068 33.2862 0.296853 0.000582327 0.00107982 0.000421841 0.00105059 0.263507 0.000675622 0.116104 0.000519309 
5 0.25 33250000 7.0056 0.00966163 -0.626947 0.00472986 3.17439 0.0139068 33.2862 0.295102 0.000582327 0.00107982 0.000421841 0.00105059 0.263507 0.000675622 0.116104 0.000519309 
5 0.25 33500000 7.0056 0.00958019 -0.626947 0.00466439 3.17439 0.0138065 33.2862 0.293123 0.000582327 0.00106325 0.000421841 0.00103452 0.263507 0.000675622 0.116104 0.000513074 
5 0.25 33750000 7.0056 0.00958019 -0.626947 0.00466439 3.17439 0.0138065 33.2862 0.291506 0.000582327 0.00106325 0.000421841 0.00103452 0.263507 0.000675622 0.116104 0.000513074 
5 0.25 34000000 7.0056 0.00944208 -0.626947 0.00460803 3.17439 0.0135978 33.2862 0.289309 0.000582327 0.00106577 0.000421841 0.00103174 0.263507 0.000655482 0.116104 0.000506243 
5 0.25 34250000 7.0056 0.00944208 -0.626947 0.00460803 3.17439 0.0135978 33.2862 0.287651 0.000582327 0.00106577 0.000421841 0.00103174 0.263507 0.000655482 0.116104 0.000506243 
5 0.25 34500000 7.0056 0.00942317 -0.626947 0.0045397 3.17439 0.013401 33.2862 0.285465 0.000582327 0.00105206 0.000421841 0.00103174 0.263507 0.000655482 0.116104 0.000501985 
5 0.25 34750000 7.0056 0.00942317 -0.626947 0.0045397 3.17439 0.013401 33.2862 0.284545 0.000582327 0.00105206 0.000421841 0.00103174 0.263507 0.000655482 0.116104 0.000501985 
5 0.25 35000000 7.00528 0.00939573 -0.62732 0.00451309 3.17144 0.0132318 33.2287 0.283368 0.000137732 0.00104976 0.000789871 0.00103461 0.263414 0.000640735 0.11604 0.000494634 
5 0.25 35250000 7.00528 0.00939573 -0.62732 0.00448259 3.17144 0.0132318 33.2287 0.282159 0.000137732 0.00104976 0.000789871 0.00103461 0.263414 0.000640735 0.11604 0.000494634 
5 0.25 35500000 7.00528 0.00933025 -0.62732 0.00445158 3.17144 0.0133034 33.2287 0.280881 0.000137732 0.00103543 0.000789871 0.00103461 0.263414 0.000640146 0.11604 0.000492044 
5 0.25 35750000 7.00528 0.00933025 -0.62732 0.0044276 3.17144 0.0133034 33.2287 0.279354 0.000137732 0.00103543 0.000789871 0.00103461 0.263414 0.000640146 0.11604 0.000492044 
5 0.25 36000000 7.00528 0.00936003 -0.62732 0.00441436 3.17144 0.0131138 33.2287 0.277627 0.000137732 0.00102133 0.000789871 0.00103461 0.263414 0.000626371 0.11604 0.00048502 
5 0.25 36250000 7.00528 0.00936003 -0.62732 0.00440304 3.17144 0.0131138 33.2287 0.276732 0.000137732 0.00102133 0.000789871 0.00103461 0.263414 0.000626371 0.11604 0.00048502 
5 0.25 36500000 7.00528 0.00935456 -0.62732 0.00439279 3.17144 0.0129551 33.2287 0.27576 0.000137732 0.00102412 0.000789871 0.00103461 0.263414 0.000626371 0.11604 0.000478452 
5 0.25 36750000 7.00528 0.00935456 -0.62732 0.00436627 3.17144 0.0129551 33.2287 0.275189 0.000137732 0.00102412 0.000789871 0.00103461 0.263414 0.000626371 0.11604 0.000478452 
5 0.25 37000000 7.00536 0.0092653 -0.626984 0.00433621 3.16937 0.0128632 33.207 0.274 0.000149895 0.00102403 0.000845497 0.000989706 0.263392 0.000611285 0.115995 0.000471893 
5 0.25 37250000 7.00536 0.0092653 -0.626984 0.00432962 3.16937 0.0128632 33.207 0.272517 0.000149895 0.00102403 0.000845497 0.000989706 0.263392 0.000611285 0.115995 0.000471893 
5 0.25 37500000 7.00536 0.00913988 -0.626984 0.00430167 3.16937 0.0126979 33.207 0.271414 0.000149895 0.00102358 0.000845497 0.00101298 0.263392 0.000611285 0.115995 0.000465688 
5 0.25 37750000 7.00536 0.00913988 -0.626984 0.00429035 3.16937 0.0126979 33.207 0.269986 0.000149895 0.00102358 0.000845497 0.00101298 0.263392 0.000611285 0.115995 0.000465688 
5 0.25 38000000 7.00536 0.00905864 -0.626984 0.00428115 3.16937 0.0126365 33.207 0.271975 0.000149895 0.00101043 0.000845497 0.00100817 0.263392 0.00059481 0.115995 0.000459918 
5 0.25 38250000 7.00536 0.00905864 -0.626984 0.00425761 3.16937 0.0126365 33.207 0.270399 0.000149895 0.00101043 0.000845497 0.00100817 0.263392 0.00059481 0.115995 0.000459918 
5 0.25 38500000 7.00536 0.00898519 -0.626984 0.00423952 3.16937 0.0124686 33.207 0.269481 0.000149895 0.00101065 0.000845497 0.000995608 0.263392 0.00059481 0.115995 0.000454519 
5 0.25 38750000 7.00536 0.00898519 -0.626984 0.00421682 3.16937 0.0124686 33.207 0.268589 0.000149895 0.00101065 0.000845497 0.000995608 0.263392 0.00059481 0.115995 0.000454519 
5 0.25 39000000 7.00441 0.00889705 -0.626844 0.00419568 3.16533 0.0124214 33.1495 0.267232 0.000630305 0.0010032 0.00044399 0.00100681 0.263317 0.000586884 0.115917 0.000453333 
5 0.25 39250000 7.00441 0.00889705 -0.626844 0.0041746 3.16533 0.0124214 33.1495 0.265514 0.000630305 0.0010032 0.00044399 0.00100681 0.263317 0.000586884 0.115917 0.000453333 
5 0.25 39500000 7.00441 0.00878177 -0.626844 0.00416062 3.16533 0.0124345 33.1495 0.264753 0.000630305 0.000990177 0.00044399 0.00100612 0.263317 0.000584831 0.115917 0.000449304 
5 0.25 39750000 7.00441 0.00878177 -0.626844 0.00414117 3.16533 0.0124345 33.1495 0.264349 0.000630305 0.000990177 0.00044399 0.00100612 0.263317 0.000584831 0.115917 0.000449304 
5 0.25 40000000 7.00441 0.00866984 -0.626844 0.00412919 3.16533 0.0122876 33.1495 0.264544 0.000630305 0.00097935 0.00044399 0.00100612 0.263317 0.000572931 0.115917 0.000444576 
5 0.25 40250000 7.00441 0.00866984 -0.626844 0.00411939 3.16533 0.0122876 33.1495 0.263195 0.000630305 0.00097935 0.00044399 0.00100612 0.263317 0.000572826 0.115917 0.000444576 
5 0.25 40500000 7.00441 0.00856312 -0.626844 0.00409519 3.16533 0.0122195 33.1495 0.261786 0.000630305 0.000970789 0.00044399 0.00100612 0.263317 0.000570684 0.115917 0.000439199 
5 0.25 40750000 7.00441 0.00856312 -0.626844 0.00407542 3.16533 0.0122195 33.1495 0.261396 0.000630305 0.000970789 0.00044399 0.00100612 0.263317 0.000570684 0.115917 0.000439199 
5 0.25 41000000 7.0031 0.0085861 -0.628079 0.00408523 3.16629 0.0121102 33.1802 0.260027 0.0006211 0.000967945 0.000549678 0.000963632 0.263476 0.000570621 0.116005 0.000441563 
5 0.25 41250000 7.0031 0.0085861 -0.628079 0.00408771 3.16629 0.0121102 33.1802 0.258662 0.0006211 0.000967945 0.000549678 0.000963632 0.263476 0.000570621 0.116005 0.000441563 
5 0.25 41500000 7.0031 0.00848712 -0.628079 0.00409585 3.16629 0.0121172 33.1802 0.25819 0.0006211 0.000958004 0.000549678 0.000968029 0.263476 0.000583682 0.116005 0.000450122 
5 0.25 41750000 7.0031 0.00848712 -0.628079 0.00408596 3.16629 0.0121172 33.1802 0.257448 0.0006211 0.000958004 0.000549678 0.000968029 0.263476 0.000583682 0.116005 0.000450122 
5 0.25 42000000 7.0031 0.00848712 -0.628079 0.00409016 3.16629 0.0121172 33.1802 0.257338 0.0006211 0.000958004 0.000549678 0.000968029 0.263476 0.000583682 0.116005 0.000450122 
5 0.25 42250000 7.0031 0.00852041 -0.628079 0.00406677 3.16629 0.0119695 33.1802 0.256005 0.0006211 0.000949148 0.000549678 0.000963091 0.263476 0.00057844 0.116005 0.000444799 
5 0.25 42500000 7.0031 0.00852041 -0.628079 0.00405528 3.16629 0.0119695 33.1802 0.255613 0.0006211 0.000949148 0.000549678 0.000963091 0.263476 0.00057844 0.116005 0.000444799 
5 0.25 42750000 7.0031 0.00842655 -0.628079 0.0040369 3.16629 0.0119542 33.1802 0.254641 0.0006211 0.00094128 0.000549678 0.000961346 0.263476 0.00057316 0.116005 0.000442645 
5 0.25 43000000 7.0031 0.00842655 -0.628079 0.00402822 3.16629 0.0119542 33.1802 0.253676 0.0006211 0.00094128 0.000549678 0.000961346 0.263476 0.00057316 0.116005 0.000442645 
5 0.25 43250000 7.0031 0.00838742 -0.628079 0.00401851 3.16629 0.0118131 33.1802 0.2526 0.0006211 0.000932134 0.000549678 0.00097567 0.263476 0.000566715 0.116005 0.000437413 
5 0.25 43500000 7.0031 0.00838742 -0.628079 0.00402764 3.16629 0.0118131 33.1802 0.252059 0.0006211 0.000932134 0.000549678 0.00097567 0.263476 0.000566715 0.116005 0.000437413 
5 0.25 43750000 7.0031 0.00829812 -0.628079 0.00402129 3.16629 0.0117649 33.1802 0.251612 0.0006211 0.000922148 0.000549678 0.00097567 0.263476 0.000567184 0.116005 0.00043825 
5 0.25 44000000 7.0031 0.00829812 -0.628079 0.00399837 3.16629 0.0117649 33.1802 0.251166 0.0006211 0.000922148 0.000549678 0.00097567 0.263476 0.000567184 0.116005 0.00043825 
5 0.25 44250000 7.0031 0.00822171 -0.628079 0.00398669 3.16629 0.0116658 33.1802 0.25004 0.0006211 0.000912054 0.000549678 0.00097567 0.263476 0.000560655 0.116005 0.000433391 
5 0.25 44500000 7.0031 0.00822171 -0.628079 0.00397649 3.16629 0.0116658 33.1802 0.249115 0.0006211 0.000912054 0.000549678 0.00097567 0.263476 0.000560655 0.116005 0.000433391 
5 0.25 44750000 7.0031 0.00820766 -0.628079 0.00396377 3.16629 0.0115919 33.1802 0.24851 0.0006211 0.000901861 0.000549678 0.00097567 0.263476 0.000561042 0.116005 0.000433143 
5 0.25 45000000 7.0031 0.00820766 -0.628079 0.00396377 3.16629 0.0115919 33.1802 0.247124 0.0006211 0.000901861 0.000549678 0.00097567 0.263476 0.000561042 0.116005 0.000433143 
5 0.25 45250000 7.00575 0.00812135 -0.629249 0.00396377 3.16964 0.0114943 33.2506 0.248312 0.000701833 0.000892044 0.000627305 0.00101894 0.263648 0.000554748 0.116164 0.000428268 
5 0.25 45500000 7.00575 0.00812135 -0.629249 0.00396396 3.16964 0.0114943 33.2506 0.247271 0.000701833 0.000892044 0.000627305 0.00101894 0.263648 0.000554748 0.116164 0.000428268 
5 0.25 45750000 7.00575 0.00804502 -0.629249 0.00397204 3.16964 0.0114296 33.2506 0.246241 0.000701833 0.00088556 0.000627305 0.00101894 0.263648 0.000553245 0.116164 0.000427039 
5 0.25 46000000 7.00575 0.00804502 -0.629249 0.00397204 3.16964 0.0114296 33.2506 0.245301 0.000701833 0.00088556 0.000627305 0.00101894 0.263648 0.000553245 0.116164 0.000427039 
5 0.25 46250000 7.00575 0.00795567 -0.629249 0.00396377 3.16964 0.0113685 33.2506 0.244229 0.000701833 0.00087726 0.000627305 0.00101894 0.263648 0.000547101 0.116164 0.000422565 
5 0.25 46500000 7.00575 0.00795567 -0.629249 0.00396377 3.16964 0.0113685 33.2506 0.24313 0.000701833 0.00087726 0.000627305 0.00101894 0.263648 0.000547101 0.116164 0.000422565 
5 0.25 46750000 7.00575 0.00788379 -0.629249 0.00396377 3.16964 0.0112442 33.2506 0.243035 0.000701833 0.000874439 0.000627305 0.00101894 0.263648 0.000543843 0.116164 0.00042033 
5 0.25 47000000 7.00575 0.00788379 -0.629249 0.00396377 3.16964 0.0112442 33.2506 0.242602 0.000701833 0.000874439 0.000627305 0.00101894 0.263648 0.000543843 0.116164 0.00042033 
5 0.25 47250000 7.00575 0.00782868 -0.629249 0.00396377 3.16964 0.0112841 33.2506 0.241747 0.000701833 0.000866131 0.000627305 0.000978648 0.263648 0.000540185 0.116164 0.000418514 
5 0.25 47500000 7.00575 0.0078348 -0.629249 0.00396377 3.16964 0.0112841 33.2506 0.240553 0.000701833 0.000866131 0.000627305 0.000978648 0.263648 0.000540185 0.116164 0.000418514 
5 0.25 47750000 7.00575 0.00781032 -0.629249 0.00396377 3.16964 0.0111635 33.2506 0.240697 0.000701833 0.000857377 0.000627305 0.000978648 0.263648 0.000534433 0.116164 0.000414142 
5 0.25 48000000 7.00575 0.00777611 -0.629249 0.00396377 3.16964 0.0111635 33.2506 0.240114 0.000701833 0.000857377 0.000627305 0.000978648 0.263648 0.000534433 0.116164 0.000414142 
5 0.25 48250000 7.00575 0.00774759 -0.629249 0.00396377 3.16964 0.0110449 33.2506 0.241478 0.000701833 0.000854333 0.000627305 0.000978648 0.263648 0.000530012 0.116164 0.000410709 
5 0.25 48500000 7.00575 0.00771854 -0.629249 0.00396377 3.16964 0.0110449 33.2506 0.240745 0.000701833 0.000854333 0.000627305 0.000978648 0.263648 0.000530012 0.116164 0.000410709 
5 0.25 48750000 7.00575 0.00770461 -0.629249 0.00396377 3.16964 0.0109352 33.2506 0.240406 0.000701833 0.000850882 0.000627305 0.000978648 0.263648 0.000530786 0.116164 0.000407793 
5 0.25 49000000 7.00575 0.00768053 -0.629249 0.00396377 3.16964 0.0109352 33.2506 0.239285 0.000701833 0.000850882 0.000627305 0.000978648 0.263648 0.000530786 0.116164 0.000407793 
5 0.25 49250000 7.00583 0.00764502 -0.63081 0.00413801 3.17118 0.0108214 33.2597 0.238103 0.000942278 0.000843386 0.000672473 0.00093892 0.263693 0.000525454 0.11623 0.000403942 
5 0.25 49500000 7.00583 0.00762943 -0.63081 0.00413801 3.17118 0.0108214 33.2597 0.237006 0.000942278 0.000843386 0.000672473 0.00093892 0.263693 0.000525454 0.11623 0.000403942 
5 0.25 49750000 7.00583 0.00761648 -0.63081 0.00413801 3.17118 0.0107258 33.2597 0.235816 0.000942278 0.000834703 0.000672473 0.00093892 0.263693 0.000522118 0.11623 0.000401421 
5 0.25 50000000 7.00583 0.00758188 -0.63081 0.00413801 3.17118 0.0107258 33.2597 0.235942 0.000942278 0.000834703 0.000672473 0.00093892 0.263693 0.000522118 0.11623 0.000401421 
5 0.25 50250000 7.00583 0.007546 -0.63081 0.00413801 3.17118 0.0106883 33.2597 0.234842 0.000942278 0.000828269 0.000672473 0.00093892 0.263693 0.000517962 0.11623 0.000397815 
5 0.25 50500000 7.00583 0.00752614 -0.63081 0.00413801 3.17118 0.0106883 33.2597 0.234226 0.000942278 0.000828269 0.000672473 0.00093892 0.263693 0.000517962 0.11623 0.000397815 
5 0.25 50750000 7.00583 0.00750549 -0.63081 0.00413801 3.17118 0.0106586 33.2597 0.235605 0.000942278 0.00082016 0.000672473 0.00093892 0.263693 0.000513937 0.11623 0.000393931 
5 0.25 51000000 7.00583 0.00747209 -0.63081 0.00413801 3.17118 0.0106586 33.2597 0.234596 0.000942278 0.00082016 0.000672473 0.00093892 0.263693 0.000513937 0.11623 0.000393931 
5 0.25 51250000 7.00583 0.00745875 -0.63081 0.00413801 3.17118 0.0105523 33.2597 0.233541 0.000942278 0.000817938 0.000672473 0.00090894 0.263693 0.000509649 0.11623 0.000390066 
5 0.25 51500000 7.00583 0.00743225 -0.63081 0.00413801 3.17118 0.0105523 33.2597 0.232515 0.000942278 0.000817938 0.000672473 0.00090894 0.263693 0.000509649 0.11623 0.000390066 
5 0.25 51750000 7.00583 0.00745073 -0.63081 0.00413801 3.17118 0.0104582 33.2597 0.231707 0.000942278 0.000810282 0.000672473 0.00090894 0.263693 0.000504723 0.11623 0.000386211 
5 0.25 52000000 7.00583 0.00745073 -0.63081 0.00413801 3.17118 0.0104582 33.2597 0.231125 0.000942278 0.000810282 0.000672473 0.00090894 0.263693 0.000504723 0.11623 0.000386211 
5 0.25 52250000 7.00583 0.00738836 -0.63081 0.00413801 3.17118 0.0104309 33.2597 0.230291 0.000942278 0.000802626 0.000672473 0.00090894 0.263693 0.000501136 0.11623 0.000384096 
5 0.25 52500000 7.00583 0.00738836 -0.63081 0.00413801 3.17118 0.0104309 33.2597 0.230103 0.000942278 0.000802626 0.000672473 0.00090894 0.263693 0.000501136 0.11623 0.000384096 
5 0.25 52750000 7.00583 0.00738836 -0.63081 0.00413801 3.17118 0.0104309 33.2597 0.229092 0.000942278 0.000802626 0.000672473 0.00090894 0.263693 0.000501136 0.11623 0.000384096 
5 0.25 53000000 7.00583 0.00736654 -0.63081 0.00413801 3.17118 0.0103299 33.2597 0.229368 0.000942278 0.000800795 0.000672473 0.00090894 0.263693 0.000497643 0.11623 0.000381725 
5 0.25 53250000 7.00583 0.00736654 -0.63081 0.00413801 3.17118 0.0103299 33.2597 0.228306 0.000942278 0.000800795 0.000672473 0.00090894 0.263693 0.000497643 0.11623 0.000381725 
5 0.25 53500000 7.00698 0.00731044 -0.631927 0.00413801 3.17518 0.0102795 33.3083 0.229763 0.00076092 0.000812424 0.000794837 0.000873985 0.263846 0.000492933 0.116353 0.000378076 
5 0.25 53750000 7.00698 0.00731411 -0.631927 0.00413801 3.17518 0.0102583 33.3083 0.228999 0.00076092 0.000812424 0.000794837 0.000873985 0.263846 0.000492933 0.116353 0.000378076 
5 0.25 54000000 7.00698 0.00756779 -0.631927 0.00413801 3.17518 0.0102321 33.3083 0.228156 0.00076092 0.000805297 0.000794837 0.000873985 0.263846 0.000489925 0.116353 0.000375879 
5 0.25 54250000 7.00698 0.00756779 -0.631927 0.00413801 3.17518 0.0102195 33.3083 0.227551 0.00076092 0.000805297 0.000794837 0.000873985 0.263846 0.000489925 0.116353 0.000375879 
5 0.25 54500000 7.00698 0.00749852 -0.631927 0.00413801 3.17518 0.0102314 33.3083 0.227721 0.00076092 0.000799112 0.000794837 0.000873985 0.263846 0.000493018 0.116353 0.000379143 
5 0.25 54750000 7.00698 0.00749852 -0.631927 0.00413801 3.17518 0.0101975 33.3083 0.226923 0.00076092 0.000799112 0.000794837 0.000873985 0.263846 0.000493018 0.116353 0.000379143 
5 0.25 55000000 7.00698 0.00743765 -0.631927 0.00413801 3.17518 0.0101902 33.3083 0.226451 0.00076092 0.000794665 0.000794837 0.000873985 0.263846 0.000488472 0.116353 0.000375606 
5 0.25 55250000 7.00698 0.00743765 -0.631927 0.00413801 3.17518 0.0101633 33.3083 0.226281 0.00076092 0.000794665 0.000794837 0.000873985 0.263846 0.000488472 0.116353 0.000375606 
5 0.25 55500000 7.00698 0.00737329 -0.631927 0.00413801 3.17518 0.0101347 33.3083 0.225632 0.00076092 0.000787778 0.000794837 0.000842413 0.263846 0.000483967 0.116353 0.00037221 
5 0.25 55750000 7.00698 0.00737329 -0.631927 0.00413801 3.17518 0.0100891 33.3083 0.224626 0.00076092 0.000787778 0.000794837 0.000842413 0.263846 0.000483967 0.116353 0.00037221 
5 0.25 56000000 7.00698 0.00733198 -0.631927 0.00413801 3.17518 0.010045 33.3083 0.223704 0.00076092 0.000783692 0.000794837 0.000842413 0.263846 0.000479648 0.116353 0.000368807 
5 0.25 56250000 7.00698 0.00733198 -0.631927 0.00413801 3.17518 0.010043 33.3083 0.222854 0.00076092 0.000783692 0.000794837 0.000842413 0.263846 0.000479648 0.116353 0.000368807 
5 0.25 56500000 7.00698 0.00729962 -0.631927 0.00413801 3.17518 0.01001 33.3083 0.221968 0.00076092 0.000775054 0.000794837 0.000842413 0.263846 0.000478674 0.116353 0.000368407 
5 0.25 56750000 7.00698 0.00729962 -0.631927 0.00413801 3.17518 0.0099706 33.3083 0.221163 0.00076092 0.000775054 0.000794837 0.000842413 0.263846 0.000478674 0.116353 0.000368407 
5 0.25 57000000 7.00698 0.00724161 -0.631927 0.00413801 3.17518 0.00993757 33.3083 0.220268 0.00076092 0.000792529 0.000794837 0.000842413 0.263846 0.00048096 0.116353 0.000368564 
5 0.25 57250000 7.00698 0.00724161 -0.631927 0.00413801 3.17518 0.00989692 33.3083 0.219491 0.00076092 0.000792529 0.000794837 0.000842413 0.263846 0.00048096 0.116353 0.000368564 
5 0.25 57500000 7.01078 0.00717721 -0.631233 0.00356847 3.17638 0.00985778 33.2932 0.218983 0.00050848 0.000787094 0.00087403 0.00082035 0.263908 0.000478572 0.116389 0.000366454 
5 0.25 57750000 7.01078 0.00717721 -0.631233 0.00356847 3.17638 0.00984271 33.2932 0.218683 0.00050848 0.000787094 0.00087403 0.00082035 0.263908 0.000478572 0.116389 0.000366454 
5 0.25 58000000 7.01078 0.0071312 -0.631233 0.00356847 3.17638 0.00980758 33.2932 0.218041 0.00050848 0.00078019 0.00087403 0.00082035 0.263908 0.000474346 0.116389 0.000363387 
5 0.25 58250000 7.01078 0.0071312 -0.631233 0.00356847 3.17638 0.00977407 33.2932 0.217269 0.00050848 0.00078019 0.00087403 0.00082035 0.263908 0.000474346 0.116389 0.000363387 
5 0.25 58500000 7.01078 0.00709713 -0.631233 0.00356847 3.17638 0.00979018 33.2932 0.216824 0.00050848 0.000774658 0.00087403 0.00082035 0.263908 0.000470943 0.116389 0.000361953 
5 0.25 58750000 7.01078 0.00709713 -0.631233 0.00356847 3.17638 0.00975098 33.2932 0.21588 0.00050848 0.000774658 0.00087403 0.00082035 0.263908 0.000470943 0.116389 0.000361953 
5 0.25 59000000 7.01078 0.00703553 -0.631233 0.00356847 3.17638 0.00974026 33.2932 0.215862 0.00050848 0.00078071 0.00087403 0.00082035 0.263908 0.000467324 0.116389 0.000358889 
5 0.25 59250000 7.01078 0.00706445 -0.631233 0.00356847 3.17638 0.009701 33.2932 0.21524 0.00050848 0.00078071 0.00087403 0.00082035 0.263908 0.000467324 0.116389 0.000358889 
5 0.25 59500000 7.01078 0.00716235 -0.631233 0.00356847 3.17638 0.00968156 33.2932 0.21466 0.00050848 0.000792628 0.00087403 0.000803063 0.263908 0.000463539 0.116389 0.000356124 
5 0.25 59750000 7.01078 0.00716235 -0.631233 0.00356847 3.17638 0.00964801 33.2932 0.213915 0.00050848 0.000792628 0.00087403 0.000803063 0.263908 0.000463539 0.116389 0.000356124 
5 0.25 60000000 7.01078 0.00710281 -0.631233 0.00356847 3.17638 0.00961402 33.2932 0.21324 0.00050848 0.000789795 0.00087403 0.000803063 0.263908 0.000459886 0.116389 0.000353459 
5 0.25 60250000 7.01078 0.00710281 -0.631233 0.00356847 3.17638 0.00959531 33.2932 0.212904 0.00050848 0.000789795 0.00087403 0.000803063 0.263908 0.000459886 0.116389 0.000353459 
5 0.25 60500000 7.01078 0.0070687 -0.631233 0.00356847 3.17638 0.00956567 33.2932 0.21257 0.00050848 0.000783262 0.00087403 0.000803063 0.263908 0.000456074 0.116389 0.000350801 
5 0.25 60750000 7.01078 0.0070687 -0.631233 0.00356847 3.17638 0.0095364 33.2932 0.212013 0.00050848 0.000783262 0.00087403 0.000803063 0.263908 0.000456074 0.116389 0.000350793 
5 0.25 61000000 7.01078 0.0070253 -0.631233 0.00356847 3.17638 0.00949876 33.2932 0.21125 0.00050848 0.000776767 0.00087403 0.000803063 0.263908 0.000452259 0.116389 0.00034815 
5 0.25 61250000 7.01078 0.0070253 -0.631233 0.00356847 3.17638 0.00949591 33.2932 0.210918 0.00050848 0.000776767 0.00087403 0.000803063 0.263908 0.000452259 0.116389 0.000347895 
5 0.25 61500000 7.01069 0.00698074 -0.631584 0.00356847 3.17433 0.00949879 33.2597 0.211176 0.000471458 0.000772003 0.000674552 0.000778893 0.263876 0.000448786 0.116357 0.000346175 
5 0.25 61750000 7.01069 0.00698074 -0.631584 0.00356847 3.17433 0.00946492 33.2597 0.210412 0.000471458 0.000772003 0.000674552 0.000778893 0.263876 0.000449488 0.116357 0.00034618 
5 0.25 62000000 7.01069 0.00692352 -0.631584 0.00356847 3.17433 0.00943243 33.2597 0.209785 0.000471458 0.000765913 0.000674552 0.000778893 0.263876 0.000447935 0.116357 0.000344818 
5 0.25 62250000 7.01069 0.00692352 -0.631584 0.00356847 3.17433 0.009413 33.2597 0.209171 0.000471458 0.000765913 0.000674552 0.000778893 0.263876 0.000447632 0.116357 0.000343986 
5 0.25 62500000 7.01069 0.00692461 -0.631584 0.00356847 3.17433 0.00937853 33.2597 0.208628 0.000471458 0.000760265 0.000674552 0.000778893 0.263876 0.000445055 0.116357 0.000343158 
5 0.25 62750000 7.01069 0.00692461 -0.631584 0.00356847 3.17433 0.00936839 33.2597 0.207889 0.000471458 0.000760265 0.000674552 0.000778893 0.263876 0.000444663 0.116357 0.000342885 
5 0.25 63000000 7.01069 0.00692461 -0.631584 0.00356847 3.17433 0.00936212 33.2597 0.207475 0.000471458 0.000760265 0.000674552 0.000778893 0.263876 0.000443973 0.116357 0.000342222 
5 0.25 63250000 7.01069 0.00687874 -0.631584 0.00356847 3.17433 0.00936212 33.2597 0.207321 0.000471458 0.000754221 0.000674552 0.000778893 0.263876 0.000442849 0.116357 0.000341573 
5 0.25 63500000 7.01069 0.00687874 -0.631584 0.00356847 3.17433 0.00936212 33.2597 0.207396 0.000471458 0.000754221 0.000674552 0.000778893 0.263876 0.000442706 0.116357 0.000340675 
5 0.25 63750000 7.01069 0.00687047 -0.631584 0.00356847 3.17433 0.00936212 33.2597 0.206684 0.000471458 0.000748139 0.000674552 0.000755162 0.263876 0.000442937 0.116357 0.000340675 
5 0.25 64000000 7.01069 0.00687047 -0.631584 0.00356847 3.17433 0.00936212 33.2597 0.206096 0.000471458 0.000748139 0.000674552 0.000755162 0.263876 0.000442937 0.116357 0.000340675 
5 0.25 64250000 7.01069 0.00686038 -0.631584 0.00356847 3.17433 0.00936212 33.2597 0.205787 0.000471458 0.000746542 0.000674552 0.000755162 0.263876 0.000441171 0.116357 0.000340675 
5 0.25 64500000 7.01069 0.00686038 -0.631584 0.00356847 3.17433 0.00936212 33.2597 0.205221 0.000471458 0.000746542 0.000674552 0.000755162 0.263876 0.000441171 0.116357 0.000340675 
5 0.25 64750000 7.01069 0.00688395 -0.631584 0.00356847 3.17433 0.00936212 33.2597 0.205423 0.000471458 0.000746353 0.000674552 0.000755162 0.263876 0.000441171 0.116357 0.000340675 
5 0.25 65000000 7.01069 0.00688395 -0.631584 0.00356847 3.17433 0.00936212 33.2597 0.204932 0.000471458 0.000746353 0.000674552 0.000755162 0.263876 0.000441171 0.116357 0.000340675 
5 0.25 65250000 7.01069 0.00689738 -0.631584 0.00356847 3.17433 0.00936212 33.2597 0.204359 0.000471458 0.000743609 0.000674552 0.000755162 0.263876 0.000441171 0.116357 0.000340675 
5 0.25 65500000 7.01069 0.00689738 -0.631584 0.00356847 3.17433 0.00936212 33.2597 0.203774 0.000471458 0.000743609 0.000674552 0.000755162 0.263876 0.000441171 0.116357 0.000340675 
5 0.25 65750000 7.0064 0.00684832 -0.631693 0.00316645 3.17251 0.00915149 33.2466 0.203214 0.000202468 0.000738878 0.000786376 0.000734372 0.26397 0.000433294 0.116389 0.00033507 
5 0.25 66000000 7.0064 0.00684832 -0.631693 0.00315878 3.17251 0.00912565 33.2466 0.202771 0.000202468 0.000738878 0.000786376 0.000734372 0.26397 0.000431751 0.116389 0.000333888 
5 0.25 66250000 7.0064 0.00682149 -0.631693 0.00315964 3.17251 0.00909352 33.2466 0.201992 0.000202468 0.000735859 0.000786376 0.000734372 0.26397 0.000431396 0.116389 0.000333375 
5 0.25 66500000 7.0064 0.00681781 -0.631693 0.00315192 3.17251 0.00907684 33.2466 0.201374 0.000202468 0.000735859 0.000786376 0.000734372 0.26397 0.000430192 0.116389 0.00033316 
5 0.25 66750000 7.0064 0.0067957 -0.631693 0.00315192 3.17251 0.00904632 33.2466 0.200958 0.000202468 0.000730576 0.000786376 0.000734372 0.26397 0.000428608 0.116389 0.000331908 
5 0.25 67000000 7.0064 0.00679085 -0.631693 0.00315192 3.17251 0.00901399 33.2466 0.200279 0.000202468 0.000730576 0.000786376 0.000734372 0.26397 0.000427506 0.116389 0.000330824 
5 0.25 67250000 7.0064 0.006777 -0.631693 0.00315192 3.17251 0.00898018 33.2466 0.199526 0.000202468 0.000725046 0.000786376 0.000734372 0.26397 0.00042593 0.116389 0.000329793 
5 0.25 67500000 7.0064 0.006777 -0.631693 0.00315192 3.17251 0.00898771 33.2466 0.200057 0.000202468 0.000725046 0.000786376 0.000734372 0.26397 0.000425168 0.116389 0.000329663 
5 0.25 67750000 7.0064 0.006777 -0.631693 0.00315192 3.17251 0.00898722 33.2466 0.19982 0.000202468 0.000720005 0.000786376 0.000719662 0.26397 0.000424776 0.116389 0.000329797 
5 0.25 68000000 7.0064 0.006777 -0.631693 0.00315192 3.17251 0.00895978 33.2466 0.199081 0.000202468 0.000720005 0.000786376 0.000719662 0.26397 0.000423207 0.116389 0.000328639 
5 0.25 68250000 7.0064 0.006777 -0.631693 0.00315192 3.17251 0.00895978 33.2466 0.198472 0.000202468 0.000714979 0.000786376 0.0007173 0.26397 0.000424806 0.116389 0.000328867 
5 0.25 68500000 7.0064 0.006777 -0.631693 0.00315192 3.17251 0.00895978 33.2466 0.198211 0.000202468 0.000714979 0.000786376 0.0007173 0.26397 0.000424495 0.116389 0.000328672 
5 0.25 68750000 7.0064 0.006777 -0.631693 0.00315192 3.17251 0.00895978 33.2466 0.198298 0.000202468 0.000710947 0.000786376 0.000715698 0.26397 0.000423031 0.116389 0.000327507 
5 0.25 69000000 7.0064 0.006777 -0.631693 0.00315192 3.17251 0.00895978 33.2466 0.197603 0.000202468 0.000710947 0.000786376 0.000715698 0.26397 0.000421566 0.116389 0.000326307 
5 0.25 69250000 7.0064 0.006777 -0.631693 0.00315192 3.17251 0.00895978 33.2466 0.197106 0.000202468 0.000706016 0.000786376 0.000714863 0.26397 0.000421805 0.116389 0.000327058 
5 0.25 69500000 7.0064 0.006777 -0.631693 0.00315192 3.17251 0.00895978 33.2466 0.196566 0.000202468 0.000706016 0.000786376 0.000714863 0.26397 0.000421626 0.116389 0.000326001 
5 0.25 69750000 7.00658 0.00677329 -0.632602 0.00315192 3.17563 0.00895978 33.2977 0.195849 0.000150739 0.000702339 0.000895506 0.00070962 0.264169 0.000419449 0.116561 0.000325578 
5 0.25 70000000 7.00658 0.00677329 -0.632602 0.00315192 3.17563 0.00895978 33.2977 0.195336 0.000150739 0.000702339 0.000895506 0.00070962 0.264169 0.000419093 0.116561 0.000324525 
5 0.25 70250000 7.00658 0.00677329 -0.632602 0.00315192 3.17563 0.00895978 33.2977 0.194804 0.000150739 0.000697554 0.000895506 0.000707261 0.264169 0.000419592 0.116561 0.000324058 
5 0.25 70500000 7.00658 0.00677329 -0.632602 0.00315192 3.17563 0.00895978 33.2977 0.194677 0.000150739 0.000697554 0.000895506 0.000707261 0.264169 0.000419592 0.116561 0.000323206 
5 0.25 70750000 7.00658 0.00677329 -0.632602 0.00315192 3.17563 0.00895978 33.2977 0.194289 0.000150739 0.000696556 0.000895506 0.00070352 0.264169 0.000417213 0.116561 0.000322433 
5 0.25 71000000 7.00658 0.00677329 -0.632602 0.00315192 3.17563 0.00895978 33.2977 0.1936 0.000150739 0.000696556 0.000895506 0.00070352 0.264169 0.000417213 0.116561 0.000321315 
5 0.25 71250000 7.00658 0.00677329 -0.632602 0.00315192 3.17563 0.00895978 33.2977 0.193124 0.000150739 0.000697979 0.000895506 0.000698613 0.264169 0.000414849 0.116561 0.000320874 
5 0.25 71500000 7.00658 0.00677329 -0.632602 0.00315192 3.17563 0.00895978 33.2977 0.19312 0.000150739 0.000697979 0.000895506 0.000698613 0.264169 0.000414849 0.116561 0.000320429 
5 0.25 71750000 7.00658 0.00677329 -0.632602 0.00315192 3.17563 0.00895978 33.2977 0.193099 0.000150739 0.000702487 0.000895506 0.000693629 0.264169 0.000413468 0.116561 0.000320064 
5 0.25 72000000 7.00658 0.00677329 -0.632602 0.00315192 3.17563 0.00895978 33.2977 0.19375 0.000150739 0.000702487 0.000895506 0.000693629 0.264169 0.000413468 0.116561 0.000320826 
5 0.25 72250000 7.00658 0.00677329 -0.632602 0.00315192 3.17563 0.00895978 33.2977 0.193805 0.000150739 0.000697814 0.000895506 0.000689883 0.264169 0.000414069 0.116561 0.000321104 
5 0.25 72500000 7.00658 0.00677329 -0.632602 0.00315192 3.17563 0.00895978 33.2977 0.194291 0.000150739 0.000697814 0.000895506 0.000689883 0.264169 0.000414069 0.116561 0.000321104 
5 0.25 72750000 7.00658 0.00677329 -0.632602 0.00315192 3.17563 0.00895978 33.2977 0.19364 0.000150739 0.000693297 0.000895506 0.000685066 0.264169 0.000417351 0.116561 0.000322461 
5 0.25 73000000 7.00658 0.00677329 -0.632602 0.00315192 3.17563 0.00895978 33.2977 0.193064 0.000150739 0.000693297 0.000895506 0.000685066 0.264169 0.000417351 0.116561 0.000322461 
5 0.25 73250000 7.00658 0.00677329 -0.632602 0.00315192 3.17563 0.00895978 33.2977 0.192423 0.000150739 0.000688705 0.000895506 0.000680411 0.264169 0.000415245 0.116561 0.000320657 
5 0.25 73500000 7.00658 0.00677329 -0.632602 0.00315192 3.17563 0.00895978 33.2977 0.191844 0.000150739 0.000688705 0.000895506 0.000680411 0.264169 0.000415245 0.116561 0.000320657 
5 0.25 73750000 7.00658 0.00677329 -0.632602 0.00315192 3.17563 0.00895978 33.2977 0.191634 0.000150739 0.000688705 0.000895506 0.000680411 0.264169 0.000415245 0.116561 0.000320657 
5 0.25 74000000 7.00529 0.00646423 -0.632993 0.00305818 3.17858 0.00981184 33.3877 0.191091 8.80213e-05 0.000683972 0.000801401 0.000681743 0.264265 0.000444273 0.116651 0.000361889 
5 0.25 74250000 7.00529 0.00644211 -0.632993 0.00305818 3.17858 0.00981184 33.3877 0.191006 8.80213e-05 0.000683972 0.000801401 0.000681743 0.264265 0.000444273 0.116651 0.000361889 
5 0.25 74500000 7.00529 0.00643749 -0.632993 0.00305818 3.17858 0.00981184 33.3877 0.190419 8.80213e-05 0.000679469 0.000801401 0.000678419 0.264265 0.000444273 0.116651 0.000361889 
5 0.25 74750000 7.00529 0.00642082 -0.632993 0.00305818 3.17858 0.00981184 33.3877 0.189871 8.80213e-05 0.000679469 0.000801401 0.000678419 0.264265 0.000444273 0.116651 0.000361889 
5 0.25 75000000 7.00529 0.00642185 -0.632993 0.00305818 3.17858 0.00981184 33.3877 0.189273 8.80213e-05 0.000676604 0.000801401 0.000676558 0.264265 0.000444273 0.116651 0.000361889 
5 0.25 75250000 7.00529 0.00640696 -0.632993 0.00305818 3.17858 0.00981184 33.3877 0.188753 8.80213e-05 0.000676604 0.000801401 0.000676558 0.264265 0.000444273 0.116651 0.000361889 
5 0.25 75500000 7.00529 0.00638682 -0.632993 0.00305818 3.17858 0.00981184 33.3877 0.188177 8.80213e-05 0.000672421 0.000801401 0.000683604 0.264265 0.000444273 0.116651 0.000361889 
5 0.25 75750000 7.00529 0.00636783 -0.632993 0.00305818 3.17858 0.00981184 33.3877 0.187942 8.80213e-05 0.000672421 0.000801401 0.000683604 0.264265 0.000444273 0.116651 0.000361889 
5 0.25 76000000 7.00529 0.00634728 -0.632993 0.00305818 3.17858 0.00981184 33.3877 0.187311 8.80213e-05 0.000670765 0.000801401 0.000685284 0.264265 0.000444273 0.116651 0.000361889 
5 0.25 76250000 7.00529 0.00633101 -0.632993 0.00305818 3.17858 0.00981184 33.3877 0.186846 8.80213e-05 0.000670765 0.000801401 0.000685284 0.264265 0.000444273 0.116651 0.000361889 
5 0.25 76500000 7.00529 0.0063127 -0.632993 0.00305818 3.17858 0.00981184 33.3877 0.186676 8.80213e-05 0.000667808 0.000801401 0.000685284 0.264265 0.000444273 0.116651 0.000361889 
5 0.25 76750000 7.00529 0.00629277 -0.632993 0.00305818 3.17858 0.00981184 33.3877 0.186137 8.80213e-05 0.000667808 0.000801401 0.000685284 0.264265 0.000444273 0.116651 0.000361889 
5 0.25 77000000 7.00529 0.00627296 -0.632993 0.00305818 3.17858 0.00981184 33.3877 0.185894 8.80213e-05 0.000663356 0.000801401 0.000685284 0.264265 0.000444273 0.116651 0.000361889 
5 0.25 77250000 7.00529 0.00627545 -0.632993 0.00305818 3.17858 0.00981184 33.3877 0.185373 8.80213e-05 0.000663356 0.000801401 0.000685284 0.264265 0.000444273 0.116651 0.000361889 
5 0.25 77500000 7.00529 0.00625826 -0.632993 0.00305818 3.17858 0.00981184 33.3877 0.185313 8.80213e-05 0.000659282 0.000801401 0.000685284 0.264265 0.000444273 0.116651 0.000361889 
5 0.25 77750000 7.00529 0.00623864 -0.632993 0.00305818 3.17858 0.00981184 33.3877 0.185019 8.80213e-05 0.000659282 0.000801401 0.000685284 0.264265 0.000444273 0.116651 0.000361889 
5 0.25 78000000 7.00272 0.00634444 -0.633017 0.00305818 3.18055 0.00981184 33.4373 0.184609 0.000184517 0.00066277 0.000651914 0.000670642 0.26424 0.000444273 0.116646 0.000361889 
5 0.25 78250000 7.00272 0.00634444 -0.633017 0.00305818 3.18055 0.00981184 33.4373 0.184385 0.000184517 0.00066277 0.000651914 0.000670642 0.26424 0.000444273 0.116646 0.000361889 
5 0.25 78500000 7.00272 0.00634444 -0.633017 0.00305818 3.18055 0.00981184 33.4373 0.183881 0.000184517 0.000658501 0.000651914 0.000670642 0.26424 0.000444273 0.116646 0.000361889 
5 0.25 78750000 7.00272 0.00634444 -0.633017 0.00305818 3.18055 0.00981184 33.4373 0.183864 0.000184517 0.000658501 0.000651914 0.000670642 0.26424 0.000444273 0.116646 0.000361889 
5 0.25 79000000 7.00272 0.00634444 -0.633017 0.00305818 3.18055 0.00981184 33.4373 0.183635 0.000184517 0.000655359 0.000651914 0.000670642 0.26424 0.000444273 0.116646 0.000361889 
5 0.25 79250000 7.00272 0.00634444 -0.633017 0.00305818 3.18055 0.00981184 33.4373 0.183395 0.000184517 0.000655359 0.000651914 0.000670642 0.26424 0.000444273 0.116646 0.000361889 
5 0.25 79500000 7.00272 0.00634444 -0.633017 0.00305818 3.18055 0.00981184 33.4373 0.182834 0.000184517 0.000651446 0.000651914 0.000670642 0.26424 0.000444273 0.116646 0.000361889 
5 0.25 79750000 7.00272 0.00634444 -0.633017 0.00305818 3.18055 0.00981184 33.4373 0.182288 0.000184517 0.000651446 0.000651914 0.000670642 0.26424 0.000444273 0.116646 0.000361889 
5 0.25 80000000 7.00272 0.00634444 -0.633017 0.00305818 3.18055 0.00981184 33.4373 0.181861 0.000184517 0.000647472 0.000651914 0.00065891 0.26424 0.000444273 0.116646 0.000361889 
5 0.25 80250000 7.00272 0.00634444 -0.633017 0.00305818 3.18055 0.00981184 33.4373 0.18131 0.000184517 0.000647472 0.000651914 0.00065891 0.26424 0.000444273 0.116646 0.000361889 
5 0.25 80500000 7.00272 0.00634444 -0.633017 0.00305818 3.18055 0.00981184 33.4373 0.181095 0.000184517 0.000644713 0.000651914 0.00065891 0.26424 0.000444273 0.116646 0.000361889 
5 0.25 80750000 7.00272 0.00634444 -0.633017 0.00305818 3.18055 0.00981184 33.4373 0.180623 0.000184517 0.000644713 0.000651914 0.00065891 0.26424 0.000444273 0.116646 0.000361889 
5 0.25 81000000 7.00272 0.00634444 -0.633017 0.00305818 3.18055 0.00981184 33.4373 0.180623 0.000184517 0.000643349 0.000651914 0.00065891 0.26424 0.000444273 0.116646 0.000361889 
5 0.25 81250000 7.00272 0.00634444 -0.633017 0.00305818 3.18055 0.00981184 33.4373 0.180623 0.000184517 0.000643349 0.000651914 0.00065891 0.26424 0.000444273 0.116646 0.000361889 
5 0.25 81500000 7.00272 0.00634444 -0.633017 0.00305818 3.18055 0.00981184 33.4373 0.180623 0.000184517 0.000640747 0.000651914 0.00065891 0.26424 0.000444273 0.116646 0.000361889 
5 0.25 81750000 7.00272 0.00634444 -0.633017 0.00305818 3.18055 0.00981184 33.4373 0.180623 0.000184517 0.000640747 0.000651914 0.00065891 0.26424 0.000444273 0.116646 0.000361889 
5 0.25 82000000 7.00245 0.0061229 -0.632467 0.00313284 3.17906 0.00884229 33.4044 0.178669 0.000310925 0.000637231 0.0006251 0.000645072 0.264178 0.000408139 0.116575 0.000333492 
5 0.25 82250000 7.00245 0.0061229 -0.632467 0.00313284 3.17906 0.00884229 33.4044 0.178144 0.000310925 0.000637231 0.0006251 0.000645072 0.264178 0.000408139 0.116575 0.000333492 
5 0.25 82500000 7.00245 0.0061229 -0.632467 0.00313284 3.17906 0.00884229 33.4044 0.177665 0.000310925 0.000638028 0.0006251 0.000645072 0.264178 0.000408139 0.116575 0.000333492 
5 0.25 82750000 7.00245 0.0061229 -0.632467 0.00313284 3.17906 0.00884229 33.4044 0.177416 0.000310925 0.000638028 0.0006251 0.000645072 0.264178 0.000408139 0.116575 0.000333492 
5 0.25 83000000 7.00245 0.0061229 -0.632467 0.00313284 3.17906 0.00884229 33.4044 0.176993 0.000310925 0.000635855 0.0006251 0.000645072 0.264178 0.000408139 0.116575 0.000333492 
5 0.25 83250000 7.00245 0.0061229 -0.632467 0.00313284 3.17906 0.00884229 33.4044 0.176671 0.000310925 0.000635855 0.0006251 0.000645072 0.264178 0.000408139 0.116575 0.000333492 
5 0.25 83500000 7.00245 0.0061229 -0.632467 0.00313284 3.17906 0.00884229 33.4044 0.176138 0.000310925 0.000632033 0.0006251 0.000645072 0.264178 0.000408139 0.116575 0.000333492 
5 0.25 83750000 7.00245 0.0061229 -0.632467 0.00313284 3.17906 0.00884229 33.4044 0.175635 0.000310925 0.000632033 0.0006251 0.000645072 0.264178 0.000408139 0.116575 0.000333492 
5 0.25 84000000 7.00245 0.0061229 -0.632467 0.00313284 3.17906 0.00884229 33.4044 0.175433 0.000310925 0.000631976 0.0006251 0.000632977 0.264178 0.000408139 0.116575 0.000333492 
5 0.25 84250000 7.00245 0.0061229 -0.632467 0.00313284 3.17906 0.00884229 33.4044 0.175008 0.000310925 0.000631976 0.0006251 0.000632495 0.264178 0.000408139 0.116575 0.000333492 
5 0.25 84500000 7.00245 0.0061229 -0.632467 0.00313284 3.17906 0.00884229 33.4044 0.174857 0.000310925 0.000631976 0.0006251 0.000631689 0.264178 0.000408139 0.116575 0.000333492 
5 0.25 84750000 7.00245 0.0061229 -0.632467 0.00313284 3.17906 0.00884229 33.4044 0.175006 0.000310925 0.000628212 0.0006251 0.000632468 0.264178 0.000408139 0.116575 0.000333492 
5 0.25 85000000 7.00245 0.0061229 -0.632467 0.00313284 3.17906 0.00884229 33.4044 0.17481 0.000310925 0.000628212 0.0006251 0.000632468 0.264178 0.000408139 0.116575 0.000333492 
5 0.25 85250000 7.00245 0.0061229 -0.632467 0.00313284 3.17906 0.00884229 33.4044 0.17546 0.000310925 0.00062687 0.0006251 0.000630031 0.264178 0.000408139 0.116575 0.000333492 
5 0.25 85500000 7.00245 0.0061229 -0.632467 0.00313284 3.17906 0.00884229 33.4044 0.175196 0.000310925 0.00062687 0.0006251 0.000630031 0.264178 0.000408139 0.116575 0.000333492 
5 0.25 85750000 7.00245 0.0061229 -0.632467 0.00313284 3.17906 0.00884229 33.4044 0.174727 0.000310925 0.000626835 0.0006251 0.000630031 0.264178 0.000408139 0.116575 0.000333492 
5 0.25 86000000 7.00245 0.0061229 -0.632467 0.00313284 3.17906 0.00884229 33.4044 0.174455 0.000310925 0.000626835 0.0006251 0.000630031 0.264178 0.000408139 0.116575 0.000333492 
5 0.25 86250000 7.00245 0.0061229 -0.632467 0.00313284 3.17906 0.00884229 33.4044 0.174176 0.000310925 0.000626302 0.0006251 0.000630947 0.264178 0.000408139 0.116575 0.000333492 
5 0.25 86500000 7.00245 0.0061229 -0.632467 0.00313284 3.17906 0.00884229 33.4044 0.174209 0.000310925 0.000626302 0.0006251 0.000630947 0.264178 0.000408139 0.116575 0.000333492 
5 0.25 86750000 7.00245 0.0061229 -0.632467 0.00313284 3.17906 0.00884229 33.4044 0.173696 0.000310925 0.000635656 0.0006251 0.000630947 0.264178 0.000408139 0.116575 0.000333492 
5 0.25 87000000 7.00245 0.0061229 -0.632467 0.00313284 3.17906 0.00884229 33.4044 0.173342 0.000310925 0.000635656 0.0006251 0.000630947 0.264178 0.000408139 0.116575 0.000333492 
5 0.25 87250000 7.00245 0.0061229 -0.632467 0.00313284 3.17906 0.00884229 33.4044 0.172857 0.000310925 0.000632041 0.0006251 0.000630947 0.264178 0.000408139 0.116575 0.000333492 
5 0.25 87500000 7.00245 0.0061229 -0.632467 0.00313284 3.17906 0.00884229 33.4044 0.172539 0.000310925 0.000632041 0.0006251 0.000630947 0.264178 0.000408139 0.116575 0.000333492 
5 0.25 87750000 7.00245 0.0061229 -0.632467 0.00313284 3.17906 0.00884229 33.4044 0.172463 0.000310925 0.000629765 0.0006251 0.000630947 0.264178 0.000408139 0.116575 0.000333492 
5 0.25 88000000 7.00245 0.0061229 -0.632467 0.00313284 3.17906 0.00884229 33.4044 0.172372 0.000310925 0.000629765 0.0006251 0.000630947 0.264178 0.000408139 0.116575 0.000333492 
5 0.25 88250000 7.00245 0.0061229 -0.632467 0.00313284 3.17906 0.00884229 33.4044 0.172029 0.000310925 0.000626374 0.0006251 0.000618186 0.264178 0.000408139 0.116575 0.000333492 
5 0.25 88500000 7.00245 0.0061229 -0.632467 0.00313284 3.17906 0.00884229 33.4044 0.171575 0.000310925 0.000626374 0.0006251 0.000618186 0.264178 0.000408139 0.116575 0.000333492 
5 0.25 88750000 7.00245 0.0061229 -0.632467 0.00313284 3.17906 0.00884229 33.4044 0.171411 0.000310925 0.000623209 0.0006251 0.000618186 0.264178 0.000408139 0.116575 0.000333492 
5 0.25 89000000 7.00245 0.0061229 -0.632467 0.00313284 3.17906 0.00884229 33.4044 0.170963 0.000310925 0.000623209 0.0006251 0.000618186 0.264178 0.000408139 0.116575 0.000333492 
5 0.25 89250000 7.00245 0.0061229 -0.632467 0.00313284 3.17906 0.00884229 33.4044 0.170735 0.000310925 0.000619642 0.0006251 0.000618186 0.264178 0.000408139 0.116575 0.000333492 
5 0.25 89500000 7.00245 0.0061229 -0.632467 0.00313284 3.17906 0.00884229 33.4044 0.170735 0.000310925 0.000619642 0.0006251 0.000618186 0.264178 0.000408139 0.116575 0.000333492 
5 0.25 89750000 7.00245 0.0061229 -0.632467 0.00313284 3.17906 0.00884229 33.4044 0.170735 0.000310925 0.000616329 0.0006251 0.000618186 0.264178 0.000408139 0.116575 0.000333492 
5 0.25 90000000 7.00245 0.0061229 -0.632467 0.00313284 3.17906 0.00884229 33.4044 0.17092 0.000310925 0.000616329 0.0006251 0.000618186 0.264178 0.000408139 0.116575 0.000333492 
5 0.25 90250000 7.0019 0.0057045 -0.632915 0.00313284 3.17986 0.00807485 33.4257 0.17118 0.000235914 0.000612953 0.00090359 0.000615051 0.264337 0.000400789 0.116676 0.000318165 
5 0.25 90500000 7.0019 0.00569319 -0.632915 0.00313284 3.17986 0.00807485 33.4257 0.171111 0.000235914 0.000612953 0.00090359 0.000615051 0.264337 0.000400789 0.116676 0.000318165 
5 0.25 90750000 7.0019 0.0056809 -0.632915 0.00313284 3.17986 0.00807485 33.4257 0.170735 0.000235914 0.000609607 0.00090359 0.000615051 0.264337 0.000400789 0.116676 0.000318165 
5 0.25 91000000 7.0019 0.00566725 -0.632915 0.00313284 3.17986 0.00807485 33.4257 0.170735 0.000235914 0.000609607 0.00090359 0.000615051 0.264337 0.000400789 0.116676 0.000318165 
5 0.25 91250000 7.0019 0.00565377 -0.632915 0.00313284 3.17986 0.00807485 33.4257 0.170735 0.000235914 0.000606196 0.00090359 0.000615051 0.264337 0.000400789 0.116676 0.000318165 
5 0.25 91500000 7.0019 0.00566336 -0.632915 0.00313284 3.17986 0.00807485 33.4257 0.170735 0.000235914 0.000606196 0.00090359 0.000615051 0.264337 0.000400789 0.116676 0.000318165 
5 0.25 91750000 7.0019 0.00565658 -0.632915 0.00313284 3.17986 0.00807485 33.4257 0.170735 0.000235914 0.000604331 0.00090359 0.000615051 0.264337 0.000400789 0.116676 0.000318165 
5 0.25 92000000 7.0019 0.00564749 -0.632915 0.00313284 3.17986 0.00807485 33.4257 0.170735 0.000235914 0.000604331 0.00090359 0.000615051 0.264337 0.000400789 0.116676 0.000318165 
5 0.25 92250000 7.0019 0.00563271 -0.632915 0.00313284 3.17986 0.00807485 33.4257 0.170735 0.000235914 0.000601691 0.00090359 0.000603501 0.264337 0.000400789 0.116676 0.000318165 
5 0.25 92500000 7.0019 0.00563572 -0.632915 0.00313284 3.17986 0.00807485 33.4257 0.170735 0.000235914 0.000601691 0.00090359 0.00060191 0.264337 0.000400789 0.116676 0.000318165 
5 0.25 92750000 7.0019 0.00562486 -0.632915 0.00313284 3.17986 0.00807485 33.4257 0.170735 0.000235914 0.000598373 0.00090359 0.000601869 0.264337 0.000400789 0.116676 0.000318165 
5 0.25 93000000 7.0019 0.00560973 -0.632915 0.00313284 3.17986 0.00807485 33.4257 0.170735 0.000235914 0.000598373 0.00090359 0.000601869 0.264337 0.000400789 0.116676 0.000318165 
5 0.25 93250000 7.0019 0.00559901 -0.632915 0.00313284 3.17986 0.00807485 33.4257 0.170735 0.000235914 0.000595121 0.00090359 0.000601869 0.264337 0.000400789 0.116676 0.000318165 
5 0.25 93500000 7.0019 0.00559146 -0.632915 0.00313284 3.17986 0.00807485 33.4257 0.170735 0.000235914 0.000595121 0.00090359 0.000601869 0.264337 0.000400789 0.116676 0.000318165 
5 0.25 93750000 7.0019 0.00559146 -0.632915 0.00313284 3.17986 0.00807485 33.4257 0.170735 0.000235914 0.000593107 0.00090359 0.000601869 0.264337 0.000400789 0.116676 0.000318165 
5 0.25 94000000 7.0019 0.00559146 -0.632915 0.00313284 3.17986 0.00807485 33.4257 0.170735 0.000235914 0.000593107 0.00090359 0.000601869 0.264337 0.000400789 0.116676 0.000318165 
5 0.25 94250000 7.0019 0.00559146 -0.632915 0.00313284 3.17986 0.00807485 33.4257 0.170735 0.000235914 0.00059088 0.00090359 0.000608228 0.264337 0.000400789 0.116676 0.000318165 
5 0.25 94500000 7.0019 0.00559146 -0.632915 0.00313284 3.17986 0.00807485 33.4257 0.170735 0.000235914 0.000589935 0.00090359 0.000608228 0.264337 0.000400789 0.116676 0.000318165 
5 0.25 94750000 7.0019 0.00559146 -0.632915 0.00313284 3.17986 0.00807485 33.4257 0.170735 0.000235914 0.000591108 0.00090359 0.000608228 0.264337 0.000400789 0.116676 0.000318165 
5 0.25 95000000 7.0019 0.00559146 -0.632915 0.00313284 3.17986 0.00807485 33.4257 0.170735 0.000235914 0.000591108 0.00090359 0.000608228 0.264337 0.000400789 0.116676 0.000318165 
5 0.25 95250000 7.0019 0.00559146 -0.632915 0.00313284 3.17986 0.00807485 33.4257 0.170735 0.000235914 0.000591108 0.00090359 0.000608228 0.264337 0.000400789 0.116676 0.000318165 
5 0.25 95500000 7.0019 0.00559146 -0.632915 0.00313284 3.17986 0.00807485 33.4257 0.170735 0.000235914 0.000587947 0.00090359 0.000608228 0.264337 0.000400789 0.116676 0.000318165 
5 0.25 95750000 7.0019 0.00559146 -0.632915 0.00313284 3.17986 0.00807485 33.4257 0.170735 0.000235914 0.000587947 0.00090359 0.000608228 0.264337 0.000400789 0.116676 0.000318165 
5 0.25 96000000 7.0019 0.00559146 -0.632915 0.00313284 3.17986 0.00807485 33.4257 0.170735 0.000235914 0.00058485 0.00090359 0.000608228 0.264337 0.000400789 0.116676 0.000318165 
5 0.25 96250000 7.0019 0.00559146 -0.632915 0.00313284 3.17986 0.00807485 33.4257 0.170735 0.000235914 0.00058485 0.00090359 0.000608228 0.264337 0.000400789 0.116676 0.000318165 
5 0.25 96500000 7.0019 0.00559146 -0.632915 0.00313284 3.17986 0.00807485 33.4257 0.170735 0.000235914 0.000583658 0.00090359 0.000596783 0.264337 0.000400789 0.116676 0.000318165 
5 0.25 96750000 7.0019 0.00559146 -0.632915 0.00313284 3.17986 0.00807485 33.4257 0.170735 0.000235914 0.000582112 0.00090359 0.000596783 0.264337 0.000400789 0.116676 0.000318165 
5 0.25 97000000 7.0019 0.00559146 -0.632915 0.00313284 3.17986 0.00807485 33.4257 0.170735 0.000235914 0.000580762 0.00090359 0.000596783 0.264337 0.000400789 0.116676 0.000318165 
5 0.25 97250000 7.0019 0.00559146 -0.632915 0.00313284 3.17986 0.00807485 33.4257 0.170735 0.000235914 0.000579422 0.00090359 0.000596783 0.264337 0.000400789 0.116676 0.000318165 
5 0.25 97500000 7.0019 0.00559146 -0.632915 0.00313284 3.17986 0.00807485 33.4257 0.170735 0.000235914 0.000578474 0.00090359 0.000596783 0.264337 0.000400789 0.116676 0.000318165 
5 0.25 97750000 7.0019 0.00559146 -0.632915 0.00313284 3.17986 0.00807485 33.4257 0.170735 0.000235914 0.000577218 0.00090359 0.000596783 0.264337 0.000400789 0.116676 0.000318165 
5 0.25 98000000 7.0019 0.00559146 -0.632915 0.00313284 3.17986 0.00807485 33.4257 0.170735 0.000235914 0.000578801 0.00090359 0.000596783 0.264337 0.000400789 0.116676 0.000318165 
5 0.25 98250000 7.0019 0.00559146 -0.632915 0.00313284 3.17986 0.00807485 33.4257 0.170735 0.000235914 0.00057796 0.00090359 0.000596783 0.264337 0.000400789 0.116676 0.000318165 
5 0.25 98500000 7.00232 0.00543202 -0.632652 0.00261617 3.18045 0.00742302 33.4069 0.162155 0.000123865 0.000580898 0.000507335 0.00060943 0.26427 0.000372974 0.116617 0.000297219 
5 0.25 98750000 7.00232 0.00542155 -0.632652 0.00261617 3.18045 0.00742302 33.4069 0.161986 0.000123865 0.000580898 0.000507335 0.00060943 0.26427 0.000372974 0.116617 0.000297219 
5 0.25 99000000 7.00232 0.00540996 -0.632652 0.00261617 3.18045 0.00742302 33.4069 0.161697 0.000123865 0.0005798 0.000507335 0.00060943 0.26427 0.000372974 0.116617 0.000297219 
5 0.25 99250000 7.00232 0.00540134 -0.632652 0.00261617 3.18045 0.00742302 33.4069 0.161536 0.000123865 0.0005798 0.000507335 0.00060943 0.26427 0.000372974 0.116617 0.000297219 
5 0.25 99500000 7.00232 0.00538768 -0.632652 0.00261617 3.18045 0.00742302 33.4069 0.161322 0.000123865 0.000579481 0.000507335 0.00060943 0.26427 0.000372974 0.116617 0.000297219 
5 0.25 99750000 7.00232 0.00537734 -0.632652 0.00261617 3.18045 0.00742302 33.4069 0.161494 0.000123865 0.000579481 0.000507335 0.00060943 0.26427 0.000372974 0.116617 0.000297219 
5 0.25 100000000 7.00232 0.0053638 -0.632652 0.00261617 3.18045 0.00742302 33.4069 0.1615 0.000123865 0.000579628 0.000507335 0.00060943 0.26427 0.000372974 0.116617 0.000297219 
