L J MC_steps R2 R2_std E E_std E2 E2_std E4 E4_std Sin1 Sin1_std Cos1 Cos1_std Mag2 Mag2_std Mag4 Mag4_std
5 0.75 250000 6.40848 0.11326 -2.20885 0.0601469 8.15209 0.287603 140.359 8.1098 0.00920118 0.0151947 -0.00488636 0.0191794 0.448237 0.00898428 0.272983 0.00862899 
5 0.75 500000 6.59933 0.0882574 -2.18881 0.0450538 7.98424 0.203532 134.454 5.98055 0.00580533 0.0112609 -0.0242207 0.0126322 0.449047 0.0066038 0.272265 0.00618934 
5 0.75 750000 6.59375 0.07617 -2.19799 0.0357017 7.99373 0.16847 134.215 4.70806 0.0107509 0.0095366 -0.0118029 0.0108825 0.452093 0.005248 0.274373 0.0049979 
5 0.75 1000000 6.62396 0.0623299 -2.15707 0.0314811 7.85456 0.144955 130.067 4.02829 0.00552736 0.00808689 -0.0127627 0.00911698 0.447881 0.0046122 0.270401 0.00440279 
5 0.75 1250000 6.65337 0.0607019 -2.16209 0.0273435 7.8685 0.12743 130.868 3.5834 0.000739939 0.00701288 -0.00922328 0.00736115 0.448527 0.00396549 0.271311 0.00377573 
5 0.75 1500000 6.66442 0.0568286 -2.16065 0.0367193 7.85844 0.152316 129.826 3.88417 0.00291371 0.00634784 -0.00512809 0.00757412 0.448459 0.00489058 0.271184 0.0046616 
5 0.75 1750000 6.63762 0.0496511 -2.17533 0.0306622 7.92558 0.127226 132.075 3.23962 0.00868556 0.00613716 -0.00107215 0.00701668 0.451267 0.00411033 0.274077 0.00394992 
5 0.75 2000000 6.62995 0.0478252 -2.18194 0.0264131 7.94974 0.109152 133.351 3.2126 0.00725944 0.00554585 0.00220969 0.0068857 0.452296 0.00358276 0.275228 0.00346782 
5 0.75 2250000 6.62408 0.0448835 -2.18511 0.0240285 7.95622 0.101186 133.497 2.91706 0.00589556 0.00559502 0.00353521 0.00616124 0.452821 0.00323805 0.275541 0.00314703 
5 0.75 2500000 6.625 0.0406854 -2.18847 0.0243747 7.966 0.10029 133.812 2.72685 0.00612024 0.0050768 0.00312459 0.00550021 0.453461 0.00332008 0.27582 0.00310351 
5 0.75 2750000 6.64141 0.0397422 -2.18406 0.0233999 7.93439 0.101646 133.021 2.74796 0.00638177 0.00461142 0.00460068 0.00606788 0.452953 0.0030582 0.275358 0.00291936 
5 0.75 3000000 6.6479 0.0367395 -2.18809 0.0216169 7.97019 0.0985086 134.097 2.74796 0.00418326 0.00454359 0.00189803 0.00606788 0.454058 0.00297317 0.27666 0.00292359 
5 0.75 3250000 6.65902 0.0344978 -2.18715 0.019836 7.97861 0.090659 134.578 2.69528 0.00575372 0.00423608 0.00154675 0.00577416 0.454546 0.00277668 0.27726 0.00298874 
5 0.75 3500000 6.65715 0.0323062 -2.19206 0.0189091 7.99495 0.086476 134.895 2.69528 0.00338157 0.0041422 0.00115897 0.00577416 0.455297 0.00277668 0.277872 0.00298874 
5 0.75 3750000 6.64941 0.0304081 -2.1933 0.0175992 7.99712 0.0790908 134.983 2.34048 0.00317841 0.0040294 0.00129662 0.0049547 0.455449 0.0025227 0.278163 0.00269463 
5 0.75 4000000 6.65599 0.0303741 -2.18714 0.0174718 7.98251 0.0760773 134.82 2.34048 0.00330599 0.00386139 0.00130735 0.0049547 0.454821 0.0025227 0.277518 0.00269463 
5 0.75 4250000 6.6449 0.0286255 -2.18803 0.0164023 7.97695 0.0706636 134.541 2.08931 0.00227919 0.00381938 0.0033285 0.00473369 0.455014 0.00224471 0.277563 0.00242353 
5 0.75 4500000 6.64269 0.0278674 -2.18303 0.0161796 7.95216 0.0707238 133.921 2.08931 0.00281549 0.00368281 0.00259655 0.00473369 0.454376 0.00224471 0.276997 0.00242353 
5 0.75 4750000 6.63694 0.0266309 -2.18516 0.01542 7.96038 0.0672706 134.147 1.89396 0.000992589 0.00372494 0.00291791 0.00422549 0.454334 0.0020955 0.276984 0.00222243 
5 0.75 5000000 6.62726 0.0263064 -2.18246 0.0148429 7.95958 0.0637348 134.08 1.89396 -0.000700808 0.00380261 0.0045721 0.00422549 0.454149 0.0020955 0.276777 0.00222243 
5 0.75 5250000 6.63418 0.026673 -2.18438 0.0142238 7.97321 0.0619895 134.694 1.78174 -0.000362004 0.00362754 0.00406838 0.00424032 0.454456 0.00206367 0.277054 0.00202782 
5 0.75 5500000 6.63418 0.0262601 -2.18438 0.0138504 7.97321 0.0617693 134.694 1.78174 -0.000362004 0.00351226 0.00406838 0.00424032 0.454456 0.00206367 0.277054 0.00202782 
5 0.75 5750000 6.64009 0.0255366 -2.18319 0.013334 7.96312 0.0595462 134.151 1.70051 0.000440201 0.00351226 0.00310138 0.00424032 0.454499 0.00206367 0.276919 0.00202782 
5 0.75 6000000 6.64009 0.0247074 -2.18319 0.0135175 7.96312 0.0636777 134.151 1.7667 0.000440201 0.00351226 0.00310138 0.00424032 0.454499 0.00206367 0.276919 0.00202782 
5 0.75 6250000 6.63428 0.0241115 -2.18746 0.0129579 8.00038 0.0615443 135.165 1.83641 0.000662543 0.00311838 0.00257169 0.00378854 0.45532 0.00189171 0.277938 0.00193539 
5 0.75 6500000 6.63428 0.0233156 -2.18746 0.0124447 8.00038 0.0609832 135.165 1.83641 0.000662543 0.00307268 0.00257169 0.00378854 0.45532 0.00189171 0.277938 0.00193539 
5 0.75 6750000 6.62583 0.022709 -2.18655 0.0119779 8.00239 0.0577316 135.42 1.71274 0.000764649 0.00307268 0.00202132 0.00378854 0.45556 0.00189171 0.278236 0.00187238 
5 0.75 7000000 6.62583 0.0234883 -2.18655 0.0121683 8.00239 0.0589279 135.42 1.71274 0.000764649 0.00307268 0.00202132 0.00378854 0.45556 0.00189171 0.278236 0.00187238 
5 0.75 7250000 6.61112 0.0249847 -2.19599 0.0129757 8.04146 0.0644447 136.435 1.86753 0.000418905 0.00286011 0.00202891 0.00328597 0.45687 0.00216556 0.279487 0.00215225 
5 0.75 7500000 6.61112 0.0249847 -2.19599 0.0129757 8.04146 0.0644447 136.435 1.86753 0.000418905 0.00281941 0.00202891 0.00328597 0.45687 0.00216556 0.279487 0.00215225 
5 0.75 7750000 6.6168 0.0249847 -2.19886 0.0124241 8.05399 0.0613538 136.797 1.77772 3.07799e-05 0.00276979 0.00198543 0.00328597 0.457024 0.00216556 0.279703 0.00215225 
5 0.75 8000000 6.6168 0.0249847 -2.19886 0.0124241 8.05399 0.0613538 136.797 1.77772 3.07799e-05 0.00272679 0.00198543 0.00328597 0.457024 0.00216556 0.279703 0.00215225 
5 0.75 8250000 6.62341 0.0247019 -2.19868 0.0120028 8.05762 0.0576262 136.819 1.66674 -0.000269856 0.00274296 0.00222651 0.00288116 0.456948 0.00189627 0.279814 0.001908 
5 0.75 8500000 6.62341 0.0247019 -2.19868 0.0116489 8.05762 0.0576262 136.819 1.66674 -0.000269856 0.00279409 0.00222651 0.00288116 0.456948 0.00189627 0.279814 0.001908 
5 0.75 8750000 6.62891 0.0247019 -2.19866 0.0113108 8.05363 0.0543739 136.698 1.57311 0.000419506 0.00274494 0.00222976 0.00288116 0.456803 0.00189627 0.279738 0.001908 
5 0.75 9000000 6.62891 0.0247019 -2.19866 0.0110591 8.05363 0.0543739 136.698 1.57311 0.000419506 0.00271721 0.00222976 0.00288116 0.456803 0.00189627 0.279738 0.001908 
5 0.75 9250000 6.61925 0.0223055 -2.19598 0.0108412 8.0493 0.0515251 136.612 1.48805 0.00048377 0.00264747 0.00254821 0.00277081 0.456434 0.00175387 0.279435 0.00173321 
5 0.75 9500000 6.61925 0.0223055 -2.19598 0.0107313 8.0493 0.0515251 136.612 1.48805 0.00048377 0.00263746 0.00254821 0.00274937 0.456434 0.00175387 0.279435 0.00173321 
5 0.75 9750000 6.61925 0.0223055 -2.19598 0.0107313 8.0493 0.0515251 136.612 1.48805 0.00048377 0.00260863 0.00254821 0.00271629 0.456434 0.00175387 0.279435 0.00173321 
5 0.75 10000000 6.60902 0.0231485 -2.19677 0.0105167 8.05584 0.0504147 136.727 1.41414 0.00109397 0.00254216 0.00213449 0.00268574 0.456122 0.00175387 0.27913 0.00173321 
5 0.75 10250000 6.60902 0.0231485 -2.19677 0.01054 8.05584 0.0494585 136.727 1.41414 0.00109397 0.00250908 0.00213449 0.00263425 0.456122 0.00175387 0.27913 0.00173321 
5 0.75 10500000 6.61133 0.0221064 -2.19587 0.0103958 8.05617 0.0486054 136.788 1.34477 0.000710319 0.00250922 0.00243591 0.00266594 0.455894 0.00173129 0.27913 0.00164609 
5 0.75 10750000 6.61133 0.0221064 -2.19587 0.0101675 8.05617 0.0474433 136.788 1.34477 0.000710319 0.00249041 0.00243591 0.00261065 0.455894 0.00173129 0.27913 0.00164609 
5 0.75 11000000 6.61133 0.0214353 -2.19587 0.00993023 8.05617 0.0463337 136.788 1.28187 0.000710319 0.00244789 0.00243591 0.00256311 0.455894 0.00173129 0.27913 0.00164609 
5 0.75 11250000 6.61133 0.0214353 -2.19587 0.00972554 8.05617 0.0452937 136.788 1.28187 0.000710319 0.00240174 0.00243591 0.00261628 0.455894 0.00173129 0.27913 0.00164609 
5 0.75 11500000 6.6127 0.0204971 -2.19423 0.00969705 8.05007 0.0449367 136.585 1.25529 0.00105229 0.00237157 0.00322203 0.00256796 0.455748 0.00173129 0.278989 0.00164609 
5 0.75 11750000 6.6127 0.0204971 -2.19423 0.00954547 8.05007 0.0441269 136.585 1.25529 0.00105229 0.00232882 0.00322203 0.00252037 0.455748 0.00173129 0.278989 0.00164609 
5 0.75 12000000 6.6127 0.019731 -2.19423 0.00936445 8.05007 0.0432022 136.585 1.25529 0.00105229 0.00229787 0.00322203 0.00248043 0.455748 0.00173129 0.278989 0.00164609 
5 0.75 12250000 6.6127 0.019731 -2.19423 0.00916736 8.05007 0.042848 136.585 1.25529 0.00105229 0.00227075 0.00322203 0.00248118 0.455748 0.00173129 0.278989 0.00164609 
5 0.75 12500000 6.61133 0.018929 -2.19398 0.00898758 8.05573 0.0414129 136.755 1.14238 0.000233968 0.00225145 0.00327946 0.00245762 0.455697 0.00145388 0.278949 0.00138168 
5 0.75 12750000 6.61133 0.018929 -2.19398 0.00891615 8.05573 0.0408082 136.755 1.14238 0.000233968 0.00221138 0.00327946 0.00244601 0.455697 0.00145388 0.278949 0.00138168 
5 0.75 13000000 6.61133 0.0186706 -2.19398 0.00902247 8.05573 0.0417315 136.755 1.11498 0.000233968 0.00219898 0.00327946 0.00243549 0.455697 0.00145388 0.278949 0.00138168 
5 0.75 13250000 6.61133 0.0186706 -2.19398 0.00888396 8.05573 0.0411066 136.755 1.11498 0.000233968 0.0021656 0.00327946 0.00242451 0.455697 0.00145388 0.278949 0.00138168 
5 0.75 13500000 6.61696 0.0179949 -2.19172 0.00873177 8.04275 0.0403391 136.358 1.08842 0.000237186 0.00213391 0.00457034 0.00244516 0.455517 0.00145388 0.278801 0.00138168 
5 0.75 13750000 6.61696 0.0179949 -2.19172 0.00865498 8.04275 0.0400915 136.358 1.08842 0.000237186 0.00214639 0.00457034 0.0024034 0.455517 0.00145388 0.278801 0.00138168 
5 0.75 14000000 6.61696 0.0180343 -2.19172 0.00856452 8.04275 0.0399857 136.358 1.11682 0.000237186 0.00211473 0.00457034 0.00236941 0.455517 0.00145388 0.278801 0.00138168 
5 0.75 14250000 6.61696 0.0180343 -2.19172 0.00845209 8.04275 0.0392591 136.358 1.11682 0.000237186 0.00209569 0.00457034 0.00234089 0.455517 0.00145388 0.278801 0.00138168 
5 0.75 14500000 6.61429 0.0175521 -2.19462 0.00830672 8.05412 0.0386133 136.698 1.07817 -0.000142189 0.00208627 0.00331322 0.00242841 0.455788 0.00124905 0.279111 0.0011938 
5 0.75 14750000 6.61429 0.0175521 -2.19462 0.0081653 8.05412 0.0380831 136.698 1.07817 -0.000142189 0.00206442 0.00331322 0.00242841 0.455788 0.00124905 0.279111 0.0011938 
5 0.75 15000000 6.61429 0.017201 -2.19462 0.00802633 8.05412 0.0377448 136.698 1.08424 -0.000142189 0.00203912 0.00331322 0.00242841 0.455788 0.00124905 0.279111 0.0011938 
5 0.75 15250000 6.61429 0.017201 -2.19462 0.00796178 8.05412 0.0371163 136.698 1.08424 -0.000142189 0.00202248 0.00331322 0.00242841 0.455788 0.00124905 0.279111 0.0011938 
5 0.75 15500000 6.60706 0.0171401 -2.1971 0.00788774 8.06568 0.0365708 136.973 1.04863 2.13559e-05 0.00199304 0.00297219 0.00229034 0.456191 0.00124905 0.279469 0.0011938 
5 0.75 15750000 6.60706 0.0171401 -2.1971 0.00776012 8.06568 0.0361242 136.973 1.04863 2.13559e-05 0.00196309 0.00297219 0.00229034 0.456191 0.00124905 0.279469 0.0011938 
5 0.75 16000000 6.60706 0.0168164 -2.1971 0.00768646 8.06568 0.035713 136.973 1.02469 2.13559e-05 0.00193728 0.00297219 0.00229034 0.456191 0.00124905 0.279469 0.0011938 
5 0.75 16250000 6.60706 0.0168164 -2.1971 0.00757935 8.06568 0.035158 136.973 1.02469 2.13559e-05 0.00193321 0.00297219 0.00229034 0.456191 0.00124905 0.279469 0.0011938 
5 0.75 16500000 6.60983 0.016232 -2.19868 0.00746102 8.06317 0.0347929 136.745 0.996024 -0.00030551 0.0019367 0.00305169 0.00216512 0.456346 0.00121099 0.279543 0.00111974 
5 0.75 16750000 6.60983 0.016232 -2.19868 0.00734753 8.06317 0.0343782 136.745 0.996024 -0.00030551 0.00193824 0.00305169 0.00218067 0.456346 0.00121099 0.279543 0.00111974 
5 0.75 17000000 6.60983 0.0159917 -2.19868 0.00723643 8.06317 0.0339039 136.745 0.975997 -0.00030551 0.00193989 0.00305169 0.00214857 0.456346 0.00121099 0.279543 0.00111974 
5 0.75 17250000 6.60983 0.0159917 -2.19868 0.00738454 8.06317 0.034003 136.745 0.975997 -0.00030551 0.00191939 0.00305169 0.00214857 0.456346 0.00121099 0.279543 0.00111974 
5 0.75 17500000 6.60745 0.0155144 -2.19769 0.00732759 8.06358 0.0335715 136.76 0.955626 -0.00040064 0.00189733 0.00405373 0.00224371 0.456352 0.00121099 0.279612 0.00111974 
5 0.75 17750000 6.60745 0.0155144 -2.19769 0.00723748 8.06358 0.0331089 136.76 0.955626 -0.00040064 0.00187901 0.00405373 0.00224371 0.456352 0.00121099 0.279612 0.00111974 
5 0.75 18000000 6.60745 0.0152274 -2.19769 0.00738187 8.06358 0.0333108 136.76 0.941249 -0.00040064 0.00185944 0.00405373 0.00224371 0.456352 0.00121099 0.279612 0.00111974 
5 0.75 18250000 6.60745 0.0152274 -2.19769 0.00732032 8.06358 0.0332067 136.76 0.941249 -0.00040064 0.00184461 0.00405373 0.00224371 0.456352 0.00121099 0.279612 0.00111974 
5 0.75 18500000 6.60672 0.0147243 -2.19898 0.00724787 8.06378 0.032747 136.743 0.931213 -0.00071879 0.00182543 0.00409501 0.00211944 0.456516 0.00108831 0.279655 0.00100092 
5 0.75 18750000 6.60672 0.0147243 -2.19898 0.00716321 8.06378 0.0323066 136.743 0.931213 -0.00071879 0.00181041 0.00409501 0.00211944 0.456516 0.00108831 0.279655 0.00100092 
5 0.75 19000000 6.60672 0.0143991 -2.19898 0.00706656 8.06378 0.032072 136.743 0.909013 -0.00071879 0.00179949 0.00409501 0.00211944 0.456516 0.00108831 0.279655 0.00100092 
5 0.75 19250000 6.60672 0.0143991 -2.19898 0.00697251 8.06378 0.0316444 136.743 0.909013 -0.00071879 0.00177826 0.00409501 0.00211944 0.456516 0.00108831 0.279655 0.00100092 
5 0.75 19500000 6.6067 0.0140768 -2.19953 0.00688132 8.06337 0.0313954 136.667 0.8975 -0.000918524 0.00175573 0.00427746 0.00203329 0.45655 0.00108831 0.279659 0.00100092 
5 0.75 19750000 6.6067 0.0140768 -2.19953 0.00679427 8.06337 0.0309937 136.667 0.8975 -0.000918524 0.00174598 0.00427746 0.00201759 0.45655 0.00108831 0.279659 0.00100092 
5 0.75 20000000 6.6067 0.0140609 -2.19953 0.00671119 8.06337 0.0306 136.667 0.875588 -0.000918524 0.00174506 0.00427746 0.00201573 0.45655 0.00108831 0.279659 0.00100092 
5 0.75 20250000 6.6067 0.0140609 -2.19953 0.00670077 8.06337 0.0306022 136.667 0.875588 -0.000918524 0.00172685 0.00427746 0.00201573 0.45655 0.00108831 0.279659 0.00100092 
5 0.75 20500000 6.6067 0.0140609 -2.19953 0.00670077 8.06337 0.0306022 136.667 0.875588 -0.000918524 0.00171426 0.00427746 0.00201573 0.45655 0.00108831 0.279659 0.00100092 
5 0.75 20750000 6.604 0.0137162 -2.19746 0.0067786 8.05133 0.0310734 136.266 0.923357 -0.000835185 0.00170389 0.00396189 0.00197468 0.456365 0.000989889 0.279436 0.000933074 
5 0.75 21000000 6.604 0.0137162 -2.19746 0.00670651 8.05133 0.0310286 136.266 0.923357 -0.000835185 0.00169452 0.00396189 0.00195173 0.456365 0.000989889 0.279436 0.000933074 
5 0.75 21250000 6.604 0.013419 -2.19746 0.00663959 8.05133 0.03058 136.266 0.902729 -0.000835185 0.0016889 0.00396189 0.00193949 0.456365 0.000989889 0.279436 0.000924419 
5 0.75 21500000 6.604 0.013419 -2.19746 0.00657971 8.05133 0.0303482 136.266 0.902729 -0.000835185 0.00167779 0.00396189 0.00193949 0.456365 0.000989889 0.279436 0.000924419 
5 0.75 21750000 6.604 0.013202 -2.19746 0.00651304 8.05133 0.0299846 136.266 0.881235 -0.000835185 0.00166496 0.00396189 0.00190952 0.456365 0.000989889 0.279436 0.000924419 
5 0.75 22000000 6.604 0.013202 -2.19746 0.00646283 8.05133 0.0298112 136.266 0.881235 -0.000835185 0.00166488 0.00396189 0.00188932 0.456365 0.000989889 0.279436 0.000924419 
5 0.75 22250000 6.604 0.0129481 -2.19746 0.00643665 8.05133 0.0296332 136.266 0.863263 -0.000835185 0.00165232 0.00396189 0.00186892 0.456365 0.000989889 0.279436 0.000924419 
5 0.75 22500000 6.604 0.0129481 -2.19746 0.00637028 8.05133 0.0296332 136.266 0.863263 -0.000835185 0.00164041 0.00396189 0.00186536 0.456365 0.000989889 0.279436 0.000924419 
5 0.75 22750000 6.60141 0.0127013 -2.19756 0.00630576 8.05675 0.0294568 136.417 0.858093 -0.00089662 0.00162478 0.00413945 0.0018523 0.45639 0.00093676 0.279577 0.000878702 
5 0.75 23000000 6.60141 0.0127013 -2.19756 0.00624235 8.05675 0.0294568 136.417 0.858093 -0.00089662 0.00161375 0.00413945 0.00185657 0.45639 0.00093676 0.279577 0.000878702 
5 0.75 23250000 6.60141 0.0124216 -2.19756 0.00618175 8.05675 0.0288023 136.417 0.846385 -0.00089662 0.00160134 0.00413945 0.00184583 0.45639 0.00093676 0.279577 0.000873631 
5 0.75 23500000 6.60141 0.0124216 -2.19756 0.00611461 8.05675 0.0288023 136.417 0.846385 -0.00089662 0.00159661 0.00413945 0.00183632 0.45639 0.00093676 0.279577 0.000873631 
5 0.75 23750000 6.60141 0.0124571 -2.19756 0.00621126 8.05675 0.0289989 136.417 0.847806 -0.00089662 0.00159008 0.00413945 0.00190162 0.45639 0.00093676 0.279577 0.000873631 
5 0.75 24000000 6.60141 0.0124571 -2.19756 0.00615812 8.05675 0.0289989 136.417 0.847806 -0.00089662 0.00157838 0.00413945 0.00190162 0.45639 0.00093676 0.279577 0.000873631 
5 0.75 24250000 6.60141 0.0123129 -2.19756 0.00633637 8.05675 0.0297426 136.417 0.854681 -0.00089662 0.0015673 0.00413945 0.00190162 0.45639 0.00093676 0.279577 0.000886504 
5 0.75 24500000 6.60141 0.0123129 -2.19756 0.00628649 8.05675 0.0297426 136.417 0.854681 -0.00089662 0.00155992 0.00413945 0.00190162 0.45639 0.00093676 0.279577 0.000886504 
5 0.75 24750000 6.5956 0.0121 -2.19726 0.00622279 8.05734 0.0292353 136.636 0.846652 -0.000695832 0.00155092 0.00335132 0.00182239 0.456356 0.000883681 0.279543 0.000873191 
5 0.75 25000000 6.5956 0.0121 -2.19726 0.0061616 8.05734 0.0292353 136.636 0.846652 -0.000695832 0.00154472 0.00335132 0.00182239 0.456356 0.000874573 0.279543 0.000873191 
5 0.75 25250000 6.5956 0.0119204 -2.19726 0.00616944 8.05734 0.0287108 136.636 0.829447 -0.000695832 0.00153939 0.00335132 0.00182239 0.456356 0.000875958 0.279543 0.000862276 
5 0.75 25500000 6.5956 0.0119204 -2.19726 0.006109 8.05734 0.0287108 136.636 0.829447 -0.000695832 0.00153578 0.00335132 0.00182239 0.456356 0.000869071 0.279543 0.000862276 
5 0.75 25750000 6.5956 0.0116506 -2.19726 0.00605923 8.05734 0.0282815 136.636 0.813496 -0.000695832 0.00152733 0.00335132 0.00177196 0.456356 0.000860615 0.279543 0.000848112 
5 0.75 26000000 6.5956 0.0116506 -2.19726 0.00600498 8.05734 0.0282815 136.636 0.813496 -0.000695832 0.00151395 0.00335132 0.00175814 0.456356 0.000852094 0.279543 0.000848112 
5 0.75 26250000 6.5956 0.0115432 -2.19726 0.00594692 8.05734 0.0277561 136.636 0.797802 -0.000695832 0.00150505 0.00335132 0.00175382 0.456356 0.000844324 0.279543 0.000832767 
5 0.75 26500000 6.5956 0.0115432 -2.19726 0.00596094 8.05734 0.0277561 136.636 0.797802 -0.000695832 0.00150474 0.00335132 0.00175382 0.456356 0.00084731 0.279543 0.000832767 
5 0.75 26750000 6.59968 0.0122586 -2.19574 0.00593786 8.04773 0.0282158 136.413 0.798218 -0.00122887 0.0014961 0.00299752 0.00172072 0.456145 0.000849145 0.279344 0.000838006 
5 0.75 27000000 6.59968 0.0122586 -2.19574 0.00588476 8.04773 0.0282158 136.413 0.798218 -0.00122887 0.001488 0.00299752 0.0017117 0.456145 0.000849145 0.279344 0.000838006 
5 0.75 27250000 6.59968 0.0120528 -2.19574 0.00583642 8.04773 0.0277685 136.413 0.783157 -0.00122887 0.00148126 0.00299752 0.00170114 0.456145 0.000836119 0.279344 0.0008238 
5 0.75 27500000 6.59968 0.0120528 -2.19574 0.0058292 8.04773 0.0277685 136.413 0.783157 -0.00122887 0.00147151 0.00299752 0.00170114 0.456145 0.000836119 0.279344 0.0008238 
5 0.75 27750000 6.59968 0.011831 -2.19574 0.00579779 8.04773 0.0275553 136.413 0.777954 -0.00122887 0.00146456 0.00299752 0.00167916 0.456145 0.00083559 0.279344 0.000814322 
5 0.75 28000000 6.59968 0.011831 -2.19574 0.00579437 8.04773 0.0275553 136.413 0.777954 -0.00122887 0.00145721 0.00299752 0.00166543 0.456145 0.00083559 0.279344 0.000814322 
5 0.75 28250000 6.59968 0.0117729 -2.19574 0.00575837 8.04773 0.0271846 136.413 0.769805 -0.00122887 0.00145504 0.00299752 0.00166108 0.456145 0.000821584 0.279344 0.000802253 
5 0.75 28500000 6.59968 0.0117729 -2.19574 0.00571134 8.04773 0.0271846 136.413 0.769805 -0.00122887 0.00144981 0.00299752 0.00165169 0.456145 0.000821584 0.279344 0.000802253 
5 0.75 28750000 6.60273 0.0117445 -2.19314 0.00566643 8.03754 0.0267262 136.151 0.769506 -0.00117467 0.00144103 0.0026384 0.00166906 0.455783 0.000853992 0.279044 0.000792325 
5 0.75 29000000 6.60273 0.0117445 -2.19314 0.00562015 8.03754 0.0267262 136.151 0.769506 -0.00117467 0.00142998 0.0026384 0.00166906 0.455783 0.000853992 0.279044 0.000792325 
5 0.75 29250000 6.60273 0.0117445 -2.19314 0.00557846 8.03754 0.0263611 136.151 0.769506 -0.00117467 0.00142662 0.0026384 0.00164934 0.455783 0.000853992 0.279044 0.000783438 
5 0.75 29500000 6.60273 0.0117445 -2.19314 0.00554353 8.03754 0.0263611 136.151 0.769506 -0.00117467 0.00142299 0.0026384 0.00163985 0.455783 0.000853992 0.279044 0.000783438 
5 0.75 29750000 6.60273 0.0117445 -2.19314 0.00549398 8.03754 0.0263611 136.151 0.769506 -0.00117467 0.00141407 0.0026384 0.00166309 0.455783 0.000853992 0.279044 0.000781264 
5 0.75 30000000 6.60273 0.0117445 -2.19314 0.00548945 8.03754 0.0263611 136.151 0.769506 -0.00117467 0.00140495 0.0026384 0.00166309 0.455783 0.000853992 0.279044 0.000781264 
5 0.75 30250000 6.60273 0.0117445 -2.19314 0.00544429 8.03754 0.0263611 136.151 0.769506 -0.00117467 0.00139971 0.0026384 0.00164649 0.455783 0.000853992 0.279044 0.000781264 
5 0.75 30500000 6.60273 0.0117445 -2.19314 0.00540651 8.03754 0.0263611 136.151 0.769506 -0.00117467 0.00139615 0.0026384 0.00165116 0.455783 0.000853992 0.279044 0.000781264 
5 0.75 30750000 6.60366 0.0117445 -2.19416 0.00536647 8.04502 0.0263611 136.335 0.769506 -0.00108811 0.00139402 0.00252925 0.00164473 0.455901 0.000853992 0.279128 0.000781264 
5 0.75 31000000 6.60366 0.0117445 -2.19416 0.00536647 8.04502 0.0263611 136.335 0.769506 -0.00108811 0.00138715 0.00252925 0.00163885 0.455901 0.000853992 0.279128 0.000781264 
5 0.75 31250000 6.60366 0.0117445 -2.19416 0.00533597 8.04502 0.0263611 136.335 0.769506 -0.00108811 0.00138111 0.00252925 0.00162906 0.455901 0.000853992 0.279128 0.000781264 
5 0.75 31500000 6.60366 0.0117445 -2.19416 0.00528391 8.04502 0.0263611 136.335 0.769506 -0.00108811 0.00137402 0.00252925 0.00161782 0.455901 0.000853992 0.279128 0.000781264 
5 0.75 31750000 6.60366 0.0117445 -2.19416 0.00528391 8.04502 0.0263611 136.335 0.769506 -0.00108811 0.00137092 0.00252925 0.00161602 0.455901 0.000853992 0.279128 0.000781264 
5 0.75 32000000 6.60366 0.0117445 -2.19416 0.00528391 8.04502 0.0263611 136.335 0.769506 -0.00108811 0.001367 0.00252925 0.00160406 0.455901 0.000853992 0.279128 0.000781264 
5 0.75 32250000 6.60366 0.0117445 -2.19416 0.00528391 8.04502 0.0263611 136.335 0.769506 -0.00108811 0.00135032 0.00252925 0.00159441 0.455901 0.000853992 0.279128 0.000781264 
5 0.75 32500000 6.60366 0.0117445 -2.19416 0.00528391 8.04502 0.0263611 136.335 0.769506 -0.00108811 0.00134179 0.00252925 0.00158768 0.455901 0.000853992 0.279128 0.000781264 
5 0.75 32750000 6.60366 0.0117445 -2.19416 0.00528391 8.04502 0.0263611 136.335 0.769506 -0.00108811 0.00133465 0.00252925 0.00159788 0.455901 0.000853992 0.279128 0.000781264 
5 0.75 33000000 6.60368 0.010676 -2.19422 0.00511993 8.046 0.0243863 136.366 0.702741 -0.000737305 0.00132696 0.00215624 0.0015893 0.455858 0.000750516 0.279069 0.000706399 
5 0.75 33250000 6.60368 0.010676 -2.19422 0.00511203 8.046 0.0243863 136.366 0.702741 -0.000737305 0.00132935 0.00215624 0.00158021 0.455858 0.000750516 0.279069 0.000706399 
5 0.75 33500000 6.60368 0.0105745 -2.19422 0.00507504 8.046 0.0243863 136.366 0.702741 -0.000737305 0.00132307 0.00215624 0.00156882 0.455858 0.000750516 0.279069 0.000695638 
5 0.75 33750000 6.60368 0.0105745 -2.19422 0.00504529 8.046 0.0243863 136.366 0.702741 -0.000737305 0.0013169 0.00215624 0.00156293 0.455858 0.000750516 0.279069 0.000695638 
5 0.75 34000000 6.60368 0.0105097 -2.19422 0.00504513 8.046 0.0243863 136.366 0.702741 -0.000737305 0.00131341 0.00215624 0.00155893 0.455858 0.000750516 0.279069 0.000710748 
5 0.75 34250000 6.60368 0.0105097 -2.19422 0.00501083 8.046 0.0243863 136.366 0.702741 -0.000737305 0.00130889 0.00215624 0.00154952 0.455858 0.000750516 0.279069 0.000710748 
5 0.75 34500000 6.60368 0.0105097 -2.19422 0.00497346 8.046 0.0243863 136.366 0.702741 -0.000737305 0.0013015 0.00215624 0.00153951 0.455858 0.000750516 0.279069 0.000700171 
5 0.75 34750000 6.60368 0.0105097 -2.19422 0.00494387 8.046 0.0243863 136.366 0.702741 -0.000737305 0.00130199 0.00215624 0.00152953 0.455858 0.000750516 0.279069 0.000700171 
5 0.75 35000000 6.60274 0.010474 -2.19442 0.00491292 8.04471 0.0243863 136.358 0.702741 -0.000614164 0.00129605 0.00198138 0.00152168 0.455655 0.000750516 0.278904 0.000691264 
5 0.75 35250000 6.60274 0.010474 -2.19442 0.00487713 8.04471 0.0243863 136.358 0.702741 -0.000614164 0.00129301 0.00198138 0.00152126 0.455655 0.000750516 0.278904 0.000691264 
5 0.75 35500000 6.60274 0.0103338 -2.19442 0.00484377 8.04471 0.0243863 136.358 0.702741 -0.000614164 0.00128565 0.00198138 0.00151836 0.455655 0.000750516 0.278904 0.000684021 
5 0.75 35750000 6.60274 0.0103338 -2.19442 0.00483624 8.04471 0.0243863 136.358 0.702741 -0.000614164 0.00128127 0.00198138 0.00151137 0.455655 0.000750516 0.278904 0.000684021 
5 0.75 36000000 6.60274 0.0103424 -2.19442 0.00480196 8.04471 0.0243863 136.358 0.702741 -0.000614164 0.00128156 0.00198138 0.00150336 0.455655 0.000750516 0.278904 0.000687651 
5 0.75 36250000 6.60274 0.0103424 -2.19442 0.00479235 8.04471 0.0243863 136.358 0.702741 -0.000614164 0.00127652 0.00198138 0.00149545 0.455655 0.000750516 0.278904 0.000687651 
5 0.75 36500000 6.60274 0.010315 -2.19442 0.00475872 8.04471 0.0243863 136.358 0.702741 -0.000614164 0.001271 0.00198138 0.00149074 0.455655 0.000750516 0.278904 0.000684021 
5 0.75 36750000 6.60274 0.010315 -2.19442 0.00473585 8.04471 0.0243863 136.358 0.702741 -0.000614164 0.00126989 0.00198138 0.0014806 0.455655 0.000750516 0.278904 0.000684021 
5 0.75 37000000 6.60569 0.0102139 -2.19482 0.00471738 8.04554 0.0222887 136.306 0.63617 -0.000566757 0.00126309 0.00190804 0.001473 0.455878 0.000700026 0.279099 0.000672414 
5 0.75 37250000 6.60569 0.0102139 -2.19482 0.00468989 8.04554 0.0221762 136.306 0.63617 -0.000566757 0.00125467 0.00190804 0.00146328 0.455878 0.000700026 0.279099 0.000672414 
5 0.75 37500000 6.60569 0.0100836 -2.19482 0.00468101 8.04554 0.022117 136.306 0.639237 -0.000566757 0.00125368 0.00190804 0.00145341 0.455878 0.000700026 0.279099 0.000670991 
5 0.75 37750000 6.60569 0.0100836 -2.19482 0.00467236 8.04554 0.0221066 136.306 0.639237 -0.000566757 0.00125024 0.00190804 0.00144564 0.455878 0.000700026 0.279099 0.000670991 
5 0.75 38000000 6.60569 0.0100152 -2.19482 0.00464568 8.04554 0.0219265 136.306 0.632325 -0.000566757 0.00124504 0.00190804 0.00144534 0.455878 0.000700026 0.279099 0.000661979 
5 0.75 38250000 6.60569 0.0100152 -2.19482 0.00464571 8.04554 0.021839 136.306 0.632325 -0.000566757 0.00123703 0.00190804 0.00143773 0.455878 0.000700026 0.279099 0.000661979 
5 0.75 38500000 6.60569 0.00989911 -2.19482 0.00463162 8.04554 0.0218581 136.306 0.627176 -0.000566757 0.00122957 0.00190804 0.00143099 0.455878 0.000700026 0.279099 0.00065563 
5 0.75 38750000 6.60569 0.00989911 -2.19482 0.00462386 8.04554 0.0217851 136.306 0.627176 -0.000566757 0.00122644 0.00190804 0.0014231 0.455878 0.000700026 0.279099 0.00065563 
5 0.75 39000000 6.60561 0.00981421 -2.19587 0.00460707 8.04895 0.0217008 136.472 0.627176 -0.000845201 0.00122157 0.00196894 0.001416 0.456034 0.000680444 0.279231 0.000647271 
5 0.75 39250000 6.60561 0.00981421 -2.19587 0.00458903 8.04895 0.0216811 136.472 0.627176 -0.000845201 0.00121775 0.00196894 0.00141293 0.456034 0.000680444 0.279231 0.000647271 
5 0.75 39500000 6.60561 0.00973291 -2.19587 0.00456304 8.04895 0.0216811 136.472 0.627176 -0.000845201 0.00121407 0.00196894 0.00140781 0.456034 0.000680444 0.279231 0.000639272 
5 0.75 39750000 6.60561 0.00973291 -2.19587 0.00454398 8.04895 0.0216811 136.472 0.627176 -0.000845201 0.00120928 0.00196894 0.00141533 0.456034 0.000680444 0.279231 0.000639272 
5 0.75 40000000 6.60561 0.00971192 -2.19587 0.00452376 8.04895 0.0216811 136.472 0.627176 -0.000845201 0.00120438 0.00196894 0.00141101 0.456034 0.000680444 0.279231 0.000637857 
5 0.75 40250000 6.60561 0.00971192 -2.19587 0.00450943 8.04895 0.0216811 136.472 0.627176 -0.000845201 0.0012003 0.00196894 0.00140368 0.456034 0.000680444 0.279231 0.000637857 
5 0.75 40500000 6.60561 0.00959896 -2.19587 0.00449037 8.04895 0.0216811 136.472 0.627176 -0.000845201 0.00120021 0.00196894 0.00139511 0.456034 0.000680444 0.279231 0.000630842 
5 0.75 40750000 6.60561 0.00959896 -2.19587 0.00446519 8.04895 0.0216811 136.472 0.627176 -0.000845201 0.00119874 0.00196894 0.00138863 0.456034 0.000680444 0.279231 0.000630842 
5 0.75 41000000 6.60461 0.00976772 -2.19664 0.0044554 8.05135 0.0209514 136.494 0.596516 -0.000606534 0.00119406 0.00170563 0.00138166 0.456072 0.000647467 0.279274 0.000624015 
5 0.75 41250000 6.60461 0.00976772 -2.19664 0.00443265 8.05135 0.020889 136.494 0.594648 -0.000606534 0.00118753 0.00170563 0.00137621 0.456072 0.000647467 0.279274 0.000624015 
5 0.75 41500000 6.60461 0.00976772 -2.19664 0.00441544 8.05135 0.0208086 136.494 0.591825 -0.000606534 0.00118239 0.00170563 0.00137311 0.456072 0.000647467 0.279274 0.000619169 
5 0.75 41750000 6.60461 0.00976772 -2.19664 0.00440203 8.05135 0.0207746 136.494 0.591823 -0.000606534 0.00118137 0.00170563 0.00136889 0.456072 0.000647467 0.279274 0.000619169 
5 0.75 42000000 6.60461 0.00976772 -2.19664 0.00438251 8.05135 0.0207173 136.494 0.591823 -0.000606534 0.00117474 0.00170563 0.00136091 0.456072 0.000647467 0.279274 0.000619169 
5 0.75 42250000 6.60461 0.00976772 -2.19664 0.0043665 8.05135 0.020723 136.494 0.591823 -0.000606534 0.00116875 0.00170563 0.00135607 0.456072 0.000647467 0.279274 0.000613888 
5 0.75 42500000 6.60461 0.00976772 -2.19664 0.00434569 8.05135 0.0206095 136.494 0.591823 -0.000606534 0.00116456 0.00170563 0.00134882 0.456072 0.000647467 0.279274 0.000612232 
5 0.75 42750000 6.60461 0.00976772 -2.19664 0.00432564 8.05135 0.0205229 136.494 0.591823 -0.000606534 0.00116668 0.00170563 0.00134212 0.456072 0.000647467 0.279274 0.000608315 
5 0.75 43000000 6.60461 0.00976772 -2.19664 0.00430994 8.05135 0.0204679 136.494 0.591823 -0.000606534 0.00116485 0.00170563 0.00133587 0.456072 0.000647467 0.279274 0.000606015 
5 0.75 43250000 6.60461 0.00976772 -2.19664 0.00430046 8.05135 0.0203881 136.494 0.591823 -0.000606534 0.00116125 0.00170563 0.00133121 0.456072 0.000628272 0.279274 0.000604131 
5 0.75 43500000 6.60461 0.00976772 -2.19664 0.00429127 8.05135 0.0203231 136.494 0.591823 -0.000606534 0.00115732 0.00170563 0.00132398 0.456072 0.000628272 0.279274 0.000603416 
5 0.75 43750000 6.60461 0.00976772 -2.19664 0.00427466 8.05135 0.0202761 136.494 0.591823 -0.000606534 0.00115182 0.00170563 0.00131942 0.456072 0.000628272 0.279274 0.000600124 
5 0.75 44000000 6.60461 0.00976772 -2.19664 0.00426512 8.05135 0.0202761 136.494 0.591823 -0.000606534 0.00114566 0.00170563 0.00131174 0.456072 0.000628272 0.279274 0.000599027 
5 0.75 44250000 6.60461 0.00976772 -2.19664 0.00425344 8.05135 0.0202761 136.494 0.591823 -0.000606534 0.00114142 0.00170563 0.00131043 0.456072 0.000628272 0.279274 0.000596485 
5 0.75 44500000 6.60461 0.00976772 -2.19664 0.00425422 8.05135 0.0202761 136.494 0.591823 -0.000606534 0.00113775 0.00170563 0.00130489 0.456072 0.000628272 0.279274 0.000596171 
5 0.75 44750000 6.60461 0.00976772 -2.19664 0.00423247 8.05135 0.0202761 136.494 0.591823 -0.000606534 0.00113176 0.00170563 0.0013004 0.456072 0.000628272 0.279274 0.000594189 
5 0.75 45000000 6.60461 0.00976772 -2.19664 0.00421662 8.05135 0.0202761 136.494 0.591823 -0.000606534 0.00112645 0.00170563 0.00129558 0.456072 0.000628272 0.279274 0.000591631 
5 0.75 45250000 6.60033 0.00976772 -2.19736 0.00422657 8.05826 0.0199574 136.723 0.580682 -0.000822326 0.0011211 0.00171688 0.00128958 0.456185 0.000611654 0.279431 0.000592019 
5 0.75 45500000 6.60033 0.00976772 -2.19736 0.00421977 8.05826 0.0198829 136.723 0.580682 -0.000822326 0.0011162 0.00171688 0.00129187 0.456185 0.00061013 0.279431 0.000589921 
5 0.75 45750000 6.60033 0.00976772 -2.19736 0.00419679 8.05826 0.0198024 136.723 0.580682 -0.000822326 0.00111134 0.00171688 0.00128555 0.456185 0.000606969 0.279431 0.000586886 
5 0.75 46000000 6.60033 0.00976772 -2.19736 0.0041966 8.05826 0.0197944 136.723 0.580682 -0.000822326 0.00110611 0.00171688 0.00127936 0.456185 0.000605569 0.279431 0.000585383 
5 0.75 46250000 6.60033 0.00976772 -2.19736 0.00418586 8.05826 0.0197511 136.723 0.580682 -0.000822326 0.00110444 0.00171688 0.00127285 0.456185 0.000604249 0.279431 0.000584543 
5 0.75 46500000 6.60033 0.00976772 -2.19736 0.00417573 8.05826 0.0197138 136.723 0.580682 -0.000822326 0.00110119 0.00171688 0.00126966 0.456185 0.000604066 0.279431 0.00058431 
5 0.75 46750000 6.60033 0.00976772 -2.19736 0.00416705 8.05826 0.0196823 136.723 0.580682 -0.000822326 0.00110028 0.00171688 0.00126494 0.456185 0.000604066 0.279431 0.000583228 
5 0.75 47000000 6.60033 0.00976772 -2.19736 0.0041816 8.05826 0.0197486 136.723 0.580682 -0.000822326 0.00109776 0.00171688 0.00126225 0.456185 0.000604584 0.279431 0.000584317 
5 0.75 47250000 6.60033 0.00976772 -2.19736 0.00416645 8.05826 0.0196894 136.723 0.580682 -0.000822326 0.00109498 0.00171688 0.0012587 0.456185 0.00060285 0.279431 0.000582867 
5 0.75 47500000 6.60033 0.00976772 -2.19736 0.00414671 8.05826 0.0195967 136.723 0.580682 -0.000822326 0.00109014 0.00171688 0.00125745 0.456185 0.000600153 0.279431 0.000579845 
5 0.75 47750000 6.60033 0.00976772 -2.19736 0.00413145 8.05826 0.019577 136.723 0.580682 -0.000822326 0.00108804 0.00171688 0.00125495 0.456185 0.000598406 0.279431 0.000578847 
5 0.75 48000000 6.60033 0.00976772 -2.19736 0.00411673 8.05826 0.019577 136.723 0.580682 -0.000822326 0.00108762 0.00171688 0.0012522 0.456185 0.000596592 0.279431 0.000576975 
5 0.75 48250000 6.60033 0.00976772 -2.19736 0.00411353 8.05826 0.019577 136.723 0.580682 -0.000822326 0.00108241 0.00171688 0.00124559 0.456185 0.000594966 0.279431 0.000575793 
5 0.75 48500000 6.60033 0.00976772 -2.19736 0.00410182 8.05826 0.019577 136.723 0.580682 -0.000822326 0.00108127 0.00171688 0.00124069 0.456185 0.000594666 0.279431 0.000575648 
5 0.75 48750000 6.60033 0.00976772 -2.19736 0.00408403 8.05826 0.019577 136.723 0.580682 -0.000822326 0.00107957 0.00171688 0.00123928 0.456185 0.000592057 0.279431 0.000572951 
5 0.75 49000000 6.60033 0.00976772 -2.19736 0.0040722 8.05826 0.019577 136.723 0.580682 -0.000822326 0.0010766 0.00171688 0.00123337 0.456185 0.000589916 0.279431 0.000571337 
5 0.75 49250000 6.60226 0.00841767 -2.19619 0.00405539 8.05268 0.0193023 136.641 0.551618 -0.000867981 0.00107227 0.00154875 0.00123534 0.456053 0.00058725 0.279312 0.000568794 
5 0.75 49500000 6.60226 0.00841767 -2.19619 0.00404172 8.05268 0.0192135 136.641 0.549092 -0.000867981 0.00106937 0.00154875 0.00122917 0.456053 0.000585059 0.279312 0.000566342 
5 0.75 49750000 6.60226 0.00841767 -2.19619 0.00403077 8.05268 0.0191481 136.641 0.546305 -0.000867981 0.00106714 0.00154875 0.0012265 0.456053 0.000583468 0.279312 0.000564611 
5 0.75 50000000 6.60226 0.00841767 -2.19619 0.00401347 8.05268 0.0190589 136.641 0.543811 -0.000867981 0.00106319 0.00154875 0.0012244 0.456053 0.000580905 0.279312 0.000562291 
5 0.75 50250000 6.60226 0.00841767 -2.19619 0.00400375 8.05268 0.0189943 136.641 0.541457 -0.000867981 0.00106111 0.00154875 0.00121911 0.456053 0.000579819 0.279312 0.000560923 
5 0.75 50500000 6.60226 0.00841767 -2.19619 0.00399889 8.05268 0.0189376 136.641 0.539042 -0.000867981 0.00105712 0.00154875 0.00121488 0.456053 0.000578389 0.279312 0.000559098 
5 0.75 50750000 6.60226 0.00841767 -2.19619 0.00398043 8.05268 0.018845 136.641 0.538018 -0.000867981 0.00105442 0.00154875 0.00120994 0.456053 0.000575851 0.279312 0.000556639 
5 0.75 51000000 6.60226 0.00841767 -2.19619 0.00396086 8.05268 0.0187753 136.641 0.538018 -0.000867981 0.00105352 0.00154875 0.00120686 0.456053 0.000573289 0.279312 0.000554196 
5 0.75 51250000 6.60226 0.00841767 -2.19619 0.00394811 8.05268 0.018729 136.641 0.538018 -0.000867981 0.00104942 0.00154875 0.00120238 0.456053 0.000572066 0.279312 0.000553475 
5 0.75 51500000 6.60226 0.00841767 -2.19619 0.00393341 8.05268 0.018724 136.641 0.538018 -0.000867981 0.00104608 0.00154875 0.00119772 0.456053 0.00057101 0.279312 0.000552179 
5 0.75 51750000 6.60226 0.00841767 -2.19619 0.00392056 8.05268 0.018724 136.641 0.538018 -0.000867981 0.00104612 0.00154875 0.00119316 0.456053 0.000570337 0.279312 0.00055079 
5 0.75 52000000 6.60226 0.00841767 -2.19619 0.00392276 8.05268 0.018724 136.641 0.538018 -0.000867981 0.00104476 0.00154875 0.00118781 0.456053 0.000570821 0.279312 0.000552435 
5 0.75 52250000 6.60226 0.00841767 -2.19619 0.00390964 8.05268 0.018724 136.641 0.538018 -0.000867981 0.00104136 0.00154875 0.00118449 0.456053 0.000569025 0.279312 0.000550728 
5 0.75 52500000 6.60226 0.00841767 -2.19619 0.00390076 8.05268 0.018724 136.641 0.538018 -0.000867981 0.00103921 0.00154875 0.00118159 0.456053 0.000567293 0.279312 0.00054893 
5 0.75 52750000 6.60226 0.00841767 -2.19619 0.00390041 8.05268 0.018724 136.641 0.538018 -0.000867981 0.00103486 0.00154875 0.00117964 0.456053 0.00056681 0.279312 0.000548505 
5 0.75 53000000 6.60226 0.00841767 -2.19619 0.00388552 8.05268 0.018724 136.641 0.538018 -0.000867981 0.00103245 0.00154875 0.00117432 0.456053 0.000565022 0.279312 0.000546408 
5 0.75 53250000 6.60226 0.00841767 -2.19619 0.00386845 8.05268 0.018724 136.641 0.538018 -0.000867981 0.00103036 0.00154875 0.00117574 0.456053 0.000562623 0.279312 0.000544021 
5 0.75 53500000 6.60398 0.00841767 -2.19506 0.00385743 8.04608 0.018411 136.4 0.548146 -0.000986719 0.0010265 0.000853459 0.00117396 0.455919 0.000561116 0.279168 0.000542667 
5 0.75 53750000 6.60398 0.00841767 -2.19506 0.00385447 8.04608 0.018411 136.4 0.548146 -0.000986719 0.00102652 0.000853459 0.00116917 0.455919 0.000561013 0.279168 0.000542352 
5 0.75 54000000 6.60398 0.00841767 -2.19506 0.00385425 8.04608 0.018411 136.4 0.548146 -0.000986719 0.00102482 0.000853459 0.00116736 0.455919 0.000561155 0.279168 0.000541931 
5 0.75 54250000 6.60398 0.00841767 -2.19506 0.00384194 8.04608 0.018411 136.4 0.548146 -0.000986719 0.00102369 0.000853459 0.00116711 0.455919 0.000559691 0.279168 0.000540043 
5 0.75 54500000 6.60398 0.00841767 -2.19506 0.00383584 8.04608 0.018411 136.4 0.548146 -0.000986719 0.00102104 0.000853459 0.00116413 0.455919 0.000557766 0.279168 0.000538135 
5 0.75 54750000 6.60398 0.00841767 -2.19506 0.00381971 8.04608 0.018411 136.4 0.548146 -0.000986719 0.0010214 0.000853459 0.00116065 0.455919 0.000556018 0.279168 0.00053633 
5 0.75 55000000 6.60398 0.00841767 -2.19506 0.00380735 8.04608 0.018411 136.4 0.548146 -0.000986719 0.00101825 0.000853459 0.001158 0.455919 0.00055437 0.279168 0.00053463 
5 0.75 55250000 6.60398 0.00841767 -2.19506 0.00380551 8.04608 0.018411 136.4 0.548146 -0.000986719 0.00101841 0.000853459 0.00115482 0.455919 0.000553976 0.279168 0.000534038 
5 0.75 55500000 6.60398 0.00841767 -2.19506 0.00379709 8.04608 0.018411 136.4 0.548146 -0.000986719 0.00101493 0.000853459 0.00115416 0.455919 0.000552709 0.279168 0.00053357 
5 0.75 55750000 6.60398 0.00841767 -2.19506 0.00380631 8.04608 0.018411 136.4 0.548146 -0.000986719 0.0010151 0.000853459 0.0011489 0.455919 0.000553072 0.279168 0.000534028 
5 0.75 56000000 6.60398 0.00841767 -2.19506 0.00382642 8.04608 0.018411 136.4 0.548146 -0.000986719 0.00101195 0.000853459 0.00114544 0.455919 0.000552734 0.279168 0.000534095 
5 0.75 56250000 6.60398 0.00841767 -2.19506 0.00381206 8.04608 0.018411 136.4 0.548146 -0.000986719 0.00100989 0.000853459 0.00114058 0.455919 0.000550347 0.279168 0.000531918 
5 0.75 56500000 6.60398 0.00841767 -2.19506 0.00379549 8.04608 0.018411 136.4 0.548146 -0.000986719 0.00100684 0.000853459 0.00113708 0.455919 0.000550439 0.279168 0.000531836 
5 0.75 56750000 6.60398 0.00841767 -2.19506 0.00378562 8.04608 0.018411 136.4 0.548146 -0.000986719 0.00100417 0.000853459 0.00113356 0.455919 0.00054934 0.279168 0.000530734 
5 0.75 57000000 6.60398 0.00841767 -2.19506 0.00377511 8.04608 0.018411 136.4 0.548146 -0.000986719 0.00100242 0.000853459 0.00113116 0.455919 0.000548213 0.279168 0.000529734 
5 0.75 57250000 6.60398 0.00841767 -2.19506 0.00377196 8.04608 0.018411 136.4 0.548146 -0.000986719 0.000998757 0.000853459 0.00112645 0.455919 0.000546904 0.279168 0.000528946 
5 0.75 57500000 6.60564 0.00786406 -2.19359 0.00375803 8.04009 0.0180443 136.324 0.514138 -0.0007284 0.000994552 0.000760934 0.00112395 0.455735 0.000545571 0.279003 0.000527286 
5 0.75 57750000 6.60564 0.00786406 -2.19359 0.0037477 8.04009 0.0180443 136.324 0.514138 -0.0007284 0.000993953 0.000760934 0.00112242 0.455735 0.00054385 0.279003 0.000525551 
5 0.75 58000000 6.60564 0.00786406 -2.19359 0.00373897 8.04009 0.0180443 136.324 0.514138 -0.0007284 0.000994816 0.000760934 0.00111864 0.455735 0.000542312 0.279003 0.00052421 
5 0.75 58250000 6.60564 0.00786406 -2.19359 0.00374126 8.04009 0.0180443 136.324 0.514138 -0.0007284 0.000991178 0.000760934 0.00111472 0.455735 0.000540182 0.279003 0.000522295 
5 0.75 58500000 6.60564 0.00831967 -2.19359 0.00372503 8.04009 0.0180443 136.324 0.514138 -0.0007284 0.000987067 0.000760934 0.00111027 0.455735 0.000538641 0.279003 0.00052054 
5 0.75 58750000 6.60564 0.00831967 -2.19359 0.00371211 8.04009 0.0180443 136.324 0.514138 -0.0007284 0.000984173 0.000760934 0.00110997 0.455735 0.000536465 0.279003 0.000518448 
5 0.75 59000000 6.60564 0.00831967 -2.19359 0.00370464 8.04009 0.0180443 136.324 0.514138 -0.0007284 0.000981965 0.000760934 0.00110685 0.455735 0.000535666 0.279003 0.000517869 
5 0.75 59250000 6.60564 0.00831967 -2.19359 0.00371705 8.04009 0.0180443 136.324 0.514138 -0.0007284 0.000979664 0.000760934 0.00110247 0.455735 0.000534199 0.279003 0.000516507 
5 0.75 59500000 6.60564 0.00821069 -2.19359 0.00370103 8.04009 0.0180443 136.324 0.514138 -0.0007284 0.00097811 0.000760934 0.00110195 0.455735 0.000532468 0.279003 0.000514715 
5 0.75 59750000 6.60564 0.00821069 -2.19359 0.00368553 8.04009 0.0180443 136.324 0.514138 -0.0007284 0.000974415 0.000760934 0.00109732 0.455735 0.000530557 0.279003 0.000512785 
5 0.75 60000000 6.60564 0.00821069 -2.19359 0.00367012 8.04009 0.0180443 136.324 0.514138 -0.0007284 0.000971783 0.000760934 0.00109541 0.455735 0.000528479 0.279003 0.000510788 
5 0.75 60250000 6.60564 0.00821069 -2.19359 0.00366878 8.04009 0.0180443 136.324 0.514138 -0.0007284 0.000969273 0.000760934 0.00110253 0.455735 0.000528775 0.279003 0.000510747 
5 0.75 60500000 6.60564 0.00807566 -2.19359 0.00366393 8.04009 0.0180443 136.324 0.514138 -0.0007284 0.000969694 0.000760934 0.00110361 0.455735 0.000527119 0.279003 0.000509195 
5 0.75 60750000 6.60564 0.00807566 -2.19359 0.00364852 8.04009 0.0180443 136.324 0.514138 -0.0007284 0.000966748 0.000760934 0.00110132 0.455735 0.000526413 0.279003 0.000508371 
5 0.75 61000000 6.60564 0.00807566 -2.19359 0.00363499 8.04009 0.0180443 136.324 0.514138 -0.0007284 0.000963501 0.000760934 0.00109776 0.455735 0.000525051 0.279003 0.000506716 
5 0.75 61250000 6.60564 0.00807566 -2.19359 0.0036344 8.04009 0.0180443 136.324 0.514138 -0.0007284 0.000962853 0.000760934 0.00109503 0.455735 0.000523076 0.279003 0.000504817 
5 0.75 61500000 6.60772 0.00802567 -2.19411 0.00361691 8.04192 0.0169341 136.301 0.481221 -0.000706279 0.000962157 0.000533749 0.00109091 0.455712 0.000523107 0.278989 0.000504731 
5 0.75 61750000 6.60772 0.00802567 -2.19411 0.00360463 8.04192 0.0169341 136.301 0.480413 -0.000706279 0.000959227 0.000533749 0.00109295 0.455712 0.000521391 0.278989 0.000502948 
5 0.75 62000000 6.60772 0.00802567 -2.19411 0.0035898 8.04192 0.0169341 136.301 0.480413 -0.000706279 0.000957329 0.000533749 0.00109363 0.455712 0.000519616 0.278989 0.000500983 
5 0.75 62250000 6.60772 0.00802567 -2.19411 0.00360587 8.04192 0.0169341 136.301 0.480413 -0.000706279 0.000956492 0.000533749 0.00108919 0.455712 0.000518821 0.278989 0.000501187 
5 0.75 62500000 6.60772 0.00793441 -2.19411 0.0035915 8.04192 0.0169341 136.301 0.480413 -0.000706279 0.000955783 0.000533749 0.00108901 0.455712 0.000517523 0.278989 0.000499772 
5 0.75 62750000 6.60772 0.00793441 -2.19411 0.0035798 8.04192 0.0169341 136.301 0.480413 -0.000706279 0.000953652 0.000533749 0.00108501 0.455712 0.000515618 0.278989 0.000498069 
5 0.75 63000000 6.60772 0.00793441 -2.19411 0.0035798 8.04192 0.0169341 136.301 0.480413 -0.000706279 0.000951708 0.000533749 0.00108446 0.455712 0.000514497 0.278989 0.000497104 
5 0.75 63250000 6.60772 0.00793441 -2.19411 0.00357401 8.04192 0.0169341 136.301 0.480413 -0.000706279 0.000948243 0.000533749 0.00108027 0.455712 0.000513153 0.278989 0.000495611 
5 0.75 63500000 6.60772 0.00793441 -2.19411 0.00356442 8.04192 0.0169341 136.301 0.480413 -0.000706279 0.000946567 0.000533749 0.00107602 0.455712 0.000511249 0.278989 0.000493971 
5 0.75 63750000 6.60772 0.00786406 -2.19411 0.00355225 8.04192 0.0169341 136.301 0.480413 -0.000706279 0.000944008 0.000533749 0.00107331 0.455712 0.000510559 0.278989 0.000493151 
5 0.75 64000000 6.60772 0.00786406 -2.19411 0.00354544 8.04192 0.0169341 136.301 0.480413 -0.000706279 0.000941467 0.000533749 0.00107066 0.455712 0.000509591 0.278989 0.000492347 
5 0.75 64250000 6.60772 0.00786406 -2.19411 0.00353127 8.04192 0.0169341 136.301 0.480413 -0.000706279 0.000929575 0.000533749 0.00106666 0.455712 0.00050468 0.278989 0.000479399 
5 0.75 64500000 6.60772 0.00786406 -2.19411 0.00356239 8.04192 0.0169341 136.301 0.480413 -0.000706279 0.000926439 0.000533749 0.00106377 0.455712 0.000505834 0.278989 0.000478473 
5 0.75 64750000 6.60772 0.00786406 -2.19411 0.00355099 8.04192 0.0169341 136.301 0.480413 -0.000706279 0.000924819 0.000533749 0.0010602 0.455712 0.000504269 0.278989 0.000477143 
5 0.75 65000000 6.60772 0.00786406 -2.19411 0.0035377 8.04192 0.0169341 136.301 0.480413 -0.000706279 0.000923313 0.000533749 0.0010585 0.455712 0.000503619 0.278989 0.000478227 
5 0.75 65250000 6.60772 0.00786406 -2.19411 0.00352415 8.04192 0.0169341 136.301 0.480413 -0.000706279 0.000922637 0.000533749 0.00105875 0.455712 0.000501812 0.278989 0.000477028 
5 0.75 65500000 6.60772 0.00786406 -2.19411 0.00351089 8.04192 0.0169341 136.301 0.480413 -0.000706279 0.000921048 0.000533749 0.00105627 0.455712 0.000500096 0.278989 0.00047536 
5 0.75 65750000 6.60582 0.0076044 -2.19372 0.00350053 8.04196 0.0159399 136.387 0.458089 -0.000301343 0.000918615 0.000415409 0.00105719 0.455737 0.000498142 0.279045 0.000474211 
5 0.75 66000000 6.60582 0.0076044 -2.19372 0.00349912 8.04196 0.0158789 136.387 0.458089 -0.000301343 0.000916068 0.000415409 0.00105333 0.455737 0.000496884 0.279045 0.000472737 
5 0.75 66250000 6.60582 0.0076044 -2.19372 0.00349148 8.04196 0.0158757 136.387 0.458089 -0.000301343 0.000912554 0.000415409 0.00105084 0.455737 0.000496671 0.279045 0.000471408 
5 0.75 66500000 6.60582 0.0076044 -2.19372 0.00347964 8.04196 0.0158757 136.387 0.458089 -0.000301343 0.000912994 0.000415409 0.00104909 0.455737 0.000494794 0.279045 0.000470176 
5 0.75 66750000 6.60582 0.00750469 -2.19372 0.00346661 8.04196 0.0158757 136.387 0.458089 -0.000301343 0.000911084 0.000415409 0.00104544 0.455737 0.000493062 0.279045 0.000468438 
5 0.75 67000000 6.60582 0.00750469 -2.19372 0.00345363 8.04196 0.0158757 136.387 0.458089 -0.000301343 0.0009124 0.000415409 0.00104217 0.455737 0.000491188 0.279045 0.000467204 
5 0.75 67250000 6.60582 0.00750469 -2.19372 0.0034733 8.04196 0.0158757 136.387 0.458089 -0.000301343 0.000909275 0.000415409 0.0010386 0.455737 0.000495558 0.279045 0.000467149 
5 0.75 67500000 6.60582 0.00750469 -2.19372 0.00346073 8.04196 0.0158757 136.387 0.458089 -0.000301343 0.0009074 0.000415409 0.00103489 0.455737 0.000493704 0.279045 0.000465681 
5 0.75 67750000 6.60582 0.00739213 -2.19372 0.00344971 8.04196 0.0158757 136.387 0.458089 -0.000301343 0.000904441 0.000415409 0.00103154 0.455737 0.000492049 0.279045 0.000465852 
5 0.75 68000000 6.60582 0.00739213 -2.19372 0.00343671 8.04196 0.0158757 136.387 0.458089 -0.000301343 0.000901705 0.000415409 0.00102773 0.455737 0.000491342 0.279045 0.000467008 
5 0.75 68250000 6.60582 0.00739213 -2.19372 0.00348838 8.04196 0.0158757 136.387 0.458089 -0.000301343 0.000899095 0.000415409 0.00102439 0.455737 0.000497278 0.279045 0.000466511 
5 0.75 68500000 6.60582 0.00739213 -2.19372 0.00347881 8.04196 0.0158757 136.387 0.458089 -0.000301343 0.000897959 0.000415409 0.00102335 0.455737 0.000497278 0.279045 0.000465827 
5 0.75 68750000 6.60582 0.00732397 -2.19372 0.00346736 8.04196 0.0158757 136.387 0.458089 -0.000301343 0.000894664 0.000415409 0.00101979 0.455737 0.000494055 0.279045 0.000464243 
5 0.75 69000000 6.60582 0.00732397 -2.19372 0.00345452 8.04196 0.0158757 136.387 0.458089 -0.000301343 0.000894253 0.000415409 0.00101708 0.455737 0.000493772 0.279045 0.000462948 
5 0.75 69250000 6.60582 0.00732397 -2.19372 0.0034464 8.04196 0.0158757 136.387 0.458089 -0.000301343 0.000891904 0.000415409 0.00101467 0.455737 0.000491384 0.279045 0.000461631 
5 0.75 69500000 6.60582 0.00732397 -2.19372 0.0034339 8.04196 0.0158757 136.387 0.458089 -0.000301343 0.000888635 0.000415409 0.00101107 0.455737 0.000490907 0.279045 0.000460237 
5 0.75 69750000 6.60591 0.00723306 -2.19313 0.00343089 8.04078 0.0154991 136.417 0.439072 -0.000309458 0.000886828 0.000419281 0.00100738 0.45566 0.000489957 0.278992 0.000460245 
5 0.75 70000000 6.60591 0.00723306 -2.19313 0.00343517 8.04078 0.0155197 136.417 0.437963 -0.000309458 0.00088751 0.000419281 0.00100614 0.45566 0.000491308 0.278992 0.000460682 
5 0.75 70250000 6.60591 0.00723306 -2.19313 0.00342353 8.04078 0.0154939 136.417 0.437477 -0.000309458 0.000884311 0.000419281 0.00100369 0.45566 0.000489532 0.278992 0.000459921 
5 0.75 70500000 6.60591 0.00723306 -2.19313 0.00341829 8.04078 0.0154712 136.417 0.437946 -0.000309458 0.00088247 0.000419281 0.00100144 0.45566 0.000488316 0.278992 0.000458561 
5 0.75 70750000 6.60591 0.00723122 -2.19313 0.00340811 8.04078 0.0154399 136.417 0.437 -0.000309458 0.000880564 0.000419281 0.000998594 0.45566 0.000486794 0.278992 0.000457086 
5 0.75 71000000 6.60591 0.00723122 -2.19313 0.00339717 8.04078 0.0153877 136.417 0.43645 -0.000309458 0.000877796 0.000419281 0.00100358 0.45566 0.00048578 0.278992 0.000456364 
5 0.75 71250000 6.60591 0.00723122 -2.19313 0.00338585 8.04078 0.0154216 136.417 0.438901 -0.000309458 0.000878246 0.000419281 0.00100001 0.45566 0.000483713 0.278992 0.000457983 
5 0.75 71500000 6.60591 0.00723122 -2.19313 0.00337477 8.04078 0.0153733 136.417 0.437489 -0.000309458 0.000875328 0.000419281 0.000997583 0.45566 0.000482498 0.278992 0.000456863 
5 0.75 71750000 6.60591 0.00715609 -2.19313 0.00336298 8.04078 0.015336 136.417 0.436818 -0.000309458 0.000874048 0.000419281 0.000994568 0.45566 0.000481497 0.278992 0.000455828 
5 0.75 72000000 6.60591 0.00715609 -2.19313 0.003353 8.04078 0.0153231 136.417 0.436434 -0.000309458 0.000874769 0.000419281 0.000991923 0.45566 0.000480415 0.278992 0.0004549 
5 0.75 72250000 6.60591 0.00715609 -2.19313 0.00334733 8.04078 0.01527 136.417 0.435302 -0.000309458 0.000874336 0.000419281 0.000991878 0.45566 0.000479348 0.278992 0.000453341 
5 0.75 72500000 6.60591 0.00715609 -2.19313 0.00333674 8.04078 0.0152226 136.417 0.434077 -0.000309458 0.000871957 0.000419281 0.000988504 0.45566 0.0004779 0.278992 0.000452054 
5 0.75 72750000 6.60591 0.00708651 -2.19313 0.00332952 8.04078 0.0152049 136.417 0.434127 -0.000309458 0.000869092 0.000419281 0.000987187 0.45566 0.000476502 0.278992 0.000450991 
5 0.75 73000000 6.60591 0.00708651 -2.19313 0.00331923 8.04078 0.0151686 136.417 0.433145 -0.000309458 0.000867658 0.000419281 0.000983802 0.45566 0.000475063 0.278992 0.000449653 
5 0.75 73250000 6.60591 0.00708651 -2.19313 0.00332093 8.04078 0.0151414 136.417 0.432131 -0.000309458 0.000865508 0.000419281 0.000981691 0.45566 0.00047653 0.278992 0.000450167 
5 0.75 73500000 6.60591 0.00708651 -2.19313 0.00331903 8.04078 0.0151192 136.417 0.432105 -0.000309458 0.000868345 0.000419281 0.000978481 0.45566 0.00047595 0.278992 0.00044966 
5 0.75 73750000 6.60591 0.00708651 -2.19313 0.00331903 8.04078 0.0151242 136.417 0.432528 -0.000309458 0.000866836 0.000419281 0.000977049 0.45566 0.00047595 0.278992 0.000448996 
5 0.75 74000000 6.60789 0.00700938 -2.19283 0.00331172 8.03683 0.0150881 136.263 0.434397 -0.000340544 0.000865161 -2.10616e-05 0.000980041 0.455616 0.000474299 0.278897 0.000447774 
5 0.75 74250000 6.60789 0.00700938 -2.19283 0.00330732 8.03683 0.015056 136.263 0.434397 -0.000340544 0.000862983 -2.10616e-05 0.000979867 0.455616 0.000473167 0.278897 0.000446355 
5 0.75 74500000 6.60789 0.00700938 -2.19283 0.0032978 8.03683 0.015021 136.263 0.434397 -0.000340544 0.000860691 -2.10616e-05 0.000977785 0.455616 0.000471536 0.278897 0.000445177 
5 0.75 74750000 6.60789 0.00700938 -2.19283 0.00328677 8.03683 0.0149736 136.263 0.434397 -0.000340544 0.000858103 -2.10616e-05 0.000974539 0.455616 0.000469972 0.278897 0.000443777 
5 0.75 75000000 6.60789 0.00699064 -2.19283 0.00327551 8.03683 0.0149406 136.263 0.434397 -0.000340544 0.000857847 -2.10616e-05 0.000971352 0.455616 0.000468375 0.278897 0.00044312 
5 0.75 75250000 6.60789 0.00699064 -2.19283 0.00326768 8.03683 0.0149878 136.263 0.434397 -0.000340544 0.000856768 -2.10616e-05 0.000968724 0.455616 0.000467661 0.278897 0.000443878 
5 0.75 75500000 6.60789 0.00699064 -2.19283 0.00327616 8.03683 0.0149456 136.263 0.434397 -0.000340544 0.000856389 -2.10616e-05 0.00096761 0.455616 0.000466977 0.278897 0.000442446 
5 0.75 75750000 6.60789 0.00699064 -2.19283 0.00326507 8.03683 0.0149134 136.263 0.434397 -0.000340544 0.000854292 -2.10616e-05 0.00096461 0.455616 0.00046541 0.278897 0.000441227 
5 0.75 76000000 6.60789 0.00689618 -2.19283 0.00325486 8.03683 0.0148919 136.263 0.434397 -0.000340544 0.000851821 -2.10616e-05 0.000962499 0.455616 0.000463977 0.278897 0.000440459 
5 0.75 76250000 6.60789 0.00689618 -2.19283 0.00324667 8.03683 0.0148631 136.263 0.434397 -0.000340544 0.000849737 -2.10616e-05 0.000963916 0.455616 0.00046353 0.278897 0.000440017 
5 0.75 76500000 6.60789 0.00689618 -2.19283 0.00323633 8.03683 0.0148306 136.263 0.434397 -0.000340544 0.000849195 -2.10616e-05 0.000961728 0.455616 0.000463031 0.278897 0.000439351 
5 0.75 76750000 6.60789 0.00689618 -2.19283 0.00322699 8.03683 0.0148023 136.263 0.434397 -0.000340544 0.000847487 -2.10616e-05 0.000959393 0.455616 0.000462373 0.278897 0.00043875 
5 0.75 77000000 6.60789 0.00681561 -2.19283 0.00322023 8.03683 0.0148073 136.263 0.434397 -0.000340544 0.00084618 -2.10616e-05 0.000956371 0.455616 0.000461957 0.278897 0.000438411 
5 0.75 77250000 6.60789 0.00681561 -2.19283 0.00321442 8.03683 0.0147648 136.263 0.434397 -0.000340544 0.000843865 -2.10616e-05 0.000953727 0.455616 0.000460906 0.278897 0.000437256 
5 0.75 77500000 6.60789 0.00681561 -2.19283 0.00320579 8.03683 0.0147315 136.263 0.434397 -0.000340544 0.000841218 -2.10616e-05 0.000951471 0.455616 0.000460854 0.278897 0.00043739 
5 0.75 77750000 6.60789 0.00681561 -2.19283 0.00320921 8.03683 0.0147011 136.263 0.434397 -0.000340544 0.000839417 -2.10616e-05 0.000949692 0.455616 0.00046051 0.278897 0.000437294 
5 0.75 78000000 6.60888 0.00674115 -2.19295 0.00321646 8.03583 0.0146951 136.204 0.419602 -0.000418193 0.00083764 1.00092e-05 0.000952121 0.455603 0.000465266 0.278873 0.000437575 
5 0.75 78250000 6.60888 0.00674115 -2.19295 0.00320609 8.03583 0.0146912 136.204 0.418714 -0.000418193 0.000835126 1.00092e-05 0.000949993 0.455603 0.000465266 0.278873 0.000437365 
5 0.75 78500000 6.60888 0.00674115 -2.19295 0.00320743 8.03583 0.0146542 136.204 0.41817 -0.000418193 0.000835708 1.00092e-05 0.000951185 0.455603 0.000463461 0.278873 0.000436032 
5 0.75 78750000 6.60888 0.00674115 -2.19295 0.00319765 8.03583 0.0146115 136.204 0.417014 -0.000418193 0.000833664 1.00092e-05 0.000950025 0.455603 0.000463461 0.278873 0.000434798 
5 0.75 79000000 6.60888 0.00682322 -2.19295 0.0031894 8.03583 0.0145971 136.204 0.416951 -0.000418193 0.000832312 1.00092e-05 0.00094923 0.455603 0.000461283 0.278873 0.000434259 
5 0.75 79250000 6.60888 0.00682322 -2.19295 0.00321338 8.03583 0.0146173 136.204 0.416735 -0.000418193 0.000830291 1.00092e-05 0.000946682 0.455603 0.000461283 0.278873 0.000433512 
5 0.75 79500000 6.60888 0.00682322 -2.19295 0.00324322 8.03583 0.0145903 136.204 0.416327 -0.000418193 0.000827947 1.00092e-05 0.000944128 0.455603 0.000463254 0.278873 0.00043391 
5 0.75 79750000 6.60888 0.00682322 -2.19295 0.00324322 8.03583 0.0146679 136.204 0.418147 -0.000418193 0.000827675 1.00092e-05 0.00094341 0.455603 0.000463254 0.278873 0.000435323 
5 0.75 80000000 6.60888 0.00676923 -2.19295 0.00324371 8.03583 0.014637 136.204 0.417308 -0.000418193 0.00082572 1.00092e-05 0.000940507 0.455603 0.000461798 0.278873 0.000434218 
5 0.75 80250000 6.60888 0.00676923 -2.19295 0.00324371 8.03583 0.0145912 136.204 0.416001 -0.000418193 0.000823483 1.00092e-05 0.00093806 0.455603 0.000461798 0.278873 0.000433575 
5 0.75 80500000 6.60888 0.00676923 -2.19295 0.00322336 8.03583 0.0145474 136.204 0.415564 -0.000418193 0.00082148 1.00092e-05 0.000936636 0.455603 0.000459039 0.278873 0.000432278 
5 0.75 80750000 6.60888 0.00676923 -2.19295 0.00322336 8.03583 0.0145125 136.204 0.415564 -0.000418193 0.000821913 1.00092e-05 0.000934362 0.455603 0.000459039 0.278873 0.000430945 
5 0.75 81000000 6.60888 0.00668448 -2.19295 0.00321043 8.03583 0.0144703 136.204 0.415564 -0.000418193 0.000820055 1.00092e-05 0.000931664 0.455603 0.000456134 0.278873 0.000429826 
5 0.75 81250000 6.60888 0.00668448 -2.19295 0.00321043 8.03583 0.0144399 136.204 0.415564 -0.000418193 0.000818105 1.00092e-05 0.000931664 0.455603 0.000456134 0.278873 0.000429161 
5 0.75 81500000 6.60888 0.00668448 -2.19295 0.00319098 8.03583 0.0144636 136.204 0.415564 -0.000418193 0.000816241 1.00092e-05 0.000931664 0.455603 0.000453508 0.278873 0.000430106 
5 0.75 81750000 6.60888 0.00668448 -2.19295 0.00319098 8.03583 0.0144713 136.204 0.415564 -0.000418193 0.000814121 1.00092e-05 0.000931664 0.455603 0.000453508 0.278873 0.000430871 
5 0.75 82000000 6.60626 0.00680547 -2.19236 0.003224 8.03732 0.0145334 136.287 0.420141 -0.000266008 0.000813455 0.000347402 0.000922755 0.455587 0.000457688 0.278902 0.000431783 
5 0.75 82250000 6.60626 0.00680547 -2.19236 0.003224 8.03732 0.0144912 136.287 0.420141 -0.000266008 0.000811337 0.000347402 0.000920295 0.455587 0.000457688 0.278902 0.000431783 
5 0.75 82500000 6.60626 0.00680547 -2.19236 0.00322567 8.03732 0.0145116 136.287 0.420141 -0.000266008 0.000811571 0.000347402 0.000918312 0.455587 0.000458329 0.278902 0.000431631 
5 0.75 82750000 6.60626 0.00680547 -2.19236 0.00322567 8.03732 0.0144788 136.287 0.420141 -0.000266008 0.000812471 0.000347402 0.000916504 0.455587 0.000458329 0.278902 0.000431631 
5 0.75 83000000 6.60626 0.00675644 -2.19236 0.00320607 8.03732 0.0144441 136.287 0.41801 -0.000266008 0.000810322 0.000347402 0.000914285 0.455587 0.000455615 0.278902 0.000428984 
5 0.75 83250000 6.60626 0.00675644 -2.19236 0.00320607 8.03732 0.0144034 136.287 0.41801 -0.000266008 0.000808549 0.000347402 0.000914761 0.455587 0.000455615 0.278902 0.000428984 
5 0.75 83500000 6.60626 0.00675644 -2.19236 0.00318916 8.03732 0.0143826 136.287 0.41801 -0.000266008 0.000808058 0.000347402 0.000913375 0.455587 0.000453701 0.278902 0.000426666 
5 0.75 83750000 6.60626 0.00675644 -2.19236 0.00318916 8.03732 0.0143448 136.287 0.41801 -0.000266008 0.000806649 0.000347402 0.000911401 0.455587 0.000453701 0.278902 0.000426666 
5 0.75 84000000 6.60626 0.00667545 -2.19236 0.00317661 8.03732 0.014308 136.287 0.41296 -0.000266008 0.000806074 0.000347402 0.000909226 0.455587 0.00045237 0.278902 0.000425038 
5 0.75 84250000 6.60626 0.00667545 -2.19236 0.00317661 8.03732 0.0142805 136.287 0.41296 -0.000266008 0.000807093 0.000347402 0.000908442 0.455587 0.00045237 0.278902 0.000425038 
5 0.75 84500000 6.60626 0.00667545 -2.19236 0.00317661 8.03732 0.0142612 136.287 0.41296 -0.000266008 0.000805894 0.000347402 0.000908442 0.455587 0.00045237 0.278902 0.000425038 
5 0.75 84750000 6.60626 0.00667545 -2.19236 0.00315787 8.03732 0.0142199 136.287 0.41296 -0.000266008 0.000804476 0.000347402 0.000908442 0.455587 0.000450284 0.278902 0.000423253 
5 0.75 85000000 6.60626 0.00667545 -2.19236 0.00315787 8.03732 0.0141973 136.287 0.41296 -0.000266008 0.000802145 0.000347402 0.000908442 0.455587 0.000450284 0.278902 0.000423253 
5 0.75 85250000 6.60626 0.00670615 -2.19236 0.00314178 8.03732 0.0141729 136.287 0.412165 -0.000266008 0.00080133 0.000347402 0.000908442 0.455587 0.00044774 0.278902 0.000421356 
5 0.75 85500000 6.60626 0.00670615 -2.19236 0.00314178 8.03732 0.0141367 136.287 0.412165 -0.000266008 0.000800056 0.000347402 0.000908442 0.455587 0.00044774 0.278902 0.000421356 
5 0.75 85750000 6.60626 0.00670615 -2.19236 0.00312419 8.03732 0.0141775 136.287 0.412165 -0.000266008 0.000798038 0.000347402 0.000908442 0.455587 0.000445248 0.278902 0.00041992 
5 0.75 86000000 6.60626 0.00670615 -2.19236 0.00312419 8.03732 0.0141389 136.287 0.412165 -0.000266008 0.00079689 0.000347402 0.000908442 0.455587 0.000445248 0.278902 0.00041891 
5 0.75 86250000 6.60626 0.00662796 -2.19236 0.00312155 8.03732 0.0140973 136.287 0.409513 -0.000266008 0.000795787 0.000347402 0.000908442 0.455587 0.000443718 0.278902 0.000417893 
5 0.75 86500000 6.60626 0.00662796 -2.19236 0.00312155 8.03732 0.014123 136.287 0.409513 -0.000266008 0.000796649 0.000347402 0.000908442 0.455587 0.000443718 0.278902 0.000419173 
5 0.75 86750000 6.60626 0.00662796 -2.19236 0.00311291 8.03732 0.0140858 136.287 0.409513 -0.000266008 0.000795658 0.000347402 0.000908442 0.455587 0.000442332 0.278902 0.000418467 
5 0.75 87000000 6.60626 0.00662796 -2.19236 0.00311291 8.03732 0.0140774 136.287 0.409513 -0.000266008 0.000795479 0.000347402 0.000908442 0.455587 0.000442332 0.278902 0.000417571 
5 0.75 87250000 6.60626 0.00655281 -2.19236 0.00309526 8.03732 0.0140551 136.287 0.404697 -0.000266008 0.000793789 0.000347402 0.000908442 0.455587 0.000439919 0.278902 0.000416655 
5 0.75 87500000 6.60626 0.00655281 -2.19236 0.00309526 8.03732 0.0140418 136.287 0.404697 -0.000266008 0.000793734 0.000347402 0.000908442 0.455587 0.000439919 0.278902 0.000417084 
5 0.75 87750000 6.60626 0.00655281 -2.19236 0.00307716 8.03732 0.0140066 136.287 0.404697 -0.000266008 0.000794006 0.000347402 0.000908442 0.455587 0.000437349 0.278902 0.000416052 
5 0.75 88000000 6.60626 0.00655281 -2.19236 0.00307716 8.03732 0.0139765 136.287 0.404697 -0.000266008 0.000791807 0.000347402 0.000908442 0.455587 0.000437349 0.278902 0.000415436 
5 0.75 88250000 6.60626 0.00648269 -2.19236 0.00305944 8.03732 0.013939 136.287 0.400238 -0.000266008 0.000791068 0.000347402 0.000908442 0.455587 0.000434858 0.278902 0.000414364 
5 0.75 88500000 6.60626 0.00648269 -2.19236 0.00305944 8.03732 0.0139335 136.287 0.400238 -0.000266008 0.00079029 0.000347402 0.000908442 0.455587 0.000434858 0.278902 0.000413988 
5 0.75 88750000 6.60626 0.00648269 -2.19236 0.00304584 8.03732 0.013921 136.287 0.400238 -0.000266008 0.000788184 0.000347402 0.000908442 0.455587 0.000432986 0.278902 0.000413092 
5 0.75 89000000 6.60626 0.00648269 -2.19236 0.00304584 8.03732 0.0138939 136.287 0.400238 -0.000266008 0.000788059 0.000347402 0.000908442 0.455587 0.000432984 0.278902 0.000413027 
5 0.75 89250000 6.60626 0.00641242 -2.19236 0.00303353 8.03732 0.0139119 136.287 0.397947 -0.000266008 0.00078642 0.000347402 0.000908442 0.455587 0.000433244 0.278902 0.000412347 
5 0.75 89500000 6.60626 0.00641242 -2.19236 0.00303353 8.03732 0.0138765 136.287 0.397221 -0.000266008 0.000784616 0.000347402 0.000908442 0.455587 0.000433244 0.278902 0.000411189 
5 0.75 89750000 6.60626 0.00641242 -2.19236 0.00301948 8.03732 0.0138702 136.287 0.397221 -0.000266008 0.000783795 0.000347402 0.000908442 0.455587 0.000431036 0.278902 0.000411135 
5 0.75 90000000 6.60626 0.00641242 -2.19236 0.00301948 8.03732 0.0138383 136.287 0.397221 -0.000266008 0.000784446 0.000347402 0.000908442 0.455587 0.000431036 0.278902 0.000410219 
5 0.75 90250000 6.60572 0.00642661 -2.19175 0.00300235 8.03546 0.0138271 136.285 0.395499 -0.000185153 0.000783628 -0.000110047 0.000933956 0.455467 0.000430623 0.278809 0.000410189 
5 0.75 90500000 6.60572 0.00642661 -2.19175 0.00300235 8.03546 0.0138613 136.285 0.395994 -0.000185153 0.000781943 -0.000110047 0.000933956 0.455467 0.000429653 0.278809 0.000410623 
5 0.75 90750000 6.60572 0.00642661 -2.19175 0.00298551 8.03546 0.0138238 136.285 0.395499 -0.000185153 0.000780265 -0.000110047 0.000933956 0.455467 0.000428521 0.278809 0.000409531 
5 0.75 91000000 6.60572 0.00642661 -2.19175 0.00299317 8.03546 0.0138587 136.285 0.396205 -0.000185153 0.000778617 -0.000110047 0.000933956 0.455467 0.000429914 0.278809 0.000409907 
5 0.75 91250000 6.60572 0.00640861 -2.19175 0.00298952 8.03546 0.0138202 136.285 0.395164 -0.000185153 0.000776993 -0.000110047 0.000933956 0.455467 0.000428715 0.278809 0.000408846 
5 0.75 91500000 6.60572 0.00640861 -2.19175 0.002995 8.03546 0.0138471 136.285 0.395634 -0.000185153 0.000775039 -0.000110047 0.000933956 0.455467 0.000429223 0.278809 0.000408781 
5 0.75 91750000 6.60572 0.00640861 -2.19175 0.002996 8.03546 0.0138097 136.285 0.394624 -0.000185153 0.000773018 -0.000110047 0.000933956 0.455467 0.000428025 0.278809 0.000407679 
5 0.75 92000000 6.60572 0.00640861 -2.19175 0.002996 8.03546 0.0137933 136.285 0.394271 -0.000185153 0.000771626 -0.000110047 0.000933956 0.455467 0.000428159 0.278809 0.00040707 
5 0.75 92250000 6.60572 0.00635507 -2.19175 0.00298624 8.03546 0.0137988 136.285 0.394522 -0.000185153 0.000769968 -0.000110047 0.000933956 0.455467 0.000427 0.278809 0.000407219 
5 0.75 92500000 6.60572 0.00635507 -2.19175 0.00298624 8.03546 0.0137622 136.285 0.393438 -0.000185153 0.00076945 -0.000110047 0.000933956 0.455467 0.00042596 0.278809 0.000406204 
5 0.75 92750000 6.60572 0.00635507 -2.19175 0.00298409 8.03546 0.0137605 136.285 0.393783 -0.000185153 0.000769244 -0.000110047 0.000933956 0.455467 0.000426401 0.278809 0.000405974 
5 0.75 93000000 6.60572 0.00635507 -2.19175 0.00298409 8.03546 0.0137356 136.285 0.39306 -0.000185153 0.000767584 -0.000110047 0.000933956 0.455467 0.000425914 0.278809 0.000405181 
5 0.75 93250000 6.60572 0.00633585 -2.19175 0.00296771 8.03546 0.0137112 136.285 0.392317 -0.000185153 0.000766176 -0.000110047 0.000933956 0.455467 0.000424319 0.278809 0.000404153 
5 0.75 93500000 6.60572 0.00633585 -2.19175 0.00296771 8.03546 0.0137138 136.285 0.392083 -0.000185153 0.00076668 -0.000110047 0.000933956 0.455467 0.000424121 0.278809 0.000403997 
5 0.75 93750000 6.60572 0.00633585 -2.19175 0.00296409 8.03546 0.0136794 136.285 0.391115 -0.000185153 0.000764827 -0.000110047 0.000933956 0.455467 0.000423007 0.278809 0.000403019 
5 0.75 94000000 6.60572 0.00633585 -2.19175 0.00296409 8.03546 0.0136461 136.285 0.390096 -0.000185153 0.000763666 -0.000110047 0.000933956 0.455467 0.000422774 0.278809 0.000401941 
5 0.75 94250000 6.60572 0.00652489 -2.19175 0.00295865 8.03546 0.0136472 136.285 0.390218 -0.000185153 0.000763092 -0.000110047 0.000933956 0.455467 0.000421737 0.278809 0.000402051 
5 0.75 94500000 6.60572 0.00652489 -2.19175 0.00295865 8.03546 0.0136226 136.285 0.389438 -0.000185153 0.000761048 -0.000110047 0.000933956 0.455467 0.000421341 0.278809 0.000401659 
5 0.75 94750000 6.60572 0.00652489 -2.19175 0.00295028 8.03546 0.0136064 136.285 0.38886 -0.000185153 0.000759029 -0.000110047 0.000933956 0.455467 0.000422457 0.278809 0.000401847 
5 0.75 95000000 6.60572 0.00652489 -2.19175 0.00295028 8.03546 0.0135969 136.285 0.388539 -0.000185153 0.000759133 -0.000110047 0.000933956 0.455467 0.000422457 0.278809 0.000401474 
5 0.75 95250000 6.60572 0.00652489 -2.19175 0.00295028 8.03546 0.0135604 136.285 0.388065 -0.000185153 0.000757846 -0.000110047 0.000933956 0.455467 0.000422457 0.278809 0.000400439 
5 0.75 95500000 6.60572 0.00652489 -2.19175 0.00293446 8.03546 0.0135291 136.285 0.387048 -0.000185153 0.000755923 -0.000110047 0.000933956 0.455467 0.000420386 0.278809 0.00039939 
5 0.75 95750000 6.60572 0.00652489 -2.19175 0.00293446 8.03546 0.0134976 136.285 0.386055 -0.000185153 0.000754637 -0.000110047 0.000933956 0.455467 0.000420386 0.278809 0.000399567 
5 0.75 96000000 6.60572 0.00652489 -2.19175 0.00293998 8.03546 0.0134972 136.285 0.385736 -0.000185153 0.000753261 -0.000110047 0.000933956 0.455467 0.00042605 0.278809 0.00040281 
5 0.75 96250000 6.60572 0.00652489 -2.19175 0.00293998 8.03546 0.0134874 136.285 0.385437 -0.000185153 0.000751333 -0.000110047 0.000933956 0.455467 0.00042605 0.278809 0.00040281 
5 0.75 96500000 6.60572 0.00652489 -2.19175 0.00294255 8.03546 0.01347 136.285 0.384765 -0.000185153 0.000749691 -0.000110047 0.000933956 0.455467 0.000427 0.278809 0.000404445 
5 0.75 96750000 6.60572 0.00652489 -2.19175 0.00294255 8.03546 0.0134361 136.285 0.383926 -0.000185153 0.00074775 -0.000110047 0.000933956 0.455467 0.000427 0.278809 0.000404445 
5 0.75 97000000 6.60572 0.00652489 -2.19175 0.00293274 8.03546 0.0134103 136.285 0.383061 -0.000185153 0.000745892 -0.000110047 0.000933956 0.455467 0.000427881 0.278809 0.000404658 
5 0.75 97250000 6.60572 0.00652489 -2.19175 0.00293274 8.03546 0.0133919 136.285 0.382701 -0.000185153 0.000744901 -0.000110047 0.000933956 0.455467 0.000427881 0.278809 0.000404658 
5 0.75 97500000 6.60572 0.00652489 -2.19175 0.00291794 8.03546 0.0133654 136.285 0.382158 -0.000185153 0.000744511 -0.000110047 0.000933956 0.455467 0.000425842 0.278809 0.000402874 
5 0.75 97750000 6.60572 0.00652489 -2.19175 0.00291794 8.03546 0.0133426 136.285 0.38139 -0.000185153 0.000742804 -0.000110047 0.000933956 0.455467 0.000425842 0.278809 0.000402874 
5 0.75 98000000 6.60572 0.00652489 -2.19175 0.0029027 8.03546 0.0133078 136.285 0.380408 -0.000185153 0.000741607 -0.000110047 0.000933956 0.455467 0.000423745 0.278809 0.000401099 
5 0.75 98250000 6.60572 0.00652489 -2.19175 0.0029027 8.03546 0.0132749 136.285 0.379442 -0.000185153 0.000740257 -0.000110047 0.000933956 0.455467 0.000423745 0.278809 0.000401099 
5 0.75 98500000 6.60623 0.00659139 -2.19065 0.00288786 8.02897 0.0132447 136.165 0.378526 3.52459e-06 0.000738523 0.000382716 0.000977514 0.455251 0.000422459 0.278593 0.000399978 
5 0.75 98750000 6.60623 0.00659139 -2.19065 0.00288786 8.02897 0.0132514 136.165 0.378544 3.52459e-06 0.000739295 0.000382716 0.000977514 0.455251 0.000422459 0.278593 0.000399978 
5 0.75 99000000 6.60623 0.00659139 -2.19065 0.00288036 8.02897 0.0132317 136.165 0.377832 3.52459e-06 0.000739602 0.000382716 0.000977514 0.455251 0.000422795 0.278593 0.000400538 
5 0.75 99250000 6.60623 0.00659139 -2.19065 0.00288036 8.02897 0.0132097 136.165 0.377407 3.52459e-06 0.000737992 0.000382716 0.000977514 0.455251 0.000422795 0.278593 0.000400538 
5 0.75 99500000 6.60623 0.00659139 -2.19065 0.00286553 8.02897 0.0131981 136.165 0.378695 3.52459e-06 0.000736794 0.000382716 0.000977514 0.455251 0.000420686 0.278593 0.000398578 
5 0.75 99750000 6.60623 0.00659139 -2.19065 0.00286553 8.02897 0.0131701 136.165 0.378695 3.52459e-06 0.000736233 0.000382716 0.000977514 0.455251 0.000420686 0.278593 0.000398578 
5 0.75 100000000 6.60623 0.00659139 -2.19065 0.00285614 8.02897 0.0131445 136.165 0.378695 3.52459e-06 0.000737279 0.000382716 0.000977514 0.455251 0.000419124 0.278593 0.000396542 
