L J MC_steps R2 R2_std E E_std E2 E2_std E4 E4_std Sin1 Sin1_std Cos1 Cos1_std Mag2 Mag2_std Mag4 Mag4_std
7 0.25 490000 12.2154 0.241345 -1.01016 0.0699102 5.38536 0.291823 98.9681 12.9808 -0.00708816 0.0112022 -0.0126161 0.012929 0.198159 0.00566614 0.0675116 0.00357605 
7 0.25 980000 12.2885 0.192854 -1.02485 0.0566259 5.39893 0.211474 97.7126 8.0067 -0.0058159 0.00739787 -0.00622567 0.00736934 0.196891 0.0038307 0.0665758 0.00238446 
7 0.25 1470000 12.3093 0.145659 -1.02175 0.0573033 5.39036 0.243794 99.7022 8.40613 4.28755e-05 0.00592853 -0.00358865 0.00631641 0.195692 0.00425689 0.0658953 0.00272435 
7 0.25 1960000 12.281 0.120821 -1.01691 0.0468329 5.57107 0.278715 107.449 10.3179 0.0014055 0.0050175 -0.00250809 0.00558505 0.19479 0.00324892 0.0661201 0.00218313 
7 0.25 2450000 12.3181 0.108448 -1.00703 0.0428811 5.53086 0.219484 106.335 8.05537 -0.00145884 0.00446055 -0.00513585 0.00485854 0.194465 0.00289076 0.0657316 0.0018106 
7 0.25 2940000 12.3178 0.0967616 -1.01562 0.0358905 5.56168 0.189843 108.144 7.28087 0.000466068 0.00408703 -0.0029597 0.00452219 0.195755 0.00254907 0.0665332 0.00164203 
7 0.25 3430000 12.2796 0.0924176 -1.01834 0.0305319 5.604 0.163414 110.937 6.54703 -0.000814082 0.00378767 -0.00153475 0.00413751 0.196909 0.00231486 0.0674533 0.00157924 
7 0.25 3920000 12.3349 0.0862576 -1.01026 0.0271245 5.63874 0.143533 111.727 6.08948 -0.000386687 0.00354918 -0.00341822 0.00381293 0.198077 0.00224939 0.0681282 0.00147774 
7 0.25 4410000 12.3154 0.0799833 -1.00761 0.0240648 5.63329 0.126836 112.651 5.59239 -1.11735e-05 0.00329225 -0.00402421 0.00348575 0.1983 0.00204595 0.0684359 0.00135735 
7 0.25 4900000 12.3176 0.0752709 -1.01367 0.0227226 5.64285 0.113858 113.409 4.97613 0.000604307 0.00317788 -0.00455932 0.00323196 0.199185 0.00192546 0.0689503 0.00129457 
7 0.25 5390000 12.3445 0.0717181 -1.01317 0.0217448 5.64552 0.103075 114.464 4.78235 0.000413421 0.00305447 -0.00559814 0.003072 0.199096 0.00223668 0.0690388 0.00143461 
7 0.25 5880000 12.3616 0.0710635 -1.01013 0.0211153 5.62485 0.0982227 113.614 4.42248 0.000751689 0.00293392 -0.00568133 0.00296238 0.19878 0.00223668 0.0686345 0.00143461 
7 0.25 6370000 12.4098 0.0728241 -1.01447 0.0197827 5.62305 0.0927588 112.968 4.10091 -0.000251104 0.00281815 -0.00572946 0.00285941 0.198703 0.00189812 0.0685155 0.00128744 
7 0.25 6860000 12.4235 0.0684982 -1.01523 0.0194896 5.61712 0.0900319 112.886 3.78627 0.00070654 0.0027458 -0.0056042 0.00278231 0.19887 0.00189812 0.0685881 0.00128744 
7 0.25 7350000 12.4224 0.0645288 -1.01642 0.0190179 5.62716 0.0868028 113.307 3.5759 0.000175308 0.002645 -0.00598143 0.00268716 0.199379 0.00174322 0.068953 0.00117552 
7 0.25 7840000 12.4379 0.0612225 -1.016 0.0181428 5.60727 0.0818274 112.69 3.411 0.000528729 0.00254623 -0.0058807 0.00260669 0.199276 0.00174322 0.0688735 0.00117552 
7 0.25 8330000 12.426 0.0586721 -1.01854 0.0174656 5.59488 0.0772531 111.623 3.31194 0.00192847 0.00245412 -0.0055311 0.00253406 0.199225 0.00153205 0.0688364 0.00103436 
7 0.25 8820000 12.4382 0.0568186 -1.02156 0.0169065 5.5926 0.0756022 111.081 3.20392 0.00262863 0.00240063 -0.00547317 0.0024899 0.199219 0.00153205 0.0688218 0.00103436 
7 0.25 9310000 12.4447 0.0543916 -1.02197 0.0165255 5.58737 0.0725458 110.929 3.06957 0.00317938 0.00235411 -0.00607215 0.0024129 0.199084 0.0013683 0.0687395 0.000923954 
7 0.25 9800000 12.4406 0.0519919 -1.02571 0.0160768 5.62914 0.0744997 112.665 3.29764 0.00192184 0.00240692 -0.00709539 0.00234825 0.19976 0.0013683 0.0691816 0.000923954 
7 0.25 10290000 12.437 0.0506462 -1.03043 0.0155903 5.65272 0.0729739 113.835 3.71837 0.00134379 0.00266227 -0.00627997 0.00229582 0.20007 0.00154636 0.069345 0.00101071 
7 0.25 10780000 12.437 0.0495748 -1.03043 0.0152007 5.65272 0.0724287 113.835 3.71837 0.00134379 0.00266227 -0.00627997 0.00221799 0.20007 0.00154636 0.069345 0.00101071 
7 0.25 11270000 12.4399 0.0482009 -1.02733 0.0148257 5.65002 0.0702855 114.259 3.40447 0.00120681 0.00242377 -0.00517795 0.00216441 0.200313 0.00142474 0.0694212 0.000921694 
7 0.25 11760000 12.4399 0.0474047 -1.02733 0.0146395 5.65002 0.0697097 114.259 3.40447 0.00120681 0.00242377 -0.00517795 0.00211943 0.200313 0.00142474 0.0694212 0.000921694 
7 0.25 12250000 12.4518 0.0464442 -1.0184 0.014428 5.59685 0.0789968 111.967 3.81518 0.00158773 0.00225152 -0.0039119 0.00235916 0.199529 0.00150661 0.0689216 0.000970928 
7 0.25 12740000 12.4518 0.0457816 -1.0184 0.014428 5.59685 0.0789968 111.967 3.81518 0.00158773 0.00225152 -0.0039119 0.00235916 0.199529 0.00150661 0.0689216 0.000970928 
7 0.25 13230000 12.4438 0.0443644 -1.02383 0.014428 5.60996 0.0740006 112.498 3.55853 0.00179832 0.00208815 -0.0033121 0.00235916 0.199809 0.00141657 0.0690464 0.000904229 
7 0.25 13720000 12.4438 0.0434871 -1.02383 0.014428 5.60996 0.0740006 112.498 3.55853 0.00179832 0.00208815 -0.0033121 0.00235916 0.199809 0.00141657 0.0690464 0.000904229 
7 0.25 14210000 12.4599 0.0429773 -1.02477 0.0136995 5.61218 0.0687481 112.229 3.31455 0.0015325 0.00195584 -0.00319652 0.00212784 0.199627 0.00132704 0.068955 0.000844247 
7 0.25 14700000 12.4599 0.041875 -1.02477 0.0136995 5.61218 0.0687481 112.229 3.31455 0.0015325 0.00195584 -0.00319652 0.00212784 0.199627 0.00132704 0.068955 0.000844247 
7 0.25 15190000 12.4506 0.0406309 -1.02674 0.0136995 5.63434 0.0676406 113.012 3.18478 0.00101287 0.00189322 -0.00325953 0.00212784 0.199658 0.00123893 0.069018 0.000790308 
7 0.25 15680000 12.4506 0.0403698 -1.02674 0.0136995 5.63434 0.0676406 113.012 3.18478 0.00101287 0.00189322 -0.00325953 0.00212784 0.199658 0.00123893 0.069018 0.000790308 
7 0.25 16170000 12.4419 0.0394666 -1.02843 0.012466 5.64258 0.0639137 113.399 3.00911 0.00133934 0.00180283 -0.00358549 0.00189708 0.199945 0.00119439 0.0692271 0.000768099 
7 0.25 16660000 12.4419 0.0388996 -1.02843 0.012466 5.64258 0.0639137 113.399 3.00911 0.00133934 0.00180283 -0.00358549 0.00189708 0.199945 0.00119439 0.0692271 0.000768099 
7 0.25 17150000 12.4502 0.0383462 -1.02774 0.012466 5.65262 0.0625895 114.309 2.96649 0.00114331 0.0017074 -0.00358894 0.00189708 0.199367 0.00125631 0.0689624 0.000767177 
7 0.25 17640000 12.4502 0.0378263 -1.02774 0.012466 5.65262 0.0625895 114.309 2.96649 0.00114331 0.0017074 -0.00358894 0.00189708 0.199367 0.00125631 0.0689624 0.000767177 
7 0.25 18130000 12.4407 0.0372183 -1.02403 0.0118422 5.64082 0.0586828 113.818 2.84203 0.00116362 0.00164558 -0.00321359 0.00172236 0.199347 0.00118667 0.068921 0.000725672 
7 0.25 18620000 12.4407 0.036641 -1.02403 0.0119573 5.64082 0.0586828 113.818 2.84203 0.00116362 0.00163765 -0.00321359 0.00172236 0.199347 0.00118667 0.068921 0.000725672 
7 0.25 19110000 12.4407 0.0361697 -1.02403 0.0118302 5.64082 0.0586828 113.818 2.84203 0.00116362 0.0016228 -0.00321359 0.00172236 0.199347 0.00118667 0.068921 0.000725672 
7 0.25 19600000 12.4444 0.0357683 -1.02197 0.0118302 5.64011 0.0568047 113.777 2.69274 0.000640343 0.00161045 -0.00350808 0.00172236 0.199254 0.00112788 0.068913 0.000687524 
7 0.25 20090000 12.4444 0.035315 -1.02197 0.0118302 5.64011 0.0557855 113.777 2.69274 0.000640343 0.00161045 -0.00350808 0.00172236 0.199254 0.00112788 0.068913 0.000687524 
7 0.25 20580000 12.448 0.0348022 -1.02314 0.011108 5.6416 0.0550419 113.639 2.5616 0.0015343 0.00176065 -0.0028903 0.00158018 0.199203 0.00107261 0.0689116 0.000653149 
7 0.25 21070000 12.448 0.0346299 -1.02314 0.010841 5.6416 0.0541374 113.639 2.5616 0.0015343 0.00177663 -0.0028903 0.00158018 0.199203 0.00107261 0.0689116 0.000653149 
7 0.25 21560000 12.448 0.0342887 -1.02314 0.0106803 5.6416 0.0529817 113.639 2.50541 0.0015343 0.00192872 -0.0028903 0.00158018 0.199203 0.00102369 0.0689116 0.000622122 
7 0.25 22050000 12.448 0.0336741 -1.02314 0.0106803 5.6416 0.0518043 113.639 2.50541 0.0015343 0.00192872 -0.0028903 0.00158018 0.199203 0.00102369 0.0689116 0.000622122 
7 0.25 22540000 12.4504 0.0331041 -1.01969 0.0105278 5.63012 0.0506544 113.033 2.39162 0.00071075 0.00184711 -0.00284814 0.00149781 0.199089 0.000993218 0.0688918 0.000594554 
7 0.25 23030000 12.4504 0.0327214 -1.01969 0.010404 5.63012 0.0499451 113.033 2.39162 0.00071075 0.00184711 -0.00284814 0.00148811 0.199089 0.000993218 0.0688918 0.000594554 
7 0.25 23520000 12.4504 0.0322608 -1.01969 0.0104161 5.63012 0.0489952 113.033 2.3404 0.00071075 0.00176691 -0.00284814 0.00146721 0.199089 0.00100611 0.0688918 0.000612688 
7 0.25 24010000 12.4504 0.0319026 -1.01969 0.0102537 5.63012 0.0482961 113.033 2.3404 0.00071075 0.00176691 -0.00284814 0.00145535 0.199089 0.00100611 0.0688918 0.000612688 
7 0.25 24500000 12.4395 0.0319622 -1.01373 0.0112545 5.62503 0.0472951 113.106 2.31325 0.000694521 0.00169365 -0.00249002 0.00144226 0.198693 0.000965863 0.0686662 0.000587204 
7 0.25 24990000 12.4395 0.0314724 -1.01373 0.0112545 5.62503 0.0463573 113.106 2.31325 0.000694521 0.00169365 -0.00249002 0.00142475 0.198693 0.000965863 0.0686662 0.000587204 
7 0.25 25480000 12.4395 0.0310837 -1.01373 0.0112545 5.62503 0.0454702 113.106 2.23249 0.000694521 0.00163578 -0.00249002 0.0014165 0.198693 0.000929004 0.0686662 0.000563979 
7 0.25 25970000 12.4395 0.0307095 -1.01373 0.0112545 5.62503 0.0456367 113.106 2.23249 0.000694521 0.00163578 -0.00249002 0.00140587 0.198693 0.000929004 0.0686662 0.000563979 
7 0.25 26460000 12.4378 0.0304885 -1.01355 0.0112545 5.61788 0.0448596 112.588 2.16464 0.000910384 0.0016208 -0.00170159 0.00146718 0.198824 0.00089613 0.0686847 0.000542288 
7 0.25 26950000 12.4378 0.0302489 -1.01355 0.0112545 5.61788 0.0440254 112.588 2.16464 0.000910384 0.0016208 -0.00170159 0.00146718 0.198824 0.00089613 0.0686847 0.000542288 
7 0.25 27440000 12.4378 0.0299294 -1.01355 0.0112545 5.61788 0.043229 112.588 2.08458 0.000910384 0.0015829 -0.00170159 0.00146718 0.198824 0.000873434 0.0686847 0.000537961 
7 0.25 27930000 12.4378 0.0298756 -1.01355 0.0112545 5.61788 0.0426857 112.588 2.08458 0.000910384 0.0015829 -0.00170159 0.00146718 0.198824 0.000873434 0.0686847 0.000537961 
7 0.25 28420000 12.4372 0.0296909 -1.0135 0.009649 5.61971 0.0419255 112.748 2.01464 0.00060395 0.00152682 -0.00166795 0.00136277 0.198872 0.000846874 0.0688106 0.000518779 
7 0.25 28910000 12.4372 0.029566 -1.0135 0.009649 5.61971 0.0413665 112.748 2.01464 0.00060395 0.00152682 -0.00166795 0.00136277 0.198872 0.000846874 0.0688106 0.000518779 
7 0.25 29400000 12.4372 0.0292516 -1.0135 0.009649 5.61971 0.040668 112.748 1.96697 0.00060395 0.00148499 -0.00166795 0.00136277 0.198872 0.000817887 0.0688106 0.000502321 
7 0.25 29890000 12.4372 0.0288271 -1.0135 0.009649 5.61971 0.0400492 112.748 1.96697 0.00060395 0.00148499 -0.00166795 0.00136277 0.198872 0.000817887 0.0688106 0.000502321 
7 0.25 30380000 12.4335 0.0284235 -1.01351 0.009649 5.61339 0.0395579 112.386 1.90247 0.00065573 0.0014538 -0.00157909 0.00128944 0.199036 0.000803367 0.0688312 0.000489046 
7 0.25 30870000 12.4335 0.028182 -1.01351 0.009649 5.61339 0.038916 112.386 1.90247 0.00065573 0.0014538 -0.00157909 0.00127481 0.199036 0.000803367 0.0688312 0.000489046 
7 0.25 31360000 12.4335 0.0279671 -1.01351 0.009649 5.61339 0.0383153 112.386 1.84667 0.00065573 0.00141947 -0.00157909 0.00127481 0.199036 0.000780896 0.0688312 0.000474651 
7 0.25 31850000 12.4335 0.0277649 -1.01351 0.009649 5.61339 0.037876 112.386 1.84667 0.00065573 0.00141947 -0.00157909 0.00127481 0.199036 0.000780896 0.0688312 0.000474651 
7 0.25 32340000 12.4423 0.0276311 -1.01565 0.00867863 5.61456 0.037373 112.448 1.79086 0.000959825 0.00137957 -0.00179999 0.00123889 0.199222 0.000764403 0.0689189 0.000462542 
7 0.25 32830000 12.4423 0.0274974 -1.01565 0.00867863 5.61456 0.0369079 112.448 1.79086 0.000959825 0.00137957 -0.00179999 0.00122838 0.199222 0.000764403 0.0689189 0.000462542 
7 0.25 33320000 12.4423 0.0271649 -1.01565 0.00867863 5.61456 0.0369654 112.448 1.78683 0.000959825 0.00134196 -0.00179999 0.00121629 0.199222 0.000741259 0.0689189 0.000448634 
7 0.25 33810000 12.4423 0.0271472 -1.01565 0.00867863 5.61456 0.0364808 112.448 1.78683 0.000959825 0.00134196 -0.00179999 0.00121413 0.199222 0.000741259 0.0689189 0.000448634 
7 0.25 34300000 12.4425 0.0268747 -1.01366 0.00867863 5.60259 0.0362269 111.955 1.73547 0.00104511 0.00130268 -0.00160723 0.00119657 0.199146 0.000723932 0.0688662 0.000437459 
7 0.25 34790000 12.4425 0.0268224 -1.01366 0.00867863 5.60259 0.0357982 111.955 1.73547 0.00104511 0.00130268 -0.00160723 0.00118541 0.199146 0.000723932 0.0688662 0.000437459 
7 0.25 35280000 12.4425 0.0267061 -1.01366 0.00867863 5.60259 0.0352878 111.955 1.68865 0.00104511 0.00126567 -0.00160723 0.00117577 0.199146 0.000705587 0.0688662 0.000424979 
7 0.25 35770000 12.4425 0.0264311 -1.01366 0.00867863 5.60259 0.0350359 111.955 1.68865 0.00104511 0.00126567 -0.00160723 0.00116933 0.199146 0.000705587 0.0688662 0.000424979 
7 0.25 36260000 12.4456 0.0261991 -1.01378 0.00791334 5.59574 0.0345507 111.755 1.64483 0.000942886 0.00123673 -0.00108348 0.00120623 0.199189 0.000685035 0.0688671 0.000413185 
7 0.25 36750000 12.4456 0.0260971 -1.01378 0.00791334 5.59574 0.0340814 111.755 1.64483 0.000942886 0.00123673 -0.00108348 0.00120623 0.199189 0.000685035 0.0688671 0.000413185 
7 0.25 37240000 12.4456 0.0259104 -1.01378 0.00791334 5.59574 0.0336538 111.755 1.6019 0.000942886 0.00120771 -0.00108348 0.00120623 0.199189 0.000666524 0.0688671 0.00040204 
7 0.25 37730000 12.4456 0.0256246 -1.01378 0.00791334 5.59574 0.0335636 111.755 1.6019 0.000942886 0.00120771 -0.00108348 0.00120623 0.199189 0.000666524 0.0688671 0.00040204 
7 0.25 38220000 12.4327 0.02544 -1.01269 0.00791334 5.5994 0.0331971 111.604 1.56173 0.000938192 0.00118003 -0.00122098 0.00115055 0.19927 0.000653687 0.0688976 0.000392321 
7 0.25 38710000 12.4327 0.0252469 -1.01269 0.00791334 5.5994 0.0328241 111.604 1.56173 0.000938192 0.00118003 -0.00122098 0.00115055 0.19927 0.000653687 0.0688976 0.000392321 
7 0.25 39200000 12.4327 0.0250207 -1.01269 0.00791334 5.5994 0.0324487 111.604 1.54031 0.000938192 0.00115226 -0.00122098 0.00115055 0.19927 0.000645881 0.0688976 0.000396925 
7 0.25 39690000 12.4327 0.0248278 -1.01269 0.00791334 5.5994 0.0321524 111.604 1.54031 0.000938192 0.00115226 -0.00122098 0.00115055 0.19927 0.000645881 0.0688976 0.000396925 
7 0.25 40180000 12.4327 0.0247981 -1.01269 0.00791334 5.5994 0.0320498 111.604 1.54031 0.000938192 0.00115226 -0.00122098 0.00115055 0.19927 0.000645881 0.0688976 0.000396925 
7 0.25 40670000 12.4313 0.0245918 -1.01298 0.00819316 5.59983 0.0316729 111.683 1.51044 0.0011776 0.00114429 -0.00109608 0.00110263 0.199325 0.000748839 0.0689536 0.000390425 
7 0.25 41160000 12.4313 0.0244355 -1.01298 0.00819316 5.59983 0.0314159 111.683 1.51044 0.0011776 0.0011349 -0.00109608 0.00110263 0.199325 0.000748839 0.0689536 0.000390425 
7 0.25 41650000 12.4313 0.0242196 -1.01298 0.00819316 5.59983 0.0311046 111.683 1.4974 0.0011776 0.00112043 -0.00109608 0.00110263 0.199325 0.000748839 0.0689536 0.000382645 
7 0.25 42140000 12.4313 0.0240318 -1.01298 0.00819316 5.59983 0.030941 111.683 1.4974 0.0011776 0.00112031 -0.00109608 0.00110263 0.199325 0.000748839 0.0689536 0.000382645 
7 0.25 42630000 12.4313 0.0239807 -1.01298 0.00819316 5.59983 0.0309008 111.683 1.46175 0.0011776 0.00115774 -0.00109608 0.00110263 0.199325 0.000748839 0.0689536 0.00037389 
7 0.25 43120000 12.4313 0.0239807 -1.01298 0.00819316 5.59983 0.0305919 111.683 1.46175 0.0011776 0.00115774 -0.00109608 0.00110263 0.199325 0.000748839 0.0689536 0.00037389 
7 0.25 43610000 12.4313 0.0237777 -1.01298 0.00819316 5.59983 0.0303782 111.683 1.42888 0.0011776 0.00114331 -0.00109608 0.00110263 0.199325 0.000748839 0.0689536 0.000369016 
7 0.25 44100000 12.4313 0.023823 -1.01298 0.00819316 5.59983 0.0301382 111.683 1.42888 0.0011776 0.00114331 -0.00109608 0.00110263 0.199325 0.000748839 0.0689536 0.000369016 
7 0.25 44590000 12.4435 0.0235895 -1.01352 0.00819316 5.59394 0.0298003 111.463 1.39644 0.00105788 0.00114422 -0.000813473 0.00110263 0.199237 0.000748839 0.0689218 0.000363035 
7 0.25 45080000 12.4435 0.0234937 -1.01352 0.00819316 5.59394 0.0295701 111.463 1.39644 0.00105788 0.00114422 -0.000813473 0.00110263 0.199237 0.000748839 0.0689218 0.000363035 
7 0.25 45570000 12.4435 0.0232686 -1.01352 0.00819316 5.59394 0.0293486 111.463 1.36711 0.00105788 0.00112724 -0.000813473 0.00110263 0.199237 0.000748839 0.0689218 0.000355154 
7 0.25 46060000 12.4435 0.0230865 -1.01352 0.00819316 5.59394 0.0290576 111.463 1.36711 0.00105788 0.00112724 -0.000813473 0.00110263 0.199237 0.000748839 0.0689218 0.000355154 
7 0.25 46550000 12.4435 0.0229597 -1.01352 0.00819316 5.59394 0.0288551 111.463 1.35036 0.00105788 0.00110963 -0.000813473 0.00110263 0.199237 0.000748839 0.0689218 0.000347966 
7 0.25 47040000 12.4435 0.0228322 -1.01352 0.00819316 5.59394 0.028725 111.463 1.35036 0.00105788 0.00110963 -0.000813473 0.00110263 0.199237 0.000748839 0.0689218 0.00034762 
7 0.25 47530000 12.4435 0.0226786 -1.01352 0.00819316 5.59394 0.0285807 111.463 1.32493 0.00105788 0.00114006 -0.000813473 0.00110263 0.199237 0.000748839 0.0689218 0.000345489 
7 0.25 48020000 12.4435 0.0225532 -1.01352 0.00819316 5.59394 0.0284337 111.463 1.32493 0.00105788 0.00114006 -0.000813473 0.00110263 0.199237 0.000748839 0.0689218 0.000345489 
7 0.25 48510000 12.4491 0.0224064 -1.01324 0.00683183 5.58988 0.028329 111.415 1.32317 0.00064843 0.00113466 -0.000748116 0.000988636 0.199335 0.000624097 0.0689697 0.00034036 
7 0.25 49000000 12.4491 0.0222438 -1.01324 0.00683183 5.58988 0.0282463 111.415 1.32317 0.00064843 0.00113466 -0.000748116 0.000980504 0.199335 0.000624097 0.0689697 0.000338873 
7 0.25 49490000 12.4491 0.0224919 -1.01324 0.00683183 5.58988 0.0282341 111.415 1.29766 0.00064843 0.00111591 -0.000748116 0.000974748 0.199335 0.000624097 0.0689697 0.000338792 
7 0.25 49980000 12.4491 0.0224919 -1.01324 0.00683183 5.58988 0.0280885 111.415 1.29766 0.00064843 0.00111591 -0.000748116 0.000972211 0.199335 0.000624097 0.0689697 0.000337255 
7 0.25 50470000 12.4491 0.022228 -1.01324 0.00683183 5.58988 0.0279137 111.415 1.27198 0.00064843 0.00109519 -0.000748116 0.000972211 0.199335 0.000624097 0.0689697 0.000335386 
7 0.25 50960000 12.4491 0.022228 -1.01324 0.00683183 5.58988 0.0277804 111.415 1.27198 0.00064843 0.00109519 -0.000748116 0.000972211 0.199335 0.000624097 0.0689697 0.000334291 
7 0.25 51450000 12.4491 0.0221634 -1.01324 0.00683183 5.58988 0.0276132 111.415 1.25407 0.00064843 0.00107725 -0.000748116 0.000972211 0.199335 0.000624097 0.0689697 0.000332843 
7 0.25 51940000 12.4491 0.0221634 -1.01324 0.00683183 5.58988 0.0274974 111.415 1.25407 0.00064843 0.00107725 -0.000748116 0.000972211 0.199335 0.000624097 0.0689697 0.000331393 
7 0.25 52430000 12.4408 0.0220319 -1.01167 0.00683183 5.58258 0.0273989 111.245 1.23204 0.000841316 0.00114315 -0.000661236 0.000972211 0.199262 0.000624097 0.0689299 0.000330243 
7 0.25 52920000 12.4408 0.0220319 -1.01167 0.00683183 5.58258 0.0273572 111.245 1.23204 0.000841316 0.00114315 -0.000661236 0.000972211 0.199262 0.000624097 0.0689299 0.000329251 
7 0.25 53410000 12.4408 0.0216726 -1.01167 0.00683183 5.58258 0.0272078 111.245 1.21807 0.000841316 0.00112184 -0.000661236 0.000972211 0.199262 0.000624097 0.0689299 0.000328171 
7 0.25 53900000 12.4408 0.0216726 -1.01167 0.00683183 5.58258 0.0271345 111.245 1.22571 0.000841316 0.00112184 -0.000661236 0.000972211 0.199262 0.000624097 0.0689299 0.000326631 
7 0.25 54390000 12.4408 0.0214577 -1.01167 0.00683183 5.58258 0.0269876 111.245 1.21911 0.000841316 0.0011014 -0.000661236 0.000972211 0.199262 0.000624097 0.0689299 0.000324943 
7 0.25 54880000 12.4408 0.0214577 -1.01167 0.00683183 5.58258 0.0268914 111.245 1.22185 0.000841316 0.0011014 -0.000661236 0.000972211 0.199262 0.000624097 0.0689299 0.00032304 
7 0.25 55370000 12.4408 0.021142 -1.01167 0.00683183 5.58258 0.0267418 111.245 1.22488 0.000841316 0.00108137 -0.000661236 0.000972211 0.199262 0.000624097 0.0689299 0.000321024 
7 0.25 55860000 12.4408 0.021142 -1.01167 0.00683183 5.58258 0.0267724 111.245 1.22555 0.000841316 0.00108137 -0.000661236 0.000972211 0.199262 0.000624097 0.0689299 0.000320399 
7 0.25 56350000 12.4414 0.0207459 -1.01178 0.00613285 5.58192 0.0265972 111.265 1.21464 0.000860069 0.00106255 -0.000312928 0.000925615 0.199224 0.000544598 0.0689195 0.000318791 
7 0.25 56840000 12.4414 0.0207459 -1.01178 0.00610473 5.58192 0.0264039 111.265 1.21174 0.000860069 0.00106255 -0.000312928 0.000925615 0.199224 0.000544598 0.0689195 0.000316642 
7 0.25 57330000 12.4414 0.0204072 -1.01178 0.0060756 5.58192 0.0263427 111.265 1.20162 0.000860069 0.00104483 -0.000312928 0.000925615 0.199224 0.000544598 0.0689195 0.000315756 
7 0.25 57820000 12.4414 0.0203833 -1.01178 0.0060539 5.58192 0.0262105 111.265 1.20374 0.000860069 0.00104483 -0.000312928 0.000925615 0.199224 0.000544598 0.0689195 0.000314539 
7 0.25 58310000 12.4414 0.0203242 -1.01178 0.0060196 5.58192 0.0260641 111.265 1.19338 0.000860069 0.0010287 -0.000312928 0.000925615 0.199224 0.000544598 0.0689195 0.000312745 
7 0.25 58800000 12.4414 0.0203242 -1.01178 0.00600885 5.58192 0.0258786 111.265 1.18323 0.000860069 0.0010287 -0.000312928 0.000925615 0.199224 0.000544598 0.0689195 0.00031113 
7 0.25 59290000 12.4414 0.0200602 -1.01178 0.00600885 5.58192 0.0257229 111.265 1.18271 0.000860069 0.0010125 -0.000312928 0.000925615 0.199224 0.000544598 0.0689195 0.000309871 
7 0.25 59780000 12.4414 0.019982 -1.01178 0.00600885 5.58192 0.0255205 111.265 1.17575 0.000860069 0.0010125 -0.000312928 0.000925615 0.199224 0.000544598 0.0689195 0.000307829 
7 0.25 60270000 12.4373 0.0198206 -1.01145 0.00600885 5.58169 0.0253952 111.314 1.16705 0.00102372 0.00100004 -0.000134678 0.000925615 0.199209 0.000544598 0.0689353 0.000305954 
7 0.25 60760000 12.4373 0.0196886 -1.01145 0.00600885 5.58169 0.0252398 111.314 1.16705 0.00102372 0.00100004 -0.000134678 0.000925615 0.199209 0.000544598 0.0689353 0.000304203 
7 0.25 61250000 12.4373 0.0196553 -1.01145 0.00600885 5.58169 0.0251338 111.314 1.15764 0.00102372 0.00100004 -0.000134678 0.000925615 0.199209 0.000544598 0.0689353 0.000303141 
7 0.25 61740000 12.4373 0.0195989 -1.01145 0.00600885 5.58169 0.024996 111.314 1.14902 0.00102372 0.000987802 -0.000134678 0.000925615 0.199209 0.000544598 0.0689353 0.000301738 
7 0.25 62230000 12.4373 0.0195417 -1.01145 0.00600885 5.58169 0.0248711 111.314 1.14543 0.00102372 0.000983816 -0.000134678 0.000925615 0.199209 0.000544598 0.0689353 0.000300985 
7 0.25 62720000 12.4373 0.0194133 -1.01145 0.00600885 5.58169 0.0247695 111.314 1.1384 0.00102372 0.000972717 -0.000134678 0.000925615 0.199209 0.000544598 0.0689353 0.000299982 
7 0.25 63210000 12.4373 0.0194034 -1.01145 0.00600885 5.58169 0.0242356 111.314 1.13099 0.00102372 0.000968083 -0.000134678 0.000925615 0.199209 0.000544598 0.0689353 0.000294567 
7 0.25 63700000 12.4373 0.019124 -1.01145 0.00600885 5.58169 0.0241347 111.314 1.12894 0.00102372 0.000958841 -0.000134678 0.000925615 0.199209 0.000544598 0.0689353 0.00029218 
7 0.25 64190000 12.4373 0.019124 -1.01145 0.00600885 5.58169 0.024078 111.314 1.12313 0.00102372 0.000955078 -0.000134678 0.000925615 0.199209 0.000544598 0.0689353 0.00029218 
7 0.25 64680000 12.4352 0.0188843 -1.01303 0.00583675 5.57662 0.0242126 111.237 1.11803 0.00112449 0.00094544 -0.000629875 0.000879827 0.199227 0.00047897 0.0689559 0.000291534 
7 0.25 65170000 12.4352 0.0188843 -1.01303 0.00583675 5.57662 0.0242126 111.237 1.11133 0.00112449 0.000940157 -0.000629875 0.000879827 0.199227 0.00047897 0.0689559 0.000292023 
7 0.25 65660000 12.4352 0.0185949 -1.01303 0.00583675 5.57662 0.024468 111.237 1.10651 0.00112449 0.000938785 -0.000629875 0.000879827 0.199227 0.000476532 0.0689559 0.000291673 
7 0.25 66150000 12.4352 0.0185949 -1.01303 0.00583675 5.57662 0.0242827 111.237 1.09811 0.00112449 0.000931978 -0.000629875 0.000879827 0.199227 0.000476532 0.0689559 0.00029108 
7 0.25 66640000 12.4352 0.0183468 -1.01303 0.00566025 5.57662 0.024187 111.237 1.09101 0.00112449 0.000924958 -0.000629875 0.000879827 0.199227 0.000476532 0.0689559 0.000289296 
7 0.25 67130000 12.4352 0.0183468 -1.01303 0.00566025 5.57662 0.0240194 111.237 1.08351 0.00112449 0.000919189 -0.000629875 0.000879827 0.199227 0.000476532 0.0689559 0.00028755 
7 0.25 67620000 12.4352 0.018294 -1.01303 0.00566025 5.57662 0.024521 111.237 1.12508 0.00112449 0.000914377 -0.000629875 0.000879827 0.199227 0.000476532 0.0689559 0.0002911 
7 0.25 68110000 12.4352 0.018294 -1.01303 0.00566025 5.57662 0.0244064 111.237 1.11781 0.00112449 0.000910163 -0.000629875 0.000879827 0.199227 0.000476532 0.0689559 0.000289353 
7 0.25 68600000 12.4342 0.0180353 -1.01241 0.00552162 5.58051 0.0243842 111.605 1.11173 0.000792771 0.000903741 -0.000792462 0.000862472 0.199363 0.000476532 0.0690514 0.000287621 
7 0.25 69090000 12.4342 0.0180353 -1.01241 0.00552162 5.58051 0.0242716 111.605 1.10422 0.000792771 0.000901136 -0.000792462 0.000862472 0.199363 0.000476532 0.0690514 0.000288377 
7 0.25 69580000 12.4342 0.01784 -1.01241 0.00552162 5.58051 0.0241254 111.605 1.09705 0.000792771 0.000892027 -0.000792462 0.000862472 0.199363 0.000476532 0.0690514 0.000286787 
7 0.25 70070000 12.4342 0.0178232 -1.01241 0.00552162 5.58051 0.0239537 111.605 1.08947 0.000792771 0.000890521 -0.000792462 0.000862472 0.199363 0.000476532 0.0690514 0.000285934 
7 0.25 70560000 12.4342 0.0177046 -1.01241 0.00543192 5.58051 0.0238949 111.605 1.08976 0.000792771 0.000887094 -0.000792462 0.000862472 0.199363 0.000476532 0.0690514 0.000285525 
7 0.25 71050000 12.4342 0.0176368 -1.01241 0.00541328 5.58051 0.0238062 111.605 1.08303 0.000792771 0.000887094 -0.000792462 0.000862472 0.199363 0.000476532 0.0690514 0.000284431 
7 0.25 71540000 12.4342 0.0175639 -1.01241 0.00540782 5.58051 0.0238214 111.605 1.09021 0.000792771 0.000874622 -0.000792462 0.000862472 0.199363 0.000476532 0.0690514 0.000286003 
7 0.25 72030000 12.4342 0.0174534 -1.01241 0.00538652 5.58051 0.0236665 111.605 1.08443 0.000792771 0.000879958 -0.000792462 0.000862472 0.199363 0.000476532 0.0690514 0.000284397 
7 0.25 72520000 12.4391 0.0173867 -1.01399 0.00541238 5.58236 0.0235331 111.705 1.07755 0.000471189 0.000874134 -0.000968169 0.000840577 0.199362 0.000445847 0.0690478 0.000282491 
7 0.25 73010000 12.4391 0.0173274 -1.01399 0.00541238 5.58236 0.0235127 111.705 1.09545 0.000471189 0.000870644 -0.000968169 0.00084236 0.199362 0.000445847 0.0690478 0.000282941 
7 0.25 73500000 12.4391 0.017275 -1.01399 0.00541238 5.58236 0.0234731 111.705 1.11396 0.000471189 0.000877258 -0.000968169 0.000839533 0.199362 0.000447571 0.0690478 0.000281308 
7 0.25 73990000 12.4391 0.017275 -1.01399 0.00541238 5.58236 0.0233136 111.705 1.11396 0.000471189 0.000883835 -0.000968169 0.000835628 0.199362 0.000447571 0.0690478 0.000279479 
7 0.25 74480000 12.4391 0.0172071 -1.01399 0.00543153 5.58236 0.0231755 111.705 1.10098 0.000471189 0.000879191 -0.000968169 0.000830384 0.199362 0.000446206 0.0690478 0.000277751 
7 0.25 74970000 12.4391 0.0172071 -1.01399 0.00543153 5.58236 0.0232129 111.705 1.10098 0.000471189 0.000881757 -0.000968169 0.000830341 0.199362 0.000446206 0.0690478 0.000276152 
7 0.25 75460000 12.4391 0.0169799 -1.01399 0.00543153 5.58236 0.0232724 111.705 1.11928 0.000471189 0.000875895 -0.000968169 0.000830341 0.199362 0.000442341 0.0690478 0.000275065 
7 0.25 75950000 12.4391 0.0169799 -1.01399 0.00543153 5.58236 0.0231261 111.705 1.11928 0.000471189 0.000870244 -0.000968169 0.000830341 0.199362 0.000442341 0.0690478 0.000273872 
7 0.25 76440000 12.4375 0.0168056 -1.01714 0.00558052 5.59414 0.0229905 112.352 1.10636 0.000395166 0.000864739 -0.0010817 0.000830341 0.199574 0.000442341 0.0691444 0.000272273 
7 0.25 76930000 12.4375 0.0167937 -1.01714 0.00558052 5.59414 0.0228809 112.352 1.10636 0.000395166 0.0008592 -0.0010817 0.000830341 0.199574 0.000442341 0.0691444 0.000271259 
7 0.25 77420000 12.4375 0.0166526 -1.01714 0.00558052 5.59414 0.0228803 112.352 1.09207 0.000395166 0.000853622 -0.0010817 0.000830341 0.199574 0.000442341 0.0691444 0.000269652 
7 0.25 77910000 12.4375 0.0165849 -1.01714 0.00558052 5.59414 0.0228805 112.352 1.09207 0.000395166 0.000850843 -0.0010817 0.000830341 0.199574 0.000442341 0.0691444 0.000269252 
7 0.25 78400000 12.4375 0.0166342 -1.01714 0.00544163 5.59414 0.0227522 112.352 1.09147 0.000395166 0.000845491 -0.0010817 0.000830341 0.199574 0.000442341 0.0691444 0.000267546 
7 0.25 78890000 12.4375 0.0166342 -1.01714 0.00544163 5.59414 0.0226982 112.352 1.09147 0.000395166 0.000841398 -0.0010817 0.000830341 0.199574 0.000442341 0.0691444 0.000266634 
7 0.25 79380000 12.4375 0.0164368 -1.01714 0.00544163 5.59414 0.0225724 112.352 1.08029 0.000395166 0.000846381 -0.0010817 0.000830341 0.199574 0.000442341 0.0691444 0.000266177 
7 0.25 79870000 12.4375 0.016424 -1.01714 0.00544163 5.59414 0.0225724 112.352 1.08029 0.000395166 0.000841058 -0.0010817 0.000830341 0.199574 0.000442341 0.0691444 0.000264523 
7 0.25 80360000 12.4353 0.0162983 -1.01665 0.0053511 5.59341 0.0227831 112.336 1.14416 0.000362847 0.000844022 -0.00130244 0.000942957 0.199545 0.000433985 0.0691575 0.000263025 
7 0.25 80850000 12.4353 0.0162645 -1.01665 0.0053511 5.59341 0.0227831 112.336 1.14416 0.000362847 0.000838981 -0.00130244 0.000942957 0.199545 0.000433985 0.0691575 0.000262842 
7 0.25 81340000 12.4353 0.0161863 -1.01665 0.0053511 5.59341 0.0227831 112.336 1.14416 0.000362847 0.000833955 -0.00130244 0.000942957 0.199545 0.000433985 0.0691575 0.000261283 
7 0.25 81830000 12.4353 0.0161913 -1.01665 0.0053511 5.59341 0.0227831 112.336 1.14416 0.000362847 0.000833955 -0.00130244 0.000942957 0.199545 0.000433985 0.0691575 0.000261283 
7 0.25 82320000 12.4353 0.01611 -1.01665 0.0053511 5.59341 0.0227831 112.336 1.14416 0.000362847 0.000837508 -0.00130244 0.000942957 0.199545 0.000433985 0.0691575 0.000259735 
7 0.25 82810000 12.4353 0.0160581 -1.01665 0.00522118 5.59341 0.0227831 112.336 1.14416 0.000362847 0.000833309 -0.00130244 0.000942957 0.199545 0.000433985 0.0691575 0.000258678 
7 0.25 83300000 12.4353 0.0159749 -1.01665 0.00522118 5.59341 0.0227831 112.336 1.14416 0.000362847 0.000828403 -0.00130244 0.000942957 0.199545 0.000433985 0.0691575 0.000257914 
7 0.25 83790000 12.4353 0.0159648 -1.01665 0.00522118 5.59341 0.0227831 112.336 1.14416 0.000362847 0.000823485 -0.00130244 0.000942957 0.199545 0.000433985 0.0691575 0.000256959 
7 0.25 84280000 12.4353 0.0159648 -1.01665 0.00522118 5.59341 0.0227831 112.336 1.14416 0.000362847 0.000819709 -0.00130244 0.000942957 0.199545 0.000433985 0.0691575 0.000256557 
7 0.25 84770000 12.4353 0.0158363 -1.01665 0.00515075 5.59341 0.0227831 112.336 1.14416 0.000362847 0.000816041 -0.00130244 0.000942957 0.199545 0.000433985 0.0691575 0.000254847 
7 0.25 85260000 12.4353 0.0158116 -1.01665 0.00515075 5.59341 0.0227831 112.336 1.14416 0.000362847 0.000811428 -0.00130244 0.000942957 0.199545 0.000433985 0.0691575 0.000254562 
7 0.25 85750000 12.4353 0.0157429 -1.01665 0.00515075 5.59341 0.0227831 112.336 1.14416 0.000362847 0.000806658 -0.00130244 0.000942957 0.199545 0.000433985 0.0691575 0.000253189 
7 0.25 86240000 12.4353 0.0157294 -1.01665 0.00515075 5.59341 0.0227831 112.336 1.14416 0.000362847 0.000804374 -0.00130244 0.000942957 0.199545 0.000433985 0.0691575 0.000253923 
7 0.25 86730000 12.4353 0.0156106 -1.01665 0.00506138 5.59341 0.0227831 112.336 1.14416 0.000362847 0.000804698 -0.00130244 0.000942957 0.199545 0.000433985 0.0691575 0.000253516 
7 0.25 87220000 12.4353 0.0156559 -1.01665 0.00506138 5.59341 0.0227831 112.336 1.14416 0.000362847 0.000803504 -0.00130244 0.000942957 0.199545 0.000433985 0.0691575 0.000252281 
7 0.25 87710000 12.4353 0.0155699 -1.01665 0.00506138 5.59341 0.0227831 112.336 1.14416 0.000362847 0.000800076 -0.00130244 0.000942957 0.199545 0.000433985 0.0691575 0.000250942 
7 0.25 88200000 12.4353 0.015528 -1.01665 0.00506138 5.59341 0.0227831 112.336 1.14416 0.000362847 0.000795782 -0.00130244 0.000942957 0.199545 0.000433985 0.0691575 0.00024965 
7 0.25 88690000 12.435 0.0154625 -1.01752 0.00499492 5.59054 0.0227831 112.141 1.14416 0.000522798 0.000791319 -0.00109473 0.000942957 0.199712 0.00042553 0.0692375 0.000248395 
7 0.25 89180000 12.435 0.0154175 -1.01752 0.00499492 5.59054 0.0227831 112.141 1.14416 0.000522798 0.000790209 -0.00109473 0.000942957 0.199712 0.00042553 0.0692375 0.000247032 
7 0.25 89670000 12.435 0.0154047 -1.01752 0.00499492 5.59054 0.0227831 112.141 1.14416 0.000522798 0.000785877 -0.00109473 0.000942957 0.199712 0.00042553 0.0692375 0.000245918 
7 0.25 90160000 12.435 0.0154047 -1.01752 0.00499492 5.59054 0.0227831 112.141 1.14416 0.000522798 0.000783146 -0.00109473 0.000942957 0.199712 0.00042553 0.0692375 0.000245239 
7 0.25 90650000 12.435 0.015284 -1.01752 0.00499492 5.59054 0.0227831 112.141 1.14416 0.000522798 0.000780322 -0.00109473 0.000942957 0.199712 0.00042553 0.0692375 0.00024454 
7 0.25 91140000 12.435 0.015284 -1.01752 0.00499492 5.59054 0.0227831 112.141 1.14416 0.000522798 0.000779528 -0.00109473 0.000942957 0.199712 0.00042553 0.0692375 0.000244927 
7 0.25 91630000 12.435 0.015206 -1.01752 0.00499492 5.59054 0.0227831 112.141 1.14416 0.000522798 0.000779528 -0.00109473 0.000942957 0.199712 0.00042553 0.0692375 0.000246492 
7 0.25 92120000 12.435 0.0151677 -1.01752 0.00499492 5.59054 0.0227831 112.141 1.14416 0.000522798 0.000779528 -0.00109473 0.000942957 0.199712 0.00042553 0.0692375 0.000246008 
7 0.25 92610000 12.435 0.0151505 -1.01752 0.00499492 5.59054 0.0227831 112.141 1.14416 0.000522798 0.000779528 -0.00109473 0.000942957 0.199712 0.00042553 0.0692375 0.000244743 
7 0.25 93100000 12.435 0.0151046 -1.01752 0.00499492 5.59054 0.0227831 112.141 1.14416 0.000522798 0.000779528 -0.00109473 0.000942957 0.199712 0.00042553 0.0692375 0.000243547 
7 0.25 93590000 12.435 0.0150949 -1.01752 0.00499492 5.59054 0.0227831 112.141 1.14416 0.000522798 0.000779528 -0.00109473 0.000942957 0.199712 0.00042553 0.0692375 0.000242264 
7 0.25 94080000 12.435 0.0150556 -1.01752 0.00499492 5.59054 0.0227831 112.141 1.14416 0.000522798 0.000779528 -0.00109473 0.000942957 0.199712 0.00042553 0.0692375 0.000242523 
7 0.25 94570000 12.435 0.0150047 -1.01752 0.00499492 5.59054 0.0227831 112.141 1.14416 0.000522798 0.000779528 -0.00109473 0.000942957 0.199712 0.00042553 0.0692375 0.000242028 
7 0.25 95060000 12.435 0.0149403 -1.01752 0.00499492 5.59054 0.0227831 112.141 1.14416 0.000522798 0.000779528 -0.00109473 0.000942957 0.199712 0.00042553 0.0692375 0.000240987 
7 0.25 95550000 12.435 0.0149524 -1.01752 0.00499492 5.59054 0.0227831 112.141 1.14416 0.000522798 0.000779528 -0.00109473 0.000942957 0.199712 0.00042553 0.0692375 0.00023973 
7 0.25 96040000 12.435 0.0149121 -1.01752 0.00499492 5.59054 0.0227831 112.141 1.14416 0.000522798 0.000779528 -0.00109473 0.000942957 0.199712 0.00042553 0.0692375 0.000239087 
7 0.25 96530000 12.4335 0.0148731 -1.01606 0.00472829 5.59258 0.0198998 112.269 0.955429 0.000702568 0.000760074 -0.00118889 0.000792605 0.199587 0.000407835 0.0691908 0.000238601 
7 0.25 97020000 12.4335 0.0148469 -1.01606 0.00472829 5.59258 0.0198998 112.269 0.955429 0.000702568 0.000769062 -0.00118889 0.000792605 0.199587 0.000407835 0.0691908 0.000238198 
7 0.25 97510000 12.4335 0.0147943 -1.01606 0.00472829 5.59258 0.0198998 112.269 0.955429 0.000702568 0.000765415 -0.00118889 0.000792605 0.199587 0.000407835 0.0691908 0.000237493 
7 0.25 98000000 12.4335 0.0147293 -1.01606 0.00472829 5.59258 0.0198998 112.269 0.955429 0.000702568 0.000761651 -0.00118889 0.000792605 0.199587 0.000407835 0.0691908 0.000236374 
7 0.25 98490000 12.4335 0.0146824 -1.01606 0.0046602 5.59258 0.0196742 112.269 0.955429 0.000702568 0.000757775 -0.00118889 0.000792605 0.199587 0.000407835 0.0691908 0.00023556 
7 0.25 98980000 12.4335 0.0146498 -1.01606 0.00467344 5.59258 0.0195803 112.269 0.955429 0.000702568 0.000753968 -0.00118889 0.000792605 0.199587 0.000407835 0.0691908 0.000234702 
7 0.25 99470000 12.4335 0.0146132 -1.01606 0.00465941 5.59258 0.0195095 112.269 0.955429 0.000702568 0.000750227 -0.00118889 0.000792605 0.199587 0.000407835 0.0691908 0.000233665 
7 0.25 99960000 12.4335 0.0145845 -1.01606 0.00464282 5.59258 0.0195095 112.269 0.955429 0.000702568 0.000746467 -0.00118889 0.000792605 0.199587 0.000407835 0.0691908 0.000233147 
