L J MC_steps R2 R2_std E E_std E2 E2_std E4 E4_std Sin1 Sin1_std Cos1 Cos1_std Mag2 Mag2_std Mag4 Mag4_std
8 1 640000 10.6116 0.267239 -6.94112 0.106211 55.8479 1.47238 4482.55 205.266 -0.00677444 0.0247287 0.00347484 0.0263486 0.559295 0.00885776 0.367419 0.00952327 
8 1 1280000 10.4955 0.182362 -6.90159 0.0672443 55.4912 0.945646 4464.4 142.987 -0.0208713 0.016048 -0.00209325 0.0183498 0.551108 0.00603407 0.359749 0.00679661 
8 1 1920000 10.7188 0.167632 -6.85811 0.0563361 54.8695 0.753842 4382.68 102.984 -0.0286055 0.0124559 -0.00974881 0.0147351 0.550121 0.00516162 0.358732 0.00525719 
8 1 2560000 10.8083 0.139831 -6.85748 0.0470929 54.7568 0.637611 4371.47 88.376 -0.0209725 0.0117428 -0.00233222 0.0122067 0.54928 0.00425202 0.357589 0.00433269 
8 1 3200000 10.8396 0.120694 -6.84727 0.0416741 54.5625 0.565204 4335.91 77.8205 -0.0164865 0.0104109 0.00409548 0.0107744 0.548101 0.00366296 0.356111 0.00377643 
8 1 3840000 10.88 0.110765 -6.83649 0.0374488 54.4887 0.507105 4335.57 69.742 -0.0131736 0.0097927 0.00211376 0.00964046 0.547922 0.0032004 0.355923 0.00334206 
8 1 4480000 10.9555 0.113712 -6.81543 0.0350417 54.2567 0.472142 4313.05 64.3952 -0.00612086 0.00919966 0.00879157 0.00879703 0.546201 0.00304237 0.354058 0.00313917 
8 1 5120000 10.9891 0.106106 -6.81499 0.0329061 54.3045 0.441345 4325.82 60.1688 -0.000759798 0.0106209 0.00522449 0.00823219 0.547049 0.00285415 0.355384 0.00293491 
8 1 5760000 10.9582 0.0942421 -6.83079 0.0311224 54.4425 0.417027 4328.09 56.8655 0.00248824 0.00991803 0.00357073 0.00779758 0.548481 0.00275509 0.35664 0.00280498 
8 1 6400000 10.9465 0.0850888 -6.83778 0.0297515 54.4766 0.398571 4321.87 54.2402 0.00150443 0.00881613 0.00270797 0.00724631 0.548685 0.00256946 0.356451 0.00262194 
8 1 7040000 10.9164 0.100686 -6.83457 0.0282501 54.4447 0.379237 4318.48 51.6702 2.76628e-05 0.010543 0.00331663 0.00686295 0.54814 0.00246461 0.355948 0.00253006 
8 1 7680000 10.9208 0.100686 -6.82893 0.0268516 54.3406 0.360402 4302.59 49.1789 0.00057966 0.010543 0.00037477 0.00664904 0.547048 0.00235822 0.354892 0.00241858 
8 1 8320000 10.8766 0.0914261 -6.83457 0.0259632 54.455 0.346156 4324.96 47.1098 0.00241655 0.00905239 0.00134728 0.00645398 0.547753 0.00225829 0.355632 0.00231456 
8 1 8960000 10.8792 0.0914261 -6.8394 0.0246801 54.5268 0.329447 4335.69 45.0345 0.00408427 0.00905239 0.00402227 0.00632055 0.5478 0.00215048 0.355765 0.00221004 
8 1 9600000 10.8644 0.079179 -6.85057 0.0239919 54.6734 0.318917 4355.56 43.3998 0.000932724 0.00787986 0.00263017 0.00601145 0.549123 0.00209442 0.356865 0.00214742 
8 1 10240000 10.8424 0.079179 -6.8545 0.0231489 54.7926 0.309012 4380.04 42.3299 0.000685456 0.00787986 0.00290101 0.00578988 0.548737 0.0019987 0.356617 0.00205354 
8 1 10880000 10.8711 0.0760763 -6.85221 0.0218249 54.7748 0.292887 4381.5 40.2134 0.00291335 0.00713946 0.00500857 0.00568064 0.548792 0.00192923 0.35665 0.00197556 
8 1 11520000 10.8614 0.0722108 -6.85194 0.0210841 54.7661 0.282889 4382.98 39.1101 0.00153049 0.00713946 0.00441215 0.00552694 0.549095 0.00186331 0.356878 0.00190197 
8 1 12160000 10.873 0.0691251 -6.85378 0.0207692 54.7952 0.276616 4384.02 37.6709 0.00292075 0.00634619 0.00725864 0.00566444 0.549784 0.00181277 0.357631 0.00184599 
8 1 12800000 10.8639 0.0660896 -6.85725 0.0201158 54.8608 0.268333 4394.61 36.5698 0.00205605 0.00634619 0.00484401 0.00585841 0.550093 0.00175125 0.358013 0.0017866 
8 1 13440000 10.8658 0.0629019 -6.8573 0.019367 54.8601 0.262579 4395.12 42.1068 0.00266302 0.00634155 0.00356759 0.00570284 0.550397 0.00168457 0.358296 0.00172656 
8 1 14080000 10.8658 0.0629019 -6.8573 0.0190977 54.8601 0.262579 4395.12 42.1068 0.00266302 0.00634155 0.00356759 0.00549966 0.550397 0.00167553 0.358296 0.00169219 
8 1 14720000 10.8459 0.0629019 -6.8629 0.0186366 54.9234 0.262579 4401.25 42.1068 0.00177584 0.00634155 0.00374183 0.00529552 0.550658 0.00167553 0.358532 0.00166134 
8 1 15360000 10.8459 0.0629019 -6.8629 0.0185785 54.9234 0.262579 4401.25 42.1068 0.00177584 0.00634155 0.00374183 0.00506528 0.550658 0.00167553 0.358532 0.00166134 
8 1 16000000 10.8455 0.0555914 -6.85698 0.0179674 54.8336 0.238133 4390.08 35.3892 0.00206713 0.00531255 0.00271934 0.00495596 0.54988 0.00155173 0.357698 0.00158837 
8 1 16640000 10.8455 0.0555914 -6.85698 0.0176332 54.8336 0.233299 4390.08 35.3892 0.00206713 0.00531255 0.00271934 0.00483022 0.54988 0.00151848 0.357698 0.00155695 
8 1 17280000 10.8374 0.0555914 -6.85928 0.0173608 54.8792 0.230177 4398.38 35.3892 0.00286771 0.00531255 0.000831482 0.00475444 0.549843 0.00149053 0.357807 0.00153256 
8 1 17920000 10.8374 0.0555914 -6.85928 0.0170369 54.8792 0.225337 4398.38 35.3892 0.00286771 0.00531255 0.000831482 0.00469442 0.549843 0.00147414 0.357807 0.00149641 
8 1 18560000 10.8211 0.0527297 -6.8563 0.016828 54.858 0.222433 4397.37 31.0754 0.00406119 0.00491361 -5.20082e-05 0.00452997 0.54968 0.00143294 0.357648 0.00147019 
8 1 19200000 10.8211 0.0527297 -6.8563 0.0166894 54.858 0.220148 4397.37 31.0754 0.00406119 0.00491361 -5.20082e-05 0.00442564 0.54968 0.00142328 0.357648 0.00145907 
8 1 19840000 10.828 0.0527297 -6.85221 0.0165042 54.7974 0.218042 4388.59 31.0754 0.00403582 0.00491361 0.00123168 0.00431808 0.549276 0.00140487 0.357255 0.00144039 
8 1 20480000 10.828 0.0527297 -6.85221 0.0162103 54.7974 0.213608 4388.59 31.0754 0.00403582 0.00491361 0.00123168 0.0042929 0.549276 0.00137536 0.357255 0.00141008 
8 1 21120000 10.8367 0.0483687 -6.84928 0.0153211 54.7681 0.204531 4386.95 28.8868 0.0055558 0.00456024 0.00074749 0.00418955 0.548875 0.00134757 0.356942 0.00134859 
8 1 21760000 10.8367 0.0483687 -6.84928 0.0150329 54.7681 0.200862 4386.95 28.8868 0.0055558 0.0045466 0.00074749 0.00406731 0.548875 0.00134757 0.356942 0.00131945 
8 1 22400000 10.8416 0.0483687 -6.85196 0.0147299 54.7912 0.196879 4386.32 28.8868 0.00673991 0.00452101 0.000186193 0.0040181 0.549143 0.00134757 0.357235 0.00129761 
8 1 23040000 10.8416 0.0483687 -6.85196 0.0157535 54.7912 0.206718 4386.32 28.8868 0.00673991 0.00452101 0.000186193 0.00392132 0.549143 0.0013812 0.357235 0.00137296 
8 1 23680000 10.8097 0.0499609 -6.86697 0.0204706 54.988 0.265375 4410.94 34.2186 0.00682191 0.00419222 0.000786854 0.0038674 0.550213 0.0017395 0.358274 0.00170506 
8 1 24320000 10.8097 0.0499609 -6.86697 0.0204706 54.988 0.265375 4410.94 34.2186 0.00682191 0.00419222 0.000786854 0.00378277 0.550213 0.0017395 0.358274 0.00170506 
8 1 24960000 10.8097 0.0499609 -6.86697 0.0204706 54.988 0.265375 4410.94 34.2186 0.00682191 0.00419222 0.000786854 0.00377823 0.550213 0.0017395 0.358274 0.00170506 
8 1 25600000 10.8183 0.0499609 -6.86744 0.0204706 54.9585 0.265375 4402.88 34.2186 0.00582761 0.00419222 0.00153084 0.00369981 0.549945 0.0017395 0.357953 0.00170506 
8 1 26240000 10.8183 0.0499609 -6.86744 0.0204706 54.9585 0.265375 4402.88 34.2186 0.00582761 0.00419222 0.00153084 0.00378523 0.549945 0.0017395 0.357953 0.00170506 
8 1 26880000 10.8268 0.047795 -6.87157 0.0227551 55.0167 0.258828 4410.89 31.2216 0.00581133 0.0038929 0.00227972 0.00371388 0.550391 0.0016613 0.358506 0.00160428 
8 1 27520000 10.8268 0.047795 -6.87157 0.0227551 55.0167 0.258828 4410.89 31.2216 0.00581133 0.00418813 0.00227972 0.00365194 0.550391 0.0016613 0.358506 0.00160428 
8 1 28160000 10.8268 0.047795 -6.87157 0.0227551 55.0167 0.258828 4410.89 30.7968 0.00581133 0.00408854 0.00227972 0.00362621 0.550391 0.0016613 0.358506 0.00160428 
8 1 28800000 10.8268 0.047795 -6.87157 0.0227551 55.0167 0.258828 4410.89 30.7968 0.00581133 0.00408717 0.00227972 0.00374632 0.550391 0.0016613 0.358506 0.00160428 
8 1 29440000 10.82 0.0439187 -6.86385 0.0227551 54.9393 0.258828 4405.4 29.2943 0.00214491 0.00497445 0.000503592 0.00367583 0.549475 0.00167693 0.357752 0.00160428 
8 1 30080000 10.82 0.0439187 -6.86385 0.0227551 54.9393 0.258828 4405.4 29.2943 0.00214491 0.00497445 0.000503592 0.00359661 0.549475 0.00167693 0.357752 0.00160428 
8 1 30720000 10.82 0.0439187 -6.86385 0.0227551 54.9393 0.258828 4405.4 28.482 0.00214491 0.00497445 0.000503592 0.00354552 0.549475 0.00167693 0.357752 0.00160428 
8 1 31360000 10.82 0.0439187 -6.86385 0.0227551 54.9393 0.258828 4405.4 28.482 0.00214491 0.00497445 0.000503592 0.00352021 0.549475 0.00167693 0.357752 0.00160428 
8 1 32000000 10.8122 0.0409582 -6.86449 0.020035 54.9434 0.225837 4405.96 27.4657 0.00105565 0.00480655 -5.62852e-05 0.00345714 0.549604 0.00155964 0.358084 0.00148459 
8 1 32640000 10.8122 0.0409582 -6.86449 0.020035 54.9434 0.225837 4405.96 27.4657 0.00105565 0.00480655 -5.62852e-05 0.0033936 0.549604 0.00155964 0.358084 0.00148459 
8 1 33280000 10.8122 0.0409582 -6.86449 0.020035 54.9434 0.225837 4405.96 27.3592 0.00105565 0.00480655 -5.62852e-05 0.00333043 0.549604 0.00155964 0.358084 0.00148459 
8 1 33920000 10.8122 0.0409582 -6.86449 0.020035 54.9434 0.225837 4405.96 27.3592 0.00105565 0.00480655 -5.62852e-05 0.00327387 0.549604 0.00155964 0.358084 0.00148459 
8 1 34560000 10.8108 0.0378315 -6.87126 0.020035 55.0372 0.225837 4419.66 27.4622 0.000874611 0.00480655 -0.000775967 0.00325194 0.549912 0.00155964 0.358561 0.00144509 
8 1 35200000 10.8108 0.0378315 -6.87126 0.020035 55.0372 0.225837 4419.66 27.4622 0.000874611 0.00480655 -0.000775967 0.00328072 0.549912 0.00155964 0.358561 0.00144509 
8 1 35840000 10.8108 0.0378315 -6.87126 0.020035 55.0372 0.225837 4419.66 27.4622 0.000874611 0.00480655 -0.000775967 0.00323198 0.549912 0.00155964 0.358561 0.00144509 
8 1 36480000 10.8108 0.0378315 -6.87126 0.020035 55.0372 0.225837 4419.66 27.4622 0.000874611 0.00480655 -0.000775967 0.00317418 0.549912 0.00155964 0.358561 0.00144509 
8 1 37120000 10.7983 0.0371159 -6.87415 0.0193627 55.0938 0.23844 4429.65 29.3146 -0.000268371 0.00429839 -0.000400708 0.0031177 0.550111 0.00141672 0.358767 0.0013565 
8 1 37760000 10.7983 0.0371159 -6.87415 0.0193627 55.0938 0.23844 4429.65 29.3146 -0.000268371 0.00429839 -0.000400708 0.00306492 0.550111 0.00141672 0.358767 0.0013565 
8 1 38400000 10.7983 0.0371159 -6.87415 0.0193627 55.0938 0.23844 4429.65 29.3146 -0.000268371 0.00429839 -0.000400708 0.00302017 0.550111 0.00141672 0.358767 0.0013565 
8 1 39040000 10.7983 0.0371159 -6.87415 0.0193627 55.0938 0.23844 4429.65 29.3146 -0.000268371 0.00429839 -0.000400708 0.00297637 0.550111 0.00141672 0.358767 0.0013565 
8 1 39680000 10.8019 0.0348107 -6.87514 0.0193627 55.0943 0.23844 4428.88 29.3146 -0.000257828 0.00429839 -2.40493e-06 0.00293032 0.550161 0.00141672 0.358757 0.00135 
8 1 40320000 10.8019 0.0348107 -6.87514 0.0193627 55.0943 0.23844 4428.88 29.3146 -0.000257828 0.00429839 -2.40493e-06 0.0029449 0.550161 0.00141672 0.358757 0.00135 
8 1 40960000 10.8019 0.0348107 -6.87514 0.0193627 55.0943 0.23844 4428.88 29.3146 -0.000257828 0.00429839 -2.40493e-06 0.00291606 0.550161 0.00141672 0.358757 0.00135 
8 1 41600000 10.8019 0.0348107 -6.87514 0.0193627 55.0943 0.23844 4428.88 29.3146 -0.000257828 0.00429839 -2.40493e-06 0.00289348 0.550161 0.00141672 0.358757 0.00135 
8 1 42240000 10.7962 0.0330959 -6.87812 0.0173433 55.1311 0.211541 4434.03 25.9749 0.000537104 0.00383582 -0.000351842 0.00287507 0.550325 0.00125577 0.358983 0.00120709 
8 1 42880000 10.7962 0.0330959 -6.87812 0.0173433 55.1311 0.211541 4434.03 25.9749 0.000537104 0.00383582 -0.000351842 0.00283482 0.550325 0.00125577 0.358983 0.00120709 
8 1 43520000 10.7962 0.0330959 -6.87812 0.0173433 55.1311 0.211541 4434.03 25.9749 0.000537104 0.00383582 -0.000351842 0.00279789 0.550325 0.00125577 0.358983 0.00120709 
8 1 44160000 10.7962 0.0330959 -6.87812 0.0173433 55.1311 0.211541 4434.03 25.9749 0.000537104 0.00383582 -0.000351842 0.00276445 0.550325 0.00125577 0.358983 0.00120709 
8 1 44800000 10.7982 0.031209 -6.87622 0.0173433 55.1102 0.211541 4433.68 25.9749 -0.00016982 0.00383582 -0.000139739 0.00272483 0.550119 0.00125577 0.358789 0.00119842 
8 1 45440000 10.7982 0.031209 -6.87622 0.0173433 55.1102 0.211541 4433.68 25.9749 -0.00016982 0.00383582 -0.000139739 0.0026914 0.550119 0.00125577 0.358789 0.00119842 
8 1 46080000 10.7982 0.031209 -6.87622 0.0173433 55.1102 0.211541 4433.68 25.9749 -0.00016982 0.00383582 -0.000139739 0.00265618 0.550119 0.00125577 0.358789 0.00119842 
8 1 46720000 10.7982 0.031209 -6.87622 0.0173433 55.1102 0.211541 4433.68 25.9749 -0.00016982 0.00383582 -0.000139739 0.00274566 0.550119 0.00125577 0.358789 0.00119842 
8 1 47360000 10.807 0.0306826 -6.87415 0.0158628 55.0808 0.193937 4427.74 23.8387 -0.000368206 0.00351483 -0.000506539 0.0027515 0.550119 0.0011331 0.358705 0.00109721 
8 1 48000000 10.807 0.0306826 -6.87415 0.0158628 55.0808 0.193937 4427.74 23.8387 -0.000368206 0.00351483 -0.000506539 0.00273295 0.550119 0.0011331 0.358705 0.00109721 
8 1 48640000 10.807 0.0306826 -6.87415 0.0158628 55.0808 0.193937 4427.74 23.8387 -0.000368206 0.00351483 -0.000506539 0.00270711 0.550119 0.0011331 0.358705 0.00109721 
8 1 49280000 10.807 0.0306826 -6.87415 0.0158628 55.0808 0.193937 4427.74 23.8387 -0.000368206 0.00351483 -0.000506539 0.00267649 0.550119 0.0011331 0.358705 0.00109721 
8 1 49920000 10.8128 0.0300043 -6.87249 0.0158628 55.0597 0.193937 4424.92 23.8387 -0.000313784 0.00351483 0.00076965 0.0026937 0.549897 0.0011331 0.358519 0.00109721 
8 1 50560000 10.8128 0.0300043 -6.87249 0.0158628 55.0597 0.193937 4424.92 23.8387 -0.000313784 0.00351483 0.00076965 0.00265923 0.549897 0.0011331 0.358519 0.00109721 
8 1 51200000 10.8128 0.0296092 -6.87249 0.0158628 55.0597 0.193937 4424.92 23.8387 -0.000313784 0.00351483 0.00076965 0.00262533 0.549897 0.0011331 0.358519 0.00109721 
8 1 51840000 10.8128 0.0296092 -6.87249 0.0158628 55.0597 0.193937 4424.92 23.8387 -0.000313784 0.00351483 0.00076965 0.00259264 0.549897 0.0011331 0.358519 0.00109721 
8 1 52480000 10.8128 0.0296092 -6.87249 0.0158628 55.0597 0.193937 4424.92 23.8387 -0.000313784 0.00351483 0.00076965 0.00259264 0.549897 0.0011331 0.358519 0.00109721 
8 1 53120000 10.8192 0.0288629 -6.86623 0.0161319 54.9737 0.210061 4413.47 28.3819 2.87764e-05 0.00318568 0.000748891 0.00256074 0.549307 0.00127771 0.357897 0.00128529 
8 1 53760000 10.8192 0.0288629 -6.86623 0.0161319 54.9737 0.210061 4413.47 28.3819 2.87764e-05 0.00318568 0.000748891 0.00253123 0.549307 0.00127771 0.357897 0.00128529 
8 1 54400000 10.8192 0.0288294 -6.86623 0.0161319 54.9737 0.210061 4413.47 28.3819 2.87764e-05 0.00318568 0.000748891 0.00250864 0.549307 0.00127771 0.357897 0.00128529 
8 1 55040000 10.8192 0.0288294 -6.86623 0.0161319 54.9737 0.210061 4413.47 28.3819 2.87764e-05 0.00318568 0.000748891 0.00247845 0.549307 0.00127771 0.357897 0.00128529 
8 1 55680000 10.8192 0.0297588 -6.86623 0.0161319 54.9737 0.210061 4413.47 28.3819 2.87764e-05 0.00318568 0.000748891 0.00246185 0.549307 0.00127771 0.357897 0.00128529 
8 1 56320000 10.8192 0.0297588 -6.86623 0.0161319 54.9737 0.210061 4413.47 28.3819 2.87764e-05 0.00318568 0.000748891 0.00244447 0.549307 0.00127771 0.357897 0.00128529 
8 1 56960000 10.8192 0.0297588 -6.86623 0.0161319 54.9737 0.210061 4413.47 28.3819 2.87764e-05 0.00318568 0.000748891 0.00243079 0.549307 0.00127771 0.357897 0.00128529 
8 1 57600000 10.8192 0.0297588 -6.86623 0.0161319 54.9737 0.210061 4413.47 28.3819 2.87764e-05 0.00318568 0.000748891 0.00240967 0.549307 0.00127771 0.357897 0.00128529 
8 1 58240000 10.7992 0.0295394 -6.87089 0.0160708 55.0222 0.210061 4419.28 28.3819 0.00025359 0.002904 0.00107127 0.00239451 0.549781 0.0012462 0.358264 0.00128529 
8 1 58880000 10.7992 0.0295394 -6.87089 0.0160708 55.0222 0.210061 4419.28 28.3819 0.00025359 0.002904 0.00107127 0.00237447 0.549781 0.0012462 0.358264 0.00128529 
8 1 59520000 10.7992 0.0295394 -6.87089 0.0160708 55.0222 0.210061 4419.28 28.3819 0.00025359 0.002904 0.00107127 0.00238023 0.549781 0.0012462 0.358264 0.00128529 
8 1 60160000 10.7992 0.0295394 -6.87089 0.0160708 55.0222 0.210061 4419.28 28.3819 0.00025359 0.002904 0.00107127 0.00236369 0.549781 0.0012462 0.358264 0.00128529 
8 1 60800000 10.7992 0.0294883 -6.87089 0.0160708 55.0222 0.210061 4419.28 28.3819 0.00025359 0.002904 0.00107127 0.00235733 0.549781 0.0012462 0.358264 0.00128529 
8 1 61440000 10.7992 0.0294883 -6.87089 0.0160708 55.0222 0.210061 4419.28 28.3819 0.00025359 0.002904 0.00107127 0.00234144 0.549781 0.0012462 0.358264 0.00128529 
8 1 62080000 10.7992 0.0294883 -6.87089 0.0160708 55.0222 0.210061 4419.28 28.3819 0.00025359 0.002904 0.00107127 0.0023362 0.549781 0.0012462 0.358264 0.00128529 
8 1 62720000 10.7992 0.0294883 -6.87089 0.0160708 55.0222 0.210061 4419.28 28.3819 0.00025359 0.002904 0.00107127 0.00234717 0.549781 0.0012462 0.358264 0.00128529 
8 1 63360000 10.8037 0.0273963 -6.87265 0.0146155 55.0487 0.187983 4424.13 25.5776 0.000538499 0.00267594 0.000565287 0.00243948 0.549629 0.0011516 0.358119 0.00109851 
8 1 64000000 10.8037 0.0273963 -6.87265 0.0146155 55.0487 0.187983 4424.13 25.5776 0.000538499 0.00267594 0.000565287 0.00243948 0.549629 0.0011516 0.358119 0.00109851 
8 1 64640000 10.8037 0.0273963 -6.87265 0.0146155 55.0487 0.187983 4424.13 25.5776 0.000538499 0.00267594 0.000565287 0.00243948 0.549629 0.0011516 0.358119 0.00109851 
8 1 65280000 10.8037 0.0273963 -6.87265 0.0146155 55.0487 0.187983 4424.13 25.5776 0.000538499 0.00267594 0.000565287 0.00243948 0.549629 0.0011516 0.358119 0.00109851 
8 1 65920000 10.8037 0.0273763 -6.87265 0.0146155 55.0487 0.187983 4424.13 25.5776 0.000538499 0.00267594 0.000565287 0.00240808 0.549629 0.0011516 0.358119 0.00109851 
8 1 66560000 10.8037 0.0273763 -6.87265 0.0146155 55.0487 0.187983 4424.13 25.5776 0.000538499 0.00267594 0.000565287 0.00240808 0.549629 0.0011516 0.358119 0.00109851 
8 1 67200000 10.8037 0.0273763 -6.87265 0.0146155 55.0487 0.187983 4424.13 25.5776 0.000538499 0.00267594 0.000565287 0.00240808 0.549629 0.0011516 0.358119 0.00109851 
8 1 67840000 10.8037 0.0273763 -6.87265 0.0146155 55.0487 0.187983 4424.13 25.5776 0.000538499 0.00267594 0.000565287 0.00240808 0.549629 0.0011516 0.358119 0.00109851 
8 1 68480000 10.7963 0.0273231 -6.87242 0.0146155 55.0514 0.187983 4425.02 25.5776 0.000647928 0.00252842 0.00121646 0.00231675 0.549606 0.00106323 0.358091 0.00108999 
8 1 69120000 10.7963 0.0273231 -6.87242 0.0146155 55.0514 0.187983 4425.02 25.5776 0.000647928 0.00252842 0.00121646 0.00231675 0.549606 0.00106323 0.358091 0.00108999 
8 1 69760000 10.7963 0.0273231 -6.87242 0.0146155 55.0514 0.187983 4425.02 25.5776 0.000647928 0.00253763 0.00121646 0.00231675 0.549606 0.00106323 0.358091 0.00108999 
8 1 70400000 10.7963 0.0273231 -6.87242 0.0146155 55.0514 0.187983 4425.02 25.5776 0.000647928 0.00253763 0.00121646 0.00231675 0.549606 0.00106323 0.358091 0.00108999 
8 1 71040000 10.7963 0.0275018 -6.87242 0.0146155 55.0514 0.187983 4425.02 25.5776 0.000647928 0.00249386 0.00121646 0.00224761 0.549606 0.00106323 0.358091 0.00108999 
8 1 71680000 10.7963 0.0275018 -6.87242 0.0146155 55.0514 0.187983 4425.02 25.5776 0.000647928 0.00249386 0.00121646 0.00224761 0.549606 0.00106323 0.358091 0.00108999 
8 1 72320000 10.7963 0.0275018 -6.87242 0.0146155 55.0514 0.187983 4425.02 25.5776 0.000647928 0.00249699 0.00121646 0.00224761 0.549606 0.00106323 0.358091 0.00108999 
8 1 72960000 10.7963 0.0275018 -6.87242 0.0146155 55.0514 0.187983 4425.02 25.5776 0.000647928 0.00249699 0.00121646 0.00224761 0.549606 0.00106323 0.358091 0.00108999 
8 1 73600000 10.8139 0.0296675 -6.87107 0.0126117 55.0283 0.162239 4421.03 22.1114 -7.53465e-05 0.00251219 0.00182242 0.00219108 0.549399 0.00100735 0.357887 0.000962196 
8 1 74240000 10.8139 0.0296675 -6.87107 0.0126117 55.0283 0.162239 4421.03 22.1114 -7.53465e-05 0.00251219 0.00182242 0.00219108 0.549399 0.00100735 0.357887 0.000962196 
8 1 74880000 10.8139 0.0296675 -6.87107 0.0126117 55.0283 0.162239 4421.03 22.1114 -7.53465e-05 0.00253193 0.00182242 0.00219108 0.549399 0.00100735 0.357887 0.000962196 
8 1 75520000 10.8139 0.0296675 -6.87107 0.0126117 55.0283 0.162239 4421.03 22.1114 -7.53465e-05 0.00253193 0.00182242 0.00219108 0.549399 0.00100735 0.357887 0.000962196 
8 1 76160000 10.8139 0.0296675 -6.87107 0.0126117 55.0283 0.162239 4421.03 22.1114 -7.53465e-05 0.00248936 0.00182242 0.00214262 0.549399 0.00100735 0.357887 0.000962196 
8 1 76800000 10.8139 0.0296675 -6.87107 0.0126117 55.0283 0.162239 4421.03 22.1114 -7.53465e-05 0.00248936 0.00182242 0.00214262 0.549399 0.00100735 0.357887 0.000962196 
8 1 77440000 10.8139 0.0296675 -6.87107 0.0126117 55.0283 0.162239 4421.03 22.1114 -7.53465e-05 0.00245348 0.00182242 0.00214262 0.549399 0.00100735 0.357887 0.000962196 
8 1 78080000 10.8139 0.0296675 -6.87107 0.0126117 55.0283 0.162239 4421.03 22.1114 -7.53465e-05 0.00245348 0.00182242 0.00214262 0.549399 0.00100735 0.357887 0.000962196 
8 1 78720000 10.813 0.0277034 -6.87042 0.0126117 55.0238 0.162239 4422.36 22.1114 -6.91457e-05 0.00243238 0.00211073 0.00216297 0.549362 0.000940871 0.35781 0.000958592 
8 1 79360000 10.813 0.0277034 -6.87042 0.0126117 55.0238 0.162239 4422.36 22.1114 -6.91457e-05 0.00243238 0.00211073 0.00216297 0.549362 0.000940871 0.35781 0.000958592 
8 1 80000000 10.813 0.0277034 -6.87042 0.0126117 55.0238 0.162239 4422.36 22.1114 -6.91457e-05 0.00243238 0.00211073 0.00216297 0.549362 0.000940871 0.35781 0.000958592 
8 1 80640000 10.813 0.0277034 -6.87042 0.0126117 55.0238 0.162239 4422.36 22.1114 -6.91457e-05 0.00239833 0.00211073 0.00216297 0.549362 0.000940871 0.35781 0.000958592 
8 1 81280000 10.813 0.0277034 -6.87042 0.0126117 55.0238 0.162239 4422.36 22.1114 -6.91457e-05 0.00239833 0.00211073 0.00216297 0.549362 0.000940871 0.35781 0.000958592 
8 1 81920000 10.813 0.0277034 -6.87042 0.0126117 55.0238 0.162239 4422.36 22.1114 -6.91457e-05 0.00235969 0.00211073 0.00209325 0.549362 0.000940871 0.35781 0.000958592 
8 1 82560000 10.813 0.0277034 -6.87042 0.0126117 55.0238 0.162239 4422.36 22.1114 -6.91457e-05 0.00235969 0.00211073 0.00209325 0.549362 0.000940871 0.35781 0.000958592 
8 1 83200000 10.813 0.0277034 -6.87042 0.0126117 55.0238 0.162239 4422.36 22.1114 -6.91457e-05 0.00232287 0.00211073 0.00209325 0.549362 0.000940871 0.35781 0.000958592 
8 1 83840000 10.813 0.0277034 -6.87042 0.0126117 55.0238 0.162239 4422.36 22.1114 -6.91457e-05 0.00232287 0.00211073 0.00209325 0.549362 0.000940871 0.35781 0.000958592 
8 1 84480000 10.8065 0.0267232 -6.8713 0.0110373 55.0363 0.142158 4425.31 19.7581 -0.000208391 0.00228693 0.00227836 0.00203343 0.549321 0.000882917 0.357695 0.000858657 
8 1 85120000 10.8065 0.0267232 -6.8713 0.0110373 55.0363 0.142158 4425.31 19.7581 -0.000208391 0.00228693 0.00227836 0.00203343 0.549321 0.000882917 0.357695 0.000858657 
8 1 85760000 10.8065 0.0267232 -6.8713 0.0110373 55.0363 0.142158 4425.31 19.7581 -0.000208391 0.00225569 0.00227836 0.00203343 0.549321 0.000882917 0.357695 0.000858657 
8 1 86400000 10.8065 0.0267232 -6.8713 0.0110373 55.0363 0.142158 4425.31 19.7581 -0.000208391 0.00225569 0.00227836 0.00203343 0.549321 0.000882917 0.357695 0.000858657 
8 1 87040000 10.8065 0.0267232 -6.8713 0.0110373 55.0363 0.142158 4425.31 19.7581 -0.000208391 0.00222171 0.00227836 0.00197421 0.549321 0.000882917 0.357695 0.000857875 
8 1 87680000 10.8065 0.0267232 -6.8713 0.0110373 55.0363 0.142158 4425.31 19.7581 -0.000208391 0.00222171 0.00227836 0.00197421 0.549321 0.000882917 0.357695 0.000857875 
8 1 88320000 10.8065 0.0267232 -6.8713 0.0110373 55.0363 0.142158 4425.31 19.7581 -0.000208391 0.00218863 0.00227836 0.00197421 0.549321 0.000882917 0.357695 0.000857875 
8 1 88960000 10.8065 0.0267232 -6.8713 0.0110373 55.0363 0.142158 4425.31 19.7581 -0.000208391 0.00218863 0.00227836 0.00197421 0.549321 0.000882917 0.357695 0.000857875 
8 1 89600000 10.8124 0.0258065 -6.86881 0.0110373 55.0009 0.142158 4420.42 19.7581 0.000361594 0.00219704 0.0025629 0.001953 0.549154 0.000858766 0.357512 0.000870964 
8 1 90240000 10.8124 0.0258065 -6.86881 0.0110373 55.0009 0.142158 4420.42 19.7581 0.000361594 0.00219704 0.0025629 0.001953 0.549154 0.000858766 0.357512 0.000870964 
8 1 90880000 10.8124 0.0258065 -6.86881 0.0110373 55.0009 0.142158 4420.42 19.7581 0.000361594 0.00219955 0.0025629 0.001953 0.549154 0.000858766 0.357512 0.000870964 
8 1 91520000 10.8124 0.0258065 -6.86881 0.0110373 55.0009 0.142158 4420.42 19.7581 0.000361594 0.00219955 0.0025629 0.001953 0.549154 0.000858766 0.357512 0.000870964 
8 1 92160000 10.8124 0.0258065 -6.86881 0.0110373 55.0009 0.142158 4420.42 19.7581 0.000361594 0.00216835 0.0025629 0.00196845 0.549154 0.000846626 0.357512 0.0008615 
8 1 92800000 10.8124 0.0258065 -6.86881 0.0110373 55.0009 0.142158 4420.42 19.7581 0.000361594 0.00216835 0.0025629 0.00196845 0.549154 0.000846626 0.357512 0.0008615 
8 1 93440000 10.8124 0.0258065 -6.86881 0.0110373 55.0009 0.142158 4420.42 19.7581 0.000361594 0.00215219 0.0025629 0.00196845 0.549154 0.000846626 0.357512 0.0008615 
8 1 94080000 10.8124 0.0258065 -6.86881 0.0110373 55.0009 0.142158 4420.42 19.7581 0.000361594 0.00215219 0.0025629 0.00196845 0.549154 0.000846626 0.357512 0.0008615 
8 1 94720000 10.8187 0.0251296 -6.87136 0.0101092 55.0289 0.128696 4423.04 17.6926 0.00110904 0.00212674 0.00199197 0.00191415 0.549344 0.000823035 0.357767 0.000842336 
8 1 95360000 10.8187 0.0251296 -6.87136 0.0101092 55.0289 0.128696 4423.04 17.6926 0.00110904 0.00212674 0.00199197 0.00191415 0.549344 0.000823035 0.357767 0.000842336 
8 1 96000000 10.8187 0.0251296 -6.87136 0.0101092 55.0289 0.128696 4423.04 17.6926 0.00110904 0.00211736 0.00199197 0.00191415 0.549344 0.000823035 0.357767 0.000842336 
8 1 96640000 10.8187 0.0251296 -6.87136 0.0101092 55.0289 0.128696 4423.04 17.6926 0.00110904 0.00211736 0.00199197 0.00191415 0.549344 0.000823035 0.357767 0.000842336 
8 1 97280000 10.8187 0.0251296 -6.87136 0.0101092 55.0289 0.126554 4423.04 17.6926 0.00110904 0.0020943 0.00199197 0.00186282 0.549344 0.000820514 0.357767 0.000825763 
8 1 97920000 10.8187 0.0251296 -6.87136 0.0101092 55.0289 0.126554 4423.04 17.6926 0.00110904 0.0020943 0.00199197 0.00186282 0.549344 0.000820514 0.357767 0.000825763 
8 1 98560000 10.8187 0.0251296 -6.87136 0.0101092 55.0289 0.126554 4423.04 17.6926 0.00110904 0.00208525 0.00199197 0.00186282 0.549344 0.000820514 0.357767 0.000825763 
8 1 99200000 10.8187 0.0251296 -6.87136 0.0101092 55.0289 0.126554 4423.04 17.6926 0.00110904 0.00208525 0.00199197 0.00186282 0.549344 0.000820514 0.357767 0.000825763 
8 1 99840000 10.8189 0.0238075 -6.87137 0.00981108 55.0306 0.126554 4423.31 17.6926 0.00125849 0.00207844 0.00163883 0.00184004 0.549393 0.000791911 0.357791 0.000807693 
