L J MC_steps R2 R2_std E E_std E2 E2_std E4 E4_std Sin1 Sin1_std Cos1 Cos1_std Mag2 Mag2_std Mag4 Mag4_std
9 0.5 810000 17.5201 0.357148 -3.40196 0.125877 20.1001 1.11342 1036.17 108.625 -0.00798158 0.0118351 0.0110013 0.0148582 0.253396 0.00695494 0.102236 0.00483412 
9 0.5 1620000 17.8175 0.241552 -3.33026 0.115515 19.6809 0.899758 1002.23 74.397 -0.00524627 0.00972094 0.0156766 0.0093064 0.250124 0.00562517 0.099187 0.00380499 
9 0.5 2430000 17.6545 0.197839 -3.32983 0.0811031 19.7475 0.649433 1032.6 59.5925 -0.00391282 0.00732259 0.0134272 0.00641331 0.254108 0.00574117 0.102915 0.00444084 
9 0.5 3240000 17.7299 0.188441 -3.30768 0.0672233 19.4832 0.558846 1008.16 54.4465 -0.00692472 0.00586449 0.0111729 0.00559104 0.251851 0.00528656 0.101139 0.00366964 
9 0.5 4050000 17.8189 0.159893 -3.32658 0.0592726 19.6061 0.547891 1015.27 51.0718 -0.00339298 0.00506939 0.0085791 0.00504594 0.251235 0.00437663 0.100608 0.0030051 
9 0.5 4860000 17.8635 0.149462 -3.32178 0.0507782 19.5361 0.460335 1002.67 42.0605 -0.00507309 0.00459368 0.00473392 0.00455794 0.250307 0.00368778 0.0999064 0.00255428 
9 0.5 5670000 17.8205 0.132261 -3.32375 0.0430625 19.6362 0.397859 1033.76 41.6027 -0.00403715 0.00426302 0.00431396 0.00422324 0.250612 0.00317676 0.100234 0.00221766 
9 0.5 6480000 17.7723 0.121039 -3.32118 0.0373656 19.5571 0.358129 1024.27 37.9193 -0.00440689 0.00392103 0.00196196 0.00499011 0.2504 0.00275976 0.0998443 0.00195438 
9 0.5 7290000 17.7916 0.114227 -3.30515 0.0347739 19.5077 0.318853 1024.57 33.9334 -0.00423035 0.00373315 0.0027342 0.00436942 0.249268 0.0025486 0.0991376 0.00179031 
9 0.5 8100000 17.8044 0.10776 -3.29072 0.0353264 19.3752 0.321909 1003.73 34.5241 -0.00316595 0.00347991 0.00118024 0.0039251 0.247795 0.00260637 0.0980923 0.00188239 
9 0.5 8910000 17.7925 0.101778 -3.28726 0.032124 19.3813 0.293313 1005.7 31.7639 -0.00343904 0.0032853 0.000797577 0.00428974 0.247861 0.00235931 0.0982206 0.00171242 
9 0.5 9720000 17.8004 0.0975793 -3.28501 0.0300833 19.3515 0.267927 999.447 29.4007 -0.00264131 0.0031995 0.00136985 0.00428974 0.247842 0.00218393 0.0980583 0.00156488 
9 0.5 10530000 17.818 0.093949 -3.28581 0.028253 19.2981 0.250459 991.043 27.2517 -0.00248245 0.00309635 0.000263487 0.00360788 0.247874 0.00203752 0.0978611 0.00146247 
9 0.5 11340000 17.7846 0.0892345 -3.29631 0.0282073 19.3561 0.244814 995.744 26.323 -0.000953774 0.00293702 0.00103417 0.00360788 0.248516 0.00204615 0.0982648 0.00144665 
9 0.5 12150000 17.7863 0.0859177 -3.29406 0.0267934 19.351 0.233288 993.778 24.791 0.000317285 0.00291885 7.63722e-05 0.00309983 0.248565 0.00194301 0.0982139 0.00136208 
9 0.5 12960000 17.7387 0.0822487 -3.29823 0.0257136 19.384 0.222066 996.067 23.4743 0.000383371 0.00291885 0.000736583 0.00309732 0.248831 0.00183454 0.0983555 0.00128543 
9 0.5 13770000 17.7627 0.0789496 -3.28786 0.0245601 19.2851 0.216621 985.74 23.2279 0.000362467 0.00265657 -0.000529819 0.0030361 0.248222 0.00179231 0.0978996 0.00125163 
9 0.5 14580000 17.7235 0.0774091 -3.29501 0.0246693 19.3399 0.213562 989.252 22.5507 -9.48269e-05 0.00257178 0.000315156 0.00297277 0.248714 0.00174625 0.0981282 0.00121542 
9 0.5 15390000 17.739 0.0746488 -3.29635 0.0233673 19.3839 0.205021 996.964 22.0005 -0.000100411 0.00252192 0.000712168 0.002834 0.24887 0.0016555 0.0982937 0.00115354 
9 0.5 16200000 17.7583 0.073156 -3.30369 0.0227523 19.414 0.195356 995.644 20.8817 -0.00047021 0.00244731 0.00158457 0.00281592 0.249202 0.00158556 0.0985574 0.00110843 
9 0.5 17010000 17.7634 0.0703213 -3.302 0.0223976 19.4378 0.19223 1000.06 21.0047 -0.000614246 0.00243939 0.00135742 0.00338698 0.248927 0.00158299 0.0983621 0.00109254 
9 0.5 17820000 17.7634 0.0686333 -3.302 0.0216788 19.4378 0.186944 1000.06 21.0047 -0.000614246 0.00243939 0.00135742 0.00338698 0.248927 0.00151244 0.0983621 0.00105699 
9 0.5 18630000 17.7523 0.0670003 -3.30092 0.0219051 19.4302 0.188642 1000.52 21.0047 -0.000367848 0.00243939 0.00126915 0.00338698 0.248747 0.00149448 0.0984524 0.00105442 
9 0.5 19440000 17.7523 0.0664119 -3.30092 0.0215727 19.4302 0.184345 1000.52 21.0047 -0.000367848 0.00243939 0.00126915 0.00338698 0.248747 0.00146465 0.0984524 0.00102454 
9 0.5 20250000 17.7465 0.0658147 -3.28844 0.0214474 19.3394 0.179647 997.16 17.7029 -0.000378247 0.00232961 0.00152908 0.00282683 0.247943 0.00145024 0.0980421 0.00099811 
9 0.5 21060000 17.7465 0.0647702 -3.28844 0.0209032 19.3394 0.175542 997.16 17.7029 -0.000378247 0.00225406 0.00152908 0.00282683 0.247943 0.00142471 0.0980421 0.000985858 
9 0.5 21870000 17.7379 0.0637355 -3.28564 0.0203127 19.348 0.172352 997.383 17.7029 0.000407676 0.00218814 0.000942472 0.00282683 0.24769 0.00137201 0.0979635 0.000953206 
9 0.5 22680000 17.7379 0.062841 -3.28564 0.0203127 19.348 0.172352 997.383 17.7029 0.000407676 0.00213658 0.000942472 0.00282683 0.24769 0.00135669 0.0979635 0.000924173 
9 0.5 23490000 17.7482 0.0620138 -3.27891 0.0196559 19.2975 0.160383 993.173 16.0492 -0.000158388 0.00212062 0.000359542 0.00265393 0.247431 0.00130051 0.0977407 0.000900314 
9 0.5 24300000 17.7482 0.0606833 -3.27891 0.0195188 19.2975 0.156429 993.173 15.7549 -0.000158388 0.00205621 0.000359542 0.00265393 0.247431 0.00126116 0.0977407 0.000873511 
9 0.5 25110000 17.7597 0.059846 -3.27808 0.0195188 19.3148 0.156289 996.212 15.6166 0.000116033 0.00199018 0.00029787 0.00265393 0.247205 0.00125553 0.0976103 0.000853106 
9 0.5 25920000 17.7597 0.0592338 -3.27808 0.0195188 19.3148 0.152757 996.212 15.6166 0.000116033 0.00197812 0.00029787 0.00265393 0.247205 0.00125553 0.0976103 0.00083404 
9 0.5 26730000 17.7765 0.0574983 -3.28145 0.0179191 19.3349 0.150091 998.15 15.3868 0.000671646 0.00191783 0.00145377 0.00253776 0.247278 0.00119297 0.0976552 0.00083548 
9 0.5 27540000 17.7765 0.0569672 -3.28145 0.0178753 19.3349 0.145715 998.15 15.0555 0.000671646 0.00189483 0.00145377 0.00253776 0.247278 0.0011633 0.0976552 0.000812837 
9 0.5 28350000 17.7652 0.0562982 -3.27803 0.0174358 19.3045 0.142521 995.933 14.7736 0.000122708 0.00184455 0.00106002 0.00253776 0.247168 0.00113694 0.0975792 0.000795356 
9 0.5 29160000 17.7652 0.0551272 -3.27803 0.0174323 19.3045 0.14465 995.933 14.6272 0.000122708 0.00181649 0.00106002 0.00253776 0.247168 0.00115543 0.0975792 0.000814083 
9 0.5 29970000 17.7727 0.0543942 -3.27291 0.0173118 19.309 0.141341 999.942 14.6354 3.2636e-05 0.00178661 0.000878555 0.00232006 0.247135 0.00112406 0.097703 0.000793471 
9 0.5 30780000 17.7727 0.0535593 -3.27291 0.0173118 19.309 0.138725 999.942 14.412 3.2636e-05 0.00174594 0.000878555 0.00232006 0.247135 0.00110055 0.097703 0.000773898 
9 0.5 31590000 17.7727 0.0530803 -3.27291 0.0173118 19.309 0.138424 999.942 14.3919 3.2636e-05 0.00173413 0.000878555 0.00232006 0.247135 0.00109627 0.097703 0.000774042 
9 0.5 32400000 17.7851 0.0523591 -3.27111 0.0173118 19.3021 0.134984 998.514 14.0332 0.000250812 0.00170751 0.000575846 0.00232006 0.247254 0.00107696 0.0977568 0.000757795 
9 0.5 33210000 17.7851 0.0516303 -3.27111 0.0173118 19.3021 0.132537 998.514 13.7815 0.000250812 0.00175063 0.000575846 0.00232006 0.247254 0.00106162 0.0977568 0.000748498 
9 0.5 34020000 17.7876 0.0508465 -3.27247 0.0155863 19.3252 0.129338 1001.29 13.4488 0.000978926 0.00173505 0.000710887 0.00209411 0.247627 0.00104048 0.0980067 0.000731259 
9 0.5 34830000 17.7876 0.0502028 -3.27247 0.0155863 19.3252 0.126255 1001.29 13.1332 0.000978926 0.00173505 0.000710887 0.00209411 0.247627 0.00103078 0.0980067 0.000720364 
9 0.5 35640000 17.7876 0.0495885 -3.27247 0.0155863 19.3252 0.125198 1001.29 12.9579 0.000978926 0.00173505 0.000710887 0.00209411 0.247627 0.00101475 0.0980067 0.000711077 
9 0.5 36450000 17.7876 0.0488647 -3.27247 0.0155863 19.3252 0.123639 1001.29 12.846 0.000978926 0.00173505 0.000710887 0.00209411 0.247627 0.00100906 0.0980067 0.00070066 
9 0.5 37260000 17.8028 0.0486319 -3.27075 0.0147427 19.3107 0.121026 999.336 12.5981 0.0015394 0.00166539 0.000162468 0.00197424 0.247259 0.000982066 0.0977416 0.000686242 
9 0.5 38070000 17.8028 0.048177 -3.27075 0.0144834 19.3107 0.118999 999.336 12.4808 0.0015394 0.00166539 0.000162468 0.00197424 0.247259 0.000982066 0.0977416 0.000671982 
9 0.5 38880000 17.8028 0.0485315 -3.27075 0.0142646 19.3107 0.116809 999.336 12.2946 0.0015394 0.00167143 0.000162468 0.00197424 0.247259 0.000982066 0.0977416 0.000661533 
9 0.5 39690000 17.8028 0.0489595 -3.27075 0.0142646 19.3107 0.115936 999.336 12.1729 0.0015394 0.00166539 0.000162468 0.00197424 0.247259 0.000982066 0.0977416 0.000666123 
9 0.5 40500000 17.7762 0.0500596 -3.27523 0.0139162 19.3405 0.114533 1000.39 12.0503 0.00144865 0.00161805 -0.000146046 0.00183367 0.2473 0.000937839 0.0977492 0.00065524 
9 0.5 41310000 17.7762 0.0490628 -3.27523 0.0137634 19.3405 0.113003 1000.39 11.8769 0.00144865 0.00159137 -0.000146046 0.00183367 0.2473 0.000919205 0.0977492 0.000642785 
9 0.5 42120000 17.7762 0.0487644 -3.27523 0.0137634 19.3405 0.111498 1000.39 11.7762 0.00144865 0.0016013 -0.000146046 0.00183367 0.2473 0.000904205 0.0977492 0.000631466 
9 0.5 42930000 17.7762 0.0480294 -3.27523 0.0137634 19.3405 0.111168 1000.39 11.6659 0.00144865 0.00159125 -0.000146046 0.00183367 0.2473 0.000901092 0.0977492 0.000620562 
9 0.5 43740000 17.7846 0.0472167 -3.27798 0.0132271 19.371 0.110908 1005.99 11.8589 0.00101741 0.00156245 0.000311864 0.00174886 0.247504 0.000880724 0.0979206 0.000620895 
9 0.5 44550000 17.7846 0.0467803 -3.27798 0.0132511 19.371 0.111171 1005.99 11.8529 0.00101741 0.00155064 0.000311864 0.00174886 0.247504 0.000874513 0.0979206 0.000618342 
9 0.5 45360000 17.7846 0.0477096 -3.27798 0.0132544 19.371 0.110002 1005.99 11.6585 0.00101741 0.0015849 0.000311864 0.00174886 0.247504 0.000858805 0.0979206 0.000608418 
9 0.5 46170000 17.7846 0.0468445 -3.27798 0.0131262 19.371 0.109243 1005.99 11.5531 0.00101741 0.00155825 0.000311864 0.00174886 0.247504 0.000854481 0.0979206 0.000597829 
9 0.5 46980000 17.7705 0.04629 -3.28262 0.013056 19.4023 0.110364 1008.59 11.6029 0.00160478 0.00153673 0.0003295 0.00162403 0.247637 0.000845697 0.0980562 0.000601924 
9 0.5 47790000 17.7705 0.0458178 -3.28262 0.0130378 19.4023 0.110225 1008.59 11.6559 0.00160478 0.00151979 0.0003295 0.00162403 0.247637 0.000837062 0.0980562 0.000596372 
9 0.5 48600000 17.7705 0.0455038 -3.28262 0.0129598 19.4023 0.109924 1008.59 11.5676 0.00160478 0.00151135 0.0003295 0.00162403 0.247637 0.000839652 0.0980562 0.000597624 
9 0.5 49410000 17.7705 0.0447963 -3.28262 0.0128502 19.4023 0.109562 1008.59 11.5745 0.00160478 0.00149796 0.0003295 0.00162403 0.247637 0.000837688 0.0980562 0.000594621 
9 0.5 50220000 17.7715 0.0453309 -3.28897 0.0134744 19.4618 0.108202 1015.36 11.5546 0.00163183 0.00152018 -0.000253948 0.00161717 0.248124 0.000885455 0.098429 0.000603178 
9 0.5 51030000 17.7715 0.0452973 -3.28897 0.0134744 19.4618 0.106827 1015.36 11.5546 0.00163183 0.00149719 -0.000253948 0.00161717 0.248124 0.000885455 0.098429 0.000603178 
9 0.5 51840000 17.7715 0.0448546 -3.28897 0.0134744 19.4618 0.106379 1015.36 11.5546 0.00163183 0.00149036 -0.000253948 0.00161717 0.248124 0.000885455 0.098429 0.000603178 
9 0.5 52650000 17.7715 0.0447341 -3.28897 0.0134744 19.4618 0.105451 1015.36 11.5546 0.00163183 0.00147254 -0.000253948 0.00161717 0.248124 0.000885455 0.098429 0.000603178 
9 0.5 53460000 17.7792 0.0440732 -3.28345 0.0137186 19.4243 0.105315 1014.03 11.1453 0.00162226 0.00145792 -0.000133577 0.00152057 0.247768 0.000898729 0.0982536 0.000590414 
9 0.5 54270000 17.7792 0.0450563 -3.28345 0.0137186 19.4243 0.105315 1014.03 11.087 0.00162226 0.00143672 -0.000133577 0.00152057 0.247768 0.000898729 0.0982536 0.000590414 
9 0.5 55080000 17.7792 0.0444915 -3.28345 0.0137186 19.4243 0.105315 1014.03 11.087 0.00162226 0.00145729 -0.000133577 0.00152057 0.247768 0.000898729 0.0982536 0.000590414 
9 0.5 55890000 17.7792 0.0438277 -3.28345 0.0137186 19.4243 0.105315 1014.03 11.087 0.00162226 0.00145337 -0.000133577 0.00152057 0.247768 0.000898729 0.0982536 0.000590414 
9 0.5 56700000 17.7926 0.0434176 -3.28621 0.0131861 19.4472 0.101584 1016.52 11.087 0.00132419 0.00145008 -5.60646e-06 0.0014365 0.247869 0.000851509 0.0983516 0.00056375 
9 0.5 57510000 17.7926 0.0428602 -3.28621 0.0131861 19.4472 0.101584 1016.52 11.087 0.00132419 0.0014344 -5.60646e-06 0.0014365 0.247869 0.000851509 0.0983516 0.00056375 
9 0.5 58320000 17.7926 0.0424385 -3.28621 0.0131861 19.4472 0.101584 1016.52 11.087 0.00132419 0.0014186 -5.60646e-06 0.0014365 0.247869 0.000851509 0.0983516 0.00056375 
9 0.5 59130000 17.7926 0.0419128 -3.28621 0.0131861 19.4472 0.101584 1016.52 11.087 0.00132419 0.00140201 -5.60646e-06 0.0014365 0.247869 0.000851509 0.0983516 0.00056375 
9 0.5 59940000 17.7748 0.0422265 -3.28838 0.0126322 19.4542 0.0988838 1016.49 10.3372 0.00154941 0.00138587 -0.000214361 0.00137178 0.247906 0.000804986 0.0983712 0.000532771 
9 0.5 60750000 17.7748 0.0416483 -3.28838 0.0126322 19.4542 0.0988037 1016.49 10.2886 0.00154941 0.00139561 -0.000214361 0.00137178 0.247906 0.000804986 0.0983712 0.000532771 
9 0.5 61560000 17.7748 0.0415877 -3.28838 0.0126322 19.4542 0.0979519 1016.49 10.1793 0.00154941 0.0014004 -0.000214361 0.00137178 0.247906 0.000804986 0.0983712 0.000532771 
9 0.5 62370000 17.7748 0.0410773 -3.28838 0.0126322 19.4542 0.0969393 1016.49 10.1262 0.00154941 0.001385 -0.000214361 0.00137178 0.247906 0.000804986 0.0983712 0.000532771 
9 0.5 63180000 17.7663 0.0407381 -3.28704 0.0120389 19.4408 0.0957114 1015.66 10.1262 0.00170774 0.00136768 -8.60528e-05 0.00130557 0.24776 0.000775717 0.09828 0.000513474 
9 0.5 63990000 17.7663 0.0402369 -3.28704 0.0120389 19.4408 0.0947037 1015.66 10.1262 0.00170774 0.00135022 -8.60528e-05 0.00130557 0.24776 0.000775717 0.09828 0.000512475 
9 0.5 64800000 17.7663 0.0400135 -3.28704 0.0120389 19.4408 0.0937294 1015.66 10.1262 0.00170774 0.001338 -8.60528e-05 0.00130557 0.24776 0.000775717 0.09828 0.000512475 
9 0.5 65610000 17.7663 0.0395801 -3.28704 0.0120389 19.4408 0.0930482 1015.66 10.1262 0.00170774 0.00132121 -8.60528e-05 0.00130557 0.24776 0.000775717 0.09828 0.000512475 
9 0.5 66420000 17.7663 0.0395801 -3.28704 0.0120389 19.4408 0.0921844 1015.66 10.1262 0.00170774 0.00132529 -8.60528e-05 0.00130557 0.24776 0.000775717 0.09828 0.000512475 
9 0.5 67230000 17.7568 0.0394777 -3.29176 0.0123271 19.4566 0.0914846 1015.49 10.2229 0.00152498 0.00131379 -0.000429433 0.00128465 0.248162 0.000834528 0.0984903 0.000528254 
9 0.5 68040000 17.7568 0.039098 -3.29176 0.0123271 19.4566 0.0906933 1015.49 10.2229 0.00152498 0.00131165 -0.000429433 0.00128465 0.248162 0.000834528 0.0984903 0.000528254 
9 0.5 68850000 17.7568 0.0388134 -3.29176 0.0123271 19.4566 0.0906092 1015.49 10.2229 0.00152498 0.00132028 -0.000429433 0.00128465 0.248162 0.000834528 0.0984903 0.000528254 
9 0.5 69660000 17.7568 0.0392246 -3.29176 0.0123271 19.4566 0.0902173 1015.49 10.2229 0.00152498 0.00130975 -0.000429433 0.00128465 0.248162 0.000834528 0.0984903 0.000528254 
9 0.5 70470000 17.7568 0.038787 -3.29176 0.0124694 19.4566 0.0895292 1015.49 10.2229 0.00152498 0.00132419 -0.000429433 0.00125145 0.248162 0.000830377 0.0984903 0.000520397 
9 0.5 71280000 17.7568 0.038372 -3.29176 0.0124694 19.4566 0.0898142 1015.49 10.2229 0.00152498 0.00131602 -0.000429433 0.00125145 0.248162 0.000830377 0.0984903 0.000520397 
9 0.5 72090000 17.7568 0.0379394 -3.29176 0.0124694 19.4566 0.0893638 1015.49 10.2229 0.00152498 0.00131169 -0.000429433 0.00124219 0.248162 0.000830377 0.0984903 0.000520397 
9 0.5 72900000 17.7568 0.0378558 -3.29176 0.0124694 19.4566 0.0890997 1015.49 10.2229 0.00152498 0.00130323 -0.000429433 0.00124219 0.248162 0.000830377 0.0984903 0.000520397 
9 0.5 73710000 17.7684 0.0380994 -3.28297 0.0126826 19.3801 0.0970488 1009.75 10.2229 0.00129456 0.00128982 -0.000929404 0.00122016 0.24765 0.000833999 0.0981489 0.000535622 
9 0.5 74520000 17.7684 0.0380528 -3.28297 0.0126826 19.3801 0.0970488 1009.75 10.2229 0.00129456 0.00128092 -0.000929404 0.00122016 0.24765 0.000833999 0.0981489 0.000535622 
9 0.5 75330000 17.7684 0.0375913 -3.28297 0.0126826 19.3801 0.0970488 1009.75 10.2229 0.00129456 0.00128172 -0.000929404 0.00121684 0.24765 0.000833999 0.0981489 0.000535622 
9 0.5 76140000 17.7684 0.0372916 -3.28297 0.0126826 19.3801 0.0970488 1009.75 10.2229 0.00129456 0.00128861 -0.000929404 0.00121684 0.24765 0.000833999 0.0981489 0.000535622 
9 0.5 76950000 17.7684 0.0371401 -3.28297 0.0122081 19.3801 0.0936885 1009.75 10.2229 0.00129456 0.00127561 -0.000929404 0.00120599 0.24765 0.000805393 0.0981489 0.000514675 
9 0.5 77760000 17.7684 0.036918 -3.28297 0.0122081 19.3801 0.0936885 1009.75 10.2229 0.00129456 0.00126617 -0.000929404 0.00120599 0.24765 0.000805393 0.0981489 0.000514675 
9 0.5 78570000 17.7684 0.0364545 -3.28297 0.0122081 19.3801 0.0936885 1009.75 10.2229 0.00129456 0.00125489 -0.000929404 0.00118446 0.24765 0.000805393 0.0981489 0.000514675 
9 0.5 79380000 17.7684 0.0362415 -3.28297 0.0122081 19.3801 0.0936885 1009.75 10.2229 0.00129456 0.0012475 -0.000929404 0.00118446 0.24765 0.000805393 0.0981489 0.000514675 
9 0.5 80190000 17.7703 0.0357114 -3.284 0.0117051 19.3795 0.0907485 1009.92 9.92106 0.00153944 0.0012442 -0.000536595 0.00116277 0.247483 0.000773628 0.0980572 0.00052637 
9 0.5 81000000 17.7703 0.0355192 -3.284 0.0117051 19.3795 0.0907485 1009.92 9.92106 0.00153944 0.00123415 -0.000536595 0.00116277 0.247483 0.000773628 0.0980572 0.00052637 
9 0.5 81810000 17.7703 0.0351912 -3.284 0.0117051 19.3795 0.0907485 1009.92 9.92106 0.00153944 0.0012304 -0.000536595 0.00114701 0.247483 0.000773628 0.0980572 0.00052637 
9 0.5 82620000 17.7703 0.0349596 -3.284 0.0117051 19.3795 0.0907485 1009.92 9.92106 0.00153944 0.00121897 -0.000536595 0.00114701 0.247483 0.000773628 0.0980572 0.00052637 
9 0.5 83430000 17.7703 0.0348081 -3.284 0.0113741 19.3795 0.089528 1009.92 9.92106 0.00153944 0.00121288 -0.000536595 0.00112421 0.247483 0.00079029 0.0980572 0.00052637 
9 0.5 84240000 17.7703 0.0345935 -3.284 0.0113741 19.3795 0.089528 1009.92 9.92106 0.00153944 0.00120293 -0.000536595 0.00112421 0.247483 0.00079029 0.0980572 0.00052637 
9 0.5 85050000 17.7703 0.0345225 -3.284 0.0113741 19.3795 0.089528 1009.92 9.92106 0.00153944 0.0011958 -0.000536595 0.00110513 0.247483 0.00079029 0.0980572 0.00052637 
9 0.5 85860000 17.7703 0.0342914 -3.284 0.0113741 19.3795 0.089528 1009.92 9.92106 0.00153944 0.00118493 -0.000536595 0.00110513 0.247483 0.00079029 0.0980572 0.00052637 
9 0.5 86670000 17.7553 0.0341963 -3.28285 0.010955 19.3566 0.089528 1007.86 9.92106 0.00148167 0.00117399 -0.000533574 0.00108582 0.247226 0.000769938 0.0978504 0.00052637 
9 0.5 87480000 17.7553 0.034029 -3.28285 0.010955 19.3566 0.089528 1007.86 9.92106 0.00148167 0.0011652 -0.000533574 0.00108582 0.247226 0.000769938 0.0978504 0.00052637 
9 0.5 88290000 17.7553 0.0337613 -3.28285 0.010955 19.3566 0.089528 1007.86 9.92106 0.00148167 0.0011557 -0.000533574 0.00110162 0.247226 0.000769938 0.0978504 0.00052637 
9 0.5 89100000 17.7553 0.0335562 -3.28285 0.010955 19.3566 0.089528 1007.86 9.92106 0.00148167 0.00115183 -0.000533574 0.00110162 0.247226 0.000769938 0.0978504 0.00052637 
9 0.5 89910000 17.7553 0.03329 -3.28285 0.0109443 19.3566 0.089528 1007.86 9.92106 0.00148167 0.001142 -0.000533574 0.00108751 0.247226 0.000769938 0.0978504 0.00052637 
9 0.5 90720000 17.7553 0.0331052 -3.28285 0.0109443 19.3566 0.089528 1007.86 9.92106 0.00148167 0.00113497 -0.000533574 0.00108751 0.247226 0.000769938 0.0978504 0.00052637 
9 0.5 91530000 17.7553 0.0329104 -3.28285 0.0109443 19.3566 0.089528 1007.86 9.92106 0.00148167 0.00112849 -0.000533574 0.00108684 0.247226 0.000769938 0.0978504 0.00052637 
9 0.5 92340000 17.7553 0.0328543 -3.28285 0.0109443 19.3566 0.089528 1007.86 9.92106 0.00148167 0.00112896 -0.000533574 0.00108684 0.247226 0.000769938 0.0978504 0.00052637 
9 0.5 93150000 17.7547 0.0326067 -3.2825 0.0105078 19.3693 0.0824225 1010.11 8.50562 0.00124788 0.0011211 0.000213305 0.00115434 0.247218 0.000716041 0.0978712 0.000482939 
9 0.5 93960000 17.7547 0.0323625 -3.2825 0.0105078 19.3693 0.0824225 1010.11 8.50562 0.00124788 0.00111826 0.000213305 0.00115434 0.247218 0.000716041 0.0978712 0.000482939 
9 0.5 94770000 17.7547 0.0321783 -3.2825 0.0105078 19.3693 0.0824225 1010.11 8.50562 0.00124788 0.00110964 0.000213305 0.00115434 0.247218 0.000716041 0.0978712 0.000482939 
9 0.5 95580000 17.7547 0.0319189 -3.2825 0.0105078 19.3693 0.0824225 1010.11 8.50562 0.00124788 0.00110237 0.000213305 0.00115434 0.247218 0.000716041 0.0978712 0.000482939 
9 0.5 96390000 17.7547 0.0316758 -3.2825 0.0107911 19.3693 0.0845222 1010.11 8.50562 0.00124788 0.00109776 0.000213305 0.00112412 0.247218 0.000703931 0.0978712 0.000482939 
9 0.5 97200000 17.7547 0.0314963 -3.2825 0.0107911 19.3693 0.0845222 1010.11 8.50562 0.00124788 0.00110147 0.000213305 0.00112412 0.247218 0.000703931 0.0978712 0.000482939 
9 0.5 98010000 17.7547 0.0312341 -3.2825 0.0107911 19.3693 0.0845222 1010.11 8.50562 0.00124788 0.0010978 0.000213305 0.00112412 0.247218 0.000703931 0.0978712 0.000482939 
9 0.5 98820000 17.7547 0.0310558 -3.2825 0.0107911 19.3693 0.0845222 1010.11 8.50562 0.00124788 0.00109091 0.000213305 0.00112412 0.247218 0.000703931 0.0978712 0.000482939 
9 0.5 99630000 17.7552 0.0308354 -3.27927 0.0104436 19.3487 0.0821164 1009.27 8.50562 0.00172136 0.00108242 0.00018633 0.00109326 0.24715 0.000703931 0.0978609 0.000482939 
