L J MC_steps R2 R2_std E E_std E2 E2_std E4 E4_std Sin1 Sin1_std Cos1 Cos1_std Mag2 Mag2_std Mag4 Mag4_std
9 0.75 810000 16.298 0.344982 -5.79096 0.111322 43.426 1.32312 3403.13 188.203 0.0191074 0.0162189 0.00354417 0.0201119 0.389353 0.00916189 0.205899 0.00825835 
9 0.75 1620000 15.846 0.258764 -5.82378 0.0776462 43.9302 0.9544 3470.11 133.212 0.000797695 0.0117153 -0.0120467 0.0127612 0.394522 0.00594426 0.20913 0.00535333 
9 0.75 2430000 15.7638 0.215367 -5.73709 0.0888586 43.1846 0.946245 3424.28 103.697 -0.0171152 0.0131846 -0.00720556 0.0131329 0.3897 0.00600493 0.205862 0.00462382 
9 0.75 3240000 15.7341 0.164805 -5.71179 0.0657204 42.8645 0.701176 3375.15 88.8569 -0.00938569 0.0104126 -0.00276614 0.00953518 0.388934 0.00431241 0.204757 0.00349195 
9 0.75 4050000 15.6996 0.138298 -5.72737 0.0616701 43.2115 0.725863 3427.62 87.8593 -0.00851402 0.00835407 0.00376539 0.00991688 0.389978 0.00354722 0.20604 0.00301703 
9 0.75 4860000 15.8425 0.159243 -5.70854 0.0610208 42.9096 0.665424 3379 79.848 -0.0104934 0.00718258 0.00291641 0.0103851 0.388812 0.00333703 0.204887 0.00288131 
9 0.75 5670000 15.8532 0.135278 -5.71884 0.0592805 43.0878 0.666626 3422.68 83.6148 -0.00873712 0.0064696 0.00398613 0.0086755 0.387703 0.00400384 0.204233 0.0032861 
9 0.75 6480000 15.8852 0.123369 -5.70991 0.0538066 42.9327 0.627714 3398.83 75.501 -0.00897655 0.00561659 0.00403629 0.00747335 0.387358 0.00345351 0.203856 0.00286428 
9 0.75 7290000 15.8135 0.122021 -5.71837 0.0471648 42.9965 0.563961 3407.72 67.6183 -0.00974859 0.00524732 0.00452995 0.00697386 0.387297 0.00303212 0.203988 0.0025288 
9 0.75 8100000 15.7758 0.112282 -5.7266 0.0484587 43.0847 0.572145 3414.15 67.4389 -0.00885371 0.00491982 0.00333674 0.00654294 0.388266 0.00330487 0.204385 0.00262703 
9 0.75 8910000 15.7579 0.12627 -5.73633 0.045631 43.196 0.514931 3425.35 61.5525 -0.00897833 0.00462803 0.00226117 0.00617385 0.388598 0.00300195 0.204645 0.00240695 
9 0.75 9720000 15.752 0.12627 -5.75441 0.045631 43.3867 0.502218 3449.78 59.9944 -0.00850027 0.00441055 -0.000793477 0.00617385 0.389525 0.00286842 0.205303 0.0022762 
9 0.75 10530000 15.7849 0.108074 -5.7343 0.0440731 43.1857 0.498981 3428.52 58.6391 -0.0076786 0.00423501 -0.0012772 0.00607479 0.388506 0.00280464 0.204543 0.00220958 
9 0.75 11340000 15.7746 0.108074 -5.7325 0.0407195 43.1881 0.460604 3430.45 58.386 -0.00695452 0.00405289 0.000711678 0.00607479 0.388546 0.00258919 0.204571 0.00203979 
9 0.75 12150000 15.754 0.0969614 -5.7377 0.0381419 43.2963 0.440238 3454.73 55.4656 -0.00685272 0.00387241 -9.4505e-05 0.00532085 0.388684 0.00240793 0.204769 0.00190364 
9 0.75 12960000 15.75 0.0969614 -5.72761 0.0369103 43.1789 0.426258 3445.62 54.5162 -0.00681569 0.00372113 -6.05946e-05 0.00532085 0.387881 0.00237749 0.204183 0.00186472 
9 0.75 13770000 15.7949 0.0930626 -5.71929 0.035528 43.0415 0.42119 3425.36 52.9929 -0.00585311 0.0036147 -2.20726e-06 0.00465654 0.387263 0.00230781 0.20359 0.0018402 
9 0.75 14580000 15.8146 0.0930626 -5.71102 0.0343881 42.9433 0.40769 3415.24 51.1519 -0.00481275 0.00355002 0.00063245 0.00465654 0.386863 0.00220644 0.203328 0.00175041 
9 0.75 15390000 15.8145 0.0847708 -5.71067 0.0324794 42.8814 0.38972 3398.65 50.6416 -0.00628707 0.00344353 0.000369693 0.00415397 0.386773 0.00209127 0.20317 0.00166032 
9 0.75 16200000 15.7784 0.0847708 -5.70206 0.0318903 42.7725 0.384098 3385.18 49.7366 -0.00607974 0.00346739 0.000987654 0.00415397 0.386318 0.00202503 0.202744 0.00162661 
9 0.75 17010000 15.7917 0.0793027 -5.7018 0.0302968 42.7306 0.367402 3373.92 49.6103 -0.00632752 0.00340325 0.00117998 0.00381679 0.386021 0.00194538 0.202481 0.0015665 
9 0.75 17820000 15.7917 0.0793027 -5.7018 0.0289948 42.7306 0.367402 3373.92 49.6103 -0.00632752 0.00336368 0.00117998 0.00381679 0.386021 0.00189781 0.202481 0.00153065 
9 0.75 18630000 15.8218 0.077588 -5.70413 0.0280366 42.7843 0.340526 3384.64 49.6103 -0.00468521 0.00327147 0.000715379 0.00377235 0.385755 0.00179345 0.202404 0.00142975 
9 0.75 19440000 15.8218 0.077588 -5.70413 0.0276123 42.7843 0.337904 3384.64 49.6103 -0.00468521 0.00318908 0.000715379 0.00377235 0.385755 0.00174922 0.202404 0.00139343 
9 0.75 20250000 15.8195 0.0711558 -5.69805 0.0264692 42.7602 0.318811 3384.92 42.5436 -0.00447242 0.00316842 0.00129614 0.00338546 0.385329 0.00168501 0.202143 0.00134781 
9 0.75 21060000 15.8195 0.0711558 -5.69805 0.0255636 42.7602 0.310608 3384.92 42.5436 -0.00447242 0.00306465 0.00129614 0.00326968 0.385329 0.0016497 0.202143 0.00132826 
9 0.75 21870000 15.8369 0.0677711 -5.69092 0.024936 42.6577 0.303149 3370 42.5436 -0.00464913 0.0029916 0.00152043 0.00319614 0.384608 0.0016728 0.201429 0.00138314 
9 0.75 22680000 15.8369 0.0677711 -5.69092 0.0255317 42.6577 0.304577 3370 42.5436 -0.00464913 0.00291169 0.00152043 0.00315047 0.384608 0.0016728 0.201429 0.00138314 
9 0.75 23490000 15.8138 0.0667579 -5.67803 0.025525 42.5332 0.316987 3359.04 43.6305 -0.00381985 0.00282735 0.00172588 0.00304296 0.383897 0.0018521 0.200929 0.00147044 
9 0.75 24300000 15.8138 0.0667579 -5.67803 0.025525 42.5332 0.316987 3359.04 43.6305 -0.00381985 0.002846 0.00172588 0.00295794 0.383897 0.0018521 0.200929 0.00147044 
9 0.75 25110000 15.8079 0.0625656 -5.67649 0.0248746 42.4948 0.316987 3347.47 43.6305 -0.00177449 0.00279887 0.000930041 0.00287188 0.384108 0.0018521 0.200984 0.00147044 
9 0.75 25920000 15.8079 0.0625656 -5.67649 0.0248746 42.4948 0.316987 3347.47 43.6305 -0.00177449 0.00275613 0.000930041 0.00282053 0.384108 0.0018521 0.200984 0.00147044 
9 0.75 26730000 15.8104 0.0587046 -5.68386 0.023488 42.5954 0.28701 3362.75 39.2179 -0.00188627 0.00270078 0.00159923 0.0027944 0.38456 0.00173502 0.201459 0.00137878 
9 0.75 27540000 15.8104 0.0587046 -5.68386 0.023488 42.5954 0.28701 3362.75 39.2179 -0.00188627 0.00263724 0.00159923 0.00277234 0.38456 0.00173502 0.201459 0.00137878 
9 0.75 28350000 15.8129 0.0555596 -5.68321 0.0224373 42.5937 0.283388 3360.62 38.3338 -0.00212757 0.00265926 0.00188336 0.00270512 0.384583 0.00173502 0.201431 0.00137878 
9 0.75 29160000 15.8129 0.0553063 -5.68321 0.0224373 42.5937 0.283388 3360.62 38.3338 -0.00212757 0.00262103 0.00188336 0.00268106 0.384583 0.00173502 0.201431 0.00137878 
9 0.75 29970000 15.8025 0.0532733 -5.68788 0.0213741 42.6578 0.262619 3370.18 36.1299 -0.00203744 0.00256864 0.00228592 0.00265137 0.384894 0.00157416 0.201647 0.00123835 
9 0.75 30780000 15.8025 0.0531997 -5.68788 0.0213741 42.6578 0.262619 3370.18 36.1299 -0.00203744 0.00252375 0.00228592 0.00260142 0.384894 0.00157416 0.201647 0.00123835 
9 0.75 31590000 15.8025 0.0531997 -5.68788 0.0213741 42.6578 0.262619 3370.18 36.1299 -0.00203744 0.00248451 0.00228592 0.00255006 0.384894 0.00157416 0.201647 0.00123835 
9 0.75 32400000 15.7919 0.0524801 -5.68641 0.0203008 42.642 0.258696 3367.14 34.787 -0.00203588 0.00243165 0.00166304 0.00249492 0.384651 0.00157416 0.201474 0.00123835 
9 0.75 33210000 15.7919 0.0515144 -5.68641 0.0203008 42.642 0.258696 3367.14 34.787 -0.00203588 0.00239757 0.00166304 0.00245504 0.384651 0.00157416 0.201474 0.00123835 
9 0.75 34020000 15.7845 0.0505704 -5.69284 0.0202775 42.7347 0.253481 3381.71 35.5933 -0.0019093 0.0023537 0.00209564 0.00240436 0.384903 0.00141677 0.201757 0.0011194 
9 0.75 34830000 15.7845 0.0509649 -5.69284 0.0202775 42.7347 0.253481 3381.71 35.5933 -0.0019093 0.00233637 0.00209564 0.00237132 0.384903 0.00141677 0.201757 0.0011194 
9 0.75 35640000 15.7845 0.0501301 -5.69284 0.0194661 42.7347 0.243988 3381.71 34.0347 -0.0019093 0.00231173 0.00209564 0.00235525 0.384903 0.00141677 0.201757 0.0011194 
9 0.75 36450000 15.7845 0.0500014 -5.69284 0.0193331 42.7347 0.243988 3381.71 34.0347 -0.0019093 0.00230999 0.00209564 0.00231398 0.384903 0.00141677 0.201757 0.0011194 
9 0.75 37260000 15.803 0.0509731 -5.68749 0.0194452 42.6526 0.248526 3372.59 34.6181 -0.00163507 0.00228851 0.00242481 0.00228065 0.38454 0.00133353 0.201382 0.00111746 
9 0.75 38070000 15.803 0.049912 -5.68749 0.0194452 42.6526 0.248526 3372.59 34.6181 -0.00163507 0.00224897 0.00242481 0.00227928 0.38454 0.00133353 0.201382 0.00111746 
9 0.75 38880000 15.803 0.0494957 -5.68749 0.018844 42.6526 0.237938 3372.59 33.1662 -0.00163507 0.00224056 0.00242481 0.00223543 0.38454 0.00133353 0.201382 0.00107865 
9 0.75 39690000 15.803 0.0494957 -5.68749 0.0185997 42.6526 0.237938 3372.59 33.1662 -0.00163507 0.00220586 0.00242481 0.002196 0.38454 0.00133353 0.201382 0.00107865 
9 0.75 40500000 15.7791 0.0476255 -5.68867 0.0183396 42.696 0.230392 3380.91 32.3964 -0.00187686 0.00217314 0.00218685 0.00216678 0.384828 0.00125319 0.201669 0.00104911 
9 0.75 41310000 15.7791 0.0476255 -5.68867 0.0180369 42.696 0.230306 3380.91 32.3964 -0.00187686 0.00214135 0.00218685 0.00215165 0.384828 0.00125319 0.201669 0.00104373 
9 0.75 42120000 15.7791 0.0466943 -5.68867 0.0177705 42.696 0.223708 3380.91 31.148 -0.00187686 0.00212017 0.00218685 0.00213117 0.384828 0.00125319 0.201669 0.00102619 
9 0.75 42930000 15.7791 0.0459412 -5.68867 0.017481 42.696 0.223708 3380.91 31.148 -0.00187686 0.0020878 0.00218685 0.00210321 0.384828 0.00125319 0.201669 0.00102619 
9 0.75 43740000 15.7842 0.0450716 -5.68636 0.0171092 42.6893 0.216865 3384.29 30.3694 -0.00145866 0.00206018 0.00289117 0.0020887 0.384685 0.00119084 0.201688 0.000992306 
9 0.75 44550000 15.7842 0.0445559 -5.68636 0.0168471 42.6893 0.216865 3384.29 30.3694 -0.00145866 0.00204969 0.00289117 0.00207392 0.384685 0.00119084 0.201688 0.000992306 
9 0.75 45360000 15.7842 0.044305 -5.68636 0.0165069 42.6893 0.209944 3384.29 29.6928 -0.00145866 0.00203336 0.00289117 0.00204615 0.384685 0.00116494 0.201688 0.000962761 
9 0.75 46170000 15.7842 0.0441883 -5.68636 0.0162489 42.6893 0.209944 3384.29 29.3612 -0.00145866 0.0020409 0.00289117 0.00203547 0.384685 0.00116494 0.201688 0.000962159 
9 0.75 46980000 15.7969 0.0435439 -5.68637 0.0159673 42.6782 0.203372 3383.71 28.9534 -0.0007728 0.00204068 0.00243756 0.00202375 0.384628 0.00111326 0.201578 0.000933057 
9 0.75 47790000 15.7969 0.0436262 -5.68637 0.0159675 42.6782 0.202725 3383.71 28.4684 -0.0007728 0.00203675 0.00243756 0.00199978 0.384628 0.00111326 0.201578 0.000928141 
9 0.75 48600000 15.7969 0.0436679 -5.68637 0.016515 42.6782 0.205384 3383.71 28.2931 -0.0007728 0.00203208 0.00243756 0.00198809 0.384628 0.0011598 0.201578 0.000945326 
9 0.75 49410000 15.7969 0.0436679 -5.68637 0.016515 42.6782 0.205384 3383.71 28.1739 -0.0007728 0.00202955 0.00243756 0.00197762 0.384628 0.0011598 0.201578 0.000945326 
9 0.75 50220000 15.8032 0.0478416 -5.68838 0.0166283 42.6828 0.206741 3381.12 27.9867 5.32814e-05 0.00200097 0.00127072 0.00195438 0.384767 0.00116042 0.201645 0.000943705 
9 0.75 51030000 15.8032 0.0478416 -5.68838 0.0166283 42.6828 0.206741 3381.12 27.9867 5.32814e-05 0.00197312 0.00127072 0.00193843 0.384767 0.00116042 0.201645 0.000943705 
9 0.75 51840000 15.8032 0.0463888 -5.68838 0.0162085 42.6828 0.203654 3381.12 27.8659 5.32814e-05 0.00195099 0.00127072 0.00192678 0.384767 0.00112617 0.201645 0.000920311 
9 0.75 52650000 15.8032 0.0463888 -5.68838 0.0162085 42.6828 0.203654 3381.12 27.8659 5.32814e-05 0.00193797 0.00127072 0.00191202 0.384767 0.00112617 0.201645 0.000920311 
9 0.75 53460000 15.8055 0.045232 -5.68528 0.0157409 42.6237 0.198317 3371.76 27.1249 -0.000440935 0.00192566 0.00120598 0.00188896 0.384674 0.001091 0.201466 0.000893747 
9 0.75 54270000 15.8055 0.045232 -5.68528 0.0157409 42.6237 0.198317 3371.76 27.1249 -0.000440935 0.00189762 0.00120598 0.00186071 0.384674 0.001091 0.201466 0.000893747 
9 0.75 55080000 15.8055 0.0438936 -5.68528 0.0152647 42.6237 0.192308 3371.76 26.3067 -0.000440935 0.0018859 0.00120598 0.00183655 0.384674 0.00106751 0.201466 0.000875075 
9 0.75 55890000 15.8055 0.0438936 -5.68528 0.0152647 42.6237 0.192308 3371.76 26.3067 -0.000440935 0.00189985 0.00120598 0.00181913 0.384674 0.00106751 0.201466 0.000875075 
9 0.75 56700000 15.7916 0.0442371 -5.68361 0.0149254 42.6028 0.187822 3370.72 25.5753 -3.94109e-05 0.00189039 0.0015233 0.00180271 0.384405 0.0010433 0.201205 0.000860208 
9 0.75 57510000 15.7916 0.0442371 -5.68361 0.0149254 42.6028 0.187822 3370.72 25.5753 -3.94109e-05 0.0018722 0.0015233 0.00180531 0.384405 0.0010433 0.201205 0.000860208 
9 0.75 58320000 15.7916 0.0430871 -5.68361 0.0146075 42.6028 0.183577 3370.72 24.8796 -3.94109e-05 0.00185554 0.0015233 0.00179685 0.384405 0.00103616 0.201205 0.000852163 
9 0.75 59130000 15.7916 0.0430871 -5.68361 0.0146075 42.6028 0.183577 3370.72 24.8578 -3.94109e-05 0.0018296 0.0015233 0.00179255 0.384405 0.00103616 0.201205 0.000852163 
9 0.75 59940000 15.7931 0.0419268 -5.68408 0.0142625 42.6071 0.179196 3368.42 24.5746 7.09851e-05 0.00182216 0.000836277 0.00178341 0.384589 0.00100795 0.201332 0.000829541 
9 0.75 60750000 15.7931 0.0419268 -5.68408 0.0142625 42.6071 0.179196 3368.42 24.3629 7.09851e-05 0.00179956 0.000836277 0.0017734 0.384589 0.00100795 0.201332 0.000829541 
9 0.75 61560000 15.7931 0.0407993 -5.68408 0.0140376 42.6071 0.175715 3368.42 23.9492 7.09851e-05 0.00178032 0.000836277 0.00176439 0.384589 0.00100385 0.201332 0.000820203 
9 0.75 62370000 15.7931 0.0407993 -5.68408 0.0140376 42.6071 0.175715 3368.42 23.9722 7.09851e-05 0.00175742 0.000836277 0.00175243 0.384589 0.00100385 0.201332 0.000820203 
9 0.75 63180000 15.8021 0.0408635 -5.68028 0.0137653 42.5711 0.172337 3365.9 24.1481 0.000117557 0.00174691 0.000663527 0.00172837 0.38435 0.00097768 0.2012 0.000798768 
9 0.75 63990000 15.8021 0.0408635 -5.68028 0.0137653 42.5711 0.171633 3365.9 23.9769 0.000117557 0.00173495 0.000663527 0.00171486 0.38435 0.00097768 0.2012 0.000798768 
9 0.75 64800000 15.8021 0.0406213 -5.68028 0.0134535 42.5711 0.169462 3365.9 23.9112 0.000117557 0.00172987 0.000663527 0.00169925 0.38435 0.000952873 0.2012 0.000779899 
9 0.75 65610000 15.8021 0.0406213 -5.68028 0.0134535 42.5711 0.167678 3365.9 23.764 0.000117557 0.00170966 0.000663527 0.0016856 0.38435 0.000952873 0.2012 0.000779899 
9 0.75 66420000 15.8021 0.0406213 -5.68028 0.0134535 42.5711 0.167678 3365.9 23.764 0.000117557 0.00170524 0.000663527 0.00167103 0.38435 0.000952873 0.2012 0.000779899 
9 0.75 67230000 15.8015 0.0405386 -5.68013 0.0131484 42.5596 0.165816 3362.19 23.4677 0.000381549 0.00168724 0.000736263 0.00167919 0.384279 0.000930246 0.201063 0.000765067 
9 0.75 68040000 15.8015 0.0405386 -5.68013 0.0131484 42.5596 0.164046 3362.19 23.2167 0.000381549 0.00168132 0.000736263 0.00166365 0.384279 0.000930246 0.201063 0.000765067 
9 0.75 68850000 15.8015 0.0396757 -5.68013 0.0129549 42.5596 0.163873 3362.19 23.2656 0.000381549 0.00167026 0.000736263 0.00164557 0.384279 0.00091184 0.201063 0.000748774 
9 0.75 69660000 15.8015 0.0396757 -5.68013 0.012941 42.5596 0.163759 3362.19 23.249 0.000381549 0.00167026 0.000736263 0.0016319 0.384279 0.00091184 0.201063 0.000748774 
9 0.75 70470000 15.8015 0.0387451 -5.68013 0.012787 42.5596 0.161975 3362.19 23.0132 0.000381549 0.00167026 0.000736263 0.00162541 0.384279 0.000898031 0.201063 0.000743198 
9 0.75 71280000 15.8015 0.0387451 -5.68013 0.0127482 42.5596 0.161078 3362.19 22.8586 0.000381549 0.00167026 0.000736263 0.0016115 0.384279 0.000898031 0.201063 0.000743198 
9 0.75 72090000 15.8015 0.0404468 -5.68013 0.0126869 42.5596 0.159573 3362.19 22.6159 0.000381549 0.00167026 0.000736263 0.00159896 0.384279 0.000899223 0.201063 0.000744765 
9 0.75 72900000 15.8015 0.0404468 -5.68013 0.0126869 42.5596 0.158186 3362.19 22.4978 0.000381549 0.00167026 0.000736263 0.0015886 0.384279 0.000899223 0.201063 0.000744765 
9 0.75 73710000 15.8174 0.0396894 -5.68213 0.0124399 42.5837 0.15663 3366.98 22.4978 0.000139357 0.00167026 0.000519855 0.00158983 0.384307 0.000878983 0.201119 0.000728371 
9 0.75 74520000 15.8174 0.0396894 -5.68213 0.0124399 42.5837 0.155374 3366.98 22.4978 0.000139357 0.00167026 0.000519855 0.00161053 0.384307 0.000878983 0.201119 0.000728371 
9 0.75 75330000 15.8174 0.0388369 -5.68213 0.0121658 42.5837 0.155374 3366.98 22.4978 0.000139357 0.00167026 0.000519855 0.0015996 0.384307 0.000861769 0.201119 0.000723302 
9 0.75 76140000 15.8174 0.0388369 -5.68213 0.0121658 42.5837 0.155374 3366.98 22.4978 0.000139357 0.00167026 0.000519855 0.0015828 0.384307 0.000861769 0.201119 0.000723302 
9 0.75 76950000 15.8174 0.0387785 -5.68213 0.0119108 42.5837 0.155374 3366.98 22.4978 0.000139357 0.00167026 0.000519855 0.00156696 0.384307 0.000859095 0.201119 0.000723302 
9 0.75 77760000 15.8174 0.0387785 -5.68213 0.0120458 42.5837 0.155374 3366.98 22.4978 0.000139357 0.00167026 0.000519855 0.00155294 0.384307 0.000859095 0.201119 0.000723302 
9 0.75 78570000 15.8174 0.0382025 -5.68213 0.0120499 42.5837 0.155374 3366.98 22.4978 0.000139357 0.00167026 0.000519855 0.00153674 0.384307 0.000859095 0.201119 0.000723302 
9 0.75 79380000 15.8174 0.0382025 -5.68213 0.0120499 42.5837 0.155374 3366.98 22.4978 0.000139357 0.00167026 0.000519855 0.00153447 0.384307 0.000859095 0.201119 0.000723302 
9 0.75 80190000 15.8265 0.0376949 -5.6832 0.0119263 42.5905 0.148338 3365.99 20.9602 -3.57508e-05 0.00149123 0.00128691 0.00152182 0.384313 0.000857765 0.201165 0.000711169 
9 0.75 81000000 15.8265 0.0376949 -5.6832 0.0119263 42.5905 0.146838 3365.99 20.7475 -3.57508e-05 0.00148024 0.00128691 0.00150746 0.384313 0.000857765 0.201165 0.000711169 
9 0.75 81810000 15.8265 0.0370863 -5.6832 0.0117752 42.5905 0.145546 3365.99 20.5359 -3.57508e-05 0.00146799 0.00128691 0.00149257 0.384313 0.00084026 0.201165 0.000696831 
9 0.75 82620000 15.8265 0.0370863 -5.6832 0.0117752 42.5905 0.144274 3365.99 20.3489 -3.57508e-05 0.00146177 0.00128691 0.00149465 0.384313 0.00084026 0.201165 0.000696831 
9 0.75 83430000 15.8265 0.0363446 -5.6832 0.0115755 42.5905 0.143006 3365.99 20.2382 -3.57508e-05 0.0014592 0.00128691 0.00148532 0.384313 0.000831689 0.201165 0.00069137 
9 0.75 84240000 15.8265 0.0363446 -5.6832 0.0115755 42.5905 0.141827 3365.99 20.0689 -3.57508e-05 0.00144598 0.00128691 0.00148193 0.384313 0.000831689 0.201165 0.00069137 
9 0.75 85050000 15.8265 0.0364956 -5.6832 0.011355 42.5905 0.140552 3365.99 19.8723 -3.57508e-05 0.00144307 0.00128691 0.00147218 0.384313 0.000815392 0.201165 0.000678919 
9 0.75 85860000 15.8265 0.0364956 -5.6832 0.011355 42.5905 0.139933 3365.99 19.7263 -3.57508e-05 0.00144307 0.00128691 0.00146715 0.384313 0.000815392 0.201165 0.000678919 
9 0.75 86670000 15.8199 0.0361162 -5.68207 0.0112121 42.572 0.138611 3362.5 19.5367 0.000188252 0.00144307 0.00123031 0.00146163 0.384148 0.000801323 0.201049 0.000666516 
9 0.75 87480000 15.8199 0.0361162 -5.68207 0.0112121 42.572 0.1383 3362.5 19.5185 0.000188252 0.00144307 0.00123031 0.00146573 0.384148 0.000801323 0.201049 0.000666516 
9 0.75 88290000 15.8199 0.0354347 -5.68207 0.0114154 42.572 0.137833 3362.5 19.3469 0.000188252 0.00144307 0.00123031 0.00147029 0.384148 0.000800848 0.201049 0.000666721 
9 0.75 89100000 15.8199 0.0354347 -5.68207 0.0114154 42.572 0.137633 3362.5 19.2076 0.000188252 0.00144307 0.00123031 0.00147029 0.384148 0.000800848 0.201049 0.000666721 
9 0.75 89910000 15.8199 0.0350881 -5.68207 0.011208 42.572 0.136838 3362.5 19.1628 0.000188252 0.00144307 0.00123031 0.00145486 0.384148 0.000787061 0.201049 0.000655474 
9 0.75 90720000 15.8199 0.0350881 -5.68207 0.011208 42.572 0.135689 3362.5 19.0653 0.000188252 0.00144307 0.00123031 0.00145133 0.384148 0.000787061 0.201049 0.000655474 
9 0.75 91530000 15.8199 0.0346844 -5.68207 0.0110065 42.572 0.134469 3362.5 19.0653 0.000188252 0.00144307 0.00123031 0.0014391 0.384148 0.000774412 0.201049 0.000644458 
9 0.75 92340000 15.8199 0.0346844 -5.68207 0.0110065 42.572 0.133263 3362.5 19.0653 0.000188252 0.00144307 0.00123031 0.0014391 0.384148 0.000774412 0.201049 0.000644458 
9 0.75 93150000 15.8104 0.0340734 -5.68182 0.0111515 42.5593 0.134792 3360.76 18.8227 0.000307179 0.0013759 0.00151137 0.00144248 0.383985 0.000765047 0.200923 0.000637579 
9 0.75 93960000 15.8104 0.0340734 -5.68182 0.0111515 42.5593 0.134103 3360.76 18.762 0.000307179 0.00137204 0.00151137 0.00144248 0.383985 0.000765047 0.200923 0.000637579 
9 0.75 94770000 15.8104 0.0336463 -5.68182 0.0109806 42.5593 0.132943 3360.76 18.5998 0.000307179 0.00136826 0.00151137 0.00142399 0.383985 0.000755314 0.200923 0.000629696 
9 0.75 95580000 15.8104 0.0336463 -5.68182 0.0109806 42.5593 0.131939 3360.76 18.5702 0.000307179 0.00137195 0.00151137 0.00142022 0.383985 0.000755314 0.200923 0.000629696 
9 0.75 96390000 15.8104 0.0332643 -5.68182 0.010938 42.5593 0.132899 3360.76 18.7451 0.000307179 0.00136714 0.00151137 0.00140913 0.383985 0.000744962 0.200923 0.00061922 
9 0.75 97200000 15.8104 0.0332643 -5.68182 0.010938 42.5593 0.13191 3360.76 18.6087 0.000307179 0.0013562 0.00151137 0.00139904 0.383985 0.000744962 0.200923 0.00061922 
9 0.75 98010000 15.8104 0.0327385 -5.68182 0.0108005 42.5593 0.131099 3360.76 18.4804 0.000307179 0.00134673 0.00151137 0.00141045 0.383985 0.000739154 0.200923 0.000618967 
9 0.75 98820000 15.8104 0.0327385 -5.68182 0.0108005 42.5593 0.130087 3360.76 18.3288 0.000307179 0.00134313 0.00151137 0.0014116 0.383985 0.000739154 0.200923 0.000618967 
9 0.75 99630000 15.8042 0.0325536 -5.68189 0.0106209 42.5703 0.129263 3364.81 18.29 0.000717188 0.0013329 0.0015438 0.00140104 0.384113 0.00072699 0.201072 0.000608695 
