L J MC_steps R2 R2_std E E_std E2 E2_std E4 E4_std Sin1 Sin1_std Cos1 Cos1_std Mag2 Mag2_std Mag4 Mag4_std
6 0.3 360000 7.32366 0.136384 -1.05101 0.0898854 5.23805 0.315037 97.3898 12.4654 0.00196371 0.0122214 -0.000798727 0.0236158 0.250407 0.00833748 0.104179 0.00606478 
6 0.3 720000 7.2433 0.102688 -1.04757 0.0542773 5.08067 0.21055 92.8749 8.19052 0.00304197 0.00811442 -0.00474487 0.0126635 0.24453 0.00509641 0.100115 0.00370956 
6 0.3 1080000 7.18111 0.082522 -1.07732 0.0419478 5.19726 0.160855 92.6678 6.08395 0.0117389 0.00643147 -0.00417014 0.00845469 0.248035 0.00425094 0.101647 0.00308352 
6 0.3 1440000 7.19271 0.0672306 -1.06686 0.0351036 5.1891 0.145502 93.6061 5.60891 0.00426107 0.00576518 -0.000987611 0.00665084 0.245548 0.00375925 0.100687 0.0027324 
6 0.3 1800000 7.18914 0.0579635 -1.08036 0.0303433 5.2418 0.124954 95.5421 4.80432 0.00614714 0.00504747 -0.000201658 0.0057698 0.248145 0.00316121 0.102734 0.00228864 
6 0.3 2160000 7.17756 0.0515756 -1.07329 0.0272912 5.21073 0.109142 94.874 4.15378 0.00464526 0.00498146 0.00209092 0.00538575 0.247748 0.0028784 0.102556 0.00208872 
6 0.3 2520000 7.18269 0.049557 -1.07754 0.0251656 5.19777 0.100167 94.5206 3.79136 0.00349377 0.0048517 0.00296941 0.00474329 0.247245 0.00261989 0.102185 0.00189356 
6 0.3 2880000 7.19245 0.0468373 -1.07545 0.0239992 5.19581 0.0923497 94.2675 3.45115 0.00363792 0.00451087 0.00160148 0.00433731 0.24705 0.00238546 0.101907 0.00171717 
6 0.3 3240000 7.17854 0.0486978 -1.077 0.0220722 5.17207 0.0863325 93.0969 3.25778 0.00478141 0.00396046 0.000321104 0.00396112 0.247277 0.00221119 0.101656 0.00160338 
6 0.3 3600000 7.15748 0.045913 -1.07948 0.0213362 5.20165 0.0830125 94.4491 3.1412 0.00483437 0.00368391 0.001798 0.00367637 0.247822 0.00209527 0.102114 0.00152182 
6 0.3 3960000 7.16406 0.0420343 -1.08394 0.0199815 5.22329 0.0795636 95.1356 3.08145 0.00440563 0.00335651 0.00137915 0.00346386 0.248485 0.00199334 0.102671 0.00149562 
6 0.3 4320000 7.15518 0.0415987 -1.08237 0.0188503 5.23325 0.0768284 96.084 3.02639 0.00428002 0.00321708 0.00211041 0.00331404 0.247953 0.00187611 0.102346 0.00149562 
6 0.3 4680000 7.15674 0.0387445 -1.0797 0.0181527 5.21833 0.0734907 96.1286 2.90255 0.00508007 0.00312494 0.00173056 0.00316917 0.247901 0.00181792 0.102184 0.00133093 
6 0.3 5040000 7.15084 0.0363438 -1.07384 0.0174556 5.19144 0.0717133 95.1745 2.91382 0.00451522 0.00304993 0.00142478 0.00306697 0.247713 0.00174954 0.102008 0.00132324 
6 0.3 5400000 7.14718 0.0348081 -1.0742 0.0168469 5.18565 0.0689636 94.6272 2.88473 0.00612961 0.00296637 0.00125185 0.00296248 0.24759 0.00169731 0.101847 0.00124255 
6 0.3 5760000 7.14401 0.0328376 -1.0704 0.0164708 5.18165 0.0657598 94.7639 2.75598 0.00623391 0.00283104 0.00244924 0.00284436 0.247202 0.0016359 0.101615 0.00119497 
6 0.3 6120000 7.146 0.0316602 -1.06971 0.0159749 5.17019 0.0649405 94.6913 2.70106 0.00557499 0.00295384 0.00276035 0.00270686 0.2473 0.00158335 0.101507 0.00116298 
6 0.3 6480000 7.14867 0.0306816 -1.07322 0.0158205 5.18657 0.0674328 95.2191 2.77573 0.0041466 0.00287504 0.00344742 0.00267654 0.247746 0.00153646 0.101811 0.00113521 
6 0.3 6840000 7.14269 0.0300794 -1.08307 0.0155483 5.23122 0.0765196 96.8775 2.78267 0.00364982 0.00275639 0.00300507 0.00261435 0.248899 0.00184099 0.102631 0.00142858 
6 0.3 7200000 7.15173 0.029538 -1.08421 0.0153114 5.23608 0.0765196 97.2394 2.78267 0.00376834 0.00262766 0.00266476 0.0025331 0.24924 0.00184099 0.102931 0.00142858 
6 0.3 7560000 7.15234 0.0290251 -1.08019 0.0146653 5.22638 0.0690206 97.0174 2.79264 0.00325169 0.00253371 0.00167613 0.00249882 0.24879 0.00166013 0.10257 0.00128705 
6 0.3 7920000 7.15234 0.0281405 -1.08019 0.0147107 5.22638 0.0690206 97.0174 2.79264 0.00325169 0.00242908 0.00167613 0.00243883 0.24879 0.00166013 0.10257 0.00128705 
6 0.3 8280000 7.16495 0.0273051 -1.07638 0.0141946 5.22213 0.0678763 96.8472 2.79264 0.00312177 0.00237544 0.000570973 0.0024072 0.248773 0.00150929 0.102488 0.00117264 
6 0.3 8640000 7.16495 0.0265947 -1.07638 0.0136111 5.22213 0.0678763 96.8472 2.79264 0.00312177 0.00233336 0.000570973 0.00238652 0.248773 0.00150929 0.102488 0.00117264 
6 0.3 9000000 7.15918 0.0265728 -1.07906 0.013206 5.21012 0.0587722 95.9841 2.5111 0.00358398 0.00228465 0.000757766 0.00225013 0.249117 0.00142206 0.102531 0.00107572 
6 0.3 9360000 7.15918 0.0256843 -1.07906 0.0130327 5.21012 0.0587722 95.9841 2.5111 0.00358398 0.00223355 0.000757766 0.00221839 0.249117 0.00142206 0.102531 0.00107572 
6 0.3 9720000 7.16594 0.0252794 -1.0712 0.0135736 5.1914 0.0584778 94.9538 2.5111 0.0030631 0.00219179 0.000581967 0.0021712 0.248601 0.00140314 0.102268 0.00102482 
6 0.3 10080000 7.16594 0.024647 -1.0712 0.0135736 5.1914 0.0584778 94.9538 2.5111 0.0030631 0.00214989 0.000581967 0.0021314 0.248601 0.00140314 0.102268 0.00102482 
6 0.3 10440000 7.17906 0.0242878 -1.0698 0.0126755 5.20605 0.0549193 95.6235 2.23344 0.00305286 0.00213001 0.000177217 0.00207748 0.248489 0.00130737 0.102389 0.000958755 
6 0.3 10800000 7.17906 0.0237068 -1.0698 0.0126755 5.20605 0.0549193 95.6235 2.23344 0.00305286 0.00211001 0.000177217 0.00203602 0.248489 0.00130737 0.102389 0.000958755 
6 0.3 11160000 7.17331 0.0235321 -1.07287 0.0121972 5.22333 0.0539065 96.1773 2.17812 0.00246567 0.00210432 0.000342196 0.00199235 0.248676 0.00123475 0.102581 0.000913854 
6 0.3 11520000 7.17331 0.0234642 -1.07287 0.0121972 5.22333 0.0539065 96.1773 2.17812 0.00246567 0.00206185 0.000342196 0.0019588 0.248676 0.00123475 0.102581 0.000913854 
6 0.3 11880000 7.16626 0.0230776 -1.07178 0.0114837 5.2329 0.0513799 96.6732 2.14392 0.00165349 0.00201753 0.00033795 0.00192932 0.248613 0.00115805 0.102686 0.000862825 
6 0.3 12240000 7.16626 0.0227562 -1.07178 0.0114837 5.2329 0.0513799 96.6732 2.14392 0.00165349 0.0019719 0.00033795 0.00190001 0.248613 0.00115805 0.102686 0.000862825 
6 0.3 12600000 7.15269 0.023022 -1.06939 0.0110554 5.22617 0.0506459 96.5102 2.14392 0.00150361 0.0019719 -0.00020119 0.00190479 0.248238 0.00114914 0.102426 0.000850549 
6 0.3 12960000 7.15269 0.023022 -1.06939 0.0110554 5.22617 0.0506459 96.5102 2.14392 0.00150361 0.0019719 -0.00020119 0.00188066 0.248238 0.00114914 0.102426 0.000850549 
6 0.3 13320000 7.14632 0.0269644 -1.06922 0.0105132 5.2367 0.0472056 96.6834 1.90573 0.00116151 0.00182508 -0.000241147 0.00185002 0.248446 0.001104 0.102752 0.000863758 
6 0.3 13680000 7.14632 0.0269644 -1.06922 0.0104424 5.2367 0.0472056 96.6834 1.90573 0.00116151 0.00181314 -0.000241147 0.00180868 0.248446 0.001104 0.102752 0.000863758 
6 0.3 14040000 7.14632 0.0269644 -1.06922 0.0104424 5.2367 0.0472056 96.6834 1.90573 0.00116151 0.00181314 -0.000241147 0.00178575 0.248446 0.001104 0.102752 0.000863758 
6 0.3 14400000 7.14905 0.0269644 -1.06876 0.01012 5.22727 0.045653 96.157 1.90573 0.000963902 0.00181314 -0.000742122 0.00175169 0.248411 0.00104644 0.102614 0.000829322 
6 0.3 14760000 7.14905 0.0269644 -1.06876 0.00998431 5.22727 0.045653 96.157 1.90573 0.000963902 0.00181314 -0.000742122 0.00173545 0.248411 0.00104644 0.102614 0.000829322 
6 0.3 15120000 7.15557 0.0258041 -1.07067 0.00997729 5.24032 0.0451977 96.5345 1.77934 0.00117039 0.00179421 -0.000789325 0.00172177 0.248579 0.00100974 0.102794 0.000807212 
6 0.3 15480000 7.15557 0.0258041 -1.07067 0.00991369 5.24032 0.0451977 96.5345 1.77934 0.00117039 0.00179421 -0.000789325 0.00170268 0.248579 0.00100754 0.102794 0.000807212 
6 0.3 15840000 7.15557 0.0258041 -1.07067 0.0113477 5.24032 0.0476279 96.5345 1.78961 0.00117039 0.00179421 -0.000789325 0.00169481 0.248579 0.00112349 0.102794 0.000871393 
6 0.3 16200000 7.15557 0.0258041 -1.07067 0.0113477 5.24032 0.0476279 96.5345 1.78961 0.00117039 0.00179421 -0.000789325 0.00169091 0.248579 0.00112349 0.102794 0.000871393 
6 0.3 16560000 7.15834 0.0236065 -1.05795 0.0146298 5.20597 0.0494742 95.5025 1.84822 0.00205171 0.00179421 -0.000890159 0.0016689 0.247541 0.00127834 0.10213 0.000865122 
6 0.3 16920000 7.15834 0.0236065 -1.05795 0.0146298 5.20597 0.0494742 95.5025 1.84822 0.00205171 0.00179421 -0.000890159 0.00164673 0.247541 0.00127834 0.10213 0.000865122 
6 0.3 17280000 7.15834 0.0236065 -1.05795 0.0146298 5.20597 0.0494742 95.5025 1.84822 0.00205171 0.00179421 -0.000890159 0.00162404 0.247541 0.00127834 0.10213 0.000848266 
6 0.3 17640000 7.15834 0.0236065 -1.05795 0.0146298 5.20597 0.0494742 95.5025 1.84822 0.00205171 0.00179421 -0.000890159 0.00159566 0.247541 0.00127834 0.10213 0.000848266 
6 0.3 18000000 7.15743 0.0216567 -1.05726 0.0135877 5.19158 0.0495077 94.9227 1.78283 0.000818555 0.0019587 -0.000414608 0.00158678 0.247634 0.00117825 0.102111 0.000821962 
6 0.3 18360000 7.15743 0.0216567 -1.05726 0.0135877 5.19158 0.0495077 94.9227 1.78283 0.000818555 0.0019587 -0.000414608 0.00156173 0.247634 0.00117825 0.102111 0.000821962 
6 0.3 18720000 7.15743 0.0216567 -1.05726 0.0135877 5.19158 0.0495077 94.9227 1.78283 0.000818555 0.0019587 -0.000414608 0.00153725 0.247634 0.00117825 0.102111 0.000789633 
6 0.3 19080000 7.15743 0.0216567 -1.05726 0.0135877 5.19158 0.0495077 94.9227 1.78283 0.000818555 0.0019587 -0.000414608 0.00151579 0.247634 0.00117825 0.102111 0.000789633 
6 0.3 19440000 7.15663 0.0200057 -1.05522 0.0135877 5.17953 0.0495077 94.3246 1.74311 2.12289e-05 0.00196362 -0.000378588 0.00150662 0.247509 0.00117825 0.101983 0.000765357 
6 0.3 19800000 7.15663 0.0200057 -1.05522 0.0135877 5.17953 0.0495077 94.3246 1.74311 2.12289e-05 0.00196362 -0.000378588 0.00150018 0.247509 0.00117825 0.101983 0.000765357 
6 0.3 20160000 7.15663 0.0200057 -1.05522 0.0135877 5.17953 0.0495077 94.3246 1.74311 2.12289e-05 0.00196362 -0.000378588 0.0014788 0.247509 0.00117825 0.101983 0.000761212 
6 0.3 20520000 7.15663 0.0200057 -1.05522 0.0135877 5.17953 0.0495077 94.3246 1.74311 2.12289e-05 0.00196362 -0.000378588 0.00147288 0.247509 0.00117825 0.101983 0.000761212 
6 0.3 20880000 7.15196 0.019113 -1.05891 0.012183 5.18603 0.0427458 94.4448 1.62274 0.00051931 0.00188548 0.000110447 0.00146646 0.247685 0.00102762 0.102087 0.000714733 
6 0.3 21240000 7.15196 0.019113 -1.05891 0.012183 5.18603 0.0427458 94.4448 1.62274 0.00051931 0.00188548 0.000110447 0.00145184 0.247685 0.00102762 0.102087 0.000714733 
6 0.3 21600000 7.15196 0.019113 -1.05891 0.012183 5.18603 0.0427458 94.4448 1.62274 0.00051931 0.00188548 0.000110447 0.00144433 0.247685 0.00102762 0.102087 0.000697217 
6 0.3 21960000 7.15196 0.019113 -1.05891 0.012183 5.18603 0.0427458 94.4448 1.62274 0.00051931 0.00188548 0.000110447 0.00143461 0.247685 0.00102762 0.102087 0.000697217 
6 0.3 22320000 7.15182 0.0178393 -1.05717 0.0117453 5.17401 0.0427458 94.1652 1.53846 2.01114e-05 0.00182466 0.000194179 0.00142029 0.247625 0.00101104 0.101965 0.000674287 
6 0.3 22680000 7.15182 0.0178393 -1.05717 0.0117453 5.17401 0.0427458 94.1652 1.53846 2.01114e-05 0.00182466 0.000194179 0.00140876 0.247625 0.00101104 0.101965 0.000674287 
6 0.3 23040000 7.15182 0.0178393 -1.05717 0.0117453 5.17401 0.0427458 94.1652 1.53846 2.01114e-05 0.00182466 0.000194179 0.00139421 0.247625 0.00101104 0.101965 0.000660668 
6 0.3 23400000 7.15182 0.0178393 -1.05717 0.0117453 5.17401 0.0427458 94.1652 1.53846 2.01114e-05 0.00182466 0.000194179 0.00137984 0.247625 0.00101104 0.101965 0.000658874 
6 0.3 23760000 7.15485 0.0169786 -1.05463 0.0110525 5.18164 0.0394392 94.8075 1.57067 -0.000168437 0.00172034 0.000418862 0.00136769 0.247579 0.00090192 0.102014 0.000644685 
6 0.3 24120000 7.15485 0.0169786 -1.05463 0.0110525 5.18164 0.0394392 94.8075 1.57067 -0.000168437 0.00172034 0.000418862 0.00135843 0.247579 0.00090192 0.102014 0.000645249 
6 0.3 24480000 7.15485 0.0169786 -1.05463 0.0110525 5.18164 0.0394392 94.8075 1.57067 -0.000168437 0.00172034 0.000418862 0.00134389 0.247579 0.00090192 0.102014 0.00063548 
6 0.3 24840000 7.15485 0.0169786 -1.05463 0.0110525 5.18164 0.0394392 94.8075 1.57067 -0.000168437 0.00172034 0.000418862 0.00133113 0.247579 0.00090192 0.102014 0.000645249 
6 0.3 25200000 7.15915 0.0165165 -1.05588 0.011028 5.18551 0.0376269 94.8053 1.47828 -0.000751864 0.00171522 0.000850331 0.00131358 0.247603 0.000890222 0.101998 0.00063637 
6 0.3 25560000 7.15915 0.0165165 -1.05588 0.011028 5.18551 0.0376269 94.8053 1.47828 -0.000751864 0.00171522 0.000850331 0.00130883 0.247603 0.000890222 0.101998 0.000644642 
6 0.3 25920000 7.15915 0.0165165 -1.05588 0.011028 5.18551 0.0376269 94.8053 1.47828 -0.000751864 0.00171522 0.000850331 0.00130292 0.247603 0.000890222 0.101998 0.000651758 
6 0.3 26280000 7.15915 0.0165165 -1.05588 0.011028 5.18551 0.0376269 94.8053 1.47828 -0.000751864 0.00171522 0.000850331 0.00129838 0.247603 0.000890222 0.101998 0.00064705 
6 0.3 26640000 7.16306 0.0160546 -1.05631 0.0099296 5.18565 0.035236 94.7949 1.39619 -0.000869509 0.00162396 0.000440622 0.00128745 0.247795 0.000824673 0.102144 0.000642215 
6 0.3 27000000 7.16306 0.0160546 -1.05631 0.0099296 5.18565 0.035236 94.7949 1.39619 -0.000869509 0.00162396 0.000440622 0.0012773 0.247795 0.000823573 0.102144 0.000633419 
6 0.3 27360000 7.16306 0.0161041 -1.05631 0.0099296 5.18565 0.035236 94.7949 1.39619 -0.000869509 0.00162396 0.000440622 0.00126403 0.247795 0.000823573 0.102144 0.000625446 
6 0.3 27720000 7.16306 0.0160546 -1.05631 0.0099296 5.18565 0.035236 94.7949 1.39619 -0.000869509 0.00162396 0.000440622 0.0012684 0.247795 0.000823573 0.102144 0.000618082 
6 0.3 28080000 7.15995 0.0157237 -1.05453 0.0099296 5.17905 0.0339935 94.812 1.32281 -0.001636 0.00170983 0.000988881 0.00126727 0.247616 0.000817138 0.102049 0.000610873 
6 0.3 28440000 7.15995 0.0158071 -1.05453 0.0099296 5.17905 0.0339935 94.812 1.32281 -0.001636 0.00170983 0.000988881 0.00125638 0.247616 0.000817138 0.102049 0.000605822 
6 0.3 28800000 7.15995 0.0156843 -1.05453 0.0099296 5.17905 0.0339935 94.812 1.32281 -0.001636 0.00170983 0.000988881 0.0012467 0.247616 0.000817138 0.102049 0.00059877 
6 0.3 29160000 7.15995 0.0155711 -1.05453 0.0099296 5.17905 0.0339935 94.812 1.32281 -0.001636 0.00170983 0.000988881 0.00123942 0.247616 0.000817138 0.102049 0.000591876 
6 0.3 29520000 7.15995 0.0155711 -1.05453 0.0099296 5.17905 0.0339935 94.812 1.32281 -0.001636 0.00170983 0.000988881 0.00122914 0.247616 0.000817138 0.102049 0.000591876 
6 0.3 29880000 7.16143 0.0154485 -1.0532 0.00940954 5.1775 0.032501 94.7773 1.25712 -0.00119203 0.00168099 0.0012132 0.00122261 0.247653 0.000760512 0.10204 0.000584519 
6 0.3 30240000 7.16143 0.0152751 -1.0532 0.00940954 5.1775 0.0323293 94.7773 1.25712 -0.00119203 0.00168099 0.0012132 0.00121517 0.247653 0.000760512 0.10204 0.000580299 
6 0.3 30600000 7.16143 0.015147 -1.0532 0.00940954 5.1775 0.0323293 94.7773 1.25712 -0.00119203 0.00168099 0.0012132 0.00120561 0.247653 0.000760512 0.10204 0.000581361 
6 0.3 30960000 7.16143 0.014984 -1.0532 0.00940954 5.1775 0.0323293 94.7773 1.25712 -0.00119203 0.00168099 0.0012132 0.00120149 0.247653 0.000760512 0.10204 0.000575017 
6 0.3 31320000 7.16143 0.0148787 -1.0532 0.00940954 5.1775 0.0313062 94.7773 1.21988 -0.00119203 0.00164419 0.0012132 0.00120149 0.247653 0.000747712 0.10204 0.00056867 
6 0.3 31680000 7.16143 0.0147535 -1.0532 0.00940954 5.1775 0.0312898 94.7773 1.21988 -0.00119203 0.00164419 0.0012132 0.00120149 0.247653 0.000747712 0.10204 0.000565301 
6 0.3 32040000 7.16143 0.014586 -1.0532 0.00940954 5.1775 0.0312646 94.7773 1.21988 -0.00119203 0.00164419 0.0012132 0.00120149 0.247653 0.000747712 0.10204 0.000558781 
6 0.3 32400000 7.16143 0.0144444 -1.0532 0.00940954 5.1775 0.0312646 94.7773 1.21988 -0.00119203 0.00164419 0.0012132 0.00120149 0.247653 0.000747712 0.10204 0.000556035 
6 0.3 32760000 7.15823 0.0145091 -1.05238 0.00858979 5.17366 0.0303858 94.5835 1.18067 -0.000876259 0.00164419 0.000657998 0.00120149 0.247472 0.000710724 0.101909 0.000550121 
6 0.3 33120000 7.15823 0.0144712 -1.05238 0.00858979 5.17366 0.0302439 94.5835 1.16741 -0.000876259 0.00164419 0.000657998 0.00120149 0.247472 0.000707421 0.101909 0.000543951 
6 0.3 33480000 7.15823 0.0143232 -1.05238 0.00858979 5.17366 0.0297185 94.5835 1.16529 -0.000876259 0.00164419 0.000657998 0.00120149 0.247472 0.000702846 0.101909 0.000538033 
6 0.3 33840000 7.15823 0.0141841 -1.05238 0.00858979 5.17366 0.0297162 94.5835 1.16529 -0.000876259 0.00164419 0.000657998 0.00120149 0.247472 0.000702846 0.101909 0.000532222 
6 0.3 34200000 7.15823 0.0140301 -1.05238 0.00858979 5.17366 0.0292588 94.5835 1.13758 -0.000876259 0.00164419 0.000657998 0.00120149 0.247472 0.000701347 0.101909 0.000528991 
6 0.3 34560000 7.15823 0.0138896 -1.05238 0.00858979 5.17366 0.0290509 94.5835 1.12554 -0.000876259 0.00164419 0.000657998 0.00120149 0.247472 0.000701347 0.101909 0.000523381 
6 0.3 34920000 7.15823 0.013742 -1.05238 0.00858979 5.17366 0.0288089 94.5835 1.12108 -0.000876259 0.00164419 0.000657998 0.00120149 0.247472 0.000701347 0.101909 0.000518372 
6 0.3 35280000 7.15823 0.0136033 -1.05238 0.00858979 5.17366 0.0286752 94.5835 1.12108 -0.000876259 0.00164419 0.000657998 0.00120149 0.247472 0.000701347 0.101909 0.000517231 
6 0.3 35640000 7.15662 0.0135437 -1.05283 0.00788551 5.17188 0.0283889 94.752 1.09836 -0.000834907 0.00142419 5.70657e-05 0.00145477 0.24734 0.000666778 0.101835 0.000513167 
6 0.3 36000000 7.15662 0.0134062 -1.05283 0.00788551 5.17188 0.0282621 94.752 1.09882 -0.000834907 0.00142419 5.70657e-05 0.00145477 0.24734 0.000665436 0.101835 0.000512191 
6 0.3 36360000 7.15662 0.0133585 -1.05283 0.00788551 5.17188 0.027978 94.752 1.09069 -0.000834907 0.00142419 5.70657e-05 0.00145477 0.24734 0.000664929 0.101835 0.000510803 
6 0.3 36720000 7.15662 0.0135819 -1.05283 0.00788551 5.17188 0.027758 94.752 1.09021 -0.000834907 0.00142419 5.70657e-05 0.00145477 0.24734 0.000664929 0.101835 0.000505643 
6 0.3 37080000 7.15662 0.0134977 -1.05283 0.00788551 5.17188 0.0274717 94.752 1.07978 -0.000834907 0.0014084 5.70657e-05 0.00145477 0.24734 0.00065513 0.101835 0.000500722 
6 0.3 37440000 7.15662 0.0135215 -1.05283 0.00788551 5.17188 0.0274346 94.752 1.07978 -0.000834907 0.0014084 5.70657e-05 0.00145477 0.24734 0.00065513 0.101835 0.000496508 
6 0.3 37800000 7.15662 0.0135457 -1.05283 0.00788551 5.17188 0.027188 94.752 1.07026 -0.000834907 0.0014084 5.70657e-05 0.00145477 0.24734 0.00065513 0.101835 0.000493073 
6 0.3 38160000 7.15662 0.0134374 -1.05283 0.00788551 5.17188 0.0271414 94.752 1.07026 -0.000834907 0.0014084 5.70657e-05 0.00145477 0.24734 0.00065513 0.101835 0.000488725 
6 0.3 38520000 7.16588 0.0135836 -1.05306 0.00728221 5.16673 0.0268937 94.5723 1.05563 -0.000499893 0.0014084 0.000302279 0.00145477 0.247248 0.000666732 0.101807 0.000487711 
6 0.3 38880000 7.16588 0.0135836 -1.05306 0.00728221 5.16673 0.0267114 94.5723 1.05496 -0.000499893 0.0014084 0.000302279 0.00145477 0.247248 0.000666732 0.101807 0.000484591 
6 0.3 39240000 7.16588 0.0135836 -1.05306 0.00728221 5.16673 0.0264488 94.5723 1.03657 -0.000499893 0.0014084 0.000302279 0.00145477 0.247248 0.000666732 0.101807 0.000480891 
6 0.3 39600000 7.16588 0.0135836 -1.05306 0.00728221 5.16673 0.0264102 94.5723 1.03561 -0.000499893 0.0014084 0.000302279 0.00145477 0.247248 0.000666732 0.101807 0.000476398 
6 0.3 39960000 7.16588 0.0130968 -1.05306 0.00728221 5.16673 0.0260202 94.5723 1.01785 -0.000499893 0.0014084 0.000302279 0.00145477 0.247248 0.000644619 0.101807 0.000472347 
6 0.3 40320000 7.16588 0.0130968 -1.05306 0.00728221 5.16673 0.0258436 94.5723 1.01735 -0.000499893 0.0014084 0.000302279 0.00145477 0.247248 0.000644619 0.101807 0.000468086 
6 0.3 40680000 7.16588 0.0130968 -1.05306 0.00728221 5.16673 0.0255619 94.5723 0.999845 -0.000499893 0.0014084 0.000302279 0.00145477 0.247248 0.000644619 0.101807 0.000463832 
6 0.3 41040000 7.16588 0.0130968 -1.05306 0.00728221 5.16673 0.0254417 94.5723 0.999378 -0.000499893 0.0014084 0.000302279 0.00145477 0.247248 0.000644619 0.101807 0.000459854 
6 0.3 41400000 7.16143 0.0131662 -1.05262 0.00684247 5.16792 0.0251225 94.6776 0.983546 -0.0012065 0.00134938 0.000406247 0.00128817 0.24722 0.000622343 0.101856 0.000457037 
6 0.3 41760000 7.16143 0.0131662 -1.05262 0.00684247 5.16792 0.0249616 94.6776 0.981546 -0.0012065 0.00134938 0.000406247 0.00128817 0.24722 0.000622343 0.101856 0.000452993 
6 0.3 42120000 7.16143 0.0131662 -1.05262 0.00684247 5.16792 0.0249021 94.6776 0.985137 -0.0012065 0.00134938 0.000406247 0.00128817 0.24722 0.000622343 0.101856 0.000449025 
6 0.3 42480000 7.16143 0.0131662 -1.05262 0.00684247 5.16792 0.0249021 94.6776 0.985137 -0.0012065 0.00134938 0.000406247 0.00128817 0.24722 0.000622343 0.101856 0.000445576 
6 0.3 42840000 7.16143 0.012796 -1.05262 0.0067754 5.16792 0.0265515 94.6776 1.05436 -0.0012065 0.00130334 0.000406247 0.00128817 0.24722 0.000609901 0.101856 0.00046274 
6 0.3 43200000 7.16143 0.012796 -1.05262 0.0067754 5.16792 0.0265515 94.6776 1.05436 -0.0012065 0.00130334 0.000406247 0.00128817 0.24722 0.000606496 0.101856 0.000460993 
6 0.3 43560000 7.16143 0.012796 -1.05262 0.0067754 5.16792 0.0265515 94.6776 1.05436 -0.0012065 0.00130334 0.000406247 0.00128817 0.24722 0.000605952 0.101856 0.000457258 
6 0.3 43920000 7.16143 0.012796 -1.05262 0.0067754 5.16792 0.0265515 94.6776 1.05436 -0.0012065 0.00130334 0.000406247 0.00128817 0.24722 0.000605952 0.101856 0.000453863 
6 0.3 44280000 7.16248 0.0123768 -1.05302 0.00653469 5.18064 0.0256743 95.1007 1.02305 -0.00103211 0.00126718 0.000270296 0.00128817 0.247296 0.000592203 0.101958 0.000451098 
6 0.3 44640000 7.16248 0.0123768 -1.05302 0.00653469 5.18064 0.0256743 95.1007 1.02305 -0.00103211 0.00126718 0.000270296 0.00128817 0.247296 0.000592203 0.101958 0.000451098 
6 0.3 45000000 7.16248 0.0123768 -1.05302 0.00653469 5.18064 0.0256743 95.1007 1.02305 -0.00103211 0.00126718 0.000270296 0.00128817 0.247296 0.000592733 0.101958 0.000448887 
6 0.3 45360000 7.16248 0.0123768 -1.05302 0.00653469 5.18064 0.0256743 95.1007 1.02305 -0.00103211 0.00126718 0.000270296 0.00128817 0.247296 0.000588551 0.101958 0.000445746 
6 0.3 45720000 7.16248 0.0123768 -1.05302 0.00653469 5.18064 0.0256743 95.1007 1.02305 -0.00103211 0.00126718 0.000270296 0.00128817 0.247296 0.000585763 0.101958 0.000442162 
6 0.3 46080000 7.16248 0.0122937 -1.05302 0.00642451 5.18064 0.0251261 95.1007 0.990508 -0.00103211 0.00125527 0.000270296 0.00128817 0.247296 0.000586345 0.101958 0.000440992 
6 0.3 46440000 7.16248 0.0122937 -1.05302 0.00642451 5.18064 0.0251261 95.1007 0.990508 -0.00103211 0.00125527 0.000270296 0.00128817 0.247296 0.000586345 0.101958 0.000437465 
6 0.3 46800000 7.16248 0.0122937 -1.05302 0.00642451 5.18064 0.0251261 95.1007 0.990508 -0.00103211 0.00125527 0.000270296 0.00128817 0.247296 0.000586345 0.101958 0.000434372 
6 0.3 47160000 7.16248 0.0122937 -1.05302 0.00642451 5.18064 0.0251261 95.1007 0.990508 -0.00103211 0.00125527 0.000270296 0.00128817 0.247296 0.000586345 0.101958 0.000430957 
6 0.3 47520000 7.1575 0.012099 -1.05133 0.0062462 5.17855 0.0243992 95.0996 0.95999 -0.000800351 0.00121346 0.000557907 0.00113604 0.247168 0.000571665 0.1019 0.000431245 
6 0.3 47880000 7.1575 0.012099 -1.05133 0.0062462 5.17855 0.0243992 95.0996 0.95999 -0.000800351 0.00121346 0.000557907 0.00113604 0.247168 0.000571136 0.1019 0.000430284 
6 0.3 48240000 7.1575 0.012099 -1.05133 0.0062462 5.17855 0.0243992 95.0996 0.95999 -0.000800351 0.00121346 0.000557907 0.00113604 0.247168 0.000569053 0.1019 0.000429539 
6 0.3 48600000 7.1575 0.012099 -1.05133 0.0062462 5.17855 0.0243992 95.0996 0.95999 -0.000800351 0.00121346 0.000557907 0.00113604 0.247168 0.000569053 0.1019 0.000426619 
6 0.3 48960000 7.1575 0.0118716 -1.05133 0.00616097 5.17855 0.024451 95.0996 0.982302 -0.000800351 0.00120259 0.000557907 0.00113604 0.247168 0.000565423 0.1019 0.0004234 
6 0.3 49320000 7.1575 0.0118716 -1.05133 0.00616097 5.17855 0.024451 95.0996 0.982302 -0.000800351 0.00120259 0.000557907 0.00113604 0.247168 0.000565423 0.1019 0.000420225 
6 0.3 49680000 7.1575 0.0118716 -1.05133 0.00616097 5.17855 0.024451 95.0996 0.982302 -0.000800351 0.00120259 0.000557907 0.00113604 0.247168 0.000557048 0.1019 0.000417386 
6 0.3 50040000 7.1575 0.0118716 -1.05133 0.00616097 5.17855 0.024451 95.0996 0.982302 -0.000800351 0.00120259 0.000557907 0.00113604 0.247168 0.000557048 0.1019 0.000415845 
6 0.3 50400000 7.15471 0.0123921 -1.05174 0.00591353 5.17287 0.0237388 94.7909 0.95346 -0.000280954 0.00119656 0.000611997 0.00113604 0.247267 0.000558208 0.101895 0.000412964 
6 0.3 50760000 7.15471 0.0123921 -1.05174 0.00591353 5.17287 0.0237388 94.7909 0.95346 -0.000280954 0.00119656 0.000611997 0.00113604 0.247267 0.000558208 0.101895 0.000411715 
6 0.3 51120000 7.15471 0.0123921 -1.05174 0.00591353 5.17287 0.0237388 94.7909 0.95346 -0.000280954 0.00119656 0.000611997 0.00113604 0.247267 0.000556807 0.101895 0.000412372 
6 0.3 51480000 7.15471 0.0123921 -1.05174 0.00591353 5.17287 0.0237388 94.7909 0.95346 -0.000280954 0.00119656 0.000611997 0.00113604 0.247267 0.000556807 0.101895 0.000412372 
6 0.3 51840000 7.15471 0.012039 -1.05174 0.00581187 5.17287 0.0233156 94.7909 0.938089 -0.000280954 0.00116324 0.000611997 0.00113604 0.247267 0.000548865 0.101895 0.000406567 
6 0.3 52200000 7.15471 0.012039 -1.05174 0.00581187 5.17287 0.0233156 94.7909 0.938089 -0.000280954 0.00116324 0.000611997 0.00113604 0.247267 0.000548865 0.101895 0.000406877 
6 0.3 52560000 7.15471 0.012039 -1.05174 0.00581187 5.17287 0.0233156 94.7909 0.938089 -0.000280954 0.00116324 0.000611997 0.00113604 0.247267 0.00054961 0.101895 0.000406838 
6 0.3 52920000 7.15471 0.012039 -1.05174 0.00581187 5.17287 0.0233156 94.7909 0.938089 -0.000280954 0.00116324 0.000611997 0.00113604 0.247267 0.00054961 0.101895 0.000406838 
6 0.3 53280000 7.15649 0.0118138 -1.05236 0.00567487 5.17264 0.0228952 94.7516 0.918648 -0.000378651 0.00113209 0.000664438 0.0010148 0.247298 0.000542251 0.1019 0.000401284 
6 0.3 53640000 7.15649 0.0118138 -1.05236 0.00567487 5.17264 0.0228952 94.7516 0.918648 -0.000378651 0.00113209 0.000664438 0.0010148 0.247298 0.000542251 0.1019 0.000401284 
6 0.3 54000000 7.15649 0.0118138 -1.05236 0.00567487 5.17264 0.0228952 94.7516 0.918648 -0.000378651 0.00113209 0.000664438 0.0010148 0.247298 0.000544223 0.1019 0.000402186 
6 0.3 54360000 7.15649 0.0118138 -1.05236 0.00567487 5.17264 0.0228952 94.7516 0.918648 -0.000378651 0.00113209 0.000664438 0.0010148 0.247298 0.000544223 0.1019 0.000402186 
6 0.3 54720000 7.15649 0.0114993 -1.05236 0.00559132 5.17264 0.0226854 94.7516 0.917856 -0.000378651 0.00111152 0.000664438 0.0010148 0.247298 0.000536883 0.1019 0.000397681 
6 0.3 55080000 7.15649 0.0114993 -1.05236 0.00559132 5.17264 0.0226854 94.7516 0.917856 -0.000378651 0.00111152 0.000664438 0.0010148 0.247298 0.000536883 0.1019 0.000397681 
6 0.3 55440000 7.15649 0.0114993 -1.05236 0.00559132 5.17264 0.0226854 94.7516 0.917856 -0.000378651 0.00111152 0.000664438 0.0010148 0.247298 0.00053108 0.1019 0.000392462 
6 0.3 55800000 7.15649 0.0114993 -1.05236 0.00559132 5.17264 0.0226854 94.7516 0.917856 -0.000378651 0.00111152 0.000664438 0.0010148 0.247298 0.00053108 0.1019 0.000392462 
6 0.3 56160000 7.15583 0.0112015 -1.05111 0.00545521 5.16962 0.022127 94.5538 0.893805 -0.000111118 0.00110694 0.000929392 0.0010148 0.247215 0.000526638 0.101822 0.00038845 
6 0.3 56520000 7.15583 0.0112015 -1.05111 0.00545521 5.16962 0.022127 94.5538 0.893805 -0.000111118 0.00110694 0.000929392 0.0010148 0.247215 0.000526638 0.101822 0.00038845 
6 0.3 56880000 7.15583 0.0112015 -1.05111 0.00545521 5.16962 0.022127 94.5538 0.893805 -0.000111118 0.00110694 0.000929392 0.0010148 0.247215 0.000519987 0.101822 0.000384118 
6 0.3 57240000 7.15583 0.0112015 -1.05111 0.00545521 5.16962 0.022127 94.5538 0.893805 -0.000111118 0.00110694 0.000929392 0.0010148 0.247215 0.000519987 0.101822 0.000384118 
6 0.3 57600000 7.15583 0.0109774 -1.05111 0.00538572 5.16962 0.0221136 94.5538 0.875736 -0.000111118 0.00110694 0.000929392 0.0010148 0.247215 0.000515339 0.101822 0.000380584 
6 0.3 57960000 7.15583 0.0109774 -1.05111 0.00538572 5.16962 0.0221136 94.5538 0.875736 -0.000111118 0.00110694 0.000929392 0.0010148 0.247215 0.000515339 0.101822 0.000380562 
6 0.3 58320000 7.15583 0.0109774 -1.05111 0.00538572 5.16962 0.0221136 94.5538 0.875736 -0.000111118 0.00110694 0.000929392 0.0010148 0.247215 0.000508897 0.101822 0.000378813 
6 0.3 58680000 7.15583 0.0109774 -1.05111 0.00538572 5.16962 0.0221136 94.5538 0.875736 -0.000111118 0.00110694 0.000929392 0.0010148 0.247215 0.000508897 0.101822 0.000377385 
6 0.3 59040000 7.15461 0.010703 -1.0496 0.00530946 5.16164 0.02198 94.2352 0.966914 -0.00044877 0.00105998 0.00091518 0.000943788 0.247092 0.00050763 0.101727 0.00037678 
6 0.3 59400000 7.15461 0.010703 -1.0496 0.00530946 5.16164 0.02198 94.2352 0.966914 -0.00044877 0.00105998 0.00091518 0.000943788 0.247092 0.00050763 0.101727 0.000376737 
6 0.3 59760000 7.15461 0.010703 -1.0496 0.00530946 5.16164 0.02198 94.2352 0.966914 -0.00044877 0.00105998 0.00091518 0.000943788 0.247092 0.000506403 0.101727 0.000375972 
6 0.3 60120000 7.15461 0.010703 -1.0496 0.00530946 5.16164 0.02198 94.2352 0.966914 -0.00044877 0.00105998 0.00091518 0.000943788 0.247092 0.000506403 0.101727 0.000375972 
6 0.3 60480000 7.15461 0.010703 -1.0496 0.00530946 5.16164 0.02198 94.2352 0.966914 -0.00044877 0.00105998 0.00091518 0.000943788 0.247092 0.000506403 0.101727 0.000375972 
6 0.3 60840000 7.15461 0.0104474 -1.0496 0.00530946 5.16164 0.02198 94.2352 0.966914 -0.00044877 0.00106077 0.00091518 0.000943788 0.247092 0.000501441 0.101727 0.000371444 
6 0.3 61200000 7.15461 0.0104474 -1.0496 0.00530946 5.16164 0.02198 94.2352 0.966914 -0.00044877 0.00106077 0.00091518 0.000943788 0.247092 0.000501441 0.101727 0.000371444 
6 0.3 61560000 7.15461 0.0104474 -1.0496 0.00530946 5.16164 0.02198 94.2352 0.966914 -0.00044877 0.00106077 0.00091518 0.000943788 0.247092 0.000495973 0.101727 0.000368087 
6 0.3 61920000 7.15461 0.0104474 -1.0496 0.00530946 5.16164 0.02198 94.2352 0.966914 -0.00044877 0.00106077 0.00091518 0.000943788 0.247092 0.000495973 0.101727 0.000367718 
6 0.3 62280000 7.15461 0.0105708 -1.0496 0.00531747 5.16164 0.02198 94.2352 0.966914 -0.00044877 0.00104901 0.00091518 0.000943788 0.247092 0.000495524 0.101727 0.000364512 
6 0.3 62640000 7.15461 0.0105708 -1.0496 0.00531747 5.16164 0.02198 94.2352 0.966914 -0.00044877 0.00104901 0.00091518 0.000943788 0.247092 0.000495524 0.101727 0.000364512 
6 0.3 63000000 7.15461 0.0105708 -1.0496 0.00531747 5.16164 0.02198 94.2352 0.966914 -0.00044877 0.00104901 0.00091518 0.000943788 0.247092 0.00049369 0.101727 0.000362282 
6 0.3 63360000 7.15461 0.0105708 -1.0496 0.00531747 5.16164 0.02198 94.2352 0.966914 -0.00044877 0.00104901 0.00091518 0.000943788 0.247092 0.00049369 0.101727 0.000362282 
6 0.3 63720000 7.15461 0.0103302 -1.0496 0.00531747 5.16164 0.02198 94.2352 0.966914 -0.00044877 0.00104901 0.00091518 0.000943788 0.247092 0.000490113 0.101727 0.000358794 
6 0.3 64080000 7.15461 0.0103302 -1.0496 0.00531747 5.16164 0.02198 94.2352 0.966914 -0.00044877 0.00104901 0.00091518 0.000943788 0.247092 0.000490113 0.101727 0.000358794 
6 0.3 64440000 7.15461 0.0103302 -1.0496 0.00531747 5.16164 0.02198 94.2352 0.966914 -0.00044877 0.00104901 0.00091518 0.000943788 0.247092 0.000490113 0.101727 0.000357901 
6 0.3 64800000 7.15461 0.0103302 -1.0496 0.00531747 5.16164 0.02198 94.2352 0.966914 -0.00044877 0.00104901 0.00091518 0.000943788 0.247092 0.000490113 0.101727 0.000357901 
6 0.3 65160000 7.15797 0.0101101 -1.04876 0.00527102 5.1636 0.02198 94.3234 0.966914 -0.000333128 0.00102113 0.000494646 0.000947057 0.246973 0.000486354 0.101678 0.000356545 
6 0.3 65520000 7.15797 0.0101101 -1.04876 0.00527102 5.1636 0.02198 94.3234 0.966914 -0.000333128 0.00102113 0.000494646 0.000947057 0.246973 0.000486354 0.101678 0.000356545 
6 0.3 65880000 7.15797 0.0101101 -1.04876 0.00527102 5.1636 0.02198 94.3234 0.966914 -0.000333128 0.00102113 0.000494646 0.000947057 0.246973 0.000482107 0.101678 0.000352738 
6 0.3 66240000 7.15797 0.0101101 -1.04876 0.00527102 5.1636 0.02198 94.3234 0.966914 -0.000333128 0.00102113 0.000494646 0.000947057 0.246973 0.000482107 0.101678 0.000352738 
6 0.3 66600000 7.15797 0.00989404 -1.04876 0.00527102 5.1636 0.02198 94.3234 0.966914 -0.000333128 0.00102113 0.000494646 0.000947057 0.246973 0.00048363 0.101678 0.000357759 
6 0.3 66960000 7.15797 0.00989404 -1.04876 0.00527102 5.1636 0.02198 94.3234 0.966914 -0.000333128 0.00102113 0.000494646 0.000947057 0.246973 0.00048363 0.101678 0.000357759 
6 0.3 67320000 7.15797 0.00989404 -1.04876 0.00527102 5.1636 0.02198 94.3234 0.966914 -0.000333128 0.00102113 0.000494646 0.000947057 0.246973 0.000482239 0.101678 0.000354937 
6 0.3 67680000 7.15797 0.00989404 -1.04876 0.00527102 5.1636 0.02198 94.3234 0.966914 -0.000333128 0.00102113 0.000494646 0.000947057 0.246973 0.000482239 0.101678 0.000354937 
6 0.3 68040000 7.15797 0.0103656 -1.04876 0.00527102 5.1636 0.02198 94.3234 0.966914 -0.000333128 0.00103603 0.000494646 0.000947057 0.246973 0.000477013 0.101678 0.000351392 
6 0.3 68400000 7.15797 0.0103656 -1.04876 0.00527102 5.1636 0.02198 94.3234 0.966914 -0.000333128 0.00103603 0.000494646 0.000947057 0.246973 0.000477013 0.101678 0.000351392 
6 0.3 68760000 7.15797 0.0103656 -1.04876 0.00527102 5.1636 0.02198 94.3234 0.966914 -0.000333128 0.00103603 0.000494646 0.000947057 0.246973 0.000472527 0.101678 0.00034795 
6 0.3 69120000 7.15797 0.0103656 -1.04876 0.00527102 5.1636 0.02198 94.3234 0.966914 -0.000333128 0.00103603 0.000494646 0.000947057 0.246973 0.000472527 0.101678 0.00034795 
6 0.3 69480000 7.15797 0.0103506 -1.04876 0.00527102 5.1636 0.02198 94.3234 0.966914 -0.000333128 0.00103603 0.000494646 0.000947057 0.246973 0.000475059 0.101678 0.000345619 
6 0.3 69840000 7.15797 0.0103506 -1.04876 0.00527102 5.1636 0.02198 94.3234 0.966914 -0.000333128 0.00103603 0.000494646 0.000947057 0.246973 0.000475059 0.101678 0.000345619 
6 0.3 70200000 7.15797 0.0103506 -1.04876 0.00527102 5.1636 0.02198 94.3234 0.966914 -0.000333128 0.00103603 0.000494646 0.000947057 0.246973 0.000470099 0.101678 0.000342019 
6 0.3 70560000 7.15797 0.0103506 -1.04876 0.00527102 5.1636 0.02198 94.3234 0.966914 -0.000333128 0.00103603 0.000494646 0.000947057 0.246973 0.000470099 0.101678 0.000342019 
6 0.3 70920000 7.15509 0.0104392 -1.04971 0.00477052 5.16333 0.0197008 94.3419 0.811634 -0.000742145 0.000994363 0.00035268 0.000878712 0.246849 0.000467282 0.101601 0.00033914 
6 0.3 71280000 7.15509 0.0104392 -1.04971 0.00477052 5.16333 0.0197008 94.3419 0.811634 -0.000742145 0.000994363 0.00035268 0.000878712 0.246849 0.000467282 0.101601 0.00033914 
6 0.3 71640000 7.15509 0.0104392 -1.04971 0.00477052 5.16333 0.0197008 94.3419 0.811634 -0.000742145 0.000994363 0.00035268 0.000878712 0.246849 0.000470022 0.101601 0.000339179 
6 0.3 72000000 7.15509 0.0104392 -1.04971 0.00477052 5.16333 0.0197008 94.3419 0.811634 -0.000742145 0.000994363 0.00035268 0.000878712 0.246849 0.000470022 0.101601 0.000339179 
6 0.3 72360000 7.15509 0.0102296 -1.04971 0.00477052 5.16333 0.0193025 94.3419 0.811634 -0.000742145 0.000994363 0.00035268 0.000878712 0.246849 0.00046971 0.101601 0.000337502 
6 0.3 72720000 7.15509 0.0102296 -1.04971 0.00477052 5.16333 0.0193025 94.3419 0.811634 -0.000742145 0.000994363 0.00035268 0.000878712 0.246849 0.00046971 0.101601 0.000337502 
6 0.3 73080000 7.15509 0.0102296 -1.04971 0.004783 5.16333 0.0193025 94.3419 0.811634 -0.000742145 0.000994363 0.00035268 0.000878712 0.246849 0.000475178 0.101601 0.000338838 
6 0.3 73440000 7.15509 0.0102296 -1.04971 0.004783 5.16333 0.0193025 94.3419 0.811634 -0.000742145 0.000994363 0.00035268 0.000878712 0.246849 0.000475178 0.101601 0.000338838 
6 0.3 73800000 7.15509 0.0100548 -1.04971 0.00482541 5.16333 0.0192973 94.3419 0.811634 -0.000742145 0.00095653 0.00035268 0.000878712 0.246849 0.000474329 0.101601 0.000337633 
6 0.3 74160000 7.15509 0.0100548 -1.04971 0.00482541 5.16333 0.0192973 94.3419 0.811634 -0.000742145 0.00095653 0.00035268 0.000878712 0.246849 0.000474329 0.101601 0.000337633 
6 0.3 74520000 7.15509 0.0100548 -1.04971 0.00482541 5.16333 0.0192973 94.3419 0.811634 -0.000742145 0.00095653 0.00035268 0.000878712 0.246849 0.000471124 0.101601 0.000335303 
6 0.3 74880000 7.15509 0.0100548 -1.04971 0.00482541 5.16333 0.0192973 94.3419 0.811634 -0.000742145 0.00095653 0.00035268 0.000878712 0.246849 0.000471124 0.101601 0.000335303 
6 0.3 75240000 7.15509 0.00989658 -1.04971 0.00473136 5.16333 0.0189443 94.3419 0.811634 -0.000742145 0.00095653 0.00035268 0.000878712 0.246849 0.000467791 0.101601 0.000333328 
6 0.3 75600000 7.15509 0.00989658 -1.04971 0.00473136 5.16333 0.0189443 94.3419 0.811634 -0.000742145 0.00095653 0.00035268 0.000878712 0.246849 0.000467791 0.101601 0.000333328 
6 0.3 75960000 7.15509 0.00989658 -1.04971 0.00473136 5.16333 0.0189443 94.3419 0.811634 -0.000742145 0.00095653 0.00035268 0.000878712 0.246849 0.000467791 0.101601 0.000333328 
6 0.3 76320000 7.15509 0.00989658 -1.04971 0.00473136 5.16333 0.0189443 94.3419 0.811634 -0.000742145 0.00095653 0.00035268 0.000878712 0.246849 0.000463317 0.101601 0.00033025 
6 0.3 76680000 7.15509 0.00989658 -1.04971 0.00473136 5.16333 0.0189443 94.3419 0.811634 -0.000742145 0.00095653 0.00035268 0.000878712 0.246849 0.000463317 0.101601 0.00033025 
6 0.3 77040000 7.155 0.00987648 -1.05127 0.00467597 5.16826 0.018586 94.424 0.811634 -0.000804077 0.00091974 0.000491142 0.000821955 0.247035 0.000462404 0.101717 0.000329732 
6 0.3 77400000 7.155 0.00987648 -1.05127 0.00467597 5.16826 0.018586 94.424 0.811634 -0.000804077 0.00091974 0.000491142 0.000821955 0.247035 0.000462404 0.101717 0.000329732 
6 0.3 77760000 7.155 0.00987648 -1.05127 0.00467597 5.16826 0.018586 94.424 0.811634 -0.000804077 0.00091974 0.000491142 0.000821955 0.247035 0.000461205 0.101717 0.000327994 
6 0.3 78120000 7.155 0.00987648 -1.05127 0.00467597 5.16826 0.018586 94.424 0.811634 -0.000804077 0.00091974 0.000491142 0.000821955 0.247035 0.000461205 0.101717 0.000327994 
6 0.3 78480000 7.155 0.00969363 -1.05127 0.00461564 5.16826 0.0186906 94.424 0.811634 -0.000804077 0.00091974 0.000491142 0.000821955 0.247035 0.000457033 0.101717 0.000325821 
6 0.3 78840000 7.155 0.00969363 -1.05127 0.00461564 5.16826 0.0186906 94.424 0.811634 -0.000804077 0.00091974 0.000491142 0.000821955 0.247035 0.000457033 0.101717 0.000325821 
6 0.3 79200000 7.155 0.00969363 -1.05127 0.00461564 5.16826 0.0186906 94.424 0.811634 -0.000804077 0.00091974 0.000491142 0.000821955 0.247035 0.000457469 0.101717 0.000326372 
6 0.3 79560000 7.155 0.00969363 -1.05127 0.00461564 5.16826 0.0186906 94.424 0.811634 -0.000804077 0.00091974 0.000491142 0.000821955 0.247035 0.000457469 0.101717 0.000326372 
6 0.3 79920000 7.155 0.00951416 -1.05127 0.00453668 5.16826 0.0187445 94.424 0.811634 -0.000804077 0.0009002 0.000491142 0.000821955 0.247035 0.000459898 0.101717 0.000330937 
6 0.3 80280000 7.155 0.00951416 -1.05127 0.00453668 5.16826 0.0187445 94.424 0.811634 -0.000804077 0.0009002 0.000491142 0.000821955 0.247035 0.000459898 0.101717 0.000330937 
6 0.3 80640000 7.155 0.00951416 -1.05127 0.00453668 5.16826 0.0186666 94.424 0.811634 -0.000804077 0.0009002 0.000491142 0.000821955 0.247035 0.000457641 0.101717 0.000328189 
6 0.3 81000000 7.155 0.00951416 -1.05127 0.00453668 5.16826 0.0186666 94.424 0.811634 -0.000804077 0.0009002 0.000491142 0.000821955 0.247035 0.000457641 0.101717 0.000328189 
6 0.3 81360000 7.155 0.0093485 -1.05127 0.00447396 5.16826 0.0185802 94.424 0.811634 -0.000804077 0.0009002 0.000491142 0.000821955 0.247035 0.000454104 0.101717 0.000325246 
6 0.3 81720000 7.155 0.0093485 -1.05127 0.00447396 5.16826 0.0185802 94.424 0.811634 -0.000804077 0.0009002 0.000491142 0.000821955 0.247035 0.000454104 0.101717 0.000325246 
6 0.3 82080000 7.155 0.0093485 -1.05127 0.00446175 5.16826 0.0185802 94.424 0.811634 -0.000804077 0.0009002 0.000491142 0.000821955 0.247035 0.00045004 0.101717 0.000322351 
6 0.3 82440000 7.155 0.0093485 -1.05127 0.00446175 5.16826 0.0185802 94.424 0.811634 -0.000804077 0.0009002 0.000491142 0.000821955 0.247035 0.00045004 0.101717 0.000322351 
6 0.3 82800000 7.15574 0.0091824 -1.05087 0.00439919 5.15911 0.0182755 94.0812 0.736378 -0.000860701 0.000874444 0.000407209 0.000767517 0.246969 0.000446129 0.101635 0.000319994 
6 0.3 83160000 7.15574 0.0091824 -1.05087 0.00439919 5.15911 0.0182755 94.0812 0.736378 -0.000860701 0.000874444 0.000407209 0.000767517 0.246969 0.000446129 0.101635 0.000319994 
6 0.3 83520000 7.15574 0.0091824 -1.05087 0.00438398 5.15911 0.0181142 94.0812 0.736378 -0.000860701 0.000874444 0.000407209 0.000767517 0.246969 0.000442712 0.101635 0.000317504 
6 0.3 83880000 7.15574 0.0091824 -1.05087 0.00438398 5.15911 0.0181142 94.0812 0.736378 -0.000860701 0.000874444 0.000407209 0.000767517 0.246969 0.000442712 0.101635 0.000317504 
6 0.3 84240000 7.15574 0.00910847 -1.05087 0.00434214 5.15911 0.0179797 94.0812 0.736378 -0.000860701 0.000874444 0.000407209 0.000767517 0.246969 0.000438983 0.101635 0.000314829 
6 0.3 84600000 7.15574 0.00910847 -1.05087 0.00434214 5.15911 0.0179797 94.0812 0.736378 -0.000860701 0.000874444 0.000407209 0.000767517 0.246969 0.000438983 0.101635 0.000314829 
6 0.3 84960000 7.15574 0.00910847 -1.05087 0.00433547 5.15911 0.0179797 94.0812 0.736378 -0.000860701 0.000874444 0.000407209 0.000767517 0.246969 0.000437396 0.101635 0.000313255 
6 0.3 85320000 7.15574 0.00910847 -1.05087 0.00433547 5.15911 0.0179797 94.0812 0.736378 -0.000860701 0.000874444 0.000407209 0.000767517 0.246969 0.000437396 0.101635 0.000313255 
6 0.3 85680000 7.15574 0.00895782 -1.05087 0.00429793 5.15911 0.0176707 94.0812 0.736378 -0.000860701 0.000845638 0.000407209 0.000767517 0.246969 0.000433783 0.101635 0.000310555 
6 0.3 86040000 7.15574 0.00895782 -1.05087 0.00429793 5.15911 0.0176707 94.0812 0.736378 -0.000860701 0.000845638 0.000407209 0.000767517 0.246969 0.000433783 0.101635 0.000310555 
6 0.3 86400000 7.15574 0.00895782 -1.05087 0.00431173 5.15911 0.0177076 94.0812 0.736378 -0.000860701 0.000845638 0.000407209 0.000767517 0.246969 0.000433689 0.101635 0.000311204 
6 0.3 86760000 7.15574 0.00895782 -1.05087 0.00431173 5.15911 0.0177076 94.0812 0.736378 -0.000860701 0.000845638 0.000407209 0.000767517 0.246969 0.000433689 0.101635 0.000311204 
6 0.3 87120000 7.15574 0.00880666 -1.05087 0.00434428 5.15911 0.0175627 94.0812 0.736378 -0.000860701 0.000845638 0.000407209 0.000767517 0.246969 0.000430521 0.101635 0.000308674 
6 0.3 87480000 7.15574 0.00880666 -1.05087 0.00434428 5.15911 0.0175627 94.0812 0.736378 -0.000860701 0.000845638 0.000407209 0.000767517 0.246969 0.000430521 0.101635 0.000308674 
6 0.3 87840000 7.15574 0.00880666 -1.05087 0.00434428 5.15911 0.0175627 94.0812 0.736378 -0.000860701 0.000845638 0.000407209 0.000767517 0.246969 0.000427788 0.101635 0.00030705 
6 0.3 88200000 7.15574 0.00880666 -1.05087 0.00434428 5.15911 0.0175627 94.0812 0.736378 -0.000860701 0.000845638 0.000407209 0.000767517 0.246969 0.000427788 0.101635 0.00030705 
6 0.3 88560000 7.15536 0.00877178 -1.05241 0.0047032 5.16583 0.0184602 94.3279 0.736378 -0.000589032 0.000846372 5.00833e-05 0.000795105 0.247109 0.00043596 0.101741 0.00031446 
6 0.3 88920000 7.15536 0.00877178 -1.05241 0.0047032 5.16583 0.0184602 94.3279 0.736378 -0.000589032 0.000846372 5.00833e-05 0.000795105 0.247109 0.00043596 0.101741 0.00031446 
6 0.3 89280000 7.15536 0.00877178 -1.05241 0.0047032 5.16583 0.0184602 94.3279 0.736378 -0.000589032 0.000846372 5.00833e-05 0.000795105 0.247109 0.000432719 0.101741 0.000312924 
6 0.3 89640000 7.15536 0.00877178 -1.05241 0.0047032 5.16583 0.0184602 94.3279 0.736378 -0.000589032 0.000846372 5.00833e-05 0.000795105 0.247109 0.000432719 0.101741 0.000312924 
6 0.3 90000000 7.15536 0.0087339 -1.05241 0.0047032 5.16583 0.0184602 94.3279 0.736378 -0.000589032 0.000846372 5.00833e-05 0.000795105 0.247109 0.000434834 0.101741 0.000314112 
6 0.3 90360000 7.15536 0.0087339 -1.05241 0.0047032 5.16583 0.0184602 94.3279 0.736378 -0.000589032 0.000846372 5.00833e-05 0.000795105 0.247109 0.000434834 0.101741 0.000314112 
6 0.3 90720000 7.15536 0.0087339 -1.05241 0.0047032 5.16583 0.0184602 94.3279 0.736378 -0.000589032 0.000846372 5.00833e-05 0.000795105 0.247109 0.000434834 0.101741 0.000314112 
6 0.3 91080000 7.15536 0.0087339 -1.05241 0.0047032 5.16583 0.0184602 94.3279 0.736378 -0.000589032 0.000846372 5.00833e-05 0.000795105 0.247109 0.00043195 0.101741 0.000311896 
6 0.3 91440000 7.15536 0.0087339 -1.05241 0.0047032 5.16583 0.0184602 94.3279 0.736378 -0.000589032 0.000846372 5.00833e-05 0.000795105 0.247109 0.00043195 0.101741 0.000311896 
6 0.3 91800000 7.15536 0.00872972 -1.05241 0.00455176 5.16583 0.0181035 94.3279 0.736378 -0.000589032 0.000820027 5.00833e-05 0.000795105 0.247109 0.000428597 0.101741 0.000310148 
6 0.3 92160000 7.15536 0.00872972 -1.05241 0.00455176 5.16583 0.0181035 94.3279 0.736378 -0.000589032 0.000820027 5.00833e-05 0.000795105 0.247109 0.000428597 0.101741 0.000310148 
6 0.3 92520000 7.15536 0.00872972 -1.05241 0.00455176 5.16583 0.0181035 94.3279 0.736378 -0.000589032 0.000820027 5.00833e-05 0.000795105 0.247109 0.000427757 0.101741 0.00030805 
6 0.3 92880000 7.15536 0.00872972 -1.05241 0.00455176 5.16583 0.0181035 94.3279 0.736378 -0.000589032 0.000820027 5.00833e-05 0.000795105 0.247109 0.000427757 0.101741 0.00030805 
6 0.3 93240000 7.15536 0.00859581 -1.05241 0.00455176 5.16583 0.0181035 94.3279 0.736378 -0.000589032 0.000820027 5.00833e-05 0.000795105 0.247109 0.000424695 0.101741 0.000305696 
6 0.3 93600000 7.15536 0.00859581 -1.05241 0.00455176 5.16583 0.0181035 94.3279 0.736378 -0.000589032 0.000820027 5.00833e-05 0.000795105 0.247109 0.000424695 0.101741 0.000305696 
6 0.3 93960000 7.15536 0.00859581 -1.05241 0.00455176 5.16583 0.0181035 94.3279 0.736378 -0.000589032 0.000820027 5.00833e-05 0.000795105 0.247109 0.000421979 0.101741 0.000303712 
6 0.3 94320000 7.15536 0.00859581 -1.05241 0.00455176 5.16583 0.0181035 94.3279 0.736378 -0.000589032 0.000820027 5.00833e-05 0.000795105 0.247109 0.000421979 0.101741 0.000303712 
6 0.3 94680000 7.15592 0.00852278 -1.05208 0.00442544 5.17054 0.0177814 94.523 0.765463 -0.000302135 0.00083066 5.41183e-06 0.000746665 0.247006 0.000418693 0.101725 0.000301476 
6 0.3 95040000 7.15592 0.00852278 -1.05208 0.00442544 5.17054 0.0177814 94.523 0.765463 -0.000302135 0.00083066 5.41183e-06 0.000746665 0.247006 0.000418693 0.101725 0.000301476 
6 0.3 95400000 7.15592 0.00852278 -1.05208 0.00442544 5.17054 0.0177814 94.523 0.765463 -0.000302135 0.00083066 5.41183e-06 0.000746665 0.247006 0.000418503 0.101725 0.000299552 
6 0.3 95760000 7.15592 0.00852278 -1.05208 0.00442544 5.17054 0.0177814 94.523 0.765463 -0.000302135 0.00083066 5.41183e-06 0.000746665 0.247006 0.000418503 0.101725 0.000299552 
6 0.3 96120000 7.15592 0.00853961 -1.05208 0.00442544 5.17054 0.0177814 94.523 0.765463 -0.000302135 0.00083066 5.41183e-06 0.000746665 0.247006 0.000415315 0.101725 0.000297474 
6 0.3 96480000 7.15592 0.00853961 -1.05208 0.00442544 5.17054 0.0177814 94.523 0.765463 -0.000302135 0.00083066 5.41183e-06 0.000746665 0.247006 0.000415315 0.101725 0.000297474 
6 0.3 96840000 7.15592 0.00853961 -1.05208 0.00442544 5.17054 0.0177814 94.523 0.765463 -0.000302135 0.00083066 5.41183e-06 0.000746665 0.247006 0.000412594 0.101725 0.000295429 
6 0.3 97200000 7.15592 0.00853961 -1.05208 0.00442544 5.17054 0.0177814 94.523 0.765463 -0.000302135 0.00083066 5.41183e-06 0.000746665 0.247006 0.000412594 0.101725 0.000295429 
6 0.3 97560000 7.15592 0.00841728 -1.05208 0.00429159 5.17054 0.0177814 94.523 0.765463 -0.000302135 0.000817822 5.41183e-06 0.000746665 0.247006 0.000411058 0.101725 0.000293719 
6 0.3 97920000 7.15592 0.00841728 -1.05208 0.00429159 5.17054 0.0177814 94.523 0.765463 -0.000302135 0.000817822 5.41183e-06 0.000746665 0.247006 0.000411058 0.101725 0.000293719 
6 0.3 98280000 7.15592 0.00841728 -1.05208 0.00429159 5.17054 0.0177814 94.523 0.765463 -0.000302135 0.000817822 5.41183e-06 0.000746665 0.247006 0.000408117 0.101725 0.00029163 
6 0.3 98640000 7.15592 0.00841728 -1.05208 0.00429159 5.17054 0.0177814 94.523 0.765463 -0.000302135 0.000817822 5.41183e-06 0.000746665 0.247006 0.000408117 0.101725 0.00029163 
6 0.3 99000000 7.15592 0.00833713 -1.05208 0.00429159 5.17054 0.0177814 94.523 0.765463 -0.000302135 0.000817822 5.41183e-06 0.000746665 0.247006 0.000405438 0.101725 0.00029051 
6 0.3 99360000 7.15592 0.00833713 -1.05208 0.00429159 5.17054 0.0177814 94.523 0.765463 -0.000302135 0.000817822 5.41183e-06 0.000746665 0.247006 0.000405438 0.101725 0.00029051 
6 0.3 99720000 7.15592 0.00833713 -1.05208 0.00429159 5.17054 0.0177814 94.523 0.765463 -0.000302135 0.000817822 5.41183e-06 0.000746665 0.247006 0.000402967 0.101725 0.00028857 
