L J MC_steps R2 R2_std E E_std E2 E2_std E4 E4_std Sin1 Sin1_std Cos1 Cos1_std Mag2 Mag2_std Mag4 Mag4_std
6 0.5 360000 7.09598 0.17964 -1.80435 0.0742933 7.98761 0.38329 189.943 18.5853 -0.0136726 0.0133446 0.011642 0.0133629 0.312045 0.00777135 0.148515 0.00659374 
6 0.5 720000 6.97321 0.105991 -1.84581 0.0501367 8.12648 0.296578 191.668 12.8594 -0.00240497 0.00954171 0.00302609 0.012753 0.317887 0.00535854 0.153759 0.00498454 
6 0.5 1080000 7.00923 0.0773909 -1.89423 0.0568334 8.35378 0.325112 203.305 15.1352 -0.000989867 0.00844064 0.00370164 0.0101441 0.324448 0.00712992 0.159774 0.00649314 
6 0.5 1440000 6.98385 0.0686187 -1.88869 0.0407763 8.324 0.245227 200.955 11.713 -0.00280404 0.00685563 0.00586114 0.00754359 0.323036 0.00513263 0.158905 0.00468277 
6 0.5 1800000 7.00164 0.0591105 -1.88771 0.0321548 8.36205 0.194778 201.983 9.67306 0.00195823 0.00598051 0.00883683 0.0064243 0.32347 0.00402369 0.159102 0.00364912 
6 0.5 2160000 7.0071 0.0532848 -1.89161 0.0292465 8.40452 0.165739 204.531 8.53429 0.00373887 0.00633832 0.0086292 0.00560323 0.323187 0.00377991 0.158858 0.00332214 
6 0.5 2520000 6.99219 0.0493641 -1.89438 0.0255976 8.35211 0.144332 202.133 7.38798 0.00451614 0.00532497 0.00685965 0.00534907 0.322055 0.00325456 0.15764 0.00289248 
6 0.5 2880000 7.00365 0.0457071 -1.91874 0.0263538 8.4157 0.14338 201.618 6.70791 0.00569907 0.00504302 0.00498554 0.00506861 0.324419 0.00312624 0.159335 0.00279359 
6 0.5 3240000 7.03033 0.0433871 -1.9218 0.0290558 8.39979 0.13585 200.378 6.36164 0.00652905 0.00451829 0.00419634 0.0046276 0.324946 0.00334904 0.15963 0.00287629 
6 0.5 3600000 6.99938 0.0412574 -1.92928 0.0266927 8.46076 0.138118 201.935 6.23907 0.0073325 0.00406353 0.00353262 0.00443858 0.325751 0.00304396 0.160269 0.00263679 
6 0.5 3960000 7.00352 0.0383811 -1.93026 0.026869 8.47252 0.133973 201.882 6.01895 0.00687985 0.00402883 0.0027229 0.00429124 0.325842 0.00309555 0.160448 0.00270411 
6 0.5 4320000 7.00053 0.0370861 -1.9297 0.026234 8.5124 0.124671 204.193 5.61836 0.00647785 0.00402883 0.00237958 0.00411249 0.326346 0.00285487 0.161154 0.00254866 
6 0.5 4680000 6.99919 0.0356859 -1.92483 0.0228765 8.4853 0.117533 204.018 5.25836 0.00757236 0.00342973 0.0019549 0.0038799 0.325898 0.00265199 0.160832 0.00235643 
6 0.5 5040000 6.99339 0.0343103 -1.93384 0.0228238 8.52582 0.113677 205.281 4.88953 0.0059692 0.00341636 0.00378874 0.00373031 0.326356 0.00248731 0.16117 0.00219916 
6 0.5 5400000 6.99637 0.0330109 -1.9399 0.0237445 8.54612 0.107353 205.736 4.57169 0.00560645 0.00344786 0.00339335 0.00353189 0.326711 0.00233488 0.161533 0.00207184 
6 0.5 5760000 6.99479 0.0318417 -1.94165 0.0237445 8.54752 0.100206 206.133 4.39131 0.00493488 0.00344786 0.00276691 0.00340609 0.326963 0.00219275 0.161617 0.00193542 
6 0.5 6120000 6.99377 0.0307717 -1.94663 0.0217107 8.60087 0.107205 208.462 4.27699 0.00419305 0.00329386 0.0013902 0.00325328 0.327441 0.00210723 0.162214 0.00190425 
6 0.5 6480000 6.98173 0.0295889 -1.9467 0.0217107 8.6041 0.100948 208.417 4.19378 0.00383121 0.00329386 0.00145292 0.00320785 0.32758 0.00198785 0.162262 0.00179285 
6 0.5 6840000 6.97862 0.0288206 -1.94257 0.0196741 8.5732 0.0999566 207.421 4.05824 0.00257809 0.00330012 0.0012606 0.00329524 0.327053 0.00194608 0.161748 0.00176536 
6 0.5 7200000 6.97667 0.0282136 -1.94067 0.0196741 8.55682 0.0960287 206.949 3.92033 0.00146785 0.00330012 0.000737162 0.00314255 0.327185 0.00184814 0.161846 0.00167514 
6 0.5 7560000 6.97588 0.0273823 -1.94256 0.0177067 8.5599 0.0964418 206.954 3.75613 0.00123788 0.00455122 0.000578844 0.00299333 0.327113 0.00175716 0.16174 0.00159468 
6 0.5 7920000 6.97588 0.0267665 -1.94256 0.0177067 8.5599 0.0964418 206.954 3.6917 0.00123788 0.00455122 0.000578844 0.00296859 0.327113 0.00171148 0.16174 0.00154465 
6 0.5 8280000 6.97985 0.0260008 -1.93462 0.0177871 8.52346 0.0964418 205.568 3.56917 0.000322133 0.00455122 0.000623912 0.00287925 0.32627 0.00169826 0.16108 0.00151845 
6 0.5 8640000 6.97985 0.0253115 -1.93462 0.0177871 8.52346 0.0964418 205.568 3.56917 0.000322133 0.00455122 0.000623912 0.00277015 0.32627 0.00166744 0.16108 0.00145812 
6 0.5 9000000 6.98413 0.0247393 -1.93531 0.0163182 8.53226 0.0842358 206.174 3.44045 0.000522297 0.00384852 0.000664631 0.00268732 0.326446 0.0016894 0.161255 0.00142913 
6 0.5 9360000 6.98413 0.0242253 -1.93531 0.0163182 8.53226 0.0842358 206.174 3.42139 0.000522297 0.00384852 0.000664631 0.00260922 0.326446 0.00162183 0.161255 0.0013721 
6 0.5 9720000 6.98603 0.0236112 -1.93681 0.0161484 8.53216 0.0842358 205.926 3.36244 0.00014602 0.00384852 -0.000503278 0.00255943 0.326326 0.00156431 0.161209 0.00131958 
6 0.5 10080000 6.98603 0.0232506 -1.93681 0.0161484 8.53216 0.0842358 205.926 3.29153 0.00014602 0.00384852 -0.000503278 0.00250997 0.326326 0.00150844 0.161209 0.00127145 
6 0.5 10440000 6.98138 0.0227827 -1.93361 0.0143856 8.50947 0.0752217 204.675 3.24155 0.000643856 0.00330065 0.000628078 0.00246906 0.325572 0.00159788 0.160606 0.00134297 
6 0.5 10800000 6.98138 0.0223152 -1.93361 0.0143856 8.50947 0.0752217 204.675 3.21312 0.000643856 0.00330065 0.000628078 0.00243279 0.325572 0.00154324 0.160606 0.00129668 
6 0.5 11160000 6.97969 0.0219815 -1.93547 0.0139303 8.53488 0.0752217 205.482 3.15128 0.000839861 0.00330065 0.000751135 0.00239229 0.325958 0.00154916 0.160916 0.00128818 
6 0.5 11520000 6.97969 0.0216407 -1.93547 0.0139303 8.53488 0.0752217 205.482 3.13946 0.000839861 0.00330065 0.000751135 0.00235647 0.325958 0.0015202 0.160916 0.00127127 
6 0.5 11880000 6.98322 0.0210495 -1.93908 0.0132184 8.55304 0.0774185 206.347 3.11285 0.000593095 0.00288846 0.00198032 0.00239383 0.326235 0.00147283 0.161241 0.0012336 
6 0.5 12240000 6.98322 0.0207919 -1.93908 0.0132184 8.55304 0.0774185 206.347 3.04804 0.000593095 0.00288846 0.00198032 0.00235823 0.326235 0.00143222 0.161241 0.00120004 
6 0.5 12600000 6.98438 0.0205512 -1.94048 0.0132184 8.55878 0.0774185 206.407 3.03013 0.00160236 0.00288846 0.00165841 0.00238251 0.326324 0.00140372 0.161286 0.00117305 
6 0.5 12960000 6.98438 0.0201681 -1.94048 0.0132184 8.55878 0.0774185 206.407 3.03013 0.00160236 0.00288846 0.00165841 0.00233855 0.326324 0.00141654 0.161286 0.00118191 
6 0.5 13320000 6.98839 0.0201271 -1.94623 0.0135449 8.58174 0.0739432 207.129 2.8981 0.000396713 0.00257419 0.00170383 0.00234607 0.326721 0.00137721 0.161616 0.00114914 
6 0.5 13680000 6.98839 0.0198719 -1.94623 0.0135449 8.58174 0.0739432 207.129 2.87749 0.000396713 0.00257419 0.00170383 0.00229194 0.326721 0.00134023 0.161616 0.00111809 
6 0.5 14040000 6.98839 0.0196265 -1.94623 0.0135449 8.58174 0.0739432 207.129 2.85141 0.000396713 0.00257419 0.00170383 0.0022691 0.326721 0.00134023 0.161616 0.00111809 
6 0.5 14400000 6.987 0.0192956 -1.94786 0.0135449 8.59194 0.0739432 207.781 2.80288 0.000103125 0.00257419 0.00144898 0.00225792 0.326865 0.00131018 0.161699 0.00109205 
6 0.5 14760000 6.987 0.0190839 -1.94786 0.0135449 8.59194 0.0739432 207.781 2.79247 0.000103125 0.00257419 0.00144898 0.00221664 0.326865 0.00128587 0.161699 0.00106681 
6 0.5 15120000 6.98672 0.0189299 -1.94934 0.0126562 8.58942 0.0685747 207.531 2.76075 -0.000514003 0.00247263 0.00116134 0.00219218 0.3269 0.00128414 0.161639 0.00105846 
6 0.5 15480000 6.98672 0.018751 -1.94934 0.0126562 8.58942 0.0685747 207.531 2.72514 -0.000514003 0.00247263 0.00116134 0.00215256 0.3269 0.00126196 0.161639 0.00103878 
6 0.5 15840000 6.98672 0.0184923 -1.94934 0.0126562 8.58942 0.0685747 207.531 2.70587 -0.000514003 0.00247263 0.00116134 0.0021322 0.3269 0.00123312 0.161639 0.00101412 
6 0.5 16200000 6.98672 0.0181852 -1.94934 0.0126562 8.58942 0.0685747 207.531 2.67461 -0.000514003 0.00247263 0.00116134 0.00212031 0.3269 0.00121482 0.161639 0.000994612 
6 0.5 16560000 6.9885 0.0179799 -1.94774 0.0126562 8.60471 0.0685747 208.703 2.63436 -0.000210399 0.00226641 0.000789763 0.00211628 0.327189 0.00119064 0.16196 0.000973963 
6 0.5 16920000 6.9885 0.0177666 -1.94774 0.0126562 8.60471 0.0685747 208.703 2.59967 -0.000210399 0.00226641 0.000789763 0.00208033 0.327189 0.00117974 0.16196 0.000963308 
6 0.5 17280000 6.9885 0.0175341 -1.94774 0.0126562 8.60471 0.0685747 208.703 2.58371 -0.000210399 0.00226641 0.000789763 0.00204435 0.327189 0.00115739 0.16196 0.000946738 
6 0.5 17640000 6.9885 0.0174237 -1.94774 0.0126562 8.60471 0.0685747 208.703 2.56711 -0.000210399 0.00226641 0.000789763 0.00200888 0.327189 0.0011355 0.16196 0.00093502 
6 0.5 18000000 6.9893 0.0174442 -1.95115 0.0110369 8.61874 0.0631063 209.428 2.58624 0.0003126 0.00213703 0.000433408 0.00197237 0.327343 0.00112669 0.162109 0.000924889 
6 0.5 18360000 6.9893 0.0172702 -1.95115 0.0110369 8.61874 0.0631063 209.428 2.58624 0.0003126 0.00213703 0.000433408 0.00194122 0.327343 0.00111382 0.162109 0.000927902 
6 0.5 18720000 6.9893 0.0170144 -1.95115 0.0110369 8.61874 0.0631063 209.428 2.58624 0.0003126 0.00213703 0.000433408 0.00191741 0.327343 0.00109768 0.162109 0.000909425 
6 0.5 19080000 6.9893 0.0168481 -1.95115 0.0110369 8.61874 0.0631063 209.428 2.58624 0.0003126 0.00213703 0.000433408 0.00189482 0.327343 0.00107683 0.162109 0.000893885 
6 0.5 19440000 6.98314 0.0166306 -1.95385 0.010675 8.63177 0.0631063 209.924 2.58624 -0.000166105 0.00202555 0.000834694 0.00186725 0.327503 0.00105633 0.162252 0.000876725 
6 0.5 19800000 6.98314 0.0163942 -1.95385 0.010675 8.63177 0.0631063 209.924 2.58624 -0.000166105 0.00202555 0.000834694 0.00185317 0.327503 0.00103913 0.162252 0.000870744 
6 0.5 20160000 6.98314 0.0162378 -1.95385 0.010675 8.63177 0.0631063 209.924 2.58624 -0.000166105 0.00202555 0.000834694 0.00183788 0.327503 0.00102575 0.162252 0.000870744 
6 0.5 20520000 6.98314 0.016174 -1.95385 0.010675 8.63177 0.0631063 209.924 2.58624 -0.000166105 0.00202555 0.000834694 0.00182488 0.327503 0.00101061 0.162252 0.000870744 
6 0.5 20880000 6.98204 0.0160408 -1.95298 0.00979858 8.6342 0.055951 210.147 2.3145 0.000316297 0.00193746 0.000822244 0.00179343 0.327617 0.00100027 0.162394 0.000832001 
6 0.5 21240000 6.98204 0.0158538 -1.95298 0.00979858 8.6342 0.055951 210.147 2.3145 0.000316297 0.00193746 0.000822244 0.00177672 0.327617 0.000996179 0.162394 0.000825624 
6 0.5 21600000 6.98204 0.0157179 -1.95298 0.00979858 8.6342 0.055951 210.147 2.3145 0.000316297 0.00193746 0.000822244 0.00177187 0.327617 0.000988144 0.162394 0.000814868 
6 0.5 21960000 6.98204 0.0155609 -1.95298 0.00979858 8.6342 0.055951 210.147 2.3145 0.000316297 0.00193746 0.000822244 0.00174608 0.327617 0.00097625 0.162394 0.000814065 
6 0.5 22320000 6.97708 0.0153935 -1.95358 0.00930666 8.6229 0.055951 209.483 2.3145 0.000543339 0.00182771 0.000606453 0.00171762 0.32754 0.000966828 0.162315 0.000808004 
6 0.5 22680000 6.97708 0.0153585 -1.95358 0.00930666 8.6229 0.055951 209.483 2.3145 0.000543339 0.00182771 0.000606453 0.00169938 0.32754 0.000958156 0.162315 0.000796446 
6 0.5 23040000 6.97708 0.0152902 -1.95358 0.00930666 8.6229 0.055951 209.483 2.3145 0.000543339 0.00182155 0.000606453 0.00167371 0.32754 0.00094716 0.162315 0.00079155 
6 0.5 23400000 6.97708 0.0148753 -1.95358 0.00930666 8.6229 0.055951 209.483 2.3145 0.000543339 0.00182155 0.000606453 0.00166657 0.32754 0.000943252 0.162315 0.00079155 
6 0.5 23760000 6.98184 0.0148168 -1.95311 0.00888058 8.61329 0.0527182 209.034 2.27704 0.00024283 0.00173232 0.00121656 0.00165826 0.327491 0.000936098 0.162207 0.000778714 
6 0.5 24120000 6.98184 0.0147258 -1.95311 0.00879831 8.61329 0.0527182 209.034 2.27704 0.00024283 0.00173232 0.00121656 0.00164595 0.327491 0.000928756 0.162207 0.000771194 
6 0.5 24480000 6.98184 0.0146459 -1.95311 0.00869758 8.61329 0.0527182 209.034 2.27704 0.00024283 0.00173232 0.00121656 0.00162246 0.327491 0.000931945 0.162207 0.00076347 
6 0.5 24840000 6.98184 0.0145815 -1.95311 0.00861923 8.61329 0.0527182 209.034 2.27704 0.00024283 0.00173232 0.00121656 0.00160303 0.327491 0.000934006 0.162207 0.000776956 
6 0.5 25200000 6.98202 0.0146033 -1.95127 0.0085395 8.60058 0.0527182 208.829 2.27704 0.000435356 0.00164108 0.00115479 0.001586 0.327079 0.000924715 0.161879 0.000766119 
6 0.5 25560000 6.98202 0.0145949 -1.95127 0.00849026 8.60058 0.0527182 208.829 2.27704 0.000435356 0.00164108 0.00115479 0.00157166 0.327079 0.000915201 0.161879 0.000761863 
6 0.5 25920000 6.98202 0.0145194 -1.95127 0.00844445 8.60058 0.0527182 208.829 2.27704 0.000435356 0.00164108 0.00115479 0.00155888 0.327079 0.000940212 0.161879 0.00080749 
6 0.5 26280000 6.98202 0.0143685 -1.95127 0.00838498 8.60058 0.0527182 208.829 2.27704 0.000435356 0.00164108 0.00115479 0.0015436 0.327079 0.000930416 0.161879 0.000797415 
6 0.5 26640000 6.98532 0.014406 -1.94632 0.00966728 8.57002 0.0621339 207.805 2.33213 8.42899e-05 0.00159271 0.00129161 0.00153985 0.326503 0.00115192 0.161384 0.00100288 
6 0.5 27000000 6.98532 0.0143277 -1.94632 0.00966728 8.57002 0.0621339 207.805 2.33213 8.42899e-05 0.00159271 0.00129161 0.00152258 0.326503 0.00115192 0.161384 0.00100288 
6 0.5 27360000 6.98532 0.0142111 -1.94632 0.00966728 8.57002 0.0621339 207.805 2.33213 8.42899e-05 0.00161533 0.00129161 0.00151061 0.326503 0.00115192 0.161384 0.00100288 
6 0.5 27720000 6.98532 0.0141164 -1.94632 0.00966728 8.57002 0.0621339 207.805 2.33213 8.42899e-05 0.00160205 0.00129161 0.00150098 0.326503 0.00115192 0.161384 0.00100288 
6 0.5 28080000 6.98594 0.0139744 -1.94523 0.00966728 8.55934 0.0621339 206.953 2.33213 0.000255132 0.00158351 0.00154485 0.00148616 0.326324 0.00115192 0.161199 0.00100288 
6 0.5 28440000 6.98594 0.0138892 -1.94523 0.00966728 8.55934 0.0621339 206.953 2.33213 0.000255132 0.00157907 0.00154485 0.00147689 0.326324 0.00115192 0.161199 0.00100288 
6 0.5 28800000 6.98594 0.0137641 -1.94523 0.00966728 8.55934 0.0621339 206.953 2.33213 0.000255132 0.00156357 0.00154485 0.00147049 0.326324 0.00115192 0.161199 0.00100288 
6 0.5 29160000 6.98594 0.0136579 -1.94523 0.00966728 8.55934 0.0621339 206.953 2.33213 0.000255132 0.00154825 0.00154485 0.0014741 0.326324 0.00115192 0.161199 0.00100288 
6 0.5 29520000 6.98594 0.013642 -1.94523 0.00966728 8.55934 0.0621339 206.953 2.33213 0.000255132 0.00154825 0.00154485 0.00146143 0.326324 0.00115192 0.161199 0.00100288 
6 0.5 29880000 6.97859 0.0134985 -1.94788 0.00882649 8.57003 0.0559205 207.461 2.16543 4.26291e-06 0.00152903 0.00145366 0.00144922 0.326652 0.00104633 0.161452 0.000904909 
6 0.5 30240000 6.97859 0.0134156 -1.94788 0.00882649 8.57003 0.0559205 207.461 2.16543 4.26291e-06 0.00151025 0.00145366 0.00143522 0.326652 0.00104633 0.161452 0.000904909 
6 0.5 30600000 6.97859 0.0133393 -1.94788 0.00882649 8.57003 0.0559205 207.461 2.16543 4.26291e-06 0.00149184 0.00145366 0.001428 0.326652 0.00104633 0.161452 0.000904909 
6 0.5 30960000 6.97859 0.0133707 -1.94788 0.00882649 8.57003 0.0559205 207.461 2.16543 4.26291e-06 0.0014805 0.00145366 0.00142105 0.326652 0.00104633 0.161452 0.000904909 
6 0.5 31320000 6.97859 0.0133985 -1.94788 0.00882649 8.57003 0.0559205 207.461 2.16543 4.26291e-06 0.00148001 0.00145366 0.00140548 0.326652 0.00104633 0.161452 0.000904909 
6 0.5 31680000 6.97859 0.0132983 -1.94788 0.00882649 8.57003 0.0559205 207.461 2.16543 4.26291e-06 0.00146331 0.00145366 0.00139251 0.326652 0.00104633 0.161452 0.000904909 
6 0.5 32040000 6.97859 0.0132022 -1.94788 0.00882649 8.57003 0.0559205 207.461 2.16543 4.26291e-06 0.00145331 0.00145366 0.0013795 0.326652 0.00104633 0.161452 0.000904909 
6 0.5 32400000 6.97859 0.0131341 -1.94788 0.00882649 8.57003 0.0559205 207.461 2.16543 4.26291e-06 0.00145399 0.00145366 0.00136874 0.326652 0.00104633 0.161452 0.000904909 
6 0.5 32760000 6.98406 0.013054 -1.94519 0.00842399 8.56525 0.0522556 207.354 2.16543 -0.000143656 0.00143977 0.00142598 0.00135589 0.326414 0.00099227 0.161296 0.000846903 
6 0.5 33120000 6.98406 0.0129742 -1.94519 0.00842399 8.56525 0.0522556 207.354 2.16543 -0.000143656 0.00142392 0.00142598 0.00135742 0.326414 0.00099227 0.161296 0.000846903 
6 0.5 33480000 6.98406 0.012909 -1.94519 0.00842399 8.56525 0.0522556 207.354 2.16543 -0.000143656 0.00141651 0.00142598 0.00134601 0.326414 0.00099227 0.161296 0.000846903 
6 0.5 33840000 6.98406 0.012815 -1.94519 0.00842399 8.56525 0.0522556 207.354 2.16543 -0.000143656 0.00140327 0.00142598 0.00133951 0.326414 0.00099227 0.161296 0.000846903 
6 0.5 34200000 6.98406 0.0127193 -1.94519 0.00842399 8.56525 0.0522556 207.354 2.16543 -0.000143656 0.00138808 0.00142598 0.00133153 0.326414 0.00099227 0.161296 0.000846903 
6 0.5 34560000 6.98406 0.0126828 -1.94519 0.00842399 8.56525 0.0522556 207.354 2.16543 -0.000143656 0.00137667 0.00142598 0.00132618 0.326414 0.00099227 0.161296 0.000846903 
6 0.5 34920000 6.98406 0.0125993 -1.94519 0.00842399 8.56525 0.0522556 207.354 2.16543 -0.000143656 0.00137093 0.00142598 0.0013203 0.326414 0.00099227 0.161296 0.000846903 
6 0.5 35280000 6.98406 0.0125186 -1.94519 0.00842399 8.56525 0.0522556 207.354 2.16543 -0.000143656 0.00136262 0.00142598 0.00130907 0.326414 0.00099227 0.161296 0.000846903 
6 0.5 35640000 6.9837 0.0124117 -1.94418 0.00778249 8.56312 0.0468314 207.422 1.80488 -0.000230331 0.00135989 0.00118526 0.00130075 0.326239 0.000911918 0.161167 0.000776157 
6 0.5 36000000 6.9837 0.0124102 -1.94418 0.00778249 8.56312 0.0468314 207.422 1.80488 -0.000230331 0.00134675 0.00118526 0.00129688 0.326239 0.000911918 0.161167 0.000776157 
6 0.5 36360000 6.9837 0.0123187 -1.94418 0.00778249 8.56312 0.0468314 207.422 1.80488 -0.000230331 0.00134498 0.00118526 0.00128752 0.326239 0.000911918 0.161167 0.000776157 
6 0.5 36720000 6.9837 0.0122957 -1.94418 0.00778249 8.56312 0.0468314 207.422 1.80488 -0.000230331 0.00133183 0.00118526 0.00127852 0.326239 0.000911918 0.161167 0.000776157 
6 0.5 37080000 6.9837 0.0122314 -1.94418 0.00778249 8.56312 0.0468314 207.422 1.80488 -0.000230331 0.00132343 0.00118526 0.00127826 0.326239 0.000911918 0.161167 0.000776157 
6 0.5 37440000 6.9837 0.01216 -1.94418 0.00778249 8.56312 0.0468314 207.422 1.80488 -0.000230331 0.00131061 0.00118526 0.00127958 0.326239 0.000911918 0.161167 0.000776157 
6 0.5 37800000 6.9837 0.012055 -1.94418 0.00778249 8.56312 0.0468314 207.422 1.80488 -0.000230331 0.00129958 0.00118526 0.00127922 0.326239 0.000911918 0.161167 0.000776157 
6 0.5 38160000 6.9837 0.0119919 -1.94418 0.00778249 8.56312 0.0468314 207.422 1.80488 -0.000230331 0.00129791 0.00118526 0.00127345 0.326239 0.000911918 0.161167 0.000776157 
6 0.5 38520000 6.98334 0.0119534 -1.94457 0.00743847 8.57454 0.0445981 207.989 1.80488 -0.000582914 0.00128862 0.00122877 0.00126938 0.32629 0.00090875 0.161235 0.000752076 
6 0.5 38880000 6.98334 0.0119081 -1.94457 0.00743847 8.57454 0.0445981 207.989 1.80488 -0.000582914 0.00128348 0.00122877 0.00126395 0.32629 0.00090875 0.161235 0.000752076 
6 0.5 39240000 6.98334 0.0118993 -1.94457 0.00743847 8.57454 0.0445981 207.989 1.80488 -0.000582914 0.00128281 0.00122877 0.00125845 0.32629 0.00090875 0.161235 0.000752076 
6 0.5 39600000 6.98334 0.0118575 -1.94457 0.00743847 8.57454 0.0445981 207.989 1.80488 -0.000582914 0.00127087 0.00122877 0.00124724 0.32629 0.00090875 0.161235 0.000752076 
6 0.5 39960000 6.98334 0.011793 -1.94457 0.00743847 8.57454 0.0445981 207.989 1.80488 -0.000582914 0.00127038 0.00122877 0.00123957 0.32629 0.00090875 0.161235 0.000752076 
6 0.5 40320000 6.98334 0.0117695 -1.94457 0.00743847 8.57454 0.0445981 207.989 1.80488 -0.000582914 0.00127347 0.00122877 0.00123132 0.32629 0.00090875 0.161235 0.000752076 
6 0.5 40680000 6.98334 0.0116771 -1.94457 0.00743847 8.57454 0.0445981 207.989 1.80488 -0.000582914 0.0012652 0.00122877 0.00122779 0.32629 0.00090875 0.161235 0.000752076 
6 0.5 41040000 6.98334 0.0116543 -1.94457 0.00743847 8.57454 0.0445981 207.989 1.80488 -0.000582914 0.00125668 0.00122877 0.00122192 0.32629 0.00090875 0.161235 0.000752076 
6 0.5 41400000 6.98221 0.0115958 -1.94516 0.00670479 8.5781 0.0415547 208.344 1.76717 -0.000290536 0.00125519 0.000889486 0.00121744 0.326337 0.000784273 0.161279 0.000669335 
6 0.5 41760000 6.98221 0.0115418 -1.94516 0.00670479 8.5781 0.0415547 208.344 1.76717 -0.000290536 0.00125139 0.000889486 0.00120835 0.326337 0.000784273 0.161279 0.000669335 
6 0.5 42120000 6.98221 0.011487 -1.94516 0.00670479 8.5781 0.0415547 208.344 1.76717 -0.000290536 0.00124735 0.000889486 0.00120175 0.326337 0.000784273 0.161279 0.000669335 
6 0.5 42480000 6.98221 0.0114567 -1.94516 0.00670479 8.5781 0.0415547 208.344 1.76717 -0.000290536 0.0012417 0.000889486 0.00119768 0.326337 0.000784273 0.161279 0.000669335 
6 0.5 42840000 6.98221 0.0113982 -1.94516 0.00670361 8.5781 0.0415547 208.344 1.76717 -0.000290536 0.00125529 0.000889486 0.00119239 0.326337 0.000784273 0.161279 0.000669335 
6 0.5 43200000 6.98221 0.0113492 -1.94516 0.00670361 8.5781 0.0415547 208.344 1.76717 -0.000290536 0.00124503 0.000889486 0.00118921 0.326337 0.000784273 0.161279 0.000669335 
6 0.5 43560000 6.98221 0.0113239 -1.94516 0.00670361 8.5781 0.0415547 208.344 1.76717 -0.000290536 0.00123559 0.000889486 0.00118322 0.326337 0.000784273 0.161279 0.000669335 
6 0.5 43920000 6.98221 0.0112628 -1.94516 0.00670361 8.5781 0.0415547 208.344 1.76717 -0.000290536 0.00123046 0.000889486 0.00117917 0.326337 0.000784273 0.161279 0.000669335 
6 0.5 44280000 6.98377 0.0111947 -1.94395 0.00643942 8.57426 0.0401829 208.242 1.76717 0.000112601 0.00122045 0.000796394 0.00118053 0.326377 0.000784186 0.161335 0.000652833 
6 0.5 44640000 6.98377 0.011141 -1.94395 0.00643942 8.57426 0.0401829 208.242 1.76717 0.000112601 0.00122045 0.000796394 0.00117586 0.326377 0.000784186 0.161335 0.000652833 
6 0.5 45000000 6.98377 0.0111059 -1.94395 0.00643942 8.57426 0.0401829 208.242 1.76717 0.000112601 0.00121404 0.000796394 0.00117151 0.326377 0.000784186 0.161335 0.000652833 
6 0.5 45360000 6.98377 0.0111391 -1.94395 0.00643942 8.57426 0.0401829 208.242 1.76717 0.000112601 0.00120645 0.000796394 0.0011661 0.326377 0.000784186 0.161335 0.000652833 
6 0.5 45720000 6.98377 0.0110751 -1.94395 0.00643942 8.57426 0.0401829 208.242 1.76717 0.000112601 0.00119686 0.000796394 0.00115865 0.326377 0.000784186 0.161335 0.000652833 
6 0.5 46080000 6.98377 0.0110332 -1.94395 0.00643942 8.57426 0.0401829 208.242 1.76717 0.000112601 0.00118787 0.000796394 0.00115762 0.326377 0.000784186 0.161335 0.000652833 
6 0.5 46440000 6.98377 0.0106265 -1.94395 0.00643942 8.57426 0.0401829 208.242 1.76717 0.000112601 0.00118177 0.000796394 0.00115148 0.326377 0.000784186 0.161335 0.000652833 
6 0.5 46800000 6.98377 0.010611 -1.94395 0.00643942 8.57426 0.0401829 208.242 1.76717 0.000112601 0.00117555 0.000796394 0.00114755 0.326377 0.000784186 0.161335 0.000652833 
6 0.5 47160000 6.98377 0.0105612 -1.94395 0.00643942 8.57426 0.0401829 208.242 1.76717 0.000112601 0.00116825 0.000796394 0.00114136 0.326377 0.000784186 0.161335 0.000652833 
6 0.5 47520000 6.98465 0.0105034 -1.9424 0.00619889 8.56566 0.0374625 207.887 1.60427 0.000297152 0.00116073 0.000718643 0.00113447 0.326298 0.000691499 0.161247 0.000593985 
6 0.5 47880000 6.98465 0.0104727 -1.9424 0.00619889 8.56566 0.0374625 207.887 1.60427 0.000297152 0.00115541 0.000718643 0.00113615 0.326298 0.000691499 0.161247 0.000593985 
6 0.5 48240000 6.98465 0.0104032 -1.9424 0.00619889 8.56566 0.0374625 207.887 1.60427 0.000297152 0.001147 0.000718643 0.00113503 0.326298 0.000691499 0.161247 0.000593985 
6 0.5 48600000 6.98465 0.0103616 -1.9424 0.00619889 8.56566 0.0374625 207.887 1.60427 0.000297152 0.0011514 0.000718643 0.00112972 0.326298 0.000691499 0.161247 0.000593985 
6 0.5 48960000 6.98465 0.0102979 -1.9424 0.00622789 8.56566 0.0374625 207.887 1.60427 0.000297152 0.00114806 0.000718643 0.00112468 0.326298 0.000691499 0.161247 0.000593985 
6 0.5 49320000 6.98465 0.0102491 -1.9424 0.00622789 8.56566 0.0374625 207.887 1.60427 0.000297152 0.00115257 0.000718643 0.00112781 0.326298 0.000691499 0.161247 0.000593985 
6 0.5 49680000 6.98465 0.0102234 -1.9424 0.00622789 8.56566 0.0374625 207.887 1.60427 0.000297152 0.00114488 0.000718643 0.0011215 0.326298 0.000691499 0.161247 0.000593985 
6 0.5 50040000 6.98465 0.0102664 -1.9424 0.00622789 8.56566 0.0374625 207.887 1.60427 0.000297152 0.00114393 0.000718643 0.00112065 0.326298 0.000691499 0.161247 0.000593985 
6 0.5 50400000 6.98303 0.0102144 -1.94002 0.00623346 8.55525 0.0370346 207.618 1.60427 0.000594747 0.00114146 0.00112147 0.00112176 0.326047 0.000694934 0.161072 0.000584324 
6 0.5 50760000 6.98303 0.0101962 -1.94002 0.00623346 8.55525 0.0370346 207.618 1.60427 0.000594747 0.00114975 0.00112147 0.00111428 0.326047 0.000694934 0.161072 0.000584324 
6 0.5 51120000 6.98303 0.0102295 -1.94002 0.00623346 8.55525 0.0370346 207.618 1.60427 0.000594747 0.00114209 0.00112147 0.00111075 0.326047 0.000694934 0.161072 0.000584324 
6 0.5 51480000 6.98303 0.0101622 -1.94002 0.00623346 8.55525 0.0370346 207.618 1.60427 0.000594747 0.00113631 0.00112147 0.00111219 0.326047 0.000694934 0.161072 0.000584324 
6 0.5 51840000 6.98303 0.010133 -1.94002 0.00623346 8.55525 0.0370346 207.618 1.60427 0.000594747 0.00113167 0.00112147 0.0011055 0.326047 0.000694934 0.161072 0.000584324 
6 0.5 52200000 6.98303 0.0101249 -1.94002 0.00623346 8.55525 0.0370346 207.618 1.60427 0.000594747 0.00113082 0.00112147 0.00110021 0.326047 0.000694934 0.161072 0.000584324 
6 0.5 52560000 6.98303 0.0100832 -1.94002 0.00623346 8.55525 0.0370346 207.618 1.60427 0.000594747 0.00112594 0.00112147 0.00110164 0.326047 0.000694934 0.161072 0.000584324 
6 0.5 52920000 6.98303 0.0100477 -1.94002 0.00623346 8.55525 0.0370346 207.618 1.60427 0.000594747 0.00112507 0.00112147 0.00109541 0.326047 0.000694934 0.161072 0.000584324 
6 0.5 53280000 6.98201 0.00999712 -1.94306 0.00658518 8.57107 0.0378987 208.314 1.49736 0.00105201 0.00111349 0.00124214 0.00109091 0.326365 0.000725686 0.16134 0.000610154 
6 0.5 53640000 6.98201 0.0099682 -1.94306 0.00658518 8.57107 0.0378987 208.314 1.49736 0.00105201 0.00110695 0.00124214 0.0010867 0.326365 0.000725686 0.16134 0.000610154 
6 0.5 54000000 6.98201 0.00994769 -1.94306 0.00658518 8.57107 0.0378987 208.314 1.49736 0.00105201 0.00110398 0.00124214 0.00108028 0.326365 0.000725686 0.16134 0.000610154 
6 0.5 54360000 6.98201 0.00991244 -1.94306 0.00658518 8.57107 0.0378987 208.314 1.49736 0.00105201 0.00109933 0.00124214 0.00107842 0.326365 0.000725686 0.16134 0.000610154 
6 0.5 54720000 6.98201 0.00988508 -1.94306 0.00658518 8.57107 0.0378987 208.314 1.49736 0.00105201 0.00109285 0.00124214 0.00107312 0.326365 0.000725686 0.16134 0.000610154 
6 0.5 55080000 6.98201 0.00983668 -1.94306 0.00658518 8.57107 0.0378987 208.314 1.49736 0.00105201 0.00108601 0.00124214 0.00106692 0.326365 0.000725686 0.16134 0.000610154 
6 0.5 55440000 6.98201 0.00977539 -1.94306 0.00658518 8.57107 0.0378987 208.314 1.49736 0.00105201 0.00107981 0.00124214 0.00106084 0.326365 0.000725686 0.16134 0.000610154 
6 0.5 55800000 6.98201 0.00973892 -1.94306 0.00658518 8.57107 0.0378987 208.314 1.49736 0.00105201 0.0010729 0.00124214 0.00105406 0.326365 0.000725686 0.16134 0.000610154 
6 0.5 56160000 6.98562 0.00971781 -1.94202 0.00631987 8.56201 0.0369697 207.763 1.51652 0.000970442 0.00106832 0.00123794 0.00105036 0.326191 0.000708097 0.161182 0.000598138 
6 0.5 56520000 6.98562 0.00967273 -1.94202 0.00631987 8.56201 0.0369697 207.763 1.51652 0.000970442 0.00106347 0.00123794 0.00105369 0.326191 0.000708097 0.161182 0.000598138 
6 0.5 56880000 6.98562 0.00963822 -1.94202 0.00631987 8.56201 0.0369697 207.763 1.51652 0.000970442 0.0010597 0.00123794 0.00104818 0.326191 0.000708097 0.161182 0.000598138 
6 0.5 57240000 6.98562 0.00957679 -1.94202 0.00631987 8.56201 0.0369697 207.763 1.51652 0.000970442 0.00105484 0.00123794 0.00104432 0.326191 0.000708097 0.161182 0.000598138 
6 0.5 57600000 6.98562 0.00954675 -1.94202 0.00631987 8.56201 0.0369697 207.763 1.51652 0.000970442 0.00105268 0.00123794 0.0010403 0.326191 0.000708097 0.161182 0.000598138 
6 0.5 57960000 6.98562 0.00953629 -1.94202 0.00631987 8.56201 0.0369697 207.763 1.51652 0.000970442 0.00105345 0.00123794 0.00103711 0.326191 0.000708097 0.161182 0.000598138 
6 0.5 58320000 6.98562 0.00948655 -1.94202 0.00631987 8.56201 0.0369697 207.763 1.51652 0.000970442 0.00105268 0.00123794 0.00103326 0.326191 0.000708097 0.161182 0.000598138 
6 0.5 58680000 6.98562 0.00944052 -1.94202 0.00631987 8.56201 0.0369697 207.763 1.51652 0.000970442 0.00105268 0.00123794 0.00102979 0.326191 0.000708097 0.161182 0.000598138 
6 0.5 59040000 6.98716 0.00942296 -1.94046 0.00627931 8.55982 0.035186 207.67 1.46695 0.000847813 0.00104585 0.000824411 0.00102771 0.326045 0.000744863 0.161099 0.000595661 
6 0.5 59400000 6.98716 0.00939911 -1.94046 0.00627931 8.55982 0.035186 207.67 1.46695 0.000847813 0.00103937 0.000824411 0.00102372 0.326045 0.000744863 0.161099 0.000595661 
6 0.5 59760000 6.98716 0.00939475 -1.94046 0.00627931 8.55982 0.035186 207.67 1.46695 0.000847813 0.00103338 0.000824411 0.00102008 0.326045 0.000744863 0.161099 0.000595661 
6 0.5 60120000 6.98716 0.00937903 -1.94046 0.00627931 8.55982 0.035186 207.67 1.46695 0.000847813 0.00103338 0.000824411 0.00101752 0.326045 0.000744863 0.161099 0.000595661 
6 0.5 60480000 6.98716 0.00933059 -1.94046 0.00627931 8.55982 0.035186 207.67 1.46695 0.000847813 0.00102707 0.000824411 0.00101325 0.326045 0.000744863 0.161099 0.000595661 
6 0.5 60840000 6.98716 0.00931181 -1.94046 0.00627931 8.55982 0.035186 207.67 1.46695 0.000847813 0.00102166 0.000824411 0.00101316 0.326045 0.000744863 0.161099 0.000595661 
6 0.5 61200000 6.98716 0.00930008 -1.94046 0.00627931 8.55982 0.035186 207.67 1.46695 0.000847813 0.00101658 0.000824411 0.0010154 0.326045 0.000744863 0.161099 0.000595661 
6 0.5 61560000 6.98716 0.00930182 -1.94046 0.00627931 8.55982 0.035186 207.67 1.46695 0.000847813 0.00101289 0.000824411 0.00101444 0.326045 0.000744863 0.161099 0.000595661 
6 0.5 61920000 6.98716 0.00925468 -1.94046 0.00627931 8.55982 0.035186 207.67 1.46695 0.000847813 0.00100684 0.000824411 0.00101174 0.326045 0.000744863 0.161099 0.000595661 
6 0.5 62280000 6.98716 0.00920313 -1.94046 0.00627931 8.55982 0.0336227 207.67 1.46695 0.000847813 0.00100098 0.000824411 0.00100634 0.326045 0.000744863 0.161099 0.000595661 
6 0.5 62640000 6.98716 0.00916588 -1.94046 0.00627931 8.55982 0.0336227 207.67 1.46695 0.000847813 0.000997075 0.000824411 0.00100058 0.326045 0.000744863 0.161099 0.000595661 
6 0.5 63000000 6.98716 0.00912941 -1.94046 0.00627931 8.55982 0.0336227 207.67 1.46695 0.000847813 0.000994792 0.000824411 0.000995812 0.326045 0.000744863 0.161099 0.000595661 
6 0.5 63360000 6.98716 0.00908981 -1.94046 0.00627931 8.55982 0.0336227 207.67 1.46695 0.000847813 0.000992817 0.000824411 0.000991046 0.326045 0.000744863 0.161099 0.000595661 
6 0.5 63720000 6.98716 0.00908278 -1.94046 0.00627931 8.55982 0.0336227 207.67 1.46695 0.000847813 0.000993794 0.000824411 0.000987305 0.326045 0.000744863 0.161099 0.000595661 
6 0.5 64080000 6.98716 0.00906892 -1.94046 0.00627931 8.55982 0.0336227 207.67 1.46695 0.000847813 0.000989036 0.000824411 0.000984605 0.326045 0.000744863 0.161099 0.000595661 
6 0.5 64440000 6.98716 0.00909537 -1.94046 0.00627931 8.55982 0.0336227 207.67 1.46695 0.000847813 0.000984698 0.000824411 0.000980598 0.326045 0.000744863 0.161099 0.000595661 
6 0.5 64800000 6.98716 0.00913087 -1.94046 0.00627931 8.55982 0.0336227 207.67 1.46695 0.000847813 0.000979646 0.000824411 0.000977667 0.326045 0.000744863 0.161099 0.000595661 
6 0.5 65160000 6.98582 0.00908947 -1.94283 0.00627931 8.56661 0.0323284 207.884 1.34913 0.000968799 0.000979084 0.000226947 0.000974102 0.326315 0.000744863 0.161217 0.000595661 
6 0.5 65520000 6.98582 0.00905201 -1.94283 0.00627931 8.56661 0.0323284 207.884 1.34913 0.000968799 0.000974911 0.000226947 0.000969967 0.326315 0.000744863 0.161217 0.000595661 
6 0.5 65880000 6.98582 0.00902048 -1.94283 0.00627931 8.56661 0.0323284 207.884 1.34913 0.000968799 0.000969494 0.000226947 0.000967704 0.326315 0.000744863 0.161217 0.000595661 
6 0.5 66240000 6.98582 0.00900696 -1.94283 0.00627931 8.56661 0.0323284 207.884 1.34913 0.000968799 0.000964462 0.000226947 0.00096325 0.326315 0.000744863 0.161217 0.000595661 
6 0.5 66600000 6.98582 0.008981 -1.94283 0.00627931 8.56661 0.0323284 207.884 1.34913 0.000968799 0.000959128 0.000226947 0.000958288 0.326315 0.000744863 0.161217 0.000595661 
6 0.5 66960000 6.98582 0.00895058 -1.94283 0.00627931 8.56661 0.0323284 207.884 1.34913 0.000968799 0.000955636 0.000226947 0.000954291 0.326315 0.000744863 0.161217 0.000595661 
6 0.5 67320000 6.98582 0.00893433 -1.94283 0.00627931 8.56661 0.0323284 207.884 1.34913 0.000968799 0.00095081 0.000226947 0.000952946 0.326315 0.000744863 0.161217 0.000595661 
6 0.5 67680000 6.98582 0.00892564 -1.94283 0.00627931 8.56661 0.0323284 207.884 1.34913 0.000968799 0.000946254 0.000226947 0.000950214 0.326315 0.000744863 0.161217 0.000595661 
6 0.5 68040000 6.98582 0.00890585 -1.94283 0.00627931 8.56661 0.0309752 207.884 1.34913 0.000968799 0.000945668 0.000226947 0.000947684 0.326315 0.000744863 0.161217 0.000595661 
6 0.5 68400000 6.98582 0.00887527 -1.94283 0.00627931 8.56661 0.0309752 207.884 1.34913 0.000968799 0.000943265 0.000226947 0.000947539 0.326315 0.000744863 0.161217 0.000595661 
6 0.5 68760000 6.98582 0.00883528 -1.94283 0.00627931 8.56661 0.0309752 207.884 1.34913 0.000968799 0.00093918 0.000226947 0.000947324 0.326315 0.000744863 0.161217 0.000595661 
6 0.5 69120000 6.98582 0.00881221 -1.94283 0.00627931 8.56661 0.0309752 207.884 1.34913 0.000968799 0.000937927 0.000226947 0.000943237 0.326315 0.000744863 0.161217 0.000595661 
6 0.5 69480000 6.98582 0.00881004 -1.94283 0.00627931 8.56661 0.0309752 207.884 1.34913 0.000968799 0.000936875 0.000226947 0.000940914 0.326315 0.000744863 0.161217 0.000595661 
6 0.5 69840000 6.98582 0.00878355 -1.94283 0.00627931 8.56661 0.0309752 207.884 1.34913 0.000968799 0.000931951 0.000226947 0.000939462 0.326315 0.000744863 0.161217 0.000595661 
6 0.5 70200000 6.98582 0.00875677 -1.94283 0.00627931 8.56661 0.0309752 207.884 1.34913 0.000968799 0.000927081 0.000226947 0.000937974 0.326315 0.000744863 0.161217 0.000595661 
6 0.5 70560000 6.98582 0.00872376 -1.94283 0.00627931 8.56661 0.0309752 207.884 1.34913 0.000968799 0.000926634 0.000226947 0.000934686 0.326315 0.000744863 0.161217 0.000595661 
6 0.5 70920000 6.98846 0.00870569 -1.9417 0.0055025 8.56611 0.0297725 208.094 1.25286 0.00103217 0.000927218 3.38701e-05 0.000934516 0.32626 0.00065088 0.161228 0.000510157 
6 0.5 71280000 6.98846 0.00867164 -1.9417 0.0055025 8.56611 0.0297725 208.094 1.25286 0.00103217 0.000922751 3.38701e-05 0.000930885 0.32626 0.00065088 0.161228 0.000510157 
6 0.5 71640000 6.98846 0.00865895 -1.9417 0.0055025 8.56611 0.0297725 208.094 1.25286 0.00103217 0.000918043 3.38701e-05 0.000932126 0.32626 0.00065088 0.161228 0.000510157 
6 0.5 72000000 6.98846 0.00862974 -1.9417 0.0055025 8.56611 0.0297725 208.094 1.25286 0.00103217 0.000914703 3.38701e-05 0.000930552 0.32626 0.00065088 0.161228 0.000510157 
6 0.5 72360000 6.98846 0.00861125 -1.9417 0.0055025 8.56611 0.0297725 208.094 1.25286 0.00103217 0.000910513 3.38701e-05 0.000928395 0.32626 0.00065088 0.161228 0.000510157 
6 0.5 72720000 6.98846 0.00858976 -1.9417 0.0055025 8.56611 0.0297725 208.094 1.25286 0.00103217 0.000912968 3.38701e-05 0.000925887 0.32626 0.00065088 0.161228 0.000510157 
6 0.5 73080000 6.98846 0.00856134 -1.9417 0.0055025 8.56611 0.0297725 208.094 1.25286 0.00103217 0.000924817 3.38701e-05 0.00092556 0.32626 0.00065088 0.161228 0.000510157 
6 0.5 73440000 6.98846 0.00856366 -1.9417 0.0055025 8.56611 0.0297725 208.094 1.25286 0.00103217 0.00092031 3.38701e-05 0.000923471 0.32626 0.00065088 0.161228 0.000510157 
6 0.5 73800000 6.98846 0.00852375 -1.9417 0.00542656 8.56611 0.0296125 208.094 1.25286 0.00103217 0.000922431 3.38701e-05 0.000920284 0.32626 0.00065088 0.161228 0.000510157 
6 0.5 74160000 6.98846 0.00848558 -1.9417 0.00542656 8.56611 0.0296125 208.094 1.25286 0.00103217 0.000922431 3.38701e-05 0.000916536 0.32626 0.00065088 0.161228 0.000510157 
6 0.5 74520000 6.98846 0.00846816 -1.9417 0.00542656 8.56611 0.0296125 208.094 1.25286 0.00103217 0.000922431 3.38701e-05 0.000913407 0.32626 0.00065088 0.161228 0.000510157 
6 0.5 74880000 6.98846 0.00843928 -1.9417 0.00542656 8.56611 0.0296125 208.094 1.25286 0.00103217 0.000922431 3.38701e-05 0.000909991 0.32626 0.00065088 0.161228 0.000510157 
6 0.5 75240000 6.98846 0.00841059 -1.9417 0.00542656 8.56611 0.0296125 208.094 1.25286 0.00103217 0.000910938 3.38701e-05 0.000914857 0.32626 0.00065088 0.161228 0.000510157 
6 0.5 75600000 6.98846 0.00841304 -1.9417 0.00542656 8.56611 0.0296125 208.094 1.25286 0.00103217 0.000910938 3.38701e-05 0.000912099 0.32626 0.00065088 0.161228 0.000510157 
6 0.5 75960000 6.98846 0.00841943 -1.9417 0.00542656 8.56611 0.0296125 208.094 1.25286 0.00103217 0.000907468 3.38701e-05 0.000907978 0.32626 0.00065088 0.161228 0.000510157 
6 0.5 76320000 6.98846 0.0084129 -1.9417 0.00542656 8.56611 0.0296125 208.094 1.25286 0.00103217 0.000906674 3.38701e-05 0.000904589 0.32626 0.00065088 0.161228 0.000510157 
6 0.5 76680000 6.98846 0.00839993 -1.9417 0.00542656 8.56611 0.0296125 208.094 1.25286 0.00103217 0.000906674 3.38701e-05 0.000904102 0.32626 0.00065088 0.161228 0.000510157 
6 0.5 77040000 6.98463 0.00838083 -1.94248 0.0053539 8.57697 0.0286207 208.663 1.27952 0.000508949 0.000904811 4.04875e-05 0.000901009 0.326318 0.00065088 0.161321 0.000510157 
6 0.5 77400000 6.98463 0.00837669 -1.94248 0.0053539 8.57697 0.0286207 208.663 1.27952 0.000508949 0.000904811 4.04875e-05 0.000897597 0.326318 0.00065088 0.161321 0.000510157 
6 0.5 77760000 6.98463 0.00835818 -1.94248 0.0053539 8.57697 0.0286207 208.663 1.27952 0.000508949 0.000904811 4.04875e-05 0.000895462 0.326318 0.00065088 0.161321 0.000510157 
6 0.5 78120000 6.98463 0.00833593 -1.94248 0.0053539 8.57697 0.0286207 208.663 1.27952 0.000508949 0.000904811 4.04875e-05 0.000892166 0.326318 0.00065088 0.161321 0.000510157 
6 0.5 78480000 6.98463 0.00835138 -1.94248 0.0053539 8.57697 0.0286207 208.663 1.27952 0.000508949 0.000904811 4.04875e-05 0.000893737 0.326318 0.00065088 0.161321 0.000510157 
6 0.5 78840000 6.98463 0.00833122 -1.94248 0.0053539 8.57697 0.0286207 208.663 1.27952 0.000508949 0.000904811 4.04875e-05 0.000890507 0.326318 0.00065088 0.161321 0.000510157 
6 0.5 79200000 6.98463 0.00831083 -1.94248 0.0053539 8.57697 0.0286207 208.663 1.27952 0.000508949 0.000904811 4.04875e-05 0.000889341 0.326318 0.00065088 0.161321 0.000510157 
6 0.5 79560000 6.98463 0.00829157 -1.94248 0.0053539 8.57697 0.0286207 208.663 1.27952 0.000508949 0.000904811 4.04875e-05 0.000887119 0.326318 0.00065088 0.161321 0.000510157 
6 0.5 79920000 6.98463 0.00825954 -1.94248 0.0053539 8.57697 0.0275607 208.663 1.27952 0.000508949 0.000904811 4.04875e-05 0.000885854 0.326318 0.00065088 0.161321 0.000510157 
6 0.5 80280000 6.98463 0.00822739 -1.94248 0.0053539 8.57697 0.0275607 208.663 1.27952 0.000508949 0.000904811 4.04875e-05 0.000882774 0.326318 0.00065088 0.161321 0.000510157 
6 0.5 80640000 6.98463 0.0081933 -1.94248 0.0053539 8.57697 0.0275607 208.663 1.27952 0.000508949 0.000904811 4.04875e-05 0.000882157 0.326318 0.00065088 0.161321 0.000510157 
6 0.5 81000000 6.98463 0.00816637 -1.94248 0.0053539 8.57697 0.0275607 208.663 1.27952 0.000508949 0.000904811 4.04875e-05 0.000879097 0.326318 0.00065088 0.161321 0.000510157 
6 0.5 81360000 6.98463 0.00817337 -1.94248 0.0053539 8.57697 0.0275607 208.663 1.27952 0.000508949 0.000904811 4.04875e-05 0.000877087 0.326318 0.00065088 0.161321 0.000510157 
6 0.5 81720000 6.98463 0.00814851 -1.94248 0.0053539 8.57697 0.0275607 208.663 1.27952 0.000508949 0.000904811 4.04875e-05 0.000873944 0.326318 0.00065088 0.161321 0.000510157 
6 0.5 82080000 6.98463 0.0081302 -1.94248 0.0053539 8.57697 0.0275607 208.663 1.27952 0.000508949 0.000904811 4.04875e-05 0.000871334 0.326318 0.00065088 0.161321 0.000510157 
6 0.5 82440000 6.98463 0.00810064 -1.94248 0.0053539 8.57697 0.0275607 208.663 1.27952 0.000508949 0.000904811 4.04875e-05 0.00086875 0.326318 0.00065088 0.161321 0.000510157 
6 0.5 82800000 6.98323 0.00807757 -1.9412 0.00494825 8.56996 0.0274585 208.512 1.19705 0.000305868 0.000862671 -0.000126939 0.000866628 0.326208 0.000559999 0.161233 0.000437301 
6 0.5 83160000 6.98323 0.0080671 -1.9412 0.00494825 8.56996 0.0274585 208.512 1.19705 0.000305868 0.000862671 -0.000126939 0.000865845 0.326208 0.000559999 0.161233 0.000437301 
6 0.5 83520000 6.98323 0.00805528 -1.9412 0.00494825 8.56996 0.0274585 208.512 1.19705 0.000305868 0.000862671 -0.000126939 0.000863094 0.326208 0.000559999 0.161233 0.000437301 
6 0.5 83880000 6.98323 0.00804129 -1.9412 0.00494825 8.56996 0.0274585 208.512 1.19705 0.000305868 0.000862671 -0.000126939 0.000862417 0.326208 0.000559999 0.161233 0.000437301 
6 0.5 84240000 6.98323 0.0080284 -1.9412 0.00494825 8.56996 0.0274585 208.512 1.19705 0.000305868 0.000862671 -0.000126939 0.000859212 0.326208 0.000559999 0.161233 0.000437301 
6 0.5 84600000 6.98323 0.00799777 -1.9412 0.00494825 8.56996 0.0274585 208.512 1.19705 0.000305868 0.000862671 -0.000126939 0.000857015 0.326208 0.000559999 0.161233 0.000437301 
6 0.5 84960000 6.98323 0.00798092 -1.9412 0.00494825 8.56996 0.0274585 208.512 1.19705 0.000305868 0.000862671 -0.000126939 0.000856652 0.326208 0.000559999 0.161233 0.000437301 
6 0.5 85320000 6.98323 0.00795359 -1.9412 0.00494825 8.56996 0.0274585 208.512 1.19705 0.000305868 0.000862671 -0.000126939 0.000854253 0.326208 0.000559999 0.161233 0.000437301 
6 0.5 85680000 6.98323 0.00792503 -1.9412 0.00498624 8.56996 0.0269209 208.512 1.19705 0.000305868 0.000862671 -0.000126939 0.000854421 0.326208 0.000559999 0.161233 0.000437301 
6 0.5 86040000 6.98323 0.00790044 -1.9412 0.00498624 8.56996 0.0269209 208.512 1.19705 0.000305868 0.000862671 -0.000126939 0.000852913 0.326208 0.000559999 0.161233 0.000437301 
6 0.5 86400000 6.98323 0.00787701 -1.9412 0.00498624 8.56996 0.0269209 208.512 1.19705 0.000305868 0.000862671 -0.000126939 0.000850237 0.326208 0.000559999 0.161233 0.000437301 
6 0.5 86760000 6.98323 0.0078681 -1.9412 0.00498624 8.56996 0.0269209 208.512 1.19705 0.000305868 0.000862671 -0.000126939 0.000848748 0.326208 0.000559999 0.161233 0.000437301 
6 0.5 87120000 6.98323 0.00787181 -1.9412 0.00498624 8.56996 0.0269209 208.512 1.19705 0.000305868 0.000862671 -0.000126939 0.000848649 0.326208 0.000559999 0.161233 0.000437301 
6 0.5 87480000 6.98323 0.00785843 -1.9412 0.00498624 8.56996 0.0269209 208.512 1.19705 0.000305868 0.000862671 -0.000126939 0.000847141 0.326208 0.000559999 0.161233 0.000437301 
6 0.5 87840000 6.98323 0.00784425 -1.9412 0.00498624 8.56996 0.0269209 208.512 1.19705 0.000305868 0.000862671 -0.000126939 0.000844696 0.326208 0.000559999 0.161233 0.000437301 
6 0.5 88200000 6.98323 0.00786521 -1.9412 0.00498624 8.56996 0.0269209 208.512 1.19705 0.000305868 0.000862671 -0.000126939 0.000842771 0.326208 0.000559999 0.161233 0.000437301 
6 0.5 88560000 6.98717 0.00786736 -1.94328 0.00485869 8.58004 0.0265433 209.234 1.31687 3.90701e-05 0.000845409 -0.000771445 0.000949786 0.326374 0.000559999 0.161374 0.000437301 
6 0.5 88920000 6.98717 0.00785637 -1.94328 0.00485869 8.58004 0.0265433 209.234 1.31687 3.90701e-05 0.000845409 -0.000771445 0.000949786 0.326374 0.000559999 0.161374 0.000437301 
6 0.5 89280000 6.98717 0.00782717 -1.94328 0.00485869 8.58004 0.0265433 209.234 1.31687 3.90701e-05 0.000845409 -0.000771445 0.000949786 0.326374 0.000559999 0.161374 0.000437301 
6 0.5 89640000 6.98717 0.00783277 -1.94328 0.00485869 8.58004 0.0265433 209.234 1.31687 3.90701e-05 0.000845409 -0.000771445 0.000949786 0.326374 0.000559999 0.161374 0.000437301 
6 0.5 90000000 6.98717 0.00781915 -1.94328 0.00485869 8.58004 0.0265433 209.234 1.31687 3.90701e-05 0.000845409 -0.000771445 0.000949786 0.326374 0.000559999 0.161374 0.000437301 
6 0.5 90360000 6.98717 0.0077907 -1.94328 0.00485869 8.58004 0.0265433 209.234 1.31687 3.90701e-05 0.000845409 -0.000771445 0.000949786 0.326374 0.000559999 0.161374 0.000437301 
6 0.5 90720000 6.98717 0.00776765 -1.94328 0.00485869 8.58004 0.0265433 209.234 1.31687 3.90701e-05 0.000845409 -0.000771445 0.000949786 0.326374 0.000559999 0.161374 0.000437301 
6 0.5 91080000 6.98717 0.00777179 -1.94328 0.00485869 8.58004 0.0265433 209.234 1.31687 3.90701e-05 0.000845409 -0.000771445 0.000949786 0.326374 0.000559999 0.161374 0.000437301 
6 0.5 91440000 6.98717 0.0077472 -1.94328 0.00485869 8.58004 0.0265433 209.234 1.31687 3.90701e-05 0.000845409 -0.000771445 0.000949786 0.326374 0.000559999 0.161374 0.000437301 
6 0.5 91800000 6.98717 0.00773673 -1.94328 0.00480059 8.58004 0.0262491 209.234 1.31687 3.90701e-05 0.000845409 -0.000771445 0.000949786 0.326374 0.000559999 0.161374 0.000437301 
6 0.5 92160000 6.98717 0.00770958 -1.94328 0.00480059 8.58004 0.0262491 209.234 1.31687 3.90701e-05 0.000845409 -0.000771445 0.000949786 0.326374 0.000559999 0.161374 0.000437301 
6 0.5 92520000 6.98717 0.00752067 -1.94328 0.00480059 8.58004 0.0262491 209.234 1.31687 3.90701e-05 0.000845409 -0.000771445 0.000949786 0.326374 0.000559999 0.161374 0.000437301 
6 0.5 92880000 6.98717 0.00752067 -1.94328 0.00480059 8.58004 0.0262491 209.234 1.31687 3.90701e-05 0.000845409 -0.000771445 0.000949786 0.326374 0.000559999 0.161374 0.000437301 
6 0.5 93240000 6.98717 0.00753491 -1.94328 0.00480059 8.58004 0.0262491 209.234 1.31687 3.90701e-05 0.000845409 -0.000771445 0.000949786 0.326374 0.000559999 0.161374 0.000437301 
6 0.5 93600000 6.98717 0.00753491 -1.94328 0.00480059 8.58004 0.0262491 209.234 1.31687 3.90701e-05 0.000845409 -0.000771445 0.000949786 0.326374 0.000559999 0.161374 0.000437301 
6 0.5 93960000 6.98717 0.00748227 -1.94328 0.00480059 8.58004 0.0262491 209.234 1.31687 3.90701e-05 0.000845409 -0.000771445 0.000949786 0.326374 0.000559999 0.161374 0.000437301 
6 0.5 94320000 6.98717 0.00748227 -1.94328 0.00480059 8.58004 0.0262491 209.234 1.31687 3.90701e-05 0.000845409 -0.000771445 0.000949786 0.326374 0.000559999 0.161374 0.000437301 
6 0.5 94680000 6.98642 0.0074242 -1.94318 0.00455719 8.5833 0.0249854 209.587 1.317 -0.000140517 0.000841554 -0.000634072 0.000900304 0.326344 0.000506225 0.161348 0.000397595 
6 0.5 95040000 6.98642 0.0074242 -1.94318 0.00455719 8.5833 0.0249854 209.587 1.317 -0.000140517 0.000841554 -0.000634072 0.000900304 0.326344 0.000506225 0.161348 0.000397595 
6 0.5 95400000 6.98642 0.00740756 -1.94318 0.00455719 8.5833 0.0249854 209.587 1.317 -0.000140517 0.000841554 -0.000634072 0.000900304 0.326344 0.000506225 0.161348 0.000397595 
6 0.5 95760000 6.98642 0.00740756 -1.94318 0.00455719 8.5833 0.0249854 209.587 1.317 -0.000140517 0.000841554 -0.000634072 0.000900304 0.326344 0.000506225 0.161348 0.000397595 
6 0.5 96120000 6.98642 0.00749798 -1.94318 0.00455719 8.5833 0.0249854 209.587 1.317 -0.000140517 0.000841554 -0.000634072 0.000900304 0.326344 0.000506225 0.161348 0.000397595 
6 0.5 96480000 6.98642 0.00749798 -1.94318 0.00455719 8.5833 0.0249854 209.587 1.317 -0.000140517 0.000841554 -0.000634072 0.000900304 0.326344 0.000506225 0.161348 0.000397595 
6 0.5 96840000 6.98642 0.00755107 -1.94318 0.00455719 8.5833 0.0249854 209.587 1.317 -0.000140517 0.000841554 -0.000634072 0.000900304 0.326344 0.000506225 0.161348 0.000397595 
6 0.5 97200000 6.98642 0.00755107 -1.94318 0.00455719 8.5833 0.0249854 209.587 1.317 -0.000140517 0.000841554 -0.000634072 0.000900304 0.326344 0.000506225 0.161348 0.000397595 
6 0.5 97560000 6.98642 0.00749447 -1.94318 0.00450148 8.5833 0.0248104 209.587 1.317 -0.000140517 0.000841554 -0.000634072 0.000900304 0.326344 0.000506225 0.161348 0.000397595 
6 0.5 97920000 6.98642 0.00749447 -1.94318 0.00450148 8.5833 0.0248104 209.587 1.317 -0.000140517 0.000841554 -0.000634072 0.000900304 0.326344 0.000506225 0.161348 0.000397595 
6 0.5 98280000 6.98642 0.00744667 -1.94318 0.00450148 8.5833 0.0248104 209.587 1.317 -0.000140517 0.000841554 -0.000634072 0.000900304 0.326344 0.000506225 0.161348 0.000397595 
6 0.5 98640000 6.98642 0.00744667 -1.94318 0.00450148 8.5833 0.0248104 209.587 1.317 -0.000140517 0.000841554 -0.000634072 0.000900304 0.326344 0.000506225 0.161348 0.000397595 
6 0.5 99000000 6.98642 0.00739358 -1.94318 0.00450148 8.5833 0.0248104 209.587 1.317 -0.000140517 0.000841554 -0.000634072 0.000900304 0.326344 0.000506225 0.161348 0.000397595 
6 0.5 99360000 6.98642 0.00739358 -1.94318 0.00450148 8.5833 0.0248104 209.587 1.317 -0.000140517 0.000841554 -0.000634072 0.000900304 0.326344 0.000506225 0.161348 0.000397595 
6 0.5 99720000 6.98642 0.00734088 -1.94318 0.00450148 8.5833 0.0248104 209.587 1.317 -0.000140517 0.000841554 -0.000634072 0.000900304 0.326344 0.000506225 0.161348 0.000397595 
