L J MC_steps R2 R2_std E E_std E2 E2_std E4 E4_std Sin1 Sin1_std Cos1 Cos1_std Mag2 Mag2_std Mag4 Mag4_std
5 0.9 250000 4.99777 0.0892674 -2.80706 0.0591379 11.0271 0.323019 215.029 9.95221 -0.0180169 0.0187093 0.0113406 0.0171438 0.541216 0.0086654 0.36042 0.00908983 
5 0.9 500000 4.97656 0.063411 -2.84756 0.0391064 11.2645 0.215353 222.455 6.76183 -0.0275047 0.012666 0.00461073 0.0119507 0.546855 0.00573129 0.367143 0.00605554 
5 0.9 750000 4.97869 0.0501545 -2.81543 0.0344605 11.1257 0.17904 218.641 5.53055 -0.0195457 0.00996353 0.00962125 0.00948596 0.540728 0.00558241 0.361382 0.00594225 
5 0.9 1000000 5.04479 0.0432729 -2.77555 0.0356689 10.9095 0.189443 211.994 5.39265 -0.00872989 0.0123074 0.0070853 0.00827516 0.536757 0.0048761 0.356771 0.00516855 
5 0.9 1250000 5.05263 0.0424258 -2.78303 0.0330875 10.9504 0.172087 213.657 5.12191 -0.00249466 0.009966 0.00764401 0.00732687 0.538262 0.00415059 0.359058 0.00464236 
5 0.9 1500000 5.05362 0.0478998 -2.78846 0.0295967 10.9642 0.173385 214.119 5.49386 -0.00444366 0.0112559 0.0048014 0.00675822 0.53906 0.0034367 0.359934 0.00418065 
5 0.9 1750000 5.04417 0.041014 -2.77646 0.0246764 10.9254 0.14648 213.756 4.63164 -0.00212925 0.00938992 0.00289221 0.00629531 0.537278 0.00320273 0.35824 0.0035112 
5 0.9 2000000 5.05052 0.037002 -2.77657 0.0226162 10.9005 0.129321 212.505 3.99077 -0.000286609 0.00811314 0.00223553 0.00586095 0.536955 0.00294307 0.357339 0.00319987 
5 0.9 2250000 5.04573 0.0339992 -2.77655 0.0197901 10.9021 0.113859 212.863 3.53443 0.00173389 0.00775358 0.00432723 0.00533377 0.537047 0.00272946 0.357442 0.0029055 
5 0.9 2500000 5.06949 0.0353087 -2.76776 0.018459 10.8629 0.101712 211.885 3.14278 -0.00050767 0.00689323 0.00423884 0.00507288 0.536381 0.00255451 0.35679 0.00266467 
5 0.9 2750000 5.07109 0.0328271 -2.76866 0.0202787 10.8672 0.108878 211.657 3.33061 -0.000621605 0.00737959 0.00573282 0.00485638 0.536559 0.0024664 0.35695 0.00276743 
5 0.9 3000000 5.06694 0.0319252 -2.76624 0.0202787 10.8435 0.108878 210.979 3.33061 -0.00161774 0.00737959 0.00396385 0.00462219 0.535934 0.00238987 0.356177 0.00276743 
5 0.9 3250000 5.06836 0.0293849 -2.77083 0.017015 10.8668 0.0907322 211.647 2.77553 -0.00172342 0.00623137 0.00348392 0.00447592 0.536552 0.0023314 0.356857 0.00241332 
5 0.9 3500000 5.06626 0.0278245 -2.77779 0.017015 10.9026 0.0907322 212.318 2.77553 -0.00251815 0.00623137 0.00203416 0.00427224 0.537222 0.00221966 0.357732 0.00230774 
5 0.9 3750000 5.07129 0.027503 -2.77241 0.0149024 10.865 0.0862111 211.154 2.55617 -0.00320211 0.00551382 0.000802524 0.00412669 0.535961 0.00212541 0.3565 0.00233408 
5 0.9 4000000 5.07708 0.0262905 -2.77309 0.0146569 10.8543 0.0811275 210.77 2.42247 -0.0030809 0.00551382 0.000910861 0.00403502 0.535773 0.00205457 0.356126 0.00220832 
5 0.9 4250000 5.06897 0.0250622 -2.77605 0.0134711 10.8671 0.0770557 211.089 2.28457 -0.00303555 0.00482711 0.00177746 0.00375101 0.535997 0.00202763 0.356432 0.00209136 
5 0.9 4500000 5.07445 0.0245423 -2.7749 0.0136075 10.8518 0.0740308 210.613 2.21267 -0.0037391 0.00482711 0.000781394 0.0036421 0.535471 0.00200062 0.35588 0.00203983 
5 0.9 4750000 5.07802 0.0235855 -2.76975 0.0133701 10.8351 0.0717765 210.432 2.16118 -0.00456162 0.00452557 -0.00144214 0.00418822 0.53463 0.00196417 0.355269 0.00201582 
5 0.9 5000000 5.08501 0.0228575 -2.7676 0.0132054 10.8144 0.0709237 209.78 2.09436 -0.00325705 0.00452557 -0.00236681 0.00418822 0.534471 0.00188809 0.354982 0.00193005 
5 0.9 5250000 5.0834 0.0217441 -2.76899 0.012315 10.8311 0.0693286 210.205 2.04029 -0.00331394 0.00424152 -0.00260985 0.00421338 0.534865 0.00180599 0.355341 0.00186658 
5 0.9 5500000 5.0834 0.0209502 -2.76899 0.0119066 10.8311 0.0662045 210.205 1.97308 -0.00331394 0.00424152 -0.00260985 0.00421338 0.534865 0.00174988 0.355341 0.00179543 
5 0.9 5750000 5.07759 0.0200877 -2.76792 0.011539 10.8364 0.0639883 210.334 1.9204 -0.00255898 0.00392254 -0.00270942 0.00421338 0.534846 0.00170478 0.355527 0.0017599 
5 0.9 6000000 5.07759 0.0192601 -2.76792 0.0111163 10.8364 0.0615654 210.334 1.88424 -0.00255898 0.00392254 -0.00270942 0.00421338 0.534846 0.00166055 0.355527 0.00172309 
5 0.9 6250000 5.07585 0.0185067 -2.76275 0.0117586 10.8199 0.0632692 210.235 1.85226 -0.00298452 0.00361867 -0.00300799 0.00352991 0.534097 0.00167206 0.35493 0.00173837 
5 0.9 6500000 5.07585 0.0178488 -2.76275 0.0116129 10.8199 0.0647848 210.235 1.9577 -0.00298452 0.00361867 -0.00300799 0.00352991 0.534097 0.00163277 0.35493 0.00179333 
5 0.9 6750000 5.0791 0.0173171 -2.76584 0.0111704 10.8512 0.0628266 211.503 1.9058 -0.00262872 0.00335776 -0.00320954 0.00352991 0.534624 0.00161105 0.355983 0.00176469 
5 0.9 7000000 5.0791 0.0168206 -2.76584 0.0109104 10.8512 0.0609788 211.503 1.84861 -0.00262872 0.00335776 -0.00320954 0.00352991 0.534624 0.0015666 0.355983 0.00175211 
5 0.9 7250000 5.07994 0.0167307 -2.76639 0.0105998 10.8473 0.0599102 211.164 1.85567 -0.00307066 0.00314687 -0.0032617 0.00305255 0.534674 0.00153212 0.355955 0.00167701 
5 0.9 7500000 5.07994 0.0162943 -2.76639 0.0104033 10.8473 0.0583084 211.164 1.79495 -0.00307066 0.00314687 -0.0032617 0.00307688 0.534674 0.00152978 0.355955 0.00168444 
5 0.9 7750000 5.07142 0.0161466 -2.76421 0.0101709 10.8401 0.0563653 211.12 1.73631 -0.00231857 0.00302561 -0.00355958 0.00319872 0.533838 0.00155215 0.355224 0.00167463 
5 0.9 8000000 5.07142 0.0157763 -2.76421 0.00992046 10.8401 0.0546229 211.12 1.68038 -0.00231857 0.00302561 -0.00355958 0.00334161 0.533838 0.00155215 0.355224 0.00167463 
5 0.9 8250000 5.06824 0.0155107 -2.76548 0.00981803 10.8422 0.0529222 211.029 1.67868 -0.00201937 0.00285127 -0.00224323 0.00323739 0.534068 0.0014721 0.355413 0.00158056 
5 0.9 8500000 5.06824 0.0155 -2.76548 0.00977651 10.8422 0.0530121 211.029 1.66505 -0.00201937 0.00285127 -0.00224323 0.00323637 0.534068 0.00147212 0.355413 0.00158056 
5 0.9 8750000 5.06778 0.0155 -2.76777 0.00964671 10.8566 0.0515346 211.353 1.6299 -0.00224563 0.00269891 -0.00181145 0.00316195 0.534192 0.00144876 0.355697 0.00152575 
5 0.9 9000000 5.06778 0.0155 -2.76777 0.00957368 10.8566 0.0510969 211.353 1.61495 -0.00224563 0.00269251 -0.00181145 0.00316537 0.534192 0.00142287 0.355697 0.00151284 
5 0.9 9250000 5.0708 0.0145114 -2.76738 0.00945225 10.8531 0.0506626 211.28 1.60217 -0.00166886 0.00260397 -0.0023841 0.00308396 0.534097 0.00139872 0.355514 0.00145271 
5 0.9 9500000 5.0708 0.0143556 -2.76738 0.00928458 10.8531 0.0499011 211.28 1.58527 -0.00166886 0.00260397 -0.0023841 0.00300075 0.534097 0.00137784 0.355514 0.00143975 
5 0.9 9750000 5.0708 0.0142627 -2.76738 0.00913439 10.8531 0.0490904 211.28 1.56023 -0.00166886 0.00260397 -0.0023841 0.00300075 0.534097 0.00135544 0.355514 0.00143975 
5 0.9 10000000 5.07288 0.0140435 -2.76855 0.00903488 10.8631 0.0483633 211.667 1.53624 -0.00146628 0.0025236 -0.0029673 0.00297246 0.534092 0.00133596 0.355563 0.00139016 
5 0.9 10250000 5.07288 0.0139881 -2.76855 0.00893075 10.8631 0.0482316 211.667 1.5319 -0.00146628 0.00250087 -0.0029673 0.00293546 0.534092 0.00131667 0.355563 0.001373 
5 0.9 10500000 5.07192 0.013742 -2.76989 0.00880786 10.87 0.0477129 211.897 1.51846 -0.0014975 0.0024707 -0.00254861 0.00286281 0.534346 0.00129382 0.355768 0.00135295 
5 0.9 10750000 5.07192 0.0135687 -2.76989 0.00870681 10.87 0.047157 211.897 1.50105 -0.0014975 0.00255714 -0.00254861 0.00280321 0.534346 0.00128998 0.355768 0.00133814 
5 0.9 11000000 5.07192 0.013385 -2.76989 0.00872685 10.87 0.0467684 211.897 1.49096 -0.0014975 0.00264162 -0.00254861 0.00281661 0.534346 0.00129442 0.355768 0.0013316 
5 0.9 11250000 5.07192 0.0132291 -2.76989 0.00859012 10.87 0.0461362 211.897 1.47006 -0.0014975 0.00264162 -0.00254861 0.00275199 0.534346 0.00129652 0.355768 0.00132585 
5 0.9 11500000 5.06676 0.0130163 -2.77432 0.00846981 10.8982 0.0454703 212.881 1.4511 -0.00260964 0.00254131 -0.00268652 0.0026986 0.535117 0.00127244 0.356502 0.00131889 
5 0.9 11750000 5.06676 0.0128845 -2.77432 0.00833413 10.8982 0.0447818 212.881 1.42582 -0.00260964 0.00254131 -0.00268652 0.00264342 0.535117 0.00126244 0.356502 0.00131252 
5 0.9 12000000 5.06676 0.0126899 -2.77432 0.00832132 10.8982 0.0447582 212.881 1.43065 -0.00260964 0.00252536 -0.00268652 0.00259337 0.535117 0.00125182 0.356502 0.00130067 
5 0.9 12250000 5.06676 0.0125415 -2.77432 0.00820425 10.8982 0.0442084 212.881 1.41411 -0.00260964 0.00252536 -0.00268652 0.00259498 0.535117 0.00123558 0.356502 0.00128388 
5 0.9 12500000 5.06185 0.0123827 -2.77889 0.0104994 10.9257 0.059973 213.724 1.90309 -0.000995229 0.00258042 -0.00238685 0.00255634 0.535521 0.00135528 0.357025 0.00136668 
5 0.9 12750000 5.06185 0.0123827 -2.77889 0.0104994 10.9257 0.059973 213.724 1.90309 -0.000995229 0.00258042 -0.00238685 0.0025077 0.535521 0.00135528 0.357025 0.00136668 
5 0.9 13000000 5.06185 0.0123827 -2.77889 0.0104994 10.9257 0.059973 213.724 1.90309 -0.000995229 0.00250188 -0.00238685 0.00247775 0.535521 0.00135528 0.357025 0.00136668 
5 0.9 13250000 5.06185 0.0123827 -2.77889 0.0104994 10.9257 0.059973 213.724 1.90309 -0.000995229 0.00250188 -0.00238685 0.00245017 0.535521 0.00135528 0.357025 0.00136668 
5 0.9 13500000 5.06047 0.0119461 -2.77609 0.0104994 10.9176 0.059973 213.636 1.90309 -0.000277189 0.00243145 -0.00270259 0.00241058 0.535129 0.00135528 0.35669 0.00136668 
5 0.9 13750000 5.06047 0.0119115 -2.77609 0.0104994 10.9176 0.059973 213.636 1.90309 -0.000277189 0.00244828 -0.00270259 0.00244211 0.535129 0.00135528 0.35669 0.00136668 
5 0.9 14000000 5.06047 0.0117675 -2.77609 0.0104994 10.9176 0.059973 213.636 1.90309 -0.000277189 0.00248609 -0.00270259 0.00239693 0.535129 0.00135528 0.35669 0.00136668 
5 0.9 14250000 5.06047 0.0116164 -2.77609 0.0104994 10.9176 0.059973 213.636 1.90309 -0.000277189 0.00248609 -0.00270259 0.00235355 0.535129 0.00135528 0.35669 0.00136668 
5 0.9 14500000 5.06149 0.0115038 -2.77983 0.00904235 10.9359 0.0522685 214.156 1.67953 0.000346851 0.0024077 -0.00204579 0.00231153 0.535711 0.00120286 0.357309 0.00126831 
5 0.9 14750000 5.06149 0.0113908 -2.77983 0.00904235 10.9359 0.0522685 214.156 1.67953 0.000346851 0.0024077 -0.00204579 0.00231201 0.535711 0.00120286 0.357309 0.00126831 
5 0.9 15000000 5.06149 0.0113013 -2.77983 0.00904235 10.9359 0.0522685 214.156 1.67953 0.000346851 0.00232598 -0.00204579 0.00227829 0.535711 0.00118977 0.357309 0.0012563 
5 0.9 15250000 5.06149 0.0111905 -2.77983 0.00904235 10.9359 0.0522685 214.156 1.67953 0.000346851 0.00232598 -0.00204579 0.00224494 0.535711 0.00118977 0.357309 0.0012563 
5 0.9 15500000 5.06214 0.0111003 -2.77657 0.00904235 10.9223 0.0522685 213.773 1.67953 0.00114026 0.00235556 -0.00147472 0.00221072 0.535291 0.00117492 0.356892 0.0012213 
5 0.9 15750000 5.06214 0.0110078 -2.77657 0.00904235 10.9223 0.0522685 213.773 1.67953 0.00114026 0.00235556 -0.00147472 0.0021759 0.535291 0.00117492 0.356892 0.0012213 
5 0.9 16000000 5.06214 0.0109408 -2.77657 0.00904235 10.9223 0.0522685 213.773 1.67953 0.00114026 0.00228864 -0.00147472 0.00214086 0.535291 0.00117492 0.356892 0.00120059 
5 0.9 16250000 5.06214 0.0107327 -2.77657 0.00904235 10.9223 0.0522685 213.773 1.67953 0.00114026 0.00228864 -0.00147472 0.00214149 0.535291 0.00117492 0.356892 0.00120059 
5 0.9 16500000 5.06143 0.0106285 -2.77905 0.00802323 10.9343 0.0457597 214.239 1.47166 0.000696885 0.00222931 -0.00158543 0.00211557 0.53555 0.00110614 0.357082 0.00115618 
5 0.9 16750000 5.06143 0.0105941 -2.77905 0.00802323 10.9343 0.0457597 214.239 1.47166 0.000696885 0.00222931 -0.00158543 0.0020855 0.53555 0.00110614 0.357082 0.00115618 
5 0.9 17000000 5.06143 0.0105614 -2.77905 0.00802323 10.9343 0.0457597 214.239 1.47166 0.000696885 0.00219989 -0.00158543 0.00208582 0.53555 0.00110614 0.357082 0.00112936 
5 0.9 17250000 5.06143 0.0105165 -2.77905 0.00802323 10.9343 0.0457597 214.239 1.47166 0.000696885 0.0021974 -0.00158543 0.00211658 0.53555 0.00110614 0.357082 0.00112936 
5 0.9 17500000 5.06089 0.010423 -2.7792 0.00794623 10.9321 0.0457597 214.198 1.47166 0.00129041 0.00218929 -0.00196043 0.00208926 0.535482 0.00104313 0.356981 0.00109492 
5 0.9 17750000 5.06089 0.0103371 -2.7792 0.00794623 10.9321 0.0457597 214.198 1.47166 0.00129041 0.00215856 -0.00196043 0.00207215 0.535482 0.00104313 0.356981 0.00109492 
5 0.9 18000000 5.06089 0.01029 -2.7792 0.00794623 10.9321 0.0457597 214.198 1.47166 0.00129041 0.002128 -0.00196043 0.00204396 0.535482 0.00104313 0.356981 0.00108452 
5 0.9 18250000 5.06089 0.0103507 -2.7792 0.00794623 10.9321 0.0457597 214.198 1.47166 0.00129041 0.00209951 -0.00196043 0.0020183 0.535482 0.00104313 0.356981 0.00108452 
5 0.9 18500000 5.06068 0.0102248 -2.77879 0.00714388 10.9334 0.0406835 214.229 1.30817 0.00107616 0.00209532 -0.0021056 0.00199924 0.535434 0.00101053 0.356964 0.00107903 
5 0.9 18750000 5.06068 0.0100916 -2.77879 0.00714388 10.9334 0.0406835 214.229 1.30817 0.00107616 0.00207851 -0.0021056 0.00198729 0.535434 0.00100811 0.356964 0.00107903 
5 0.9 19000000 5.06068 0.010102 -2.77879 0.00714388 10.9334 0.0406835 214.229 1.30817 0.00107616 0.00206937 -0.0021056 0.00198713 0.535434 0.00100381 0.356964 0.00107659 
5 0.9 19250000 5.06068 0.0100043 -2.77879 0.00714388 10.9334 0.0406835 214.229 1.30817 0.00107616 0.00210988 -0.0021056 0.0019728 0.535434 0.00100381 0.356964 0.00107659 
5 0.9 19500000 5.05793 0.00991707 -2.77621 0.00722063 10.9217 0.0406835 213.983 1.30817 0.00122476 0.0021076 -0.00220125 0.00198575 0.534947 0.00104766 0.356429 0.00108768 
5 0.9 19750000 5.05793 0.00980012 -2.77621 0.00722063 10.9217 0.0406835 213.983 1.30817 0.00122476 0.00210231 -0.00220125 0.00196011 0.534947 0.00104766 0.356429 0.00108768 
5 0.9 20000000 5.05793 0.00972664 -2.77621 0.00722063 10.9217 0.0406835 213.983 1.30817 0.00122476 0.00208518 -0.00220125 0.00193557 0.534947 0.00104766 0.356429 0.00108768 
5 0.9 20250000 5.05793 0.00962335 -2.77621 0.00722063 10.9217 0.0406835 213.983 1.30817 0.00122476 0.00205878 -0.00220125 0.00191789 0.534947 0.00104766 0.356429 0.00108768 
5 0.9 20500000 5.05793 0.00958101 -2.77621 0.00722063 10.9217 0.0406835 213.983 1.30817 0.00122476 0.00205878 -0.00220125 0.00191789 0.534947 0.00104766 0.356429 0.00108768 
5 0.9 20750000 5.05901 0.00951894 -2.77712 0.00741982 10.9274 0.042372 214.144 1.37067 0.0010815 0.00203341 -0.00189114 0.0018954 0.535071 0.0010026 0.356567 0.00104199 
5 0.9 21000000 5.05901 0.00950991 -2.77712 0.00741982 10.9274 0.042372 214.144 1.37067 0.0010815 0.0020305 -0.00189114 0.00187402 0.535071 0.0010026 0.356567 0.00104199 
5 0.9 21250000 5.05901 0.00948205 -2.77712 0.00741982 10.9274 0.042372 214.144 1.37067 0.0010815 0.00203287 -0.00189114 0.0018514 0.535071 0.0010026 0.356567 0.00104431 
5 0.9 21500000 5.05901 0.00941693 -2.77712 0.00741982 10.9274 0.042372 214.144 1.37067 0.0010815 0.00201233 -0.00189114 0.00184412 0.535071 0.0010026 0.356567 0.00104431 
5 0.9 21750000 5.05901 0.00939779 -2.77712 0.00741982 10.9274 0.042372 214.144 1.37067 0.0010815 0.00199029 -0.00189114 0.00186913 0.535071 0.0010192 0.356567 0.00108102 
5 0.9 22000000 5.05901 0.00932471 -2.77712 0.00741982 10.9274 0.042372 214.144 1.37067 0.0010815 0.00197083 -0.00189114 0.00184727 0.535071 0.0010192 0.356567 0.00108102 
5 0.9 22250000 5.05901 0.00926705 -2.77712 0.00741982 10.9274 0.042372 214.144 1.37067 0.0010815 0.00195566 -0.00189114 0.00182598 0.535071 0.0010192 0.356567 0.00108102 
5 0.9 22500000 5.05901 0.00920393 -2.77712 0.00741982 10.9274 0.042372 214.144 1.37067 0.0010815 0.00194213 -0.00189114 0.00180882 0.535071 0.0010192 0.356567 0.00108102 
5 0.9 22750000 5.06317 0.00912791 -2.77571 0.00741982 10.9106 0.042372 213.485 1.37067 0.00150816 0.00194036 -0.00176351 0.00182004 0.53476 0.000993778 0.356098 0.00103229 
5 0.9 23000000 5.06317 0.00911033 -2.77571 0.00741982 10.9106 0.042372 213.485 1.37067 0.00150816 0.00192947 -0.00176351 0.00181812 0.53476 0.000993778 0.356098 0.00103229 
5 0.9 23250000 5.06317 0.00905714 -2.77571 0.00741982 10.9106 0.042372 213.485 1.37067 0.00150816 0.0019085 -0.00176351 0.00179847 0.53476 0.000993778 0.356098 0.00103229 
5 0.9 23500000 5.06317 0.00900219 -2.77571 0.00741982 10.9106 0.042372 213.485 1.37067 0.00150816 0.00189035 -0.00176351 0.00177961 0.53476 0.000993778 0.356098 0.00103229 
5 0.9 23750000 5.06317 0.0089586 -2.77571 0.00741982 10.9106 0.042372 213.485 1.37067 0.00150816 0.00187178 -0.00176351 0.00176726 0.53476 0.000993778 0.356098 0.0010412 
5 0.9 24000000 5.06317 0.00890343 -2.77571 0.00741982 10.9106 0.042372 213.485 1.37067 0.00150816 0.00185481 -0.00176351 0.00174885 0.53476 0.000993778 0.356098 0.0010412 
5 0.9 24250000 5.06317 0.00885405 -2.77571 0.00741982 10.9106 0.042372 213.485 1.37067 0.00150816 0.00184512 -0.00176351 0.00174271 0.53476 0.000993778 0.356098 0.0010412 
5 0.9 24500000 5.06317 0.00885696 -2.77571 0.00741982 10.9106 0.042372 213.485 1.37067 0.00150816 0.00182974 -0.00176351 0.0017253 0.53476 0.000993778 0.356098 0.0010412 
5 0.9 24750000 5.05992 0.00887914 -2.77314 0.00717477 10.8988 0.0438898 213.107 1.48367 0.000809012 0.00181239 -0.00207645 0.00170733 0.534276 0.00110132 0.355582 0.00120294 
5 0.9 25000000 5.05992 0.00887914 -2.77314 0.00717477 10.8988 0.0438898 213.107 1.48367 0.000809012 0.00179959 -0.00207645 0.00169504 0.534276 0.00110132 0.355582 0.00120294 
5 0.9 25250000 5.05992 0.00887914 -2.77314 0.00717477 10.8988 0.0438898 213.107 1.48367 0.000809012 0.00178469 -0.00207645 0.00167821 0.534276 0.00110132 0.355582 0.00120294 
5 0.9 25500000 5.05992 0.00887914 -2.77314 0.00717477 10.8988 0.0438898 213.107 1.48367 0.000809012 0.00177514 -0.00207645 0.00166239 0.534276 0.00110132 0.355582 0.00120294 
5 0.9 25750000 5.05992 0.00876489 -2.77314 0.00717477 10.8988 0.0438898 213.107 1.48367 0.000809012 0.00176211 -0.00207645 0.00164589 0.534276 0.00110132 0.355582 0.00120294 
5 0.9 26000000 5.05992 0.00868374 -2.77314 0.00717477 10.8988 0.0438898 213.107 1.48367 0.000809012 0.00174683 -0.00207645 0.00163257 0.534276 0.00110132 0.355582 0.00120294 
5 0.9 26250000 5.05992 0.00868325 -2.77314 0.00717477 10.8988 0.0438898 213.107 1.48367 0.000809012 0.00177551 -0.00207645 0.00167155 0.534276 0.00110132 0.355582 0.00120294 
5 0.9 26500000 5.05992 0.00865272 -2.77314 0.00717477 10.8988 0.0438898 213.107 1.48367 0.000809012 0.00175989 -0.00207645 0.00167516 0.534276 0.00110132 0.355582 0.00120294 
5 0.9 26750000 5.06132 0.00879833 -2.77374 0.00717477 10.9007 0.0438898 213.043 1.48367 6.54874e-05 0.001744 -0.00242439 0.00166536 0.534443 0.00110132 0.35576 0.00120294 
5 0.9 27000000 5.06132 0.00879833 -2.77374 0.00717477 10.9007 0.0438898 213.043 1.48367 6.54874e-05 0.0017274 -0.00242439 0.00165308 0.534443 0.00110132 0.35576 0.00120294 
5 0.9 27250000 5.06132 0.00879833 -2.77374 0.00717477 10.9007 0.0438898 213.043 1.48367 6.54874e-05 0.00171111 -0.00242439 0.00164248 0.534443 0.00110132 0.35576 0.00120294 
5 0.9 27500000 5.06132 0.00879833 -2.77374 0.00717477 10.9007 0.0438898 213.043 1.48367 6.54874e-05 0.00170283 -0.00242439 0.00162995 0.534443 0.00110132 0.35576 0.00120294 
5 0.9 27750000 5.06132 0.00847324 -2.77374 0.00717477 10.9007 0.0438898 213.043 1.48367 6.54874e-05 0.00169233 -0.00242439 0.00162105 0.534443 0.00110132 0.35576 0.00120294 
5 0.9 28000000 5.06132 0.00847324 -2.77374 0.00717477 10.9007 0.0438898 213.043 1.48367 6.54874e-05 0.00167788 -0.00242439 0.00160729 0.534443 0.00110132 0.35576 0.00120294 
5 0.9 28250000 5.06132 0.00847324 -2.77374 0.00717477 10.9007 0.0438898 213.043 1.48367 6.54874e-05 0.00166271 -0.00242439 0.00159268 0.534443 0.00110132 0.35576 0.00120294 
5 0.9 28500000 5.06132 0.00847324 -2.77374 0.00717477 10.9007 0.0438898 213.043 1.48367 6.54874e-05 0.0016518 -0.00242439 0.00158162 0.534443 0.00110132 0.35576 0.00120294 
5 0.9 28750000 5.05962 0.00836179 -2.7738 0.00618081 10.9023 0.0377593 213.093 1.27179 -0.000107159 0.00163778 -0.00242706 0.00157116 0.534421 0.000953468 0.355746 0.00104221 
5 0.9 29000000 5.05962 0.00836179 -2.7738 0.00618081 10.9023 0.0377593 213.093 1.27179 -0.000107159 0.00163057 -0.00242706 0.00156132 0.534421 0.000953468 0.355746 0.00104221 
5 0.9 29250000 5.05962 0.00836179 -2.7738 0.00618081 10.9023 0.0377593 213.093 1.27179 -0.000107159 0.0016171 -0.00242706 0.00154765 0.534421 0.000953468 0.355746 0.00104221 
5 0.9 29500000 5.05962 0.00836179 -2.7738 0.00618081 10.9023 0.0377593 213.093 1.27179 -0.000107159 0.00160452 -0.00242706 0.00153438 0.534421 0.000953468 0.355746 0.00104221 
5 0.9 29750000 5.05962 0.00818094 -2.7738 0.00618081 10.9023 0.0377593 213.093 1.27179 -0.000107159 0.00160456 -0.00242706 0.00152308 0.534421 0.000953468 0.355746 0.00104221 
5 0.9 30000000 5.05962 0.00818094 -2.7738 0.00618081 10.9023 0.0377593 213.093 1.27179 -0.000107159 0.00159116 -0.00242706 0.00153494 0.534421 0.000953468 0.355746 0.00104221 
5 0.9 30250000 5.05962 0.00818094 -2.7738 0.00618081 10.9023 0.0377593 213.093 1.27179 -0.000107159 0.00157827 -0.00242706 0.00152789 0.534421 0.000953468 0.355746 0.00104221 
5 0.9 30500000 5.05962 0.00818094 -2.7738 0.00618081 10.9023 0.0377593 213.093 1.27179 -0.000107159 0.0015667 -0.00242706 0.00151806 0.534421 0.000953468 0.355746 0.00104221 
5 0.9 30750000 5.06071 0.00791231 -2.77535 0.00618081 10.9103 0.0377593 213.402 1.27179 0.000352947 0.00155564 -0.00232062 0.00150844 0.534456 0.000953468 0.355822 0.00104221 
5 0.9 31000000 5.06071 0.00791231 -2.77535 0.00618081 10.9103 0.0377593 213.402 1.27179 0.000352947 0.00155564 -0.00232062 0.00150844 0.534456 0.000953468 0.355822 0.00104221 
5 0.9 31250000 5.06071 0.00791231 -2.77535 0.00618081 10.9103 0.0377593 213.402 1.27179 0.000352947 0.00154579 -0.00232062 0.00149627 0.534456 0.000953468 0.355822 0.00104221 
5 0.9 31500000 5.06071 0.00791231 -2.77535 0.00618081 10.9103 0.0377593 213.402 1.27179 0.000352947 0.00153884 -0.00232062 0.00148411 0.534456 0.000953468 0.355822 0.00104221 
5 0.9 31750000 5.06071 0.00791231 -2.77535 0.00618081 10.9103 0.0377593 213.402 1.27179 0.000352947 0.00152646 -0.00232062 0.00147879 0.534456 0.000953468 0.355822 0.00104221 
5 0.9 32000000 5.06071 0.00799015 -2.77535 0.00618081 10.9103 0.0377593 213.402 1.27179 0.000352947 0.0015151 -0.00232062 0.00146841 0.534456 0.000953468 0.355822 0.00104221 
5 0.9 32250000 5.06071 0.00799015 -2.77535 0.00618081 10.9103 0.0377593 213.402 1.27179 0.000352947 0.00150532 -0.00232062 0.00145692 0.534456 0.000953468 0.355822 0.00104221 
5 0.9 32500000 5.06071 0.00799015 -2.77535 0.00618081 10.9103 0.0377593 213.402 1.27179 0.000352947 0.00149706 -0.00232062 0.00144536 0.534456 0.000953468 0.355822 0.00104221 
5 0.9 32750000 5.06071 0.00799015 -2.77535 0.00618081 10.9103 0.0377593 213.402 1.27179 0.000352947 0.0014857 -0.00232062 0.00143398 0.534456 0.000953468 0.355822 0.00104221 
5 0.9 33000000 5.05794 0.0077532 -2.77722 0.00628151 10.9203 0.0370508 213.651 1.22913 0.000185653 0.00150766 -0.00210162 0.00142279 0.534599 0.000850778 0.355945 0.000930726 
5 0.9 33250000 5.05794 0.0077532 -2.77722 0.00628151 10.9203 0.0370508 213.651 1.22913 0.000185653 0.00150087 -0.00210162 0.00141362 0.534599 0.000850778 0.355945 0.000930726 
5 0.9 33500000 5.05794 0.0077532 -2.77722 0.00628151 10.9203 0.0370508 213.651 1.22913 0.000185653 0.00149301 -0.00210162 0.00140502 0.534599 0.000850778 0.355945 0.000930726 
5 0.9 33750000 5.05794 0.0077532 -2.77722 0.00628151 10.9203 0.0370508 213.651 1.22913 0.000185653 0.00148386 -0.00210162 0.00139901 0.534599 0.000850778 0.355945 0.000930726 
5 0.9 34000000 5.05794 0.00752353 -2.77722 0.00628151 10.9203 0.0370508 213.651 1.22913 0.000185653 0.00147267 -0.00210162 0.00138868 0.534599 0.000850778 0.355945 0.000930726 
5 0.9 34250000 5.05794 0.00752353 -2.77722 0.00628151 10.9203 0.0370508 213.651 1.22913 0.000185653 0.0014709 -0.00210162 0.00138488 0.534599 0.000850778 0.355945 0.000930726 
5 0.9 34500000 5.05794 0.00752353 -2.77722 0.00628151 10.9203 0.0370508 213.651 1.22913 0.000185653 0.00146011 -0.00210162 0.00137561 0.534599 0.000850778 0.355945 0.000930726 
5 0.9 34750000 5.05794 0.00752353 -2.77722 0.00628151 10.9203 0.0370508 213.651 1.22913 0.000185653 0.00145686 -0.00210162 0.00139632 0.534599 0.000850778 0.355945 0.000930726 
5 0.9 35000000 5.05783 0.00742994 -2.77696 0.00628151 10.9224 0.0370508 213.764 1.22913 0.00020117 0.00145434 -0.00213241 0.00139346 0.534541 0.000850778 0.355926 0.000930726 
5 0.9 35250000 5.05783 0.00738056 -2.77696 0.00628151 10.9224 0.0370508 213.764 1.22913 0.00020117 0.00144394 -0.00213241 0.00138414 0.534541 0.000850778 0.355926 0.000930726 
5 0.9 35500000 5.05783 0.00734205 -2.77696 0.00628151 10.9224 0.0370508 213.764 1.22913 0.00020117 0.00143544 -0.00213241 0.00137444 0.534541 0.000850778 0.355926 0.000930726 
5 0.9 35750000 5.05783 0.00731242 -2.77696 0.00628151 10.9224 0.0370508 213.764 1.22913 0.00020117 0.0014267 -0.00213241 0.00136639 0.534541 0.000850778 0.355926 0.000930726 
5 0.9 36000000 5.05783 0.00725343 -2.77696 0.00628151 10.9224 0.0370508 213.764 1.22913 0.00020117 0.00141704 -0.00213241 0.00135888 0.534541 0.000850778 0.355926 0.000930726 
5 0.9 36250000 5.05783 0.00726625 -2.77696 0.00628151 10.9224 0.0370508 213.764 1.22913 0.00020117 0.00140799 -0.00213241 0.00136481 0.534541 0.000850778 0.355926 0.000930726 
5 0.9 36500000 5.05783 0.0072527 -2.77696 0.00628151 10.9224 0.0370508 213.764 1.22913 0.00020117 0.00139862 -0.00213241 0.00135552 0.534541 0.000850778 0.355926 0.000930726 
5 0.9 36750000 5.05783 0.0072527 -2.77696 0.00628151 10.9224 0.0370508 213.764 1.22913 0.00020117 0.0013904 -0.00213241 0.00134704 0.534541 0.000850778 0.355926 0.000930726 
5 0.9 37000000 5.05889 0.00748428 -2.7759 0.00571952 10.9202 0.0329341 213.747 1.09635 0.0001177 0.00139612 -0.00197555 0.00134681 0.534478 0.000764829 0.355858 0.000831406 
5 0.9 37250000 5.05889 0.00748428 -2.7759 0.00571952 10.9202 0.0329341 213.747 1.09635 0.0001177 0.00138878 -0.00197555 0.00139117 0.534478 0.000764829 0.355858 0.000831406 
5 0.9 37500000 5.05889 0.00748428 -2.7759 0.00571952 10.9202 0.0329341 213.747 1.09635 0.0001177 0.00138043 -0.00197555 0.00138165 0.534478 0.000764829 0.355858 0.000831406 
5 0.9 37750000 5.05889 0.00748428 -2.7759 0.00571952 10.9202 0.0329341 213.747 1.09635 0.0001177 0.00137489 -0.00197555 0.0013738 0.534478 0.000764829 0.355858 0.000831406 
5 0.9 38000000 5.05889 0.00746332 -2.7759 0.00571952 10.9202 0.0329341 213.747 1.09635 0.0001177 0.00136576 -0.00197555 0.00137017 0.534478 0.000764829 0.355858 0.000831406 
5 0.9 38250000 5.05889 0.00746332 -2.7759 0.00571952 10.9202 0.0329341 213.747 1.09635 0.0001177 0.00137832 -0.00197555 0.00136616 0.534478 0.000764829 0.355858 0.000831406 
5 0.9 38500000 5.05889 0.00746332 -2.7759 0.00571952 10.9202 0.0329341 213.747 1.09635 0.0001177 0.00138946 -0.00197555 0.00137229 0.534478 0.000764829 0.355858 0.000831406 
5 0.9 38750000 5.05889 0.00746332 -2.7759 0.00571952 10.9202 0.0329341 213.747 1.09635 0.0001177 0.0013843 -0.00197555 0.00136328 0.534478 0.000764829 0.355858 0.000831406 
5 0.9 39000000 5.05818 0.00732689 -2.77574 0.00571952 10.9206 0.0329341 213.82 1.09635 0.000108159 0.001391 -0.000833827 0.00138845 0.534385 0.000764829 0.355827 0.000831406 
5 0.9 39250000 5.05818 0.00732689 -2.77574 0.00571952 10.9206 0.0329341 213.82 1.09635 0.000108159 0.00138416 -0.000833827 0.00138845 0.534385 0.000764829 0.355827 0.000831406 
5 0.9 39500000 5.05818 0.00732689 -2.77574 0.00571952 10.9206 0.0329341 213.82 1.09635 0.000108159 0.00139434 -0.000833827 0.00138845 0.534385 0.000764829 0.355827 0.000831406 
5 0.9 39750000 5.05818 0.00732689 -2.77574 0.00571952 10.9206 0.0329341 213.82 1.09635 0.000108159 0.00138633 -0.000833827 0.00138845 0.534385 0.000764829 0.355827 0.000831406 
5 0.9 40000000 5.05818 0.00717763 -2.77574 0.00571952 10.9206 0.0329341 213.82 1.09635 0.000108159 0.00137833 -0.000833827 0.00138845 0.534385 0.000764829 0.355827 0.000831406 
5 0.9 40250000 5.05818 0.00717763 -2.77574 0.00571952 10.9206 0.0329341 213.82 1.09635 0.000108159 0.00137305 -0.000833827 0.00138845 0.534385 0.000764829 0.355827 0.000831406 
5 0.9 40500000 5.05818 0.00717763 -2.77574 0.00571952 10.9206 0.0329341 213.82 1.09635 0.000108159 0.00136584 -0.000833827 0.00138845 0.534385 0.000764829 0.355827 0.000831406 
5 0.9 40750000 5.05818 0.00717763 -2.77574 0.00571952 10.9206 0.0329341 213.82 1.09635 0.000108159 0.00136049 -0.000833827 0.00138845 0.534385 0.000764829 0.355827 0.000831406 
5 0.9 41000000 5.0588 0.00712809 -2.77509 0.00589593 10.9144 0.0350429 213.676 1.12907 -0.00038974 0.00135267 -0.000767792 0.00136595 0.534208 0.000858842 0.355634 0.000950408 
5 0.9 41250000 5.0588 0.00712809 -2.77509 0.00589593 10.9144 0.0350429 213.676 1.12907 -0.00038974 0.00134539 -0.000767792 0.00136595 0.534208 0.000858842 0.355634 0.000950408 
5 0.9 41500000 5.0588 0.00712809 -2.77509 0.00589593 10.9144 0.0350429 213.676 1.12907 -0.00038974 0.00133718 -0.000767792 0.00136595 0.534208 0.000858842 0.355634 0.000950408 
5 0.9 41750000 5.0588 0.00712809 -2.77509 0.00589593 10.9144 0.0350429 213.676 1.12907 -0.00038974 0.00133718 -0.000767792 0.00136595 0.534208 0.000858842 0.355634 0.000950408 
5 0.9 42000000 5.0588 0.00712809 -2.77509 0.00589593 10.9144 0.0350429 213.676 1.12907 -0.00038974 0.00133096 -0.000767792 0.00136595 0.534208 0.000858842 0.355634 0.000950408 
5 0.9 42250000 5.0588 0.007137 -2.77509 0.00589593 10.9144 0.0350429 213.676 1.12907 -0.00038974 0.00132456 -0.000767792 0.00136595 0.534208 0.000858842 0.355634 0.000950408 
5 0.9 42500000 5.0588 0.007137 -2.77509 0.00589593 10.9144 0.0350429 213.676 1.12907 -0.00038974 0.00132285 -0.000767792 0.00136595 0.534208 0.000858842 0.355634 0.000950408 
5 0.9 42750000 5.0588 0.007137 -2.77509 0.00589593 10.9144 0.0350429 213.676 1.12907 -0.00038974 0.00131488 -0.000767792 0.00136595 0.534208 0.000858842 0.355634 0.000950408 
5 0.9 43000000 5.0588 0.007137 -2.77509 0.00589593 10.9144 0.0350429 213.676 1.12907 -0.00038974 0.00130774 -0.000767792 0.00136595 0.534208 0.000858842 0.355634 0.000950408 
5 0.9 43250000 5.0588 0.00707645 -2.77509 0.00589593 10.9144 0.0350429 213.676 1.12907 -0.00038974 0.00131316 -0.000767792 0.00136595 0.534208 0.000858842 0.355634 0.000950408 
5 0.9 43500000 5.0588 0.00707645 -2.77509 0.00589593 10.9144 0.0350429 213.676 1.12907 -0.00038974 0.00130541 -0.000767792 0.00136595 0.534208 0.000858842 0.355634 0.000950408 
5 0.9 43750000 5.0588 0.00707645 -2.77509 0.00589593 10.9144 0.0350429 213.676 1.12907 -0.00038974 0.00129909 -0.000767792 0.00136595 0.534208 0.000858842 0.355634 0.000950408 
5 0.9 44000000 5.0588 0.00707645 -2.77509 0.00589593 10.9144 0.0350429 213.676 1.12907 -0.00038974 0.00129205 -0.000767792 0.00136595 0.534208 0.000858842 0.355634 0.000950408 
5 0.9 44250000 5.0588 0.00691274 -2.77509 0.00589593 10.9144 0.0350429 213.676 1.12907 -0.00038974 0.00128459 -0.000767792 0.00136595 0.534208 0.000858842 0.355634 0.000950408 
5 0.9 44500000 5.0588 0.00691274 -2.77509 0.00589593 10.9144 0.0350429 213.676 1.12907 -0.00038974 0.0012831 -0.000767792 0.00136595 0.534208 0.000858842 0.355634 0.000950408 
5 0.9 44750000 5.0588 0.00691274 -2.77509 0.00589593 10.9144 0.0350429 213.676 1.12907 -0.00038974 0.00127613 -0.000767792 0.00136595 0.534208 0.000858842 0.355634 0.000950408 
5 0.9 45000000 5.0588 0.00691274 -2.77509 0.00589593 10.9144 0.0350429 213.676 1.12907 -0.00038974 0.00127378 -0.000767792 0.00136595 0.534208 0.000858842 0.355634 0.000950408 
5 0.9 45250000 5.05673 0.00693648 -2.77643 0.00589593 10.9181 0.0350429 213.746 1.12907 -0.000200912 0.00126709 -0.00104746 0.00127998 0.534442 0.000858842 0.355806 0.000950408 
5 0.9 45500000 5.05673 0.00693648 -2.77643 0.00589593 10.9181 0.0350429 213.746 1.12907 -0.000200912 0.00126258 -0.00104746 0.00127998 0.534442 0.000858842 0.355806 0.000950408 
5 0.9 45750000 5.05673 0.00693648 -2.77643 0.00589593 10.9181 0.0350429 213.746 1.12907 -0.000200912 0.00125958 -0.00104746 0.00127998 0.534442 0.000858842 0.355806 0.000950408 
5 0.9 46000000 5.05673 0.00693648 -2.77643 0.00589593 10.9181 0.0350429 213.746 1.12907 -0.000200912 0.00125912 -0.00104746 0.00127998 0.534442 0.000858842 0.355806 0.000950408 
5 0.9 46250000 5.05673 0.00687559 -2.77643 0.00589593 10.9181 0.0350429 213.746 1.12907 -0.000200912 0.00125407 -0.00104746 0.00127998 0.534442 0.000858842 0.355806 0.000950408 
5 0.9 46500000 5.05673 0.00687559 -2.77643 0.00589593 10.9181 0.0350429 213.746 1.12907 -0.000200912 0.00124727 -0.00104746 0.00127998 0.534442 0.000858842 0.355806 0.000950408 
5 0.9 46750000 5.05673 0.00687559 -2.77643 0.00589593 10.9181 0.0350429 213.746 1.12907 -0.000200912 0.00124074 -0.00104746 0.00127998 0.534442 0.000858842 0.355806 0.000950408 
5 0.9 47000000 5.05673 0.00687559 -2.77643 0.00589593 10.9181 0.0350429 213.746 1.12907 -0.000200912 0.00123571 -0.00104746 0.00127998 0.534442 0.000858842 0.355806 0.000950408 
5 0.9 47250000 5.05673 0.00736658 -2.77643 0.00589593 10.9181 0.0350429 213.746 1.12907 -0.000200912 0.00122956 -0.00104746 0.00127008 0.534442 0.000858842 0.355806 0.000950408 
5 0.9 47500000 5.05673 0.00736658 -2.77643 0.00589593 10.9181 0.0350429 213.746 1.12907 -0.000200912 0.00122362 -0.00104746 0.00127008 0.534442 0.000858842 0.355806 0.000950408 
5 0.9 47750000 5.05673 0.00736658 -2.77643 0.00589593 10.9181 0.0350429 213.746 1.12907 -0.000200912 0.00122201 -0.00104746 0.00127008 0.534442 0.000858842 0.355806 0.000950408 
5 0.9 48000000 5.05673 0.00736658 -2.77643 0.00589593 10.9181 0.0350429 213.746 1.12907 -0.000200912 0.00122218 -0.00104746 0.00127008 0.534442 0.000858842 0.355806 0.000950408 
5 0.9 48250000 5.05673 0.00721002 -2.77643 0.00589593 10.9181 0.0350429 213.746 1.12907 -0.000200912 0.00121725 -0.00104746 0.00127008 0.534442 0.000858842 0.355806 0.000950408 
5 0.9 48500000 5.05673 0.00721002 -2.77643 0.00589593 10.9181 0.0350429 213.746 1.12907 -0.000200912 0.00121596 -0.00104746 0.00127008 0.534442 0.000858842 0.355806 0.000950408 
5 0.9 48750000 5.05673 0.00721002 -2.77643 0.00589593 10.9181 0.0350429 213.746 1.12907 -0.000200912 0.0012119 -0.00104746 0.00127008 0.534442 0.000858842 0.355806 0.000950408 
5 0.9 49000000 5.05673 0.00721002 -2.77643 0.00589593 10.9181 0.0350429 213.746 1.12907 -0.000200912 0.00120575 -0.00104746 0.00127008 0.534442 0.000858842 0.355806 0.000950408 
5 0.9 49250000 5.05995 0.00717076 -2.7758 0.00495618 10.9132 0.0292227 213.497 0.954966 -0.000217597 0.00120209 -0.000351406 0.00134148 0.534431 0.000744189 0.355826 0.000811183 
5 0.9 49500000 5.05995 0.00717076 -2.7758 0.00495618 10.9132 0.0292227 213.497 0.954966 -0.000217597 0.00119924 -0.000351406 0.00134148 0.534431 0.000744189 0.355826 0.000811183 
5 0.9 49750000 5.05995 0.00717076 -2.7758 0.00495618 10.9132 0.0292227 213.497 0.954966 -0.000217597 0.00119911 -0.000351406 0.00134148 0.534431 0.000744189 0.355826 0.000811183 
5 0.9 50000000 5.05995 0.00717076 -2.7758 0.00495618 10.9132 0.0292227 213.497 0.954966 -0.000217597 0.00119851 -0.000351406 0.00134148 0.534431 0.000744189 0.355826 0.000811183 
5 0.9 50250000 5.05995 0.00702661 -2.7758 0.00495618 10.9132 0.0292227 213.497 0.954966 -0.000217597 0.00119504 -0.000351406 0.00134148 0.534431 0.000744189 0.355826 0.000811183 
5 0.9 50500000 5.05995 0.00702661 -2.7758 0.00495618 10.9132 0.0292227 213.497 0.954966 -0.000217597 0.00119049 -0.000351406 0.00134148 0.534431 0.000744189 0.355826 0.000811183 
5 0.9 50750000 5.05995 0.00702661 -2.7758 0.00495618 10.9132 0.0292227 213.497 0.954966 -0.000217597 0.00119084 -0.000351406 0.00134148 0.534431 0.000744189 0.355826 0.000811183 
5 0.9 51000000 5.05995 0.00702661 -2.7758 0.00495618 10.9132 0.0292227 213.497 0.954966 -0.000217597 0.00119137 -0.000351406 0.00134148 0.534431 0.000744189 0.355826 0.000811183 
5 0.9 51250000 5.05995 0.00688752 -2.7758 0.00495618 10.9132 0.0292227 213.497 0.954966 -0.000217597 0.00119897 -0.000351406 0.00134148 0.534431 0.000744189 0.355826 0.000811183 
5 0.9 51500000 5.05995 0.00688752 -2.7758 0.00495618 10.9132 0.0292227 213.497 0.954966 -0.000217597 0.00119377 -0.000351406 0.00134148 0.534431 0.000744189 0.355826 0.000811183 
5 0.9 51750000 5.05995 0.00688752 -2.7758 0.00495618 10.9132 0.0292227 213.497 0.954966 -0.000217597 0.00119241 -0.000351406 0.00134148 0.534431 0.000744189 0.355826 0.000811183 
5 0.9 52000000 5.05995 0.00688752 -2.7758 0.00495618 10.9132 0.0292227 213.497 0.954966 -0.000217597 0.00119068 -0.000351406 0.00134148 0.534431 0.000744189 0.355826 0.000811183 
5 0.9 52250000 5.05995 0.00679049 -2.7758 0.00495618 10.9132 0.0292227 213.497 0.954966 -0.000217597 0.00118682 -0.000351406 0.00134148 0.534431 0.000744189 0.355826 0.000811183 
5 0.9 52500000 5.05995 0.00679049 -2.7758 0.00495618 10.9132 0.0292227 213.497 0.954966 -0.000217597 0.00118597 -0.000351406 0.00134148 0.534431 0.000744189 0.355826 0.000811183 
5 0.9 52750000 5.05995 0.00679049 -2.7758 0.00495618 10.9132 0.0292227 213.497 0.954966 -0.000217597 0.00118027 -0.000351406 0.00134148 0.534431 0.000744189 0.355826 0.000811183 
5 0.9 53000000 5.05995 0.00679049 -2.7758 0.00495618 10.9132 0.0292227 213.497 0.954966 -0.000217597 0.00117637 -0.000351406 0.00134148 0.534431 0.000744189 0.355826 0.000811183 
5 0.9 53250000 5.05995 0.00679049 -2.7758 0.00495618 10.9132 0.0292227 213.497 0.954966 -0.000217597 0.00117127 -0.000351406 0.00134148 0.534431 0.000744189 0.355826 0.000811183 
5 0.9 53500000 5.05966 0.00667663 -2.77551 0.00495618 10.9105 0.0292227 213.409 0.954966 1.96477e-05 0.00117283 -3.67248e-05 0.00127466 0.534419 0.000744189 0.355794 0.000811183 
5 0.9 53750000 5.05966 0.00667663 -2.77551 0.00495618 10.9105 0.0292227 213.409 0.954966 1.96477e-05 0.00117995 -3.67248e-05 0.00127466 0.534419 0.000744189 0.355794 0.000811183 
5 0.9 54000000 5.05966 0.00667663 -2.77551 0.00495618 10.9105 0.0292227 213.409 0.954966 1.96477e-05 0.0011747 -3.67248e-05 0.00127466 0.534419 0.000744189 0.355794 0.000811183 
5 0.9 54250000 5.05966 0.00667663 -2.77551 0.00495618 10.9105 0.0292227 213.409 0.954966 1.96477e-05 0.00116976 -3.67248e-05 0.00127466 0.534419 0.000744189 0.355794 0.000811183 
5 0.9 54500000 5.05966 0.00658745 -2.77551 0.00495618 10.9105 0.0292227 213.409 0.954966 1.96477e-05 0.00118255 -3.67248e-05 0.00127466 0.534419 0.000744189 0.355794 0.000811183 
5 0.9 54750000 5.05966 0.00658745 -2.77551 0.00495618 10.9105 0.0292227 213.409 0.954966 1.96477e-05 0.00117721 -3.67248e-05 0.00127466 0.534419 0.000744189 0.355794 0.000811183 
5 0.9 55000000 5.05966 0.00658745 -2.77551 0.00495618 10.9105 0.0292227 213.409 0.954966 1.96477e-05 0.00118563 -3.67248e-05 0.00127466 0.534419 0.000744189 0.355794 0.000811183 
5 0.9 55250000 5.05966 0.00658745 -2.77551 0.00495618 10.9105 0.0292227 213.409 0.954966 1.96477e-05 0.00118125 -3.67248e-05 0.00127466 0.534419 0.000744189 0.355794 0.000811183 
5 0.9 55500000 5.05966 0.00646868 -2.77551 0.00495618 10.9105 0.0292227 213.409 0.954966 1.96477e-05 0.00117581 -3.67248e-05 0.00127466 0.534419 0.000744189 0.355794 0.000811183 
5 0.9 55750000 5.05966 0.00646868 -2.77551 0.00495618 10.9105 0.0292227 213.409 0.954966 1.96477e-05 0.00117042 -3.67248e-05 0.00127466 0.534419 0.000744189 0.355794 0.000811183 
5 0.9 56000000 5.05966 0.00646868 -2.77551 0.00495618 10.9105 0.0292227 213.409 0.954966 1.96477e-05 0.00116782 -3.67248e-05 0.00127466 0.534419 0.000744189 0.355794 0.000811183 
5 0.9 56250000 5.05966 0.00646868 -2.77551 0.00495618 10.9105 0.0292227 213.409 0.954966 1.96477e-05 0.00116515 -3.67248e-05 0.00127466 0.534419 0.000744189 0.355794 0.000811183 
5 0.9 56500000 5.05966 0.0063647 -2.77551 0.00495618 10.9105 0.0292227 213.409 0.954966 1.96477e-05 0.0011613 -3.67248e-05 0.00127466 0.534419 0.000744189 0.355794 0.000811183 
5 0.9 56750000 5.05966 0.0063647 -2.77551 0.00495618 10.9105 0.0292227 213.409 0.954966 1.96477e-05 0.00115752 -3.67248e-05 0.00127466 0.534419 0.000744189 0.355794 0.000811183 
5 0.9 57000000 5.05966 0.0063647 -2.77551 0.00495618 10.9105 0.0292227 213.409 0.954966 1.96477e-05 0.00115318 -3.67248e-05 0.00127466 0.534419 0.000744189 0.355794 0.000811183 
5 0.9 57250000 5.05966 0.0063647 -2.77551 0.00495618 10.9105 0.0292227 213.409 0.954966 1.96477e-05 0.00114818 -3.67248e-05 0.00127466 0.534419 0.000744189 0.355794 0.000811183 
5 0.9 57500000 5.05633 0.00656062 -2.775 0.00431155 10.9079 0.0255256 213.276 0.843701 0.000543203 0.00114514 -0.000159999 0.00118956 0.534386 0.000639239 0.355705 0.000704345 
5 0.9 57750000 5.05633 0.00656062 -2.775 0.00431155 10.9079 0.0255256 213.276 0.843701 0.000543203 0.00114489 -0.000159999 0.00118956 0.534386 0.000639239 0.355705 0.000704345 
5 0.9 58000000 5.05633 0.00656062 -2.775 0.00431155 10.9079 0.0255256 213.276 0.843701 0.000543203 0.00114122 -0.000159999 0.00118956 0.534386 0.000639239 0.355705 0.000704345 
5 0.9 58250000 5.05633 0.00656062 -2.775 0.00431155 10.9079 0.0255256 213.276 0.843701 0.000543203 0.00114352 -0.000159999 0.00118956 0.534386 0.000639239 0.355705 0.000704345 
5 0.9 58500000 5.05633 0.00645251 -2.775 0.00431155 10.9079 0.0255256 213.276 0.843701 0.000543203 0.00113856 -0.000159999 0.00118956 0.534386 0.000639239 0.355705 0.000704345 
5 0.9 58750000 5.05633 0.00645251 -2.775 0.00431155 10.9079 0.0255256 213.276 0.843701 0.000543203 0.00113386 -0.000159999 0.00118956 0.534386 0.000639239 0.355705 0.000704345 
5 0.9 59000000 5.05633 0.00645251 -2.775 0.00431155 10.9079 0.0255256 213.276 0.843701 0.000543203 0.00113331 -0.000159999 0.00118956 0.534386 0.000639239 0.355705 0.000704345 
5 0.9 59250000 5.05633 0.00645251 -2.775 0.00431155 10.9079 0.0255256 213.276 0.843701 0.000543203 0.00114183 -0.000159999 0.00118956 0.534386 0.000639239 0.355705 0.000704345 
5 0.9 59500000 5.05633 0.00636149 -2.775 0.00431155 10.9079 0.0255256 213.276 0.843701 0.000543203 0.00113932 -0.000159999 0.00118956 0.534386 0.000639239 0.355705 0.000704345 
5 0.9 59750000 5.05633 0.00636149 -2.775 0.00431155 10.9079 0.0255256 213.276 0.843701 0.000543203 0.00113612 -0.000159999 0.00118956 0.534386 0.000639239 0.355705 0.000704345 
5 0.9 60000000 5.05633 0.00636149 -2.775 0.00431155 10.9079 0.0255256 213.276 0.843701 0.000543203 0.00113204 -0.000159999 0.00118956 0.534386 0.000639239 0.355705 0.000704345 
5 0.9 60250000 5.05633 0.00636149 -2.775 0.00431155 10.9079 0.0255256 213.276 0.843701 0.000543203 0.00113047 -0.000159999 0.00118956 0.534386 0.000639239 0.355705 0.000704345 
5 0.9 60500000 5.05633 0.00625371 -2.775 0.00431155 10.9079 0.0255256 213.276 0.843701 0.000543203 0.00112572 -0.000159999 0.00118956 0.534386 0.000639239 0.355705 0.000704345 
5 0.9 60750000 5.05633 0.00625371 -2.775 0.00431155 10.9079 0.0255256 213.276 0.843701 0.000543203 0.00112112 -0.000159999 0.00118956 0.534386 0.000639239 0.355705 0.000704345 
5 0.9 61000000 5.05633 0.00625371 -2.775 0.00431155 10.9079 0.0255256 213.276 0.843701 0.000543203 0.00111726 -0.000159999 0.00118956 0.534386 0.000639239 0.355705 0.000704345 
5 0.9 61250000 5.05633 0.00625371 -2.775 0.00431155 10.9079 0.0255256 213.276 0.843701 0.000543203 0.00111349 -0.000159999 0.00118956 0.534386 0.000639239 0.355705 0.000704345 
5 0.9 61500000 5.05514 0.00615955 -2.77474 0.00431155 10.9094 0.0255256 213.439 0.843701 0.000513359 0.00111302 -0.000200831 0.00111096 0.534321 0.000639239 0.355653 0.000704345 
5 0.9 61750000 5.05514 0.00615955 -2.77474 0.00431155 10.9094 0.0255256 213.439 0.843701 0.000513359 0.0011113 -0.000200831 0.00111096 0.534321 0.000639239 0.355653 0.000704345 
5 0.9 62000000 5.05514 0.00615955 -2.77474 0.00431155 10.9094 0.0255256 213.439 0.843701 0.000513359 0.00111638 -0.000200831 0.00111096 0.534321 0.000639239 0.355653 0.000704345 
5 0.9 62250000 5.05514 0.00615955 -2.77474 0.00431155 10.9094 0.0255256 213.439 0.843701 0.000513359 0.00111179 -0.000200831 0.00111096 0.534321 0.000639239 0.355653 0.000704345 
5 0.9 62500000 5.05514 0.00609971 -2.77474 0.00431155 10.9094 0.0255256 213.439 0.843701 0.000513359 0.00110749 -0.000200831 0.00111096 0.534321 0.000639239 0.355653 0.000704345 
5 0.9 62750000 5.05514 0.00609971 -2.77474 0.00431155 10.9094 0.0255256 213.439 0.843701 0.000513359 0.00110313 -0.000200831 0.00111096 0.534321 0.000639239 0.355653 0.000704345 
5 0.9 63000000 5.05514 0.00609971 -2.77474 0.00431155 10.9094 0.0255256 213.439 0.843701 0.000513359 0.00110313 -0.000200831 0.00111096 0.534321 0.000639239 0.355653 0.000704345 
5 0.9 63250000 5.05514 0.00609971 -2.77474 0.00431155 10.9094 0.0255256 213.439 0.843701 0.000513359 0.00110566 -0.000200831 0.00111096 0.534321 0.000639239 0.355653 0.000704345 
5 0.9 63500000 5.05514 0.00609971 -2.77474 0.00431155 10.9094 0.0255256 213.439 0.843701 0.000513359 0.00110133 -0.000200831 0.00111096 0.534321 0.000639239 0.355653 0.000704345 
5 0.9 63750000 5.05514 0.0061213 -2.77474 0.00431155 10.9094 0.0255256 213.439 0.843701 0.000513359 0.0010969 -0.000200831 0.00111096 0.534321 0.000639239 0.355653 0.000704345 
5 0.9 64000000 5.05514 0.0061213 -2.77474 0.00431155 10.9094 0.0255256 213.439 0.843701 0.000513359 0.00109306 -0.000200831 0.00111096 0.534321 0.000639239 0.355653 0.000704345 
5 0.9 64250000 5.05514 0.0061213 -2.77474 0.00431155 10.9094 0.0255256 213.439 0.843701 0.000513359 0.0010912 -0.000200831 0.00111096 0.534321 0.000639239 0.355653 0.000704345 
5 0.9 64500000 5.05514 0.0061213 -2.77474 0.00431155 10.9094 0.0255256 213.439 0.843701 0.000513359 0.00109735 -0.000200831 0.00111096 0.534321 0.000639239 0.355653 0.000704345 
5 0.9 64750000 5.05514 0.0061197 -2.77474 0.00431155 10.9094 0.0255256 213.439 0.843701 0.000513359 0.00109355 -0.000200831 0.00111096 0.534321 0.000639239 0.355653 0.000704345 
5 0.9 65000000 5.05514 0.0061197 -2.77474 0.00431155 10.9094 0.0255256 213.439 0.843701 0.000513359 0.00108941 -0.000200831 0.00111096 0.534321 0.000639239 0.355653 0.000704345 
5 0.9 65250000 5.05514 0.0061197 -2.77474 0.00431155 10.9094 0.0255256 213.439 0.843701 0.000513359 0.00109085 -0.000200831 0.00111096 0.534321 0.000639239 0.355653 0.000704345 
5 0.9 65500000 5.05514 0.0061197 -2.77474 0.00431155 10.9094 0.0255256 213.439 0.843701 0.000513359 0.00108812 -0.000200831 0.00111096 0.534321 0.000639239 0.355653 0.000704345 
5 0.9 65750000 5.05664 0.00609319 -2.77314 0.00415671 10.9015 0.0231056 213.198 0.741843 0.000246841 0.00108533 -0.000535569 0.0011233 0.534216 0.000581638 0.355485 0.000649758 
5 0.9 66000000 5.05664 0.00609319 -2.77314 0.00415671 10.9015 0.0231056 213.198 0.741843 0.000246841 0.00108116 -0.000535569 0.0011233 0.534216 0.000581638 0.355485 0.000649758 
5 0.9 66250000 5.05664 0.00609319 -2.77314 0.00415671 10.9015 0.0231056 213.198 0.741843 0.000246841 0.00107779 -0.000535569 0.0011233 0.534216 0.000581638 0.355485 0.000649758 
5 0.9 66500000 5.05664 0.00609319 -2.77314 0.00415671 10.9015 0.0231056 213.198 0.741843 0.000246841 0.00107521 -0.000535569 0.0011233 0.534216 0.000581638 0.355485 0.000649758 
5 0.9 66750000 5.05664 0.00599982 -2.77314 0.00415671 10.9015 0.0231056 213.198 0.741843 0.000246841 0.00107218 -0.000535569 0.0011233 0.534216 0.000581638 0.355485 0.000649758 
5 0.9 67000000 5.05664 0.00599982 -2.77314 0.00415671 10.9015 0.0231056 213.198 0.741843 0.000246841 0.00108017 -0.000535569 0.0011233 0.534216 0.000581638 0.355485 0.000649758 
5 0.9 67250000 5.05664 0.00599982 -2.77314 0.00415671 10.9015 0.0231056 213.198 0.741843 0.000246841 0.00107623 -0.000535569 0.0011233 0.534216 0.000581638 0.355485 0.000649758 
5 0.9 67500000 5.05664 0.00599982 -2.77314 0.00415671 10.9015 0.0231056 213.198 0.741843 0.000246841 0.00107259 -0.000535569 0.0011233 0.534216 0.000581638 0.355485 0.000649758 
5 0.9 67750000 5.05664 0.00595068 -2.77314 0.00415671 10.9015 0.0231056 213.198 0.741843 0.000246841 0.00107839 -0.000535569 0.00109078 0.534216 0.000581638 0.355485 0.000649758 
5 0.9 68000000 5.05664 0.00595068 -2.77314 0.00415671 10.9015 0.0231056 213.198 0.741843 0.000246841 0.00107454 -0.000535569 0.00109078 0.534216 0.000581638 0.355485 0.000649758 
5 0.9 68250000 5.05664 0.00595068 -2.77314 0.00415671 10.9015 0.0231056 213.198 0.741843 0.000246841 0.00107087 -0.000535569 0.00109078 0.534216 0.000581638 0.355485 0.000649758 
5 0.9 68500000 5.05664 0.00595068 -2.77314 0.00415671 10.9015 0.0231056 213.198 0.741843 0.000246841 0.00107126 -0.000535569 0.00109078 0.534216 0.000581638 0.355485 0.000649758 
5 0.9 68750000 5.05664 0.00586746 -2.77314 0.00415671 10.9015 0.0231056 213.198 0.741843 0.000246841 0.00106727 -0.000535569 0.00109078 0.534216 0.000581638 0.355485 0.000649758 
5 0.9 69000000 5.05664 0.00586746 -2.77314 0.00415671 10.9015 0.0231056 213.198 0.741843 0.000246841 0.00106785 -0.000535569 0.00109078 0.534216 0.000581638 0.355485 0.000649758 
5 0.9 69250000 5.05664 0.00586746 -2.77314 0.00415671 10.9015 0.0231056 213.198 0.741843 0.000246841 0.00106625 -0.000535569 0.00109078 0.534216 0.000581638 0.355485 0.000649758 
5 0.9 69500000 5.05664 0.00586746 -2.77314 0.00415671 10.9015 0.0231056 213.198 0.741843 0.000246841 0.00106292 -0.000535569 0.00109078 0.534216 0.000581638 0.355485 0.000649758 
5 0.9 69750000 5.0548 0.00583591 -2.77437 0.00415671 10.9065 0.0231056 213.325 0.741843 0.000348794 0.00106011 -0.000749345 0.00108359 0.534395 0.000581638 0.355663 0.000649758 
5 0.9 70000000 5.0548 0.00583591 -2.77437 0.00415671 10.9065 0.0231056 213.325 0.741843 0.000348794 0.0010593 -0.000749345 0.00108359 0.534395 0.000581638 0.355663 0.000649758 
5 0.9 70250000 5.0548 0.00583591 -2.77437 0.00415671 10.9065 0.0231056 213.325 0.741843 0.000348794 0.00105566 -0.000749345 0.00108359 0.534395 0.000581638 0.355663 0.000649758 
5 0.9 70500000 5.0548 0.00583591 -2.77437 0.00415671 10.9065 0.0231056 213.325 0.741843 0.000348794 0.00105221 -0.000749345 0.00108359 0.534395 0.000581638 0.355663 0.000649758 
5 0.9 70750000 5.0548 0.00575488 -2.77437 0.00415671 10.9065 0.0231056 213.325 0.741843 0.000348794 0.00104924 -0.000749345 0.00108359 0.534395 0.000581638 0.355663 0.000649758 
5 0.9 71000000 5.0548 0.00575488 -2.77437 0.00415671 10.9065 0.0231056 213.325 0.741843 0.000348794 0.00105028 -0.000749345 0.00108359 0.534395 0.000581638 0.355663 0.000649758 
5 0.9 71250000 5.0548 0.00575488 -2.77437 0.00415671 10.9065 0.0231056 213.325 0.741843 0.000348794 0.0010571 -0.000749345 0.00108359 0.534395 0.000581638 0.355663 0.000649758 
5 0.9 71500000 5.0548 0.00575488 -2.77437 0.00415671 10.9065 0.0231056 213.325 0.741843 0.000348794 0.00105812 -0.000749345 0.00108359 0.534395 0.000581638 0.355663 0.000649758 
5 0.9 71750000 5.0548 0.0056727 -2.77437 0.00415671 10.9065 0.0231056 213.325 0.741843 0.000348794 0.00105542 -0.000749345 0.00105417 0.534395 0.000581638 0.355663 0.000649758 
5 0.9 72000000 5.0548 0.0056727 -2.77437 0.00415671 10.9065 0.0231056 213.325 0.741843 0.000348794 0.00105228 -0.000749345 0.00105417 0.534395 0.000581638 0.355663 0.000649758 
5 0.9 72250000 5.0548 0.0056727 -2.77437 0.00415671 10.9065 0.0231056 213.325 0.741843 0.000348794 0.00105085 -0.000749345 0.00105417 0.534395 0.000581638 0.355663 0.000649758 
5 0.9 72500000 5.0548 0.0056727 -2.77437 0.00415671 10.9065 0.0231056 213.325 0.741843 0.000348794 0.00105042 -0.000749345 0.00105417 0.534395 0.000581638 0.355663 0.000649758 
5 0.9 72750000 5.0548 0.00561072 -2.77437 0.00415671 10.9065 0.0231056 213.325 0.741843 0.000348794 0.00104696 -0.000749345 0.00105417 0.534395 0.000581638 0.355663 0.000649758 
5 0.9 73000000 5.0548 0.00561072 -2.77437 0.00415671 10.9065 0.0231056 213.325 0.741843 0.000348794 0.00104851 -0.000749345 0.00105417 0.534395 0.000581638 0.355663 0.000649758 
5 0.9 73250000 5.0548 0.00561072 -2.77437 0.00415671 10.9065 0.0231056 213.325 0.741843 0.000348794 0.00104499 -0.000749345 0.00105417 0.534395 0.000581638 0.355663 0.000649758 
5 0.9 73500000 5.0548 0.00561072 -2.77437 0.00415671 10.9065 0.0231056 213.325 0.741843 0.000348794 0.00104261 -0.000749345 0.00105417 0.534395 0.000581638 0.355663 0.000649758 
5 0.9 73750000 5.0548 0.00561072 -2.77437 0.00415671 10.9065 0.0231056 213.325 0.741843 0.000348794 0.00104261 -0.000749345 0.00105417 0.534395 0.000581638 0.355663 0.000649758 
5 0.9 74000000 5.05373 0.00559023 -2.77347 0.00370785 10.9027 0.020566 213.251 0.661307 0.000285826 0.00103946 -0.000729634 0.00102775 0.534225 0.00051709 0.355482 0.00057757 
5 0.9 74250000 5.05373 0.00559023 -2.77347 0.00370785 10.9027 0.020566 213.251 0.661307 0.000285826 0.00103713 -0.000729634 0.00102775 0.534225 0.00051709 0.355482 0.00057757 
5 0.9 74500000 5.05373 0.00559023 -2.77347 0.00370785 10.9027 0.020566 213.251 0.661307 0.000285826 0.00103467 -0.000729634 0.00102775 0.534225 0.00051709 0.355482 0.00057757 
5 0.9 74750000 5.05373 0.00559023 -2.77347 0.00370785 10.9027 0.020566 213.251 0.661307 0.000285826 0.0010335 -0.000729634 0.00102775 0.534225 0.00051709 0.355482 0.00057757 
5 0.9 75000000 5.05373 0.00551774 -2.77347 0.00370785 10.9027 0.020566 213.251 0.661307 0.000285826 0.00103047 -0.000729634 0.00102775 0.534225 0.00051709 0.355482 0.00057757 
5 0.9 75250000 5.05373 0.00551774 -2.77347 0.00370785 10.9027 0.020566 213.251 0.661307 0.000285826 0.00102886 -0.000729634 0.00102775 0.534225 0.00051709 0.355482 0.00057757 
5 0.9 75500000 5.05373 0.00551774 -2.77347 0.00370785 10.9027 0.020566 213.251 0.661307 0.000285826 0.00102626 -0.000729634 0.00102775 0.534225 0.00051709 0.355482 0.00057757 
5 0.9 75750000 5.05373 0.00551774 -2.77347 0.00370785 10.9027 0.020566 213.251 0.661307 0.000285826 0.0010242 -0.000729634 0.00102775 0.534225 0.00051709 0.355482 0.00057757 
5 0.9 76000000 5.05373 0.00546111 -2.77347 0.00370785 10.9027 0.020566 213.251 0.661307 0.000285826 0.00102123 -0.000729634 0.00101394 0.534225 0.00051709 0.355482 0.00057757 
5 0.9 76250000 5.05373 0.00546111 -2.77347 0.00370785 10.9027 0.020566 213.251 0.661307 0.000285826 0.00102033 -0.000729634 0.00101394 0.534225 0.00051709 0.355482 0.00057757 
5 0.9 76500000 5.05373 0.00546111 -2.77347 0.00370785 10.9027 0.020566 213.251 0.661307 0.000285826 0.00101696 -0.000729634 0.00101394 0.534225 0.00051709 0.355482 0.00057757 
5 0.9 76750000 5.05373 0.00546111 -2.77347 0.00370785 10.9027 0.020566 213.251 0.661307 0.000285826 0.00101369 -0.000729634 0.00101394 0.534225 0.00051709 0.355482 0.00057757 
5 0.9 77000000 5.05373 0.00546552 -2.77347 0.00370785 10.9027 0.020566 213.251 0.661307 0.000285826 0.00101032 -0.000729634 0.00101394 0.534225 0.00051709 0.355482 0.00057757 
5 0.9 77250000 5.05373 0.00546552 -2.77347 0.00370785 10.9027 0.020566 213.251 0.661307 0.000285826 0.00100981 -0.000729634 0.00101394 0.534225 0.00051709 0.355482 0.00057757 
5 0.9 77500000 5.05373 0.00546552 -2.77347 0.00370785 10.9027 0.020566 213.251 0.661307 0.000285826 0.00100939 -0.000729634 0.00101394 0.534225 0.00051709 0.355482 0.00057757 
5 0.9 77750000 5.05373 0.00546552 -2.77347 0.00370785 10.9027 0.020566 213.251 0.661307 0.000285826 0.00101054 -0.000729634 0.00101394 0.534225 0.00051709 0.355482 0.00057757 
5 0.9 78000000 5.05325 0.00543533 -2.77361 0.00370785 10.903 0.020566 213.278 0.661307 -0.000302019 0.00101517 -0.000385726 0.00100205 0.534233 0.00051709 0.355467 0.00057757 
5 0.9 78250000 5.05325 0.00543533 -2.77361 0.00370785 10.903 0.020566 213.278 0.661307 -0.000302019 0.00101212 -0.000385726 0.00100205 0.534233 0.00051709 0.355467 0.00057757 
5 0.9 78500000 5.05325 0.00543533 -2.77361 0.00370785 10.903 0.020566 213.278 0.661307 -0.000302019 0.00100882 -0.000385726 0.00100205 0.534233 0.00051709 0.355467 0.00057757 
5 0.9 78750000 5.05325 0.00543533 -2.77361 0.00370785 10.903 0.020566 213.278 0.661307 -0.000302019 0.00101063 -0.000385726 0.00100205 0.534233 0.00051709 0.355467 0.00057757 
5 0.9 79000000 5.05325 0.0054062 -2.77361 0.00370785 10.903 0.020566 213.278 0.661307 -0.000302019 0.00100815 -0.000385726 0.00100205 0.534233 0.00051709 0.355467 0.00057757 
5 0.9 79250000 5.05325 0.0054062 -2.77361 0.00370785 10.903 0.020566 213.278 0.661307 -0.000302019 0.00100501 -0.000385726 0.00100205 0.534233 0.00051709 0.355467 0.00057757 
5 0.9 79500000 5.05325 0.0054062 -2.77361 0.00370785 10.903 0.020566 213.278 0.661307 -0.000302019 0.00100185 -0.000385726 0.00100205 0.534233 0.00051709 0.355467 0.00057757 
5 0.9 79750000 5.05325 0.0054062 -2.77361 0.00370785 10.903 0.020566 213.278 0.661307 -0.000302019 0.000998651 -0.000385726 0.00100205 0.534233 0.00051709 0.355467 0.00057757 
5 0.9 80000000 5.05325 0.00539902 -2.77361 0.00370785 10.903 0.020566 213.278 0.661307 -0.000302019 0.000995854 -0.000385726 0.00101803 0.534233 0.00051709 0.355467 0.00057757 
5 0.9 80250000 5.05325 0.00539902 -2.77361 0.00370785 10.903 0.020566 213.278 0.661307 -0.000302019 0.000999306 -0.000385726 0.00101803 0.534233 0.00051709 0.355467 0.00057757 
5 0.9 80500000 5.05325 0.00539902 -2.77361 0.00370785 10.903 0.020566 213.278 0.661307 -0.000302019 0.001003 -0.000385726 0.00101803 0.534233 0.00051709 0.355467 0.00057757 
5 0.9 80750000 5.05325 0.00539902 -2.77361 0.00370785 10.903 0.020566 213.278 0.661307 -0.000302019 0.00100002 -0.000385726 0.00101803 0.534233 0.00051709 0.355467 0.00057757 
5 0.9 81000000 5.05325 0.00533177 -2.77361 0.00370785 10.903 0.020566 213.278 0.661307 -0.000302019 0.000999096 -0.000385726 0.00101803 0.534233 0.00051709 0.355467 0.00057757 
5 0.9 81250000 5.05325 0.00533177 -2.77361 0.00370785 10.903 0.020566 213.278 0.661307 -0.000302019 0.000997147 -0.000385726 0.00101803 0.534233 0.00051709 0.355467 0.00057757 
5 0.9 81500000 5.05325 0.00533177 -2.77361 0.00370785 10.903 0.020566 213.278 0.661307 -0.000302019 0.000994766 -0.000385726 0.00101803 0.534233 0.00051709 0.355467 0.00057757 
5 0.9 81750000 5.05325 0.00533177 -2.77361 0.00370785 10.903 0.020566 213.278 0.661307 -0.000302019 0.000994748 -0.000385726 0.00101803 0.534233 0.00051709 0.355467 0.00057757 
5 0.9 82000000 5.05239 0.00538285 -2.77436 0.00344355 10.9092 0.0195081 213.514 0.645392 7.03125e-05 0.00099185 -0.000638818 0.000993319 0.534351 0.000480528 0.355594 0.000530568 
5 0.9 82250000 5.05239 0.00538285 -2.77436 0.00344355 10.9092 0.0195081 213.514 0.645392 7.03125e-05 0.0009903 -0.000638818 0.000993319 0.534351 0.000480528 0.355594 0.000530568 
5 0.9 82500000 5.05239 0.00538285 -2.77436 0.00344355 10.9092 0.0195081 213.514 0.645392 7.03125e-05 0.00098728 -0.000638818 0.000993319 0.534351 0.000480528 0.355594 0.000530568 
5 0.9 82750000 5.05239 0.00538285 -2.77436 0.00344355 10.9092 0.0195081 213.514 0.645392 7.03125e-05 0.000994927 -0.000638818 0.000993319 0.534351 0.000480528 0.355594 0.000530568 
5 0.9 83000000 5.05239 0.00531741 -2.77436 0.00344355 10.9092 0.0195081 213.514 0.645392 7.03125e-05 0.000993071 -0.000638818 0.000993319 0.534351 0.000480528 0.355594 0.000530568 
5 0.9 83250000 5.05239 0.00531741 -2.77436 0.00344355 10.9092 0.0195081 213.514 0.645392 7.03125e-05 0.000990421 -0.000638818 0.000993319 0.534351 0.000480528 0.355594 0.000530568 
5 0.9 83500000 5.05239 0.00531741 -2.77436 0.00344355 10.9092 0.0195081 213.514 0.645392 7.03125e-05 0.000992944 -0.000638818 0.000993319 0.534351 0.000480528 0.355594 0.000530568 
5 0.9 83750000 5.05239 0.00531741 -2.77436 0.00344355 10.9092 0.0195081 213.514 0.645392 7.03125e-05 0.000989932 -0.000638818 0.000993319 0.534351 0.000480528 0.355594 0.000530568 
5 0.9 84000000 5.05239 0.00525666 -2.77436 0.00344355 10.9092 0.0195081 213.514 0.645392 7.03125e-05 0.000987581 -0.000638818 0.000977153 0.534351 0.000480528 0.355594 0.000530568 
5 0.9 84250000 5.05239 0.00525666 -2.77436 0.00344355 10.9092 0.0195081 213.514 0.645392 7.03125e-05 0.000984593 -0.000638818 0.000977153 0.534351 0.000480528 0.355594 0.000530568 
5 0.9 84500000 5.05239 0.00525666 -2.77436 0.00344355 10.9092 0.0195081 213.514 0.645392 7.03125e-05 0.000984593 -0.000638818 0.000977153 0.534351 0.000480528 0.355594 0.000530568 
5 0.9 84750000 5.05239 0.00525666 -2.77436 0.00344355 10.9092 0.0195081 213.514 0.645392 7.03125e-05 0.000987234 -0.000638818 0.000977153 0.534351 0.000480528 0.355594 0.000530568 
5 0.9 85000000 5.05239 0.00525666 -2.77436 0.00344355 10.9092 0.0195081 213.514 0.645392 7.03125e-05 0.000985435 -0.000638818 0.000977153 0.534351 0.000480528 0.355594 0.000530568 
5 0.9 85250000 5.05239 0.005194 -2.77436 0.00344355 10.9092 0.0195081 213.514 0.645392 7.03125e-05 0.000982955 -0.000638818 0.000977153 0.534351 0.000480528 0.355594 0.000530568 
5 0.9 85500000 5.05239 0.005194 -2.77436 0.00344355 10.9092 0.0195081 213.514 0.645392 7.03125e-05 0.000980485 -0.000638818 0.000977153 0.534351 0.000480528 0.355594 0.000530568 
5 0.9 85750000 5.05239 0.005194 -2.77436 0.00344355 10.9092 0.0195081 213.514 0.645392 7.03125e-05 0.000978764 -0.000638818 0.000977153 0.534351 0.000480528 0.355594 0.000530568 
5 0.9 86000000 5.05239 0.005194 -2.77436 0.00344355 10.9092 0.0195081 213.514 0.645392 7.03125e-05 0.000975857 -0.000638818 0.000977153 0.534351 0.000480528 0.355594 0.000530568 
5 0.9 86250000 5.05239 0.00513972 -2.77436 0.00344355 10.9092 0.0195081 213.514 0.645392 7.03125e-05 0.000973085 -0.000638818 0.000948766 0.534351 0.000480528 0.355594 0.000530568 
5 0.9 86500000 5.05239 0.00513972 -2.77436 0.00344355 10.9092 0.0195081 213.514 0.645392 7.03125e-05 0.00097096 -0.000638818 0.000948766 0.534351 0.000480528 0.355594 0.000530568 
5 0.9 86750000 5.05239 0.00513972 -2.77436 0.00344355 10.9092 0.0195081 213.514 0.645392 7.03125e-05 0.000969229 -0.000638818 0.000948766 0.534351 0.000480528 0.355594 0.000530568 
5 0.9 87000000 5.05239 0.00513972 -2.77436 0.00344355 10.9092 0.0195081 213.514 0.645392 7.03125e-05 0.000968244 -0.000638818 0.000948766 0.534351 0.000480528 0.355594 0.000530568 
5 0.9 87250000 5.05239 0.00509746 -2.77436 0.00344355 10.9092 0.0195081 213.514 0.645392 7.03125e-05 0.000965902 -0.000638818 0.000948766 0.534351 0.000480528 0.355594 0.000530568 
5 0.9 87500000 5.05239 0.00509746 -2.77436 0.00344355 10.9092 0.0195081 213.514 0.645392 7.03125e-05 0.000964188 -0.000638818 0.000948766 0.534351 0.000480528 0.355594 0.000530568 
5 0.9 87750000 5.05239 0.00509746 -2.77436 0.00344355 10.9092 0.0195081 213.514 0.645392 7.03125e-05 0.000965819 -0.000638818 0.000948766 0.534351 0.000480528 0.355594 0.000530568 
5 0.9 88000000 5.05239 0.00509746 -2.77436 0.00344355 10.9092 0.0195081 213.514 0.645392 7.03125e-05 0.000964974 -0.000638818 0.000948766 0.534351 0.000480528 0.355594 0.000530568 
5 0.9 88250000 5.05239 0.00507947 -2.77436 0.00344355 10.9092 0.0195081 213.514 0.645392 7.03125e-05 0.000963307 -0.000638818 0.000968168 0.534351 0.000480528 0.355594 0.000530568 
5 0.9 88500000 5.05239 0.00507947 -2.77436 0.00344355 10.9092 0.0195081 213.514 0.645392 7.03125e-05 0.000960955 -0.000638818 0.000968168 0.534351 0.000480528 0.355594 0.000530568 
5 0.9 88750000 5.05239 0.00507947 -2.77436 0.00344355 10.9092 0.0195081 213.514 0.645392 7.03125e-05 0.000958468 -0.000638818 0.000968168 0.534351 0.000480528 0.355594 0.000530568 
5 0.9 89000000 5.05239 0.00507947 -2.77436 0.00344355 10.9092 0.0195081 213.514 0.645392 7.03125e-05 0.000957071 -0.000638818 0.000968168 0.534351 0.000480528 0.355594 0.000530568 
5 0.9 89250000 5.05239 0.00502686 -2.77436 0.00344355 10.9092 0.0195081 213.514 0.645392 7.03125e-05 0.000955477 -0.000638818 0.000968168 0.534351 0.000480528 0.355594 0.000530568 
5 0.9 89500000 5.05239 0.00502686 -2.77436 0.00344355 10.9092 0.0195081 213.514 0.645392 7.03125e-05 0.000952824 -0.000638818 0.000968168 0.534351 0.000480528 0.355594 0.000530568 
5 0.9 89750000 5.05239 0.00502686 -2.77436 0.00344355 10.9092 0.0195081 213.514 0.645392 7.03125e-05 0.000953891 -0.000638818 0.000968168 0.534351 0.000480528 0.355594 0.000530568 
5 0.9 90000000 5.05239 0.00502686 -2.77436 0.00344355 10.9092 0.0195081 213.514 0.645392 7.03125e-05 0.000951179 -0.000638818 0.000968168 0.534351 0.000480528 0.355594 0.000530568 
5 0.9 90250000 5.05289 0.00496974 -2.77342 0.0032584 10.9071 0.0178467 213.549 0.593471 0.000374687 0.00094991 -0.00075958 0.000968248 0.534189 0.000463427 0.355486 0.000493125 
5 0.9 90500000 5.05289 0.00496974 -2.77342 0.0032584 10.9071 0.0178467 213.549 0.593471 0.000374687 0.000947827 -0.00075958 0.000968248 0.534189 0.000463427 0.355486 0.000493125 
5 0.9 90750000 5.05289 0.00496974 -2.77342 0.0032584 10.9071 0.0178467 213.549 0.593471 0.000374687 0.000945175 -0.00075958 0.000968248 0.534189 0.000463427 0.355486 0.000493125 
5 0.9 91000000 5.05289 0.00496974 -2.77342 0.0032584 10.9071 0.0178467 213.549 0.593471 0.000374687 0.000942565 -0.00075958 0.000968248 0.534189 0.000463427 0.355486 0.000493125 
5 0.9 91250000 5.05289 0.00491958 -2.77342 0.0032584 10.9071 0.0178467 213.549 0.593471 0.000374687 0.000941021 -0.00075958 0.000968248 0.534189 0.000463427 0.355486 0.000493125 
5 0.9 91500000 5.05289 0.00491958 -2.77342 0.0032584 10.9071 0.0178467 213.549 0.593471 0.000374687 0.000939222 -0.00075958 0.000968248 0.534189 0.000463427 0.355486 0.000493125 
5 0.9 91750000 5.05289 0.00491958 -2.77342 0.0032584 10.9071 0.0178467 213.549 0.593471 0.000374687 0.000938409 -0.00075958 0.000968248 0.534189 0.000463427 0.355486 0.000493125 
5 0.9 92000000 5.05289 0.00491958 -2.77342 0.0032584 10.9071 0.0178467 213.549 0.593471 0.000374687 0.000935992 -0.00075958 0.000968248 0.534189 0.000463427 0.355486 0.000493125 
5 0.9 92250000 5.05289 0.00487093 -2.77342 0.0032584 10.9071 0.0178467 213.549 0.593471 0.000374687 0.000933446 -0.00075958 0.000981569 0.534189 0.000463427 0.355486 0.000493125 
5 0.9 92500000 5.05289 0.00487093 -2.77342 0.0032584 10.9071 0.0178467 213.549 0.593471 0.000374687 0.000932041 -0.00075958 0.000981569 0.534189 0.000463427 0.355486 0.000493125 
5 0.9 92750000 5.05289 0.00487093 -2.77342 0.0032584 10.9071 0.0178467 213.549 0.593471 0.000374687 0.000929486 -0.00075958 0.000981569 0.534189 0.000463427 0.355486 0.000493125 
5 0.9 93000000 5.05289 0.00487093 -2.77342 0.0032584 10.9071 0.0178467 213.549 0.593471 0.000374687 0.000927715 -0.00075958 0.000981569 0.534189 0.000463427 0.355486 0.000493125 
5 0.9 93250000 5.05289 0.00481945 -2.77342 0.0032584 10.9071 0.0178467 213.549 0.593471 0.000374687 0.00092518 -0.00075958 0.000981569 0.534189 0.000463427 0.355486 0.000493125 
5 0.9 93500000 5.05289 0.00481945 -2.77342 0.0032584 10.9071 0.0178467 213.549 0.593471 0.000374687 0.000922653 -0.00075958 0.000981569 0.534189 0.000463427 0.355486 0.000493125 
5 0.9 93750000 5.05289 0.00481945 -2.77342 0.0032584 10.9071 0.0178467 213.549 0.593471 0.000374687 0.000920267 -0.00075958 0.000981569 0.534189 0.000463427 0.355486 0.000493125 
5 0.9 94000000 5.05289 0.00481945 -2.77342 0.0032584 10.9071 0.0178467 213.549 0.593471 0.000374687 0.000918475 -0.00075958 0.000981569 0.534189 0.000463427 0.355486 0.000493125 
5 0.9 94250000 5.05289 0.00477175 -2.77342 0.0032584 10.9071 0.0178467 213.549 0.587638 0.000374687 0.000916094 -0.00075958 0.000965262 0.534189 0.000463427 0.355486 0.000493125 
5 0.9 94500000 5.05289 0.00477175 -2.77342 0.0032584 10.9071 0.0178467 213.549 0.587638 0.000374687 0.00091363 -0.00075958 0.000965262 0.534189 0.000463427 0.355486 0.000493125 
5 0.9 94750000 5.05289 0.00477175 -2.77342 0.0032584 10.9071 0.0178467 213.549 0.587638 0.000374687 0.000911771 -0.00075958 0.000965262 0.534189 0.000463427 0.355486 0.000493125 
5 0.9 95000000 5.05289 0.00477175 -2.77342 0.0032584 10.9071 0.0178467 213.549 0.587638 0.000374687 0.000911771 -0.00075958 0.000965262 0.534189 0.000463427 0.355486 0.000493125 
5 0.9 95250000 5.05289 0.00477175 -2.77342 0.0032584 10.9071 0.0178467 213.549 0.587638 0.000374687 0.000909326 -0.00075958 0.000965262 0.534189 0.000463427 0.355486 0.000493125 
5 0.9 95500000 5.05289 0.00473062 -2.77342 0.0032584 10.9071 0.0178467 213.549 0.587638 0.000374687 0.000908188 -0.00075958 0.000965262 0.534189 0.000463427 0.355486 0.000493125 
5 0.9 95750000 5.05289 0.00473062 -2.77342 0.0032584 10.9071 0.0178467 213.549 0.587638 0.000374687 0.000906063 -0.00075958 0.000965262 0.534189 0.000463427 0.355486 0.000493125 
5 0.9 96000000 5.05289 0.00473062 -2.77342 0.0032584 10.9071 0.0178467 213.549 0.587638 0.000374687 0.000903705 -0.00075958 0.000965262 0.534189 0.000463427 0.355486 0.000493125 
5 0.9 96250000 5.05289 0.00473062 -2.77342 0.0032584 10.9071 0.0178467 213.549 0.587638 0.000374687 0.000901472 -0.00075958 0.000965262 0.534189 0.000463427 0.355486 0.000493125 
5 0.9 96500000 5.05289 0.00472806 -2.77342 0.0032584 10.9071 0.0178467 213.549 0.587638 0.000374687 0.000902512 -0.00075958 0.000955903 0.534189 0.000463427 0.355486 0.000493125 
5 0.9 96750000 5.05289 0.00472806 -2.77342 0.0032584 10.9071 0.0178467 213.549 0.587638 0.000374687 0.000900139 -0.00075958 0.000955903 0.534189 0.000463427 0.355486 0.000493125 
5 0.9 97000000 5.05289 0.00472806 -2.77342 0.0032584 10.9071 0.0178467 213.549 0.587638 0.000374687 0.000900536 -0.00075958 0.000955903 0.534189 0.000463427 0.355486 0.000493125 
5 0.9 97250000 5.05289 0.00472806 -2.77342 0.0032584 10.9071 0.0178467 213.549 0.587638 0.000374687 0.000898412 -0.00075958 0.000955903 0.534189 0.000463427 0.355486 0.000493125 
5 0.9 97500000 5.05289 0.00467985 -2.77342 0.0032584 10.9071 0.0178467 213.549 0.587638 0.000374687 0.000898249 -0.00075958 0.000955903 0.534189 0.000463427 0.355486 0.000493125 
5 0.9 97750000 5.05289 0.00467985 -2.77342 0.0032584 10.9071 0.0178467 213.549 0.587638 0.000374687 0.00089627 -0.00075958 0.000955903 0.534189 0.000463427 0.355486 0.000493125 
5 0.9 98000000 5.05289 0.00467985 -2.77342 0.0032584 10.9071 0.0178467 213.549 0.587638 0.000374687 0.000895726 -0.00075958 0.000955903 0.534189 0.000463427 0.355486 0.000493125 
5 0.9 98250000 5.05289 0.00467985 -2.77342 0.0032584 10.9071 0.0178467 213.549 0.587638 0.000374687 0.00089385 -0.00075958 0.000955903 0.534189 0.000463427 0.355486 0.000493125 
5 0.9 98500000 5.05327 0.0046441 -2.77389 0.00302162 10.9099 0.0166264 213.669 0.557687 0.000536452 0.000891909 -0.00129398 0.000948824 0.534217 0.000425655 0.355505 0.000452409 
5 0.9 98750000 5.05327 0.0046441 -2.77389 0.00302162 10.9099 0.0166264 213.669 0.557687 0.000536452 0.000891872 -0.00129398 0.000948824 0.534217 0.000425655 0.355505 0.000452409 
5 0.9 99000000 5.05327 0.0046441 -2.77389 0.00302162 10.9099 0.0166264 213.669 0.557687 0.000536452 0.000889767 -0.00129398 0.000948824 0.534217 0.000425655 0.355505 0.000452409 
5 0.9 99250000 5.05327 0.0046441 -2.77389 0.00302162 10.9099 0.0166264 213.669 0.557687 0.000536452 0.0008878 -0.00129398 0.000948824 0.534217 0.000425655 0.355505 0.000452409 
5 0.9 99500000 5.05327 0.004597 -2.77389 0.00302162 10.9099 0.0166264 213.669 0.557687 0.000536452 0.000887652 -0.00129398 0.000948824 0.534217 0.000425655 0.355505 0.000452409 
5 0.9 99750000 5.05327 0.004597 -2.77389 0.00302162 10.9099 0.0166264 213.669 0.557687 0.000536452 0.000885484 -0.00129398 0.000948824 0.534217 0.000425655 0.355505 0.000452409 
5 0.9 100000000 5.05327 0.004597 -2.77389 0.00302162 10.9099 0.0166264 213.669 0.557687 0.000536452 0.000883244 -0.00129398 0.000948824 0.534217 0.000425655 0.355505 0.000452409 
