L J MC_steps R2 R2_std E E_std E2 E2_std E4 E4_std Sin1 Sin1_std Cos1 Cos1_std Mag2 Mag2_std Mag4 Mag4_std
6 1.25 360000 5.17634 0.142983 -5.49258 0.0794119 34.118 0.793161 1565.09 59.1985 -0.0336453 0.0263913 -0.0216083 0.0288273 0.687625 0.00852931 0.519962 0.00997694 
6 1.25 720000 5.12612 0.0858998 -5.46684 0.0518317 33.7791 0.51753 1537.47 38.6011 -0.0210505 0.0165824 -0.010444 0.0205066 0.682461 0.00557361 0.512441 0.0065962 
6 1.25 1080000 5.06321 0.0682117 -5.49984 0.0404242 34.0576 0.407043 1556.79 30.4883 -0.0147113 0.0131279 -0.00418911 0.0199073 0.685285 0.00435065 0.514632 0.00516475 
6 1.25 1440000 4.97448 0.0660782 -5.53456 0.0336908 34.4769 0.338372 1591.48 25.9051 -0.0215945 0.0112763 -0.00920323 0.0163081 0.687121 0.00371022 0.517708 0.00435061 
6 1.25 1800000 5.01727 0.0561852 -5.52711 0.0294524 34.3719 0.295329 1578.53 22.8089 -0.00905396 0.0107854 -0.0101923 0.0128237 0.687828 0.00325385 0.518437 0.0038113 
6 1.25 2160000 5.03516 0.0741706 -5.5278 0.0262127 34.3555 0.262353 1576.04 22.5414 -0.0106205 0.00952066 -0.00801161 0.0111571 0.68754 0.0028895 0.517941 0.00338948 
6 1.25 2520000 5.02554 0.0620054 -5.53108 0.0240679 34.3897 0.24367 1579.25 20.0395 -0.0111767 0.00969951 -0.0126597 0.0100099 0.688197 0.00261676 0.518509 0.00308694 
6 1.25 2880000 5.01563 0.0558812 -5.53061 0.0240981 34.3802 0.247834 1579.27 18.4567 -0.00671264 0.00882167 -0.0113674 0.00899864 0.687691 0.00261033 0.517925 0.00303144 
6 1.25 3240000 4.98598 0.0498406 -5.54893 0.0245199 34.5468 0.245147 1591.56 18.298 -0.00534283 0.00801128 -0.0151135 0.00836777 0.689321 0.00258016 0.51981 0.00299249 
6 1.25 3600000 4.98232 0.0461974 -5.53896 0.0230116 34.4477 0.231005 1584.56 17.7652 -0.00610284 0.00778994 -0.0122623 0.00782716 0.6881 0.00246496 0.518383 0.00288501 
6 1.25 3960000 4.99316 0.0478512 -5.54027 0.0219362 34.4713 0.225977 1587.25 17.6946 -0.00547441 0.00757581 -0.00900565 0.00777379 0.688195 0.00225452 0.518646 0.00266022 
6 1.25 4320000 4.9755 0.0478512 -5.55214 0.0217477 34.5976 0.222601 1596.57 17.3424 -0.00773453 0.00720676 -0.0101464 0.00753355 0.689323 0.00226105 0.519961 0.00267112 
6 1.25 4680000 4.97917 0.0418732 -5.54482 0.0202541 34.5236 0.206695 1592.02 16.0581 -0.00761712 0.00684523 -0.00422559 0.00824107 0.688628 0.00213218 0.518998 0.00248638 
6 1.25 5040000 4.98407 0.0418732 -5.54353 0.0191555 34.5269 0.193835 1593.82 14.9664 -0.00689105 0.006714 -0.00538899 0.00768883 0.688235 0.00201103 0.518687 0.00232461 
6 1.25 5400000 4.97852 0.0358964 -5.54973 0.0181492 34.5666 0.184607 1595.18 14.2909 -0.00536914 0.00627744 -0.00297722 0.00750836 0.688833 0.00191961 0.519084 0.00222091 
6 1.25 5760000 4.98711 0.0358964 -5.54572 0.0174137 34.5065 0.17645 1588.97 13.6479 -0.00618169 0.00601406 -0.00341967 0.00702082 0.68843 0.00181646 0.518491 0.00211414 
6 1.25 6120000 4.98242 0.0316212 -5.54807 0.0170878 34.529 0.172284 1590.81 13.1847 -0.00623933 0.00578833 -0.00215487 0.00669498 0.688875 0.00176819 0.51885 0.00206779 
6 1.25 6480000 4.98173 0.0316212 -5.54954 0.0165237 34.5367 0.166616 1591.53 12.7197 -0.00640926 0.00560294 -0.00032048 0.00654764 0.689097 0.00169528 0.519101 0.00198234 
6 1.25 6840000 4.98448 0.0281748 -5.54844 0.0156656 34.5429 0.158285 1592.25 12.1507 -0.00567948 0.00542816 -0.00154989 0.00629825 0.688791 0.0016225 0.518863 0.00189601 
6 1.25 7200000 4.96998 0.0298099 -5.55298 0.0151902 34.6031 0.154292 1597.82 11.8984 -0.00585037 0.00527425 -0.000697907 0.00602411 0.689022 0.00158352 0.519272 0.0018571 
6 1.25 7560000 4.96377 0.0320805 -5.55329 0.014644 34.5957 0.148553 1597.07 11.5143 -0.00558414 0.00510283 -9.10397e-05 0.00575339 0.688857 0.00152956 0.518951 0.00179349 
6 1.25 7920000 4.96377 0.0320805 -5.55329 0.0142106 34.5957 0.143569 1597.07 11.0413 -0.00558414 0.00498102 -9.10397e-05 0.00556365 0.688857 0.00148278 0.518951 0.00174481 
6 1.25 8280000 4.95233 0.0311383 -5.55924 0.0138507 34.6598 0.142247 1601.04 11.027 -0.00476773 0.0049135 0.00171601 0.00537067 0.689252 0.00143903 0.519367 0.00169987 
6 1.25 8640000 4.95233 0.0311383 -5.55924 0.0133876 34.6598 0.136289 1601.04 10.6053 -0.00476773 0.00478435 0.00171601 0.00517273 0.689252 0.00140647 0.519367 0.00164994 
6 1.25 9000000 4.95679 0.0288612 -5.56286 0.013175 34.6975 0.133889 1603.53 10.3263 -0.00529166 0.00477772 0.00226163 0.00495772 0.689593 0.00137804 0.519937 0.00161961 
6 1.25 9360000 4.95679 0.0288612 -5.56286 0.0128868 34.6975 0.130813 1603.53 10.0533 -0.00529166 0.00482167 0.00226163 0.00477354 0.689593 0.00133184 0.519937 0.00156535 
6 1.25 9720000 4.95418 0.0267589 -5.5654 0.0126892 34.7275 0.129071 1605.89 9.8213 -0.0044833 0.00467508 0.00329108 0.00463465 0.68995 0.00130941 0.520412 0.00154636 
6 1.25 10080000 4.95418 0.0267589 -5.5654 0.0126048 34.7275 0.128467 1605.89 9.76157 -0.0044833 0.00457182 0.00329108 0.00454669 0.68995 0.00128857 0.520412 0.00151427 
6 1.25 10440000 4.95006 0.0251629 -5.56716 0.0124061 34.7547 0.126236 1608.72 9.55081 -0.0038566 0.00443284 0.00270912 0.00445601 0.68986 0.00127562 0.520354 0.00149125 
6 1.25 10800000 4.95006 0.0251629 -5.56716 0.0121376 34.7547 0.123401 1608.72 9.3199 -0.0038566 0.00442276 0.00270912 0.00435521 0.68986 0.00126084 0.520354 0.00147622 
6 1.25 11160000 4.94512 0.0239651 -5.57023 0.0118371 34.7803 0.120088 1610.06 9.04796 -0.00130314 0.00440022 0.00166592 0.00422865 0.690193 0.00124541 0.52074 0.0014562 
6 1.25 11520000 4.94512 0.0239651 -5.57023 0.0115667 34.7803 0.117828 1610.06 8.94728 -0.00130314 0.00430762 0.00166592 0.00411665 0.690193 0.00122961 0.52074 0.00143979 
6 1.25 11880000 4.93872 0.0233053 -5.5666 0.0116368 34.7495 0.118343 1608.76 8.95618 -0.00253862 0.00425024 0.00198537 0.00404945 0.689575 0.00125147 0.520045 0.00145194 
6 1.25 12240000 4.93872 0.0233053 -5.5666 0.0115039 34.7495 0.117151 1608.76 8.87229 -0.00253862 0.00417528 0.00198537 0.00393785 0.689575 0.00124842 0.520045 0.0014441 
6 1.25 12600000 4.9448 0.0227123 -5.55971 0.0112916 34.6764 0.116557 1602.87 8.93072 -0.00393875 0.00412141 0.00174493 0.00382418 0.688761 0.00123482 0.519187 0.00142462 
6 1.25 12960000 4.9448 0.0227123 -5.55971 0.0111911 34.6764 0.115855 1602.87 8.93072 -0.00393875 0.00402276 0.00174493 0.00380729 0.688761 0.00121486 0.519187 0.00139614 
6 1.25 13320000 4.94602 0.0214834 -5.55996 0.0112106 34.6733 0.115958 1602.12 9.0642 -0.00398646 0.00396296 0.000703345 0.00382342 0.688716 0.00121754 0.519083 0.00140369 
6 1.25 13680000 4.94602 0.0214834 -5.55996 0.0110377 34.6733 0.113483 1602.12 9.0642 -0.00398646 0.00388719 0.000703345 0.00381294 0.688716 0.00119821 0.519083 0.00138321 
6 1.25 14040000 4.94602 0.0214834 -5.55996 0.0108826 34.6733 0.113483 1602.12 9.0642 -0.00398646 0.00385312 0.000703345 0.00376221 0.688716 0.00118149 0.519083 0.00136296 
6 1.25 14400000 4.94588 0.0203531 -5.56102 0.0106146 34.6865 0.1105 1603.18 9.0642 -0.00456979 0.00378748 0.000348975 0.00383215 0.688952 0.00115353 0.519394 0.00133046 
6 1.25 14760000 4.94588 0.0203531 -5.56102 0.0104393 34.6865 0.109946 1603.18 9.0642 -0.00456979 0.0037179 0.000348975 0.00381741 0.688952 0.00113009 0.519394 0.00130204 
6 1.25 15120000 4.94653 0.0199622 -5.56171 0.0102578 34.6899 0.106302 1602.9 9.03998 -0.00449776 0.00378289 -0.00070416 0.00440307 0.688943 0.00111372 0.519303 0.00128708 
6 1.25 15480000 4.94653 0.0195638 -5.56171 0.0103123 34.6899 0.106214 1602.9 9.03998 -0.00449776 0.00370213 -0.00070416 0.00440307 0.688943 0.00112347 0.519303 0.00129494 
6 1.25 15840000 4.94653 0.0195638 -5.56171 0.0101466 34.6899 0.106214 1602.9 9.03998 -0.00449776 0.0036402 -0.00070416 0.00440307 0.688943 0.00110107 0.519303 0.00126977 
6 1.25 16200000 4.94653 0.0195638 -5.56171 0.0100146 34.6899 0.106214 1602.9 9.03998 -0.00449776 0.00357878 -0.00070416 0.00440307 0.688943 0.0010875 0.519303 0.00125614 
6 1.25 16560000 4.94855 0.0195638 -5.55628 0.00999475 34.6321 0.106497 1598.5 9.03998 -0.00287498 0.00353569 -0.000147804 0.00440307 0.688279 0.00108336 0.518481 0.00127101 
6 1.25 16920000 4.94855 0.0195638 -5.55628 0.00977734 34.6321 0.106497 1598.5 9.03998 -0.00287498 0.00349342 -0.000147804 0.00440307 0.688279 0.00108255 0.518481 0.00127101 
6 1.25 17280000 4.94855 0.0195638 -5.55628 0.00969683 34.6321 0.106497 1598.5 9.03998 -0.00287498 0.00346804 -0.000147804 0.00440307 0.688279 0.00108255 0.518481 0.00127101 
6 1.25 17640000 4.94855 0.0195638 -5.55628 0.00969683 34.6321 0.106497 1598.5 9.03998 -0.00287498 0.00342588 -0.000147804 0.00440307 0.688279 0.00108255 0.518481 0.00127101 
6 1.25 18000000 4.95007 0.0179084 -5.5559 0.00930621 34.6159 0.111396 1596.4 9.5898 -0.00299727 0.00339658 -0.0023985 0.0039819 0.68822 0.00101082 0.518254 0.0011975 
6 1.25 18360000 4.95007 0.0176989 -5.5559 0.00930621 34.6159 0.111396 1596.4 9.5898 -0.00299727 0.00334628 -0.0023985 0.0039819 0.68822 0.000999458 0.518254 0.0011975 
6 1.25 18720000 4.95007 0.0177396 -5.5559 0.00930621 34.6159 0.111396 1596.4 9.5898 -0.00299727 0.00330679 -0.0023985 0.0039819 0.68822 0.000993952 0.518254 0.0011975 
6 1.25 19080000 4.95007 0.0175361 -5.5559 0.00930621 34.6159 0.111396 1596.4 9.5898 -0.00299727 0.00327109 -0.0023985 0.0039819 0.68822 0.000993952 0.518254 0.0011975 
6 1.25 19440000 4.94708 0.0172049 -5.55771 0.00930621 34.6355 0.111396 1598.06 9.5898 -0.00226396 0.00322298 -0.00486541 0.00401967 0.68852 0.000961575 0.51863 0.0011975 
6 1.25 19800000 4.94708 0.0171391 -5.55771 0.00930621 34.6355 0.111396 1598.06 9.5898 -0.00226396 0.00319477 -0.00486541 0.00401967 0.68852 0.000961575 0.51863 0.0011975 
6 1.25 20160000 4.94708 0.0166577 -5.55771 0.00930621 34.6355 0.111396 1598.06 9.5898 -0.00226396 0.00315743 -0.00486541 0.00401967 0.68852 0.000961575 0.51863 0.0011975 
6 1.25 20520000 4.94708 0.0166204 -5.55771 0.00930621 34.6355 0.111396 1598.06 9.5898 -0.00226396 0.00311963 -0.00486541 0.00401967 0.68852 0.000961575 0.51863 0.0011975 
6 1.25 20880000 4.94821 0.0160778 -5.55655 0.00828282 34.6302 0.0963985 1598.32 8.40865 -0.00262936 0.00308603 -0.00547277 0.00444409 0.688455 0.000925343 0.518557 0.00108111 
6 1.25 21240000 4.94821 0.0160376 -5.55655 0.00814764 34.6302 0.0963985 1598.32 8.40865 -0.00262936 0.00305852 -0.00547277 0.00444409 0.688455 0.000910718 0.518557 0.00107212 
6 1.25 21600000 4.94821 0.0156042 -5.55655 0.0080693 34.6302 0.0963985 1598.32 8.40865 -0.00262936 0.00302727 -0.00547277 0.00444409 0.688455 0.00089866 0.518557 0.00107212 
6 1.25 21960000 4.94821 0.0155992 -5.55655 0.00806368 34.6302 0.0963985 1598.32 8.40865 -0.00262936 0.00299838 -0.00547277 0.00444409 0.688455 0.000895912 0.518557 0.00107212 
6 1.25 22320000 4.95309 0.0153583 -5.55526 0.00799986 34.6127 0.0963985 1596.65 8.40865 -0.00409032 0.00297791 -0.00571124 0.00444409 0.688448 0.00088306 0.518512 0.00106399 
6 1.25 22680000 4.95309 0.0153583 -5.55526 0.00805473 34.6127 0.0963985 1596.65 8.40865 -0.00409032 0.00296381 -0.00571124 0.00444409 0.688448 0.000896027 0.518512 0.00106399 
6 1.25 23040000 4.95309 0.0148668 -5.55526 0.00799986 34.6127 0.0963985 1596.65 8.40865 -0.00409032 0.00293495 -0.00571124 0.00444409 0.688448 0.000885184 0.518512 0.00106399 
6 1.25 23400000 4.95309 0.0148668 -5.55526 0.00799986 34.6127 0.0963985 1596.65 8.40865 -0.00409032 0.00290767 -0.00571124 0.00444409 0.688448 0.000878047 0.518512 0.00106399 
6 1.25 23760000 4.9556 0.0145579 -5.55617 0.00787633 34.6208 0.0848039 1597.51 7.39622 -0.00364989 0.00287055 -0.00518623 0.00389781 0.688492 0.00087319 0.51856 0.00102006 
6 1.25 24120000 4.9556 0.0145579 -5.55617 0.00783571 34.6208 0.0848039 1597.51 7.39622 -0.00364989 0.00287192 -0.00518623 0.00389781 0.688492 0.000870808 0.51856 0.00101176 
6 1.25 24480000 4.9556 0.0143335 -5.55617 0.00777253 34.6208 0.0848039 1597.51 7.39622 -0.00364989 0.00283791 -0.00518623 0.00389781 0.688492 0.000860762 0.51856 0.0010074 
6 1.25 24840000 4.9556 0.0143335 -5.55617 0.00767589 34.6208 0.0848039 1597.51 7.39622 -0.00364989 0.00282313 -0.00518623 0.00389781 0.688492 0.00085193 0.51856 0.000998154 
6 1.25 25200000 4.95025 0.0143335 -5.55834 0.00759348 34.6461 0.0848039 1599.75 7.39622 -0.00369636 0.00280377 -0.00445206 0.00389781 0.6887 0.000852437 0.518789 0.000992541 
6 1.25 25560000 4.95025 0.0143335 -5.55834 0.00758805 34.6461 0.0848039 1599.75 7.39622 -0.00369636 0.00277634 -0.00445206 0.00389781 0.6887 0.000846393 0.518789 0.0009854 
6 1.25 25920000 4.95025 0.0144662 -5.55834 0.00752448 34.6461 0.0848039 1599.75 7.39622 -0.00369636 0.0027586 -0.00445206 0.00389781 0.6887 0.000835113 0.518789 0.000971843 
6 1.25 26280000 4.95025 0.0143335 -5.55834 0.00750729 34.6461 0.0848039 1599.75 7.39622 -0.00369636 0.00273045 -0.00445206 0.00389781 0.6887 0.00083038 0.518789 0.000964634 
6 1.25 26640000 4.94911 0.0141326 -5.55849 0.00745544 34.6458 0.078985 1599.54 6.8477 -0.00299699 0.00269697 -0.00376341 0.00371534 0.688668 0.000820384 0.51876 0.000953013 
6 1.25 27000000 4.94911 0.0141326 -5.55849 0.00736935 34.6458 0.078985 1599.54 6.8477 -0.00299699 0.00267964 -0.00376341 0.00371534 0.688668 0.000810264 0.51876 0.000941257 
6 1.25 27360000 4.94911 0.0141326 -5.55849 0.00729796 34.6458 0.078985 1599.54 6.8477 -0.00299699 0.00267293 -0.00376341 0.00371534 0.688668 0.000806768 0.51876 0.000936424 
6 1.25 27720000 4.94911 0.0141326 -5.55849 0.00721147 34.6458 0.078985 1599.54 6.8477 -0.00299699 0.0026497 -0.00376341 0.00371534 0.688668 0.00079801 0.51876 0.000926857 
6 1.25 28080000 4.94788 0.0141326 -5.55614 0.0071537 34.6169 0.078985 1596.97 6.8477 -0.00367351 0.00261587 -0.0041296 0.00371534 0.688501 0.000788108 0.518484 0.000917369 
6 1.25 28440000 4.94788 0.0141326 -5.55614 0.00706839 34.6169 0.078985 1596.97 6.8477 -0.00367351 0.00258628 -0.0041296 0.00371534 0.688501 0.000778535 0.518484 0.000906502 
6 1.25 28800000 4.94788 0.0141326 -5.55614 0.00703529 34.6169 0.078985 1596.97 6.8477 -0.00367351 0.00255977 -0.0041296 0.00371534 0.688501 0.000774478 0.518484 0.000906172 
6 1.25 29160000 4.94788 0.0141326 -5.55614 0.00703315 34.6169 0.078985 1596.97 6.8477 -0.00367351 0.00255435 -0.0041296 0.00371534 0.688501 0.000766492 0.518484 0.000897902 
6 1.25 29520000 4.94788 0.0141326 -5.55614 0.00698822 34.6169 0.078985 1596.97 6.8477 -0.00367351 0.00253934 -0.0041296 0.00371534 0.688501 0.000764322 0.518484 0.000892711 
6 1.25 29880000 4.94907 0.0152452 -5.55756 0.00752096 34.6347 0.0913467 1598.28 7.9675 -0.00291955 0.00251435 -0.00350893 0.003459 0.688684 0.000760293 0.518745 0.0009777 
6 1.25 30240000 4.94907 0.0152452 -5.55756 0.00752096 34.6347 0.0913467 1598.28 7.9675 -0.00291955 0.00249329 -0.00350893 0.003459 0.688684 0.000759453 0.518745 0.0009777 
6 1.25 30600000 4.94907 0.0152452 -5.55756 0.00752096 34.6347 0.0913467 1598.28 7.9675 -0.00291955 0.00247024 -0.00350893 0.003459 0.688684 0.000757191 0.518745 0.0009777 
6 1.25 30960000 4.94907 0.0152452 -5.55756 0.00752096 34.6347 0.0913467 1598.28 7.9675 -0.00291955 0.00244355 -0.00350893 0.003459 0.688684 0.000752195 0.518745 0.0009777 
6 1.25 31320000 4.94907 0.0152452 -5.55756 0.00752096 34.6347 0.0913467 1598.28 7.9675 -0.00291955 0.00242299 -0.00350893 0.003459 0.688684 0.000754634 0.518745 0.0009777 
6 1.25 31680000 4.94907 0.0152452 -5.55756 0.00752096 34.6347 0.0913467 1598.28 7.9675 -0.00291955 0.00240136 -0.00350893 0.003459 0.688684 0.000751357 0.518745 0.0009777 
6 1.25 32040000 4.94907 0.0152452 -5.55756 0.00752096 34.6347 0.0913467 1598.28 7.9675 -0.00291955 0.00238625 -0.00350893 0.003459 0.688684 0.000744179 0.518745 0.0009777 
6 1.25 32400000 4.94907 0.0152452 -5.55756 0.00752096 34.6347 0.0913467 1598.28 7.9675 -0.00291955 0.0023724 -0.00350893 0.003459 0.688684 0.000737765 0.518745 0.0009777 
6 1.25 32760000 4.95053 0.0152452 -5.55947 0.00752096 34.6603 0.0913467 1600.77 7.9675 -0.00338966 0.0023595 -0.00251543 0.003459 0.688849 0.000737765 0.519028 0.0009777 
6 1.25 33120000 4.95053 0.0152452 -5.55947 0.00752096 34.6603 0.0913467 1600.77 7.9675 -0.00338966 0.00233919 -0.00251543 0.003459 0.688849 0.000737765 0.519028 0.0009777 
6 1.25 33480000 4.95053 0.0152452 -5.55947 0.00752096 34.6603 0.0913467 1600.77 7.9675 -0.00338966 0.00232558 -0.00251543 0.003459 0.688849 0.000737765 0.519028 0.0009777 
6 1.25 33840000 4.95053 0.0152452 -5.55947 0.00752096 34.6603 0.0913467 1600.77 7.9675 -0.00338966 0.00231655 -0.00251543 0.003459 0.688849 0.000737765 0.519028 0.0009777 
6 1.25 34200000 4.95053 0.0152452 -5.55947 0.00752096 34.6603 0.0913467 1600.77 7.9675 -0.00338966 0.00229628 -0.00251543 0.003459 0.688849 0.000737765 0.519028 0.0009777 
6 1.25 34560000 4.95053 0.0152452 -5.55947 0.00752096 34.6603 0.0913467 1600.77 7.9675 -0.00338966 0.00227811 -0.00251543 0.003459 0.688849 0.000737765 0.519028 0.0009777 
6 1.25 34920000 4.95053 0.0152452 -5.55947 0.00752096 34.6603 0.0913467 1600.77 7.9675 -0.00338966 0.00227461 -0.00251543 0.003459 0.688849 0.000737765 0.519028 0.0009777 
6 1.25 35280000 4.95053 0.0152452 -5.55947 0.00752096 34.6603 0.0913467 1600.77 7.9675 -0.00338966 0.00227629 -0.00251543 0.003459 0.688849 0.000737765 0.519028 0.0009777 
6 1.25 35640000 4.94578 0.0130549 -5.56366 0.00838601 34.7049 0.0995138 1603.91 8.39643 -0.00336567 0.00227296 -0.00181349 0.00327173 0.689397 0.000895504 0.519687 0.00118434 
6 1.25 36000000 4.94578 0.0130549 -5.56366 0.00838601 34.7049 0.0995138 1603.91 8.39643 -0.00336567 0.00225745 -0.00181349 0.00327173 0.689397 0.000895504 0.519687 0.00118434 
6 1.25 36360000 4.94578 0.0130549 -5.56366 0.00838601 34.7049 0.0995138 1603.91 8.39643 -0.00336567 0.00224381 -0.00181349 0.00327173 0.689397 0.000895504 0.519687 0.00118434 
6 1.25 36720000 4.94578 0.0130549 -5.56366 0.00838601 34.7049 0.0995138 1603.91 8.39643 -0.00336567 0.00224235 -0.00181349 0.00327173 0.689397 0.000895504 0.519687 0.00118434 
6 1.25 37080000 4.94578 0.0130549 -5.56366 0.00838601 34.7049 0.0995138 1603.91 8.39643 -0.00336567 0.00222638 -0.00181349 0.00327173 0.689397 0.000895504 0.519687 0.00118434 
6 1.25 37440000 4.94578 0.0130549 -5.56366 0.00838601 34.7049 0.0995138 1603.91 8.39643 -0.00336567 0.00221718 -0.00181349 0.00327173 0.689397 0.000895504 0.519687 0.00118434 
6 1.25 37800000 4.94578 0.0130549 -5.56366 0.00838601 34.7049 0.0995138 1603.91 8.39643 -0.00336567 0.00219846 -0.00181349 0.00327173 0.689397 0.000895504 0.519687 0.00118434 
6 1.25 38160000 4.94578 0.0130549 -5.56366 0.00838601 34.7049 0.0995138 1603.91 8.39643 -0.00336567 0.00219525 -0.00181349 0.00327173 0.689397 0.000895504 0.519687 0.00118434 
6 1.25 38520000 4.94563 0.0130549 -5.56382 0.00838601 34.7107 0.0995138 1604.56 8.39643 -0.00395458 0.00218377 -0.00212966 0.00327173 0.689333 0.000895504 0.519642 0.00118434 
6 1.25 38880000 4.94563 0.0130549 -5.56382 0.00838601 34.7107 0.0995138 1604.56 8.39643 -0.00395458 0.00218048 -0.00212966 0.00327173 0.689333 0.000895504 0.519642 0.00118434 
6 1.25 39240000 4.94563 0.0130549 -5.56382 0.00838601 34.7107 0.0995138 1604.56 8.39643 -0.00395458 0.00216547 -0.00212966 0.00327173 0.689333 0.000895504 0.519642 0.00118434 
6 1.25 39600000 4.94563 0.0130549 -5.56382 0.00838601 34.7107 0.0995138 1604.56 8.39643 -0.00395458 0.0021561 -0.00212966 0.00327173 0.689333 0.000895504 0.519642 0.00118434 
6 1.25 39960000 4.94563 0.0130549 -5.56382 0.00838601 34.7107 0.0995138 1604.56 8.39643 -0.00395458 0.00214439 -0.00212966 0.00327173 0.689333 0.000895504 0.519642 0.00118434 
6 1.25 40320000 4.94563 0.0130549 -5.56382 0.00838601 34.7107 0.0995138 1604.56 8.39643 -0.00395458 0.00213537 -0.00212966 0.00327173 0.689333 0.000895504 0.519642 0.00118434 
6 1.25 40680000 4.94563 0.0130549 -5.56382 0.00838601 34.7107 0.0995138 1604.56 8.39643 -0.00395458 0.00212156 -0.00212966 0.00327173 0.689333 0.000895504 0.519642 0.00118434 
6 1.25 41040000 4.94563 0.0130549 -5.56382 0.00838601 34.7107 0.0995138 1604.56 8.39643 -0.00395458 0.00211068 -0.00212966 0.00327173 0.689333 0.000895504 0.519642 0.00118434 
6 1.25 41400000 4.94948 0.0117025 -5.56569 0.00742941 34.7232 0.0869627 1604.85 7.24929 -0.00350156 0.00210786 -0.00185736 0.00280463 0.68958 0.000786033 0.519938 0.00104145 
6 1.25 41760000 4.94948 0.0117025 -5.56569 0.00742941 34.7232 0.0869627 1604.85 7.24929 -0.00350156 0.00209226 -0.00185736 0.00280463 0.68958 0.000786033 0.519938 0.00104145 
6 1.25 42120000 4.94948 0.0117025 -5.56569 0.00742941 34.7232 0.0869627 1604.85 7.24929 -0.00350156 0.00208465 -0.00185736 0.00280463 0.68958 0.000786033 0.519938 0.00104145 
6 1.25 42480000 4.94948 0.0117025 -5.56569 0.00742941 34.7232 0.0869627 1604.85 7.24929 -0.00350156 0.0020702 -0.00185736 0.00280463 0.68958 0.000786033 0.519938 0.00104145 
6 1.25 42840000 4.94948 0.0117025 -5.56569 0.00742941 34.7232 0.0869627 1604.85 7.24929 -0.00350156 0.0020658 -0.00185736 0.00280463 0.68958 0.000786033 0.519938 0.00104145 
6 1.25 43200000 4.94948 0.0117025 -5.56569 0.00742941 34.7232 0.0869627 1604.85 7.24929 -0.00350156 0.00205865 -0.00185736 0.00280463 0.68958 0.000786033 0.519938 0.00104145 
6 1.25 43560000 4.94948 0.0117025 -5.56569 0.00742941 34.7232 0.0869627 1604.85 7.24929 -0.00350156 0.00206342 -0.00185736 0.00280463 0.68958 0.000786033 0.519938 0.00104145 
6 1.25 43920000 4.94948 0.0117025 -5.56569 0.00742941 34.7232 0.0869627 1604.85 7.24929 -0.00350156 0.00205298 -0.00185736 0.00280463 0.68958 0.000786033 0.519938 0.00104145 
6 1.25 44280000 4.94723 0.0117025 -5.56626 0.00742941 34.7348 0.0869627 1605.94 7.24929 -0.00360878 0.0020521 -0.00331983 0.00280934 0.689669 0.000786033 0.520075 0.00104145 
6 1.25 44640000 4.94723 0.0117025 -5.56626 0.00742941 34.7348 0.0869627 1605.94 7.24929 -0.00360878 0.00204164 -0.00331983 0.00280934 0.689669 0.000786033 0.520075 0.00104145 
6 1.25 45000000 4.94723 0.0117025 -5.56626 0.00742941 34.7348 0.0869627 1605.94 7.24929 -0.00360878 0.00203665 -0.00331983 0.00280934 0.689669 0.000786033 0.520075 0.00104145 
6 1.25 45360000 4.94723 0.0117025 -5.56626 0.00742941 34.7348 0.0869627 1605.94 7.24929 -0.00360878 0.00202875 -0.00331983 0.00280934 0.689669 0.000786033 0.520075 0.00104145 
6 1.25 45720000 4.94723 0.0117025 -5.56626 0.00742941 34.7348 0.0869627 1605.94 7.24929 -0.00360878 0.00201542 -0.00331983 0.00280934 0.689669 0.000786033 0.520075 0.00104145 
6 1.25 46080000 4.94723 0.0117025 -5.56626 0.00742941 34.7348 0.0869627 1605.94 7.24929 -0.00360878 0.00200676 -0.00331983 0.00280934 0.689669 0.000786033 0.520075 0.00104145 
6 1.25 46440000 4.94723 0.0117025 -5.56626 0.00742941 34.7348 0.0869627 1605.94 7.24929 -0.00360878 0.00195962 -0.00331983 0.00280934 0.689669 0.000786033 0.520075 0.00104145 
6 1.25 46800000 4.94723 0.0117025 -5.56626 0.00742941 34.7348 0.0869627 1605.94 7.24929 -0.00360878 0.00194736 -0.00331983 0.00280934 0.689669 0.000786033 0.520075 0.00104145 
6 1.25 47160000 4.94723 0.0117025 -5.56626 0.00742941 34.7348 0.0869627 1605.94 7.24929 -0.00360878 0.00193785 -0.00331983 0.00280934 0.689669 0.000786033 0.520075 0.00104145 
6 1.25 47520000 4.94437 0.0113019 -5.5674 0.00669391 34.7465 0.079139 1606.67 6.56697 -0.00358946 0.00192539 -0.00252413 0.00274413 0.689754 0.000706674 0.520149 0.000932316 
6 1.25 47880000 4.94437 0.0113019 -5.5674 0.00669391 34.7465 0.079139 1606.67 6.56697 -0.00358946 0.00191626 -0.00252413 0.00274413 0.689754 0.000706674 0.520149 0.000932316 
6 1.25 48240000 4.94437 0.0113019 -5.5674 0.00669391 34.7465 0.079139 1606.67 6.56697 -0.00358946 0.00191349 -0.00252413 0.00274413 0.689754 0.000706674 0.520149 0.000932316 
6 1.25 48600000 4.94437 0.0113019 -5.5674 0.00669391 34.7465 0.079139 1606.67 6.56697 -0.00358946 0.00190299 -0.00252413 0.00274413 0.689754 0.000706674 0.520149 0.000932316 
6 1.25 48960000 4.94437 0.0113019 -5.5674 0.00669391 34.7465 0.079139 1606.67 6.56697 -0.00358946 0.00189183 -0.00252413 0.00274413 0.689754 0.000706674 0.520149 0.000932316 
6 1.25 49320000 4.94437 0.0113019 -5.5674 0.00669391 34.7465 0.079139 1606.67 6.56697 -0.00358946 0.00189178 -0.00252413 0.00274413 0.689754 0.000706674 0.520149 0.000932316 
6 1.25 49680000 4.94437 0.0113019 -5.5674 0.00669391 34.7465 0.079139 1606.67 6.56697 -0.00358946 0.00188211 -0.00252413 0.00274413 0.689754 0.000706674 0.520149 0.000932316 
6 1.25 50040000 4.94437 0.0113019 -5.5674 0.00669391 34.7465 0.079139 1606.67 6.56697 -0.00358946 0.00187196 -0.00252413 0.00274413 0.689754 0.000706674 0.520149 0.000932316 
6 1.25 50400000 4.94426 0.0113019 -5.56711 0.00669391 34.7362 0.079139 1605.17 6.56697 -0.00401977 0.00186249 -0.00260111 0.00258379 0.68973 0.000706674 0.520038 0.000932316 
6 1.25 50760000 4.94426 0.0113019 -5.56711 0.00669391 34.7362 0.079139 1605.17 6.56697 -0.00401977 0.00186516 -0.00260111 0.00258379 0.68973 0.000706674 0.520038 0.000932316 
6 1.25 51120000 4.94426 0.0113019 -5.56711 0.00669391 34.7362 0.079139 1605.17 6.56697 -0.00401977 0.00185178 -0.00260111 0.00258379 0.68973 0.000706674 0.520038 0.000932316 
6 1.25 51480000 4.94426 0.0113019 -5.56711 0.00669391 34.7362 0.079139 1605.17 6.56697 -0.00401977 0.00184115 -0.00260111 0.00258379 0.68973 0.000706674 0.520038 0.000932316 
6 1.25 51840000 4.94426 0.0113019 -5.56711 0.00669391 34.7362 0.079139 1605.17 6.56697 -0.00401977 0.00183076 -0.00260111 0.00258379 0.68973 0.000706674 0.520038 0.000932316 
6 1.25 52200000 4.94426 0.0113019 -5.56711 0.00669391 34.7362 0.079139 1605.17 6.56697 -0.00401977 0.00182319 -0.00260111 0.00258379 0.68973 0.000706674 0.520038 0.000932316 
6 1.25 52560000 4.94426 0.0113019 -5.56711 0.00669391 34.7362 0.079139 1605.17 6.56697 -0.00401977 0.00182032 -0.00260111 0.00258379 0.68973 0.000706674 0.520038 0.000932316 
6 1.25 52920000 4.94426 0.0113019 -5.56711 0.00669391 34.7362 0.079139 1605.17 6.56697 -0.00401977 0.00181138 -0.00260111 0.00258379 0.68973 0.000706674 0.520038 0.000932316 
6 1.25 53280000 4.94472 0.0100516 -5.56762 0.00595379 34.7379 0.0708088 1605.31 5.97471 -0.00455641 0.00180726 -0.00262269 0.00244033 0.68971 0.000629495 0.51998 0.000843928 
6 1.25 53640000 4.94472 0.0100516 -5.56762 0.00595379 34.7379 0.0708088 1605.31 5.97471 -0.00455641 0.00180178 -0.00262269 0.00244033 0.68971 0.000629495 0.51998 0.000843928 
6 1.25 54000000 4.94472 0.0100516 -5.56762 0.00595379 34.7379 0.0708088 1605.31 5.97471 -0.00455641 0.00179795 -0.00262269 0.00244033 0.68971 0.000629495 0.51998 0.000843928 
6 1.25 54360000 4.94472 0.0100516 -5.56762 0.00595379 34.7379 0.0708088 1605.31 5.97471 -0.00455641 0.00179297 -0.00262269 0.00244033 0.68971 0.000629495 0.51998 0.000843928 
6 1.25 54720000 4.94472 0.0100516 -5.56762 0.00595379 34.7379 0.0708088 1605.31 5.97471 -0.00455641 0.00178829 -0.00262269 0.00244033 0.68971 0.000629495 0.51998 0.000843928 
6 1.25 55080000 4.94472 0.0100516 -5.56762 0.00595379 34.7379 0.0708088 1605.31 5.97471 -0.00455641 0.00177639 -0.00262269 0.00244033 0.68971 0.000629495 0.51998 0.000843928 
6 1.25 55440000 4.94472 0.0100516 -5.56762 0.00595379 34.7379 0.0708088 1605.31 5.97471 -0.00455641 0.00177092 -0.00262269 0.00244033 0.68971 0.000629495 0.51998 0.000843928 
6 1.25 55800000 4.94472 0.0100516 -5.56762 0.00595379 34.7379 0.0708088 1605.31 5.97471 -0.00455641 0.00176199 -0.00262269 0.00244033 0.68971 0.000629495 0.51998 0.000843928 
6 1.25 56160000 4.94183 0.0100516 -5.56924 0.00595379 34.753 0.0708088 1606.13 5.97471 -0.00445234 0.00175519 -0.0025923 0.00231208 0.68985 0.000629495 0.520147 0.000843928 
6 1.25 56520000 4.94183 0.0100516 -5.56924 0.00595379 34.753 0.0708088 1606.13 5.97471 -0.00445234 0.00174465 -0.0025923 0.00231208 0.68985 0.000629495 0.520147 0.000843928 
6 1.25 56880000 4.94183 0.0100516 -5.56924 0.00595379 34.753 0.0708088 1606.13 5.97471 -0.00445234 0.00173722 -0.0025923 0.00231208 0.68985 0.000629495 0.520147 0.000843928 
6 1.25 57240000 4.94183 0.0100516 -5.56924 0.00595379 34.753 0.0708088 1606.13 5.97471 -0.00445234 0.00173233 -0.0025923 0.00231208 0.68985 0.000629495 0.520147 0.000843928 
6 1.25 57600000 4.94183 0.0100516 -5.56924 0.00595379 34.753 0.0708088 1606.13 5.97471 -0.00445234 0.00172452 -0.0025923 0.00231208 0.68985 0.000629495 0.520147 0.000843928 
6 1.25 57960000 4.94183 0.0100516 -5.56924 0.00595379 34.753 0.0708088 1606.13 5.97471 -0.00445234 0.00171468 -0.0025923 0.00231208 0.68985 0.000629495 0.520147 0.000843928 
6 1.25 58320000 4.94183 0.0100516 -5.56924 0.00595379 34.753 0.0708088 1606.13 5.97471 -0.00445234 0.00170533 -0.0025923 0.00231208 0.68985 0.000629495 0.520147 0.000843928 
6 1.25 58680000 4.94183 0.0100516 -5.56924 0.00595379 34.753 0.0708088 1606.13 5.97471 -0.00445234 0.00170494 -0.0025923 0.00231208 0.68985 0.000629495 0.520147 0.000843928 
6 1.25 59040000 4.93994 0.0101169 -5.57016 0.0059152 34.766 0.0691035 1607.39 5.72628 -0.00476767 0.00170008 -0.00269616 0.00266659 0.68988 0.00060333 0.520196 0.000786794 
6 1.25 59400000 4.93994 0.0101169 -5.57016 0.0059152 34.766 0.0691035 1607.39 5.72628 -0.00476767 0.00170005 -0.00269616 0.00266659 0.68988 0.00060333 0.520196 0.000786794 
6 1.25 59760000 4.93994 0.0101169 -5.57016 0.0059152 34.766 0.0691035 1607.39 5.72628 -0.00476767 0.00169955 -0.00269616 0.00266659 0.68988 0.00060333 0.520196 0.000786794 
6 1.25 60120000 4.93994 0.0101169 -5.57016 0.0059152 34.766 0.0691035 1607.39 5.72628 -0.00476767 0.00169409 -0.00269616 0.00266659 0.68988 0.00060333 0.520196 0.000786794 
6 1.25 60480000 4.93994 0.0101169 -5.57016 0.0059152 34.766 0.0691035 1607.39 5.72628 -0.00476767 0.00168432 -0.00269616 0.00266659 0.68988 0.00060333 0.520196 0.000786794 
6 1.25 60840000 4.93994 0.0101169 -5.57016 0.0059152 34.766 0.0691035 1607.39 5.72628 -0.00476767 0.00169015 -0.00269616 0.00266659 0.68988 0.00060333 0.520196 0.000786794 
6 1.25 61200000 4.93994 0.0101169 -5.57016 0.0059152 34.766 0.0691035 1607.39 5.72628 -0.00476767 0.00168176 -0.00269616 0.00266659 0.68988 0.00060333 0.520196 0.000786794 
6 1.25 61560000 4.93994 0.0101169 -5.57016 0.0059152 34.766 0.0691035 1607.39 5.72628 -0.00476767 0.00167841 -0.00269616 0.00266659 0.68988 0.00060333 0.520196 0.000786794 
6 1.25 61920000 4.93994 0.0101169 -5.57016 0.0059152 34.766 0.0691035 1607.39 5.72628 -0.00476767 0.00167054 -0.00269616 0.00266659 0.68988 0.00060333 0.520196 0.000786794 
6 1.25 62280000 4.93994 0.0101169 -5.57016 0.0059152 34.766 0.0691035 1607.39 5.72628 -0.00476767 0.00166726 -0.00269616 0.00266659 0.68988 0.00060333 0.520196 0.000786794 
6 1.25 62640000 4.93994 0.0101169 -5.57016 0.0059152 34.766 0.0691035 1607.39 5.72628 -0.00476767 0.00166034 -0.00269616 0.00266659 0.68988 0.00060333 0.520196 0.000786794 
6 1.25 63000000 4.93994 0.0101169 -5.57016 0.0059152 34.766 0.0691035 1607.39 5.72628 -0.00476767 0.00165691 -0.00269616 0.00266659 0.68988 0.00060333 0.520196 0.000786794 
6 1.25 63360000 4.93994 0.0101169 -5.57016 0.0059152 34.766 0.0691035 1607.39 5.72628 -0.00476767 0.00165264 -0.00269616 0.00266659 0.68988 0.00060333 0.520196 0.000786794 
6 1.25 63720000 4.93994 0.0101169 -5.57016 0.0059152 34.766 0.0691035 1607.39 5.72628 -0.00476767 0.00165454 -0.00269616 0.00266659 0.68988 0.00060333 0.520196 0.000786794 
6 1.25 64080000 4.93994 0.0101169 -5.57016 0.0059152 34.766 0.0691035 1607.39 5.72628 -0.00476767 0.00164905 -0.00269616 0.00266659 0.68988 0.00060333 0.520196 0.000786794 
6 1.25 64440000 4.93994 0.0101169 -5.57016 0.0059152 34.766 0.0691035 1607.39 5.72628 -0.00476767 0.00164488 -0.00269616 0.00266659 0.68988 0.00060333 0.520196 0.000786794 
6 1.25 64800000 4.93994 0.0101169 -5.57016 0.0059152 34.766 0.0691035 1607.39 5.72628 -0.00476767 0.00164156 -0.00269616 0.00266659 0.68988 0.00060333 0.520196 0.000786794 
6 1.25 65160000 4.94123 0.00927873 -5.57034 0.0059152 34.7683 0.0644902 1607.24 5.20773 -0.00443248 0.00163767 -0.00239173 0.00266659 0.689831 0.00060333 0.520194 0.00076491 
6 1.25 65520000 4.94123 0.00927873 -5.57034 0.0059152 34.7683 0.0644902 1607.24 5.20773 -0.00443248 0.00163212 -0.00239173 0.00266659 0.689831 0.00060333 0.520194 0.00076491 
6 1.25 65880000 4.94123 0.00927873 -5.57034 0.0059152 34.7683 0.0644902 1607.24 5.20773 -0.00443248 0.00162498 -0.00239173 0.00266659 0.689831 0.00060333 0.520194 0.00076491 
6 1.25 66240000 4.94123 0.00927873 -5.57034 0.0059152 34.7683 0.0644902 1607.24 5.20773 -0.00443248 0.00161801 -0.00239173 0.00266659 0.689831 0.00060333 0.520194 0.00076491 
6 1.25 66600000 4.94123 0.00927873 -5.57034 0.0059152 34.7683 0.0644902 1607.24 5.20773 -0.00443248 0.00161548 -0.00239173 0.00266659 0.689831 0.00060333 0.520194 0.00076491 
6 1.25 66960000 4.94123 0.00927873 -5.57034 0.0059152 34.7683 0.0644902 1607.24 5.20773 -0.00443248 0.00161001 -0.00239173 0.00266659 0.689831 0.00060333 0.520194 0.00076491 
6 1.25 67320000 4.94123 0.00927873 -5.57034 0.0059152 34.7683 0.0644902 1607.24 5.20773 -0.00443248 0.00160315 -0.00239173 0.00266659 0.689831 0.00060333 0.520194 0.00076491 
6 1.25 67680000 4.94123 0.00927873 -5.57034 0.0059152 34.7683 0.0644902 1607.24 5.20773 -0.00443248 0.00160208 -0.00239173 0.00266659 0.689831 0.00060333 0.520194 0.00076491 
6 1.25 68040000 4.94123 0.00927873 -5.57034 0.0059152 34.7683 0.0644902 1607.24 5.20773 -0.00443248 0.00159534 -0.00239173 0.00266659 0.689831 0.00060333 0.520194 0.00076491 
6 1.25 68400000 4.94123 0.00927873 -5.57034 0.0059152 34.7683 0.0644902 1607.24 5.20773 -0.00443248 0.00159314 -0.00239173 0.00266659 0.689831 0.00060333 0.520194 0.00076491 
6 1.25 68760000 4.94123 0.00927873 -5.57034 0.0059152 34.7683 0.0644902 1607.24 5.20773 -0.00443248 0.00159232 -0.00239173 0.00266659 0.689831 0.00060333 0.520194 0.00076491 
6 1.25 69120000 4.94123 0.00927873 -5.57034 0.0059152 34.7683 0.0644902 1607.24 5.20773 -0.00443248 0.00158613 -0.00239173 0.00266659 0.689831 0.00060333 0.520194 0.00076491 
6 1.25 69480000 4.94123 0.00927873 -5.57034 0.0059152 34.7683 0.0644902 1607.24 5.20773 -0.00443248 0.00158095 -0.00239173 0.00266659 0.689831 0.00060333 0.520194 0.00076491 
6 1.25 69840000 4.94123 0.00927873 -5.57034 0.0059152 34.7683 0.0644902 1607.24 5.20773 -0.00443248 0.00157841 -0.00239173 0.00266659 0.689831 0.00060333 0.520194 0.00076491 
6 1.25 70200000 4.94123 0.00927873 -5.57034 0.0059152 34.7683 0.0644902 1607.24 5.20773 -0.00443248 0.00157443 -0.00239173 0.00266659 0.689831 0.00060333 0.520194 0.00076491 
6 1.25 70560000 4.94123 0.00927873 -5.57034 0.0059152 34.7683 0.0644902 1607.24 5.20773 -0.00443248 0.00156771 -0.00239173 0.00266659 0.689831 0.00060333 0.520194 0.00076491 
6 1.25 70920000 4.94008 0.00863841 -5.56967 0.00494948 34.7612 0.058011 1606.68 4.80321 -0.00398633 0.0015628 -0.00291763 0.00223134 0.689722 0.000523188 0.520076 0.000665367 
6 1.25 71280000 4.94008 0.00863841 -5.56967 0.00494948 34.7612 0.058011 1606.68 4.80321 -0.00398633 0.00156222 -0.00291763 0.00223134 0.689722 0.000523188 0.520076 0.000665367 
6 1.25 71640000 4.94008 0.00863841 -5.56967 0.00494948 34.7612 0.058011 1606.68 4.80321 -0.00398633 0.00155734 -0.00291763 0.00223134 0.689722 0.000523188 0.520076 0.000665367 
6 1.25 72000000 4.94008 0.00863841 -5.56967 0.00494948 34.7612 0.058011 1606.68 4.80321 -0.00398633 0.00155684 -0.00291763 0.00223134 0.689722 0.000523188 0.520076 0.000665367 
6 1.25 72360000 4.94008 0.00863841 -5.56967 0.00494948 34.7612 0.058011 1606.68 4.80321 -0.00398633 0.00155037 -0.00291763 0.00223134 0.689722 0.000523188 0.520076 0.000665367 
6 1.25 72720000 4.94008 0.00863841 -5.56967 0.00494948 34.7612 0.058011 1606.68 4.80321 -0.00398633 0.00154766 -0.00291763 0.00223134 0.689722 0.000523188 0.520076 0.000665367 
6 1.25 73080000 4.94008 0.00863841 -5.56967 0.00494948 34.7612 0.058011 1606.68 4.80321 -0.00398633 0.00155046 -0.00291763 0.00223134 0.689722 0.000523188 0.520076 0.000665367 
6 1.25 73440000 4.94008 0.00863841 -5.56967 0.00494948 34.7612 0.058011 1606.68 4.80321 -0.00398633 0.00154598 -0.00291763 0.00223134 0.689722 0.000523188 0.520076 0.000665367 
6 1.25 73800000 4.94008 0.00857584 -5.56967 0.00494948 34.7612 0.058011 1606.68 4.80321 -0.00398633 0.00155046 -0.00291763 0.00223134 0.689722 0.000523188 0.520076 0.000665367 
6 1.25 74160000 4.94008 0.00857584 -5.56967 0.00494948 34.7612 0.058011 1606.68 4.80321 -0.00398633 0.00154292 -0.00291763 0.00223134 0.689722 0.000523188 0.520076 0.000665367 
6 1.25 74520000 4.94008 0.00857584 -5.56967 0.00494948 34.7612 0.058011 1606.68 4.80321 -0.00398633 0.00153994 -0.00291763 0.00223134 0.689722 0.000523188 0.520076 0.000665367 
6 1.25 74880000 4.94008 0.00857584 -5.56967 0.00494948 34.7612 0.058011 1606.68 4.80321 -0.00398633 0.00153831 -0.00291763 0.00223134 0.689722 0.000523188 0.520076 0.000665367 
6 1.25 75240000 4.94008 0.00857584 -5.56967 0.00494948 34.7612 0.058011 1606.68 4.80321 -0.00398633 0.00153967 -0.00291763 0.00223134 0.689722 0.000523188 0.520076 0.000665367 
6 1.25 75600000 4.94008 0.00857584 -5.56967 0.00494948 34.7612 0.058011 1606.68 4.80321 -0.00398633 0.00153662 -0.00291763 0.00223134 0.689722 0.000523188 0.520076 0.000665367 
6 1.25 75960000 4.94008 0.00857584 -5.56967 0.00494948 34.7612 0.058011 1606.68 4.80321 -0.00398633 0.00153038 -0.00291763 0.00223134 0.689722 0.000523188 0.520076 0.000665367 
6 1.25 76320000 4.94008 0.00857584 -5.56967 0.00494948 34.7612 0.058011 1606.68 4.80321 -0.00398633 0.00152676 -0.00291763 0.00223134 0.689722 0.000523188 0.520076 0.000665367 
6 1.25 76680000 4.94008 0.00857584 -5.56967 0.00494948 34.7612 0.058011 1606.68 4.80321 -0.00398633 0.00152467 -0.00291763 0.00223134 0.689722 0.000523188 0.520076 0.000665367 
6 1.25 77040000 4.94144 0.00820251 -5.56891 0.00494948 34.7496 0.0546953 1605.3 4.62834 -0.00382922 0.00153297 -0.00233737 0.00223134 0.68966 0.000523188 0.519984 0.000646758 
6 1.25 77400000 4.94144 0.00820251 -5.56891 0.00494948 34.7496 0.0546953 1605.3 4.62834 -0.00382922 0.00153129 -0.00233737 0.00223134 0.68966 0.000523188 0.519984 0.000646758 
6 1.25 77760000 4.94144 0.00820251 -5.56891 0.00494948 34.7496 0.0546953 1605.3 4.62834 -0.00382922 0.00152538 -0.00233737 0.00223134 0.68966 0.000523188 0.519984 0.000646758 
6 1.25 78120000 4.94144 0.00820251 -5.56891 0.00494948 34.7496 0.0546953 1605.3 4.62834 -0.00382922 0.0015225 -0.00233737 0.00223134 0.68966 0.000523188 0.519984 0.000646758 
6 1.25 78480000 4.94144 0.00820251 -5.56891 0.00494948 34.7496 0.0546953 1605.3 4.62834 -0.00382922 0.0015154 -0.00233737 0.00223134 0.68966 0.000523188 0.519984 0.000646758 
6 1.25 78840000 4.94144 0.00820251 -5.56891 0.00494948 34.7496 0.0546953 1605.3 4.62834 -0.00382922 0.00150879 -0.00233737 0.00223134 0.68966 0.000523188 0.519984 0.000646758 
6 1.25 79200000 4.94144 0.00820251 -5.56891 0.00494948 34.7496 0.0546953 1605.3 4.62834 -0.00382922 0.0015088 -0.00233737 0.00223134 0.68966 0.000523188 0.519984 0.000646758 
6 1.25 79560000 4.94144 0.00820251 -5.56891 0.00494948 34.7496 0.0546953 1605.3 4.62834 -0.00382922 0.00150294 -0.00233737 0.00223134 0.68966 0.000523188 0.519984 0.000646758 
6 1.25 79920000 4.94144 0.00802327 -5.56891 0.00494948 34.7496 0.0546953 1605.3 4.62834 -0.00382922 0.00149713 -0.00233737 0.00223134 0.68966 0.000523188 0.519984 0.000646758 
6 1.25 80280000 4.94144 0.00802327 -5.56891 0.00494948 34.7496 0.0546953 1605.3 4.62834 -0.00382922 0.00149489 -0.00233737 0.00223134 0.68966 0.000523188 0.519984 0.000646758 
6 1.25 80640000 4.94144 0.00802327 -5.56891 0.00494948 34.7496 0.0546953 1605.3 4.62834 -0.00382922 0.00149375 -0.00233737 0.00223134 0.68966 0.000523188 0.519984 0.000646758 
6 1.25 81000000 4.94144 0.00802327 -5.56891 0.00494948 34.7496 0.0546953 1605.3 4.62834 -0.00382922 0.00148839 -0.00233737 0.00223134 0.68966 0.000523188 0.519984 0.000646758 
6 1.25 81360000 4.94144 0.00802327 -5.56891 0.00494948 34.7496 0.0546953 1605.3 4.62834 -0.00382922 0.00148781 -0.00233737 0.00223134 0.68966 0.000523188 0.519984 0.000646758 
6 1.25 81720000 4.94144 0.00802327 -5.56891 0.00494948 34.7496 0.0546953 1605.3 4.62834 -0.00382922 0.00148202 -0.00233737 0.00223134 0.68966 0.000523188 0.519984 0.000646758 
6 1.25 82080000 4.94144 0.00802327 -5.56891 0.00494948 34.7496 0.0546953 1605.3 4.62834 -0.00382922 0.0014796 -0.00233737 0.00223134 0.68966 0.000523188 0.519984 0.000646758 
6 1.25 82440000 4.94144 0.00802327 -5.56891 0.00494948 34.7496 0.0546953 1605.3 4.62834 -0.00382922 0.00147645 -0.00233737 0.00223134 0.68966 0.000523188 0.519984 0.000646758 
6 1.25 82800000 4.93913 0.00777842 -5.56956 0.00433296 34.7549 0.051044 1605.7 4.31492 -0.00256119 0.00165946 -0.00257205 0.00193915 0.689644 0.000454158 0.519992 0.000576284 
6 1.25 83160000 4.93913 0.00777842 -5.56956 0.00433296 34.7549 0.051044 1605.7 4.31492 -0.00256119 0.00165946 -0.00257205 0.00193915 0.689644 0.000454158 0.519992 0.000576284 
6 1.25 83520000 4.93913 0.00777842 -5.56956 0.00433296 34.7549 0.051044 1605.7 4.31492 -0.00256119 0.00165946 -0.00257205 0.00193915 0.689644 0.000454158 0.519992 0.000576284 
6 1.25 83880000 4.93913 0.00777842 -5.56956 0.00433296 34.7549 0.051044 1605.7 4.31492 -0.00256119 0.00165946 -0.00257205 0.00193915 0.689644 0.000454158 0.519992 0.000576284 
6 1.25 84240000 4.93913 0.00777842 -5.56956 0.00433296 34.7549 0.051044 1605.7 4.31492 -0.00256119 0.00165946 -0.00257205 0.00193915 0.689644 0.000454158 0.519992 0.000576284 
6 1.25 84600000 4.93913 0.00777842 -5.56956 0.00433296 34.7549 0.051044 1605.7 4.31492 -0.00256119 0.00165946 -0.00257205 0.00193915 0.689644 0.000454158 0.519992 0.000576284 
6 1.25 84960000 4.93913 0.00777842 -5.56956 0.00433296 34.7549 0.051044 1605.7 4.31492 -0.00256119 0.00165946 -0.00257205 0.00193915 0.689644 0.000454158 0.519992 0.000576284 
6 1.25 85320000 4.93913 0.00777842 -5.56956 0.00433296 34.7549 0.051044 1605.7 4.31492 -0.00256119 0.00165946 -0.00257205 0.00193915 0.689644 0.000454158 0.519992 0.000576284 
6 1.25 85680000 4.93913 0.00777652 -5.56956 0.00433296 34.7549 0.051044 1605.7 4.31492 -0.00256119 0.00165946 -0.00257205 0.00193915 0.689644 0.000454158 0.519992 0.000576284 
6 1.25 86040000 4.93913 0.00777652 -5.56956 0.00433296 34.7549 0.051044 1605.7 4.31492 -0.00256119 0.00165946 -0.00257205 0.00193915 0.689644 0.000454158 0.519992 0.000576284 
6 1.25 86400000 4.93913 0.00777652 -5.56956 0.00433296 34.7549 0.051044 1605.7 4.31492 -0.00256119 0.00165946 -0.00257205 0.00193915 0.689644 0.000454158 0.519992 0.000576284 
6 1.25 86760000 4.93913 0.00777652 -5.56956 0.00433296 34.7549 0.051044 1605.7 4.31492 -0.00256119 0.00165946 -0.00257205 0.00193915 0.689644 0.000454158 0.519992 0.000576284 
6 1.25 87120000 4.93913 0.00777652 -5.56956 0.00433296 34.7549 0.051044 1605.7 4.31492 -0.00256119 0.00165946 -0.00257205 0.00193915 0.689644 0.000454158 0.519992 0.000576284 
6 1.25 87480000 4.93913 0.00777652 -5.56956 0.00433296 34.7549 0.051044 1605.7 4.31492 -0.00256119 0.00165946 -0.00257205 0.00193915 0.689644 0.000454158 0.519992 0.000576284 
6 1.25 87840000 4.93913 0.00777652 -5.56956 0.00433296 34.7549 0.051044 1605.7 4.31492 -0.00256119 0.00165946 -0.00257205 0.00193915 0.689644 0.000454158 0.519992 0.000576284 
6 1.25 88200000 4.93913 0.00777652 -5.56956 0.00433296 34.7549 0.051044 1605.7 4.31492 -0.00256119 0.00165946 -0.00257205 0.00193915 0.689644 0.000454158 0.519992 0.000576284 
6 1.25 88560000 4.93682 0.00759229 -5.57066 0.00424365 34.7646 0.0485371 1606.49 4.09878 -0.00311468 0.00165946 -0.00276915 0.00193915 0.689809 0.000454158 0.520172 0.000565345 
6 1.25 88920000 4.93682 0.00759229 -5.57066 0.00424365 34.7646 0.0485371 1606.49 4.09878 -0.00311468 0.00165946 -0.00276915 0.00193915 0.689809 0.000454158 0.520172 0.000565345 
6 1.25 89280000 4.93682 0.00759229 -5.57066 0.00424365 34.7646 0.0485371 1606.49 4.09878 -0.00311468 0.00165946 -0.00276915 0.00193915 0.689809 0.000454158 0.520172 0.000565345 
6 1.25 89640000 4.93682 0.00759229 -5.57066 0.00424365 34.7646 0.0485371 1606.49 4.09878 -0.00311468 0.00165946 -0.00276915 0.00193915 0.689809 0.000454158 0.520172 0.000565345 
6 1.25 90000000 4.93682 0.00759229 -5.57066 0.00424365 34.7646 0.0485371 1606.49 4.09878 -0.00311468 0.00165946 -0.00276915 0.00193915 0.689809 0.000454158 0.520172 0.000565345 
6 1.25 90360000 4.93682 0.00759229 -5.57066 0.00424365 34.7646 0.0485371 1606.49 4.09878 -0.00311468 0.00165946 -0.00276915 0.00193915 0.689809 0.000454158 0.520172 0.000565345 
6 1.25 90720000 4.93682 0.00759229 -5.57066 0.00424365 34.7646 0.0485371 1606.49 4.09878 -0.00311468 0.00165946 -0.00276915 0.00193915 0.689809 0.000454158 0.520172 0.000565345 
6 1.25 91080000 4.93682 0.00759229 -5.57066 0.00424365 34.7646 0.0485371 1606.49 4.09878 -0.00311468 0.00165946 -0.00276915 0.00193915 0.689809 0.000454158 0.520172 0.000565345 
6 1.25 91440000 4.93682 0.00759229 -5.57066 0.00424365 34.7646 0.0485371 1606.49 4.09878 -0.00311468 0.00165946 -0.00276915 0.00193915 0.689809 0.000454158 0.520172 0.000565345 
6 1.25 91800000 4.93682 0.00759229 -5.57066 0.00424365 34.7646 0.0485371 1606.49 4.09878 -0.00311468 0.00165946 -0.00276915 0.00193915 0.689809 0.000454158 0.520172 0.000565345 
6 1.25 92160000 4.93682 0.00759229 -5.57066 0.00424365 34.7646 0.0485371 1606.49 4.09878 -0.00311468 0.00165946 -0.00276915 0.00193915 0.689809 0.000454158 0.520172 0.000565345 
6 1.25 92520000 4.93682 0.00759229 -5.57066 0.00424365 34.7646 0.0485371 1606.49 4.09878 -0.00311468 0.00165946 -0.00276915 0.00193915 0.689809 0.000454158 0.520172 0.000565345 
6 1.25 92880000 4.93682 0.00759229 -5.57066 0.00424365 34.7646 0.0485371 1606.49 4.09878 -0.00311468 0.00165946 -0.00276915 0.00193915 0.689809 0.000454158 0.520172 0.000565345 
6 1.25 93240000 4.93682 0.00759229 -5.57066 0.00424365 34.7646 0.0485371 1606.49 4.09878 -0.00311468 0.00165946 -0.00276915 0.00193915 0.689809 0.000454158 0.520172 0.000565345 
6 1.25 93600000 4.93682 0.00759229 -5.57066 0.00424365 34.7646 0.0485371 1606.49 4.09878 -0.00311468 0.00165946 -0.00276915 0.00193915 0.689809 0.000454158 0.520172 0.000565345 
6 1.25 93960000 4.93682 0.00759229 -5.57066 0.00424365 34.7646 0.0485371 1606.49 4.09878 -0.00311468 0.00165946 -0.00276915 0.00193915 0.689809 0.000454158 0.520172 0.000565345 
6 1.25 94320000 4.93682 0.00759229 -5.57066 0.00424365 34.7646 0.0485371 1606.49 4.09878 -0.00311468 0.00165946 -0.00276915 0.00193915 0.689809 0.000454158 0.520172 0.000565345 
6 1.25 94680000 4.94026 0.00785743 -5.57057 0.003921 34.7651 0.045507 1606.75 3.85093 -0.00244909 0.00156715 -0.00274361 0.00170433 0.689803 0.000424129 0.520183 0.000530111 
6 1.25 95040000 4.94026 0.00785743 -5.57057 0.003921 34.7651 0.045507 1606.75 3.85093 -0.00244909 0.00156715 -0.00274361 0.00170433 0.689803 0.000424129 0.520183 0.000530111 
6 1.25 95400000 4.94026 0.00785743 -5.57057 0.003921 34.7651 0.045507 1606.75 3.85093 -0.00244909 0.00156715 -0.00274361 0.00170433 0.689803 0.000424129 0.520183 0.000530111 
6 1.25 95760000 4.94026 0.00785743 -5.57057 0.003921 34.7651 0.045507 1606.75 3.85093 -0.00244909 0.00156715 -0.00274361 0.00170433 0.689803 0.000424129 0.520183 0.000530111 
6 1.25 96120000 4.94026 0.00785743 -5.57057 0.003921 34.7651 0.045507 1606.75 3.85093 -0.00244909 0.00156715 -0.00274361 0.00170433 0.689803 0.000424129 0.520183 0.000530111 
6 1.25 96480000 4.94026 0.00785743 -5.57057 0.003921 34.7651 0.045507 1606.75 3.85093 -0.00244909 0.00156715 -0.00274361 0.00170433 0.689803 0.000424129 0.520183 0.000530111 
6 1.25 96840000 4.94026 0.00785743 -5.57057 0.003921 34.7651 0.045507 1606.75 3.85093 -0.00244909 0.00156715 -0.00274361 0.00170433 0.689803 0.000424129 0.520183 0.000530111 
6 1.25 97200000 4.94026 0.00785743 -5.57057 0.003921 34.7651 0.045507 1606.75 3.85093 -0.00244909 0.00156715 -0.00274361 0.00170433 0.689803 0.000424129 0.520183 0.000530111 
6 1.25 97560000 4.94026 0.00785743 -5.57057 0.003921 34.7651 0.045507 1606.75 3.85093 -0.00244909 0.00156715 -0.00274361 0.00170433 0.689803 0.000424129 0.520183 0.000530111 
6 1.25 97920000 4.94026 0.00785743 -5.57057 0.003921 34.7651 0.045507 1606.75 3.85093 -0.00244909 0.00156715 -0.00274361 0.00170433 0.689803 0.000424129 0.520183 0.000530111 
6 1.25 98280000 4.94026 0.00785743 -5.57057 0.003921 34.7651 0.045507 1606.75 3.85093 -0.00244909 0.00156715 -0.00274361 0.00170433 0.689803 0.000424129 0.520183 0.000530111 
6 1.25 98640000 4.94026 0.00785743 -5.57057 0.003921 34.7651 0.045507 1606.75 3.85093 -0.00244909 0.00156715 -0.00274361 0.00170433 0.689803 0.000424129 0.520183 0.000530111 
6 1.25 99000000 4.94026 0.00785743 -5.57057 0.003921 34.7651 0.045507 1606.75 3.85093 -0.00244909 0.00156715 -0.00274361 0.00170433 0.689803 0.000424129 0.520183 0.000530111 
6 1.25 99360000 4.94026 0.00785743 -5.57057 0.003921 34.7651 0.045507 1606.75 3.85093 -0.00244909 0.00156715 -0.00274361 0.00170433 0.689803 0.000424129 0.520183 0.000530111 
6 1.25 99720000 4.94026 0.00785743 -5.57057 0.003921 34.7651 0.045507 1606.75 3.85093 -0.00244909 0.00156715 -0.00274361 0.00170433 0.689803 0.000424129 0.520183 0.000530111 
