L J MC_steps R2 R2_std E E_std E2 E2_std E4 E4_std Sin1 Sin1_std Cos1 Cos1_std Mag2 Mag2_std Mag4 Mag4_std
5 1.5 250000 4.1808 0.0921602 -4.27824 0.0476948 20.0758 0.364612 507.807 15.371 -0.0122044 0.026079 -0.00460509 0.0262939 0.74011 0.00707949 0.586181 0.00868028 
5 1.5 500000 4.21205 0.0639717 -4.23081 0.0357256 19.7811 0.26218 499.863 10.602 -0.00428185 0.0233293 -0.0211607 0.0181399 0.734053 0.00555774 0.579279 0.00682438 
5 1.5 750000 4.22869 0.0546585 -4.24484 0.0265873 19.9171 0.200429 506.463 8.26571 -0.00644094 0.0215658 -0.0101699 0.0137846 0.736592 0.00405342 0.582606 0.00504633 
5 1.5 1000000 4.22188 0.0446357 -4.25497 0.0227836 19.9822 0.172837 508.333 7.1258 0.00846754 0.016472 -0.0192598 0.0122271 0.736935 0.00327951 0.582614 0.00408925 
5 1.5 1250000 4.21793 0.0409021 -4.2467 0.020057 19.9556 0.150225 507.924 6.23551 0.00318476 0.0154362 -0.00519636 0.0110831 0.735296 0.00292051 0.581065 0.00365588 
5 1.5 1500000 4.21697 0.0388997 -4.25158 0.0179235 19.9633 0.135823 507.425 5.66087 0.00494664 0.012724 -0.00493931 0.0111572 0.736069 0.00264444 0.581545 0.00332119 
5 1.5 1750000 4.21274 0.0331168 -4.25817 0.0166858 20.0254 0.126193 510.737 5.26977 0.00439997 0.0107801 -0.0071248 0.0107703 0.736857 0.00241983 0.582823 0.00306668 
5 1.5 2000000 4.21484 0.0295886 -4.26012 0.0155959 20.0289 0.118257 510.422 4.94136 0.00248022 0.00989426 -0.00266452 0.00959082 0.737218 0.00225864 0.582917 0.00286165 
5 1.5 2250000 4.21599 0.0280309 -4.26024 0.014229 20.0201 0.10753 509.54 4.4562 0.00203947 0.00881574 -0.00539218 0.00876287 0.736964 0.00210648 0.582712 0.00266409 
5 1.5 2500000 4.206 0.0270874 -4.2691 0.014012 20.085 0.106613 512.014 4.3602 0.0033345 0.00804989 -0.0057854 0.00788562 0.737383 0.00202519 0.583102 0.00257132 
5 1.5 2750000 4.20742 0.0260468 -4.26898 0.0131402 20.0797 0.0999931 511.7 4.11077 0.00372398 0.0072982 -0.00514363 0.00756437 0.737486 0.00191325 0.58316 0.00242774 
5 1.5 3000000 4.20561 0.0250814 -4.27127 0.0125337 20.091 0.0958439 511.535 3.9549 0.00219783 0.00702196 -0.00440842 0.00740546 0.738239 0.00181933 0.584056 0.00231669 
5 1.5 3250000 4.1945 0.023899 -4.27259 0.0118923 20.1062 0.0906981 512.404 3.76733 0.00566548 0.00691845 -0.00729696 0.00685775 0.737868 0.00173616 0.583748 0.00219884 
5 1.5 3500000 4.18615 0.0229473 -4.2766 0.0114073 20.1356 0.0870536 513.378 3.63106 0.00640503 0.00657454 -0.00854288 0.00653798 0.738306 0.0016616 0.584283 0.00209661 
5 1.5 3750000 4.19029 0.0219863 -4.27467 0.0113125 20.1165 0.0858288 512.464 3.53121 0.00630593 0.00631351 -0.00938356 0.0063076 0.737976 0.00165756 0.583802 0.0020905 
5 1.5 4000000 4.19531 0.0210837 -4.27243 0.0108885 20.1057 0.0822602 512.396 3.38122 0.00389028 0.00624675 -0.0101138 0.00604243 0.737644 0.00160748 0.583612 0.00201927 
5 1.5 4250000 4.19128 0.0203395 -4.27507 0.0105919 20.1237 0.0798669 512.986 3.26825 0.00539914 0.00600636 -0.0089009 0.00572185 0.737968 0.00156122 0.583935 0.00195632 
5 1.5 4500000 4.18899 0.0199384 -4.27288 0.010397 20.111 0.0781557 512.518 3.19097 0.0022663 0.00628644 -0.00608215 0.00554178 0.737637 0.00152833 0.583507 0.00190891 
5 1.5 4750000 4.18099 0.0194032 -4.27266 0.010094 20.1083 0.0759237 512.362 3.10677 0.00134156 0.00600482 -0.00601653 0.0054773 0.737628 0.0014852 0.583397 0.00185277 
5 1.5 5000000 4.18195 0.0188691 -4.27163 0.00984607 20.1015 0.0743349 512.219 3.05652 0.00163756 0.00569607 -0.00536124 0.00542834 0.73767 0.00144682 0.583484 0.00181108 
5 1.5 5250000 4.1751 0.0183915 -4.2751 0.00959072 20.1314 0.0725398 513.39 2.99015 -8.93135e-05 0.00566699 -0.00436807 0.00581038 0.737996 0.00140703 0.583903 0.00175813 
5 1.5 5500000 4.1751 0.017779 -4.2751 0.00929915 20.1314 0.0704539 513.39 2.91035 -8.93135e-05 0.00558343 -0.00436807 0.00581038 0.737996 0.00136443 0.583903 0.00170632 
5 1.5 5750000 4.18288 0.017658 -4.27275 0.00912549 20.1076 0.0692452 512.391 2.86094 0.0019024 0.00545042 -0.00596422 0.00581038 0.737787 0.00133777 0.583576 0.00167588 
5 1.5 6000000 4.18288 0.0175926 -4.27275 0.00886589 20.1076 0.0673376 512.391 2.78577 0.0019024 0.00545042 -0.00596422 0.00581038 0.737787 0.00130901 0.583576 0.00164252 
5 1.5 6250000 4.17952 0.0167061 -4.27508 0.00885445 20.1213 0.0673144 512.793 2.7886 0.00265868 0.00518872 -0.00828593 0.00601965 0.737789 0.0012932 0.58354 0.0016216 
5 1.5 6500000 4.17952 0.0163376 -4.27508 0.00871563 20.1213 0.0662252 512.793 2.74013 0.00265868 0.00518872 -0.00828593 0.00601965 0.737789 0.00126978 0.58354 0.0015934 
5 1.5 6750000 4.17691 0.0162462 -4.27551 0.00854146 20.1219 0.0650079 512.552 2.69443 0.000564051 0.00518872 -0.00792482 0.00601965 0.737788 0.00123971 0.583575 0.00155532 
5 1.5 7000000 4.17691 0.0158358 -4.27551 0.00836675 20.1219 0.0637001 512.552 2.63953 0.000564051 0.00518872 -0.00792482 0.00601965 0.737788 0.00121255 0.583575 0.00152316 
5 1.5 7250000 4.17432 0.0154999 -4.27938 0.00819966 20.1508 0.0625178 513.427 2.59643 0.00148564 0.00457815 -0.00645112 0.00543214 0.738503 0.0011857 0.584555 0.00149132 
5 1.5 7500000 4.17432 0.0151936 -4.27938 0.00806364 20.1508 0.061502 513.427 2.55562 0.00148564 0.00457815 -0.00645112 0.00543214 0.738503 0.00116594 0.584555 0.00146763 
5 1.5 7750000 4.17695 0.0149149 -4.27682 0.00797137 20.1271 0.0607811 512.267 2.53039 0.00129185 0.00457815 -0.00538039 0.00543214 0.738206 0.00115008 0.584146 0.00144764 
5 1.5 8000000 4.17695 0.0146172 -4.27682 0.00782615 20.1271 0.0595843 512.267 2.48003 0.00129185 0.00457815 -0.00538039 0.00543214 0.738206 0.00113036 0.584146 0.00142113 
5 1.5 8250000 4.17645 0.0143902 -4.279 0.00752854 20.1463 0.0564028 513.18 2.33102 0.000571598 0.00419573 -0.00304044 0.00572458 0.738635 0.00110859 0.584748 0.00143928 
5 1.5 8500000 4.17645 0.0142348 -4.279 0.00743794 20.1463 0.055898 513.18 2.31689 0.000571598 0.00479565 -0.00304044 0.00572458 0.738635 0.00109907 0.584748 0.00142489 
5 1.5 8750000 4.16981 0.0142888 -4.28276 0.00751913 20.1724 0.0559326 514.189 2.2894 -0.00134129 0.00472064 -0.00202658 0.00572458 0.739173 0.00109237 0.585328 0.0014072 
5 1.5 9000000 4.16981 0.0143916 -4.28276 0.00749316 20.1724 0.05558 514.189 2.25585 -0.00134129 0.00464955 -0.00202658 0.00572458 0.739173 0.00109369 0.585328 0.00138635 
5 1.5 9250000 4.17339 0.0140263 -4.28055 0.00741276 20.1543 0.0549912 513.476 2.23715 -0.00116577 0.00455935 -0.00198218 0.00518541 0.739011 0.00107447 0.585126 0.00136418 
5 1.5 9500000 4.17339 0.0137669 -4.28055 0.00728565 20.1543 0.0548104 513.476 2.19726 -0.00116577 0.00443885 -0.00198218 0.00518541 0.739011 0.00105236 0.585126 0.00133995 
5 1.5 9750000 4.17339 0.0135853 -4.28055 0.00732328 20.1543 0.0548104 513.476 2.17144 -0.00116577 0.00443885 -0.00198218 0.00518541 0.739011 0.00105467 0.585126 0.00134831 
5 1.5 10000000 4.17321 0.0132931 -4.28359 0.0073898 20.1725 0.0548645 513.961 2.13468 -0.000668368 0.00437013 -0.000904116 0.00518541 0.739495 0.00106009 0.585698 0.00134799 
5 1.5 10250000 4.17321 0.013076 -4.28359 0.0073898 20.1725 0.0548645 513.961 2.11074 -0.000668368 0.00425998 -0.000904116 0.00518541 0.739495 0.00103696 0.585698 0.00131677 
5 1.5 10500000 4.16919 0.0128563 -4.28544 0.00793807 20.1803 0.0526813 513.97 2.09512 -0.000532854 0.0041617 -0.000451837 0.00488747 0.739786 0.00124661 0.585948 0.00146913 
5 1.5 10750000 4.16919 0.0129047 -4.28544 0.00793807 20.1803 0.0526813 513.97 2.04844 -0.000532854 0.00406059 -0.000451837 0.00488747 0.739786 0.00124661 0.585948 0.00146913 
5 1.5 11000000 4.16919 0.0128524 -4.28544 0.00793807 20.1803 0.0511591 513.97 2.03358 -0.000532854 0.00403642 -0.000451837 0.00488747 0.739786 0.00124661 0.585948 0.00146913 
5 1.5 11250000 4.16919 0.0125613 -4.28544 0.00793807 20.1803 0.0507658 513.97 2.02028 -0.000532854 0.00394982 -0.000451837 0.00488747 0.739786 0.00124661 0.585948 0.00146913 
5 1.5 11500000 4.16726 0.0122759 -4.28745 0.00793807 20.2006 0.0500279 514.888 2.0034 0.00118239 0.00391227 -0.00136105 0.00452694 0.74001 0.00124661 0.586331 0.00146913 
5 1.5 11750000 4.16726 0.0120236 -4.28745 0.00793807 20.2006 0.0499369 514.888 1.97317 0.00118239 0.00385295 -0.00136105 0.00452694 0.74001 0.00124661 0.586331 0.00146913 
5 1.5 12000000 4.16726 0.0117892 -4.28745 0.00793807 20.2006 0.0482166 514.888 1.96593 0.00118239 0.00382832 -0.00136105 0.00452694 0.74001 0.00124661 0.586331 0.00146913 
5 1.5 12250000 4.16726 0.0115558 -4.28745 0.00793807 20.2006 0.0482166 514.888 1.94622 0.00118239 0.00378963 -0.00136105 0.00452694 0.74001 0.00124661 0.586331 0.00146913 
5 1.5 12500000 4.16956 0.0115176 -4.28726 0.0068205 20.1967 0.0486109 514.485 1.96631 0.00308834 0.00384628 -0.001573 0.00415465 0.740158 0.00109314 0.586541 0.00133857 
5 1.5 12750000 4.16956 0.011297 -4.28726 0.0068205 20.1967 0.0477101 514.485 1.92755 0.00308834 0.00384628 -0.001573 0.00415465 0.740158 0.00109314 0.586541 0.00133857 
5 1.5 13000000 4.16956 0.0112091 -4.28726 0.0068205 20.1967 0.0471541 514.485 1.90508 0.00308834 0.00384628 -0.001573 0.00415465 0.740158 0.00109314 0.586541 0.00133857 
5 1.5 13250000 4.16956 0.0111661 -4.28726 0.0068205 20.1967 0.0469674 514.485 1.89155 0.00308834 0.00384628 -0.001573 0.00415465 0.740158 0.00109314 0.586541 0.00133857 
5 1.5 13500000 4.16455 0.0109732 -4.2891 0.0068205 20.2098 0.0461654 514.857 1.86391 0.00284916 0.00382001 -0.00245823 0.00392824 0.740407 0.00109314 0.586876 0.00133857 
5 1.5 13750000 4.16455 0.0107786 -4.2891 0.0068205 20.2098 0.0453966 514.857 1.84244 0.00284916 0.00382001 -0.00245823 0.00392824 0.740407 0.00109314 0.586876 0.00133857 
5 1.5 14000000 4.16455 0.010664 -4.2891 0.0068205 20.2098 0.0447155 514.857 1.83777 0.00284916 0.00382001 -0.00245823 0.00392824 0.740407 0.00109314 0.586876 0.00133857 
5 1.5 14250000 4.16455 0.0105331 -4.2891 0.0068205 20.2098 0.0447544 514.857 1.82498 0.00284916 0.00382001 -0.00245823 0.00392824 0.740407 0.00109314 0.586876 0.00133857 
5 1.5 14500000 4.16392 0.0104306 -4.28825 0.00591664 20.1965 0.0440334 514.052 1.80514 0.00305875 0.00342461 -0.00146562 0.00377098 0.740328 0.000950015 0.586669 0.00115347 
5 1.5 14750000 4.16392 0.0103691 -4.28825 0.00591664 20.1965 0.0438418 514.052 1.78925 0.00305875 0.00340585 -0.00146562 0.00377098 0.740328 0.000950015 0.586669 0.00115347 
5 1.5 15000000 4.16392 0.0102596 -4.28825 0.00591664 20.1965 0.0435317 514.052 1.78121 0.00305875 0.00334982 -0.00146562 0.00377098 0.740328 0.000950015 0.586669 0.00115347 
5 1.5 15250000 4.16392 0.0101588 -4.28825 0.00591664 20.1965 0.0442786 514.052 1.82501 0.00305875 0.00336396 -0.00146562 0.00377098 0.740328 0.000950015 0.586669 0.00115347 
5 1.5 15500000 4.1585 0.0101667 -4.29021 0.00654932 20.2148 0.0516932 514.8 2.15183 0.00244857 0.00334209 -1.89784e-05 0.00378691 0.740657 0.000950015 0.587086 0.001177 
5 1.5 15750000 4.1585 0.0101666 -4.29021 0.00654932 20.2148 0.0516932 514.8 2.15183 0.00244857 0.00335358 -1.89784e-05 0.00378691 0.740657 0.000950015 0.587086 0.001177 
5 1.5 16000000 4.1585 0.0101666 -4.29021 0.00657454 20.2148 0.0518322 514.8 2.14567 0.00244857 0.00329962 -1.89784e-05 0.00378691 0.740657 0.000950015 0.587086 0.00118253 
5 1.5 16250000 4.1585 0.0101666 -4.29021 0.00657454 20.2148 0.0518322 514.8 2.14567 0.00244857 0.00327848 -1.89784e-05 0.00378691 0.740657 0.000950015 0.587086 0.00118253 
5 1.5 16500000 4.16245 0.0102695 -4.28866 0.006373 20.2044 0.0503203 514.511 2.09163 0.00186442 0.00324501 -0.000704067 0.00361166 0.740344 0.000880082 0.586753 0.00114562 
5 1.5 16750000 4.16245 0.0102695 -4.28866 0.006373 20.2044 0.0503203 514.511 2.09163 0.00186442 0.00319836 -0.000704067 0.00361166 0.740344 0.000880082 0.586753 0.00114562 
5 1.5 17000000 4.16245 0.0102695 -4.28866 0.00619959 20.2044 0.0490105 514.511 2.04001 0.00186442 0.00316246 -0.000704067 0.00361166 0.740344 0.00085393 0.586753 0.00111129 
5 1.5 17250000 4.16245 0.0102695 -4.28866 0.00619959 20.2044 0.0490105 514.511 2.04001 0.00186442 0.00314892 -0.000704067 0.00361166 0.740344 0.00085393 0.586753 0.00111129 
5 1.5 17500000 4.16228 0.0096667 -4.28971 0.00604171 20.212 0.0476589 514.825 1.98209 0.00202111 0.00310833 -0.0012608 0.00344186 0.740375 0.000831401 0.586801 0.00107875 
5 1.5 17750000 4.16228 0.0096667 -4.28971 0.00604171 20.212 0.0476589 514.825 1.98209 0.00202111 0.00307522 -0.0012608 0.00344186 0.740375 0.000831401 0.586801 0.00107875 
5 1.5 18000000 4.16228 0.0096667 -4.28971 0.00592009 20.212 0.0465841 514.825 1.93212 0.00202111 0.00307522 -0.0012608 0.00344186 0.740375 0.000831401 0.586801 0.00105127 
5 1.5 18250000 4.16228 0.0096667 -4.28971 0.00592009 20.212 0.0465841 514.825 1.93212 0.00202111 0.00307522 -0.0012608 0.00344186 0.740375 0.000831401 0.586801 0.00105127 
5 1.5 18500000 4.16268 0.00943102 -4.28922 0.00576295 20.2093 0.045359 514.717 1.87922 0.00175358 0.00294723 -0.0016029 0.0032676 0.740381 0.00079358 0.586865 0.00103257 
5 1.5 18750000 4.16268 0.00933863 -4.28922 0.00576295 20.2093 0.045359 514.717 1.87922 0.00175358 0.00302877 -0.0016029 0.0032676 0.740381 0.00079358 0.586865 0.00103257 
5 1.5 19000000 4.16268 0.00935916 -4.28922 0.00568234 20.2093 0.044994 514.717 1.86604 0.00175358 0.00299001 -0.0016029 0.0032676 0.740381 0.000775013 0.586865 0.00101113 
5 1.5 19250000 4.16268 0.00924361 -4.28922 0.00568234 20.2093 0.044994 514.717 1.86604 0.00175358 0.00295031 -0.0016029 0.0032676 0.740381 0.000775013 0.586865 0.00101113 
5 1.5 19500000 4.16486 0.00914526 -4.28846 0.00553546 20.2022 0.0438473 514.404 1.81804 0.000652952 0.00291312 -0.00121733 0.00311829 0.740287 0.000755067 0.586753 0.000984533 
5 1.5 19750000 4.16486 0.0090361 -4.28846 0.00553546 20.2022 0.0438473 514.404 1.81804 0.000652952 0.0028757 -0.00121733 0.00311829 0.740287 0.000755067 0.586753 0.000984533 
5 1.5 20000000 4.16486 0.00917879 -4.28846 0.00541537 20.2022 0.0431434 514.404 1.80017 0.000652952 0.00283918 -0.00121733 0.00311829 0.740287 0.000739856 0.586753 0.00097107 
5 1.5 20250000 4.16486 0.00919938 -4.28846 0.00541537 20.2022 0.0431434 514.404 1.80017 0.000652952 0.0028226 -0.00121733 0.00311829 0.740287 0.000739856 0.586753 0.00097107 
5 1.5 20500000 4.16486 0.00914152 -4.28846 0.00541537 20.2022 0.0431434 514.404 1.80017 0.000652952 0.0028226 -0.00121733 0.00311829 0.740287 0.000739856 0.586753 0.00097107 
5 1.5 20750000 4.16777 0.0091353 -4.28791 0.00528026 20.195 0.0420804 514.028 1.75588 0.000758945 0.00279596 -0.00137105 0.00296616 0.740177 0.000794358 0.58653 0.000949315 
5 1.5 21000000 4.16777 0.00903406 -4.28791 0.00528026 20.195 0.0420804 514.028 1.75588 0.000758945 0.0027721 -0.00137105 0.00296616 0.740177 0.000794358 0.58653 0.000949315 
5 1.5 21250000 4.16777 0.00893124 -4.28791 0.00515598 20.195 0.0410601 514.028 1.71317 0.000758945 0.00274714 -0.00137105 0.00296616 0.740177 0.000794358 0.58653 0.00094115 
5 1.5 21500000 4.16777 0.00893124 -4.28791 0.00515598 20.195 0.0410601 514.028 1.71317 0.000758945 0.00275836 -0.00137105 0.00296616 0.740177 0.000794358 0.58653 0.00094115 
5 1.5 21750000 4.16777 0.00875272 -4.28791 0.00506462 20.195 0.0402613 514.028 1.67667 0.000758945 0.00274111 -0.00137105 0.00284912 0.740177 0.000794358 0.58653 0.00094115 
5 1.5 22000000 4.16777 0.00871761 -4.28791 0.00506462 20.195 0.0402613 514.028 1.67667 0.000758945 0.00271708 -0.00137105 0.00284912 0.740177 0.000794358 0.58653 0.00094115 
5 1.5 22250000 4.16777 0.00871761 -4.28791 0.00494684 20.195 0.0393324 514.028 1.6388 0.000758945 0.0027296 -0.00137105 0.00284912 0.740177 0.000794358 0.58653 0.00094115 
5 1.5 22500000 4.16777 0.00871761 -4.28791 0.00494684 20.195 0.0393324 514.028 1.6388 0.000758945 0.00274462 -0.00137105 0.00284912 0.740177 0.000794358 0.58653 0.00094115 
5 1.5 22750000 4.16917 0.00871761 -4.28757 0.00483441 20.1931 0.0384869 513.956 1.60675 0.000138946 0.00271807 -0.00144541 0.00275557 0.740014 0.000794358 0.586338 0.00094115 
5 1.5 23000000 4.16917 0.00871761 -4.28757 0.00483441 20.1931 0.0384869 513.956 1.60675 0.000138946 0.00270117 -0.00144541 0.00275557 0.740014 0.000794358 0.586338 0.00094115 
5 1.5 23250000 4.16917 0.00871761 -4.28757 0.00487886 20.1931 0.0388125 513.956 1.61762 0.000138946 0.00268275 -0.00144541 0.00275557 0.740014 0.000794358 0.586338 0.00094115 
5 1.5 23500000 4.16917 0.00871761 -4.28757 0.00487886 20.1931 0.0388125 513.956 1.61762 0.000138946 0.00267851 -0.00144541 0.00275557 0.740014 0.000794358 0.586338 0.00094115 
5 1.5 23750000 4.16917 0.00900985 -4.28757 0.00484528 20.1931 0.0386792 513.956 1.61386 0.000138946 0.00265202 -0.00144541 0.00268206 0.740014 0.000794358 0.586338 0.00094115 
5 1.5 24000000 4.16917 0.00900985 -4.28757 0.00484528 20.1931 0.0386792 513.956 1.61386 0.000138946 0.00263046 -0.00144541 0.00268206 0.740014 0.000794358 0.586338 0.00094115 
5 1.5 24250000 4.16917 0.00900985 -4.28757 0.00495995 20.1931 0.0397183 513.956 1.66468 0.000138946 0.00260645 -0.00144541 0.00268206 0.740014 0.000794358 0.586338 0.00094115 
5 1.5 24500000 4.16917 0.00900985 -4.28757 0.00495995 20.1931 0.0397183 513.956 1.66468 0.000138946 0.00257946 -0.00144541 0.00268206 0.740014 0.000794358 0.586338 0.00094115 
5 1.5 24750000 4.16298 0.00917471 -4.29232 0.00583353 20.2346 0.0469679 515.769 1.95263 8.43318e-05 0.00256177 -0.000858111 0.00278474 0.740611 0.000825216 0.58719 0.00110732 
5 1.5 25000000 4.16298 0.00917471 -4.29232 0.00583353 20.2346 0.0469679 515.769 1.95263 8.43318e-05 0.00254809 -0.000858111 0.00278474 0.740611 0.000825216 0.58719 0.00110732 
5 1.5 25250000 4.16298 0.00917471 -4.29232 0.00583353 20.2346 0.0469679 515.769 1.95263 8.43318e-05 0.00253168 -0.000858111 0.00278474 0.740611 0.000825216 0.58719 0.00110732 
5 1.5 25500000 4.16298 0.00917471 -4.29232 0.00583353 20.2346 0.0469679 515.769 1.95263 8.43318e-05 0.00250938 -0.000858111 0.00278474 0.740611 0.000825216 0.58719 0.00110732 
5 1.5 25750000 4.16298 0.00917471 -4.29232 0.00583353 20.2346 0.0469679 515.769 1.95263 8.43318e-05 0.00249563 -0.000858111 0.00268053 0.740611 0.000825216 0.58719 0.00110732 
5 1.5 26000000 4.16298 0.00917471 -4.29232 0.00583353 20.2346 0.0469679 515.769 1.95263 8.43318e-05 0.00248762 -0.000858111 0.00268053 0.740611 0.000825216 0.58719 0.00110732 
5 1.5 26250000 4.16298 0.00917471 -4.29232 0.00583353 20.2346 0.0469679 515.769 1.95263 8.43318e-05 0.00247271 -0.000858111 0.00268053 0.740611 0.000825216 0.58719 0.00110732 
5 1.5 26500000 4.16298 0.00917471 -4.29232 0.00583353 20.2346 0.0469679 515.769 1.95263 8.43318e-05 0.00245224 -0.000858111 0.00268053 0.740611 0.000825216 0.58719 0.00110732 
5 1.5 26750000 4.16594 0.00893257 -4.29186 0.00542408 20.231 0.0434885 515.537 1.8161 0.000821428 0.00243279 -0.00146198 0.00260767 0.740655 0.000771207 0.587284 0.00102612 
5 1.5 27000000 4.16594 0.00893257 -4.29186 0.00542408 20.231 0.0434885 515.537 1.8161 0.000821428 0.00241336 -0.00146198 0.00260767 0.740655 0.000771207 0.587284 0.00102612 
5 1.5 27250000 4.16594 0.00893257 -4.29186 0.00542408 20.231 0.0434885 515.537 1.8161 0.000821428 0.00240846 -0.00146198 0.00260767 0.740655 0.000771207 0.587284 0.00102612 
5 1.5 27500000 4.16594 0.00893257 -4.29186 0.00542408 20.231 0.0434885 515.537 1.8161 0.000821428 0.00238898 -0.00146198 0.00260767 0.740655 0.000771207 0.587284 0.00102612 
5 1.5 27750000 4.16594 0.00893257 -4.29186 0.00542408 20.231 0.0434885 515.537 1.8161 0.000821428 0.00236733 -0.00146198 0.00255838 0.740655 0.000771207 0.587284 0.00102612 
5 1.5 28000000 4.16594 0.00893257 -4.29186 0.00542408 20.231 0.0434885 515.537 1.8161 0.000821428 0.00235999 -0.00146198 0.00255838 0.740655 0.000771207 0.587284 0.00102612 
5 1.5 28250000 4.16594 0.00893257 -4.29186 0.00542408 20.231 0.0434885 515.537 1.8161 0.000821428 0.00233908 -0.00146198 0.00255838 0.740655 0.000771207 0.587284 0.00102612 
5 1.5 28500000 4.16594 0.00893257 -4.29186 0.00542408 20.231 0.0434885 515.537 1.8161 0.000821428 0.00233878 -0.00146198 0.00255838 0.740655 0.000771207 0.587284 0.00102612 
5 1.5 28750000 4.16636 0.00830458 -4.29258 0.00506496 20.2372 0.0408137 515.765 1.70052 0.00146035 0.00233084 -0.000590404 0.002494 0.740757 0.000715229 0.587429 0.000962982 
5 1.5 29000000 4.16636 0.00830458 -4.29258 0.00506496 20.2372 0.0408137 515.765 1.70052 0.00146035 0.0023243 -0.000590404 0.002494 0.740757 0.000715229 0.587429 0.000962982 
5 1.5 29250000 4.16636 0.00830458 -4.29258 0.00506496 20.2372 0.0408137 515.765 1.70052 0.00146035 0.00232819 -0.000590404 0.002494 0.740757 0.000715229 0.587429 0.000962982 
5 1.5 29500000 4.16636 0.00830458 -4.29258 0.00506496 20.2372 0.0408137 515.765 1.70052 0.00146035 0.00230967 -0.000590404 0.002494 0.740757 0.000715229 0.587429 0.000962982 
5 1.5 29750000 4.16636 0.00830458 -4.29258 0.00506496 20.2372 0.0408137 515.765 1.70052 0.00146035 0.00229093 -0.000590404 0.00242643 0.740757 0.000715229 0.587429 0.000962982 
5 1.5 30000000 4.16636 0.00830458 -4.29258 0.00506496 20.2372 0.0408137 515.765 1.70052 0.00146035 0.00227902 -0.000590404 0.00242643 0.740757 0.000715229 0.587429 0.000962982 
5 1.5 30250000 4.16636 0.00830458 -4.29258 0.00506496 20.2372 0.0408137 515.765 1.70052 0.00146035 0.00226738 -0.000590404 0.00242643 0.740757 0.000715229 0.587429 0.000962982 
5 1.5 30500000 4.16636 0.00830458 -4.29258 0.00506496 20.2372 0.0408137 515.765 1.70052 0.00146035 0.00225277 -0.000590404 0.00242643 0.740757 0.000715229 0.587429 0.000962982 
5 1.5 30750000 4.16149 0.00906889 -4.2945 0.00507619 20.2528 0.0409923 516.42 1.7087 0.00191638 0.00223927 -0.000314178 0.00241387 0.740951 0.000693398 0.587676 0.000930082 
5 1.5 31000000 4.16149 0.00906889 -4.2945 0.00507619 20.2528 0.0409923 516.42 1.7087 0.00191638 0.00222944 -0.000314178 0.00241387 0.740951 0.000693398 0.587676 0.000930082 
5 1.5 31250000 4.16149 0.00906889 -4.2945 0.00507619 20.2528 0.0409923 516.42 1.7087 0.00191638 0.00221955 -0.000314178 0.00241387 0.740951 0.000693398 0.587676 0.000930082 
5 1.5 31500000 4.16149 0.00906889 -4.2945 0.00507619 20.2528 0.0409923 516.42 1.7087 0.00191638 0.0022065 -0.000314178 0.00241387 0.740951 0.000693398 0.587676 0.000930082 
5 1.5 31750000 4.16149 0.00906889 -4.2945 0.00507619 20.2528 0.0409923 516.42 1.7087 0.00191638 0.00219148 -0.000314178 0.00241387 0.740951 0.000693398 0.587676 0.000930082 
5 1.5 32000000 4.16149 0.00906889 -4.2945 0.00507619 20.2528 0.0409923 516.42 1.7087 0.00191638 0.00217871 -0.000314178 0.00237523 0.740951 0.000693398 0.587676 0.000930082 
5 1.5 32250000 4.16149 0.00906889 -4.2945 0.00507619 20.2528 0.0409923 516.42 1.7087 0.00191638 0.00216429 -0.000314178 0.00237523 0.740951 0.000693398 0.587676 0.000930082 
5 1.5 32500000 4.16149 0.00906889 -4.2945 0.00507619 20.2528 0.0409923 516.42 1.7087 0.00191638 0.00214988 -0.000314178 0.00237523 0.740951 0.000693398 0.587676 0.000930082 
5 1.5 32750000 4.16149 0.00906889 -4.2945 0.00507619 20.2528 0.0409923 516.42 1.7087 0.00191638 0.00215094 -0.000314178 0.00237523 0.740951 0.000693398 0.587676 0.000930082 
5 1.5 33000000 4.16368 0.00876256 -4.29412 0.00477276 20.2502 0.0385164 516.277 1.60789 0.00181247 0.00213563 -0.000697313 0.00230161 0.740868 0.000655049 0.587598 0.000875254 
5 1.5 33250000 4.16368 0.00876256 -4.29412 0.00477276 20.2502 0.0385164 516.277 1.60789 0.00181247 0.00212084 -0.000697313 0.00230161 0.740868 0.000655049 0.587598 0.000875254 
5 1.5 33500000 4.16368 0.00876256 -4.29412 0.00477276 20.2502 0.0385164 516.277 1.60789 0.00181247 0.00211919 -0.000697313 0.00230161 0.740868 0.000655049 0.587598 0.000875254 
5 1.5 33750000 4.16368 0.00876256 -4.29412 0.00477276 20.2502 0.0385164 516.277 1.60789 0.00181247 0.00212371 -0.000697313 0.00230161 0.740868 0.000655049 0.587598 0.000875254 
5 1.5 34000000 4.16368 0.00876256 -4.29412 0.00477276 20.2502 0.0385164 516.277 1.60789 0.00181247 0.00210784 -0.000697313 0.00223215 0.740868 0.000655049 0.587598 0.000875254 
5 1.5 34250000 4.16368 0.00876256 -4.29412 0.00477276 20.2502 0.0385164 516.277 1.60789 0.00181247 0.00210312 -0.000697313 0.00223215 0.740868 0.000655049 0.587598 0.000875254 
5 1.5 34500000 4.16368 0.00876256 -4.29412 0.00477276 20.2502 0.0385164 516.277 1.60789 0.00181247 0.00209512 -0.000697313 0.00223215 0.740868 0.000655049 0.587598 0.000875254 
5 1.5 34750000 4.16368 0.00876256 -4.29412 0.00477276 20.2502 0.0385164 516.277 1.60789 0.00181247 0.00211053 -0.000697313 0.00223215 0.740868 0.000655049 0.587598 0.000875254 
5 1.5 35000000 4.16382 0.00824819 -4.29403 0.00449287 20.2498 0.0362523 516.331 1.51423 0.00164327 0.00209937 -0.000460786 0.00217549 0.7408 0.000620032 0.587483 0.000831283 
5 1.5 35250000 4.16382 0.00824819 -4.29403 0.00449287 20.2498 0.0362523 516.331 1.51423 0.00164327 0.00208962 -0.000460786 0.00217549 0.7408 0.000620032 0.587483 0.000831283 
5 1.5 35500000 4.16382 0.00824819 -4.29403 0.00449287 20.2498 0.0362523 516.331 1.51423 0.00164327 0.00209138 -0.000460786 0.00217549 0.7408 0.000620032 0.587483 0.000831283 
5 1.5 35750000 4.16382 0.00824819 -4.29403 0.00449287 20.2498 0.0362523 516.331 1.51423 0.00164327 0.00208154 -0.000460786 0.00217549 0.7408 0.000620032 0.587483 0.000831283 
5 1.5 36000000 4.16382 0.00824819 -4.29403 0.00449287 20.2498 0.0362523 516.331 1.51423 0.00164327 0.00206999 -0.000460786 0.0022081 0.7408 0.000620032 0.587483 0.000831283 
5 1.5 36250000 4.16382 0.00824819 -4.29403 0.00449287 20.2498 0.0362523 516.331 1.51423 0.00164327 0.00206175 -0.000460786 0.0022081 0.7408 0.000620032 0.587483 0.000831283 
5 1.5 36500000 4.16382 0.00824819 -4.29403 0.00449287 20.2498 0.0362523 516.331 1.51423 0.00164327 0.00205625 -0.000460786 0.0022081 0.7408 0.000620032 0.587483 0.000831283 
5 1.5 36750000 4.16382 0.00824819 -4.29403 0.00449287 20.2498 0.0362523 516.331 1.51423 0.00164327 0.00205062 -0.000460786 0.0022081 0.7408 0.000620032 0.587483 0.000831283 
5 1.5 37000000 4.16479 0.00784755 -4.29345 0.0042811 20.2454 0.0345134 516.138 1.44231 0.000453361 0.00210862 -0.000724306 0.0021802 0.740692 0.000595003 0.587383 0.000791047 
5 1.5 37250000 4.16479 0.00784755 -4.29345 0.0042811 20.2454 0.0345134 516.138 1.44231 0.000453361 0.00210862 -0.000724306 0.0021802 0.740692 0.000595003 0.587383 0.000791047 
5 1.5 37500000 4.16479 0.00784755 -4.29345 0.0042811 20.2454 0.0345134 516.138 1.44231 0.000453361 0.00210862 -0.000724306 0.0021802 0.740692 0.000595003 0.587383 0.000791047 
5 1.5 37750000 4.16479 0.00784755 -4.29345 0.0042811 20.2454 0.0345134 516.138 1.44231 0.000453361 0.00210862 -0.000724306 0.0021802 0.740692 0.000595003 0.587383 0.000791047 
5 1.5 38000000 4.16479 0.00784755 -4.29345 0.0042811 20.2454 0.0345134 516.138 1.44231 0.000453361 0.00210862 -0.000724306 0.00218178 0.740692 0.000595003 0.587383 0.000791047 
5 1.5 38250000 4.16479 0.00784755 -4.29345 0.0042811 20.2454 0.0345134 516.138 1.44231 0.000453361 0.00210862 -0.000724306 0.00218178 0.740692 0.000595003 0.587383 0.000791047 
5 1.5 38500000 4.16479 0.00784755 -4.29345 0.0042811 20.2454 0.0345134 516.138 1.44231 0.000453361 0.00210862 -0.000724306 0.00218178 0.740692 0.000595003 0.587383 0.000791047 
5 1.5 38750000 4.16479 0.00784755 -4.29345 0.0042811 20.2454 0.0345134 516.138 1.44231 0.000453361 0.00210862 -0.000724306 0.00218178 0.740692 0.000595003 0.587383 0.000791047 
5 1.5 39000000 4.16314 0.00760757 -4.29334 0.00405712 20.2449 0.0326999 516.116 1.36657 -0.000270451 0.00210862 -0.00114399 0.00212655 0.740589 0.000572479 0.587236 0.000763025 
5 1.5 39250000 4.16314 0.00760757 -4.29334 0.00405712 20.2449 0.0326999 516.116 1.36657 -0.000270451 0.00210862 -0.00114399 0.00212655 0.740589 0.000572479 0.587236 0.000763025 
5 1.5 39500000 4.16314 0.00760757 -4.29334 0.00405712 20.2449 0.0326999 516.116 1.36657 -0.000270451 0.00210862 -0.00114399 0.00212655 0.740589 0.000572479 0.587236 0.000763025 
5 1.5 39750000 4.16314 0.00760757 -4.29334 0.00405712 20.2449 0.0326999 516.116 1.36657 -0.000270451 0.00210862 -0.00114399 0.00212655 0.740589 0.000572479 0.587236 0.000763025 
5 1.5 40000000 4.16314 0.00760757 -4.29334 0.00405712 20.2449 0.0326999 516.116 1.36657 -0.000270451 0.00210862 -0.00114399 0.00212352 0.740589 0.000572479 0.587236 0.000763025 
5 1.5 40250000 4.16314 0.00760757 -4.29334 0.00405712 20.2449 0.0326999 516.116 1.36657 -0.000270451 0.00210862 -0.00114399 0.00212352 0.740589 0.000572479 0.587236 0.000763025 
5 1.5 40500000 4.16314 0.00760757 -4.29334 0.00405712 20.2449 0.0326999 516.116 1.36657 -0.000270451 0.00210862 -0.00114399 0.00212352 0.740589 0.000572479 0.587236 0.000763025 
5 1.5 40750000 4.16314 0.00760757 -4.29334 0.00405712 20.2449 0.0326999 516.116 1.36657 -0.000270451 0.00210862 -0.00114399 0.00212352 0.740589 0.000572479 0.587236 0.000763025 
5 1.5 41000000 4.16571 0.00764998 -4.29242 0.00395775 20.2362 0.0321929 515.644 1.37716 0.000310411 0.00205645 -0.00105352 0.00214335 0.740531 0.000610769 0.587125 0.000791397 
5 1.5 41250000 4.16571 0.00764998 -4.29242 0.00395775 20.2362 0.0321929 515.644 1.37716 0.000310411 0.00205645 -0.00105352 0.00214335 0.740531 0.000610769 0.587125 0.000791397 
5 1.5 41500000 4.16571 0.00764998 -4.29242 0.00395775 20.2362 0.0321929 515.644 1.37716 0.000310411 0.00205645 -0.00105352 0.00214335 0.740531 0.000610769 0.587125 0.000791397 
5 1.5 41750000 4.16571 0.00764998 -4.29242 0.00395775 20.2362 0.0321929 515.644 1.37716 0.000310411 0.00205645 -0.00105352 0.00214335 0.740531 0.000610769 0.587125 0.000791397 
5 1.5 42000000 4.16571 0.00764998 -4.29242 0.00395775 20.2362 0.0321929 515.644 1.37716 0.000310411 0.00205645 -0.00105352 0.00214335 0.740531 0.000610769 0.587125 0.000791397 
5 1.5 42250000 4.16571 0.00764998 -4.29242 0.00395775 20.2362 0.0321929 515.644 1.37716 0.000310411 0.00205645 -0.00105352 0.00212394 0.740531 0.000610769 0.587125 0.000791397 
5 1.5 42500000 4.16571 0.00764998 -4.29242 0.00395775 20.2362 0.0321929 515.644 1.37716 0.000310411 0.00205645 -0.00105352 0.00212394 0.740531 0.000610769 0.587125 0.000791397 
5 1.5 42750000 4.16571 0.00764998 -4.29242 0.00395775 20.2362 0.0321929 515.644 1.37716 0.000310411 0.00205645 -0.00105352 0.00212394 0.740531 0.000610769 0.587125 0.000791397 
5 1.5 43000000 4.16571 0.00764998 -4.29242 0.00395775 20.2362 0.0321929 515.644 1.37716 0.000310411 0.00205645 -0.00105352 0.00212394 0.740531 0.000610769 0.587125 0.000791397 
5 1.5 43250000 4.16571 0.00737134 -4.29242 0.00381687 20.2362 0.0306622 515.644 1.31199 0.000310411 0.00203289 -0.00105352 0.00207633 0.740531 0.000610769 0.587125 0.000791397 
5 1.5 43500000 4.16571 0.00737134 -4.29242 0.00381687 20.2362 0.0306622 515.644 1.31199 0.000310411 0.00203289 -0.00105352 0.00207633 0.740531 0.000610769 0.587125 0.000791397 
5 1.5 43750000 4.16571 0.00737134 -4.29242 0.00381687 20.2362 0.0306622 515.644 1.31199 0.000310411 0.00203289 -0.00105352 0.00207633 0.740531 0.000610769 0.587125 0.000791397 
5 1.5 44000000 4.16571 0.00737134 -4.29242 0.00381687 20.2362 0.0306622 515.644 1.31199 0.000310411 0.00203289 -0.00105352 0.00207633 0.740531 0.000610769 0.587125 0.000791397 
5 1.5 44250000 4.16571 0.00737134 -4.29242 0.00381687 20.2362 0.0306622 515.644 1.31199 0.000310411 0.00203289 -0.00105352 0.00204147 0.740531 0.000610769 0.587125 0.000791397 
5 1.5 44500000 4.16571 0.00737134 -4.29242 0.00381687 20.2362 0.0306622 515.644 1.31199 0.000310411 0.00203289 -0.00105352 0.00204147 0.740531 0.000610769 0.587125 0.000791397 
5 1.5 44750000 4.16571 0.00737134 -4.29242 0.00381687 20.2362 0.0306622 515.644 1.31199 0.000310411 0.00203289 -0.00105352 0.00204147 0.740531 0.000610769 0.587125 0.000791397 
5 1.5 45000000 4.16571 0.00737134 -4.29242 0.00381687 20.2362 0.0306622 515.644 1.31199 0.000310411 0.00203289 -0.00105352 0.00204147 0.740531 0.000610769 0.587125 0.000791397 
5 1.5 45250000 4.1679 0.00775604 -4.29189 0.00381687 20.2315 0.0296878 515.426 1.27634 -0.000116767 0.00203289 -0.000495313 0.00201781 0.740459 0.000610769 0.587024 0.000791397 
5 1.5 45500000 4.1679 0.00775604 -4.29189 0.00381687 20.2315 0.0296878 515.426 1.27634 -0.000116767 0.00203289 -0.000495313 0.00201781 0.740459 0.000610769 0.587024 0.000791397 
5 1.5 45750000 4.1679 0.00775604 -4.29189 0.00381687 20.2315 0.0296878 515.426 1.27634 -0.000116767 0.00203289 -0.000495313 0.00201781 0.740459 0.000610769 0.587024 0.000791397 
5 1.5 46000000 4.1679 0.00775604 -4.29189 0.00381687 20.2315 0.0296878 515.426 1.27634 -0.000116767 0.00203289 -0.000495313 0.00201781 0.740459 0.000610769 0.587024 0.000791397 
5 1.5 46250000 4.1679 0.00775604 -4.29189 0.00381687 20.2315 0.0296878 515.426 1.27634 -0.000116767 0.00203289 -0.000495313 0.00200426 0.740459 0.000610769 0.587024 0.000791397 
5 1.5 46500000 4.1679 0.00775604 -4.29189 0.00381687 20.2315 0.0296878 515.426 1.27634 -0.000116767 0.00203289 -0.000495313 0.00200426 0.740459 0.000610769 0.587024 0.000791397 
5 1.5 46750000 4.1679 0.00775604 -4.29189 0.00381687 20.2315 0.0296878 515.426 1.27634 -0.000116767 0.00203289 -0.000495313 0.00200426 0.740459 0.000610769 0.587024 0.000791397 
5 1.5 47000000 4.1679 0.00775604 -4.29189 0.00381687 20.2315 0.0296878 515.426 1.27634 -0.000116767 0.00203289 -0.000495313 0.00200426 0.740459 0.000610769 0.587024 0.000791397 
5 1.5 47250000 4.1679 0.00753556 -4.29189 0.00381687 20.2315 0.0289421 515.426 1.23292 -0.000116767 0.00203289 -0.000495313 0.00196341 0.740459 0.000610769 0.587024 0.000791397 
5 1.5 47500000 4.1679 0.00753556 -4.29189 0.00381687 20.2315 0.0289421 515.426 1.23292 -0.000116767 0.00203289 -0.000495313 0.00196341 0.740459 0.000610769 0.587024 0.000791397 
5 1.5 47750000 4.1679 0.00753556 -4.29189 0.00381687 20.2315 0.0289421 515.426 1.23292 -0.000116767 0.00203289 -0.000495313 0.00196341 0.740459 0.000610769 0.587024 0.000791397 
5 1.5 48000000 4.1679 0.00753556 -4.29189 0.00381687 20.2315 0.0289421 515.426 1.23292 -0.000116767 0.00203289 -0.000495313 0.00196341 0.740459 0.000610769 0.587024 0.000791397 
5 1.5 48250000 4.1679 0.00753556 -4.29189 0.00381687 20.2315 0.0289421 515.426 1.23292 -0.000116767 0.00203289 -0.000495313 0.00193081 0.740459 0.000610769 0.587024 0.000791397 
5 1.5 48500000 4.1679 0.00753556 -4.29189 0.00381687 20.2315 0.0289421 515.426 1.23292 -0.000116767 0.00203289 -0.000495313 0.00193081 0.740459 0.000610769 0.587024 0.000791397 
5 1.5 48750000 4.1679 0.00753556 -4.29189 0.00381687 20.2315 0.0289421 515.426 1.23292 -0.000116767 0.00203289 -0.000495313 0.00193081 0.740459 0.000610769 0.587024 0.000791397 
5 1.5 49000000 4.1679 0.00753556 -4.29189 0.00381687 20.2315 0.0289421 515.426 1.23292 -0.000116767 0.00203289 -0.000495313 0.00193081 0.740459 0.000610769 0.587024 0.000791397 
5 1.5 49250000 4.16922 0.00722165 -4.29092 0.00346269 20.2241 0.0277868 515.222 1.18186 -0.000947065 0.00204636 -0.00130058 0.00189672 0.740307 0.00054869 0.586872 0.000698875 
5 1.5 49500000 4.16922 0.00722165 -4.29092 0.00346269 20.2241 0.0277868 515.222 1.18186 -0.000947065 0.00204636 -0.00130058 0.00189672 0.740307 0.00054869 0.586872 0.000698875 
5 1.5 49750000 4.16922 0.00722165 -4.29092 0.00346269 20.2241 0.0277868 515.222 1.18186 -0.000947065 0.00204636 -0.00130058 0.00189672 0.740307 0.00054869 0.586872 0.000698875 
5 1.5 50000000 4.16922 0.00722165 -4.29092 0.00346269 20.2241 0.0277868 515.222 1.18186 -0.000947065 0.00204636 -0.00130058 0.00189672 0.740307 0.00054869 0.586872 0.000698875 
5 1.5 50250000 4.16922 0.00722165 -4.29092 0.00346269 20.2241 0.0277868 515.222 1.18186 -0.000947065 0.00204636 -0.00130058 0.00191255 0.740307 0.00054869 0.586872 0.000698875 
5 1.5 50500000 4.16922 0.00722165 -4.29092 0.00346269 20.2241 0.0277868 515.222 1.18186 -0.000947065 0.00204636 -0.00130058 0.00191255 0.740307 0.00054869 0.586872 0.000698875 
5 1.5 50750000 4.16922 0.00722165 -4.29092 0.00346269 20.2241 0.0277868 515.222 1.18186 -0.000947065 0.00204636 -0.00130058 0.00191255 0.740307 0.00054869 0.586872 0.000698875 
5 1.5 51000000 4.16922 0.00722165 -4.29092 0.00346269 20.2241 0.0277868 515.222 1.18186 -0.000947065 0.00204636 -0.00130058 0.00191255 0.740307 0.00054869 0.586872 0.000698875 
5 1.5 51250000 4.16922 0.00706261 -4.29092 0.00346269 20.2241 0.0270986 515.222 1.15249 -0.000947065 0.00204636 -0.00130058 0.00188475 0.740307 0.00054869 0.586872 0.000698875 
5 1.5 51500000 4.16922 0.00706261 -4.29092 0.00346269 20.2241 0.0270986 515.222 1.15249 -0.000947065 0.00204636 -0.00130058 0.00188475 0.740307 0.00054869 0.586872 0.000698875 
5 1.5 51750000 4.16922 0.00706261 -4.29092 0.00346269 20.2241 0.0270986 515.222 1.15249 -0.000947065 0.00204636 -0.00130058 0.00188475 0.740307 0.00054869 0.586872 0.000698875 
5 1.5 52000000 4.16922 0.00706261 -4.29092 0.00346269 20.2241 0.0270986 515.222 1.15249 -0.000947065 0.00204636 -0.00130058 0.00188475 0.740307 0.00054869 0.586872 0.000698875 
5 1.5 52250000 4.16922 0.00706261 -4.29092 0.00346269 20.2241 0.0270986 515.222 1.15249 -0.000947065 0.00204636 -0.00130058 0.00188193 0.740307 0.00054869 0.586872 0.000698875 
5 1.5 52500000 4.16922 0.00706261 -4.29092 0.00346269 20.2241 0.0270986 515.222 1.15249 -0.000947065 0.00204636 -0.00130058 0.00188193 0.740307 0.00054869 0.586872 0.000698875 
5 1.5 52750000 4.16922 0.00706261 -4.29092 0.00346269 20.2241 0.0270986 515.222 1.15249 -0.000947065 0.00204636 -0.00130058 0.00188193 0.740307 0.00054869 0.586872 0.000698875 
5 1.5 53000000 4.16922 0.00706261 -4.29092 0.00346269 20.2241 0.0270986 515.222 1.15249 -0.000947065 0.00204636 -0.00130058 0.00188193 0.740307 0.00054869 0.586872 0.000698875 
5 1.5 53250000 4.16922 0.00706261 -4.29092 0.00346269 20.2241 0.0270986 515.222 1.15249 -0.000947065 0.00204636 -0.00130058 0.00188193 0.740307 0.00054869 0.586872 0.000698875 
5 1.5 53500000 4.16763 0.00738718 -4.29141 0.00346269 20.2298 0.028045 515.505 1.20756 -0.00131077 0.00204636 -0.000693922 0.00184577 0.740382 0.00054869 0.586952 0.000698875 
5 1.5 53750000 4.16763 0.00738718 -4.29141 0.00346269 20.2298 0.028045 515.505 1.20756 -0.00131077 0.00204636 -0.000693922 0.00184577 0.740382 0.00054869 0.586952 0.000698875 
5 1.5 54000000 4.16763 0.00738718 -4.29141 0.00346269 20.2298 0.028045 515.505 1.20756 -0.00131077 0.00204636 -0.000693922 0.00184577 0.740382 0.00054869 0.586952 0.000698875 
5 1.5 54250000 4.16763 0.00738718 -4.29141 0.00346269 20.2298 0.028045 515.505 1.20756 -0.00131077 0.00204636 -0.000693922 0.00184577 0.740382 0.00054869 0.586952 0.000698875 
5 1.5 54500000 4.16763 0.00738718 -4.29141 0.00346269 20.2298 0.028045 515.505 1.20756 -0.00131077 0.00204636 -0.000693922 0.00184899 0.740382 0.00054869 0.586952 0.000698875 
5 1.5 54750000 4.16763 0.00738718 -4.29141 0.00346269 20.2298 0.028045 515.505 1.20756 -0.00131077 0.00204636 -0.000693922 0.00184899 0.740382 0.00054869 0.586952 0.000698875 
5 1.5 55000000 4.16763 0.00738718 -4.29141 0.00346269 20.2298 0.028045 515.505 1.20756 -0.00131077 0.00204636 -0.000693922 0.00184899 0.740382 0.00054869 0.586952 0.000698875 
5 1.5 55250000 4.16763 0.00738718 -4.29141 0.00346269 20.2298 0.028045 515.505 1.20756 -0.00131077 0.00204636 -0.000693922 0.00184899 0.740382 0.00054869 0.586952 0.000698875 
5 1.5 55500000 4.16763 0.00713256 -4.29141 0.00346269 20.2298 0.0270596 515.505 1.16442 -0.00131077 0.00204636 -0.000693922 0.00181865 0.740382 0.00054869 0.586952 0.000698875 
5 1.5 55750000 4.16763 0.00713256 -4.29141 0.00346269 20.2298 0.0270596 515.505 1.16442 -0.00131077 0.00204636 -0.000693922 0.00181865 0.740382 0.00054869 0.586952 0.000698875 
5 1.5 56000000 4.16763 0.00713256 -4.29141 0.00346269 20.2298 0.0270596 515.505 1.16442 -0.00131077 0.00204636 -0.000693922 0.00181865 0.740382 0.00054869 0.586952 0.000698875 
5 1.5 56250000 4.16763 0.00713256 -4.29141 0.00346269 20.2298 0.0270596 515.505 1.16442 -0.00131077 0.00204636 -0.000693922 0.00181865 0.740382 0.00054869 0.586952 0.000698875 
5 1.5 56500000 4.16763 0.00713256 -4.29141 0.00346269 20.2298 0.0270596 515.505 1.16442 -0.00131077 0.00204636 -0.000693922 0.00179599 0.740382 0.00054869 0.586952 0.000698875 
5 1.5 56750000 4.16763 0.00713256 -4.29141 0.00346269 20.2298 0.0270596 515.505 1.16442 -0.00131077 0.00204636 -0.000693922 0.00179599 0.740382 0.00054869 0.586952 0.000698875 
5 1.5 57000000 4.16763 0.00713256 -4.29141 0.00346269 20.2298 0.0270596 515.505 1.16442 -0.00131077 0.00204636 -0.000693922 0.00179599 0.740382 0.00054869 0.586952 0.000698875 
5 1.5 57250000 4.16763 0.00713256 -4.29141 0.00346269 20.2298 0.0270596 515.505 1.16442 -0.00131077 0.00204636 -0.000693922 0.00179599 0.740382 0.00054869 0.586952 0.000698875 
5 1.5 57500000 4.16719 0.00687842 -4.29136 0.00317562 20.2291 0.0262068 515.503 1.1246 -0.00123695 0.00177444 -0.00018625 0.0017648 0.740346 0.00047171 0.586894 0.000599385 
5 1.5 57750000 4.16719 0.00687842 -4.29136 0.00317562 20.2291 0.0262068 515.503 1.1246 -0.00123695 0.00177444 -0.00018625 0.0017648 0.740346 0.00047171 0.586894 0.000599385 
5 1.5 58000000 4.16719 0.00687842 -4.29136 0.00317562 20.2291 0.0262068 515.503 1.1246 -0.00123695 0.00177444 -0.00018625 0.0017648 0.740346 0.00047171 0.586894 0.000599385 
5 1.5 58250000 4.16719 0.00687842 -4.29136 0.00317562 20.2291 0.0262068 515.503 1.1246 -0.00123695 0.00177444 -0.00018625 0.0017648 0.740346 0.00047171 0.586894 0.000599385 
5 1.5 58500000 4.16719 0.00687842 -4.29136 0.00317562 20.2291 0.0262068 515.503 1.1246 -0.00123695 0.00177444 -0.00018625 0.00179104 0.740346 0.00047171 0.586894 0.000599385 
5 1.5 58750000 4.16719 0.00687842 -4.29136 0.00317562 20.2291 0.0262068 515.503 1.1246 -0.00123695 0.00177444 -0.00018625 0.00179104 0.740346 0.00047171 0.586894 0.000599385 
5 1.5 59000000 4.16719 0.00687842 -4.29136 0.00317562 20.2291 0.0262068 515.503 1.1246 -0.00123695 0.00177444 -0.00018625 0.00179104 0.740346 0.00047171 0.586894 0.000599385 
5 1.5 59250000 4.16719 0.00687842 -4.29136 0.00317562 20.2291 0.0262068 515.503 1.1246 -0.00123695 0.00177444 -0.00018625 0.00179104 0.740346 0.00047171 0.586894 0.000599385 
5 1.5 59500000 4.16719 0.00664227 -4.29136 0.00318714 20.2291 0.0259463 515.503 1.10011 -0.00123695 0.00177444 -0.00018625 0.00176246 0.740346 0.00047171 0.586894 0.000599385 
5 1.5 59750000 4.16719 0.00664227 -4.29136 0.00318714 20.2291 0.0259463 515.503 1.10011 -0.00123695 0.00177444 -0.00018625 0.00176246 0.740346 0.00047171 0.586894 0.000599385 
5 1.5 60000000 4.16719 0.00664227 -4.29136 0.00318714 20.2291 0.0259463 515.503 1.10011 -0.00123695 0.00177444 -0.00018625 0.00176246 0.740346 0.00047171 0.586894 0.000599385 
5 1.5 60250000 4.16719 0.00664227 -4.29136 0.00318714 20.2291 0.0259463 515.503 1.10011 -0.00123695 0.00177444 -0.00018625 0.00176246 0.740346 0.00047171 0.586894 0.000599385 
5 1.5 60500000 4.16719 0.00664227 -4.29136 0.00318714 20.2291 0.0259463 515.503 1.10011 -0.00123695 0.00177444 -0.00018625 0.00173891 0.740346 0.00047171 0.586894 0.000599385 
5 1.5 60750000 4.16719 0.00664227 -4.29136 0.00318714 20.2291 0.0259463 515.503 1.10011 -0.00123695 0.00177444 -0.00018625 0.00173891 0.740346 0.00047171 0.586894 0.000599385 
5 1.5 61000000 4.16719 0.00664227 -4.29136 0.00318714 20.2291 0.0259463 515.503 1.10011 -0.00123695 0.00177444 -0.00018625 0.00173891 0.740346 0.00047171 0.586894 0.000599385 
5 1.5 61250000 4.16719 0.00664227 -4.29136 0.00318714 20.2291 0.0259463 515.503 1.10011 -0.00123695 0.00177444 -0.00018625 0.00173891 0.740346 0.00047171 0.586894 0.000599385 
5 1.5 61500000 4.16654 0.00646505 -4.29234 0.00308208 20.2345 0.0250839 515.651 1.0639 -0.0013956 0.00177444 0.000287139 0.00172933 0.740514 0.00047171 0.587051 0.000599385 
5 1.5 61750000 4.16654 0.00646505 -4.29234 0.00308208 20.2345 0.0250839 515.651 1.0639 -0.0013956 0.00177444 0.000287139 0.00172933 0.740514 0.00047171 0.587051 0.000599385 
5 1.5 62000000 4.16654 0.00646505 -4.29234 0.00308208 20.2345 0.0250839 515.651 1.0639 -0.0013956 0.00177444 0.000287139 0.00172933 0.740514 0.00047171 0.587051 0.000599385 
5 1.5 62250000 4.16654 0.00646505 -4.29234 0.00308208 20.2345 0.0250839 515.651 1.0639 -0.0013956 0.00177444 0.000287139 0.00172933 0.740514 0.00047171 0.587051 0.000599385 
5 1.5 62500000 4.16654 0.00646505 -4.29234 0.00308208 20.2345 0.0250839 515.651 1.0639 -0.0013956 0.00177444 0.000287139 0.00174593 0.740514 0.00047171 0.587051 0.000599385 
5 1.5 62750000 4.16654 0.00646505 -4.29234 0.00308208 20.2345 0.0250839 515.651 1.0639 -0.0013956 0.00177444 0.000287139 0.00174593 0.740514 0.00047171 0.587051 0.000599385 
5 1.5 63000000 4.16654 0.00646505 -4.29234 0.00308208 20.2345 0.0250839 515.651 1.0639 -0.0013956 0.00177444 0.000287139 0.00174593 0.740514 0.00047171 0.587051 0.000599385 
5 1.5 63250000 4.16654 0.00646505 -4.29234 0.00308208 20.2345 0.0250839 515.651 1.0639 -0.0013956 0.00177444 0.000287139 0.00174593 0.740514 0.00047171 0.587051 0.000599385 
5 1.5 63500000 4.16654 0.00646505 -4.29234 0.00308208 20.2345 0.0250839 515.651 1.0639 -0.0013956 0.00177444 0.000287139 0.00174593 0.740514 0.00047171 0.587051 0.000599385 
5 1.5 63750000 4.16654 0.00626058 -4.29234 0.00302886 20.2345 0.0242975 515.651 1.03582 -0.0013956 0.00177444 0.000287139 0.00171857 0.740514 0.00047171 0.587051 0.000599385 
5 1.5 64000000 4.16654 0.00626058 -4.29234 0.00302886 20.2345 0.0242975 515.651 1.03582 -0.0013956 0.00177444 0.000287139 0.00171857 0.740514 0.00047171 0.587051 0.000599385 
5 1.5 64250000 4.16654 0.00626058 -4.29234 0.00302886 20.2345 0.0242975 515.651 1.03582 -0.0013956 0.00177444 0.000287139 0.00171857 0.740514 0.00047171 0.587051 0.000599385 
5 1.5 64500000 4.16654 0.00626058 -4.29234 0.00302886 20.2345 0.0242975 515.651 1.03582 -0.0013956 0.00177444 0.000287139 0.00171857 0.740514 0.00047171 0.587051 0.000599385 
5 1.5 64750000 4.16654 0.00626058 -4.29234 0.00302886 20.2345 0.0242975 515.651 1.03582 -0.0013956 0.00177444 0.000287139 0.00170377 0.740514 0.00047171 0.587051 0.000599385 
5 1.5 65000000 4.16654 0.00626058 -4.29234 0.00302886 20.2345 0.0242975 515.651 1.03582 -0.0013956 0.00177444 0.000287139 0.00170377 0.740514 0.00047171 0.587051 0.000599385 
5 1.5 65250000 4.16654 0.00626058 -4.29234 0.00302886 20.2345 0.0242975 515.651 1.03582 -0.0013956 0.00177444 0.000287139 0.00170377 0.740514 0.00047171 0.587051 0.000599385 
5 1.5 65500000 4.16654 0.00626058 -4.29234 0.00302886 20.2345 0.0242975 515.651 1.03582 -0.0013956 0.00177444 0.000287139 0.00170377 0.740514 0.00047171 0.587051 0.000599385 
5 1.5 65750000 4.16558 0.00610783 -4.29304 0.00305576 20.2365 0.0235552 515.502 1.00399 -0.00125871 0.00158032 0.000414155 0.00171671 0.740697 0.000526998 0.587246 0.00061914 
5 1.5 66000000 4.16558 0.00610783 -4.29304 0.00305576 20.2365 0.0235552 515.502 1.00399 -0.00125871 0.00157952 0.000414155 0.00171671 0.740697 0.000526998 0.587246 0.00061914 
5 1.5 66250000 4.16558 0.00610783 -4.29304 0.00305576 20.2365 0.0235552 515.502 1.00399 -0.00125871 0.00157363 0.000414155 0.00171671 0.740697 0.000526998 0.587246 0.00061914 
5 1.5 66500000 4.16558 0.00610783 -4.29304 0.00305576 20.2365 0.0235552 515.502 1.00399 -0.00125871 0.00157068 0.000414155 0.00171671 0.740697 0.000526998 0.587246 0.00061914 
5 1.5 66750000 4.16558 0.00610783 -4.29304 0.00305576 20.2365 0.0235552 515.502 1.00399 -0.00125871 0.00156763 0.000414155 0.00169098 0.740697 0.000526998 0.587246 0.00061914 
5 1.5 67000000 4.16558 0.00610783 -4.29304 0.00305576 20.2365 0.0235552 515.502 1.00399 -0.00125871 0.00156308 0.000414155 0.00169098 0.740697 0.000526998 0.587246 0.00061914 
5 1.5 67250000 4.16558 0.00610783 -4.29304 0.00305576 20.2365 0.0235552 515.502 1.00399 -0.00125871 0.00156143 0.000414155 0.00169098 0.740697 0.000526998 0.587246 0.00061914 
5 1.5 67500000 4.16558 0.00610783 -4.29304 0.00305576 20.2365 0.0235552 515.502 1.00399 -0.00125871 0.00155694 0.000414155 0.00169098 0.740697 0.000526998 0.587246 0.00061914 
5 1.5 67750000 4.16558 0.00595151 -4.29304 0.00305576 20.2365 0.0229527 515.502 0.974656 -0.00125871 0.0015583 0.000414155 0.00166608 0.740697 0.000526998 0.587246 0.00061914 
5 1.5 68000000 4.16558 0.00595151 -4.29304 0.00305576 20.2365 0.0229527 515.502 0.974656 -0.00125871 0.00155955 0.000414155 0.00166608 0.740697 0.000526998 0.587246 0.00061914 
5 1.5 68250000 4.16558 0.00595151 -4.29304 0.00305576 20.2365 0.0229527 515.502 0.974656 -0.00125871 0.0015559 0.000414155 0.00166608 0.740697 0.000526998 0.587246 0.00061914 
5 1.5 68500000 4.16558 0.00595151 -4.29304 0.00305576 20.2365 0.0229527 515.502 0.974656 -0.00125871 0.00155299 0.000414155 0.00166608 0.740697 0.000526998 0.587246 0.00061914 
5 1.5 68750000 4.16558 0.00595151 -4.29304 0.00305576 20.2365 0.0229527 515.502 0.974656 -0.00125871 0.00155277 0.000414155 0.00165408 0.740697 0.000526998 0.587246 0.00061914 
5 1.5 69000000 4.16558 0.00595151 -4.29304 0.00305576 20.2365 0.0229527 515.502 0.974656 -0.00125871 0.00155277 0.000414155 0.00165408 0.740697 0.000526998 0.587246 0.00061914 
5 1.5 69250000 4.16558 0.00595151 -4.29304 0.00305576 20.2365 0.0229527 515.502 0.974656 -0.00125871 0.00155277 0.000414155 0.00165408 0.740697 0.000526998 0.587246 0.00061914 
5 1.5 69500000 4.16558 0.00595151 -4.29304 0.00305576 20.2365 0.0229527 515.502 0.974656 -0.00125871 0.00155277 0.000414155 0.00165408 0.740697 0.000526998 0.587246 0.00061914 
5 1.5 69750000 4.16477 0.00578057 -4.29291 0.00305576 20.237 0.0224505 515.587 0.954823 -0.00104431 0.00155277 0.000304514 0.00164131 0.740646 0.000526998 0.587194 0.00061914 
5 1.5 70000000 4.16477 0.00578057 -4.29291 0.00305576 20.237 0.0224505 515.587 0.954823 -0.00104431 0.00155277 0.000304514 0.00164131 0.740646 0.000526998 0.587194 0.00061914 
5 1.5 70250000 4.16477 0.00578057 -4.29291 0.00305576 20.237 0.0224505 515.587 0.954823 -0.00104431 0.00155277 0.000304514 0.00164131 0.740646 0.000526998 0.587194 0.00061914 
5 1.5 70500000 4.16477 0.00578057 -4.29291 0.00305576 20.237 0.0224505 515.587 0.954823 -0.00104431 0.00155277 0.000304514 0.00164131 0.740646 0.000526998 0.587194 0.00061914 
5 1.5 70750000 4.16477 0.00578057 -4.29291 0.00305576 20.237 0.0224505 515.587 0.954823 -0.00104431 0.00155277 0.000304514 0.0016203 0.740646 0.000526998 0.587194 0.00061914 
5 1.5 71000000 4.16477 0.00578057 -4.29291 0.00305576 20.237 0.0224505 515.587 0.954823 -0.00104431 0.00155277 0.000304514 0.0016203 0.740646 0.000526998 0.587194 0.00061914 
5 1.5 71250000 4.16477 0.00578057 -4.29291 0.00305576 20.237 0.0224505 515.587 0.954823 -0.00104431 0.00155277 0.000304514 0.0016203 0.740646 0.000526998 0.587194 0.00061914 
5 1.5 71500000 4.16477 0.00578057 -4.29291 0.00305576 20.237 0.0224505 515.587 0.954823 -0.00104431 0.00155277 0.000304514 0.0016203 0.740646 0.000526998 0.587194 0.00061914 
5 1.5 71750000 4.16477 0.00561567 -4.29291 0.00305576 20.237 0.0221003 515.587 0.929455 -0.00104431 0.00155277 0.000304514 0.00159819 0.740646 0.000526998 0.587194 0.00061914 
5 1.5 72000000 4.16477 0.00561567 -4.29291 0.00305576 20.237 0.0221003 515.587 0.929455 -0.00104431 0.00155277 0.000304514 0.00159819 0.740646 0.000526998 0.587194 0.00061914 
5 1.5 72250000 4.16477 0.00561567 -4.29291 0.00305576 20.237 0.0221003 515.587 0.929455 -0.00104431 0.00155277 0.000304514 0.00159819 0.740646 0.000526998 0.587194 0.00061914 
5 1.5 72500000 4.16477 0.00561567 -4.29291 0.00305576 20.237 0.0221003 515.587 0.929455 -0.00104431 0.00155277 0.000304514 0.00159819 0.740646 0.000526998 0.587194 0.00061914 
5 1.5 72750000 4.16477 0.00561567 -4.29291 0.00305576 20.237 0.0221003 515.587 0.929455 -0.00104431 0.00155277 0.000304514 0.00158359 0.740646 0.000526998 0.587194 0.00061914 
5 1.5 73000000 4.16477 0.00561567 -4.29291 0.00305576 20.237 0.0221003 515.587 0.929455 -0.00104431 0.00155277 0.000304514 0.00158359 0.740646 0.000526998 0.587194 0.00061914 
5 1.5 73250000 4.16477 0.00561567 -4.29291 0.00305576 20.237 0.0221003 515.587 0.929455 -0.00104431 0.00155277 0.000304514 0.00158359 0.740646 0.000526998 0.587194 0.00061914 
5 1.5 73500000 4.16477 0.00561567 -4.29291 0.00305576 20.237 0.0221003 515.587 0.929455 -0.00104431 0.00155277 0.000304514 0.00158359 0.740646 0.000526998 0.587194 0.00061914 
5 1.5 73750000 4.16477 0.00561567 -4.29291 0.00305576 20.237 0.0221003 515.587 0.929455 -0.00104431 0.00155277 0.000304514 0.00158359 0.740646 0.000526998 0.587194 0.00061914 
5 1.5 74000000 4.16604 0.00561532 -4.29229 0.00280797 20.2329 0.0214924 515.471 0.905319 -6.66654e-05 0.00177993 0.00030395 0.0015616 0.740621 0.000473856 0.587136 0.00056001 
5 1.5 74250000 4.16604 0.00561532 -4.29229 0.00280797 20.2329 0.0214924 515.471 0.905319 -6.66654e-05 0.00177993 0.00030395 0.0015616 0.740621 0.000473856 0.587136 0.00056001 
5 1.5 74500000 4.16604 0.00561532 -4.29229 0.00280797 20.2329 0.0214924 515.471 0.905319 -6.66654e-05 0.00177993 0.00030395 0.0015616 0.740621 0.000473856 0.587136 0.00056001 
5 1.5 74750000 4.16604 0.00561532 -4.29229 0.00280797 20.2329 0.0214924 515.471 0.905319 -6.66654e-05 0.00177993 0.00030395 0.0015616 0.740621 0.000473856 0.587136 0.00056001 
5 1.5 75000000 4.16604 0.00561532 -4.29229 0.00280797 20.2329 0.0214924 515.471 0.905319 -6.66654e-05 0.00177993 0.00030395 0.00154055 0.740621 0.000473856 0.587136 0.00056001 
5 1.5 75250000 4.16604 0.00561532 -4.29229 0.00280797 20.2329 0.0214924 515.471 0.905319 -6.66654e-05 0.00177993 0.00030395 0.00154055 0.740621 0.000473856 0.587136 0.00056001 
5 1.5 75500000 4.16604 0.00561532 -4.29229 0.00280797 20.2329 0.0214924 515.471 0.905319 -6.66654e-05 0.00177993 0.00030395 0.00154055 0.740621 0.000473856 0.587136 0.00056001 
5 1.5 75750000 4.16604 0.00561532 -4.29229 0.00280797 20.2329 0.0214924 515.471 0.905319 -6.66654e-05 0.00177993 0.00030395 0.00154055 0.740621 0.000473856 0.587136 0.00056001 
5 1.5 76000000 4.16604 0.00549357 -4.29229 0.00280797 20.2329 0.0209575 515.471 0.883146 -6.66654e-05 0.00177993 0.00030395 0.0015525 0.740621 0.000473856 0.587136 0.00056001 
5 1.5 76250000 4.16604 0.00549357 -4.29229 0.00280797 20.2329 0.0209575 515.471 0.883146 -6.66654e-05 0.00177993 0.00030395 0.0015525 0.740621 0.000473856 0.587136 0.00056001 
5 1.5 76500000 4.16604 0.00549357 -4.29229 0.00280797 20.2329 0.0209575 515.471 0.883146 -6.66654e-05 0.00177993 0.00030395 0.0015525 0.740621 0.000473856 0.587136 0.00056001 
5 1.5 76750000 4.16604 0.00549357 -4.29229 0.00280797 20.2329 0.0209575 515.471 0.883146 -6.66654e-05 0.00177993 0.00030395 0.0015525 0.740621 0.000473856 0.587136 0.00056001 
5 1.5 77000000 4.16604 0.00549357 -4.29229 0.00280797 20.2329 0.0209575 515.471 0.883146 -6.66654e-05 0.00177993 0.00030395 0.00153225 0.740621 0.000473856 0.587136 0.00056001 
5 1.5 77250000 4.16604 0.00549357 -4.29229 0.00280797 20.2329 0.0209575 515.471 0.883146 -6.66654e-05 0.00177993 0.00030395 0.00153225 0.740621 0.000473856 0.587136 0.00056001 
5 1.5 77500000 4.16604 0.00549357 -4.29229 0.00280797 20.2329 0.0209575 515.471 0.883146 -6.66654e-05 0.00177993 0.00030395 0.00153225 0.740621 0.000473856 0.587136 0.00056001 
5 1.5 77750000 4.16604 0.00549357 -4.29229 0.00280797 20.2329 0.0209575 515.471 0.883146 -6.66654e-05 0.00177993 0.00030395 0.00153225 0.740621 0.000473856 0.587136 0.00056001 
5 1.5 78000000 4.16523 0.00535407 -4.29178 0.00280797 20.2289 0.0205637 515.25 0.873668 -0.00041495 0.00177993 0.000656282 0.00151253 0.740596 0.000473856 0.5871 0.00056001 
5 1.5 78250000 4.16523 0.00535407 -4.29178 0.00280797 20.2289 0.0205637 515.25 0.873668 -0.00041495 0.00177993 0.000656282 0.00151253 0.740596 0.000473856 0.5871 0.00056001 
5 1.5 78500000 4.16523 0.00535407 -4.29178 0.00280797 20.2289 0.0205637 515.25 0.873668 -0.00041495 0.00177993 0.000656282 0.00151253 0.740596 0.000473856 0.5871 0.00056001 
5 1.5 78750000 4.16523 0.00535407 -4.29178 0.00280797 20.2289 0.0205637 515.25 0.873668 -0.00041495 0.00177993 0.000656282 0.00151253 0.740596 0.000473856 0.5871 0.00056001 
5 1.5 79000000 4.16523 0.00535407 -4.29178 0.00280797 20.2289 0.0205637 515.25 0.873668 -0.00041495 0.00177993 0.000656282 0.001494 0.740596 0.000473856 0.5871 0.00056001 
5 1.5 79250000 4.16523 0.00535407 -4.29178 0.00280797 20.2289 0.0205637 515.25 0.873668 -0.00041495 0.00177993 0.000656282 0.001494 0.740596 0.000473856 0.5871 0.00056001 
5 1.5 79500000 4.16523 0.00535407 -4.29178 0.00280797 20.2289 0.0205637 515.25 0.873668 -0.00041495 0.00177993 0.000656282 0.001494 0.740596 0.000473856 0.5871 0.00056001 
5 1.5 79750000 4.16523 0.00535407 -4.29178 0.00280797 20.2289 0.0205637 515.25 0.873668 -0.00041495 0.00177993 0.000656282 0.001494 0.740596 0.000473856 0.5871 0.00056001 
5 1.5 80000000 4.16523 0.00533503 -4.29178 0.00280797 20.2289 0.02025 515.25 0.85151 -0.00041495 0.00177993 0.000656282 0.00148414 0.740596 0.000473856 0.5871 0.00056001 
5 1.5 80250000 4.16523 0.00533503 -4.29178 0.00280797 20.2289 0.0201857 515.25 0.85151 -0.00041495 0.00177993 0.000656282 0.00148414 0.740596 0.000473856 0.5871 0.00056001 
5 1.5 80500000 4.16523 0.00533503 -4.29178 0.00280797 20.2289 0.0201314 515.25 0.85151 -0.00041495 0.00177993 0.000656282 0.00148414 0.740596 0.000473856 0.5871 0.00056001 
5 1.5 80750000 4.16523 0.00533503 -4.29178 0.00280797 20.2289 0.0200676 515.25 0.85151 -0.00041495 0.00177993 0.000656282 0.00148414 0.740596 0.000473856 0.5871 0.00056001 
5 1.5 81000000 4.16523 0.00533503 -4.29178 0.00280797 20.2289 0.020039 515.25 0.85151 -0.00041495 0.00177993 0.000656282 0.00148275 0.740596 0.000473856 0.5871 0.00056001 
5 1.5 81250000 4.16523 0.00533503 -4.29178 0.00280797 20.2289 0.020039 515.25 0.85151 -0.00041495 0.00177993 0.000656282 0.00148275 0.740596 0.000473856 0.5871 0.00056001 
5 1.5 81500000 4.16523 0.00533503 -4.29178 0.00280797 20.2289 0.020039 515.25 0.85151 -0.00041495 0.00177993 0.000656282 0.00148275 0.740596 0.000473856 0.5871 0.00056001 
5 1.5 81750000 4.16523 0.00533503 -4.29178 0.00280797 20.2289 0.020039 515.25 0.85151 -0.00041495 0.00177993 0.000656282 0.00148275 0.740596 0.000473856 0.5871 0.00056001 
5 1.5 82000000 4.16495 0.00526951 -4.29135 0.00305233 20.2266 0.0219938 515.156 0.837827 -0.000579755 0.00167425 0.000432556 0.00146852 0.740524 0.000440841 0.587058 0.000527984 
5 1.5 82250000 4.16495 0.00526951 -4.29135 0.00305233 20.2266 0.0219938 515.156 0.837827 -0.000579755 0.00167425 0.000432556 0.00146852 0.740524 0.000440841 0.587058 0.000527984 
5 1.5 82500000 4.16495 0.00526951 -4.29135 0.00305233 20.2266 0.0219938 515.156 0.837827 -0.000579755 0.00167425 0.000432556 0.00146852 0.740524 0.000440841 0.587058 0.000527984 
5 1.5 82750000 4.16495 0.00526951 -4.29135 0.00305233 20.2266 0.0219938 515.156 0.837827 -0.000579755 0.00167425 0.000432556 0.00146852 0.740524 0.000440841 0.587058 0.000527984 
5 1.5 83000000 4.16495 0.00526951 -4.29135 0.00305233 20.2266 0.0219938 515.156 0.837827 -0.000579755 0.00167425 0.000432556 0.00145111 0.740524 0.000440841 0.587058 0.000527984 
5 1.5 83250000 4.16495 0.00526951 -4.29135 0.00305233 20.2266 0.0219938 515.156 0.837827 -0.000579755 0.00167425 0.000432556 0.00145111 0.740524 0.000440841 0.587058 0.000527984 
5 1.5 83500000 4.16495 0.00526951 -4.29135 0.00305233 20.2266 0.0219938 515.156 0.837827 -0.000579755 0.00167425 0.000432556 0.00145111 0.740524 0.000440841 0.587058 0.000527984 
5 1.5 83750000 4.16495 0.00526951 -4.29135 0.00305233 20.2266 0.0219938 515.156 0.837827 -0.000579755 0.00167425 0.000432556 0.00145111 0.740524 0.000440841 0.587058 0.000527984 
5 1.5 84000000 4.16495 0.0052529 -4.29135 0.00305233 20.2266 0.0219938 515.156 0.81752 -0.000579755 0.00167425 0.000432556 0.00143351 0.740524 0.000440841 0.587058 0.000527984 
5 1.5 84250000 4.16495 0.0052529 -4.29135 0.00305233 20.2266 0.0219938 515.156 0.81752 -0.000579755 0.00167425 0.000432556 0.00143351 0.740524 0.000440841 0.587058 0.000527984 
5 1.5 84500000 4.16495 0.0052529 -4.29135 0.00305233 20.2266 0.0219938 515.156 0.81752 -0.000579755 0.00167425 0.000432556 0.00143351 0.740524 0.000440841 0.587058 0.000527984 
5 1.5 84750000 4.16495 0.0052529 -4.29135 0.00305233 20.2266 0.0219938 515.156 0.81752 -0.000579755 0.00167425 0.000432556 0.00143351 0.740524 0.000440841 0.587058 0.000527984 
5 1.5 85000000 4.16495 0.0052529 -4.29135 0.00305233 20.2266 0.0219938 515.156 0.81752 -0.000579755 0.00167425 0.000432556 0.00143351 0.740524 0.000440841 0.587058 0.000527984 
5 1.5 85250000 4.16495 0.0052529 -4.29135 0.00305233 20.2266 0.0219938 515.156 0.81752 -0.000579755 0.00167425 0.000432556 0.00142217 0.740524 0.000440841 0.587058 0.000527984 
5 1.5 85500000 4.16495 0.0052529 -4.29135 0.00305233 20.2266 0.0219938 515.156 0.81752 -0.000579755 0.00167425 0.000432556 0.00142217 0.740524 0.000440841 0.587058 0.000527984 
5 1.5 85750000 4.16495 0.0052529 -4.29135 0.00305233 20.2266 0.0219938 515.156 0.81752 -0.000579755 0.00167425 0.000432556 0.00142217 0.740524 0.000440841 0.587058 0.000527984 
5 1.5 86000000 4.16495 0.0052529 -4.29135 0.00305233 20.2266 0.0219938 515.156 0.81752 -0.000579755 0.00167425 0.000432556 0.00142217 0.740524 0.000440841 0.587058 0.000527984 
5 1.5 86250000 4.16495 0.00514843 -4.29135 0.00305233 20.2266 0.0219938 515.156 0.805881 -0.000579755 0.00167425 0.000432556 0.00140799 0.740524 0.000440841 0.587058 0.000527984 
5 1.5 86500000 4.16495 0.00514843 -4.29135 0.00305233 20.2266 0.0219938 515.156 0.805881 -0.000579755 0.00167425 0.000432556 0.00140799 0.740524 0.000440841 0.587058 0.000527984 
5 1.5 86750000 4.16495 0.00514843 -4.29135 0.00305233 20.2266 0.0219938 515.156 0.805881 -0.000579755 0.00167425 0.000432556 0.00140799 0.740524 0.000440841 0.587058 0.000527984 
5 1.5 87000000 4.16495 0.00514843 -4.29135 0.00305233 20.2266 0.0219938 515.156 0.805881 -0.000579755 0.00167425 0.000432556 0.00140799 0.740524 0.000440841 0.587058 0.000527984 
5 1.5 87250000 4.16495 0.00514843 -4.29135 0.00305233 20.2266 0.0219938 515.156 0.805881 -0.000579755 0.00167425 0.000432556 0.00139444 0.740524 0.000440841 0.587058 0.000527984 
5 1.5 87500000 4.16495 0.00514843 -4.29135 0.00305233 20.2266 0.0219938 515.156 0.805881 -0.000579755 0.00167425 0.000432556 0.00139444 0.740524 0.000440841 0.587058 0.000527984 
5 1.5 87750000 4.16495 0.00514843 -4.29135 0.00305233 20.2266 0.0219938 515.156 0.805881 -0.000579755 0.00167425 0.000432556 0.00139444 0.740524 0.000440841 0.587058 0.000527984 
5 1.5 88000000 4.16495 0.00514843 -4.29135 0.00305233 20.2266 0.0219938 515.156 0.805881 -0.000579755 0.00167425 0.000432556 0.00139444 0.740524 0.000440841 0.587058 0.000527984 
5 1.5 88250000 4.16495 0.00507599 -4.29135 0.00305233 20.2266 0.0219938 515.156 0.805881 -0.000579755 0.00167425 0.000432556 0.0013804 0.740524 0.000440841 0.587058 0.000527984 
5 1.5 88500000 4.16495 0.00507599 -4.29135 0.00305233 20.2266 0.0219938 515.156 0.805881 -0.000579755 0.00167425 0.000432556 0.0013804 0.740524 0.000440841 0.587058 0.000527984 
5 1.5 88750000 4.16495 0.00507599 -4.29135 0.00305233 20.2266 0.0219938 515.156 0.805881 -0.000579755 0.00167425 0.000432556 0.0013804 0.740524 0.000440841 0.587058 0.000527984 
5 1.5 89000000 4.16495 0.00507599 -4.29135 0.00305233 20.2266 0.0219938 515.156 0.805881 -0.000579755 0.00167425 0.000432556 0.0013804 0.740524 0.000440841 0.587058 0.000527984 
5 1.5 89250000 4.16495 0.00507599 -4.29135 0.00305233 20.2266 0.0219938 515.156 0.805881 -0.000579755 0.00167425 0.000432556 0.00139134 0.740524 0.000440841 0.587058 0.000527984 
5 1.5 89500000 4.16495 0.00507599 -4.29135 0.00305233 20.2266 0.0219938 515.156 0.805881 -0.000579755 0.00167425 0.000432556 0.00139134 0.740524 0.000440841 0.587058 0.000527984 
5 1.5 89750000 4.16495 0.00507599 -4.29135 0.00305233 20.2266 0.0219938 515.156 0.805881 -0.000579755 0.00167425 0.000432556 0.00139134 0.740524 0.000440841 0.587058 0.000527984 
5 1.5 90000000 4.16495 0.00507599 -4.29135 0.00305233 20.2266 0.0219938 515.156 0.805881 -0.000579755 0.00167425 0.000432556 0.00139134 0.740524 0.000440841 0.587058 0.000527984 
5 1.5 90250000 4.16532 0.00497984 -4.29179 0.00305233 20.2303 0.0219938 515.291 0.805881 -0.00056501 0.00152211 0.000425497 0.00141941 0.740578 0.000440841 0.587132 0.000527984 
5 1.5 90500000 4.16532 0.00497984 -4.29179 0.00305233 20.2303 0.0219938 515.291 0.805881 -0.00056501 0.00152211 0.000425497 0.00141941 0.740578 0.000440841 0.587132 0.000527984 
5 1.5 90750000 4.16532 0.00497984 -4.29179 0.00305233 20.2303 0.0219938 515.291 0.805881 -0.00056501 0.00152211 0.000425497 0.00141941 0.740578 0.000440841 0.587132 0.000527984 
5 1.5 91000000 4.16532 0.00497984 -4.29179 0.00305233 20.2303 0.0219938 515.291 0.805881 -0.00056501 0.00152211 0.000425497 0.00141941 0.740578 0.000440841 0.587132 0.000527984 
5 1.5 91250000 4.16532 0.00497984 -4.29179 0.00305233 20.2303 0.0219938 515.291 0.805881 -0.00056501 0.00152211 0.000425497 0.00141182 0.740578 0.000440841 0.587132 0.000527984 
5 1.5 91500000 4.16532 0.00497984 -4.29179 0.00305233 20.2303 0.0219938 515.291 0.805881 -0.00056501 0.00152211 0.000425497 0.00141182 0.740578 0.000440841 0.587132 0.000527984 
5 1.5 91750000 4.16532 0.00497984 -4.29179 0.00305233 20.2303 0.0219938 515.291 0.805881 -0.00056501 0.00152211 0.000425497 0.00141182 0.740578 0.000440841 0.587132 0.000527984 
5 1.5 92000000 4.16532 0.00497984 -4.29179 0.00305233 20.2303 0.0219938 515.291 0.805881 -0.00056501 0.00152211 0.000425497 0.00141182 0.740578 0.000440841 0.587132 0.000527984 
5 1.5 92250000 4.16532 0.00487119 -4.29179 0.00305233 20.2303 0.0219938 515.291 0.805881 -0.00056501 0.00152211 0.000425497 0.00139843 0.740578 0.000440841 0.587132 0.000527984 
5 1.5 92500000 4.16532 0.00487119 -4.29179 0.00305233 20.2303 0.0219938 515.291 0.805881 -0.00056501 0.00152211 0.000425497 0.00139843 0.740578 0.000440841 0.587132 0.000527984 
5 1.5 92750000 4.16532 0.00487119 -4.29179 0.00305233 20.2303 0.0219938 515.291 0.805881 -0.00056501 0.00152211 0.000425497 0.00139843 0.740578 0.000440841 0.587132 0.000527984 
5 1.5 93000000 4.16532 0.00487119 -4.29179 0.00305233 20.2303 0.0219938 515.291 0.805881 -0.00056501 0.00152211 0.000425497 0.00139843 0.740578 0.000440841 0.587132 0.000527984 
5 1.5 93250000 4.16532 0.00487119 -4.29179 0.00305233 20.2303 0.0219938 515.291 0.805881 -0.00056501 0.00152211 0.000425497 0.00142082 0.740578 0.000440841 0.587132 0.000527984 
5 1.5 93500000 4.16532 0.00487119 -4.29179 0.00305233 20.2303 0.0219938 515.291 0.805881 -0.00056501 0.00152211 0.000425497 0.00142082 0.740578 0.000440841 0.587132 0.000527984 
5 1.5 93750000 4.16532 0.00487119 -4.29179 0.00305233 20.2303 0.0219938 515.291 0.805881 -0.00056501 0.00152211 0.000425497 0.00142082 0.740578 0.000440841 0.587132 0.000527984 
5 1.5 94000000 4.16532 0.00487119 -4.29179 0.00305233 20.2303 0.0219938 515.291 0.805881 -0.00056501 0.00152211 0.000425497 0.00142082 0.740578 0.000440841 0.587132 0.000527984 
5 1.5 94250000 4.16532 0.00478306 -4.29179 0.00305233 20.2303 0.0219938 515.291 0.805881 -0.00056501 0.00152211 0.000425497 0.00140556 0.740578 0.000440841 0.587132 0.000527984 
5 1.5 94500000 4.16532 0.00478306 -4.29179 0.00305233 20.2303 0.0219938 515.291 0.805881 -0.00056501 0.00152211 0.000425497 0.00140556 0.740578 0.000440841 0.587132 0.000527984 
5 1.5 94750000 4.16532 0.00478306 -4.29179 0.00305233 20.2303 0.0219938 515.291 0.805881 -0.00056501 0.00152211 0.000425497 0.00140556 0.740578 0.000440841 0.587132 0.000527984 
5 1.5 95000000 4.16532 0.00478306 -4.29179 0.00305233 20.2303 0.0219938 515.291 0.805881 -0.00056501 0.00152211 0.000425497 0.00140556 0.740578 0.000440841 0.587132 0.000527984 
5 1.5 95250000 4.16532 0.00478306 -4.29179 0.00305233 20.2303 0.0219938 515.291 0.805881 -0.00056501 0.00152211 0.000425497 0.00140556 0.740578 0.000440841 0.587132 0.000527984 
5 1.5 95500000 4.16532 0.00478306 -4.29179 0.00305233 20.2303 0.0219938 515.291 0.805881 -0.00056501 0.00152211 0.000425497 0.00139448 0.740578 0.000440841 0.587132 0.000527984 
5 1.5 95750000 4.16532 0.00478306 -4.29179 0.00305233 20.2303 0.0219938 515.291 0.805881 -0.00056501 0.00152211 0.000425497 0.00139448 0.740578 0.000440841 0.587132 0.000527984 
5 1.5 96000000 4.16532 0.00478306 -4.29179 0.00305233 20.2303 0.0219938 515.291 0.805881 -0.00056501 0.00152211 0.000425497 0.00139448 0.740578 0.000440841 0.587132 0.000527984 
5 1.5 96250000 4.16532 0.00478306 -4.29179 0.00305233 20.2303 0.0219938 515.291 0.805881 -0.00056501 0.00152211 0.000425497 0.00139448 0.740578 0.000440841 0.587132 0.000527984 
5 1.5 96500000 4.16532 0.00481798 -4.29179 0.00305233 20.2303 0.0219938 515.291 0.805881 -0.00056501 0.00152211 0.000425497 0.0013797 0.740578 0.000440841 0.587132 0.000527984 
5 1.5 96750000 4.16532 0.00481798 -4.29179 0.00305233 20.2303 0.0219938 515.291 0.805881 -0.00056501 0.00152211 0.000425497 0.0013797 0.740578 0.000440841 0.587132 0.000527984 
5 1.5 97000000 4.16532 0.00481798 -4.29179 0.00305233 20.2303 0.0219938 515.291 0.805881 -0.00056501 0.00152211 0.000425497 0.0013797 0.740578 0.000440841 0.587132 0.000527984 
5 1.5 97250000 4.16532 0.00481798 -4.29179 0.00305233 20.2303 0.0219938 515.291 0.805881 -0.00056501 0.00152211 0.000425497 0.0013797 0.740578 0.000440841 0.587132 0.000527984 
5 1.5 97500000 4.16532 0.00481798 -4.29179 0.00305233 20.2303 0.0219938 515.291 0.805881 -0.00056501 0.00152211 0.000425497 0.00136528 0.740578 0.000440841 0.587132 0.000527984 
5 1.5 97750000 4.16532 0.00481798 -4.29179 0.00305233 20.2303 0.0219938 515.291 0.805881 -0.00056501 0.00152211 0.000425497 0.00136528 0.740578 0.000440841 0.587132 0.000527984 
5 1.5 98000000 4.16532 0.00481798 -4.29179 0.00305233 20.2303 0.0219938 515.291 0.805881 -0.00056501 0.00152211 0.000425497 0.00136528 0.740578 0.000440841 0.587132 0.000527984 
5 1.5 98250000 4.16532 0.00481798 -4.29179 0.00305233 20.2303 0.0219938 515.291 0.805881 -0.00056501 0.00152211 0.000425497 0.00136528 0.740578 0.000440841 0.587132 0.000527984 
5 1.5 98500000 4.1672 0.00473883 -4.29019 0.00275563 20.2178 0.0200228 514.901 0.755925 9.77011e-05 0.00153277 -0.000117346 0.00135138 0.740323 0.000440753 0.586796 0.000536232 
5 1.5 98750000 4.1672 0.00473883 -4.29019 0.00275563 20.2178 0.0200228 514.901 0.755925 9.77011e-05 0.00153277 -0.000117346 0.00135138 0.740323 0.000440753 0.586796 0.000536232 
5 1.5 99000000 4.1672 0.00473883 -4.29019 0.00275563 20.2178 0.0200228 514.901 0.755925 9.77011e-05 0.00153277 -0.000117346 0.00135138 0.740323 0.000440753 0.586796 0.000536232 
5 1.5 99250000 4.1672 0.00473883 -4.29019 0.00275563 20.2178 0.0200228 514.901 0.755925 9.77011e-05 0.00153277 -0.000117346 0.00135138 0.740323 0.000440753 0.586796 0.000536232 
5 1.5 99500000 4.1672 0.00473883 -4.29019 0.00275563 20.2178 0.0200228 514.901 0.755925 9.77011e-05 0.00153277 -0.000117346 0.00134151 0.740323 0.000440753 0.586796 0.000536232 
5 1.5 99750000 4.1672 0.00473883 -4.29019 0.00275563 20.2178 0.0200228 514.901 0.755925 9.77011e-05 0.00153277 -0.000117346 0.00134151 0.740323 0.000440753 0.586796 0.000536232 
5 1.5 100000000 4.1672 0.00473883 -4.29019 0.00275563 20.2178 0.0200228 514.901 0.755925 9.77011e-05 0.00153277 -0.000117346 0.00134151 0.740323 0.000440753 0.586796 0.000536232 
