L J MC_steps R2 R2_std E E_std E2 E2_std E4 E4_std Sin1 Sin1_std Cos1 Cos1_std Mag2 Mag2_std Mag4 Mag4_std
7 0.75 490000 8.16071 0.194513 -4.21533 0.0988522 25.0705 0.828434 1244.41 75.0503 -0.00744064 0.0164451 0.0102196 0.0208097 0.440246 0.0101644 0.253229 0.00949356 
7 0.75 980000 8.14844 0.12311 -4.17421 0.0642348 24.6835 0.567678 1200.62 49.3244 -0.00370124 0.0112384 0.014447 0.0153438 0.436219 0.00642341 0.248953 0.00562687 
7 0.75 1470000 8.12074 0.0965494 -4.21255 0.0526725 25.1784 0.46821 1254.97 41.4373 0.000268978 0.00991977 0.00745661 0.0113174 0.440281 0.00471772 0.254519 0.00433253 
7 0.75 1960000 8.05365 0.0820473 -4.21853 0.0438768 25.2153 0.393438 1248.97 35.7331 -0.00159078 0.00804624 0.00299766 0.00919072 0.441142 0.00398027 0.255395 0.00366577 
7 0.75 2450000 7.98931 0.0765504 -4.21605 0.0391229 25.1404 0.351001 1244.5 31.3446 -0.00032684 0.00697968 0.00632282 0.00751065 0.439599 0.00361017 0.254008 0.00331284 
7 0.75 2940000 7.98082 0.0700967 -4.21144 0.0354442 25.1073 0.3211 1244.18 28.1508 0.00360841 0.00630997 0.00746867 0.00683807 0.439092 0.00324307 0.253278 0.00298455 
7 0.75 3430000 7.95463 0.0649758 -4.21389 0.032715 25.1532 0.297639 1249.61 26.248 0.00396143 0.00578629 0.00737657 0.00583718 0.439874 0.00298358 0.254162 0.00274816 
7 0.75 3920000 7.96484 0.0593224 -4.20191 0.0305672 25.0457 0.276914 1240.3 24.4328 0.0065193 0.00538509 0.00773532 0.00532879 0.43979 0.00282953 0.254229 0.00268432 
7 0.75 4410000 7.95703 0.0553959 -4.19085 0.0282399 24.9901 0.254317 1239.93 22.7746 0.00384587 0.00500385 0.00636982 0.0050682 0.437952 0.00273588 0.252919 0.00245112 
7 0.75 4900000 7.978 0.0522314 -4.18143 0.0270281 24.871 0.244541 1229.45 21.6262 0.00329639 0.00462171 0.0071588 0.00471584 0.436656 0.0026455 0.251606 0.00244794 
7 0.75 5390000 7.97402 0.0497995 -4.19762 0.0267743 25.0432 0.247613 1243.1 21.6098 0.00141142 0.00453879 0.00816403 0.00450702 0.438353 0.00265421 0.253338 0.00243601 
7 0.75 5880000 7.97638 0.0478577 -4.19271 0.0250954 24.9784 0.234473 1235.92 20.7512 0.000260522 0.00436726 0.00905717 0.00427506 0.437808 0.00247579 0.252714 0.00230717 
7 0.75 6370000 7.97819 0.0450437 -4.20065 0.0241797 25.0483 0.222219 1240.63 19.4564 -0.00112933 0.00408728 0.00704913 0.0041942 0.438703 0.00232 0.253567 0.00217149 
7 0.75 6860000 7.98122 0.0430917 -4.20557 0.0233685 25.1043 0.212699 1246.19 18.7904 -0.00210444 0.00393731 0.00917403 0.00403727 0.438828 0.00224923 0.253794 0.00207843 
7 0.75 7350000 7.99219 0.0415716 -4.20386 0.022315 25.0896 0.203873 1245.9 18.0992 -0.00242535 0.00386434 0.00793806 0.00430312 0.439004 0.00213543 0.25406 0.00198271 
7 0.75 7840000 7.98164 0.0402878 -4.20037 0.0217822 25.0668 0.200962 1244.3 17.5492 -0.00326479 0.00375171 0.006211 0.00419044 0.438679 0.00205111 0.25379 0.001905 
7 0.75 8330000 7.9884 0.0385935 -4.20015 0.0216544 25.0606 0.199646 1243.57 17.1055 -0.00369718 0.00367841 0.00479534 0.00403655 0.438629 0.00202617 0.253749 0.00189864 
7 0.75 8820000 7.99046 0.0371691 -4.2014 0.0210185 25.1161 0.194158 1250.56 16.7117 -0.00474094 0.0035448 0.00512331 0.00398524 0.438955 0.00198429 0.254264 0.00185363 
7 0.75 9310000 7.9796 0.0362194 -4.20403 0.0203995 25.1296 0.187219 1251.13 16.3541 -0.00463476 0.00341626 0.00591743 0.00388123 0.439006 0.00191968 0.254213 0.00178133 
7 0.75 9800000 7.96289 0.0349811 -4.21101 0.0198668 25.1828 0.181684 1254.58 15.8318 -0.00403537 0.00331904 0.00625914 0.00369703 0.439708 0.00186786 0.254746 0.00172334 
7 0.75 10290000 7.95205 0.0394655 -4.21521 0.0193457 25.2228 0.178542 1257.22 15.5268 -0.00381746 0.00339887 0.00578786 0.00353921 0.440033 0.00181612 0.255046 0.00168442 
7 0.75 10780000 7.95205 0.0394655 -4.21521 0.018864 25.2228 0.173866 1257.22 15.1524 -0.00381746 0.00339887 0.00578786 0.00339786 0.440033 0.00176528 0.255046 0.00162797 
7 0.75 11270000 7.94203 0.0394655 -4.20858 0.0188136 25.1527 0.177301 1250.8 15.1141 -0.0047807 0.00339887 0.00564555 0.00325952 0.439147 0.00175758 0.254281 0.00164466 
7 0.75 11760000 7.94203 0.0394655 -4.20858 0.0183846 25.1527 0.173866 1250.8 14.7705 -0.0047807 0.00339887 0.00564555 0.00334951 0.439147 0.00168913 0.254281 0.00158478 
7 0.75 12250000 7.93433 0.0366527 -4.21213 0.0178273 25.1784 0.164532 1252.57 14.6286 -0.00435664 0.00291964 0.00332755 0.00355522 0.439336 0.0016716 0.254507 0.00156147 
7 0.75 12740000 7.93433 0.0366527 -4.21213 0.0180313 25.1784 0.166552 1252.57 14.3653 -0.00435664 0.0028832 0.00332755 0.00355522 0.439336 0.00166189 0.254507 0.00156652 
7 0.75 13230000 7.91932 0.0366527 -4.22126 0.0173436 25.242 0.160227 1257.07 13.997 -0.00338786 0.00287484 0.00209244 0.0034897 0.440066 0.00160589 0.255099 0.00150796 
7 0.75 13720000 7.91932 0.0366527 -4.22126 0.0169262 25.242 0.157173 1257.07 13.8685 -0.00338786 0.00287484 0.00209244 0.0034897 0.440066 0.00158322 0.255099 0.00147201 
7 0.75 14210000 7.91413 0.0365587 -4.22877 0.0203856 25.3114 0.178365 1263.85 14.739 -0.00177553 0.00343256 0.00169902 0.00326253 0.440616 0.00172126 0.255792 0.00160679 
7 0.75 14700000 7.91413 0.0365587 -4.22877 0.0203856 25.3114 0.178365 1263.85 14.739 -0.00177553 0.00343256 0.00169902 0.00326253 0.440616 0.00172126 0.255792 0.00160679 
7 0.75 15190000 7.91296 0.0365587 -4.22907 0.0203856 25.323 0.178365 1264.77 14.739 -0.00139217 0.00343256 0.00218247 0.00308064 0.440646 0.00172126 0.255881 0.00160679 
7 0.75 15680000 7.91296 0.0365587 -4.22907 0.0203856 25.323 0.178365 1264.77 14.739 -0.00139217 0.00343256 0.00218247 0.00308064 0.440646 0.00172126 0.255881 0.00160679 
7 0.75 16170000 7.90692 0.0326923 -4.23153 0.018023 25.357 0.161794 1268.52 13.6157 -0.00115657 0.00305878 0.0016203 0.00293895 0.440802 0.00151606 0.256207 0.00145834 
7 0.75 16660000 7.90692 0.0326923 -4.23153 0.018023 25.357 0.161794 1268.52 13.6157 -0.00115657 0.00305878 0.0016203 0.00293895 0.440802 0.00151606 0.256207 0.00145834 
7 0.75 17150000 7.90941 0.0326923 -4.23527 0.018023 25.3938 0.161794 1271 13.6157 -0.000907432 0.00305878 0.00170811 0.00276738 0.44073 0.00151606 0.256192 0.00145834 
7 0.75 17640000 7.90941 0.0326923 -4.23527 0.018023 25.3938 0.161794 1271 13.6157 -0.000907432 0.00305878 0.00170811 0.00276738 0.44073 0.00151606 0.256192 0.00145834 
7 0.75 18130000 7.91363 0.0297399 -4.23568 0.0164908 25.3914 0.147425 1271.14 12.3536 -0.000820479 0.00273732 0.00155502 0.00261787 0.440542 0.00136972 0.255977 0.00131424 
7 0.75 18620000 7.91363 0.0297399 -4.23568 0.0164908 25.3914 0.147425 1271.14 12.3536 -0.000820479 0.00273732 0.00155502 0.00261787 0.440542 0.00136972 0.255977 0.00131424 
7 0.75 19110000 7.91363 0.0297399 -4.23568 0.0164908 25.3914 0.147425 1271.14 12.3536 -0.000820479 0.00273732 0.00155502 0.00261787 0.440542 0.00136972 0.255977 0.00131424 
7 0.75 19600000 7.92295 0.0297399 -4.23438 0.0164908 25.3818 0.147425 1270.6 12.3536 -0.000178639 0.00273732 0.0011507 0.00251112 0.440348 0.00136972 0.255829 0.00131424 
7 0.75 20090000 7.92295 0.0297399 -4.23438 0.0164908 25.3818 0.147425 1270.6 12.3536 -0.000178639 0.00273732 0.0011507 0.00251112 0.440348 0.00136972 0.255829 0.00131424 
7 0.75 20580000 7.92129 0.0366846 -4.2316 0.0153381 25.3609 0.139237 1268.04 12.1476 -5.01506e-05 0.00335568 0.00105351 0.00238744 0.440107 0.00130378 0.255595 0.00136644 
7 0.75 21070000 7.92129 0.0366846 -4.2316 0.0153381 25.3609 0.139237 1268.04 12.1476 -5.01506e-05 0.00335568 0.00105351 0.00238744 0.440107 0.00129983 0.255595 0.00136644 
7 0.75 21560000 7.92129 0.0366846 -4.2316 0.0153381 25.3609 0.139237 1268.04 12.1476 -5.01506e-05 0.00335568 0.00105351 0.00227974 0.440107 0.00129983 0.255595 0.00136644 
7 0.75 22050000 7.92129 0.0366846 -4.2316 0.0153381 25.3609 0.139237 1268.04 12.1476 -5.01506e-05 0.00335568 0.00105351 0.00228936 0.440107 0.00129983 0.255595 0.00136644 
7 0.75 22540000 7.91158 0.0366846 -4.22906 0.014969 25.3325 0.139237 1267.54 12.1476 -0.00037095 0.00335568 0.000496955 0.00224659 0.440038 0.00124514 0.255401 0.00136644 
7 0.75 23030000 7.91158 0.0366846 -4.22906 0.014969 25.3325 0.139237 1267.54 12.1476 -0.00037095 0.00335568 0.000496955 0.00221961 0.440038 0.00124514 0.255401 0.00136644 
7 0.75 23520000 7.91158 0.0366846 -4.22906 0.014969 25.3325 0.139237 1267.54 12.1476 -0.00037095 0.00335568 0.000496955 0.00220804 0.440038 0.00124514 0.255401 0.00136644 
7 0.75 24010000 7.91158 0.0366846 -4.22906 0.014969 25.3325 0.139237 1267.54 12.1476 -0.00037095 0.00335568 0.000496955 0.00220804 0.440038 0.00124514 0.255401 0.00136644 
7 0.75 24500000 7.90751 0.0330567 -4.23475 0.0140724 25.3771 0.123489 1271.19 10.5235 -0.000182141 0.00279899 -0.000287508 0.00219989 0.440379 0.0011841 0.255783 0.00115166 
7 0.75 24990000 7.90751 0.0330567 -4.23475 0.0140724 25.3771 0.123489 1271.19 10.5235 -0.000182141 0.00279899 -0.000287508 0.00218135 0.440379 0.00117234 0.255783 0.00115166 
7 0.75 25480000 7.90751 0.0330567 -4.23475 0.0140724 25.3771 0.123489 1271.19 10.5235 -0.000182141 0.00279899 -0.000287508 0.00214771 0.440379 0.0011597 0.255783 0.00115166 
7 0.75 25970000 7.90751 0.0330567 -4.23475 0.0140724 25.3771 0.123489 1271.19 10.5235 -0.000182141 0.00279899 -0.000287508 0.00214354 0.440379 0.00115235 0.255783 0.00115166 
7 0.75 26460000 7.90403 0.0330567 -4.23529 0.0130004 25.3602 0.116978 1268.23 10.5235 -3.85695e-05 0.00279899 0.000669979 0.00214713 0.440333 0.00113612 0.255709 0.00115166 
7 0.75 26950000 7.90403 0.0330567 -4.23529 0.0130004 25.3602 0.116978 1268.23 10.5235 -3.85695e-05 0.00279899 0.000669979 0.0021202 0.440333 0.00112513 0.255709 0.00115166 
7 0.75 27440000 7.90403 0.0330567 -4.23529 0.0130004 25.3602 0.116978 1268.23 10.5235 -3.85695e-05 0.00279899 0.000669979 0.00214526 0.440333 0.00111516 0.255709 0.00115166 
7 0.75 27930000 7.90403 0.0330567 -4.23529 0.0130004 25.3602 0.116978 1268.23 10.5235 -3.85695e-05 0.00279899 0.000669979 0.00211418 0.440333 0.00110185 0.255709 0.00115166 
7 0.75 28420000 7.91009 0.0284344 -4.23353 0.01219 25.3471 0.107666 1267.37 9.69164 0.00039363 0.00245764 0.000522436 0.00209714 0.440209 0.00108756 0.255668 0.00100018 
7 0.75 28910000 7.91009 0.0284344 -4.23353 0.01219 25.3471 0.107666 1267.37 9.69164 0.00039363 0.00245764 0.000522436 0.00207955 0.440209 0.00108321 0.255668 0.000994923 
7 0.75 29400000 7.91009 0.0284344 -4.23353 0.01219 25.3471 0.107666 1267.37 9.69164 0.00039363 0.00245764 0.000522436 0.00205894 0.440209 0.00107158 0.255668 0.00099293 
7 0.75 29890000 7.91009 0.0284344 -4.23353 0.01219 25.3471 0.107666 1267.37 9.69164 0.00039363 0.00245764 0.000522436 0.00203836 0.440209 0.00106834 0.255668 0.00099293 
7 0.75 30380000 7.90804 0.0284344 -4.23257 0.0114154 25.3393 0.104055 1267.92 9.69164 -5.51124e-05 0.00245764 -0.0004046 0.00200707 0.440218 0.00106239 0.255667 0.00099293 
7 0.75 30870000 7.90804 0.0284344 -4.23257 0.0114154 25.3393 0.104055 1267.92 9.69164 -5.51124e-05 0.00245764 -0.0004046 0.00197466 0.440218 0.00105187 0.255667 0.00099293 
7 0.75 31360000 7.90804 0.0284344 -4.23257 0.0114154 25.3393 0.104055 1267.92 9.69164 -5.51124e-05 0.00245764 -0.0004046 0.0019712 0.440218 0.00104585 0.255667 0.00099293 
7 0.75 31850000 7.90804 0.0284344 -4.23257 0.0114154 25.3393 0.104055 1267.92 9.69164 -5.51124e-05 0.00245764 -0.0004046 0.0019712 0.440218 0.00103427 0.255667 0.00099293 
7 0.75 32340000 7.90558 0.0252349 -4.23185 0.0107244 25.3242 0.0975749 1265.35 8.79556 0.000117536 0.00216589 -0.000438548 0.00189878 0.440128 0.00102686 0.255531 0.000946927 
7 0.75 32830000 7.90558 0.0252349 -4.23185 0.0107244 25.3242 0.0973293 1265.35 8.79556 0.000117536 0.00216589 -0.000438548 0.00193958 0.440128 0.00101854 0.255531 0.000940055 
7 0.75 33320000 7.90558 0.0252349 -4.23185 0.0107244 25.3242 0.0962606 1265.35 8.68639 0.000117536 0.00216589 -0.000438548 0.00191421 0.440128 0.0010067 0.255531 0.000928481 
7 0.75 33810000 7.90558 0.0252349 -4.23185 0.0107244 25.3242 0.0955981 1265.35 8.68639 0.000117536 0.00216589 -0.000438548 0.00190476 0.440128 0.000997916 0.255531 0.000920258 
7 0.75 34300000 7.90194 0.0252349 -4.23311 0.0103529 25.333 0.0946831 1266.15 8.68639 0.000266381 0.00216589 -0.000402296 0.00188387 0.440297 0.000990671 0.255589 0.000913927 
7 0.75 34790000 7.90194 0.0252349 -4.23311 0.0102863 25.333 0.0940958 1266.15 8.68639 0.000266381 0.00216589 -0.000402296 0.0018568 0.440297 0.000983792 0.255589 0.000908127 
7 0.75 35280000 7.90194 0.0252349 -4.23311 0.0102693 25.333 0.093534 1266.15 8.68639 0.000266381 0.00216589 -0.000402296 0.00185144 0.440297 0.000978005 0.255589 0.000901846 
7 0.75 35770000 7.90194 0.0252349 -4.23311 0.0103165 25.333 0.0937817 1266.15 8.68639 0.000266381 0.00216589 -0.000402296 0.00183192 0.440297 0.00097742 0.255589 0.000899974 
7 0.75 36260000 7.90134 0.0227842 -4.2323 0.010224 25.3343 0.0936562 1267.38 8.47855 0.000557385 0.00196939 -0.000736016 0.00181524 0.440345 0.000969516 0.25558 0.000892074 
7 0.75 36750000 7.90134 0.0227842 -4.2323 0.010157 25.3343 0.0930224 1267.38 8.42293 0.000557385 0.00196939 -0.000736016 0.00179187 0.440345 0.000959805 0.25558 0.000882455 
7 0.75 37240000 7.90134 0.0227842 -4.2323 0.0101062 25.3343 0.0925065 1267.38 8.36124 0.000557385 0.00196939 -0.000736016 0.00177666 0.440345 0.000952518 0.25558 0.000875993 
7 0.75 37730000 7.90134 0.0227842 -4.2323 0.0100207 25.3343 0.0913607 1267.38 8.26468 0.000557385 0.00196939 -0.000736016 0.00175354 0.440345 0.000945162 0.25558 0.000868577 
7 0.75 38220000 7.90252 0.0227842 -4.23655 0.0100185 25.3732 0.0904043 1270.26 8.17296 -1.76874e-05 0.00196939 -0.000788993 0.00173048 0.440638 0.000935976 0.255856 0.000859354 
7 0.75 38710000 7.90252 0.0227842 -4.23655 0.0100185 25.3732 0.0894885 1270.26 8.08722 -1.76874e-05 0.00196939 -0.000788993 0.00170802 0.440638 0.000925097 0.255856 0.000850191 
7 0.75 39200000 7.90252 0.0227842 -4.23655 0.0100185 25.3732 0.0898308 1270.26 8.06039 -1.76874e-05 0.00196939 -0.000788993 0.00171241 0.440638 0.000918246 0.255856 0.000843959 
7 0.75 39690000 7.90252 0.0227842 -4.23655 0.0100185 25.3732 0.0893078 1270.26 7.97597 -1.76874e-05 0.00196939 -0.000788993 0.00169257 0.440638 0.000908716 0.255856 0.000835263 
7 0.75 40180000 7.90252 0.0227842 -4.23655 0.0100185 25.3732 0.0893078 1270.26 7.95342 -1.76874e-05 0.00196939 -0.000788993 0.00168204 0.440638 0.000903123 0.255856 0.000829798 
7 0.75 40670000 7.90479 0.0230982 -4.23372 0.00991031 25.354 0.0958402 1269.41 9.00212 0.000326343 0.00178595 -0.000490955 0.00167378 0.440409 0.000896354 0.255648 0.00082343 
7 0.75 41160000 7.90479 0.0230982 -4.23372 0.00991031 25.354 0.0958402 1269.41 9.00212 0.000326343 0.00178595 -0.000490955 0.00166398 0.440409 0.000887225 0.255648 0.000814493 
7 0.75 41650000 7.90479 0.0230982 -4.23372 0.00991031 25.354 0.0958402 1269.41 9.00212 0.000326343 0.00178595 -0.000490955 0.00165426 0.440409 0.000880048 0.255648 0.000807965 
7 0.75 42140000 7.90479 0.0230982 -4.23372 0.00991031 25.354 0.0958402 1269.41 9.00212 0.000326343 0.00178595 -0.000490955 0.00165363 0.440409 0.000874004 0.255648 0.00080391 
7 0.75 42630000 7.90479 0.0230982 -4.23372 0.00943972 25.354 0.0958402 1269.41 9.00212 0.000326343 0.00178595 -0.000490955 0.00165681 0.440409 0.000870998 0.255648 0.000799851 
7 0.75 43120000 7.90479 0.0230982 -4.23372 0.00943972 25.354 0.0958402 1269.41 9.00212 0.000326343 0.00178595 -0.000490955 0.00164275 0.440409 0.00086571 0.255648 0.000795495 
7 0.75 43610000 7.90479 0.0230982 -4.23372 0.00943972 25.354 0.0958402 1269.41 9.00212 0.000326343 0.00178595 -0.000490955 0.00163331 0.440409 0.000856375 0.255648 0.000787395 
7 0.75 44100000 7.90479 0.0230982 -4.23372 0.00943972 25.354 0.0958402 1269.41 9.00212 0.000326343 0.00178595 -0.000490955 0.00162235 0.440409 0.000850865 0.255648 0.000782649 
7 0.75 44590000 7.9033 0.0230982 -4.23115 0.0093957 25.3404 0.0958402 1269.91 9.00212 0.000473212 0.00162962 -0.001596 0.00170379 0.440098 0.000846934 0.255363 0.000778536 
7 0.75 45080000 7.9033 0.0230982 -4.23115 0.0093957 25.3404 0.0958402 1269.91 9.00212 0.000473212 0.00162962 -0.001596 0.00170379 0.440098 0.000844426 0.255363 0.000776383 
7 0.75 45570000 7.9033 0.0230982 -4.23115 0.0093957 25.3404 0.0958402 1269.91 9.00212 0.000473212 0.00162962 -0.001596 0.00170379 0.440098 0.000838336 0.255363 0.000771587 
7 0.75 46060000 7.9033 0.0230982 -4.23115 0.0093957 25.3404 0.0958402 1269.91 9.00212 0.000473212 0.00162962 -0.001596 0.00170379 0.440098 0.000830332 0.255363 0.000763967 
7 0.75 46550000 7.9033 0.0230982 -4.23115 0.00938321 25.3404 0.0958402 1269.91 9.00212 0.000473212 0.00162962 -0.001596 0.00170379 0.440098 0.000824181 0.255363 0.000757902 
7 0.75 47040000 7.9033 0.0230982 -4.23115 0.00938321 25.3404 0.0958402 1269.91 9.00212 0.000473212 0.00162962 -0.001596 0.00170379 0.440098 0.00082236 0.255363 0.000756988 
7 0.75 47530000 7.9033 0.0230982 -4.23115 0.00938321 25.3404 0.0958402 1269.91 9.00212 0.000473212 0.00162962 -0.001596 0.00170379 0.440098 0.000816575 0.255363 0.000753536 
7 0.75 48020000 7.9033 0.0230982 -4.23115 0.00938321 25.3404 0.0958402 1269.91 9.00212 0.000473212 0.00162962 -0.001596 0.00170379 0.440098 0.000812083 0.255363 0.000753536 
7 0.75 48510000 7.90312 0.0193086 -4.22895 0.00894743 25.3316 0.0824443 1270.59 7.5786 0.000259158 0.00152784 -0.00245131 0.00209244 0.439945 0.000810725 0.255223 0.000747924 
7 0.75 49000000 7.90312 0.0193086 -4.22895 0.00894743 25.3316 0.0824443 1270.59 7.5786 0.000259158 0.00152784 -0.00245131 0.00209244 0.439945 0.000806607 0.255223 0.000744617 
7 0.75 49490000 7.90312 0.0193086 -4.22895 0.00894743 25.3316 0.0824443 1270.59 7.5786 0.000259158 0.00150781 -0.00245131 0.00209244 0.439945 0.000800095 0.255223 0.00073852 
7 0.75 49980000 7.90312 0.0193086 -4.22895 0.00894743 25.3316 0.0824443 1270.59 7.5786 0.000259158 0.00150781 -0.00245131 0.00209244 0.439945 0.000796787 0.255223 0.000738173 
7 0.75 50470000 7.90312 0.0193086 -4.22895 0.00894743 25.3316 0.0824443 1270.59 7.5786 0.000259158 0.00150781 -0.00245131 0.00209244 0.439945 0.000791479 0.255223 0.000738173 
7 0.75 50960000 7.90312 0.0193086 -4.22895 0.00894743 25.3316 0.0824443 1270.59 7.5786 0.000259158 0.00150781 -0.00245131 0.00209244 0.439945 0.000785947 0.255223 0.000738173 
7 0.75 51450000 7.90312 0.0193086 -4.22895 0.00894743 25.3316 0.0824443 1270.59 7.5786 0.000259158 0.00150781 -0.00245131 0.00209244 0.439945 0.000789013 0.255223 0.000738173 
7 0.75 51940000 7.90312 0.0193086 -4.22895 0.00894743 25.3316 0.0824443 1270.59 7.5786 0.000259158 0.00150781 -0.00245131 0.00209244 0.439945 0.000784859 0.255223 0.000738173 
7 0.75 52430000 7.90738 0.0193086 -4.22983 0.00894743 25.3261 0.0824443 1269.04 7.5786 0.000220075 0.00144825 -0.00209723 0.00209244 0.43995 0.000777854 0.255165 0.000738173 
7 0.75 52920000 7.90738 0.0193086 -4.22983 0.00894743 25.3261 0.0824443 1269.04 7.5786 0.000220075 0.00143486 -0.00209723 0.00209244 0.43995 0.000774486 0.255165 0.000738173 
7 0.75 53410000 7.90738 0.0193086 -4.22983 0.00894743 25.3261 0.0824443 1269.04 7.5786 0.000220075 0.00142408 -0.00209723 0.00209244 0.43995 0.000770613 0.255165 0.000738173 
7 0.75 53900000 7.90738 0.0193086 -4.22983 0.00894743 25.3261 0.0824443 1269.04 7.5786 0.000220075 0.00141115 -0.00209723 0.00209244 0.43995 0.00076883 0.255165 0.000738173 
7 0.75 54390000 7.90738 0.0193086 -4.22983 0.00894743 25.3261 0.0824443 1269.04 7.5786 0.000220075 0.00140671 -0.00209723 0.00209244 0.43995 0.000762148 0.255165 0.000738173 
7 0.75 54880000 7.90738 0.0193086 -4.22983 0.00894743 25.3261 0.0824443 1269.04 7.5786 0.000220075 0.00140108 -0.00209723 0.00209244 0.43995 0.000757911 0.255165 0.000738173 
7 0.75 55370000 7.90738 0.0193086 -4.22983 0.00894743 25.3261 0.0824443 1269.04 7.5786 0.000220075 0.00140008 -0.00209723 0.00209244 0.43995 0.000753406 0.255165 0.000738173 
7 0.75 55860000 7.90738 0.0193086 -4.22983 0.00894743 25.3261 0.0824443 1269.04 7.5786 0.000220075 0.00139233 -0.00209723 0.00209244 0.43995 0.000752497 0.255165 0.000738173 
7 0.75 56350000 7.89973 0.0170299 -4.23285 0.008477 25.3542 0.0746617 1271.7 6.57999 -0.000267523 0.00137827 -0.00199373 0.00184287 0.440211 0.000749982 0.255409 0.000692968 
7 0.75 56840000 7.89973 0.0170299 -4.23285 0.008477 25.3542 0.0743006 1271.7 6.57783 -0.000267523 0.00137561 -0.00199373 0.00184287 0.440211 0.00074654 0.255409 0.000689822 
7 0.75 57330000 7.89973 0.0170299 -4.23285 0.008477 25.3542 0.0739514 1271.7 6.57783 -0.000267523 0.00137561 -0.00199373 0.00184287 0.440211 0.000741142 0.255409 0.000685538 
7 0.75 57820000 7.89973 0.0170299 -4.23285 0.008477 25.3542 0.0736904 1271.7 6.57783 -0.000267523 0.00137561 -0.00199373 0.00184287 0.440211 0.000738509 0.255409 0.000683444 
7 0.75 58310000 7.89973 0.0170299 -4.23285 0.008477 25.3542 0.0736904 1271.7 6.57783 -0.000267523 0.00137561 -0.00199373 0.00184287 0.440211 0.00073493 0.255409 0.00068085 
7 0.75 58800000 7.89973 0.0170299 -4.23285 0.008477 25.3542 0.0736904 1271.7 6.57783 -0.000267523 0.00137561 -0.00199373 0.00184287 0.440211 0.000730213 0.255409 0.000676615 
7 0.75 59290000 7.89973 0.0170299 -4.23285 0.008477 25.3542 0.0736904 1271.7 6.57783 -0.000267523 0.00137561 -0.00199373 0.00184287 0.440211 0.000725143 0.255409 0.000672016 
7 0.75 59780000 7.89973 0.0170299 -4.23285 0.008477 25.3542 0.0736904 1271.7 6.57783 -0.000267523 0.00137561 -0.00199373 0.00184287 0.440211 0.000721955 0.255409 0.000669905 
7 0.75 60270000 7.89657 0.016845 -4.23637 0.008477 25.3764 0.0736904 1273.1 6.57783 0.000173259 0.00135268 -0.00173227 0.00184287 0.440587 0.00072321 0.255675 0.000671021 
7 0.75 60760000 7.89657 0.016845 -4.23637 0.008477 25.3764 0.0736904 1273.1 6.57783 0.000173259 0.00135268 -0.00173227 0.00184287 0.440587 0.000719472 0.255675 0.000667694 
7 0.75 61250000 7.89657 0.016845 -4.23637 0.008477 25.3764 0.0736904 1273.1 6.57783 0.000173259 0.00135268 -0.00173227 0.00184287 0.440587 0.000718296 0.255675 0.000666359 
7 0.75 61740000 7.89657 0.016845 -4.23637 0.008477 25.3764 0.0736904 1273.1 6.57783 0.000173259 0.00135268 -0.00173227 0.00184287 0.440587 0.000714505 0.255675 0.000662388 
7 0.75 62230000 7.89657 0.016845 -4.23637 0.008477 25.3764 0.0736904 1273.1 6.57783 0.000173259 0.00135268 -0.00173227 0.00184287 0.440587 0.000711436 0.255675 0.000660568 
7 0.75 62720000 7.89657 0.016845 -4.23637 0.008477 25.3764 0.0736904 1273.1 6.63927 0.000173259 0.00135268 -0.00173227 0.00184287 0.440587 0.000709148 0.255675 0.000659183 
7 0.75 63210000 7.89657 0.016845 -4.23637 0.008477 25.3764 0.0736904 1273.1 6.63927 0.000173259 0.00135268 -0.00173227 0.00184287 0.440587 0.0006738 0.255675 0.000655733 
7 0.75 63700000 7.89657 0.016845 -4.23637 0.008477 25.3764 0.0736904 1273.1 6.63927 0.000173259 0.00135268 -0.00173227 0.00184287 0.440587 0.0006738 0.255675 0.000655733 
7 0.75 64190000 7.89657 0.016845 -4.23637 0.008477 25.3764 0.0736904 1273.1 6.63927 0.000173259 0.00135268 -0.00173227 0.00184287 0.440587 0.0006738 0.255675 0.000655733 
7 0.75 64680000 7.89975 0.0154839 -4.23493 0.00766856 25.3514 0.0698054 1269.52 6.47873 5.33341e-05 0.00127534 -0.00209564 0.00161533 0.440436 0.000666292 0.255502 0.000627542 
7 0.75 65170000 7.89975 0.0154839 -4.23493 0.00766856 25.3514 0.0698054 1269.52 6.47873 5.33341e-05 0.00127534 -0.00209564 0.00161533 0.440436 0.000661872 0.255502 0.000623632 
7 0.75 65660000 7.89975 0.0154839 -4.23493 0.00766856 25.3514 0.0698054 1269.52 6.47873 5.33341e-05 0.00127384 -0.00209564 0.00161533 0.440436 0.000657542 0.255502 0.0006196 
7 0.75 66150000 7.89975 0.0154839 -4.23493 0.00766856 25.3514 0.0698054 1269.52 6.47873 5.33341e-05 0.00127384 -0.00209564 0.00161533 0.440436 0.000656789 0.255502 0.000618131 
7 0.75 66640000 7.89975 0.0154839 -4.23493 0.00768978 25.3514 0.0694108 1269.52 6.47252 5.33341e-05 0.00127345 -0.00209564 0.00161533 0.440436 0.00065484 0.255502 0.000616834 
7 0.75 67130000 7.89975 0.0154839 -4.23493 0.00768978 25.3514 0.0694108 1269.52 6.47252 5.33341e-05 0.00127345 -0.00209564 0.00161533 0.440436 0.000654443 0.255502 0.000616012 
7 0.75 67620000 7.89975 0.0154839 -4.23493 0.00768978 25.3514 0.0694108 1269.52 6.47252 5.33341e-05 0.00127345 -0.00209564 0.00161533 0.440436 0.000652394 0.255502 0.000612978 
7 0.75 68110000 7.89975 0.0154839 -4.23493 0.00768978 25.3514 0.0694108 1269.52 6.47252 5.33341e-05 0.00127345 -0.00209564 0.00161533 0.440436 0.000648556 0.255502 0.000609265 
7 0.75 68600000 7.90002 0.0147394 -4.23655 0.00766856 25.3648 0.0674326 1270.97 6.25186 0.000553435 0.00129301 -0.00174087 0.00161533 0.440489 0.000647102 0.255572 0.000607908 
7 0.75 69090000 7.90002 0.0147394 -4.23655 0.00766856 25.3648 0.0674016 1270.97 6.25186 0.000553435 0.00129301 -0.00174087 0.00161533 0.440489 0.000642865 0.255572 0.000604539 
7 0.75 69580000 7.90002 0.0147394 -4.23655 0.00766856 25.3648 0.0674016 1270.97 6.25186 0.000553435 0.00129301 -0.00174087 0.00161533 0.440489 0.000639523 0.255572 0.000600572 
7 0.75 70070000 7.90002 0.0147394 -4.23655 0.00766856 25.3648 0.0674016 1270.97 6.25186 0.000553435 0.00129301 -0.00174087 0.00161533 0.440489 0.000637197 0.255572 0.000598061 
7 0.75 70560000 7.90002 0.0147394 -4.23655 0.00766856 25.3648 0.0661923 1270.97 6.25186 0.000553435 0.00129301 -0.00174087 0.00161533 0.440489 0.00063656 0.255572 0.000596483 
7 0.75 71050000 7.90002 0.0147394 -4.23655 0.00766856 25.3648 0.0657735 1270.97 6.25186 0.000553435 0.00129301 -0.00174087 0.00161533 0.440489 0.000633403 0.255572 0.000593471 
7 0.75 71540000 7.90002 0.0147394 -4.23655 0.00766856 25.3648 0.0655828 1270.97 6.25186 0.000553435 0.00129301 -0.00174087 0.00161533 0.440489 0.000631035 0.255572 0.000590873 
7 0.75 72030000 7.90002 0.0147394 -4.23655 0.00766856 25.3648 0.0655828 1270.97 6.25186 0.000553435 0.00129301 -0.00174087 0.00161533 0.440489 0.000628513 0.255572 0.000588958 
7 0.75 72520000 7.89845 0.0138495 -4.23681 0.00706896 25.3684 0.0647145 1271.45 5.92292 0.000767085 0.0012387 -0.00171056 0.00148104 0.440555 0.000625742 0.255599 0.000585678 
7 0.75 73010000 7.89845 0.0138495 -4.23681 0.00706896 25.3684 0.06433 1271.45 5.92292 0.000767085 0.0012387 -0.00171056 0.00148104 0.440555 0.000622218 0.255599 0.000582067 
7 0.75 73500000 7.89845 0.0138495 -4.23681 0.00706896 25.3684 0.0640048 1271.45 5.92292 0.000767085 0.0012387 -0.00171056 0.00148104 0.440555 0.000620735 0.255599 0.000580854 
7 0.75 73990000 7.89845 0.0138495 -4.23681 0.00706896 25.3684 0.0637615 1271.45 5.92292 0.000767085 0.0012387 -0.00171056 0.00148104 0.440555 0.000618993 0.255599 0.0005789 
7 0.75 74480000 7.89845 0.0138495 -4.23681 0.00704151 25.3684 0.0634169 1271.45 5.92292 0.000767085 0.0012387 -0.00171056 0.00148104 0.440555 0.000617189 0.255599 0.000577274 
7 0.75 74970000 7.89845 0.0138495 -4.23681 0.00704151 25.3684 0.0633934 1271.45 5.92292 0.000767085 0.0012387 -0.00171056 0.00148104 0.440555 0.000614106 0.255599 0.000574396 
7 0.75 75460000 7.89845 0.0138495 -4.23681 0.00704151 25.3684 0.063237 1271.45 5.92292 0.000767085 0.0012387 -0.00171056 0.00148104 0.440555 0.000611698 0.255599 0.000572012 
7 0.75 75950000 7.89845 0.0138495 -4.23681 0.00704151 25.3684 0.0629957 1271.45 5.92292 0.000767085 0.0012387 -0.00171056 0.00148104 0.440555 0.000609176 0.255599 0.000569961 
7 0.75 76440000 7.89947 0.0131588 -4.2389 0.00704151 25.3841 0.0626118 1272.3 5.72424 0.000793417 0.00117379 -0.00191551 0.00148104 0.440694 0.000607208 0.255714 0.000567609 
7 0.75 76930000 7.89947 0.0131588 -4.2389 0.00704151 25.3841 0.0623426 1272.3 5.72424 0.000793417 0.00117379 -0.00191551 0.00148104 0.440694 0.000606143 0.255714 0.000566645 
7 0.75 77420000 7.89947 0.0131588 -4.2389 0.00704151 25.3841 0.0622719 1272.3 5.72424 0.000793417 0.00117379 -0.00191551 0.00148104 0.440694 0.000605814 0.255714 0.000565077 
7 0.75 77910000 7.89947 0.0131588 -4.2389 0.00704151 25.3841 0.0619798 1272.3 5.72424 0.000793417 0.00117379 -0.00191551 0.00148104 0.440694 0.000606454 0.255714 0.000565402 
7 0.75 78400000 7.89947 0.0131588 -4.2389 0.00704151 25.3841 0.0615967 1272.3 5.72424 0.000793417 0.00117379 -0.00191551 0.00148104 0.440694 0.000603587 0.255714 0.000562489 
7 0.75 78890000 7.89947 0.0131588 -4.2389 0.00704151 25.3841 0.0620066 1272.3 5.72424 0.000793417 0.00117379 -0.00191551 0.00148104 0.440694 0.00060575 0.255714 0.000564011 
7 0.75 79380000 7.89947 0.0131588 -4.2389 0.00704151 25.3841 0.0620219 1272.3 5.72424 0.000793417 0.00117379 -0.00191551 0.00148104 0.440694 0.000603253 0.255714 0.000561419 
7 0.75 79870000 7.89947 0.0131588 -4.2389 0.00704151 25.3841 0.0621325 1272.3 5.72424 0.000793417 0.00117379 -0.00191551 0.00148104 0.440694 0.000601169 0.255714 0.000559897 
7 0.75 80360000 7.89941 0.0124999 -4.2399 0.00701504 25.3919 0.0625146 1272.85 5.6228 0.00072332 0.00111723 -0.00195785 0.00135342 0.440671 0.000602651 0.255716 0.000560464 
7 0.75 80850000 7.89941 0.0124999 -4.2399 0.00701504 25.3919 0.0625146 1272.85 5.6228 0.00072332 0.00111719 -0.00195785 0.00135342 0.440671 0.000605569 0.255716 0.000562333 
7 0.75 81340000 7.89941 0.0124999 -4.2399 0.00701504 25.3919 0.0625146 1272.85 5.6228 0.00072332 0.00111719 -0.00195785 0.00135342 0.440671 0.00060318 0.255716 0.000559882 
7 0.75 81830000 7.89941 0.0124999 -4.2399 0.00701504 25.3919 0.0625146 1272.85 5.6228 0.00072332 0.00111719 -0.00195785 0.00135342 0.440671 0.000601075 0.255716 0.000558188 
7 0.75 82320000 7.89941 0.0124999 -4.2399 0.00701504 25.3919 0.0625146 1272.85 5.6228 0.00072332 0.00111719 -0.00195785 0.00135342 0.440671 0.000599071 0.255716 0.000556465 
7 0.75 82810000 7.89941 0.0124999 -4.2399 0.00698202 25.3919 0.0617501 1272.85 5.56783 0.00072332 0.00112035 -0.00195785 0.00135342 0.440671 0.000598784 0.255716 0.00055646 
7 0.75 83300000 7.89941 0.0124999 -4.2399 0.00698202 25.3919 0.0617501 1272.85 5.56783 0.00072332 0.00112035 -0.00195785 0.00135342 0.440671 0.00059886 0.255716 0.00055696 
7 0.75 83790000 7.89941 0.0124999 -4.2399 0.00698202 25.3919 0.0617501 1272.85 5.56783 0.00072332 0.00111719 -0.00195785 0.00135342 0.440671 0.000595647 0.255716 0.000554465 
7 0.75 84280000 7.89941 0.0124999 -4.2399 0.00698202 25.3919 0.0617501 1272.85 5.56783 0.00072332 0.00111719 -0.00195785 0.00135342 0.440671 0.00059342 0.255716 0.000552015 
7 0.75 84770000 7.89941 0.0121363 -4.2399 0.00698202 25.3919 0.0603733 1272.85 5.43644 0.00072332 0.00111174 -0.00195785 0.00135342 0.440671 0.000591347 0.255716 0.000551324 
7 0.75 85260000 7.89941 0.0121363 -4.2399 0.00698202 25.3919 0.0603596 1272.85 5.43644 0.00072332 0.00111174 -0.00195785 0.00135342 0.440671 0.000589193 0.255716 0.000549519 
7 0.75 85750000 7.89941 0.0121363 -4.2399 0.00698202 25.3919 0.0602828 1272.85 5.43644 0.00072332 0.00110241 -0.00195785 0.00135342 0.440671 0.000588752 0.255716 0.000548591 
7 0.75 86240000 7.89941 0.0121363 -4.2399 0.00698202 25.3919 0.0602828 1272.85 5.43644 0.00072332 0.00110241 -0.00195785 0.00135342 0.440671 0.000585873 0.255716 0.000545685 
7 0.75 86730000 7.89941 0.0121363 -4.2399 0.00698202 25.3919 0.059729 1272.85 5.31925 0.00072332 0.00108963 -0.00195785 0.00135342 0.440671 0.000587683 0.255716 0.000546428 
7 0.75 87220000 7.89941 0.0121363 -4.2399 0.00698202 25.3919 0.0596181 1272.85 5.31925 0.00072332 0.00108963 -0.00195785 0.00135342 0.440671 0.000586768 0.255716 0.000545493 
7 0.75 87710000 7.89941 0.0121363 -4.2399 0.00698202 25.3919 0.0593497 1272.85 5.31925 0.00072332 0.00107809 -0.00195785 0.00135342 0.440671 0.000583464 0.255716 0.000542645 
7 0.75 88200000 7.89941 0.0121363 -4.2399 0.00698202 25.3919 0.0590958 1272.85 5.31925 0.00072332 0.00107809 -0.00195785 0.00135342 0.440671 0.000582568 0.255716 0.000540855 
7 0.75 88690000 7.90061 0.0121116 -4.24173 0.00659477 25.4039 0.0587847 1274.64 5.25048 0.000568989 0.00106621 -0.0019583 0.00123038 0.44084 0.00057989 0.255807 0.000538325 
7 0.75 89180000 7.90061 0.0121116 -4.24173 0.00659477 25.4039 0.0586205 1274.64 5.25048 0.000568989 0.00106621 -0.0019583 0.00123038 0.44084 0.000578309 0.255807 0.000537118 
7 0.75 89670000 7.90061 0.0121116 -4.24173 0.00659477 25.4039 0.058506 1274.64 5.25048 0.000568989 0.00105666 -0.0019583 0.00123038 0.44084 0.000575718 0.255807 0.000534855 
7 0.75 90160000 7.90061 0.0121116 -4.24173 0.00659477 25.4039 0.0582434 1274.64 5.25048 0.000568989 0.00105666 -0.0019583 0.00123038 0.44084 0.00057457 0.255807 0.000533478 
7 0.75 90650000 7.90061 0.0121116 -4.24173 0.00658327 25.4039 0.0583013 1274.64 5.18552 0.000568989 0.00105972 -0.0019583 0.00123038 0.44084 0.000574721 0.255807 0.000533929 
7 0.75 91140000 7.90061 0.0121116 -4.24173 0.00658327 25.4039 0.0581067 1274.64 5.16744 0.000568989 0.00105972 -0.0019583 0.00123038 0.44084 0.000572027 0.255807 0.000531904 
7 0.75 91630000 7.90061 0.0121116 -4.24173 0.00658327 25.4039 0.0578673 1274.64 5.15289 0.000568989 0.00104927 -0.0019583 0.00123038 0.44084 0.000569559 0.255807 0.000529664 
7 0.75 92120000 7.90061 0.0121116 -4.24173 0.00658327 25.4039 0.0577447 1274.64 5.13886 0.000568989 0.00104927 -0.0019583 0.00123038 0.44084 0.000568802 0.255807 0.000528797 
7 0.75 92610000 7.90061 0.0116028 -4.24173 0.00658327 25.4039 0.0580961 1274.64 5.1697 0.000568989 0.00104377 -0.0019583 0.00123038 0.44084 0.000571793 0.255807 0.000530522 
7 0.75 93100000 7.90061 0.0116028 -4.24173 0.00658327 25.4039 0.0580966 1274.64 5.16515 0.000568989 0.00104381 -0.0019583 0.00123038 0.44084 0.000571833 0.255807 0.000531555 
7 0.75 93590000 7.90061 0.0116028 -4.24173 0.00658327 25.4039 0.0577849 1274.64 5.13786 0.000568989 0.00104189 -0.0019583 0.00123038 0.44084 0.000569028 0.255807 0.000529199 
7 0.75 94080000 7.90061 0.0116028 -4.24173 0.00658327 25.4039 0.0574809 1274.64 5.12889 0.000568989 0.00104257 -0.0019583 0.00123038 0.44084 0.000566772 0.255807 0.000527294 
7 0.75 94570000 7.90061 0.0116028 -4.24173 0.00658327 25.4039 0.0573587 1274.64 5.12889 0.000568989 0.00104201 -0.0019583 0.00123038 0.44084 0.000564072 0.255807 0.000524823 
7 0.75 95060000 7.90061 0.0116028 -4.24173 0.00658327 25.4039 0.0570815 1274.64 5.12889 0.000568989 0.0010383 -0.0019583 0.00123038 0.44084 0.000561505 0.255807 0.000522247 
7 0.75 95550000 7.90061 0.0116028 -4.24173 0.00658327 25.4039 0.0569646 1274.64 5.12889 0.000568989 0.0010359 -0.0019583 0.00123038 0.44084 0.00056217 0.255807 0.000522854 
7 0.75 96040000 7.90061 0.0116028 -4.24173 0.00658327 25.4039 0.0569517 1274.64 5.12889 0.000568989 0.00103608 -0.0019583 0.00123038 0.44084 0.00056185 0.255807 0.00052306 
7 0.75 96530000 7.89958 0.0111375 -4.24254 0.0061839 25.4059 0.0567254 1274.64 5.0489 0.000703909 0.00103277 -0.0017849 0.00114 0.44085 0.00056034 0.255818 0.000522198 
7 0.75 97020000 7.89958 0.0111255 -4.24254 0.00615295 25.4059 0.0564667 1274.64 5.03557 0.000703909 0.00102958 -0.0017849 0.00114 0.44085 0.000557897 0.255818 0.000520206 
7 0.75 97510000 7.89958 0.0111255 -4.24254 0.00613527 25.4059 0.0563307 1274.64 5.01253 0.000703909 0.00102909 -0.0017849 0.00114 0.44085 0.000557181 0.255818 0.000519911 
7 0.75 98000000 7.89958 0.0111255 -4.24254 0.00611867 25.4059 0.0561815 1274.64 4.99143 0.000703909 0.0010254 -0.0017849 0.00114 0.44085 0.000556417 0.255818 0.000518975 
7 0.75 98490000 7.89958 0.0111255 -4.24254 0.00611291 25.4059 0.0561002 1274.64 4.97542 0.000703909 0.00102603 -0.0017849 0.00114 0.44085 0.000555282 0.255818 0.000517812 
7 0.75 98980000 7.89958 0.0111255 -4.24254 0.00611129 25.4059 0.0559622 1274.64 4.96783 0.000703909 0.00102714 -0.0017849 0.00114 0.44085 0.000553639 0.255818 0.000516407 
7 0.75 99470000 7.89958 0.0111255 -4.24254 0.00611129 25.4059 0.055823 1274.64 4.95041 0.000703909 0.00102723 -0.0017849 0.00114 0.44085 0.000552536 0.255818 0.000514945 
7 0.75 99960000 7.89958 0.0111255 -4.24254 0.00611129 25.4059 0.0555816 1274.64 4.92878 0.000703909 0.00102496 -0.0017849 0.00114 0.44085 0.000550188 0.255818 0.000512792 
