L J MC_steps R2 R2_std E E_std E2 E2_std E4 E4_std Sin1 Sin1_std Cos1 Cos1_std Mag2 Mag2_std Mag4 Mag4_std
6 0 360000 7.32143 0.136469 -0.0301902 0.059245 3.03823 0.212866 33.4151 5.78396 0.0239454 0.0108939 0.00715387 0.00955324 0.168966 0.00501913 0.0513216 0.00317603 
6 0 720000 7.20089 0.111497 -0.0345314 0.0395507 3.05769 0.15281 32.9836 4.07654 0.0153308 0.00715692 0.00641679 0.00685968 0.169786 0.00344066 0.0527035 0.00211019 
6 0 1080000 7.2777 0.0875347 -0.0368549 0.0321684 3.09246 0.129761 33.2279 3.57951 0.00662824 0.00571728 0.00148015 0.00570402 0.169066 0.00282185 0.0527828 0.00175152 
6 0 1440000 7.25313 0.0754497 -0.04124 0.0279528 3.13178 0.0944957 34.3441 2.77334 0.00249738 0.00575461 0.0028398 0.00478438 0.16969 0.00243711 0.0528865 0.00150428 
6 0 1800000 7.25164 0.0647139 -0.0322832 0.0244365 3.10494 0.0773496 33.5906 2.27087 0.00142584 0.00447605 -4.23026e-05 0.00416456 0.168387 0.00209722 0.0521501 0.00130361 
6 0 2160000 7.24006 0.0567183 -0.0352069 0.0222941 3.12202 0.0635094 33.8438 1.89254 0.0021007 0.00444139 -0.00231995 0.00402256 0.168421 0.00192987 0.0522998 0.00119439 
6 0 2520000 7.23528 0.050957 -0.0324057 0.0215748 3.11952 0.0579325 34.204 1.84655 0.00333967 0.00377083 -0.00401005 0.00394484 0.168382 0.00181724 0.0521461 0.0011074 
6 0 2880000 7.23776 0.0471866 -0.0205115 0.020442 3.08896 0.0544625 33.4155 1.68145 0.00305258 0.0034862 -0.00179521 0.00349594 0.167324 0.00173435 0.0514029 0.00109473 
6 0 3240000 7.24908 0.0432242 -0.0158168 0.0195034 3.07691 0.0488237 32.7826 1.52951 0.00180818 0.00327275 -0.00335716 0.00328987 0.167542 0.00167124 0.0514731 0.000991604 
6 0 3600000 7.25391 0.0396968 -0.0048633 0.018596 3.04612 0.0491614 32.1333 1.3975 0.000522152 0.00313858 -0.00508683 0.00313505 0.167173 0.00157642 0.0512616 0.00094633 
6 0 3960000 7.25703 0.0375038 -0.00371374 0.0199877 3.03607 0.0555296 32.0306 1.33243 0.000803682 0.00303555 -0.00493699 0.00328841 0.16708 0.001488 0.0511515 0.000925955 
6 0 4320000 7.26083 0.0356059 -0.0101868 0.0199877 3.01799 0.0555296 31.4728 1.30123 0.000103927 0.00292224 -0.00331772 0.00328841 0.167842 0.0013979 0.0514225 0.000855724 
6 0 4680000 7.26286 0.0341795 -0.00939193 0.0174443 3.01193 0.051256 31.6831 1.25307 0.000361674 0.00272468 -0.00179664 0.00396581 0.167795 0.00139303 0.0513531 0.000833107 
6 0 5040000 7.26412 0.033461 -0.0123479 0.0174443 3.00171 0.051256 31.2364 1.18566 -0.000263764 0.00259297 -0.00158788 0.00396581 0.167791 0.00133134 0.0513086 0.000788177 
6 0 5400000 7.27525 0.0325902 -0.0136112 0.0154541 2.98862 0.0489487 30.7883 1.22957 -0.000275824 0.00251415 -0.00145161 0.00341424 0.167218 0.00130837 0.0509495 0.000769707 
6 0 5760000 7.28555 0.0317084 -0.0175077 0.0154541 2.99267 0.0489487 30.7741 1.22957 -0.000263538 0.00244086 -0.00198741 0.00341424 0.167828 0.00126497 0.0511544 0.000732371 
6 0 6120000 7.27441 0.0305194 -0.0148171 0.0139542 2.99931 0.0439821 31.0175 1.09702 -0.00145515 0.00235595 -0.00117887 0.00299833 0.167541 0.00119499 0.050996 0.00069131 
6 0 6480000 7.26781 0.0296422 -0.0162065 0.0135693 2.99493 0.0439821 30.8326 1.09702 -0.00128569 0.00226808 -0.00151503 0.00299833 0.167644 0.00115562 0.0509536 0.000667517 
6 0 6840000 7.26259 0.0288106 -0.0194867 0.0132592 2.99729 0.0391413 30.946 1.02245 -0.000688567 0.00222423 -0.00165501 0.00270273 0.167786 0.0011378 0.0510332 0.000658007 
6 0 7200000 7.26049 0.0282593 -0.0170589 0.0128399 3.00561 0.0391413 31.1222 0.987333 -0.000703387 0.0021609 -0.00133009 0.00270273 0.167748 0.001099 0.0510915 0.000638162 
6 0 7560000 7.26426 0.0276882 -0.0189494 0.0125911 3.01165 0.0378158 31.1929 0.953603 -0.000700538 0.0021163 -0.00114409 0.00248028 0.168003 0.00107584 0.0513069 0.000624194 
6 0 7920000 7.26426 0.0267668 -0.0189494 0.0123521 3.01165 0.0378158 31.1929 0.937254 -0.000700538 0.00204776 -0.00114409 0.00248028 0.168003 0.00107263 0.0513069 0.000625168 
6 0 8280000 7.2619 0.0263574 -0.0143287 0.0120204 3.01424 0.0378158 31.374 0.913684 -0.00118655 0.00201517 -0.001201 0.00225545 0.167691 0.00103852 0.051211 0.000603403 
6 0 8640000 7.2619 0.0260291 -0.0143287 0.0117417 3.01424 0.0378158 31.374 0.882979 -0.00118655 0.00195249 -0.001201 0.00225545 0.167691 0.00101732 0.051211 0.000590584 
6 0 9000000 7.26676 0.0254336 -0.0181683 0.011491 3.01169 0.0316489 31.1569 0.855227 -0.00143808 0.00191426 -0.00164983 0.00211168 0.168056 0.00100019 0.0513911 0.000588729 
6 0 9360000 7.26676 0.0248106 -0.0181683 0.0112676 3.01169 0.0316489 31.1569 0.834221 -0.00143808 0.00185959 -0.00164983 0.00211168 0.168056 0.000987286 0.0513911 0.000580193 
6 0 9720000 7.27133 0.0240229 -0.0158046 0.0110646 2.99445 0.0335861 30.6489 0.887029 -0.00177181 0.00180417 -0.00121814 0.00199288 0.16766 0.000967915 0.0510868 0.000572179 
6 0 10080000 7.27133 0.0236281 -0.0158046 0.010814 2.99445 0.0335861 30.6489 0.887029 -0.00177181 0.00176222 -0.00121814 0.00199288 0.16766 0.000946966 0.0510868 0.00056299 
6 0 10440000 7.26807 0.023257 -0.0200449 0.0105937 3.01362 0.0362476 31.2443 1.00384 -0.00199551 0.0017246 -0.00200289 0.00199908 0.168019 0.000929948 0.0514471 0.000607176 
6 0 10800000 7.26807 0.0229684 -0.0200449 0.0105507 3.01362 0.0362476 31.2443 1.00384 -0.00199551 0.00172551 -0.00200289 0.00199908 0.168019 0.000920011 0.0514471 0.000607176 
6 0 11160000 7.26927 0.0226205 -0.0157656 0.01068 3.00627 0.0345684 31.0232 0.960956 -0.00128036 0.00168148 -0.00200482 0.00186581 0.167643 0.000913952 0.0512137 0.000609897 
6 0 11520000 7.26927 0.0223635 -0.0157656 0.01068 3.00627 0.0345684 31.0232 0.960956 -0.00128036 0.00165848 -0.00200482 0.00186581 0.167643 0.000901142 0.0512137 0.000609897 
6 0 11880000 7.26184 0.0219494 -0.0170092 0.0100846 3.01333 0.0331207 31.2767 0.933733 -0.000905361 0.00162634 -0.00219891 0.00175926 0.167676 0.000882922 0.0512853 0.00057597 
6 0 12240000 7.26184 0.0215713 -0.0170092 0.0100846 3.01333 0.0331207 31.2767 0.933733 -0.000905361 0.00159174 -0.00219891 0.00175926 0.167676 0.000868848 0.0512853 0.00057597 
6 0 12600000 7.25718 0.0212252 -0.0176425 0.00963168 3.02186 0.0322541 31.4991 0.904907 -0.00098874 0.00157257 -0.00201904 0.00166495 0.167745 0.000852059 0.0513578 0.00054663 
6 0 12960000 7.25718 0.0210987 -0.0176425 0.00951129 3.02186 0.0322541 31.4991 0.904907 -0.00098874 0.0015629 -0.00201904 0.00166495 0.167745 0.000845687 0.0513578 0.00054663 
6 0 13320000 7.25363 0.0209084 -0.0201391 0.00936037 3.01865 0.030622 31.506 0.854661 -0.000904295 0.00152891 -0.00204775 0.0015727 0.167662 0.000829553 0.0513649 0.000516308 
6 0 13680000 7.25363 0.0209346 -0.0201391 0.00930477 3.01865 0.030622 31.506 0.854661 -0.000904295 0.00150438 -0.00204775 0.0015727 0.167662 0.000818685 0.0513649 0.000516308 
6 0 14040000 7.25363 0.0205392 -0.0201391 0.00930477 3.01865 0.030622 31.506 0.854661 -0.000904295 0.00148415 -0.00204775 0.0015727 0.167662 0.00081163 0.0513649 0.000516308 
6 0 14400000 7.25067 0.020217 -0.020186 0.00897976 3.01498 0.0292288 31.4734 0.8103 -0.00123709 0.00146983 -0.0022915 0.00150869 0.167624 0.000806751 0.0513432 0.000489591 
6 0 14760000 7.25067 0.0198387 -0.020186 0.00884811 3.01498 0.0292288 31.4734 0.8103 -0.00123709 0.001446 -0.0022915 0.00150869 0.167624 0.000794845 0.0513432 0.000489591 
6 0 15120000 7.24736 0.0195149 -0.0183007 0.00879841 3.0006 0.0311043 31.1171 0.844489 -0.00127697 0.00142603 -0.00219039 0.00143782 0.167514 0.000784912 0.0511949 0.000487048 
6 0 15480000 7.24736 0.0193434 -0.0183007 0.00863193 3.0006 0.0311043 31.1171 0.844489 -0.00127697 0.00140212 -0.00219039 0.00143664 0.167514 0.000770632 0.0511949 0.000487048 
6 0 15840000 7.24736 0.0190649 -0.0183007 0.00854788 3.0006 0.0298156 31.1171 0.830331 -0.00127697 0.00137882 -0.00219039 0.00156002 0.167514 0.000766946 0.0511949 0.000464305 
6 0 16200000 7.24736 0.0187958 -0.0183007 0.0084943 3.0006 0.0298156 31.1171 0.830331 -0.00127697 0.00137499 -0.00219039 0.00156002 0.167514 0.000766969 0.0511949 0.000464305 
6 0 16560000 7.25542 0.0185752 -0.0166414 0.00842495 2.99986 0.0285845 30.9026 0.792594 -0.00172241 0.00135161 -0.00160038 0.00149922 0.167453 0.000756245 0.0511709 0.000449456 
6 0 16920000 7.25542 0.0183365 -0.0166414 0.00835867 2.99986 0.0285845 30.9026 0.792594 -0.00172241 0.00133248 -0.00160038 0.00149922 0.167453 0.000749627 0.0511709 0.000446452 
6 0 17280000 7.25542 0.0182043 -0.0166414 0.00824011 2.99986 0.0275257 30.9026 0.75834 -0.00172241 0.00131809 -0.00160038 0.00143464 0.167453 0.000738857 0.0511709 0.000439605 
6 0 17640000 7.25542 0.0181148 -0.0166414 0.00816165 2.99986 0.0275257 30.9026 0.75834 -0.00172241 0.00130433 -0.00160038 0.00143464 0.167453 0.000728238 0.0511709 0.000434267 
6 0 18000000 7.26562 0.0218212 -0.0170324 0.00806508 3.00508 0.026449 30.9498 0.729547 -0.00157038 0.00128784 -0.00151906 0.00137538 0.167497 0.000721037 0.0512457 0.000429237 
6 0 18360000 7.26562 0.0218212 -0.0170324 0.00797247 3.00508 0.026449 30.9498 0.729547 -0.00157038 0.00127493 -0.00151906 0.00137538 0.167497 0.000711366 0.0512457 0.000423087 
6 0 18720000 7.26562 0.0218212 -0.0170324 0.00787259 3.00508 0.0256221 30.9498 0.702238 -0.00157038 0.00125914 -0.00151906 0.00132676 0.167497 0.000704064 0.0512457 0.000419166 
6 0 19080000 7.26562 0.0218212 -0.0170324 0.0077855 3.00508 0.0256221 30.9498 0.702238 -0.00157038 0.00124524 -0.00151906 0.00132039 0.167497 0.000696821 0.0512457 0.000413763 
6 0 19440000 7.25642 0.0218212 -0.0170106 0.00767555 3.00037 0.0246648 30.8794 0.68587 -0.000877015 0.00126094 -0.0012818 0.00128929 0.167665 0.000685186 0.051341 0.000407904 
6 0 19800000 7.25642 0.0218212 -0.0170106 0.00756938 3.00037 0.0246648 30.8794 0.68587 -0.000877015 0.00126094 -0.0012818 0.00128929 0.167665 0.000675155 0.051341 0.000401986 
6 0 20160000 7.25642 0.0218212 -0.0170106 0.00748231 3.00037 0.0238767 30.8794 0.670604 -0.000877015 0.00126094 -0.0012818 0.00127606 0.167665 0.000664544 0.051341 0.000395299 
6 0 20520000 7.25642 0.0218212 -0.0170106 0.00742087 3.00037 0.0238767 30.8794 0.670604 -0.000877015 0.00126094 -0.0012818 0.00127606 0.167665 0.000658214 0.051341 0.000391951 
6 0 20880000 7.26315 0.0188439 -0.0160804 0.00734558 2.99775 0.0235647 30.9168 0.651522 -0.00105524 0.00119088 -0.00173176 0.00123922 0.167664 0.000653469 0.0513115 0.000389642 
6 0 21240000 7.26315 0.0188439 -0.0160804 0.00730176 2.99775 0.0235647 30.9168 0.651522 -0.00105524 0.00118568 -0.00173176 0.00123922 0.167664 0.000654134 0.0513115 0.000388526 
6 0 21600000 7.26315 0.0188439 -0.0160804 0.00724777 2.99775 0.0228934 30.9168 0.634655 -0.00105524 0.0011834 -0.00173176 0.00124087 0.167664 0.00064658 0.0513115 0.00038356 
6 0 21960000 7.26315 0.0188439 -0.0160804 0.00717631 2.99775 0.0228934 30.9168 0.634655 -0.00105524 0.0011834 -0.00173176 0.00124087 0.167664 0.000639625 0.0513115 0.000379146 
6 0 22320000 7.2543 0.0188439 -0.0122263 0.00738878 2.99409 0.0221553 30.8291 0.613504 -0.00105073 0.0011639 -0.00166702 0.00122852 0.167455 0.000635096 0.0512096 0.000377468 
6 0 22680000 7.2543 0.0188439 -0.0122263 0.00738878 2.99409 0.0221553 30.8291 0.613504 -0.00105073 0.00115499 -0.00166702 0.00122852 0.167455 0.00063086 0.0512096 0.000375532 
6 0 23040000 7.2543 0.0188439 -0.0122263 0.00721302 2.99409 0.0214878 30.8291 0.599219 -0.00105073 0.00114844 -0.00166702 0.00120392 0.167455 0.000622541 0.0512096 0.000370626 
6 0 23400000 7.2543 0.0188439 -0.0122263 0.00721302 2.99409 0.0214878 30.8291 0.599219 -0.00105073 0.00110452 -0.00166702 0.00120392 0.167455 0.000618785 0.0512096 0.000368944 
6 0 23760000 7.25696 0.0174757 -0.0116183 0.00699639 2.99321 0.0209429 30.6912 0.58306 -0.00127984 0.00108706 -0.00145477 0.00116646 0.167597 0.000613433 0.0512437 0.000365277 
6 0 24120000 7.25696 0.0174757 -0.0116183 0.00699639 2.99321 0.0209429 30.6912 0.58306 -0.00127984 0.00107767 -0.00145477 0.00116646 0.167597 0.000609502 0.0512437 0.000361746 
6 0 24480000 7.25696 0.0174757 -0.0116183 0.00699598 2.99321 0.0203145 30.6912 0.565693 -0.00127984 0.00108855 -0.00145477 0.00114284 0.167597 0.000605464 0.0512437 0.000360674 
6 0 24840000 7.25696 0.0174757 -0.0116183 0.00699598 2.99321 0.0203145 30.6912 0.565693 -0.00127984 0.00108386 -0.00145477 0.00114284 0.167597 0.000600612 0.0512437 0.000357613 
6 0 25200000 7.25506 0.0174757 -0.0101716 0.00679612 2.99901 0.0203953 30.7994 0.563126 -0.000564928 0.00121425 -0.00128365 0.00110924 0.167437 0.000595969 0.0511936 0.000357308 
6 0 25560000 7.25506 0.0174757 -0.0101716 0.00679612 2.99901 0.0203953 30.7994 0.563126 -0.000564928 0.00121425 -0.00128365 0.00110924 0.167437 0.000592093 0.0511936 0.000353562 
6 0 25920000 7.25506 0.0174757 -0.0101716 0.00661298 2.99901 0.0198182 30.7994 0.550066 -0.000564928 0.00121425 -0.00128365 0.00110471 0.167437 0.000585063 0.0511936 0.000349159 
6 0 26280000 7.25506 0.0174757 -0.0101716 0.00661298 2.99901 0.0198182 30.7994 0.550066 -0.000564928 0.00121425 -0.00128365 0.00110471 0.167437 0.000578373 0.0511936 0.000344414 
6 0 26640000 7.25176 0.0162878 -0.00897773 0.00661562 2.99703 0.0193241 30.7998 0.537846 -0.00100112 0.00122263 -0.000802515 0.00109855 0.167341 0.000578404 0.0511423 0.000344582 
6 0 27000000 7.25176 0.0162878 -0.00897773 0.00661562 2.99703 0.0193241 30.7998 0.537846 -0.00100112 0.00122263 -0.000802515 0.00109855 0.167341 0.000574175 0.0511423 0.000342854 
6 0 27360000 7.25176 0.0162878 -0.00897773 0.00644994 2.99703 0.0189077 30.7998 0.529097 -0.00100112 0.00122263 -0.000802515 0.00107279 0.167341 0.000570354 0.0511423 0.000339995 
6 0 27720000 7.25176 0.0162878 -0.00897773 0.00644994 2.99703 0.0189077 30.7998 0.529097 -0.00100112 0.00122263 -0.000802515 0.00107279 0.167341 0.000565969 0.0511423 0.000336103 
6 0 28080000 7.25314 0.0162878 -0.00933957 0.00628044 2.99507 0.0188258 30.8135 0.519205 -0.000602155 0.00122164 -0.000455481 0.0010742 0.167225 0.000560945 0.051102 0.000332206 
6 0 28440000 7.25314 0.0162878 -0.00933957 0.00628044 2.99507 0.0188258 30.8135 0.519205 -0.000602155 0.00122164 -0.000455481 0.0010742 0.167225 0.000556474 0.051102 0.000329874 
6 0 28800000 7.25314 0.0162878 -0.00933957 0.006143 2.99507 0.0183986 30.8135 0.508361 -0.000602155 0.00122164 -0.000455481 0.00105056 0.167225 0.000554207 0.051102 0.000328766 
6 0 29160000 7.25314 0.0162878 -0.00933957 0.00612083 2.99507 0.0183986 30.8135 0.508361 -0.000602155 0.00122164 -0.000455481 0.00105056 0.167225 0.000548951 0.051102 0.000325435 
6 0 29520000 7.25314 0.0162878 -0.00933957 0.00612083 2.99507 0.0183986 30.8135 0.508361 -0.000602155 0.00122164 -0.000455481 0.00105056 0.167225 0.000545374 0.051102 0.000323087 
6 0 29880000 7.24897 0.0149636 -0.00699089 0.00635585 2.9936 0.0179387 30.7426 0.496051 -0.000691215 0.0011638 -0.000379323 0.00105897 0.167133 0.000541434 0.0510653 0.000320104 
6 0 30240000 7.24897 0.0149636 -0.00699089 0.00635585 2.9936 0.0179387 30.7426 0.496051 -0.000691215 0.0011638 -0.000379323 0.00105897 0.167133 0.000537411 0.0510653 0.00031681 
6 0 30600000 7.24897 0.0149636 -0.00699089 0.00620251 2.9936 0.0175985 30.7426 0.50436 -0.000691215 0.0011638 -0.000379323 0.00105897 0.167133 0.000537047 0.0510653 0.000316055 
6 0 30960000 7.24897 0.0149636 -0.00699089 0.00620251 2.9936 0.0175985 30.7426 0.50436 -0.000691215 0.0011638 -0.000379323 0.00105897 0.167133 0.000532579 0.0510653 0.000313572 
6 0 31320000 7.24897 0.0148958 -0.00699089 0.00611946 2.9936 0.0171922 30.7426 0.492443 -0.000691215 0.00113993 -0.000379323 0.00105897 0.167133 0.000528269 0.0510653 0.000310746 
6 0 31680000 7.24897 0.0148958 -0.00699089 0.00611946 2.9936 0.0171922 30.7426 0.492443 -0.000691215 0.00113993 -0.000379323 0.00105897 0.167133 0.000525564 0.0510653 0.000310851 
6 0 32040000 7.24897 0.0148958 -0.00699089 0.00598494 2.9936 0.0168237 30.7426 0.489103 -0.000691215 0.00113993 -0.000379323 0.00105897 0.167133 0.000522658 0.0510653 0.000309459 
6 0 32400000 7.24897 0.0148958 -0.00699089 0.00598494 2.9936 0.0168237 30.7426 0.489103 -0.000691215 0.00113993 -0.000379323 0.00105897 0.167133 0.000519424 0.0510653 0.000307468 
6 0 32760000 7.24598 0.0139048 -0.007996 0.00584918 2.99604 0.0164425 30.9886 0.477995 -0.000900519 0.00108989 -0.000536222 0.00105897 0.166975 0.000515109 0.0510205 0.00030571 
6 0 33120000 7.24598 0.0139048 -0.007996 0.00584918 2.99604 0.0164425 30.9886 0.477995 -0.000900519 0.00108989 -0.000536222 0.00105897 0.166975 0.000513245 0.0510205 0.000303894 
6 0 33480000 7.24598 0.0139048 -0.007996 0.00581734 2.99604 0.0161954 30.9886 0.469766 -0.000900519 0.00108989 -0.000536222 0.00105897 0.166975 0.000508913 0.0510205 0.000302574 
6 0 33840000 7.24598 0.0139048 -0.007996 0.00581734 2.99604 0.0161954 30.9886 0.469766 -0.000900519 0.00108989 -0.000536222 0.00105897 0.166975 0.000506075 0.0510205 0.000301123 
6 0 34200000 7.24598 0.0138388 -0.007996 0.00605527 2.99604 0.0168374 30.9886 0.501567 -0.000900519 0.00105167 -0.000536222 0.00105897 0.166975 0.000501139 0.0510205 0.00029967 
6 0 34560000 7.24598 0.0138388 -0.007996 0.00605527 2.99604 0.0168374 30.9886 0.501567 -0.000900519 0.00105167 -0.000536222 0.00105897 0.166975 0.000498872 0.0510205 0.000298879 
6 0 34920000 7.24598 0.0138388 -0.007996 0.00603977 2.99604 0.0165207 30.9886 0.491611 -0.000900519 0.00105167 -0.000536222 0.00105897 0.166975 0.000497161 0.0510205 0.000298091 
6 0 35280000 7.24598 0.0138388 -0.007996 0.00603977 2.99604 0.0165207 30.9886 0.491611 -0.000900519 0.00105167 -0.000536222 0.00105897 0.166975 0.000494178 0.0510205 0.000295659 
6 0 35640000 7.25073 0.013476 -0.0101103 0.00591445 3.00097 0.0161765 31.1085 0.485282 -0.000894379 0.00101818 -0.00067355 0.000955124 0.167318 0.000495178 0.0512192 0.000295452 
6 0 36000000 7.25073 0.013476 -0.0101103 0.00591445 3.00097 0.0161765 31.1085 0.485282 -0.000894379 0.00101818 -0.00067355 0.000955124 0.167318 0.000493302 0.0512192 0.000294012 
6 0 36360000 7.25073 0.013476 -0.0101103 0.00583773 3.00097 0.0158505 31.1085 0.475793 -0.000894379 0.00101818 -0.00067355 0.000939091 0.167318 0.000492657 0.0512192 0.00029318 
6 0 36720000 7.25073 0.013476 -0.0101103 0.00583773 3.00097 0.0158505 31.1085 0.475793 -0.000894379 0.00101818 -0.00067355 0.000939091 0.167318 0.000490376 0.0512192 0.000291486 
6 0 37080000 7.25073 0.013476 -0.0101103 0.00572242 3.00097 0.0155417 31.1085 0.466423 -0.000894379 0.000981261 -0.00067355 0.000927284 0.167318 0.000487605 0.0512192 0.000289596 
6 0 37440000 7.25073 0.013476 -0.0101103 0.00572242 3.00097 0.0155417 31.1085 0.466423 -0.000894379 0.000981261 -0.00067355 0.000927284 0.167318 0.000485671 0.0512192 0.000288235 
6 0 37800000 7.25073 0.013476 -0.0101103 0.00561024 3.00097 0.0152545 31.1085 0.457947 -0.000894379 0.000981261 -0.00067355 0.000922446 0.167318 0.000483906 0.0512192 0.00028743 
6 0 38160000 7.25073 0.013476 -0.0101103 0.00561024 3.00097 0.0152545 31.1085 0.457947 -0.000894379 0.000981261 -0.00067355 0.000922446 0.167318 0.00048256 0.0512192 0.00028971 
6 0 38520000 7.25 0.0124593 -0.010888 0.00566311 3.00463 0.0156225 31.1285 0.455537 -0.000827434 0.000955699 -0.000712995 0.000922446 0.167508 0.000491028 0.0513359 0.000304896 
6 0 38880000 7.25 0.0124593 -0.010888 0.00566311 3.00463 0.0156225 31.1285 0.455537 -0.000827434 0.000955699 -0.000712995 0.000922446 0.167508 0.000491028 0.0513359 0.000304896 
6 0 39240000 7.25 0.0124593 -0.010888 0.00555747 3.00463 0.0160721 31.1285 0.466622 -0.000827434 0.000955699 -0.000712995 0.000922446 0.167508 0.000482025 0.0513359 0.000299725 
6 0 39600000 7.25 0.0124593 -0.010888 0.00555747 3.00463 0.0160721 31.1285 0.466622 -0.000827434 0.000955699 -0.000712995 0.000922446 0.167508 0.000482025 0.0513359 0.000299725 
6 0 39960000 7.25 0.0124593 -0.010888 0.00548113 3.00463 0.0157746 31.1285 0.458069 -0.000827434 0.000952036 -0.000712995 0.000922446 0.167508 0.000474645 0.0513359 0.000294208 
6 0 40320000 7.25 0.0124593 -0.010888 0.00548113 3.00463 0.0157746 31.1285 0.458069 -0.000827434 0.000952036 -0.000712995 0.000922446 0.167508 0.000474645 0.0513359 0.000294208 
6 0 40680000 7.25 0.0124593 -0.010888 0.00548113 3.00463 0.0155608 31.1285 0.453379 -0.000827434 0.000952036 -0.000712995 0.000922446 0.167508 0.000474645 0.0513359 0.000292904 
6 0 41040000 7.25 0.0124593 -0.010888 0.00548113 3.00463 0.0155608 31.1285 0.453379 -0.000827434 0.000952036 -0.000712995 0.000922446 0.167508 0.000474645 0.0513359 0.000292904 
6 0 41400000 7.24867 0.0116396 -0.0106095 0.00531448 3.00722 0.0152983 31.1361 0.449345 -0.000417486 0.00093164 -0.000399261 0.000864539 0.167394 0.000463998 0.0512874 0.000288001 
6 0 41760000 7.24867 0.0116396 -0.0106095 0.00531448 3.00722 0.0152983 31.1361 0.449345 -0.000417486 0.00093164 -0.000399261 0.000864539 0.167394 0.000463998 0.0512874 0.000288001 
6 0 42120000 7.24867 0.0116396 -0.0106095 0.00523645 3.00722 0.0150446 31.1361 0.441465 -0.000417486 0.00093164 -0.000399261 0.000849383 0.167394 0.000459638 0.0512874 0.000283108 
6 0 42480000 7.24867 0.0116396 -0.0106095 0.00523645 3.00722 0.0150446 31.1361 0.441465 -0.000417486 0.00093164 -0.000399261 0.000849383 0.167394 0.000459638 0.0512874 0.000283108 
6 0 42840000 7.24867 0.0116396 -0.0106095 0.00514649 3.00722 0.0147864 31.1361 0.433961 -0.000417486 0.000899536 -0.000399261 0.000840957 0.167394 0.000454383 0.0512874 0.000278293 
6 0 43200000 7.24867 0.0116396 -0.0106095 0.00514649 3.00722 0.0147864 31.1361 0.433961 -0.000417486 0.000899536 -0.000399261 0.000840957 0.167394 0.000454383 0.0512874 0.000278293 
6 0 43560000 7.24867 0.0116396 -0.0106095 0.00506923 3.00722 0.0147756 31.1361 0.42904 -0.000417486 0.000899536 -0.000399261 0.00087051 0.167394 0.000454383 0.0512874 0.000277575 
6 0 43920000 7.24867 0.0116396 -0.0106095 0.00506923 3.00722 0.0147756 31.1361 0.42904 -0.000417486 0.000899536 -0.000399261 0.00087051 0.167394 0.000454383 0.0512874 0.000277575 
6 0 44280000 7.25168 0.0112441 -0.0112529 0.00502834 3.00539 0.0145293 31.1211 0.423641 -0.000420925 0.000869556 -1.4761e-05 0.00088262 0.167453 0.000454335 0.0512742 0.000277386 
6 0 44640000 7.25168 0.0112441 -0.0112529 0.00502834 3.00539 0.0145293 31.1211 0.423641 -0.000420925 0.000869556 -1.4761e-05 0.00088262 0.167453 0.000454335 0.0512742 0.000277386 
6 0 45000000 7.25168 0.0112441 -0.0112529 0.00502834 3.00539 0.0145293 31.1211 0.423641 -0.000420925 0.000869556 -1.4761e-05 0.00088262 0.167453 0.000454335 0.0512742 0.000277386 
6 0 45360000 7.25168 0.0112441 -0.0112529 0.00495651 3.00539 0.0143399 31.1211 0.41849 -0.000420925 0.000869556 -1.4761e-05 0.000871191 0.167453 0.000447966 0.0512742 0.000273197 
6 0 45720000 7.25168 0.0112441 -0.0112529 0.00495651 3.00539 0.0143399 31.1211 0.41849 -0.000420925 0.000869556 -1.4761e-05 0.000871191 0.167453 0.000447966 0.0512742 0.000273197 
6 0 46080000 7.25168 0.0112441 -0.0112529 0.00493751 3.00539 0.0141567 31.1211 0.412179 -0.000420925 0.000882946 -1.4761e-05 0.000861708 0.167453 0.000448031 0.0512742 0.000272823 
6 0 46440000 7.25168 0.0112441 -0.0112529 0.00493751 3.00539 0.0141567 31.1211 0.412179 -0.000420925 0.000882946 -1.4761e-05 0.000861708 0.167453 0.000448031 0.0512742 0.000272823 
6 0 46800000 7.25168 0.0112441 -0.0112529 0.00487602 3.00539 0.0140335 31.1211 0.408142 -0.000420925 0.000882946 -1.4761e-05 0.000848955 0.167453 0.000442876 0.0512742 0.000270778 
6 0 47160000 7.25168 0.0112441 -0.0112529 0.00487602 3.00539 0.0140335 31.1211 0.408142 -0.000420925 0.000882946 -1.4761e-05 0.000848955 0.167453 0.000442876 0.0512742 0.000270778 
6 0 47520000 7.25293 0.0106109 -0.00977455 0.00483868 3.00279 0.0138909 31.0404 0.402412 -0.000708494 0.000855496 9.49561e-05 0.000866924 0.167356 0.000435989 0.051217 0.00026678 
6 0 47880000 7.25293 0.0106109 -0.00977455 0.00483868 3.00279 0.0138909 31.0404 0.402412 -0.000708494 0.000855496 9.49561e-05 0.000866924 0.167356 0.000435989 0.051217 0.00026678 
6 0 48240000 7.25293 0.0106109 -0.00977455 0.00479725 3.00279 0.0136808 31.0404 0.397961 -0.000708494 0.000855496 9.49561e-05 0.000861235 0.167356 0.00043093 0.051217 0.000262729 
6 0 48600000 7.25293 0.0106109 -0.00977455 0.00479725 3.00279 0.0136808 31.0404 0.397961 -0.000708494 0.000855496 9.49561e-05 0.000861235 0.167356 0.00043093 0.051217 0.000262729 
6 0 48960000 7.25293 0.0106109 -0.00977455 0.00472723 3.00279 0.0134947 31.0404 0.393909 -0.000708494 0.000845335 9.49561e-05 0.000861235 0.167356 0.000424407 0.051217 0.000258793 
6 0 49320000 7.25293 0.0106109 -0.00977455 0.00472723 3.00279 0.0134947 31.0404 0.393909 -0.000708494 0.000845335 9.49561e-05 0.000861235 0.167356 0.000424407 0.051217 0.000258793 
6 0 49680000 7.25293 0.0106109 -0.00977455 0.00467917 3.00279 0.0133051 31.0404 0.388917 -0.000708494 0.000845335 9.49561e-05 0.000861235 0.167356 0.000419271 0.051217 0.000254939 
6 0 50040000 7.25293 0.0106109 -0.00977455 0.00467917 3.00279 0.0133051 31.0404 0.388917 -0.000708494 0.000845335 9.49561e-05 0.000861235 0.167356 0.000419271 0.051217 0.000254939 
6 0 50400000 7.25336 0.0100216 -0.00958938 0.00461103 3.00115 0.0131095 31.0794 0.383481 -0.000418076 0.000829723 -6.10279e-05 0.000861235 0.167268 0.00041359 0.0512067 0.000251335 
6 0 50760000 7.25336 0.0100216 -0.00958938 0.00461103 3.00115 0.0131095 31.0794 0.383481 -0.000418076 0.000829723 -6.10279e-05 0.000861235 0.167268 0.00041359 0.0512067 0.000251335 
6 0 51120000 7.25336 0.0100401 -0.00958938 0.00465368 3.00115 0.0129329 31.0794 0.38022 -0.000418076 0.000829723 -6.10279e-05 0.000861235 0.167268 0.000419207 0.0512067 0.000251929 
6 0 51480000 7.25336 0.0100401 -0.00958938 0.00465368 3.00115 0.0129329 31.0794 0.38022 -0.000418076 0.000829723 -6.10279e-05 0.000861235 0.167268 0.000419207 0.0512067 0.000251929 
6 0 51840000 7.25336 0.0100406 -0.00958938 0.00465494 3.00115 0.0127493 31.0794 0.37479 -0.000418076 0.000819977 -6.10279e-05 0.000861235 0.167268 0.000420203 0.0512067 0.000250849 
6 0 52200000 7.25336 0.0100406 -0.00958938 0.00465494 3.00115 0.0127493 31.0794 0.37479 -0.000418076 0.000819977 -6.10279e-05 0.000861235 0.167268 0.000420203 0.0512067 0.000250849 
6 0 52560000 7.25336 0.0100056 -0.00958938 0.0045911 3.00115 0.0129254 31.0794 0.377884 -0.000418076 0.000819977 -6.10279e-05 0.000861235 0.167268 0.000418528 0.0512067 0.000250855 
6 0 52920000 7.25336 0.0100056 -0.00958938 0.0045911 3.00115 0.0129254 31.0794 0.377884 -0.000418076 0.000819977 -6.10279e-05 0.000861235 0.167268 0.000418528 0.0512067 0.000250855 
6 0 53280000 7.25414 0.0100906 -0.00642951 0.00488974 3.00008 0.013259 31.0506 0.378669 -0.000581167 0.000797264 -2.04113e-05 0.000805526 0.167072 0.000420725 0.0511116 0.000253404 
6 0 53640000 7.25414 0.0100906 -0.00642951 0.00488974 3.00008 0.013259 31.0506 0.378669 -0.000581167 0.000797264 -2.04113e-05 0.000805526 0.167072 0.000420725 0.0511116 0.000253404 
6 0 54000000 7.25414 0.0100735 -0.00642951 0.00488974 3.00008 0.0132818 31.0506 0.374295 -0.000581167 0.000797264 -2.04113e-05 0.00079783 0.167072 0.000420725 0.0511116 0.000250143 
6 0 54360000 7.25414 0.0100735 -0.00642951 0.00488974 3.00008 0.0132818 31.0506 0.374295 -0.000581167 0.000797264 -2.04113e-05 0.00079783 0.167072 0.000420725 0.0511116 0.000250143 
6 0 54720000 7.25414 0.00993784 -0.00642951 0.00488974 3.00008 0.0132938 31.0506 0.372899 -0.000581167 0.000866445 -2.04113e-05 0.00078705 0.167072 0.000420725 0.0511116 0.000246808 
6 0 55080000 7.25414 0.00993784 -0.00642951 0.00488974 3.00008 0.0132938 31.0506 0.372899 -0.000581167 0.000866445 -2.04113e-05 0.00078705 0.167072 0.000420725 0.0511116 0.000246808 
6 0 55440000 7.25414 0.00982072 -0.00642951 0.00488974 3.00008 0.013119 31.0506 0.368722 -0.000581167 0.000866445 -2.04113e-05 0.000803826 0.167072 0.000420725 0.0511116 0.000247366 
6 0 55800000 7.25414 0.00982072 -0.00642951 0.00488974 3.00008 0.013119 31.0506 0.368722 -0.000581167 0.000866445 -2.04113e-05 0.000803826 0.167072 0.000420725 0.0511116 0.000247366 
6 0 56160000 7.25473 0.00983886 -0.00591479 0.00488974 2.99823 0.0130511 30.9436 0.367954 -0.000128529 0.000845811 0.00031473 0.000797703 0.167063 0.000403716 0.0510794 0.000244184 
6 0 56520000 7.25473 0.00983886 -0.00591479 0.00488974 2.99823 0.0130511 30.9436 0.367954 -0.000128529 0.000845811 0.00031473 0.000797703 0.167063 0.000403716 0.0510794 0.000244184 
6 0 56880000 7.25473 0.00985643 -0.00591479 0.00488974 2.99823 0.0129124 30.9436 0.363809 -0.000128529 0.000845811 0.00031473 0.000797703 0.167063 0.000399501 0.0510794 0.000241882 
6 0 57240000 7.25473 0.00985643 -0.00591479 0.00488974 2.99823 0.0129124 30.9436 0.363809 -0.000128529 0.000845811 0.00031473 0.000797703 0.167063 0.000399501 0.0510794 0.000241882 
6 0 57600000 7.25473 0.00985769 -0.00591479 0.00488974 2.99823 0.0128697 30.9436 0.359227 -0.000128529 0.000884965 0.00031473 0.000796229 0.167063 0.000400255 0.0510794 0.000243287 
6 0 57960000 7.25473 0.00985769 -0.00591479 0.00488974 2.99823 0.0128697 30.9436 0.359227 -0.000128529 0.000884965 0.00031473 0.000796229 0.167063 0.000400255 0.0510794 0.000243287 
6 0 58320000 7.25473 0.0100897 -0.00591479 0.00488974 2.99823 0.0127132 30.9436 0.35604 -0.000128529 0.000884965 0.00031473 0.000800233 0.167063 0.000398678 0.0510794 0.000240268 
6 0 58680000 7.25473 0.0100897 -0.00591479 0.00488974 2.99823 0.0127132 30.9436 0.35604 -0.000128529 0.000884965 0.00031473 0.000800233 0.167063 0.000398678 0.0510794 0.000240268 
6 0 59040000 7.25356 0.00997871 -0.00530964 0.00452719 2.99666 0.0126011 30.9988 0.351732 -0.000527568 0.000865794 0.000142306 0.000809845 0.166992 0.000390912 0.051036 0.00023755 
6 0 59400000 7.25356 0.00997871 -0.00530964 0.00452719 2.99666 0.0126011 30.9988 0.351732 -0.000527568 0.000865794 0.000142306 0.000809845 0.166992 0.000390912 0.051036 0.00023755 
6 0 59760000 7.25356 0.00990599 -0.00530964 0.00452719 2.99666 0.0125204 30.9988 0.347629 -0.000527568 0.000865794 0.000142306 0.000801405 0.166992 0.0003861 0.051036 0.000234807 
6 0 60120000 7.25356 0.00990599 -0.00530964 0.00452719 2.99666 0.0125204 30.9988 0.347629 -0.000527568 0.000865794 0.000142306 0.000801405 0.166992 0.0003861 0.051036 0.000234807 
6 0 60480000 7.25356 0.00990599 -0.00530964 0.00452719 2.99666 0.0125204 30.9988 0.347629 -0.000527568 0.000865794 0.000142306 0.000801405 0.166992 0.0003861 0.051036 0.000234807 
6 0 60840000 7.25356 0.00979429 -0.00530964 0.00452719 2.99666 0.0124031 30.9988 0.346703 -0.000527568 0.000845028 0.000142306 0.000806069 0.166992 0.000385088 0.051036 0.000232011 
6 0 61200000 7.25356 0.00979429 -0.00530964 0.00452719 2.99666 0.0124031 30.9988 0.346703 -0.000527568 0.000845028 0.000142306 0.000806069 0.166992 0.000385088 0.051036 0.000232011 
6 0 61560000 7.25356 0.00974564 -0.00530964 0.00452719 2.99666 0.0122607 30.9988 0.343779 -0.000527568 0.000845028 0.000142306 0.000796404 0.166992 0.000385088 0.051036 0.000229328 
6 0 61920000 7.25356 0.00974564 -0.00530964 0.00452719 2.99666 0.0122607 30.9988 0.343779 -0.000527568 0.000845028 0.000142306 0.000796404 0.166992 0.000385088 0.051036 0.000229328 
6 0 62280000 7.25356 0.00963766 -0.00530964 0.00452719 2.99666 0.012119 30.9988 0.340118 -0.000527568 0.000834711 0.000142306 0.000787445 0.166992 0.000376013 0.051036 0.000227489 
6 0 62640000 7.25356 0.00963766 -0.00530964 0.00452719 2.99666 0.012119 30.9988 0.340118 -0.000527568 0.000834711 0.000142306 0.000787445 0.166992 0.000376013 0.051036 0.000227489 
6 0 63000000 7.25356 0.00953981 -0.00530964 0.00452719 2.99666 0.0120266 30.9988 0.337531 -0.000527568 0.000834711 0.000142306 0.000778628 0.166992 0.000373984 0.051036 0.00022534 
6 0 63360000 7.25356 0.00953981 -0.00530964 0.00452719 2.99666 0.0120266 30.9988 0.337531 -0.000527568 0.000834711 0.000142306 0.000778628 0.166992 0.000373984 0.051036 0.00022534 
6 0 63720000 7.25356 0.00942888 -0.00530964 0.00452719 2.99666 0.0121146 30.9988 0.339205 -0.000527568 0.000819154 0.000142306 0.000770211 0.166992 0.000373984 0.051036 0.000222909 
6 0 64080000 7.25356 0.00942888 -0.00530964 0.00452719 2.99666 0.0121146 30.9988 0.339205 -0.000527568 0.000819154 0.000142306 0.000770211 0.166992 0.000373984 0.051036 0.000222909 
6 0 64440000 7.25356 0.00939515 -0.00530964 0.00452719 2.99666 0.0119755 30.9988 0.335576 -0.000527568 0.000819154 0.000142306 0.000763283 0.166992 0.000373984 0.051036 0.000220544 
6 0 64800000 7.25356 0.00939515 -0.00530964 0.00452719 2.99666 0.0119755 30.9988 0.335576 -0.000527568 0.000819154 0.000142306 0.000763283 0.166992 0.000373984 0.051036 0.000220544 
6 0 65160000 7.25303 0.00929058 -0.00563097 0.00434432 2.99438 0.0119902 30.8674 0.334218 -0.000355298 0.000802865 -6.95365e-05 0.000755226 0.167015 0.000361842 0.0510213 0.00022008 
6 0 65520000 7.25303 0.00929058 -0.00563097 0.00434432 2.99438 0.0119902 30.8674 0.334218 -0.000355298 0.000802865 -6.95365e-05 0.000755226 0.167015 0.000361842 0.0510213 0.00022008 
6 0 65880000 7.25303 0.00924584 -0.00563097 0.00434432 2.99438 0.0118579 30.8674 0.330515 -0.000355298 0.000802865 -6.95365e-05 0.000750127 0.167015 0.00036048 0.0510213 0.00021763 
6 0 66240000 7.25303 0.00924584 -0.00563097 0.00434432 2.99438 0.0118579 30.8674 0.330515 -0.000355298 0.000802865 -6.95365e-05 0.000750127 0.167015 0.00036048 0.0510213 0.00021763 
6 0 66600000 7.25303 0.009159 -0.00563097 0.00434432 2.99438 0.0118775 30.8674 0.33018 -0.000355298 0.000787237 -6.95365e-05 0.000742182 0.167015 0.00036048 0.0510213 0.000215291 
6 0 66960000 7.25303 0.009159 -0.00563097 0.00434432 2.99438 0.0118775 30.8674 0.33018 -0.000355298 0.000787237 -6.95365e-05 0.000742182 0.167015 0.00036048 0.0510213 0.000215291 
6 0 67320000 7.25303 0.00912427 -0.00563097 0.00434432 2.99438 0.011807 30.8674 0.327989 -0.000355298 0.000787237 -6.95365e-05 0.000735551 0.167015 0.000364943 0.0510213 0.000219057 
6 0 67680000 7.25303 0.00912427 -0.00563097 0.00434432 2.99438 0.011807 30.8674 0.327989 -0.000355298 0.000787237 -6.95365e-05 0.000735551 0.167015 0.000364943 0.0510213 0.000219057 
6 0 68040000 7.25303 0.00905656 -0.00563097 0.00434432 2.99438 0.0116888 30.8674 0.324441 -0.000355298 0.000773559 -6.95365e-05 0.000730102 0.167015 0.00037901 0.0510213 0.000216851 
6 0 68400000 7.25303 0.00905656 -0.00563097 0.00434432 2.99438 0.0116888 30.8674 0.324441 -0.000355298 0.000773559 -6.95365e-05 0.000730102 0.167015 0.00037901 0.0510213 0.000216851 
6 0 68760000 7.25303 0.00903613 -0.00563097 0.00434432 2.99438 0.011566 30.8674 0.321383 -0.000355298 0.000773559 -6.95365e-05 0.00072357 0.167015 0.00037901 0.0510213 0.000214532 
6 0 69120000 7.25303 0.00903613 -0.00563097 0.00434432 2.99438 0.011566 30.8674 0.321383 -0.000355298 0.000773559 -6.95365e-05 0.00072357 0.167015 0.00037901 0.0510213 0.000214532 
6 0 69480000 7.25303 0.0089518 -0.00563097 0.00434432 2.99438 0.0115363 30.8674 0.321379 -0.000355298 0.000768543 -6.95365e-05 0.000719795 0.167015 0.00037901 0.0510213 0.000213754 
6 0 69840000 7.25303 0.0089518 -0.00563097 0.00434432 2.99438 0.0115363 30.8674 0.321379 -0.000355298 0.000768543 -6.95365e-05 0.000719795 0.167015 0.00037901 0.0510213 0.000213754 
6 0 70200000 7.25303 0.00888323 -0.00563097 0.00434432 2.99438 0.011422 30.8674 0.3197 -0.000355298 0.000768543 -6.95365e-05 0.000712235 0.167015 0.00037901 0.0510213 0.000212443 
6 0 70560000 7.25303 0.00888323 -0.00563097 0.00434432 2.99438 0.011422 30.8674 0.3197 -0.000355298 0.000768543 -6.95365e-05 0.000712235 0.167015 0.00037901 0.0510213 0.000212443 
6 0 70920000 7.24746 0.00883396 -0.00434981 0.00397698 2.99596 0.0113031 30.9414 0.316477 -0.000501679 0.000761915 0.000153681 0.000706389 0.166857 0.000363229 0.050994 0.000211547 
6 0 71280000 7.24746 0.00883396 -0.00434981 0.00397698 2.99596 0.0113031 30.9414 0.316477 -0.000501679 0.000761915 0.000153681 0.000706389 0.166857 0.000363229 0.050994 0.000211547 
6 0 71640000 7.24746 0.00883151 -0.00434981 0.00397698 2.99596 0.0112018 30.9414 0.313757 -0.000501679 0.000761915 0.000153681 0.000699328 0.166857 0.000363229 0.050994 0.000210915 
6 0 72000000 7.24746 0.00883151 -0.00434981 0.00397698 2.99596 0.0112018 30.9414 0.313757 -0.000501679 0.000761915 0.000153681 0.000699328 0.166857 0.000363229 0.050994 0.000210915 
6 0 72360000 7.24746 0.00889074 -0.00434981 0.00397698 2.99596 0.0111121 30.9414 0.311839 -0.000501679 0.000752059 0.000153681 0.000692573 0.166857 0.000363229 0.050994 0.000209326 
6 0 72720000 7.24746 0.00889074 -0.00434981 0.00397698 2.99596 0.0111121 30.9414 0.311839 -0.000501679 0.000752059 0.000153681 0.000692573 0.166857 0.000363229 0.050994 0.000209326 
6 0 73080000 7.24746 0.0088781 -0.00434981 0.00397698 2.99596 0.011032 30.9414 0.308801 -0.000501679 0.000752059 0.000153681 0.000686837 0.166857 0.000363229 0.050994 0.000208512 
6 0 73440000 7.24746 0.0088781 -0.00434981 0.00397698 2.99596 0.011032 30.9414 0.308801 -0.000501679 0.000752059 0.000153681 0.000686837 0.166857 0.000363229 0.050994 0.000208512 
6 0 73800000 7.24746 0.00897752 -0.00434981 0.00397698 2.99596 0.0109237 30.9414 0.305713 -0.000501679 0.000747709 0.000153681 0.000685463 0.166857 0.000352954 0.050994 0.000206523 
6 0 74160000 7.24746 0.00897752 -0.00434981 0.00397698 2.99596 0.0109237 30.9414 0.305713 -0.000501679 0.000747709 0.000153681 0.000685463 0.166857 0.000352954 0.050994 0.000206523 
6 0 74520000 7.24746 0.00890097 -0.00434981 0.00397698 2.99596 0.0108172 30.9414 0.302861 -0.000501679 0.000747709 0.000153681 0.000678682 0.166857 0.000352954 0.050994 0.000204483 
6 0 74880000 7.24746 0.00890097 -0.00434981 0.00397698 2.99596 0.0108172 30.9414 0.302861 -0.000501679 0.000747709 0.000153681 0.000678682 0.166857 0.000352954 0.050994 0.000204483 
6 0 75240000 7.24746 0.00881385 -0.00434981 0.00397698 2.99596 0.0108934 30.9414 0.303898 -0.000501679 0.000733247 0.000153681 0.000673266 0.166857 0.000352954 0.050994 0.000202578 
6 0 75600000 7.24746 0.00881385 -0.00434981 0.00397698 2.99596 0.0108934 30.9414 0.303898 -0.000501679 0.000733247 0.000153681 0.000673266 0.166857 0.000352954 0.050994 0.000202578 
6 0 75960000 7.24746 0.00881385 -0.00434981 0.00397698 2.99596 0.0108934 30.9414 0.303898 -0.000501679 0.000733247 0.000153681 0.000673266 0.166857 0.000352954 0.050994 0.000202578 
6 0 76320000 7.24746 0.00875036 -0.00434981 0.00397698 2.99596 0.0108877 30.9414 0.304858 -0.000501679 0.000733247 0.000153681 0.000667203 0.166857 0.000352954 0.050994 0.000200969 
6 0 76680000 7.24746 0.00875036 -0.00434981 0.00397698 2.99596 0.0108877 30.9414 0.304858 -0.000501679 0.000733247 0.000153681 0.000667203 0.166857 0.000352954 0.050994 0.000200969 
6 0 77040000 7.24621 0.00881881 -0.00271229 0.00399398 2.99913 0.0108186 30.9539 0.302636 -0.000527099 0.000719599 4.60854e-05 0.000662207 0.166786 0.000339703 0.0509718 0.000199537 
6 0 77400000 7.24621 0.00881881 -0.00271229 0.00399398 2.99913 0.0108186 30.9539 0.302636 -0.000527099 0.000719599 4.60854e-05 0.000662207 0.166786 0.000339703 0.0509718 0.000199537 
6 0 77760000 7.24621 0.00874311 -0.00271229 0.00399398 2.99913 0.0107331 30.9539 0.300132 -0.000527099 0.000719599 4.60854e-05 0.000655914 0.166786 0.000339703 0.0509718 0.000198814 
6 0 78120000 7.24621 0.00874311 -0.00271229 0.00399398 2.99913 0.0107331 30.9539 0.300132 -0.000527099 0.000719599 4.60854e-05 0.000655914 0.166786 0.000339703 0.0509718 0.000198814 
6 0 78480000 7.24621 0.00866118 -0.00271229 0.00399398 2.99913 0.0106336 30.9539 0.297504 -0.000527099 0.000706138 4.60854e-05 0.000654892 0.166786 0.000339703 0.0509718 0.000197188 
6 0 78840000 7.24621 0.00866118 -0.00271229 0.00399398 2.99913 0.0106336 30.9539 0.297504 -0.000527099 0.000706138 4.60854e-05 0.000654892 0.166786 0.000339703 0.0509718 0.000197188 
6 0 79200000 7.24621 0.00869117 -0.00271229 0.00399398 2.99913 0.0105393 30.9539 0.295344 -0.000527099 0.000706138 4.60854e-05 0.000656123 0.166786 0.000339703 0.0509718 0.000196193 
6 0 79560000 7.24621 0.00869117 -0.00271229 0.00399398 2.99913 0.0105393 30.9539 0.295344 -0.000527099 0.000706138 4.60854e-05 0.000656123 0.166786 0.000339703 0.0509718 0.000196193 
6 0 79920000 7.24621 0.00861222 -0.00271229 0.00399398 2.99913 0.0104513 30.9539 0.292753 -0.000527099 0.000693061 4.60854e-05 0.000651054 0.166786 0.000328328 0.0509718 0.000194459 
6 0 80280000 7.24621 0.00861222 -0.00271229 0.00399398 2.99913 0.0104513 30.9539 0.292753 -0.000527099 0.000693061 4.60854e-05 0.000651054 0.166786 0.000328328 0.0509718 0.000194459 
6 0 80640000 7.24621 0.00854074 -0.00271229 0.00399398 2.99913 0.0103576 30.9539 0.29115 -0.000527099 0.000693061 4.60854e-05 0.000646478 0.166786 0.000328328 0.0509718 0.000194765 
6 0 81000000 7.24621 0.00854074 -0.00271229 0.00399398 2.99913 0.0103576 30.9539 0.29115 -0.000527099 0.000693061 4.60854e-05 0.000646478 0.166786 0.000328328 0.0509718 0.000194765 
6 0 81360000 7.24621 0.00849888 -0.00271229 0.00399398 2.99913 0.0102954 30.9539 0.289304 -0.000527099 0.000690405 4.60854e-05 0.000642069 0.166786 0.000328328 0.0509718 0.000193319 
6 0 81720000 7.24621 0.00849888 -0.00271229 0.00399398 2.99913 0.0102954 30.9539 0.289304 -0.000527099 0.000690405 4.60854e-05 0.000642069 0.166786 0.000328328 0.0509718 0.000193319 
6 0 82080000 7.24621 0.00842936 -0.00271229 0.00399398 2.99913 0.0102079 30.9539 0.28754 -0.000527099 0.000690405 4.60854e-05 0.000638016 0.166786 0.000328328 0.0509718 0.00019204 
6 0 82440000 7.24621 0.00842936 -0.00271229 0.00399398 2.99913 0.0102079 30.9539 0.28754 -0.000527099 0.000690405 4.60854e-05 0.000638016 0.166786 0.000328328 0.0509718 0.00019204 
6 0 82800000 7.24916 0.00842766 -0.00270301 0.00370871 2.99676 0.0101382 30.9276 0.285224 -0.000258854 0.000691713 0.00018955 0.000634222 0.16672 0.000329994 0.0509141 0.000190359 
6 0 83160000 7.24916 0.00842766 -0.00270301 0.00370871 2.99676 0.0101382 30.9276 0.285224 -0.000258854 0.000691713 0.00018955 0.000634222 0.16672 0.000329994 0.0509141 0.000190359 
6 0 83520000 7.24916 0.00835465 -0.00270301 0.00370871 2.99676 0.0100575 30.9276 0.285323 -0.000258854 0.000691713 0.00018955 0.000628684 0.16672 0.000329994 0.0509141 0.000189208 
6 0 83880000 7.24916 0.00835465 -0.00270301 0.00370871 2.99676 0.0100575 30.9276 0.285323 -0.000258854 0.000691713 0.00018955 0.000628684 0.16672 0.000329994 0.0509141 0.000189208 
6 0 84240000 7.24916 0.00828307 -0.00270301 0.00370871 2.99676 0.00998141 30.9276 0.282965 -0.000258854 0.00067998 0.00018955 0.000634724 0.16672 0.000329994 0.0509141 0.000187557 
6 0 84600000 7.24916 0.00828307 -0.00270301 0.00370871 2.99676 0.00998141 30.9276 0.282965 -0.000258854 0.00067998 0.00018955 0.000634724 0.16672 0.000329994 0.0509141 0.000187557 
6 0 84960000 7.24916 0.00824063 -0.00270301 0.00370871 2.99676 0.00992964 30.9276 0.281332 -0.000258854 0.00067998 0.00018955 0.000629682 0.16672 0.000329994 0.0509141 0.000188769 
6 0 85320000 7.24916 0.00824063 -0.00270301 0.00370871 2.99676 0.00992964 30.9276 0.281332 -0.000258854 0.00067998 0.00018955 0.000629682 0.16672 0.000329994 0.0509141 0.000188769 
6 0 85680000 7.24916 0.0081926 -0.00270301 0.00370871 2.99676 0.0098481 30.9276 0.27891 -0.000258854 0.0006684 0.00018955 0.000625593 0.16672 0.000319086 0.0509141 0.000187449 
6 0 86040000 7.24916 0.0081926 -0.00270301 0.00370871 2.99676 0.0098481 30.9276 0.27891 -0.000258854 0.0006684 0.00018955 0.000625593 0.16672 0.000319086 0.0509141 0.000187449 
6 0 86400000 7.24916 0.00813059 -0.00270301 0.00370871 2.99676 0.00977237 30.9276 0.276896 -0.000258854 0.0006684 0.00018955 0.000620445 0.16672 0.000319086 0.0509141 0.000185865 
6 0 86760000 7.24916 0.00813059 -0.00270301 0.00370871 2.99676 0.00977237 30.9276 0.276757 -0.000258854 0.0006684 0.00018955 0.000620445 0.16672 0.000319086 0.0509141 0.000185865 
6 0 87120000 7.24916 0.00807219 -0.00270301 0.00370871 2.99676 0.00969294 30.9276 0.275424 -0.000258854 0.000666744 0.00018955 0.000615198 0.16672 0.000319086 0.0509141 0.000184341 
6 0 87480000 7.24916 0.00807219 -0.00270301 0.00370871 2.99676 0.00969294 30.9276 0.275008 -0.000258854 0.000666744 0.00018955 0.000615198 0.16672 0.000319086 0.0509141 0.000184341 
6 0 87840000 7.24916 0.00800666 -0.00270301 0.00370871 2.99676 0.00961299 30.9276 0.273886 -0.000258854 0.000666744 0.00018955 0.000611017 0.16672 0.000319086 0.0509141 0.000183888 
6 0 88200000 7.24916 0.00800666 -0.00270301 0.00370871 2.99676 0.00961299 30.9276 0.273729 -0.000258854 0.000666744 0.00018955 0.000611017 0.16672 0.000319086 0.0509141 0.000183888 
6 0 88560000 7.24856 0.00797743 -0.00195036 0.00353804 2.99784 0.00957836 30.8891 0.272235 -0.000145898 0.000655718 0.00021726 0.0006065 0.166618 0.000319469 0.0508813 0.000182724 
6 0 88920000 7.24856 0.00797743 -0.00195036 0.00353804 2.99784 0.00957836 30.8891 0.271965 -0.000145898 0.000655718 0.00021726 0.0006065 0.166618 0.000319469 0.0508813 0.000182724 
6 0 89280000 7.24856 0.007936 -0.00195036 0.00353804 2.99784 0.0094992 30.8891 0.271336 -0.000145898 0.000655718 0.00021726 0.000602433 0.166618 0.000319469 0.0508813 0.000181672 
6 0 89640000 7.24856 0.007936 -0.00195036 0.00353804 2.99784 0.0094992 30.8891 0.272141 -0.000145898 0.000655718 0.00021726 0.000602433 0.166618 0.000319469 0.0508813 0.000181672 
6 0 90000000 7.24856 0.00788845 -0.00195036 0.00353804 2.99784 0.00948926 30.8891 0.271114 -0.000145898 0.00065954 0.00021726 0.000597596 0.166618 0.000319469 0.0508813 0.000181432 
6 0 90360000 7.24856 0.00788845 -0.00195036 0.00353804 2.99784 0.00948926 30.8891 0.27077 -0.000145898 0.00065954 0.00021726 0.000597596 0.166618 0.000319469 0.0508813 0.000181432 
6 0 90720000 7.24856 0.00788845 -0.00195036 0.00353804 2.99784 0.00948926 30.8891 0.27077 -0.000145898 0.00065954 0.00021726 0.000597596 0.166618 0.000319469 0.0508813 0.000181432 
6 0 91080000 7.24856 0.00785101 -0.00195036 0.00353804 2.99784 0.00941719 30.8891 0.269434 -0.000145898 0.00065954 0.00021726 0.000595727 0.166618 0.000319469 0.0508813 0.000180509 
6 0 91440000 7.24856 0.00783805 -0.00195036 0.00353804 2.99784 0.00941719 30.8891 0.268794 -0.000145898 0.00065954 0.00021726 0.000595727 0.166618 0.000319469 0.0508813 0.000180509 
6 0 91800000 7.24856 0.00779441 -0.00195036 0.00353804 2.99784 0.00935702 30.8891 0.268207 -0.000145898 0.000650856 0.00021726 0.000591126 0.166618 0.000309204 0.0508813 0.000179599 
6 0 92160000 7.24856 0.00778822 -0.00195036 0.00353804 2.99784 0.00935702 30.8891 0.26764 -0.000145898 0.000650856 0.00021726 0.000591126 0.166618 0.000309204 0.0508813 0.000179599 
6 0 92520000 7.24856 0.0077418 -0.00195036 0.00353804 2.99784 0.00928335 30.8891 0.265682 -0.000145898 0.000650856 0.00021726 0.000586993 0.166618 0.000309204 0.0508813 0.000179644 
6 0 92880000 7.24856 0.00772607 -0.00195036 0.00353804 2.99784 0.00928335 30.8891 0.265682 -0.000145898 0.000650856 0.00021726 0.000586993 0.166618 0.000309204 0.0508813 0.000179644 
6 0 93240000 7.24856 0.00768046 -0.00195036 0.00353804 2.99784 0.00923212 30.8891 0.264607 -0.000145898 0.000641556 0.00021726 0.000589981 0.166618 0.000309204 0.0508813 0.000178674 
6 0 93600000 7.24856 0.00766482 -0.00195036 0.00353804 2.99784 0.00923212 30.8891 0.264607 -0.000145898 0.000641556 0.00021726 0.000589981 0.166618 0.000309204 0.0508813 0.000178674 
6 0 93960000 7.24856 0.00762697 -0.00195036 0.00353804 2.99784 0.00920599 30.8891 0.270328 -0.000145898 0.000641556 0.00021726 0.000585346 0.166618 0.000309204 0.0508813 0.000177287 
6 0 94320000 7.24856 0.0076289 -0.00195036 0.00353804 2.99784 0.00920599 30.8891 0.270328 -0.000145898 0.000641556 0.00021726 0.000585346 0.166618 0.000309204 0.0508813 0.000177287 
6 0 94680000 7.24889 0.00762144 -0.00227232 0.00334613 3.00009 0.00914409 30.9873 0.270007 8.13496e-05 0.000635795 0.000292576 0.000581633 0.166615 0.000299546 0.0509093 0.000176129 
6 0 95040000 7.24889 0.00762144 -0.00227232 0.00334613 3.00009 0.00914409 30.9873 0.270007 8.13496e-05 0.000635795 0.000292576 0.000581633 0.166615 0.000299546 0.0509093 0.000176129 
6 0 95400000 7.24889 0.00764746 -0.00227232 0.00333057 3.00009 0.00907364 30.9873 0.267943 8.13496e-05 0.000635795 0.000292576 0.000584536 0.166615 0.000299546 0.0509093 0.0001749 
6 0 95760000 7.24889 0.00764746 -0.00227232 0.00333057 3.00009 0.00907364 30.9873 0.267943 8.13496e-05 0.000635795 0.000292576 0.000584536 0.166615 0.000299546 0.0509093 0.0001749 
6 0 96120000 7.24889 0.00758966 -0.00227232 0.00333057 3.00009 0.00901034 30.9873 0.265902 8.13496e-05 0.000631027 0.000292576 0.000580298 0.166615 0.000299546 0.0509093 0.000173641 
6 0 96480000 7.24889 0.00758966 -0.00227232 0.00333057 3.00009 0.00901034 30.9873 0.265902 8.13496e-05 0.000631027 0.000292576 0.000580298 0.166615 0.000299546 0.0509093 0.000173641 
6 0 96840000 7.24889 0.00756967 -0.00227232 0.00333057 3.00009 0.00894193 30.9873 0.264063 8.13496e-05 0.000631027 0.000292576 0.000575873 0.166615 0.000299546 0.0509093 0.00017255 
6 0 97200000 7.24889 0.00754192 -0.00227232 0.00333057 3.00009 0.00894193 30.9873 0.264063 8.13496e-05 0.000631027 0.000292576 0.000575873 0.166615 0.000299546 0.0509093 0.00017255 
6 0 97560000 7.24889 0.00752111 -0.00227232 0.00333057 3.00009 0.00887584 30.9873 0.262113 8.13496e-05 0.000624985 0.000292576 0.000571526 0.166615 0.000291691 0.0509093 0.000171436 
6 0 97920000 7.24889 0.00749692 -0.00227232 0.00333057 3.00009 0.00887584 30.9873 0.262113 8.13496e-05 0.000624985 0.000292576 0.000571526 0.166615 0.000291691 0.0509093 0.000171436 
6 0 98280000 7.24889 0.00747806 -0.00227232 0.00333057 3.00009 0.00895438 30.9873 0.263792 8.13496e-05 0.000624985 0.000292576 0.000568718 0.166615 0.000291034 0.0509093 0.000171175 
6 0 98640000 7.24889 0.00745094 -0.00227232 0.00333057 3.00009 0.00895438 30.9873 0.263792 8.13496e-05 0.000624985 0.000292576 0.000568718 0.166615 0.000291034 0.0509093 0.000171175 
6 0 99000000 7.24889 0.00743078 -0.00227232 0.00333057 3.00009 0.00896651 30.9873 0.263983 8.13496e-05 0.000616567 0.000292576 0.00056469 0.166615 0.000291034 0.0509093 0.000170352 
6 0 99360000 7.24889 0.00740368 -0.00227232 0.00333057 3.00009 0.00896651 30.9873 0.263983 8.13496e-05 0.000616567 0.000292576 0.00056469 0.166615 0.000291034 0.0509093 0.000170352 
6 0 99720000 7.24889 0.00738817 -0.00227232 0.00333057 3.00009 0.00890364 30.9873 0.262136 8.13496e-05 0.000616567 0.000292576 0.00056431 0.166615 0.000291034 0.0509093 0.000170038 
