L J MC_steps R2 R2_std E E_std E2 E2_std E4 E4_std Sin1 Sin1_std Cos1 Cos1_std Mag2 Mag2_std Mag4 Mag4_std
6 1 360000 5.92857 0.128842 -4.59625 0.0728999 25.7591 0.644366 1034.15 43.8497 -0.0285473 0.0211161 0.0294672 0.0216979 0.59814 0.00853725 0.416317 0.00927604 
6 1 720000 5.82254 0.0869538 -4.57623 0.0508038 25.6221 0.44221 1024.24 29.9281 -0.00550054 0.0140766 0.025101 0.0155267 0.593679 0.00565951 0.41062 0.00609959 
6 1 1080000 5.79545 0.069946 -4.5341 0.0416158 25.28 0.396311 1004.69 28.5407 -0.00937072 0.0113536 0.0178667 0.0122668 0.587021 0.00496833 0.40386 0.00572781 
6 1 1440000 5.7651 0.060036 -4.56175 0.0366279 25.4928 0.34208 1012.44 25.3319 -0.00868643 0.00961521 0.0189126 0.011017 0.590418 0.00407088 0.407619 0.00467569 
6 1 1800000 5.78742 0.053871 -4.55242 0.0346541 25.4534 0.320673 1012.46 22.0757 -0.00674952 0.00866048 0.0176643 0.00963376 0.589829 0.00374775 0.407471 0.00422338 
6 1 2160000 5.80824 0.0508094 -4.5523 0.0297843 25.4078 0.280518 1007.07 19.7396 -0.00656019 0.0077131 0.0171967 0.00840097 0.58949 0.00337164 0.40688 0.00368126 
6 1 2520000 5.79507 0.0456241 -4.55929 0.0274304 25.4637 0.252581 1010.12 17.5177 -0.00457511 0.00707209 0.0123581 0.00782956 0.590181 0.00305182 0.407662 0.00338524 
6 1 2880000 5.8013 0.0433492 -4.55776 0.0260737 25.4565 0.235678 1008.68 16.2058 -0.00088144 0.00666093 0.0104906 0.00714001 0.590284 0.00291979 0.407815 0.00320769 
6 1 3240000 5.7778 0.040767 -4.56955 0.0246882 25.559 0.220783 1013.28 14.9621 0.00113094 0.0063446 0.0102629 0.00660778 0.590976 0.0027604 0.408748 0.00302459 
6 1 3600000 5.78495 0.0388488 -4.54763 0.0243981 25.4015 0.216945 1005.12 14.3557 -0.00113095 0.00605781 0.0108755 0.00618986 0.589062 0.00264135 0.406631 0.00293011 
6 1 3960000 5.78262 0.0369892 -4.54972 0.022489 25.4176 0.200977 1006.6 13.4056 -0.00260039 0.00651237 0.00841982 0.0060474 0.589367 0.0024899 0.406995 0.00273732 
6 1 4320000 5.78764 0.0346955 -4.53921 0.022248 25.3159 0.195707 1000.44 12.7085 -0.00419393 0.00651237 0.00634409 0.00570002 0.587884 0.00241427 0.40538 0.00268111 
6 1 4680000 5.79769 0.0330523 -4.53015 0.0210402 25.2327 0.186793 994.75 12.171 -0.00672655 0.00660604 0.00929226 0.00547186 0.586873 0.0023574 0.404268 0.00260827 
6 1 5040000 5.80243 0.0315395 -4.5287 0.0199907 25.2316 0.177234 994.497 11.6344 -0.00588425 0.00660604 0.00627752 0.00580858 0.586987 0.0023574 0.40444 0.00257159 
6 1 5400000 5.79855 0.0303808 -4.51765 0.020353 25.166 0.169499 991.726 11.2044 -0.0049543 0.00589526 0.0068094 0.00541798 0.585533 0.00237131 0.403064 0.00247022 
6 1 5760000 5.79661 0.0292838 -4.51394 0.020353 25.1336 0.163976 989.267 10.7257 -0.00638138 0.00589526 0.00617401 0.0050939 0.585043 0.00237131 0.402531 0.00247022 
6 1 6120000 5.80859 0.0285321 -4.51058 0.0189964 25.0834 0.162954 985.96 10.4242 -0.00653058 0.00536495 0.00430116 0.00510823 0.584527 0.00227808 0.401824 0.00245279 
6 1 6480000 5.80756 0.0277812 -4.50877 0.0189964 25.0782 0.162954 985.782 10.3158 -0.00507347 0.00536495 0.00486277 0.00483852 0.584462 0.00227808 0.401807 0.00245279 
6 1 6840000 5.81076 0.027045 -4.51069 0.016886 25.0946 0.147712 987.57 9.9007 -0.00708156 0.00479705 0.00563736 0.0046313 0.584563 0.00202524 0.402057 0.00219125 
6 1 7200000 5.79862 0.0262845 -4.5078 0.016886 25.0732 0.145226 986.595 9.66054 -0.00653999 0.00479705 0.00590321 0.00439517 0.583929 0.00202524 0.401333 0.00219125 
6 1 7560000 5.81211 0.0261321 -4.50242 0.0212526 25.0194 0.172631 983.331 10.1566 -0.00540937 0.00497197 0.00417794 0.00450131 0.583502 0.00245037 0.400707 0.00261502 
6 1 7920000 5.81211 0.0274755 -4.50242 0.0212526 25.0194 0.172631 983.331 10.1566 -0.00540937 0.00497197 0.00417794 0.00452931 0.583502 0.00245037 0.400707 0.00261502 
6 1 8280000 5.82733 0.0263914 -4.50014 0.0212526 24.9956 0.172631 980.842 10.1566 -0.00346835 0.00497197 0.00616932 0.00435024 0.583604 0.00245037 0.400798 0.00261502 
6 1 8640000 5.82733 0.0254553 -4.50014 0.0212526 24.9956 0.172631 980.842 10.1566 -0.00346835 0.00497197 0.00616932 0.00440763 0.583604 0.00245037 0.400798 0.00261502 
6 1 9000000 5.82682 0.024684 -4.49869 0.0180347 24.9859 0.147086 980.806 8.77196 -0.00202897 0.0051662 0.00422085 0.00424816 0.583633 0.00204551 0.400862 0.00218377 
6 1 9360000 5.82682 0.0247948 -4.49869 0.0180347 24.9859 0.147086 980.806 8.77196 -0.00202897 0.0051662 0.00422085 0.00413947 0.583633 0.00204551 0.400862 0.00218377 
6 1 9720000 5.81288 0.0246783 -4.50175 0.0180347 25.0187 0.147086 982.727 8.77196 -0.00314795 0.0051662 0.00340035 0.00398138 0.583784 0.00204551 0.401089 0.00218377 
6 1 10080000 5.81288 0.0239266 -4.50175 0.0180347 25.0187 0.147086 982.727 8.77196 -0.00314795 0.0051662 0.00340035 0.00385296 0.583784 0.00204551 0.401089 0.00218377 
6 1 10440000 5.81445 0.0234755 -4.49759 0.0154919 24.9692 0.127013 978.629 8.12194 -0.0031418 0.00454644 0.00451354 0.00381475 0.582977 0.00185565 0.400327 0.0019363 
6 1 10800000 5.81445 0.0226907 -4.49759 0.0154919 24.9692 0.127013 978.629 8.12194 -0.0031418 0.00454644 0.00451354 0.00373851 0.582977 0.00185565 0.400327 0.0019363 
6 1 11160000 5.81204 0.0219733 -4.50028 0.0154919 24.9927 0.127013 979.848 7.78444 -0.00379105 0.00454644 0.00500017 0.00378331 0.583153 0.00185565 0.400651 0.0019363 
6 1 11520000 5.81204 0.0214961 -4.50028 0.0154919 24.9927 0.127013 979.848 7.78444 -0.00379105 0.00454644 0.00500017 0.00367076 0.583153 0.00185565 0.400651 0.0019363 
6 1 11880000 5.80365 0.0214431 -4.50104 0.0139334 24.9888 0.11263 978.395 7.32843 -0.00373347 0.00401645 0.00439434 0.00357155 0.583303 0.00165213 0.400763 0.00174263 
6 1 12240000 5.80365 0.0209138 -4.50104 0.0139334 24.9888 0.11263 978.395 7.32843 -0.00373347 0.00401645 0.00439434 0.0034705 0.583303 0.00165213 0.400763 0.00174263 
6 1 12600000 5.80118 0.0202995 -4.5006 0.0139334 24.9857 0.11263 978.624 7.02545 -0.00351904 0.00401645 0.00450141 0.00338442 0.583161 0.00165213 0.400596 0.00174263 
6 1 12960000 5.80118 0.0207984 -4.5006 0.0139334 24.9857 0.11263 978.624 6.98041 -0.00351904 0.00401645 0.00450141 0.00329979 0.583161 0.00165213 0.400596 0.00174263 
6 1 13320000 5.7978 0.0204842 -4.50075 0.0123882 24.9847 0.103686 978.417 6.85222 -0.00285661 0.00366465 0.00290087 0.00346008 0.583046 0.00148843 0.400504 0.0015681 
6 1 13680000 5.7978 0.0199314 -4.50075 0.0123882 24.9847 0.102217 978.417 6.76205 -0.00285661 0.00366465 0.00290087 0.00347869 0.583046 0.00148843 0.400504 0.0015681 
6 1 14040000 5.7978 0.0199314 -4.50075 0.0123882 24.9847 0.101049 978.417 6.69191 -0.00285661 0.00366465 0.00290087 0.00347869 0.583046 0.00148843 0.400504 0.0015681 
6 1 14400000 5.79837 0.019421 -4.50253 0.0123882 24.9998 0.10019 979.457 6.59195 -0.00324368 0.00366465 0.00135776 0.00352025 0.583308 0.00148843 0.400808 0.0015681 
6 1 14760000 5.79837 0.0192127 -4.50253 0.0123882 24.9998 0.10019 979.457 6.48959 -0.00324368 0.00366465 0.00135776 0.00352025 0.583308 0.00148843 0.400808 0.0015681 
6 1 15120000 5.80874 0.0206894 -4.50058 0.0152357 24.9741 0.125059 977.371 7.64716 -0.00314123 0.00332785 0.000845613 0.0035457 0.583185 0.00165663 0.400556 0.0017594 
6 1 15480000 5.80874 0.0206894 -4.50058 0.0152357 24.9741 0.125059 977.371 7.64716 -0.00314123 0.00332785 0.000845613 0.0035457 0.583185 0.00165663 0.400556 0.0017594 
6 1 15840000 5.80874 0.0206894 -4.50058 0.0152357 24.9741 0.125059 977.371 7.64716 -0.00314123 0.00332785 0.000845613 0.0035457 0.583185 0.00165663 0.400556 0.0017594 
6 1 16200000 5.80874 0.0206894 -4.50058 0.0152357 24.9741 0.125059 977.371 7.64716 -0.00314123 0.00332785 0.000845613 0.0035457 0.583185 0.00165663 0.400556 0.0017594 
6 1 16560000 5.80855 0.0206894 -4.50402 0.0152357 24.9954 0.125059 978.527 7.64716 -0.00272184 0.00332785 0.00283207 0.0035457 0.583475 0.00165663 0.400882 0.0017594 
6 1 16920000 5.80855 0.0206894 -4.50402 0.0152357 24.9954 0.125059 978.527 7.64716 -0.00272184 0.00332785 0.00283207 0.0035457 0.583475 0.00165663 0.400882 0.0017594 
6 1 17280000 5.80855 0.0206894 -4.50402 0.0152357 24.9954 0.125059 978.527 7.64716 -0.00272184 0.00332785 0.00283207 0.0035457 0.583475 0.00165663 0.400882 0.0017594 
6 1 17640000 5.80855 0.0206894 -4.50402 0.0152357 24.9954 0.125059 978.527 7.64716 -0.00272184 0.00332785 0.00283207 0.0035457 0.583475 0.00165663 0.400882 0.0017594 
6 1 18000000 5.80599 0.017423 -4.50045 0.0126969 24.9865 0.104828 979.033 6.55066 -0.000719943 0.0035463 0.00231864 0.00324634 0.582976 0.00139362 0.400455 0.00146905 
6 1 18360000 5.80599 0.017423 -4.50045 0.0126969 24.9865 0.104828 979.033 6.55066 -0.000719943 0.0035463 0.00231864 0.00324634 0.582976 0.00139362 0.400455 0.00146905 
6 1 18720000 5.80599 0.017423 -4.50045 0.0126969 24.9865 0.104828 979.033 6.55066 -0.000719943 0.0035463 0.00231864 0.00324634 0.582976 0.00139362 0.400455 0.00146905 
6 1 19080000 5.80599 0.017423 -4.50045 0.0126969 24.9865 0.104828 979.033 6.55066 -0.000719943 0.0035463 0.00231864 0.00324634 0.582976 0.00139362 0.400455 0.00146905 
6 1 19440000 5.80292 0.017423 -4.50674 0.0126969 25.0289 0.104828 981.03 6.55066 -0.000992889 0.0035463 0.00244344 0.00324634 0.583727 0.00139362 0.401135 0.00146905 
6 1 19800000 5.80292 0.017423 -4.50674 0.0126969 25.0289 0.104828 981.03 6.55066 -0.000992889 0.0035463 0.00244344 0.00324634 0.583727 0.00139362 0.401135 0.00146905 
6 1 20160000 5.80292 0.017423 -4.50674 0.0126969 25.0289 0.104828 981.03 6.55066 -0.000992889 0.0035463 0.00244344 0.00324634 0.583727 0.00139362 0.401135 0.00146905 
6 1 20520000 5.80292 0.017423 -4.50674 0.0126969 25.0289 0.104828 981.03 6.55066 -0.000992889 0.0035463 0.00244344 0.00324634 0.583727 0.00139362 0.401135 0.00146905 
6 1 20880000 5.80552 0.0158108 -4.50458 0.0115365 25.0159 0.0938833 980.871 5.86719 -0.00109949 0.00305993 0.00219537 0.00278491 0.583555 0.00130914 0.401039 0.0013702 
6 1 21240000 5.80552 0.0157793 -4.50458 0.0115365 25.0159 0.0938833 980.871 5.86719 -0.00109949 0.00305993 0.00219537 0.00278491 0.583555 0.00130914 0.401039 0.0013702 
6 1 21600000 5.80552 0.015667 -4.50458 0.0115365 25.0159 0.0938833 980.871 5.86719 -0.00109949 0.00305993 0.00219537 0.00278491 0.583555 0.00130914 0.401039 0.0013702 
6 1 21960000 5.80552 0.0160109 -4.50458 0.0115365 25.0159 0.0938833 980.871 5.86719 -0.00109949 0.00305993 0.00219537 0.00278491 0.583555 0.00130914 0.401039 0.0013702 
6 1 22320000 5.80299 0.0158232 -4.50765 0.0115365 25.0422 0.0938833 982.044 5.86719 -0.000888134 0.00305993 0.00222348 0.00278491 0.583937 0.00130914 0.401535 0.0013702 
6 1 22680000 5.80299 0.0156584 -4.50765 0.0115365 25.0422 0.0938833 982.044 5.86719 -0.000888134 0.00305993 0.00222348 0.00278491 0.583937 0.00130914 0.401535 0.0013702 
6 1 23040000 5.80299 0.0154092 -4.50765 0.0115365 25.0422 0.0938833 982.044 5.86719 -0.000888134 0.00305993 0.00222348 0.00278491 0.583937 0.00130914 0.401535 0.0013702 
6 1 23400000 5.80299 0.0154211 -4.50765 0.0115365 25.0422 0.0938833 982.044 5.86719 -0.000888134 0.00305993 0.00222348 0.00278491 0.583937 0.00130914 0.401535 0.0013702 
6 1 23760000 5.79724 0.0152049 -4.50727 0.0104026 25.0488 0.0877547 983.33 5.6255 -0.00106649 0.00267761 0.00219343 0.00255005 0.583869 0.00118254 0.401558 0.00129363 
6 1 24120000 5.79724 0.0151965 -4.50727 0.0104026 25.0488 0.0877547 983.33 5.6255 -0.00106649 0.00267761 0.00219343 0.00255005 0.583869 0.00118254 0.401558 0.00129363 
6 1 24480000 5.79724 0.0151965 -4.50727 0.0104026 25.0488 0.0877547 983.33 5.6255 -0.00106649 0.00267761 0.00219343 0.0024861 0.583869 0.00118254 0.401558 0.00129363 
6 1 24840000 5.79724 0.0151965 -4.50727 0.0104026 25.0488 0.0877547 983.33 5.6255 -0.00106649 0.00267761 0.00219343 0.0024861 0.583869 0.00118254 0.401558 0.00129363 
6 1 25200000 5.79978 0.0151965 -4.50548 0.0104026 25.04 0.0877547 983.376 5.6255 -0.0018806 0.00267761 0.00242367 0.0024368 0.583766 0.00118254 0.401452 0.00129363 
6 1 25560000 5.79978 0.0151965 -4.50548 0.0104026 25.04 0.0877547 983.376 5.6255 -0.0018806 0.00267761 0.00242367 0.0024368 0.583766 0.00118254 0.401452 0.00129363 
6 1 25920000 5.79978 0.0151965 -4.50548 0.0104026 25.04 0.0877547 983.376 5.6255 -0.0018806 0.00267761 0.00242367 0.0024368 0.583766 0.00118254 0.401452 0.00129363 
6 1 26280000 5.79978 0.0151965 -4.50548 0.0104026 25.04 0.0877547 983.376 5.6255 -0.0018806 0.00267761 0.00242367 0.0024368 0.583766 0.00118254 0.401452 0.00129363 
6 1 26640000 5.79886 0.0140663 -4.50475 0.00954597 25.0337 0.0793073 982.813 5.02416 -0.00172546 0.00246084 0.00280258 0.00237203 0.583589 0.00108366 0.401265 0.00118269 
6 1 27000000 5.79886 0.014301 -4.50475 0.00954597 25.0337 0.0793073 982.813 5.02416 -0.00172546 0.00245985 0.00280258 0.00237203 0.583589 0.00108366 0.401265 0.00118269 
6 1 27360000 5.79886 0.0141092 -4.50475 0.00954597 25.0337 0.0793073 982.813 5.02416 -0.00172546 0.00245985 0.00280258 0.00237757 0.583589 0.00108366 0.401265 0.00118269 
6 1 27720000 5.79886 0.0139224 -4.50475 0.00954597 25.0337 0.0793073 982.813 5.02416 -0.00172546 0.00245985 0.00280258 0.00237757 0.583589 0.00108366 0.401265 0.00118269 
6 1 28080000 5.80279 0.0138365 -4.50399 0.00954597 25.0231 0.0793073 982.103 5.02416 -0.00160566 0.00245985 0.00346437 0.00231644 0.583474 0.00108366 0.40114 0.00118269 
6 1 28440000 5.80279 0.0136873 -4.50399 0.00954597 25.0231 0.0793073 982.103 5.02416 -0.00160566 0.00245985 0.00346437 0.00231644 0.583474 0.00108366 0.40114 0.00118269 
6 1 28800000 5.80279 0.0135934 -4.50399 0.00954597 25.0231 0.0793073 982.103 5.02416 -0.00160566 0.00245985 0.00346437 0.00226802 0.583474 0.00108366 0.40114 0.00118269 
6 1 29160000 5.80279 0.0135934 -4.50399 0.00954597 25.0231 0.0793073 982.103 5.02416 -0.00160566 0.00245985 0.00346437 0.00226802 0.583474 0.00108366 0.40114 0.00118269 
6 1 29520000 5.80279 0.0135934 -4.50399 0.00954597 25.0231 0.0793073 982.103 5.02416 -0.00160566 0.00245985 0.00346437 0.00226802 0.583474 0.00108366 0.40114 0.00118269 
6 1 29880000 5.79871 0.013529 -4.50471 0.00859148 25.0323 0.071388 983.264 4.5419 -0.00137784 0.00227503 0.00338578 0.00221609 0.583476 0.000981253 0.401091 0.00107705 
6 1 30240000 5.79871 0.013754 -4.50471 0.00859148 25.0323 0.071388 983.264 4.5419 -0.00137784 0.00224836 0.00338578 0.00221609 0.583476 0.000981253 0.401091 0.00107705 
6 1 30600000 5.79871 0.0145671 -4.50471 0.00859148 25.0323 0.071388 983.264 4.5419 -0.00137784 0.0022383 0.00338578 0.00217219 0.583476 0.000981253 0.401091 0.00107705 
6 1 30960000 5.79871 0.0145671 -4.50471 0.00859148 25.0323 0.071388 983.264 4.5419 -0.00137784 0.0022383 0.00338578 0.00217219 0.583476 0.000981253 0.401091 0.00107705 
6 1 31320000 5.79871 0.0142205 -4.50471 0.00859148 25.0323 0.071388 983.264 4.5419 -0.00137784 0.0022383 0.00338578 0.00212729 0.583476 0.000981253 0.401091 0.00107705 
6 1 31680000 5.79871 0.0142205 -4.50471 0.00859148 25.0323 0.071388 983.264 4.5419 -0.00137784 0.0022383 0.00338578 0.00212729 0.583476 0.000981253 0.401091 0.00107705 
6 1 32040000 5.79871 0.0139574 -4.50471 0.00859148 25.0323 0.071388 983.264 4.5419 -0.00137784 0.0022383 0.00338578 0.00209131 0.583476 0.000981253 0.401091 0.00107705 
6 1 32400000 5.79871 0.0139574 -4.50471 0.00859148 25.0323 0.071388 983.264 4.5419 -0.00137784 0.0022383 0.00338578 0.00209131 0.583476 0.000981253 0.401091 0.00107705 
6 1 32760000 5.80906 0.0148717 -4.50339 0.00791119 25.0224 0.0655768 982.693 4.31163 -0.00153392 0.00212263 0.00335048 0.0020329 0.583282 0.000910899 0.400917 0.000993181 
6 1 33120000 5.80906 0.0148717 -4.50339 0.00791119 25.0224 0.0655768 982.693 4.27734 -0.00153392 0.00209988 0.00335048 0.0020329 0.583282 0.000910899 0.400917 0.000993181 
6 1 33480000 5.80906 0.0148717 -4.50339 0.00791119 25.0224 0.0655768 982.693 4.25162 -0.00153392 0.00212036 0.00335048 0.00198867 0.583282 0.000910899 0.400917 0.000993181 
6 1 33840000 5.80906 0.0148717 -4.50339 0.00791119 25.0224 0.0655768 982.693 4.22658 -0.00153392 0.00212154 0.00335048 0.00198867 0.583282 0.000910899 0.400917 0.000993181 
6 1 34200000 5.80906 0.0148717 -4.50339 0.00791119 25.0224 0.0655768 982.693 4.19366 -0.00153392 0.00211798 0.00335048 0.00194814 0.583282 0.000910899 0.400917 0.000993181 
6 1 34560000 5.80906 0.0148717 -4.50339 0.00791119 25.0224 0.0655768 982.693 4.16471 -0.00153392 0.00209533 0.00335048 0.00194814 0.583282 0.000910899 0.400917 0.000993181 
6 1 34920000 5.80906 0.0148717 -4.50339 0.00791119 25.0224 0.0655768 982.693 4.16471 -0.00153392 0.0020748 0.00335048 0.00192361 0.583282 0.000910899 0.400917 0.000993181 
6 1 35280000 5.80906 0.0148717 -4.50339 0.00791119 25.0224 0.0655768 982.693 4.16471 -0.00153392 0.00205694 0.00335048 0.00191889 0.583282 0.000910899 0.400917 0.000993181 
6 1 35640000 5.80819 0.013658 -4.49879 0.00848194 24.9919 0.0668566 981.187 4.09566 -0.00193232 0.00204435 0.00322097 0.00192521 0.582813 0.000948225 0.400449 0.00101439 
6 1 36000000 5.80819 0.013658 -4.49879 0.00848194 24.9919 0.0668566 981.187 4.08733 -0.00193232 0.00202563 0.00322097 0.00191814 0.582813 0.000948225 0.400449 0.00101439 
6 1 36360000 5.80819 0.013658 -4.49879 0.00848194 24.9919 0.0668566 981.187 4.08091 -0.00193232 0.00206062 0.00322097 0.00189857 0.582813 0.000948225 0.400449 0.00101439 
6 1 36720000 5.80819 0.013658 -4.49879 0.00848194 24.9919 0.0668566 981.187 4.08091 -0.00193232 0.0020455 0.00322097 0.00189202 0.582813 0.000948225 0.400449 0.00101439 
6 1 37080000 5.80819 0.0137008 -4.49879 0.00848194 24.9919 0.0668566 981.187 4.08091 -0.00193232 0.0020495 0.00322097 0.00187342 0.582813 0.000948225 0.400449 0.00101439 
6 1 37440000 5.80819 0.0137008 -4.49879 0.00848194 24.9919 0.0668566 981.187 4.08091 -0.00193232 0.00204279 0.00322097 0.00186768 0.582813 0.000948225 0.400449 0.00101439 
6 1 37800000 5.80819 0.013658 -4.49879 0.00848194 24.9919 0.0668566 981.187 4.08091 -0.00193232 0.002025 0.00322097 0.00183989 0.582813 0.000948225 0.400449 0.00101439 
6 1 38160000 5.80819 0.013658 -4.49879 0.00848194 24.9919 0.0668566 981.187 4.08091 -0.00193232 0.0020191 0.00322097 0.00183129 0.582813 0.000948225 0.400449 0.00101439 
6 1 38520000 5.80457 0.0132407 -4.50135 0.00820468 25.0139 0.0652503 982.649 4.02037 -0.00171389 0.00201202 0.0028632 0.00180556 0.583103 0.000918586 0.400728 0.000973936 
6 1 38880000 5.80457 0.0132407 -4.50135 0.00820468 25.0139 0.0652503 982.649 4.02037 -0.00171389 0.00201567 0.0028632 0.00179717 0.583103 0.000918586 0.400728 0.000973936 
6 1 39240000 5.80457 0.0130763 -4.50135 0.00820468 25.0139 0.0652503 982.649 4.02037 -0.00171389 0.00200993 0.0028632 0.00179312 0.583103 0.000918586 0.400728 0.000973936 
6 1 39600000 5.80457 0.0130763 -4.50135 0.00820468 25.0139 0.0652503 982.649 4.02037 -0.00171389 0.00199522 0.0028632 0.00179312 0.583103 0.000918586 0.400728 0.000973936 
6 1 39960000 5.80457 0.0130763 -4.50135 0.00820468 25.0139 0.0652503 982.649 4.02037 -0.00171389 0.00198949 0.0028632 0.00177933 0.583103 0.000918586 0.400728 0.000973936 
6 1 40320000 5.80457 0.0130763 -4.50135 0.00820468 25.0139 0.0652503 982.649 4.02037 -0.00171389 0.00197159 0.0028632 0.00177008 0.583103 0.000918586 0.400728 0.000973936 
6 1 40680000 5.80457 0.0130763 -4.50135 0.00820468 25.0139 0.0652503 982.649 4.02037 -0.00171389 0.00196552 0.0028632 0.00175487 0.583103 0.000918586 0.400728 0.000973936 
6 1 41040000 5.80457 0.0130763 -4.50135 0.00820468 25.0139 0.0652503 982.649 4.02037 -0.00171389 0.00195528 0.0028632 0.00175942 0.583103 0.000918586 0.400728 0.000973936 
6 1 41400000 5.80172 0.0125005 -4.50159 0.00762239 25.0179 0.0607118 983.05 3.84125 -0.00160111 0.00194013 0.0018234 0.0018301 0.583077 0.00085333 0.400691 0.000905097 
6 1 41760000 5.80172 0.0125005 -4.50159 0.00762239 25.0179 0.0607118 983.05 3.82397 -0.00160111 0.00193533 0.0018234 0.0018301 0.583077 0.00085333 0.400691 0.000905097 
6 1 42120000 5.80172 0.0124494 -4.50159 0.00762239 25.0179 0.0607118 983.05 3.79744 -0.00160111 0.00191976 0.0018234 0.0018301 0.583077 0.00085333 0.400691 0.000905097 
6 1 42480000 5.80172 0.0124494 -4.50159 0.00762239 25.0179 0.0607118 983.05 3.77623 -0.00160111 0.00190318 0.0018234 0.0018301 0.583077 0.00085333 0.400691 0.000905097 
6 1 42840000 5.80172 0.0126094 -4.50159 0.00762239 25.0179 0.0607118 983.05 3.75694 -0.00160111 0.00190026 0.0018234 0.0018301 0.583077 0.00085333 0.400691 0.000905097 
6 1 43200000 5.80172 0.0126094 -4.50159 0.00762239 25.0179 0.0607118 983.05 3.75319 -0.00160111 0.00188773 0.0018234 0.0018301 0.583077 0.00085333 0.400691 0.000905097 
6 1 43560000 5.80172 0.0124494 -4.50159 0.00762239 25.0179 0.0607118 983.05 3.75319 -0.00160111 0.00189078 0.0018234 0.0018301 0.583077 0.00085333 0.400691 0.000905097 
6 1 43920000 5.80172 0.0124494 -4.50159 0.00762239 25.0179 0.0607118 983.05 3.75319 -0.00160111 0.00188702 0.0018234 0.0018301 0.583077 0.00085333 0.400691 0.000905097 
6 1 44280000 5.79897 0.0121962 -4.50068 0.00716922 25.0094 0.0572665 982.578 3.68272 -0.00160562 0.00187137 0.00204159 0.00180384 0.582863 0.00082296 0.400481 0.000868613 
6 1 44640000 5.79897 0.0121962 -4.50068 0.00716922 25.0094 0.0572665 982.578 3.67117 -0.00160562 0.00187137 0.00204159 0.00180384 0.582863 0.00082296 0.400481 0.000868613 
6 1 45000000 5.79897 0.0121962 -4.50068 0.00716922 25.0094 0.0572665 982.578 3.64952 -0.00160562 0.00186956 0.00204159 0.00180384 0.582863 0.00082296 0.400481 0.000868613 
6 1 45360000 5.79897 0.0120539 -4.50068 0.00716922 25.0094 0.0572665 982.578 3.62481 -0.00160562 0.00185859 0.00204159 0.00179474 0.582863 0.00082296 0.400481 0.000868613 
6 1 45720000 5.79897 0.0120539 -4.50068 0.00716922 25.0094 0.0572665 982.578 3.6118 -0.00160562 0.00187653 0.00204159 0.00179474 0.582863 0.00082296 0.400481 0.000868613 
6 1 46080000 5.79897 0.0119189 -4.50068 0.00716922 25.0094 0.0572665 982.578 3.59744 -0.00160562 0.00186521 0.00204159 0.00176596 0.582863 0.00082296 0.400481 0.000868613 
6 1 46440000 5.79897 0.0119189 -4.50068 0.00716922 25.0094 0.0572665 982.578 3.53941 -0.00160562 0.00186382 0.00204159 0.00176596 0.582863 0.00082296 0.400481 0.000868613 
6 1 46800000 5.79897 0.0119189 -4.50068 0.00716922 25.0094 0.0572665 982.578 3.53941 -0.00160562 0.00184955 0.00204159 0.00173919 0.582863 0.00082296 0.400481 0.000868613 
6 1 47160000 5.79897 0.0119189 -4.50068 0.00716922 25.0094 0.0572665 982.578 3.53941 -0.00160562 0.00183512 0.00204159 0.00173919 0.582863 0.00082296 0.400481 0.000868613 
6 1 47520000 5.79469 0.0119182 -4.50298 0.00708128 25.0273 0.0564246 983.841 3.5302 -0.000920321 0.00184151 0.00167464 0.00171202 0.583011 0.000784727 0.400602 0.000822624 
6 1 47880000 5.79469 0.0119182 -4.50298 0.00708128 25.0273 0.0564246 983.841 3.5302 -0.000920321 0.00182962 0.00167464 0.00171202 0.583011 0.000784727 0.400602 0.000822624 
6 1 48240000 5.79469 0.0119182 -4.50298 0.00708128 25.0273 0.0564246 983.841 3.5302 -0.000920321 0.00182217 0.00167464 0.00168568 0.583011 0.000784727 0.400602 0.000822624 
6 1 48600000 5.79469 0.0119182 -4.50298 0.00708128 25.0273 0.0564246 983.841 3.5302 -0.000920321 0.0018125 0.00167464 0.00168568 0.583011 0.000784727 0.400602 0.000822624 
6 1 48960000 5.79469 0.0119182 -4.50298 0.00708128 25.0273 0.0564246 983.841 3.5302 -0.000920321 0.00180233 0.00167464 0.00166441 0.583011 0.000784727 0.400602 0.000822624 
6 1 49320000 5.79469 0.0119182 -4.50298 0.00708128 25.0273 0.0564246 983.841 3.5302 -0.000920321 0.00180376 0.00167464 0.00166441 0.583011 0.000784727 0.400602 0.000822624 
6 1 49680000 5.79469 0.0119182 -4.50298 0.00708128 25.0273 0.0564246 983.841 3.5302 -0.000920321 0.00179242 0.00167464 0.00165302 0.583011 0.000784727 0.400602 0.000822624 
6 1 50040000 5.79469 0.0119182 -4.50298 0.00708128 25.0273 0.0564246 983.841 3.5302 -0.000920321 0.0017824 0.00167464 0.00165302 0.583011 0.000784727 0.400602 0.000822624 
6 1 50400000 5.79567 0.0113619 -4.50238 0.00669005 25.022 0.053352 983.664 3.37961 -0.000614324 0.00176956 0.00153346 0.00164001 0.583028 0.000738762 0.400546 0.000776128 
6 1 50760000 5.79567 0.0113619 -4.50238 0.00669005 25.022 0.053352 983.664 3.36896 -0.000614324 0.00175776 0.00153346 0.00164001 0.583028 0.000738762 0.400546 0.000776128 
6 1 51120000 5.79567 0.0113619 -4.50238 0.00669005 25.022 0.053352 983.664 3.35046 -0.000614324 0.0017557 0.00153346 0.00167199 0.583028 0.000738762 0.400546 0.000776128 
6 1 51480000 5.79567 0.0113619 -4.50238 0.00669005 25.022 0.053352 983.664 3.34757 -0.000614324 0.00175767 0.00153346 0.00167199 0.583028 0.000738762 0.400546 0.000776128 
6 1 51840000 5.79567 0.0113619 -4.50238 0.00669005 25.022 0.053352 983.664 3.32749 -0.000614324 0.00175203 0.00153346 0.0016502 0.583028 0.000738762 0.400546 0.000776128 
6 1 52200000 5.79567 0.0113619 -4.50238 0.00669005 25.022 0.053352 983.664 3.32698 -0.000614324 0.00174032 0.00153346 0.0016502 0.583028 0.000738762 0.400546 0.000776128 
6 1 52560000 5.79567 0.0113619 -4.50238 0.00669005 25.022 0.053352 983.664 3.32698 -0.000614324 0.0017308 0.00153346 0.00162723 0.583028 0.000738762 0.400546 0.000776128 
6 1 52920000 5.79567 0.0113619 -4.50238 0.00669005 25.022 0.053352 983.664 3.32698 -0.000614324 0.00172672 0.00153346 0.00162723 0.583028 0.000738762 0.400546 0.000776128 
6 1 53280000 5.79763 0.0109964 -4.50157 0.0063674 25.01 0.0517255 982.829 3.28668 -0.000583925 0.00171724 0.00178218 0.00160609 0.582934 0.000703702 0.400382 0.000750096 
6 1 53640000 5.79763 0.0109964 -4.50157 0.0063674 25.01 0.0517255 982.829 3.27747 -0.000583925 0.00170817 0.00178218 0.00160609 0.582934 0.000703702 0.400382 0.000750096 
6 1 54000000 5.79763 0.0109619 -4.50157 0.0063674 25.01 0.0517255 982.829 3.2744 -0.000583925 0.00170044 0.00178218 0.00158413 0.582934 0.000703702 0.400382 0.000750096 
6 1 54360000 5.79763 0.0109619 -4.50157 0.0063674 25.01 0.0517255 982.829 3.25532 -0.000583925 0.00168901 0.00178218 0.00158413 0.582934 0.000703702 0.400382 0.000750096 
6 1 54720000 5.79763 0.0108314 -4.50157 0.0063674 25.01 0.0517255 982.829 3.24524 -0.000583925 0.00167764 0.00178218 0.00156376 0.582934 0.000703702 0.400382 0.000750096 
6 1 55080000 5.79763 0.0108314 -4.50157 0.0063674 25.01 0.0517255 982.829 3.24524 -0.000583925 0.00166655 0.00178218 0.00156376 0.582934 0.000703702 0.400382 0.000750096 
6 1 55440000 5.79763 0.0108019 -4.50157 0.0063674 25.01 0.0517255 982.829 3.24524 -0.000583925 0.0016565 0.00178218 0.00154571 0.582934 0.000703702 0.400382 0.000750096 
6 1 55800000 5.79763 0.0108019 -4.50157 0.0063674 25.01 0.0517255 982.829 3.24524 -0.000583925 0.00164847 0.00178218 0.00154571 0.582934 0.000703702 0.400382 0.000750096 
6 1 56160000 5.79513 0.0107806 -4.50111 0.00604845 25.0037 0.0493783 982.137 3.18324 -0.000600834 0.00164482 0.00185352 0.00152555 0.582961 0.000667178 0.400374 0.000710661 
6 1 56520000 5.79513 0.0107806 -4.50111 0.00604845 25.0037 0.0493783 982.137 3.17487 -0.000600834 0.00163527 0.00185352 0.00152555 0.582961 0.000667178 0.400374 0.000710661 
6 1 56880000 5.79513 0.0107854 -4.50111 0.00604845 25.0037 0.0493783 982.137 3.15856 -0.000600834 0.00162466 0.00185352 0.00150765 0.582961 0.000667178 0.400374 0.000710661 
6 1 57240000 5.79513 0.0107854 -4.50111 0.00604845 25.0037 0.0493783 982.137 3.14725 -0.000600834 0.00161549 0.00185352 0.00150765 0.582961 0.000667178 0.400374 0.000710661 
6 1 57600000 5.79513 0.0107138 -4.50111 0.00604845 25.0037 0.0493783 982.137 3.14725 -0.000600834 0.00160627 0.00185352 0.00149001 0.582961 0.000667178 0.400374 0.000710661 
6 1 57960000 5.79513 0.0107138 -4.50111 0.00604845 25.0037 0.0493783 982.137 3.14725 -0.000600834 0.00159887 0.00185352 0.00149001 0.582961 0.000667178 0.400374 0.000710661 
6 1 58320000 5.79513 0.0105969 -4.50111 0.00604845 25.0037 0.0493783 982.137 3.14725 -0.000600834 0.00160981 0.00185352 0.00150211 0.582961 0.000667178 0.400374 0.000710661 
6 1 58680000 5.79513 0.0105969 -4.50111 0.00604845 25.0037 0.0493783 982.137 3.14725 -0.000600834 0.00160251 0.00185352 0.00150105 0.582961 0.000667178 0.400374 0.000710661 
6 1 59040000 5.79652 0.0110505 -4.50028 0.00588001 24.9899 0.0528082 981.026 3.57314 -0.000381257 0.00159276 0.00208481 0.00148952 0.582903 0.000636323 0.400254 0.000685268 
6 1 59400000 5.79652 0.0110505 -4.50028 0.00588001 24.9899 0.0528082 981.026 3.57314 -0.000381257 0.00158388 0.00208481 0.0014841 0.582903 0.000636323 0.400254 0.000685268 
6 1 59760000 5.79652 0.0110505 -4.50028 0.00588001 24.9899 0.0528082 981.026 3.57314 -0.000381257 0.00157529 0.00208481 0.00150981 0.582903 0.000636323 0.400254 0.000685268 
6 1 60120000 5.79652 0.0110505 -4.50028 0.00588001 24.9899 0.0528082 981.026 3.57314 -0.000381257 0.00157529 0.00208481 0.00150981 0.582903 0.000636323 0.400254 0.000685268 
6 1 60480000 5.79652 0.0110505 -4.50028 0.00588001 24.9899 0.0528082 981.026 3.57314 -0.000381257 0.00157612 0.00208481 0.00150981 0.582903 0.000636323 0.400254 0.000685268 
6 1 60840000 5.79652 0.0110505 -4.50028 0.00588001 24.9899 0.0528082 981.026 3.57314 -0.000381257 0.00157271 0.00208481 0.00151816 0.582903 0.000636323 0.400254 0.000685268 
6 1 61200000 5.79652 0.0110505 -4.50028 0.00588001 24.9899 0.0528082 981.026 3.57314 -0.000381257 0.00156737 0.00208481 0.00151816 0.582903 0.000636323 0.400254 0.000685268 
6 1 61560000 5.79652 0.0110505 -4.50028 0.00588001 24.9899 0.0528082 981.026 3.57314 -0.000381257 0.00155878 0.00208481 0.0015017 0.582903 0.000636323 0.400254 0.000685268 
6 1 61920000 5.79652 0.0110505 -4.50028 0.00588001 24.9899 0.0528082 981.026 3.57314 -0.000381257 0.00155043 0.00208481 0.0015017 0.582903 0.000636323 0.400254 0.000685268 
6 1 62280000 5.79652 0.0110505 -4.50028 0.00588001 24.9899 0.0528082 981.026 3.57314 -0.000381257 0.00154671 0.00208481 0.00149834 0.582903 0.000633807 0.400254 0.000673554 
6 1 62640000 5.79652 0.0110505 -4.50028 0.00588001 24.9899 0.0528082 981.026 3.57314 -0.000381257 0.00153985 0.00208481 0.00149834 0.582903 0.000633807 0.400254 0.000673554 
6 1 63000000 5.79652 0.0110505 -4.50028 0.00588001 24.9899 0.0528082 981.026 3.57314 -0.000381257 0.00153243 0.00208481 0.00148155 0.582903 0.000633807 0.400254 0.000673554 
6 1 63360000 5.79652 0.0110505 -4.50028 0.00588001 24.9899 0.0528082 981.026 3.57314 -0.000381257 0.00152513 0.00208481 0.00148155 0.582903 0.000633807 0.400254 0.000673554 
6 1 63720000 5.79652 0.0110505 -4.50028 0.00588001 24.9899 0.0528082 981.026 3.57314 -0.000381257 0.00151732 0.00208481 0.00146522 0.582903 0.000619703 0.400254 0.000673554 
6 1 64080000 5.79652 0.0110505 -4.50028 0.00588001 24.9899 0.0528082 981.026 3.57314 -0.000381257 0.00151181 0.00208481 0.00146522 0.582903 0.000619703 0.400254 0.000673554 
6 1 64440000 5.79652 0.0110505 -4.50028 0.00588001 24.9899 0.0528082 981.026 3.57314 -0.000381257 0.00150852 0.00208481 0.00144896 0.582903 0.000619703 0.400254 0.000673554 
6 1 64800000 5.79652 0.0110505 -4.50028 0.00588001 24.9899 0.0528082 981.026 3.57314 -0.000381257 0.00150027 0.00208481 0.00144896 0.582903 0.000619703 0.400254 0.000673554 
6 1 65160000 5.79458 0.0110505 -4.50131 0.00588001 24.9962 0.0528082 981.649 3.57314 -0.00036598 0.00149734 0.00224407 0.00143257 0.582945 0.000615394 0.400332 0.000673554 
6 1 65520000 5.79458 0.0110505 -4.50131 0.00588001 24.9962 0.0528082 981.649 3.57314 -0.00036598 0.00149069 0.00224407 0.00143257 0.582945 0.000615394 0.400332 0.000673554 
6 1 65880000 5.79458 0.0110505 -4.50131 0.00588001 24.9962 0.0528082 981.649 3.57314 -0.00036598 0.00148232 0.00224407 0.00142041 0.582945 0.000615394 0.400332 0.000673554 
6 1 66240000 5.79458 0.0110505 -4.50131 0.00588001 24.9962 0.0528082 981.649 3.57314 -0.00036598 0.00147642 0.00224407 0.00142041 0.582945 0.000615394 0.400332 0.000673554 
6 1 66600000 5.79458 0.0110505 -4.50131 0.00588001 24.9962 0.0528082 981.649 3.57314 -0.00036598 0.00147225 0.00224407 0.00140517 0.582945 0.000609933 0.400332 0.000673554 
6 1 66960000 5.79458 0.0110505 -4.50131 0.00588001 24.9962 0.0528082 981.649 3.57314 -0.00036598 0.00146555 0.00224407 0.00140517 0.582945 0.000609933 0.400332 0.000673554 
6 1 67320000 5.79458 0.0110505 -4.50131 0.00588001 24.9962 0.0528082 981.649 3.57314 -0.00036598 0.00145897 0.00224407 0.00139041 0.582945 0.000609933 0.400332 0.000673554 
6 1 67680000 5.79458 0.0110505 -4.50131 0.00588001 24.9962 0.0528082 981.649 3.57314 -0.00036598 0.00147117 0.00224407 0.00139041 0.582945 0.000609933 0.400332 0.000673554 
6 1 68040000 5.79458 0.0110505 -4.50131 0.00588001 24.9962 0.0528082 981.649 3.57314 -0.00036598 0.00146322 0.00224407 0.00138682 0.582945 0.000600595 0.400332 0.000673554 
6 1 68400000 5.79458 0.0110505 -4.50131 0.00588001 24.9962 0.0528082 981.649 3.57314 -0.00036598 0.00146224 0.00224407 0.00138682 0.582945 0.000600595 0.400332 0.000673554 
6 1 68760000 5.79458 0.0110505 -4.50131 0.00588001 24.9962 0.0528082 981.649 3.57314 -0.00036598 0.00146449 0.00224407 0.00138682 0.582945 0.000600595 0.400332 0.000673554 
6 1 69120000 5.79458 0.0110505 -4.50131 0.00588001 24.9962 0.0528082 981.649 3.57314 -0.00036598 0.00145679 0.00224407 0.00138682 0.582945 0.000600595 0.400332 0.000673554 
6 1 69480000 5.79458 0.0110505 -4.50131 0.00588001 24.9962 0.0528082 981.649 3.57314 -0.00036598 0.00144906 0.00224407 0.00138682 0.582945 0.000599213 0.400332 0.000673554 
6 1 69840000 5.79458 0.0110505 -4.50131 0.00588001 24.9962 0.0528082 981.649 3.57314 -0.00036598 0.00145463 0.00224407 0.00138682 0.582945 0.000599213 0.400332 0.000673554 
6 1 70200000 5.79458 0.0110505 -4.50131 0.00588001 24.9962 0.0528082 981.649 3.57314 -0.00036598 0.00146283 0.00224407 0.00138682 0.582945 0.000599213 0.400332 0.000673554 
6 1 70560000 5.79458 0.0110505 -4.50131 0.00588001 24.9962 0.0528082 981.649 3.57314 -0.00036598 0.00146356 0.00224407 0.00138682 0.582945 0.000599213 0.400332 0.000673554 
6 1 70920000 5.79171 0.0102034 -4.50291 0.00545367 25.0144 0.0493529 983.45 3.70975 -3.66992e-06 0.00146271 0.0022726 0.00136307 0.583099 0.000586752 0.400477 0.000597645 
6 1 71280000 5.79171 0.0102034 -4.50291 0.00545367 25.0144 0.0493529 983.45 3.70975 -3.66992e-06 0.00145587 0.0022726 0.00136307 0.583099 0.000586752 0.400477 0.000597645 
6 1 71640000 5.79171 0.0102034 -4.50291 0.00545367 25.0144 0.0493529 983.45 3.70975 -3.66992e-06 0.00145165 0.0022726 0.00135093 0.583099 0.000586752 0.400477 0.000597645 
6 1 72000000 5.79171 0.0102034 -4.50291 0.00545367 25.0144 0.0493529 983.45 3.70975 -3.66992e-06 0.00144579 0.0022726 0.00135093 0.583099 0.000586752 0.400477 0.000597645 
6 1 72360000 5.79171 0.0102034 -4.50291 0.00545367 25.0144 0.0493529 983.45 3.70975 -3.66992e-06 0.00143855 0.0022726 0.00133715 0.583099 0.000575162 0.400477 0.000597209 
6 1 72720000 5.79171 0.0102034 -4.50291 0.00545367 25.0144 0.0493529 983.45 3.70975 -3.66992e-06 0.00143161 0.0022726 0.00133715 0.583099 0.000575162 0.400477 0.000597209 
6 1 73080000 5.79171 0.0102034 -4.50291 0.00545367 25.0144 0.0493529 983.45 3.70975 -3.66992e-06 0.00142452 0.0022726 0.0013342 0.583099 0.000575162 0.400477 0.000597209 
6 1 73440000 5.79171 0.0102034 -4.50291 0.00545367 25.0144 0.0493529 983.45 3.70975 -3.66992e-06 0.00141845 0.0022726 0.0013342 0.583099 0.000575162 0.400477 0.000597209 
6 1 73800000 5.79171 0.0102034 -4.50291 0.00545367 25.0144 0.0493529 983.45 3.70975 -3.66992e-06 0.0014125 0.0022726 0.00132563 0.583099 0.000565381 0.400477 0.000597209 
6 1 74160000 5.79171 0.0102034 -4.50291 0.00545367 25.0144 0.0493529 983.45 3.70975 -3.66992e-06 0.00142683 0.0022726 0.00132563 0.583099 0.000565381 0.400477 0.000597209 
6 1 74520000 5.79171 0.0102034 -4.50291 0.00545367 25.0144 0.0493529 983.45 3.70975 -3.66992e-06 0.00142043 0.0022726 0.00132186 0.583099 0.000565381 0.400477 0.000597209 
6 1 74880000 5.79171 0.0102034 -4.50291 0.00545367 25.0144 0.0493529 983.45 3.70975 -3.66992e-06 0.00141697 0.0022726 0.00132186 0.583099 0.000565381 0.400477 0.000597209 
6 1 75240000 5.79171 0.0102034 -4.50291 0.00545367 25.0144 0.0493529 983.45 3.70975 -3.66992e-06 0.00141085 0.0022726 0.0013092 0.583099 0.00056479 0.400477 0.000597209 
6 1 75600000 5.79171 0.0102034 -4.50291 0.00545367 25.0144 0.0493529 983.45 3.70975 -3.66992e-06 0.00141085 0.0022726 0.0013092 0.583099 0.00056479 0.400477 0.000597209 
6 1 75960000 5.79171 0.0102034 -4.50291 0.00545367 25.0144 0.0493529 983.45 3.70975 -3.66992e-06 0.00140399 0.0022726 0.0013092 0.583099 0.00056479 0.400477 0.000597209 
6 1 76320000 5.79171 0.0102034 -4.50291 0.00545367 25.0144 0.0493529 983.45 3.70975 -3.66992e-06 0.00141122 0.0022726 0.00129931 0.583099 0.00056479 0.400477 0.000597209 
6 1 76680000 5.79171 0.0102034 -4.50291 0.00545367 25.0144 0.0493529 983.45 3.70975 -3.66992e-06 0.00140967 0.0022726 0.00129931 0.583099 0.00056479 0.400477 0.000597209 
6 1 77040000 5.79082 0.0102034 -4.50424 0.00545367 25.0261 0.0493529 984.487 3.70975 0.000437659 0.00140409 0.00264095 0.00129313 0.583331 0.000572524 0.40072 0.000609528 
6 1 77400000 5.79082 0.0102034 -4.50424 0.00545367 25.0261 0.0493529 984.487 3.70975 0.000437659 0.00139818 0.00264095 0.00128709 0.583331 0.000572524 0.40072 0.000609528 
6 1 77760000 5.79082 0.0102034 -4.50424 0.00545367 25.0261 0.0493529 984.487 3.70975 0.000437659 0.00139162 0.00264095 0.00128582 0.583331 0.000572524 0.40072 0.000609528 
6 1 78120000 5.79082 0.0102034 -4.50424 0.00545367 25.0261 0.0493529 984.487 3.70975 0.000437659 0.00138521 0.00264095 0.0012815 0.583331 0.000572524 0.40072 0.000609528 
6 1 78480000 5.79082 0.0102034 -4.50424 0.00545367 25.0261 0.0493529 984.487 3.70975 0.000437659 0.00138295 0.00264095 0.00127674 0.583331 0.000567053 0.40072 0.000609528 
6 1 78840000 5.79082 0.0102034 -4.50424 0.00545367 25.0261 0.0493529 984.487 3.70975 0.000437659 0.00137732 0.00264095 0.00127196 0.583331 0.000567053 0.40072 0.000609528 
6 1 79200000 5.79082 0.0102034 -4.50424 0.00545367 25.0261 0.0493529 984.487 3.70975 0.000437659 0.00137119 0.00264095 0.00127778 0.583331 0.000567053 0.40072 0.000609528 
6 1 79560000 5.79082 0.0102034 -4.50424 0.00545367 25.0261 0.0493529 984.487 3.70975 0.000437659 0.00137169 0.00264095 0.00127203 0.583331 0.000567053 0.40072 0.000609528 
6 1 79920000 5.79082 0.0102034 -4.50424 0.00545367 25.0261 0.0493529 984.487 3.70975 0.000437659 0.00137039 0.00264095 0.00126647 0.583331 0.000556803 0.40072 0.000597209 
6 1 80280000 5.79082 0.0102034 -4.50424 0.00545367 25.0261 0.0493529 984.487 3.70975 0.000437659 0.0013641 0.00264095 0.00126202 0.583331 0.000556803 0.40072 0.000597209 
6 1 80640000 5.79082 0.0102034 -4.50424 0.00545367 25.0261 0.0493529 984.487 3.70975 0.000437659 0.00136151 0.00264095 0.00125668 0.583331 0.000556803 0.40072 0.000597209 
6 1 81000000 5.79082 0.0102034 -4.50424 0.00545367 25.0261 0.0493529 984.487 3.70975 0.000437659 0.00135563 0.00264095 0.00125169 0.583331 0.000556803 0.40072 0.000597209 
6 1 81360000 5.79082 0.0102034 -4.50424 0.00545367 25.0261 0.0493529 984.487 3.70975 0.000437659 0.00134955 0.00264095 0.00124684 0.583331 0.000549901 0.40072 0.000597209 
6 1 81720000 5.79082 0.0102034 -4.50424 0.00545367 25.0261 0.0493529 984.487 3.70975 0.000437659 0.00134512 0.00264095 0.00124437 0.583331 0.000549901 0.40072 0.000597209 
6 1 82080000 5.79082 0.0102034 -4.50424 0.00545367 25.0261 0.0493529 984.487 3.70975 0.000437659 0.00133964 0.00264095 0.00123881 0.583331 0.000549901 0.40072 0.000597209 
6 1 82440000 5.79082 0.0102034 -4.50424 0.00545367 25.0261 0.0493529 984.487 3.70975 0.000437659 0.0013342 0.00264095 0.0012344 0.583331 0.000549901 0.40072 0.000597209 
6 1 82800000 5.7942 0.00904471 -4.5033 0.00468846 25.0142 0.0423029 983.52 3.18045 0.000692452 0.00132847 0.00214905 0.00122952 0.58324 0.000537494 0.400608 0.000571422 
6 1 83160000 5.7942 0.00904471 -4.5033 0.00468846 25.0142 0.0423029 983.52 3.18045 0.000692452 0.0013295 0.00214905 0.00122453 0.58324 0.000537494 0.400608 0.000571422 
6 1 83520000 5.7942 0.00904471 -4.5033 0.00468846 25.0142 0.0423029 983.52 3.18045 0.000692452 0.00132465 0.00214905 0.00122635 0.58324 0.000537494 0.400608 0.000571422 
6 1 83880000 5.7942 0.00904471 -4.5033 0.00468846 25.0142 0.0423029 983.52 3.18045 0.000692452 0.00132291 0.00214905 0.00122518 0.58324 0.000537494 0.400608 0.000571422 
6 1 84240000 5.7942 0.00904471 -4.5033 0.00468846 25.0142 0.0423029 983.52 3.18045 0.000692452 0.00131762 0.00214905 0.00122019 0.58324 0.000543381 0.400608 0.000571422 
6 1 84600000 5.7942 0.00904471 -4.5033 0.00468846 25.0142 0.0423029 983.52 3.18045 0.000692452 0.00132153 0.00214905 0.00122289 0.58324 0.000543381 0.400608 0.000571422 
6 1 84960000 5.7942 0.00904471 -4.5033 0.00468846 25.0142 0.0423029 983.52 3.18045 0.000692452 0.00131845 0.00214905 0.00122168 0.58324 0.000543381 0.400608 0.000571422 
6 1 85320000 5.7942 0.00904471 -4.5033 0.00468846 25.0142 0.0423029 983.52 3.18045 0.000692452 0.00131275 0.00214905 0.00122168 0.58324 0.000543381 0.400608 0.000571422 
6 1 85680000 5.7942 0.00904471 -4.5033 0.00468846 25.0142 0.0423029 983.52 3.18045 0.000692452 0.00130731 0.00214905 0.00121853 0.58324 0.000538047 0.400608 0.000551826 
6 1 86040000 5.7942 0.00904471 -4.5033 0.00468846 25.0142 0.0423029 983.52 3.18045 0.000692452 0.00130259 0.00214905 0.00121853 0.58324 0.000538047 0.400608 0.000551826 
6 1 86400000 5.7942 0.00904471 -4.5033 0.00468846 25.0142 0.0423029 983.52 3.18045 0.000692452 0.00129834 0.00214905 0.00120862 0.58324 0.000538047 0.400608 0.000551826 
6 1 86760000 5.7942 0.00904471 -4.5033 0.00468846 25.0142 0.0423029 983.52 3.18045 0.000692452 0.00129307 0.00214905 0.00120862 0.58324 0.000538047 0.400608 0.000551826 
6 1 87120000 5.7942 0.00904471 -4.5033 0.00468846 25.0142 0.0423029 983.52 3.18045 0.000692452 0.00128759 0.00214905 0.00120724 0.58324 0.000528949 0.400608 0.000551826 
6 1 87480000 5.7942 0.00904471 -4.5033 0.00468846 25.0142 0.0423029 983.52 3.18045 0.000692452 0.00128266 0.00214905 0.00120724 0.58324 0.000528949 0.400608 0.000551826 
6 1 87840000 5.7942 0.00904471 -4.5033 0.00468846 25.0142 0.0423029 983.52 3.18045 0.000692452 0.00127729 0.00214905 0.00120137 0.58324 0.000528949 0.400608 0.000551826 
6 1 88200000 5.7942 0.00904471 -4.5033 0.00468846 25.0142 0.0423029 983.52 3.18045 0.000692452 0.00127354 0.00214905 0.00120137 0.58324 0.000528949 0.400608 0.000551826 
6 1 88560000 5.79285 0.00904471 -4.50351 0.00468846 25.0229 0.0423029 984.656 3.18045 0.000581451 0.00126826 0.00194587 0.00119314 0.583194 0.000520281 0.400626 0.000534206 
6 1 88920000 5.79285 0.00904471 -4.50351 0.00468846 25.0229 0.0423029 984.656 3.18045 0.000581451 0.00126316 0.00194587 0.00119314 0.583194 0.000520281 0.400626 0.000534206 
6 1 89280000 5.79285 0.00904471 -4.50351 0.00468846 25.0229 0.0423029 984.656 3.18045 0.000581451 0.00126034 0.00194587 0.00118378 0.583194 0.000520281 0.400626 0.000534206 
6 1 89640000 5.79285 0.00904471 -4.50351 0.00468846 25.0229 0.0423029 984.656 3.18045 0.000581451 0.00125595 0.00194587 0.00118371 0.583194 0.000520281 0.400626 0.000534206 
6 1 90000000 5.79285 0.00904471 -4.50351 0.00468846 25.0229 0.0423029 984.656 3.18045 0.000581451 0.00126256 0.00194587 0.00118293 0.583194 0.000517216 0.400626 0.000534206 
6 1 90360000 5.79285 0.00904471 -4.50351 0.00468846 25.0229 0.0423029 984.656 3.18045 0.000581451 0.00125768 0.00194587 0.00118063 0.583194 0.000517216 0.400626 0.000534206 
6 1 90720000 5.79285 0.00904471 -4.50351 0.00468846 25.0229 0.0423029 984.656 3.18045 0.000581451 0.00125768 0.00194587 0.00118063 0.583194 0.000517216 0.400626 0.000534206 
6 1 91080000 5.79285 0.00904471 -4.50351 0.00468846 25.0229 0.0423029 984.656 3.18045 0.000581451 0.00125258 0.00194587 0.00117586 0.583194 0.000517216 0.400626 0.000534206 
6 1 91440000 5.79285 0.00904471 -4.50351 0.00468846 25.0229 0.0423029 984.656 3.18045 0.000581451 0.00125553 0.00194587 0.00117487 0.583194 0.000517216 0.400626 0.000534206 
6 1 91800000 5.79285 0.00904471 -4.50351 0.00468846 25.0229 0.0423029 984.656 3.18045 0.000581451 0.00125064 0.00194587 0.00117669 0.583194 0.000510111 0.400626 0.000526037 
6 1 92160000 5.79285 0.00904471 -4.50351 0.00468846 25.0229 0.0423029 984.656 3.18045 0.000581451 0.00124793 0.00194587 0.00117669 0.583194 0.000510111 0.400626 0.000526037 
6 1 92520000 5.79285 0.00904471 -4.50351 0.00468846 25.0229 0.0423029 984.656 3.18045 0.000581451 0.00125078 0.00194587 0.00116736 0.583194 0.000510111 0.400626 0.000526037 
6 1 92880000 5.79285 0.00904471 -4.50351 0.00468846 25.0229 0.0423029 984.656 3.18045 0.000581451 0.00125382 0.00194587 0.00116736 0.583194 0.000510111 0.400626 0.000526037 
6 1 93240000 5.79285 0.00904471 -4.50351 0.00468846 25.0229 0.0423029 984.656 3.18045 0.000581451 0.00124922 0.00194587 0.00117987 0.583194 0.000502789 0.400626 0.000526037 
6 1 93600000 5.79285 0.00904471 -4.50351 0.00468846 25.0229 0.0423029 984.656 3.18045 0.000581451 0.00124559 0.00194587 0.00117987 0.583194 0.000502789 0.400626 0.000526037 
6 1 93960000 5.79285 0.00904471 -4.50351 0.00468846 25.0229 0.0423029 984.656 3.18045 0.000581451 0.00124157 0.00194587 0.00118542 0.583194 0.000502789 0.400626 0.000526037 
6 1 94320000 5.79285 0.00904471 -4.50351 0.00468846 25.0229 0.0423029 984.656 3.18045 0.000581451 0.00124082 0.00194587 0.00118542 0.583194 0.000502789 0.400626 0.000526037 
6 1 94680000 5.79297 0.00839149 -4.50248 0.00431285 25.0183 0.0383424 984.789 3.02527 0.000801657 0.00123772 0.00264709 0.00117765 0.583154 0.000497565 0.400589 0.000519287 
6 1 95040000 5.79297 0.00839149 -4.50248 0.00431285 25.0183 0.0383424 984.789 3.02527 0.000801657 0.00123315 0.00264709 0.00117765 0.583154 0.000497565 0.400589 0.000519287 
6 1 95400000 5.79297 0.00833086 -4.50248 0.00431285 25.0183 0.0383424 984.789 3.02527 0.000801657 0.00123029 0.00264709 0.00117253 0.583154 0.000497565 0.400589 0.000519287 
6 1 95760000 5.79297 0.00833086 -4.50248 0.00431285 25.0183 0.0383424 984.789 3.02527 0.000801657 0.00122575 0.00264709 0.00117253 0.583154 0.000497565 0.400589 0.000519287 
6 1 96120000 5.79297 0.00834393 -4.50248 0.00432904 25.0183 0.0383424 984.789 3.02527 0.000801657 0.00122269 0.00264709 0.00116835 0.583154 0.000503668 0.400589 0.000526207 
6 1 96480000 5.79297 0.00834393 -4.50248 0.00432904 25.0183 0.0383424 984.789 3.02527 0.000801657 0.00121808 0.00264709 0.00116433 0.583154 0.000503668 0.400589 0.000526207 
6 1 96840000 5.79297 0.00828186 -4.50248 0.00432904 25.0183 0.0383424 984.789 3.02527 0.000801657 0.00121343 0.00264709 0.00116073 0.583154 0.000503668 0.400589 0.000526207 
6 1 97200000 5.79297 0.00828186 -4.50248 0.00432904 25.0183 0.0383424 984.789 3.02527 0.000801657 0.00120882 0.00264709 0.00115787 0.583154 0.000503668 0.400589 0.000526207 
6 1 97560000 5.79297 0.00822007 -4.50248 0.00445262 25.0183 0.0382313 984.789 3.02527 0.000801657 0.00120593 0.00264709 0.00115656 0.583154 0.000497763 0.400589 0.00053629 
6 1 97920000 5.79297 0.00822007 -4.50248 0.00445262 25.0183 0.0382313 984.789 3.02527 0.000801657 0.00120185 0.00264709 0.00115656 0.583154 0.000497763 0.400589 0.00053629 
6 1 98280000 5.79297 0.00816936 -4.50248 0.00445262 25.0183 0.0382313 984.789 3.02527 0.000801657 0.00119738 0.00264709 0.00115656 0.583154 0.000497763 0.400589 0.00053629 
6 1 98640000 5.79297 0.00816936 -4.50248 0.00445262 25.0183 0.0382313 984.789 3.02527 0.000801657 0.00119318 0.00264709 0.00115656 0.583154 0.000497763 0.400589 0.00053629 
6 1 99000000 5.79297 0.00818193 -4.50248 0.00445262 25.0183 0.0382313 984.789 3.02527 0.000801657 0.00118908 0.00264709 0.00115656 0.583154 0.000496343 0.400589 0.00053629 
6 1 99360000 5.79297 0.00818193 -4.50248 0.00445262 25.0183 0.0382313 984.789 3.02527 0.000801657 0.00118538 0.00264709 0.00115656 0.583154 0.000496343 0.400589 0.00053629 
6 1 99720000 5.79297 0.00812151 -4.50248 0.00445262 25.0183 0.0382313 984.789 3.02527 0.000801657 0.00118152 0.00264709 0.00115656 0.583154 0.000496343 0.400589 0.00053629 
