L J MC_steps R2 R2_std E E_std E2 E2_std E4 E4_std Sin1 Sin1_std Cos1 Cos1_std Mag2 Mag2_std Mag4 Mag4_std
6 0.75 360000 6.66518 0.136601 -3.06495 0.0927236 14.7656 0.584327 458.053 30.174 0.00838614 0.0154528 0.0081747 0.016232 0.438714 0.00950333 0.256855 0.00870183 
6 0.75 720000 6.58259 0.0996813 -3.12529 0.0588323 15.0881 0.410563 478.049 25.5027 0.00826753 0.0109197 -0.0028675 0.0108202 0.443917 0.00609982 0.26317 0.00559034 
6 0.75 1080000 6.56463 0.0774069 -3.16002 0.0441142 15.1615 0.313928 473.561 18.3156 0.00839262 0.00873754 0.00731686 0.00869676 0.448421 0.00483838 0.266306 0.0045086 
6 0.75 1440000 6.56719 0.0612377 -3.14146 0.0377355 15.0492 0.258111 473.746 14.3604 0.00450116 0.00778492 0.00306889 0.00772563 0.445934 0.00417612 0.264377 0.0038749 
6 0.75 1800000 6.53043 0.0554105 -3.1722 0.0350253 15.2289 0.240345 481.714 13.1262 0.000662135 0.007007 0.00589937 0.00677676 0.448118 0.00383752 0.266464 0.00357603 
6 0.75 2160000 6.54474 0.0492392 -3.18378 0.0513222 15.3314 0.304773 487.819 12.6408 -0.00144067 0.00711007 0.00120087 0.00628088 0.448876 0.00538302 0.26745 0.00485039 
6 0.75 2520000 6.5027 0.053691 -3.19329 0.043215 15.4209 0.271382 491.649 12.6489 -0.000874982 0.00624072 0.00417696 0.00587642 0.449706 0.00448591 0.268263 0.00407872 
6 0.75 2880000 6.49557 0.0472521 -3.20431 0.0381215 15.5145 0.254768 495.537 11.5691 0.000255538 0.00553335 0.00376135 0.0054441 0.450902 0.00406186 0.269192 0.00377889 
6 0.75 3240000 6.51494 0.0436767 -3.19672 0.0334321 15.4927 0.222923 496.729 10.1238 -0.00181283 0.005111 0.00269311 0.00506989 0.449438 0.00359168 0.268324 0.00334437 
6 0.75 3600000 6.51686 0.0450979 -3.19851 0.0298093 15.4881 0.1997 494.687 9.31277 -0.00380521 0.00516165 -0.00265558 0.00557095 0.449857 0.00319298 0.268926 0.00299858 
6 0.75 3960000 6.51035 0.0431854 -3.19839 0.0304245 15.5008 0.22723 495.01 10.9103 -0.00223087 0.00483975 -0.00385686 0.00686587 0.449748 0.00288569 0.268935 0.00276985 
6 0.75 4320000 6.51456 0.0465619 -3.19262 0.0304245 15.4909 0.22723 495.897 10.9103 -0.00198315 0.00445677 -0.00373493 0.00686587 0.44956 0.00270004 0.268815 0.00276985 
6 0.75 4680000 6.49577 0.044733 -3.18978 0.0265449 15.4662 0.191971 494.101 9.12972 -0.00229057 0.00423791 -0.00359386 0.00572659 0.449475 0.00241174 0.268317 0.00237611 
6 0.75 5040000 6.50406 0.0419505 -3.18742 0.0265449 15.457 0.191971 493.667 9.12972 -0.00107535 0.00406771 -0.00128123 0.00572659 0.449371 0.00226383 0.268263 0.00237611 
6 0.75 5400000 6.49888 0.0402604 -3.1771 0.0256002 15.3798 0.182962 489.358 8.97313 -0.0023975 0.00393174 -0.00177163 0.00519034 0.448341 0.00229505 0.267161 0.00230089 
6 0.75 5760000 6.5026 0.0380934 -3.17614 0.0256002 15.3827 0.182962 489.55 8.97313 -0.00178017 0.00376573 -0.000438052 0.00519034 0.448399 0.00220611 0.267366 0.00230089 
6 0.75 6120000 6.50317 0.036264 -3.17313 0.0227064 15.3618 0.160977 488.851 7.86579 -0.00231302 0.00379662 -0.000625234 0.00466643 0.447984 0.00204854 0.266946 0.00202333 
6 0.75 6480000 6.50161 0.0353237 -3.17958 0.0227064 15.3947 0.160977 489.282 7.86579 -0.00132895 0.00373428 -0.000687965 0.00466643 0.448452 0.00198063 0.267286 0.00202333 
6 0.75 6840000 6.50836 0.0351496 -3.18899 0.0251202 15.4543 0.167568 492.249 7.69084 -0.00202201 0.00366191 -0.000334026 0.00415702 0.449531 0.00227097 0.268263 0.00218575 
6 0.75 7200000 6.51377 0.0340994 -3.187 0.0251202 15.4531 0.167568 492.556 7.69084 -0.00209912 0.00350939 0.000429746 0.00415702 0.449188 0.00227097 0.268036 0.00218575 
6 0.75 7560000 6.50918 0.0332449 -3.18849 0.0264357 15.4583 0.186366 492.383 8.53182 -0.00271952 0.0036215 0.000332907 0.0042346 0.449209 0.00228616 0.267961 0.0021881 
6 0.75 7920000 6.50918 0.031796 -3.18849 0.0264357 15.4583 0.186366 492.383 8.53182 -0.00271952 0.00353982 0.000332907 0.0042346 0.449209 0.00228616 0.267961 0.0021881 
6 0.75 8280000 6.50843 0.0303677 -3.19195 0.0264357 15.4765 0.186366 494.159 8.53182 -0.00489647 0.00345812 5.3999e-05 0.0042346 0.44926 0.00228616 0.26803 0.0021881 
6 0.75 8640000 6.50843 0.0294422 -3.19195 0.0264357 15.4765 0.186366 494.159 8.53182 -0.00489647 0.00340997 5.3999e-05 0.0042346 0.44926 0.00228616 0.26803 0.0021881 
6 0.75 9000000 6.51432 0.0284212 -3.19409 0.022615 15.4859 0.15734 494.541 7.37787 -0.00483731 0.00330807 -0.000365488 0.00358596 0.4496 0.00193815 0.268397 0.00186627 
6 0.75 9360000 6.51432 0.0276143 -3.19409 0.022615 15.4859 0.15734 494.541 7.37787 -0.00483731 0.00318623 -0.000365488 0.00358596 0.4496 0.00193815 0.268397 0.00186627 
6 0.75 9720000 6.51232 0.0266399 -3.20141 0.022615 15.5199 0.15734 494.651 7.37787 -0.00388911 0.00312536 -0.00147858 0.00358596 0.450445 0.00193815 0.269035 0.00186627 
6 0.75 10080000 6.51232 0.0257218 -3.20141 0.022615 15.5199 0.15734 494.651 7.37787 -0.00388911 0.0030694 -0.00147858 0.00358596 0.450445 0.00193815 0.269035 0.00186627 
6 0.75 10440000 6.51779 0.025239 -3.20347 0.0212407 15.5383 0.143322 495.752 6.42251 -0.00384066 0.00298429 1.88326e-05 0.0032521 0.450608 0.00190567 0.269327 0.001817 
6 0.75 10800000 6.51779 0.0248175 -3.20347 0.0212407 15.5383 0.143322 495.752 6.42251 -0.00384066 0.00293418 1.88326e-05 0.0032521 0.450608 0.00190567 0.269327 0.001817 
6 0.75 11160000 6.51276 0.0240408 -3.20625 0.0212407 15.5437 0.143322 495.664 6.42251 -0.00262996 0.00285507 0.000422646 0.00309421 0.450771 0.00190567 0.269418 0.001817 
6 0.75 11520000 6.51276 0.0234546 -3.20625 0.0212407 15.5437 0.143322 495.664 6.42251 -0.00262996 0.0027936 0.000422646 0.00309421 0.450771 0.00190567 0.269418 0.001817 
6 0.75 11880000 6.51843 0.0230279 -3.20505 0.018644 15.5392 0.125409 495.144 5.64844 -0.00250905 0.00275435 -0.000550939 0.0030199 0.450901 0.00168981 0.269553 0.00160382 
6 0.75 12240000 6.51843 0.0229783 -3.20505 0.018644 15.5392 0.125409 495.144 5.64844 -0.00250905 0.00272663 -0.000550939 0.0030199 0.450901 0.00168981 0.269553 0.00160382 
6 0.75 12600000 6.51505 0.0225647 -3.21206 0.018644 15.582 0.125409 497.071 5.64844 -0.00313248 0.00271051 -0.00216241 0.00324384 0.451704 0.00168981 0.270235 0.00160382 
6 0.75 12960000 6.51505 0.0224677 -3.21206 0.018644 15.582 0.125409 497.071 5.64844 -0.00313248 0.00265998 -0.00216241 0.00324384 0.451704 0.00168981 0.270235 0.00160382 
6 0.75 13320000 6.5185 0.021988 -3.21596 0.019506 15.5955 0.123471 497.27 5.406 -0.00284993 0.00260821 -0.00286698 0.00328394 0.451854 0.0017501 0.270389 0.0016291 
6 0.75 13680000 6.5185 0.0214471 -3.21596 0.019506 15.5955 0.123471 497.27 5.406 -0.00284993 0.00255576 -0.00286698 0.00328394 0.451854 0.0017501 0.270389 0.0016291 
6 0.75 14040000 6.5185 0.0211886 -3.21596 0.019506 15.5955 0.123471 497.27 5.406 -0.00284993 0.00252757 -0.00286698 0.00328394 0.451854 0.0017501 0.270389 0.0016291 
6 0.75 14400000 6.51665 0.0208139 -3.21584 0.019506 15.5866 0.123471 497.493 5.406 -0.00288529 0.00257033 -0.00266455 0.00328394 0.451794 0.0017501 0.270296 0.0016291 
6 0.75 14760000 6.51665 0.020303 -3.21584 0.019506 15.5866 0.123471 497.493 5.406 -0.00288529 0.00254595 -0.00266455 0.00328394 0.451794 0.0017501 0.270296 0.0016291 
6 0.75 15120000 6.51245 0.0200787 -3.21896 0.019036 15.6131 0.112371 499.375 5.25939 -0.00235167 0.00252553 -0.00302502 0.00295934 0.452123 0.00171748 0.27071 0.00156509 
6 0.75 15480000 6.51245 0.019691 -3.21896 0.019036 15.6131 0.112371 499.375 5.25939 -0.00235167 0.00247151 -0.00302502 0.00295934 0.452123 0.00171748 0.27071 0.00156509 
6 0.75 15840000 6.51245 0.0193967 -3.21896 0.019036 15.6131 0.112371 499.375 5.25939 -0.00235167 0.00241895 -0.00302502 0.00295934 0.452123 0.00171748 0.27071 0.00156509 
6 0.75 16200000 6.51245 0.019273 -3.21896 0.019036 15.6131 0.112371 499.375 5.25939 -0.00235167 0.00242828 -0.00302502 0.00295934 0.452123 0.00171748 0.27071 0.00156509 
6 0.75 16560000 6.51008 0.018893 -3.21386 0.019036 15.5653 0.111863 496.611 5.45935 -0.00358797 0.00244965 -0.00327424 0.00270078 0.451598 0.00171748 0.270119 0.00156509 
6 0.75 16920000 6.51008 0.0187037 -3.21386 0.019036 15.5653 0.111863 496.611 5.45935 -0.00358797 0.00241331 -0.00327424 0.00270078 0.451598 0.00171748 0.270119 0.00156509 
6 0.75 17280000 6.51008 0.0186816 -3.21386 0.019036 15.5653 0.111863 496.611 5.45935 -0.00358797 0.00236746 -0.00327424 0.00270078 0.451598 0.00171748 0.270119 0.00156509 
6 0.75 17640000 6.51008 0.018293 -3.21386 0.019036 15.5653 0.111863 496.611 5.45935 -0.00358797 0.0023258 -0.00327424 0.00270078 0.451598 0.00171748 0.270119 0.00156509 
6 0.75 18000000 6.50838 0.0181543 -3.21719 0.0159449 15.5856 0.104353 497.793 5.13066 -0.00273712 0.00228067 -0.00228645 0.00265021 0.451755 0.00147005 0.270283 0.00136129 
6 0.75 18360000 6.50838 0.0180276 -3.21719 0.0159449 15.5856 0.104353 497.793 5.13066 -0.00273712 0.00228899 -0.00228645 0.00265021 0.451755 0.00147005 0.270283 0.00136129 
6 0.75 18720000 6.50838 0.017673 -3.21719 0.0159449 15.5856 0.104353 497.793 5.13066 -0.00273712 0.00228171 -0.00228645 0.00265021 0.451755 0.00147005 0.270283 0.00136129 
6 0.75 19080000 6.50838 0.0174615 -3.21719 0.0159449 15.5856 0.104353 497.793 5.13066 -0.00273712 0.00226788 -0.00228645 0.00265021 0.451755 0.00147005 0.270283 0.00136129 
6 0.75 19440000 6.50597 0.0172734 -3.21519 0.0159449 15.5754 0.0968167 497.301 4.75946 -0.0031295 0.00223157 -0.00161479 0.00253003 0.451545 0.00147005 0.270095 0.00136129 
6 0.75 19800000 6.50597 0.0171261 -3.21519 0.0159449 15.5754 0.0968167 497.301 4.75946 -0.0031295 0.00220519 -0.00161479 0.00253003 0.451545 0.00147005 0.270095 0.00136129 
6 0.75 20160000 6.50597 0.0170316 -3.21519 0.0159449 15.5754 0.0968167 497.301 4.75946 -0.0031295 0.0021783 -0.00161479 0.00253003 0.451545 0.00147005 0.270095 0.00136129 
6 0.75 20520000 6.50597 0.0168215 -3.21519 0.0159449 15.5754 0.0968167 497.301 4.75946 -0.0031295 0.00219715 -0.00161479 0.00253003 0.451545 0.00147005 0.270095 0.00136129 
6 0.75 20880000 6.50718 0.016584 -3.21672 0.0137386 15.5963 0.092125 498.744 4.6331 -0.00292502 0.00218786 -0.00109528 0.00240206 0.45178 0.00126025 0.270417 0.00121764 
6 0.75 21240000 6.50718 0.0163119 -3.21672 0.0137386 15.5963 0.092125 498.744 4.6331 -0.00292502 0.00215937 -0.00109528 0.00240206 0.45178 0.00126025 0.270417 0.00121764 
6 0.75 21600000 6.50718 0.0161713 -3.21672 0.0137386 15.5963 0.092125 498.744 4.6331 -0.00292502 0.00214182 -0.00109528 0.00240206 0.45178 0.00126025 0.270417 0.00121764 
6 0.75 21960000 6.50718 0.0161985 -3.21672 0.0137386 15.5963 0.092125 498.744 4.6331 -0.00292502 0.00211142 -0.00109528 0.00240206 0.45178 0.00126025 0.270417 0.00121764 
6 0.75 22320000 6.50996 0.016136 -3.21471 0.0136739 15.5902 0.0861874 498.819 4.32483 -0.0032299 0.0021055 -0.000885028 0.0022511 0.451507 0.00126025 0.270159 0.00117339 
6 0.75 22680000 6.50996 0.0161918 -3.21471 0.0136739 15.5902 0.0861874 498.819 4.32483 -0.0032299 0.00207682 -0.000885028 0.0022511 0.451507 0.00126025 0.270159 0.00117339 
6 0.75 23040000 6.50996 0.0159418 -3.21471 0.0136739 15.5902 0.0861874 498.819 4.32483 -0.0032299 0.00204633 -0.000885028 0.0022511 0.451507 0.00126025 0.270159 0.00117339 
6 0.75 23400000 6.50996 0.0157295 -3.21471 0.0136739 15.5902 0.0861874 498.819 4.32483 -0.0032299 0.00201802 -0.000885028 0.0022511 0.451507 0.00126025 0.270159 0.00117339 
6 0.75 23760000 6.50864 0.0154896 -3.21785 0.0125333 15.6072 0.0824601 499.383 4.0912 -0.00349999 0.00200543 -0.000764674 0.00211744 0.45174 0.00114156 0.270334 0.00110385 
6 0.75 24120000 6.50864 0.0154155 -3.21785 0.0125333 15.6072 0.0824601 499.383 4.0912 -0.00349999 0.00197672 -0.000764674 0.00211362 0.45174 0.00114156 0.270334 0.00110385 
6 0.75 24480000 6.50864 0.0152216 -3.21785 0.0125333 15.6072 0.0824601 499.383 4.0912 -0.00349999 0.00194758 -0.000764674 0.00211362 0.45174 0.00114156 0.270334 0.00110385 
6 0.75 24840000 6.50864 0.0150344 -3.21785 0.0125333 15.6072 0.0824601 499.383 4.0912 -0.00349999 0.00192159 -0.000764674 0.00211362 0.45174 0.00114156 0.270334 0.00110385 
6 0.75 25200000 6.5106 0.0149053 -3.2187 0.0120109 15.6131 0.0778254 499.652 3.85934 -0.00357446 0.00192138 -0.000301077 0.0020395 0.451789 0.00110333 0.270404 0.00104118 
6 0.75 25560000 6.5106 0.0147437 -3.2187 0.0120109 15.6131 0.0778254 499.652 3.85934 -0.00357446 0.00190594 -0.000301077 0.00207599 0.451789 0.00110333 0.270404 0.00104118 
6 0.75 25920000 6.5106 0.0146922 -3.2187 0.0120109 15.6131 0.0778254 499.652 3.85934 -0.00357446 0.00188506 -0.000301077 0.00205326 0.451789 0.00110333 0.270404 0.00104118 
6 0.75 26280000 6.5106 0.0145668 -3.2187 0.0120109 15.6131 0.0778254 499.652 3.85934 -0.00357446 0.00187157 -0.000301077 0.00205282 0.451789 0.00110333 0.270404 0.00104118 
6 0.75 26640000 6.51348 0.0144807 -3.22034 0.011281 15.6255 0.0744745 499.854 3.65023 -0.00304814 0.00185379 -0.00092919 0.0020259 0.452017 0.0010395 0.270668 0.00101615 
6 0.75 27000000 6.51348 0.0143862 -3.22034 0.011281 15.6255 0.0744745 499.854 3.65023 -0.00304814 0.0018344 -0.00092919 0.0020206 0.452017 0.0010395 0.270668 0.00101615 
6 0.75 27360000 6.51348 0.0143339 -3.22034 0.011281 15.6255 0.0744745 499.854 3.65023 -0.00304814 0.00181816 -0.00092919 0.0020206 0.452017 0.0010395 0.270668 0.00101615 
6 0.75 27720000 6.51348 0.0141664 -3.22034 0.011281 15.6255 0.0744745 499.854 3.65023 -0.00304814 0.00179635 -0.00092919 0.0020206 0.452017 0.0010395 0.270668 0.00101615 
6 0.75 28080000 6.51401 0.014104 -3.2187 0.0109311 15.6083 0.0725064 498.8 3.60699 -0.00313569 0.00177289 -0.000686719 0.00192875 0.451835 0.00101469 0.270494 0.00097746 
6 0.75 28440000 6.51401 0.0141188 -3.2187 0.0109311 15.6083 0.0725064 498.8 3.60699 -0.00313569 0.00176868 -0.000686719 0.00192875 0.451835 0.00101469 0.270494 0.00097746 
6 0.75 28800000 6.51401 0.0139639 -3.2187 0.0109311 15.6083 0.0725064 498.8 3.60699 -0.00313569 0.00175305 -0.000686719 0.00192875 0.451835 0.00101469 0.270494 0.00097746 
6 0.75 29160000 6.51401 0.0138088 -3.2187 0.0109311 15.6083 0.0725064 498.8 3.60699 -0.00313569 0.00173249 -0.000686719 0.00192875 0.451835 0.00101469 0.270494 0.00097746 
6 0.75 29520000 6.51401 0.0138248 -3.2187 0.0109311 15.6083 0.0725064 498.8 3.60699 -0.00313569 0.00172168 -0.000686719 0.00192875 0.451835 0.00101469 0.270494 0.00097746 
6 0.75 29880000 6.51055 0.0136863 -3.22073 0.0111242 15.6218 0.070133 499.597 3.51342 -0.00299314 0.00170312 -0.000372854 0.00185767 0.452019 0.00096729 0.270664 0.000943257 
6 0.75 30240000 6.51055 0.0136046 -3.22073 0.0111242 15.6218 0.070133 499.597 3.51342 -0.00299314 0.00171918 -0.000372854 0.00185767 0.452019 0.00096729 0.270664 0.000943257 
6 0.75 30600000 6.51055 0.0135772 -3.22073 0.0111242 15.6218 0.070133 499.597 3.51342 -0.00299314 0.00170135 -0.000372854 0.00185767 0.452019 0.00096729 0.270664 0.000943257 
6 0.75 30960000 6.51055 0.013605 -3.22073 0.0111242 15.6218 0.070133 499.597 3.51342 -0.00299314 0.00169433 -0.000372854 0.00185767 0.452019 0.00096729 0.270664 0.000943257 
6 0.75 31320000 6.51055 0.0135948 -3.22073 0.0111242 15.6218 0.0676205 499.597 3.3725 -0.00299314 0.00167669 -0.000372854 0.00178644 0.452019 0.000957955 0.270664 0.000911081 
6 0.75 31680000 6.51055 0.0136676 -3.22073 0.0111242 15.6218 0.0676205 499.597 3.3725 -0.00299314 0.0016604 -0.000372854 0.00178644 0.452019 0.000957955 0.270664 0.000911081 
6 0.75 32040000 6.51055 0.0135152 -3.22073 0.0111242 15.6218 0.0676205 499.597 3.3725 -0.00299314 0.00164146 -0.000372854 0.00178644 0.452019 0.000957955 0.270664 0.000911081 
6 0.75 32400000 6.51055 0.0133694 -3.22073 0.0111242 15.6218 0.0676205 499.597 3.3725 -0.00299314 0.00162645 -0.000372854 0.00178644 0.452019 0.000957955 0.270664 0.000911081 
6 0.75 32760000 6.51201 0.0132685 -3.22314 0.0111242 15.6317 0.0645538 499.915 3.22108 -0.00248967 0.00163137 -0.000302272 0.00171459 0.452226 0.000957955 0.270777 0.000871832 
6 0.75 33120000 6.51201 0.0131252 -3.22314 0.0111242 15.6317 0.0645538 499.915 3.22108 -0.00248967 0.00162536 -0.000302272 0.00171459 0.452226 0.000957955 0.270777 0.000871832 
6 0.75 33480000 6.51201 0.0130888 -3.22314 0.0111242 15.6317 0.0645538 499.915 3.22108 -0.00248967 0.0016235 -0.000302272 0.00171459 0.452226 0.000957955 0.270777 0.000871832 
6 0.75 33840000 6.51201 0.0130489 -3.22314 0.0111242 15.6317 0.0645538 499.915 3.22108 -0.00248967 0.00162348 -0.000302272 0.00171459 0.452226 0.000957955 0.270777 0.000871832 
6 0.75 34200000 6.51201 0.013016 -3.22314 0.0111242 15.6317 0.0618074 499.915 3.08891 -0.00248967 0.00161438 -0.000302272 0.00167258 0.452226 0.000957955 0.270777 0.000871832 
6 0.75 34560000 6.51201 0.0129138 -3.22314 0.0111242 15.6317 0.0618074 499.915 3.08891 -0.00248967 0.0016085 -0.000302272 0.00167258 0.452226 0.000957955 0.270777 0.000871832 
6 0.75 34920000 6.51201 0.0128026 -3.22314 0.0111242 15.6317 0.0618074 499.915 3.08891 -0.00248967 0.00159345 -0.000302272 0.00167258 0.452226 0.000957955 0.270777 0.000871832 
6 0.75 35280000 6.51201 0.01271 -3.22314 0.0111242 15.6317 0.0618074 499.915 3.08891 -0.00248967 0.00158083 -0.000302272 0.00167258 0.452226 0.000957955 0.270777 0.000871832 
6 0.75 35640000 6.51548 0.0127089 -3.22278 0.00945593 15.6329 0.0593623 500.067 2.98306 -0.0012571 0.00169087 -0.000698111 0.00163246 0.452116 0.000840389 0.270708 0.00080339 
6 0.75 36000000 6.51548 0.0125954 -3.22278 0.00945593 15.6329 0.0593623 500.067 2.98306 -0.0012571 0.00169087 -0.000698111 0.00161596 0.452116 0.000840389 0.270708 0.00080339 
6 0.75 36360000 6.51548 0.0124841 -3.22278 0.00945593 15.6329 0.0593623 500.067 2.98306 -0.0012571 0.00169087 -0.000698111 0.00168979 0.452116 0.000840389 0.270708 0.00080339 
6 0.75 36720000 6.51548 0.0124522 -3.22278 0.00945593 15.6329 0.0593623 500.067 2.98306 -0.0012571 0.00169087 -0.000698111 0.00167369 0.452116 0.000840389 0.270708 0.00080339 
6 0.75 37080000 6.51548 0.0124106 -3.22278 0.00945593 15.6329 0.0575593 500.067 2.89799 -0.0012571 0.00169087 -0.000698111 0.00165776 0.452116 0.000806859 0.270708 0.000771255 
6 0.75 37440000 6.51548 0.01235 -3.22278 0.00945593 15.6329 0.0575593 500.067 2.89799 -0.0012571 0.00169087 -0.000698111 0.00167737 0.452116 0.000806859 0.270708 0.000771255 
6 0.75 37800000 6.51548 0.0123715 -3.22278 0.00945593 15.6329 0.0575593 500.067 2.89799 -0.0012571 0.00169087 -0.000698111 0.00166937 0.452116 0.000806859 0.270708 0.000771255 
6 0.75 38160000 6.51548 0.0122885 -3.22278 0.00945593 15.6329 0.0575593 500.067 2.89799 -0.0012571 0.00169087 -0.000698111 0.00166937 0.452116 0.000806859 0.270708 0.000771255 
6 0.75 38520000 6.51666 0.0121804 -3.22025 0.00945593 15.6199 0.0555394 499.488 2.78922 -0.000590054 0.00169087 -0.000723723 0.00163728 0.452041 0.000803188 0.270668 0.000742627 
6 0.75 38880000 6.51666 0.0120725 -3.22025 0.00945593 15.6199 0.0555394 499.488 2.78922 -0.000590054 0.00169087 -0.000723723 0.00163728 0.452041 0.000803188 0.270668 0.000742627 
6 0.75 39240000 6.51666 0.0119686 -3.22025 0.00945593 15.6199 0.0555394 499.488 2.78922 -0.000590054 0.00169087 -0.000723723 0.00163367 0.452041 0.000803188 0.270668 0.000742627 
6 0.75 39600000 6.51666 0.0118803 -3.22025 0.00945593 15.6199 0.0555394 499.488 2.78922 -0.000590054 0.00169087 -0.000723723 0.00163367 0.452041 0.000803188 0.270668 0.000742627 
6 0.75 39960000 6.51666 0.0119081 -3.22025 0.00945593 15.6199 0.0535012 499.488 2.69261 -0.000590054 0.00169087 -0.000723723 0.00160702 0.452041 0.000803188 0.270668 0.000727622 
6 0.75 40320000 6.51666 0.0119129 -3.22025 0.00945593 15.6199 0.0535012 499.488 2.69261 -0.000590054 0.00169087 -0.000723723 0.00159275 0.452041 0.000803188 0.270668 0.000727622 
6 0.75 40680000 6.51666 0.0118051 -3.22025 0.00945593 15.6199 0.0535012 499.488 2.69261 -0.000590054 0.00169087 -0.000723723 0.00158583 0.452041 0.000803188 0.270668 0.000727622 
6 0.75 41040000 6.51666 0.0119041 -3.22025 0.00945593 15.6199 0.0535012 499.488 2.69261 -0.000590054 0.00169087 -0.000723723 0.00157923 0.452041 0.000803188 0.270668 0.000727622 
6 0.75 41400000 6.51508 0.0119188 -3.21865 0.00896149 15.606 0.0537369 498.813 2.73303 -0.000736907 0.00152724 -0.000623737 0.00156805 0.451731 0.000774935 0.27034 0.00073256 
6 0.75 41760000 6.51508 0.0118587 -3.21865 0.00896149 15.606 0.0537369 498.813 2.73303 -0.000736907 0.00152724 -0.000623737 0.00155966 0.451731 0.000774935 0.27034 0.00073256 
6 0.75 42120000 6.51508 0.0118074 -3.21865 0.00896149 15.606 0.0537369 498.813 2.73303 -0.000736907 0.00152724 -0.000623737 0.00155161 0.451731 0.000774935 0.27034 0.00073256 
6 0.75 42480000 6.51508 0.0118286 -3.21865 0.00896149 15.606 0.0537369 498.813 2.73303 -0.000736907 0.00152724 -0.000623737 0.00154362 0.451731 0.000774935 0.27034 0.00073256 
6 0.75 42840000 6.51508 0.0117789 -3.21865 0.00896149 15.606 0.0522026 498.813 2.64402 -0.000736907 0.00157575 -0.000623737 0.00154264 0.451731 0.000774935 0.27034 0.000711873 
6 0.75 43200000 6.51508 0.0116947 -3.21865 0.00896149 15.606 0.0522026 498.813 2.64402 -0.000736907 0.00157575 -0.000623737 0.0015297 0.451731 0.000774935 0.27034 0.000711873 
6 0.75 43560000 6.51508 0.0116272 -3.21865 0.00896149 15.606 0.0522026 498.813 2.64402 -0.000736907 0.00157575 -0.000623737 0.00152257 0.451731 0.000774935 0.27034 0.000711873 
6 0.75 43920000 6.51508 0.0115615 -3.21865 0.00896149 15.606 0.0522026 498.813 2.64402 -0.000736907 0.00157575 -0.000623737 0.00152257 0.451731 0.000774935 0.27034 0.000711873 
6 0.75 44280000 6.51276 0.0114788 -3.21946 0.00896149 15.6091 0.0512244 498.959 2.58718 -0.00171414 0.00170141 -0.00114945 0.00149952 0.451824 0.000774935 0.270369 0.000710669 
6 0.75 44640000 6.51276 0.0114373 -3.21946 0.00896149 15.6091 0.0512244 498.959 2.58285 -0.00171414 0.00170141 -0.00114945 0.00149952 0.451824 0.000774935 0.270369 0.000710669 
6 0.75 45000000 6.51276 0.0114166 -3.21946 0.00896149 15.6091 0.0512244 498.959 2.57467 -0.00171414 0.00170141 -0.00114945 0.00148721 0.451824 0.000774935 0.270369 0.000710669 
6 0.75 45360000 6.51276 0.011358 -3.21946 0.00896149 15.6091 0.0512244 498.959 2.57467 -0.00171414 0.00170141 -0.00114945 0.00148452 0.451824 0.000774935 0.270369 0.000710669 
6 0.75 45720000 6.51276 0.0113362 -3.21946 0.00896149 15.6091 0.0512244 498.959 2.57467 -0.00171414 0.00170141 -0.00114945 0.00148452 0.451824 0.000774935 0.270369 0.000710669 
6 0.75 46080000 6.51276 0.01126 -3.21946 0.00896149 15.6091 0.049582 498.959 2.51661 -0.00171414 0.00170141 -0.00114945 0.00146473 0.451824 0.000774935 0.270369 0.000710669 
6 0.75 46440000 6.51276 0.0112278 -3.21946 0.00896149 15.6091 0.049582 498.959 2.50047 -0.00171414 0.00170141 -0.00114945 0.00145308 0.451824 0.000774935 0.270369 0.000710669 
6 0.75 46800000 6.51276 0.0112013 -3.21946 0.00896149 15.6091 0.049582 498.959 2.49208 -0.00171414 0.00170141 -0.00114945 0.00144858 0.451824 0.000774935 0.270369 0.000710669 
6 0.75 47160000 6.51276 0.0112292 -3.21946 0.00896149 15.6091 0.049582 498.959 2.49208 -0.00171414 0.00170141 -0.00114945 0.00144858 0.451824 0.000774935 0.270369 0.000710669 
6 0.75 47520000 6.51607 0.0112185 -3.21889 0.00784475 15.6058 0.0480884 498.833 2.46201 -0.00131402 0.00164144 -0.00101487 0.00142095 0.451758 0.000694156 0.270326 0.000653945 
6 0.75 47880000 6.51607 0.0111678 -3.21889 0.00784475 15.6058 0.0480884 498.833 2.44579 -0.00131402 0.00164144 -0.00101487 0.00141061 0.451758 0.000694156 0.270326 0.000653945 
6 0.75 48240000 6.51607 0.0110869 -3.21889 0.00784475 15.6058 0.0480884 498.833 2.44089 -0.00131402 0.00164144 -0.00101487 0.00140433 0.451758 0.000694156 0.270326 0.000653945 
6 0.75 48600000 6.51607 0.0110424 -3.21889 0.00784475 15.6058 0.0480884 498.833 2.43488 -0.00131402 0.00164144 -0.00101487 0.00140433 0.451758 0.000694156 0.270326 0.000653945 
6 0.75 48960000 6.51607 0.01106 -3.21889 0.00784475 15.6058 0.0476767 498.833 2.42099 -0.00131402 0.00164144 -0.00101487 0.00138125 0.451758 0.000701233 0.270326 0.000656049 
6 0.75 49320000 6.51607 0.0110044 -3.21889 0.00784475 15.6058 0.0476767 498.833 2.41441 -0.00131402 0.00164144 -0.00101487 0.00137373 0.451758 0.000701233 0.270326 0.000656049 
6 0.75 49680000 6.51607 0.0109874 -3.21889 0.00784475 15.6058 0.0476767 498.833 2.39733 -0.00131402 0.00164144 -0.00101487 0.00137261 0.451758 0.000701233 0.270326 0.000656049 
6 0.75 50040000 6.51607 0.0110244 -3.21889 0.00784475 15.6058 0.0476767 498.833 2.38581 -0.00131402 0.00164144 -0.00101487 0.00137261 0.451758 0.000701233 0.270326 0.000656049 
6 0.75 50400000 6.52012 0.0109514 -3.22161 0.00784475 15.6199 0.0464448 499.229 2.37253 -0.00126467 0.00154563 -0.000722969 0.00134443 0.452092 0.000699244 0.270582 0.000642219 
6 0.75 50760000 6.52012 0.0109057 -3.22161 0.00784475 15.6199 0.0464448 499.229 2.35852 -0.00126467 0.00154563 -0.000722969 0.00134445 0.452092 0.000699244 0.270582 0.000642219 
6 0.75 51120000 6.52012 0.0110016 -3.22161 0.00784475 15.6199 0.0464448 499.229 2.38098 -0.00126467 0.00154563 -0.000722969 0.00133747 0.452092 0.000699244 0.270582 0.000642219 
6 0.75 51480000 6.52012 0.0109286 -3.22161 0.00784475 15.6199 0.0464448 499.229 2.36751 -0.00126467 0.00154563 -0.000722969 0.00134007 0.452092 0.000699244 0.270582 0.000642219 
6 0.75 51840000 6.52012 0.0108511 -3.22161 0.00784475 15.6199 0.0462589 499.229 2.3533 -0.00126467 0.00154563 -0.000722969 0.00137861 0.452092 0.000699244 0.270582 0.000634134 
6 0.75 52200000 6.52012 0.0108102 -3.22161 0.00784475 15.6199 0.0462589 499.229 2.35278 -0.00126467 0.00154563 -0.000722969 0.00137861 0.452092 0.000699244 0.270582 0.000634134 
6 0.75 52560000 6.52012 0.0107723 -3.22161 0.00784475 15.6199 0.0462589 499.229 2.34458 -0.00126467 0.00154563 -0.000722969 0.00137861 0.452092 0.000699244 0.270582 0.000634134 
6 0.75 52920000 6.52012 0.0107223 -3.22161 0.00784475 15.6199 0.0462589 499.229 2.33225 -0.00126467 0.00154563 -0.000722969 0.00137861 0.452092 0.000699244 0.270582 0.000634134 
6 0.75 53280000 6.51255 0.010745 -3.2245 0.00875229 15.6398 0.050077 500.124 2.31895 -0.00123821 0.00145999 -0.000345768 0.00134332 0.452316 0.000800592 0.270769 0.000692728 
6 0.75 53640000 6.51255 0.0106821 -3.2245 0.00875229 15.6398 0.050077 500.124 2.30468 -0.00123821 0.00145999 -0.000345768 0.00134332 0.452316 0.000800592 0.270769 0.000692728 
6 0.75 54000000 6.51255 0.0106113 -3.2245 0.00875229 15.6398 0.050077 500.124 2.28944 -0.00123821 0.00145999 -0.000345768 0.00134332 0.452316 0.000800592 0.270769 0.000692728 
6 0.75 54360000 6.51255 0.0106057 -3.2245 0.00875229 15.6398 0.050077 500.124 2.29755 -0.00123821 0.00145999 -0.000345768 0.00134332 0.452316 0.000800592 0.270769 0.000692728 
6 0.75 54720000 6.51255 0.0107681 -3.2245 0.00875229 15.6398 0.050077 500.124 2.30233 -0.00123821 0.00145999 -0.000345768 0.00131506 0.452316 0.000800592 0.270769 0.000692728 
6 0.75 55080000 6.51255 0.0107103 -3.2245 0.00875229 15.6398 0.050077 500.124 2.29259 -0.00123821 0.00145999 -0.000345768 0.00131506 0.452316 0.000800592 0.270769 0.000692728 
6 0.75 55440000 6.51255 0.0106477 -3.2245 0.00875229 15.6398 0.050077 500.124 2.28469 -0.00123821 0.00145999 -0.000345768 0.00131506 0.452316 0.000800592 0.270769 0.000692728 
6 0.75 55800000 6.51255 0.0106426 -3.2245 0.00875229 15.6398 0.050077 500.124 2.27443 -0.00123821 0.00145999 -0.000345768 0.00131506 0.452316 0.000800592 0.270769 0.000692728 
6 0.75 56160000 6.51032 0.0105836 -3.22664 0.00875229 15.6512 0.050077 500.601 2.28737 -0.0011113 0.00138865 -0.000470462 0.00128065 0.452578 0.000800592 0.270966 0.000692728 
6 0.75 56520000 6.51032 0.0105902 -3.22664 0.00875229 15.6512 0.050077 500.601 2.29487 -0.0011113 0.00138865 -0.000470462 0.00128065 0.452578 0.000800592 0.270966 0.000692728 
6 0.75 56880000 6.51032 0.0105266 -3.22664 0.00875229 15.6512 0.050077 500.601 2.28761 -0.0011113 0.00138865 -0.000470462 0.00128065 0.452578 0.000800592 0.270966 0.000692728 
6 0.75 57240000 6.51032 0.0104982 -3.22664 0.00875229 15.6512 0.050077 500.601 2.28107 -0.0011113 0.00138865 -0.000470462 0.00128065 0.452578 0.000800592 0.270966 0.000692728 
6 0.75 57600000 6.51032 0.010435 -3.22664 0.00875229 15.6512 0.050077 500.601 2.28564 -0.0011113 0.00138865 -0.000470462 0.00126288 0.452578 0.000800592 0.270966 0.000692728 
6 0.75 57960000 6.51032 0.0103695 -3.22664 0.00875229 15.6512 0.050077 500.601 2.2745 -0.0011113 0.00138865 -0.000470462 0.00126182 0.452578 0.000800592 0.270966 0.000692728 
6 0.75 58320000 6.51032 0.0103129 -3.22664 0.00875229 15.6512 0.050077 500.601 2.2621 -0.0011113 0.00138865 -0.000470462 0.00126182 0.452578 0.000800592 0.270966 0.000692728 
6 0.75 58680000 6.51032 0.0102633 -3.22664 0.00875229 15.6512 0.050077 500.601 2.25073 -0.0011113 0.00138865 -0.000470462 0.00126182 0.452578 0.000800592 0.270966 0.000692728 
6 0.75 59040000 6.51199 0.0102008 -3.22496 0.00788887 15.6404 0.0450727 500.081 2.24053 -0.00132116 0.00133498 -0.000730815 0.0012453 0.45232 0.000720544 0.270728 0.000635965 
6 0.75 59400000 6.51199 0.0101738 -3.22496 0.00788887 15.6404 0.0450727 500.081 2.23315 -0.00132116 0.00133498 -0.000730815 0.00123901 0.45232 0.000720544 0.270728 0.000635965 
6 0.75 59760000 6.51199 0.0101186 -3.22496 0.00788887 15.6404 0.0450727 500.081 2.22074 -0.00132116 0.00133498 -0.000730815 0.00123224 0.45232 0.000720544 0.270728 0.000635965 
6 0.75 60120000 6.51199 0.0101178 -3.22496 0.00788887 15.6404 0.0450727 500.081 2.21599 -0.00132116 0.00133498 -0.000730815 0.00123224 0.45232 0.000720544 0.270728 0.000635965 
6 0.75 60480000 6.51199 0.0100583 -3.22496 0.00788887 15.6404 0.0450727 500.081 2.2072 -0.00132116 0.00133498 -0.000730815 0.00123224 0.45232 0.000720544 0.270728 0.000635965 
6 0.75 60840000 6.51199 0.0100405 -3.22496 0.00788887 15.6404 0.0450727 500.081 2.19406 -0.00132116 0.00133498 -0.000730815 0.00122173 0.45232 0.000720544 0.270728 0.000635965 
6 0.75 61200000 6.51199 0.0100466 -3.22496 0.00788887 15.6404 0.0450727 500.081 2.18214 -0.00132116 0.00133498 -0.000730815 0.00122402 0.45232 0.000720544 0.270728 0.000635965 
6 0.75 61560000 6.51199 0.00999251 -3.22496 0.00788887 15.6404 0.0450727 500.081 2.16996 -0.00132116 0.00133498 -0.000730815 0.00122108 0.45232 0.000720544 0.270728 0.000635965 
6 0.75 61920000 6.51199 0.00998709 -3.22496 0.00788887 15.6404 0.0450727 500.081 2.17965 -0.00132116 0.00133498 -0.000730815 0.00122108 0.45232 0.000720544 0.270728 0.000635965 
6 0.75 62280000 6.51199 0.00993995 -3.22496 0.00788887 15.6404 0.0450727 500.081 2.18217 -0.00132116 0.00133859 -0.000730815 0.00120499 0.45232 0.000720544 0.270728 0.000642993 
6 0.75 62640000 6.51199 0.00990577 -3.22496 0.00788887 15.6404 0.0450727 500.081 2.17191 -0.00132116 0.00133859 -0.000730815 0.00120133 0.45232 0.000720544 0.270728 0.000642993 
6 0.75 63000000 6.51199 0.00985131 -3.22496 0.00788887 15.6404 0.0450727 500.081 2.16173 -0.00132116 0.00133859 -0.000730815 0.00120133 0.45232 0.000720544 0.270728 0.000642993 
6 0.75 63360000 6.51199 0.00979787 -3.22496 0.00788887 15.6404 0.0450727 500.081 2.14968 -0.00132116 0.00133859 -0.000730815 0.00120133 0.45232 0.000720544 0.270728 0.000642993 
6 0.75 63720000 6.51199 0.00975577 -3.22496 0.00788887 15.6404 0.0450727 500.081 2.13787 -0.00132116 0.00133859 -0.000730815 0.00119596 0.45232 0.000720544 0.270728 0.000642993 
6 0.75 64080000 6.51199 0.00972072 -3.22496 0.00788887 15.6404 0.0450727 500.081 2.12618 -0.00132116 0.00133859 -0.000730815 0.00118979 0.45232 0.000720544 0.270728 0.000642993 
6 0.75 64440000 6.51199 0.00969553 -3.22496 0.00788887 15.6404 0.0450727 500.081 2.1192 -0.00132116 0.00133859 -0.000730815 0.00118981 0.45232 0.000720544 0.270728 0.000642993 
6 0.75 64800000 6.51199 0.00964199 -3.22496 0.00788887 15.6404 0.0450727 500.081 2.11218 -0.00132116 0.00133859 -0.000730815 0.00118796 0.45232 0.000720544 0.270728 0.000642993 
6 0.75 65160000 6.5084 0.00961924 -3.2251 0.00745616 15.6516 0.0429011 500.69 2.11196 -0.00093999 0.0012786 -0.000763436 0.00118118 0.452398 0.000681508 0.270918 0.000614524 
6 0.75 65520000 6.5084 0.00956584 -3.2251 0.00745616 15.6516 0.0429011 500.69 2.1031 -0.00093999 0.0012786 -0.000763436 0.0011772 0.452398 0.000681508 0.270918 0.000614524 
6 0.75 65880000 6.5084 0.0095278 -3.2251 0.00745616 15.6516 0.0429011 500.69 2.10214 -0.00093999 0.0012786 -0.000763436 0.0011772 0.452398 0.000681508 0.270918 0.000614524 
6 0.75 66240000 6.5084 0.00949133 -3.2251 0.00745616 15.6516 0.0429011 500.69 2.10556 -0.00093999 0.0012786 -0.000763436 0.0011772 0.452398 0.000681508 0.270918 0.000614524 
6 0.75 66600000 6.5084 0.00945931 -3.2251 0.00745616 15.6516 0.0429011 500.69 2.10199 -0.00093999 0.0012786 -0.000763436 0.00116486 0.452398 0.000681508 0.270918 0.000614524 
6 0.75 66960000 6.5084 0.00940826 -3.2251 0.00745616 15.6516 0.0429011 500.69 2.101 -0.00093999 0.0012786 -0.000763436 0.00116024 0.452398 0.000681508 0.270918 0.000614524 
6 0.75 67320000 6.5084 0.00937005 -3.2251 0.00745616 15.6516 0.0429011 500.69 2.09419 -0.00093999 0.0012786 -0.000763436 0.00116024 0.452398 0.000681508 0.270918 0.000614524 
6 0.75 67680000 6.5084 0.00935663 -3.2251 0.00745616 15.6516 0.0429011 500.69 2.08857 -0.00093999 0.0012786 -0.000763436 0.00116024 0.452398 0.000681508 0.270918 0.000614524 
6 0.75 68040000 6.5084 0.00933477 -3.2251 0.00745616 15.6516 0.045215 500.69 2.23705 -0.00093999 0.00122432 -0.000763436 0.00117323 0.452398 0.000812171 0.270918 0.000749205 
6 0.75 68400000 6.5084 0.00928881 -3.2251 0.00745616 15.6516 0.045215 500.69 2.23705 -0.00093999 0.00122432 -0.000763436 0.00117323 0.452398 0.000812171 0.270918 0.000749205 
6 0.75 68760000 6.5084 0.0092395 -3.2251 0.00745616 15.6516 0.045215 500.69 2.23705 -0.00093999 0.00122432 -0.000763436 0.00117323 0.452398 0.000812171 0.270918 0.000749205 
6 0.75 69120000 6.5084 0.00921892 -3.2251 0.00745616 15.6516 0.045215 500.69 2.23705 -0.00093999 0.00122432 -0.000763436 0.00117323 0.452398 0.000812171 0.270918 0.000749205 
6 0.75 69480000 6.5084 0.00917581 -3.2251 0.00745616 15.6516 0.045215 500.69 2.23705 -0.00093999 0.00122432 -0.000763436 0.001154 0.452398 0.000812171 0.270918 0.000749205 
6 0.75 69840000 6.5084 0.00914269 -3.2251 0.00745616 15.6516 0.045215 500.69 2.23705 -0.00093999 0.00122432 -0.000763436 0.001154 0.452398 0.000812171 0.270918 0.000749205 
6 0.75 70200000 6.5084 0.00911379 -3.2251 0.00745616 15.6516 0.045215 500.69 2.23705 -0.00093999 0.00122432 -0.000763436 0.001154 0.452398 0.000812171 0.270918 0.000749205 
6 0.75 70560000 6.5084 0.00910927 -3.2251 0.00745616 15.6516 0.045215 500.69 2.23705 -0.00093999 0.00122432 -0.000763436 0.001154 0.452398 0.000812171 0.270918 0.000749205 
6 0.75 70920000 6.51059 0.00908648 -3.22762 0.00700418 15.6745 0.0474054 501.698 2.19845 -0.000609975 0.00120315 -0.000759868 0.00113066 0.452824 0.00078127 0.271301 0.000723602 
6 0.75 71280000 6.51059 0.00905571 -3.22762 0.00700418 15.6745 0.0474054 501.698 2.19845 -0.000609975 0.00120315 -0.000759868 0.00113066 0.452824 0.00078127 0.271301 0.000723602 
6 0.75 71640000 6.51059 0.00902318 -3.22762 0.00700418 15.6745 0.0474054 501.698 2.19845 -0.000609975 0.00120315 -0.000759868 0.00113066 0.452824 0.00078127 0.271301 0.000723602 
6 0.75 72000000 6.51059 0.00902719 -3.22762 0.00700418 15.6745 0.0474054 501.698 2.19845 -0.000609975 0.00120315 -0.000759868 0.00113066 0.452824 0.00078127 0.271301 0.000723602 
6 0.75 72360000 6.51059 0.00899695 -3.22762 0.00700418 15.6745 0.0474054 501.698 2.19845 -0.000609975 0.00120315 -0.000759868 0.00111706 0.452824 0.00078127 0.271301 0.000723602 
6 0.75 72720000 6.51059 0.00897019 -3.22762 0.00700418 15.6745 0.0474054 501.698 2.19845 -0.000609975 0.00120315 -0.000759868 0.00111706 0.452824 0.00078127 0.271301 0.000723602 
6 0.75 73080000 6.51059 0.00893361 -3.22762 0.00700418 15.6745 0.0474054 501.698 2.19845 -0.000609975 0.00120315 -0.000759868 0.00111706 0.452824 0.00078127 0.271301 0.000723602 
6 0.75 73440000 6.51059 0.00889569 -3.22762 0.00700418 15.6745 0.0474054 501.698 2.19845 -0.000609975 0.00120315 -0.000759868 0.00111706 0.452824 0.00078127 0.271301 0.000723602 
6 0.75 73800000 6.51059 0.00889017 -3.22762 0.00700418 15.6745 0.0474054 501.698 2.239 -0.000609975 0.00118326 -0.000759868 0.001102 0.452824 0.000760884 0.271301 0.000714608 
6 0.75 74160000 6.51059 0.00884659 -3.22762 0.00700418 15.6745 0.0474054 501.698 2.239 -0.000609975 0.00118326 -0.000759868 0.00109726 0.452824 0.000760884 0.271301 0.000714608 
6 0.75 74520000 6.51059 0.00880544 -3.22762 0.00700418 15.6745 0.0474054 501.698 2.239 -0.000609975 0.00118326 -0.000759868 0.00109717 0.452824 0.000760884 0.271301 0.000714608 
6 0.75 74880000 6.51059 0.0087675 -3.22762 0.00700418 15.6745 0.0474054 501.698 2.239 -0.000609975 0.00118326 -0.000759868 0.00109717 0.452824 0.000760884 0.271301 0.000714608 
6 0.75 75240000 6.51059 0.00875408 -3.22762 0.00700418 15.6745 0.0474054 501.698 2.239 -0.000609975 0.00118326 -0.000759868 0.00108472 0.452824 0.000760884 0.271301 0.000714608 
6 0.75 75600000 6.51059 0.00873268 -3.22762 0.00700418 15.6745 0.0474054 501.698 2.239 -0.000609975 0.00118326 -0.000759868 0.00108211 0.452824 0.000760884 0.271301 0.000714608 
6 0.75 75960000 6.51059 0.00869191 -3.22762 0.00700418 15.6745 0.0474054 501.698 2.239 -0.000609975 0.00118326 -0.000759868 0.00107871 0.452824 0.000760884 0.271301 0.000714608 
6 0.75 76320000 6.51059 0.00871132 -3.22762 0.00700418 15.6745 0.0474054 501.698 2.239 -0.000609975 0.00118326 -0.000759868 0.00107567 0.452824 0.000760884 0.271301 0.000714608 
6 0.75 76680000 6.51059 0.00867532 -3.22762 0.00700418 15.6745 0.0474054 501.698 2.239 -0.000609975 0.00118326 -0.000759868 0.00107567 0.452824 0.000760884 0.271301 0.000714608 
6 0.75 77040000 6.51242 0.00874236 -3.22778 0.00667249 15.6848 0.0474054 502.449 2.15291 -0.000714737 0.00114818 -0.000722364 0.00106983 0.452879 0.00073544 0.271411 0.000689691 
6 0.75 77400000 6.51242 0.00876147 -3.22778 0.00667249 15.6848 0.0474054 502.449 2.15291 -0.000714737 0.00114818 -0.000722364 0.00106983 0.452879 0.00073544 0.271411 0.000689691 
6 0.75 77760000 6.51242 0.00877658 -3.22778 0.00667249 15.6848 0.0474054 502.449 2.15291 -0.000714737 0.00114818 -0.000722364 0.00106983 0.452879 0.00073544 0.271411 0.000689691 
6 0.75 78120000 6.51242 0.00873581 -3.22778 0.00667249 15.6848 0.0474054 502.449 2.15291 -0.000714737 0.00114818 -0.000722364 0.00106983 0.452879 0.00073544 0.271411 0.000689691 
6 0.75 78480000 6.51242 0.00882571 -3.22778 0.00667249 15.6848 0.0474054 502.449 2.15291 -0.000714737 0.00114818 -0.000722364 0.00106412 0.452879 0.00073544 0.271411 0.000689691 
6 0.75 78840000 6.51242 0.00882571 -3.22778 0.00667249 15.6848 0.0474054 502.449 2.15291 -0.000714737 0.00114818 -0.000722364 0.00106322 0.452879 0.00073544 0.271411 0.000689691 
6 0.75 79200000 6.51242 0.00882571 -3.22778 0.00667249 15.6848 0.0474054 502.449 2.15291 -0.000714737 0.00114818 -0.000722364 0.00106322 0.452879 0.00073544 0.271411 0.000689691 
6 0.75 79560000 6.51242 0.00882571 -3.22778 0.00667249 15.6848 0.0474054 502.449 2.15291 -0.000714737 0.00114818 -0.000722364 0.00106322 0.452879 0.00073544 0.271411 0.000689691 
6 0.75 79920000 6.51242 0.00868715 -3.22778 0.00667249 15.6848 0.0474054 502.449 2.1513 -0.000714737 0.00114698 -0.000722364 0.00105129 0.452879 0.000708367 0.271411 0.00068478 
6 0.75 80280000 6.51242 0.00868715 -3.22778 0.00667249 15.6848 0.0474054 502.449 2.1513 -0.000714737 0.00114698 -0.000722364 0.00104938 0.452879 0.000708367 0.271411 0.00068478 
6 0.75 80640000 6.51242 0.00868715 -3.22778 0.00667249 15.6848 0.0474054 502.449 2.1513 -0.000714737 0.00114698 -0.000722364 0.00104859 0.452879 0.000708367 0.271411 0.00068478 
6 0.75 81000000 6.51242 0.00868715 -3.22778 0.00667249 15.6848 0.0474054 502.449 2.1513 -0.000714737 0.00114698 -0.000722364 0.00104859 0.452879 0.000708367 0.271411 0.00068478 
6 0.75 81360000 6.51242 0.00860519 -3.22778 0.00667249 15.6848 0.0474054 502.449 2.1513 -0.000714737 0.00114698 -0.000722364 0.00104128 0.452879 0.000708367 0.271411 0.00068478 
6 0.75 81720000 6.51242 0.00859054 -3.22778 0.00667249 15.6848 0.0474054 502.449 2.1513 -0.000714737 0.00114698 -0.000722364 0.0010377 0.452879 0.000708367 0.271411 0.00068478 
6 0.75 82080000 6.51242 0.00858897 -3.22778 0.00667249 15.6848 0.0474054 502.449 2.1513 -0.000714737 0.00114698 -0.000722364 0.0010337 0.452879 0.000708367 0.271411 0.00068478 
6 0.75 82440000 6.51242 0.00858897 -3.22778 0.00667249 15.6848 0.0474054 502.449 2.1513 -0.000714737 0.00114698 -0.000722364 0.00103225 0.452879 0.000708367 0.271411 0.00068478 
6 0.75 82800000 6.51031 0.00848996 -3.2271 0.00607227 15.674 0.0406615 501.852 2.05794 -0.00065152 0.00107051 -0.000884672 0.00102858 0.452784 0.000687434 0.271237 0.000653256 
6 0.75 83160000 6.51031 0.00848335 -3.2271 0.00607227 15.674 0.0406615 501.852 2.05794 -0.00065152 0.00107051 -0.000884672 0.00102717 0.452784 0.000687434 0.271237 0.000653256 
6 0.75 83520000 6.51031 0.00844951 -3.2271 0.00607227 15.674 0.0406615 501.852 2.05794 -0.00065152 0.00107051 -0.000884672 0.00102663 0.452784 0.000687434 0.271237 0.000653256 
6 0.75 83880000 6.51031 0.00844951 -3.2271 0.00607227 15.674 0.0406615 501.852 2.05794 -0.00065152 0.00107051 -0.000884672 0.00102404 0.452784 0.000687434 0.271237 0.000653256 
6 0.75 84240000 6.51031 0.00844202 -3.2271 0.00607227 15.674 0.0406615 501.852 2.05794 -0.00065152 0.00107051 -0.000884672 0.00102302 0.452784 0.000687434 0.271237 0.000653256 
6 0.75 84600000 6.51031 0.00844387 -3.2271 0.00607227 15.674 0.0406615 501.852 2.05794 -0.00065152 0.00107051 -0.000884672 0.0010197 0.452784 0.000687434 0.271237 0.000653256 
6 0.75 84960000 6.51031 0.00841292 -3.2271 0.00607227 15.674 0.0406615 501.852 2.05794 -0.00065152 0.00107051 -0.000884672 0.00101835 0.452784 0.000687434 0.271237 0.000653256 
6 0.75 85320000 6.51031 0.00838876 -3.2271 0.00607227 15.674 0.0406615 501.852 2.05794 -0.00065152 0.00107051 -0.000884672 0.00101509 0.452784 0.000687434 0.271237 0.000653256 
6 0.75 85680000 6.51031 0.00836429 -3.2271 0.00604161 15.674 0.0406615 501.852 1.99706 -0.00065152 0.00104526 -0.000884672 0.00101153 0.452784 0.000663787 0.271237 0.000630829 
6 0.75 86040000 6.51031 0.00833432 -3.2271 0.00604161 15.674 0.0406615 501.852 1.99706 -0.00065152 0.00104526 -0.000884672 0.00100803 0.452784 0.000663787 0.271237 0.000630829 
6 0.75 86400000 6.51031 0.00830077 -3.2271 0.00604161 15.674 0.0406615 501.852 1.99706 -0.00065152 0.00104526 -0.000884672 0.00100744 0.452784 0.000663787 0.271237 0.000630829 
6 0.75 86760000 6.51031 0.00827919 -3.2271 0.00604161 15.674 0.0406615 501.852 1.99706 -0.00065152 0.00104526 -0.000884672 0.00100376 0.452784 0.000663787 0.271237 0.000630829 
6 0.75 87120000 6.51031 0.00824634 -3.2271 0.00604161 15.674 0.0406615 501.852 1.99706 -0.00065152 0.00104526 -0.000884672 0.00100134 0.452784 0.000663787 0.271237 0.000630829 
6 0.75 87480000 6.51031 0.00822379 -3.2271 0.00604161 15.674 0.0406615 501.852 1.99706 -0.00065152 0.00104526 -0.000884672 0.00100174 0.452784 0.000663787 0.271237 0.000630829 
6 0.75 87840000 6.51031 0.00819556 -3.2271 0.00604161 15.674 0.0406615 501.852 1.99706 -0.00065152 0.00104526 -0.000884672 0.000999189 0.452784 0.000663787 0.271237 0.000630829 
6 0.75 88200000 6.51031 0.00816471 -3.2271 0.00604161 15.674 0.0406615 501.852 1.99706 -0.00065152 0.00104526 -0.000884672 0.000995929 0.452784 0.000663787 0.271237 0.000630829 
6 0.75 88560000 6.51011 0.00813972 -3.22756 0.00573989 15.6817 0.0406359 502.371 1.97051 -0.000348449 0.00102037 -0.00105607 0.000992904 0.452827 0.000643669 0.271279 0.00061203 
6 0.75 88920000 6.51011 0.00811022 -3.22756 0.00573989 15.6817 0.0406359 502.371 1.97051 -0.000348449 0.00102037 -0.00105607 0.000989246 0.452827 0.000643669 0.271279 0.00061203 
6 0.75 89280000 6.51011 0.00808832 -3.22756 0.00573989 15.6817 0.0406359 502.371 1.97051 -0.000348449 0.00102037 -0.00105607 0.000985771 0.452827 0.000643669 0.271279 0.00061203 
6 0.75 89640000 6.51011 0.00806044 -3.22756 0.00573989 15.6817 0.0406359 502.371 1.97051 -0.000348449 0.00102037 -0.00105607 0.000984382 0.452827 0.000643669 0.271279 0.00061203 
6 0.75 90000000 6.51011 0.00803478 -3.22756 0.00573989 15.6817 0.0406359 502.371 1.95521 -0.000348449 0.00102037 -0.00105607 0.000981817 0.452827 0.000643669 0.271279 0.00061203 
6 0.75 90360000 6.51011 0.00805839 -3.22756 0.00573989 15.6817 0.0406359 502.371 1.95521 -0.000348449 0.00102037 -0.00105607 0.000978054 0.452827 0.000643669 0.271279 0.00061203 
6 0.75 90720000 6.51011 0.00804723 -3.22756 0.00573989 15.6817 0.0406359 502.371 1.95521 -0.000348449 0.00102037 -0.00105607 0.000976688 0.452827 0.000643669 0.271279 0.00061203 
6 0.75 91080000 6.51011 0.0080325 -3.22756 0.00573989 15.6817 0.0406359 502.371 1.95521 -0.000348449 0.00102037 -0.00105607 0.000976303 0.452827 0.000643669 0.271279 0.00061203 
6 0.75 91440000 6.51011 0.00800505 -3.22756 0.00573989 15.6817 0.0406359 502.371 1.95521 -0.000348449 0.00102037 -0.00105607 0.000972539 0.452827 0.000643669 0.271279 0.00061203 
6 0.75 91800000 6.51011 0.00799213 -3.22756 0.00573989 15.6817 0.0406359 502.371 1.9111 -0.000348449 0.000988875 -0.00105607 0.000969517 0.452827 0.000625817 0.271279 0.000592964 
6 0.75 92160000 6.51011 0.00797459 -3.22756 0.00573989 15.6817 0.0406359 502.371 1.9111 -0.000348449 0.000988875 -0.00105607 0.000967508 0.452827 0.000625817 0.271279 0.000592964 
6 0.75 92520000 6.51011 0.00795361 -3.22756 0.00573989 15.6817 0.0406359 502.371 1.9111 -0.000348449 0.000988875 -0.00105607 0.000965828 0.452827 0.000625817 0.271279 0.000592964 
6 0.75 92880000 6.51011 0.00792774 -3.22756 0.00573989 15.6817 0.0406359 502.371 1.9111 -0.000348449 0.000988875 -0.00105607 0.000962208 0.452827 0.000625817 0.271279 0.000592964 
6 0.75 93240000 6.51011 0.00791144 -3.22756 0.00573989 15.6817 0.0406359 502.371 1.90036 -0.000348449 0.000988875 -0.00105607 0.000958405 0.452827 0.000625817 0.271279 0.000592964 
6 0.75 93600000 6.51011 0.00791416 -3.22756 0.00573989 15.6817 0.0406359 502.371 1.90036 -0.000348449 0.000988875 -0.00105607 0.000954626 0.452827 0.000625817 0.271279 0.000592964 
6 0.75 93960000 6.51011 0.00788774 -3.22756 0.00573989 15.6817 0.0406359 502.371 1.90036 -0.000348449 0.000988875 -0.00105607 0.000953135 0.452827 0.000625817 0.271279 0.000592964 
6 0.75 94320000 6.51011 0.00785818 -3.22756 0.00573989 15.6817 0.0406359 502.371 1.90036 -0.000348449 0.000988875 -0.00105607 0.000950638 0.452827 0.000625817 0.271279 0.000592964 
6 0.75 94680000 6.50667 0.00786635 -3.22889 0.00545699 15.6842 0.0368236 502.322 1.87952 -0.000579139 0.000998089 -0.00105952 0.000947465 0.452957 0.000610011 0.271353 0.000576199 
6 0.75 95040000 6.50667 0.00783886 -3.22889 0.00545699 15.6842 0.0368236 502.322 1.87952 -0.000579139 0.000998089 -0.00105952 0.000945834 0.452957 0.000610011 0.271353 0.000576199 
6 0.75 95400000 6.50667 0.00781664 -3.22889 0.00545699 15.6842 0.0368236 502.322 1.87952 -0.000579139 0.000998089 -0.00105952 0.000943144 0.452957 0.000610011 0.271353 0.000576199 
6 0.75 95760000 6.50667 0.00781237 -3.22889 0.00545699 15.6842 0.0368236 502.322 1.87952 -0.000579139 0.000998089 -0.00105952 0.000940892 0.452957 0.000610011 0.271353 0.000576199 
6 0.75 96120000 6.50667 0.00778344 -3.22889 0.00545699 15.6842 0.0368236 502.322 1.86433 -0.000579139 0.000998089 -0.00105952 0.000939757 0.452957 0.000610011 0.271353 0.000576199 
6 0.75 96480000 6.50667 0.0077573 -3.22889 0.00545699 15.6842 0.0368236 502.322 1.86433 -0.000579139 0.000998089 -0.00105952 0.000937539 0.452957 0.000610011 0.271353 0.000576199 
6 0.75 96840000 6.50667 0.00772868 -3.22889 0.00545699 15.6842 0.0368236 502.322 1.86433 -0.000579139 0.000998089 -0.00105952 0.000937539 0.452957 0.000610011 0.271353 0.000576199 
6 0.75 97200000 6.50667 0.00771604 -3.22889 0.00545699 15.6842 0.0368236 502.322 1.86433 -0.000579139 0.000998089 -0.00105952 0.000937539 0.452957 0.000610011 0.271353 0.000576199 
6 0.75 97560000 6.50667 0.00767253 -3.22889 0.00545699 15.6842 0.0368236 502.322 1.85199 -0.000579139 0.000975127 -0.00105952 0.000932393 0.452957 0.000591674 0.271353 0.000558861 
6 0.75 97920000 6.50667 0.00767777 -3.22889 0.00545699 15.6842 0.0368236 502.322 1.85199 -0.000579139 0.000975127 -0.00105952 0.000931182 0.452957 0.000591674 0.271353 0.000558861 
6 0.75 98280000 6.50667 0.00764936 -3.22889 0.00545699 15.6842 0.0368236 502.322 1.85199 -0.000579139 0.000975127 -0.00105952 0.000929304 0.452957 0.000591674 0.271353 0.000558861 
6 0.75 98640000 6.50667 0.00763857 -3.22889 0.00545699 15.6842 0.0368236 502.322 1.85199 -0.000579139 0.000975127 -0.00105952 0.000927736 0.452957 0.000591674 0.271353 0.000558861 
6 0.75 99000000 6.50667 0.007621 -3.22889 0.00545699 15.6842 0.0368236 502.322 1.82969 -0.000579139 0.000975127 -0.00105952 0.000924412 0.452957 0.000591674 0.271353 0.000558861 
6 0.75 99360000 6.50667 0.00759418 -3.22889 0.00545699 15.6842 0.0368236 502.322 1.82969 -0.000579139 0.000975127 -0.00105952 0.00092169 0.452957 0.000591674 0.271353 0.000558861 
6 0.75 99720000 6.50667 0.00757428 -3.22889 0.00545699 15.6842 0.0368236 502.322 1.82969 -0.000579139 0.000975127 -0.00105952 0.000921191 0.452957 0.000591674 0.271353 0.000558861 
