L J MC_steps R2 R2_std E E_std E2 E2_std E4 E4_std Sin1 Sin1_std Cos1 Cos1_std Mag2 Mag2_std Mag4 Mag4_std
11 0.25 1210000 26.279 0.655327 -1.76813 0.118975 10.8633 0.792396 404.506 68.4824 0.00123473 0.0109448 -0.00271969 0.0126363 0.139272 0.00406281 0.03428 0.00208492 
11 0.25 2420000 26.1116 0.437809 -1.78808 0.0863171 11.2921 0.617921 450.308 62.4643 0.00965812 0.00671335 -0.00321126 0.00865298 0.13437 0.00357877 0.0323659 0.00175224 
11 0.25 3630000 26.0746 0.318762 -1.80718 0.066688 11.3641 0.468733 439.965 44.9512 0.0127546 0.00481216 -0.00619752 0.00607091 0.135228 0.00299078 0.0324756 0.00142153 
11 0.25 4840000 26.3125 0.271297 -1.76659 0.0581918 11.1385 0.402916 420.872 35.977 0.00896731 0.00410113 -0.00468583 0.00483845 0.132984 0.00260578 0.0315783 0.00118673 
11 0.25 6050000 26.4071 0.252513 -1.7434 0.0488189 11.1039 0.325387 438.891 32.6668 0.0100848 0.00358823 -0.000176301 0.00493581 0.132033 0.00214671 0.031496 0.000977779 
11 0.25 7260000 26.3601 0.225592 -1.7389 0.0414935 11.0548 0.281526 436.047 28.4242 0.00900594 0.00332432 0.00208124 0.00698824 0.13243 0.00181107 0.0315484 0.000833295 
11 0.25 8470000 26.2981 0.198527 -1.75574 0.0393306 11.2628 0.27357 465.855 30.3935 0.00865063 0.00309375 -0.000504587 0.00583642 0.133508 0.0016765 0.0322274 0.000808521 
11 0.25 9680000 26.2729 0.179912 -1.75234 0.0351836 11.3146 0.245015 471.863 29.5672 0.00711036 0.00300094 4.05119e-05 0.00531254 0.1332 0.00154215 0.0323214 0.000733216 
11 0.25 10890000 26.1411 0.170906 -1.75282 0.0321552 11.4 0.228296 484.8 28.6114 0.0059384 0.00314067 -0.000369065 0.00468962 0.133347 0.00138566 0.0324552 0.000661563 
11 0.25 12100000 26.0752 0.193725 -1.75162 0.0307793 11.4522 0.208563 487.138 25.515 0.0049707 0.00308583 0.000934239 0.00418504 0.133444 0.00130128 0.032574 0.00061048 
11 0.25 13310000 26.0543 0.184733 -1.75428 0.0307747 11.4037 0.22801 481.563 30.5499 0.0045266 0.00281292 0.000539995 0.00376763 0.133647 0.00127698 0.0326115 0.000598577 
11 0.25 14520000 25.9984 0.184733 -1.72619 0.0338301 11.2421 0.22801 469.553 30.5499 0.00484196 0.00257482 -3.85365e-05 0.00374866 0.132238 0.00157632 0.0319899 0.000753294 
11 0.25 15730000 26.0487 0.161804 -1.72517 0.034937 11.2152 0.256299 469.29 27.8142 0.0043447 0.00240779 -0.000684725 0.00331792 0.132103 0.00153412 0.0319423 0.00075607 
11 0.25 16940000 26.0799 0.15403 -1.7266 0.034937 11.2497 0.256299 471.843 27.8142 0.00360266 0.00233412 -0.00106554 0.00331792 0.132096 0.00153412 0.0319306 0.00075607 
11 0.25 18150000 26.0886 0.141712 -1.73067 0.0303768 11.2639 0.22425 474.293 24.2864 0.00361294 0.00216742 -0.000726347 0.00284419 0.132373 0.00133851 0.0320597 0.000657109 
11 0.25 19360000 26.0635 0.137102 -1.7372 0.0303768 11.2509 0.22425 471.89 24.2864 0.00244945 0.00231423 -0.00077672 0.00284419 0.132566 0.00133851 0.0320629 0.000657109 
11 0.25 20570000 26.0126 0.139454 -1.73077 0.0265799 11.2276 0.199121 468.983 21.8233 0.00227544 0.00217613 -0.00109632 0.00251262 0.132777 0.00123053 0.032127 0.000578413 
11 0.25 21780000 25.9861 0.139454 -1.72528 0.0265799 11.1979 0.199121 470.421 21.8233 0.00296962 0.002156 -0.00167575 0.00251262 0.132733 0.00123053 0.0321329 0.000578413 
11 0.25 22990000 25.9878 0.126132 -1.71765 0.0266646 11.1661 0.186257 464.657 19.8226 0.00289648 0.00203746 -0.00148456 0.00227883 0.132403 0.0011491 0.032013 0.000525268 
11 0.25 24200000 25.9579 0.126132 -1.72032 0.0266646 11.1158 0.186257 459.037 19.8226 0.00261239 0.00194993 -0.00189486 0.00226323 0.132292 0.0011491 0.0318632 0.000525268 
11 0.25 25410000 25.9345 0.1243 -1.72336 0.0246018 11.1953 0.1699 465.691 17.8673 0.00296737 0.0020797 -0.00108942 0.00222859 0.132488 0.00103733 0.0319734 0.000486528 
11 0.25 26620000 25.9345 0.1243 -1.72336 0.0246018 11.1953 0.1699 465.691 17.8673 0.00296737 0.0020797 -0.00108942 0.00212288 0.132488 0.00103733 0.0319734 0.000474234 
11 0.25 27830000 25.9055 0.121165 -1.72526 0.022438 11.2231 0.156709 466.061 16.2468 0.00254512 0.0020797 -0.00120813 0.00203251 0.132679 0.00096038 0.032066 0.000446922 
11 0.25 29040000 25.9055 0.121165 -1.72526 0.022438 11.2231 0.156709 466.061 16.2468 0.00254512 0.0020797 -0.00120813 0.00195401 0.132679 0.00096038 0.032066 0.000440078 
11 0.25 30250000 25.8741 0.11503 -1.73868 0.0242514 11.301 0.161848 471.628 15.8179 0.00252335 0.00177985 -0.00184518 0.00192074 0.133225 0.00102391 0.0323057 0.000464116 
11 0.25 31460000 25.8741 0.11503 -1.73868 0.0242514 11.301 0.161848 471.628 15.8179 0.00252335 0.00177985 -0.00184518 0.00185932 0.133225 0.00102391 0.0323057 0.000464116 
11 0.25 32670000 25.8244 0.11503 -1.745 0.0231954 11.3401 0.15407 471.133 14.6089 0.00248095 0.00177985 -0.00226946 0.00179655 0.133325 0.00101835 0.0323019 0.000457104 
11 0.25 33880000 25.8244 0.11503 -1.745 0.0231954 11.3401 0.15407 471.133 14.6089 0.00248095 0.00177985 -0.00226946 0.00174083 0.133325 0.00101835 0.0323019 0.000457104 
11 0.25 35090000 25.8033 0.118404 -1.75101 0.0223036 11.3783 0.147722 471.847 13.5829 0.00247705 0.00156929 -0.00245609 0.00167334 0.133705 0.000979283 0.0324887 0.000436655 
11 0.25 36300000 25.8033 0.118404 -1.75101 0.0223036 11.3783 0.147722 471.847 13.5829 0.00247705 0.00152619 -0.00245609 0.00168705 0.133705 0.000979283 0.0324887 0.000436655 
11 0.25 37510000 25.8188 0.118404 -1.75341 0.0216462 11.4016 0.139692 472.64 12.7004 0.00210017 0.00152619 -0.00253402 0.00172512 0.133783 0.000979283 0.0325584 0.000426858 
11 0.25 38720000 25.8188 0.118404 -1.75341 0.0216462 11.4016 0.139692 472.64 12.7004 0.00210017 0.00152619 -0.00253402 0.00168029 0.133783 0.000979283 0.0325584 0.000426858 
11 0.25 39930000 25.7767 0.106554 -1.75823 0.0201835 11.427 0.133257 475.03 12.1295 0.00183939 0.00146257 -0.00262731 0.00165209 0.134144 0.000950352 0.0327325 0.000437654 
11 0.25 41140000 25.7767 0.106554 -1.75823 0.0201835 11.427 0.133257 475.03 12.1295 0.00183939 0.00146257 -0.00262731 0.00160532 0.134144 0.000950352 0.0327325 0.000437654 
11 0.25 42350000 25.7549 0.106554 -1.75877 0.0201084 11.4253 0.129103 473.001 11.5845 0.00149326 0.00146257 -0.00227914 0.0015765 0.134011 0.000950352 0.0326428 0.000437654 
11 0.25 43560000 25.7549 0.106554 -1.75877 0.0201084 11.4253 0.129103 473.001 11.5845 0.00149326 0.00146257 -0.00227914 0.00153785 0.134011 0.000950352 0.0326428 0.000437654 
11 0.25 44770000 25.798 0.102515 -1.75965 0.017968 11.4278 0.118485 475.696 11.2501 0.00056515 0.00177015 -0.00241075 0.00151931 0.13406 0.000848464 0.0326687 0.000393657 
11 0.25 45980000 25.798 0.102515 -1.75965 0.017968 11.4278 0.118485 475.696 11.2501 0.00056515 0.00177015 -0.00241075 0.0015351 0.13406 0.000848464 0.0326687 0.000393657 
11 0.25 47190000 25.798 0.102515 -1.75965 0.017968 11.4278 0.118485 475.696 11.2501 0.00056515 0.00177015 -0.00241075 0.0015351 0.13406 0.000848464 0.0326687 0.000393657 
11 0.25 48400000 25.7843 0.098035 -1.75827 0.0179241 11.3891 0.118398 471.551 11.396 -3.16741e-05 0.00177015 -0.00198255 0.00149473 0.133866 0.000848464 0.0325936 0.000393657 
11 0.25 49610000 25.7843 0.098035 -1.75827 0.0179241 11.3891 0.118398 471.551 11.396 -3.16741e-05 0.00177015 -0.00198255 0.0014584 0.133866 0.000848464 0.0325936 0.000393657 
11 0.25 50820000 25.7793 0.111735 -1.76243 0.0169113 11.4028 0.11326 472.474 10.8635 9.90292e-05 0.00200449 -0.00211796 0.00143738 0.133953 0.000770359 0.0326243 0.000356783 
11 0.25 52030000 25.7793 0.111735 -1.76243 0.0169113 11.4028 0.11326 472.474 10.8635 9.90292e-05 0.00200449 -0.00211796 0.00144442 0.133953 0.000770359 0.0326243 0.000356783 
11 0.25 53240000 25.7793 0.111735 -1.76243 0.0169113 11.4028 0.109557 472.474 10.3645 9.90292e-05 0.00200449 -0.00211796 0.00141328 0.133953 0.000770359 0.0326243 0.000356783 
11 0.25 54450000 25.7793 0.111735 -1.76243 0.0169113 11.4028 0.109557 472.474 10.3645 9.90292e-05 0.00200449 -0.00211796 0.00138043 0.133953 0.000770359 0.0326243 0.000356783 
11 0.25 55660000 25.7614 0.111735 -1.76138 0.0169113 11.4104 0.109557 473.549 10.0325 -3.44527e-05 0.00200449 -0.00128375 0.00140433 0.133793 0.000731765 0.0325418 0.000343836 
11 0.25 56870000 25.7614 0.111735 -1.76138 0.0169113 11.4104 0.109557 473.549 10.0325 -3.44527e-05 0.00200449 -0.00128375 0.00144946 0.133793 0.000731765 0.0325418 0.000343836 
11 0.25 58080000 25.7614 0.111735 -1.76138 0.0169113 11.4104 0.109557 473.549 9.64762 -3.44527e-05 0.00200449 -0.00128375 0.00142043 0.133793 0.000731765 0.0325418 0.000343836 
11 0.25 59290000 25.7614 0.111735 -1.76138 0.0169113 11.4104 0.109557 473.549 9.64762 -3.44527e-05 0.00200449 -0.00128375 0.00141211 0.133793 0.000731765 0.0325418 0.000343836 
11 0.25 60500000 25.8023 0.0954466 -1.76035 0.0146045 11.4048 0.099987 472.13 9.54799 -0.000141658 0.0016848 -0.00108093 0.00138631 0.133838 0.000678517 0.0325991 0.000311418 
11 0.25 61710000 25.8023 0.0954466 -1.76035 0.0144206 11.4048 0.0988684 472.13 9.54799 -0.000141658 0.0016848 -0.00108093 0.00137651 0.133838 0.000678517 0.0325991 0.000311418 
11 0.25 62920000 25.8023 0.0954466 -1.76035 0.0142202 11.4048 0.0964017 472.13 9.17632 -0.000141658 0.0016848 -0.00108093 0.0013531 0.133838 0.000658284 0.0325991 0.000310835 
11 0.25 64130000 25.8023 0.0954466 -1.76035 0.0142202 11.4048 0.095535 472.13 9.17632 -0.000141658 0.0016848 -0.00108093 0.00136045 0.133838 0.000658284 0.0325991 0.000310835 
11 0.25 65340000 25.8103 0.0954466 -1.76386 0.0142202 11.4191 0.0937551 472.902 8.9005 -0.000455527 0.0016848 -0.00136587 0.00134152 0.133981 0.000640753 0.032631 0.000294638 
11 0.25 66550000 25.8103 0.0954466 -1.76386 0.0142202 11.4191 0.0920739 472.902 8.82931 -0.000455527 0.0016848 -0.00136587 0.00131621 0.133981 0.000640753 0.032631 0.000291881 
11 0.25 67760000 25.8103 0.0954466 -1.76386 0.0142202 11.4191 0.0913161 472.902 8.63374 -0.000455527 0.0016848 -0.00136587 0.00129625 0.133981 0.000626822 0.032631 0.000288551 
11 0.25 68970000 25.8103 0.0954466 -1.76386 0.0142202 11.4191 0.0913161 472.902 8.61404 -0.000455527 0.0016848 -0.00136587 0.00127808 0.133981 0.000626822 0.032631 0.000288551 
11 0.25 70180000 25.8533 0.0944494 -1.76353 0.0136603 11.4086 0.0886253 470.857 8.35033 -0.000731717 0.00154399 -0.00161184 0.00125538 0.134023 0.000608416 0.0326405 0.000281207 
11 0.25 71390000 25.8533 0.0944494 -1.76353 0.0134606 11.4086 0.0874766 470.857 8.32985 -0.000731717 0.00154399 -0.00161184 0.00124358 0.134023 0.000608416 0.0326405 0.000277475 
11 0.25 72600000 25.8533 0.0944494 -1.76353 0.0133671 11.4086 0.0865696 470.857 8.63814 -0.000731717 0.00154399 -0.00161184 0.0012555 0.134023 0.000587437 0.0326405 0.000275253 
11 0.25 73810000 25.8533 0.0944494 -1.76353 0.0132611 11.4086 0.0853662 470.857 8.63814 -0.000731717 0.00154399 -0.00161184 0.00123423 0.134023 0.000587437 0.0326405 0.000270857 
11 0.25 75020000 25.8518 0.0944494 -1.7665 0.0131626 11.4135 0.0856132 469.038 8.46107 -0.000539434 0.00154399 -0.00133487 0.00122258 0.134171 0.00058577 0.032694 0.000269039 
11 0.25 76230000 25.8518 0.0944494 -1.7665 0.0131041 11.4135 0.0851895 469.038 8.46107 -0.000539434 0.00154399 -0.00133487 0.00121109 0.134171 0.00058577 0.032694 0.000270111 
11 0.25 77440000 25.8518 0.0944494 -1.7665 0.0129055 11.4135 0.0838728 469.038 8.49457 -0.000539434 0.00154399 -0.00133487 0.00119869 0.134171 0.00057777 0.032694 0.000266348 
11 0.25 78650000 25.8518 0.0944494 -1.7665 0.0130606 11.4135 0.0875243 469.038 8.49457 -0.000539434 0.00154399 -0.00133487 0.0011966 0.134171 0.00057777 0.032694 0.000266614 
11 0.25 79860000 25.8527 0.082645 -1.77401 0.0147155 11.4582 0.0861576 474.242 8.71184 -0.000408539 0.0013844 -0.00136083 0.00118896 0.134465 0.000639267 0.0328425 0.000288613 
11 0.25 81070000 25.8527 0.082645 -1.77401 0.0147155 11.4582 0.0861163 474.242 8.71184 -0.000408539 0.0013844 -0.00136083 0.0011718 0.134465 0.000639267 0.0328425 0.000288613 
11 0.25 82280000 25.8527 0.082645 -1.77401 0.0147155 11.4582 0.0888419 474.242 8.76135 -0.000408539 0.0013844 -0.00136083 0.00115496 0.134465 0.000639267 0.0328425 0.000288613 
11 0.25 83490000 25.8527 0.082645 -1.77401 0.0147155 11.4582 0.0888419 474.242 8.76135 -0.000408539 0.0013844 -0.00136083 0.00116042 0.134465 0.000639267 0.0328425 0.000288613 
11 0.25 84700000 25.8489 0.082645 -1.77636 0.0147155 11.4863 0.0862697 476.338 8.50759 -0.000311145 0.0013844 -0.00148871 0.0011721 0.134589 0.000639267 0.032881 0.000288613 
11 0.25 85910000 25.8489 0.082645 -1.77636 0.0147155 11.4863 0.0876842 476.338 8.50759 -0.000311145 0.0013844 -0.00148871 0.00115681 0.134589 0.000639267 0.032881 0.000288613 
11 0.25 87120000 25.8489 0.082645 -1.77636 0.0147155 11.4863 0.0868155 476.338 8.60683 -0.000311145 0.0013844 -0.00148871 0.00114442 0.134589 0.000639267 0.032881 0.000288613 
11 0.25 88330000 25.8489 0.082645 -1.77636 0.0147155 11.4863 0.0868155 476.338 8.60683 -0.000311145 0.0013844 -0.00148871 0.00112863 0.134589 0.000639267 0.032881 0.000288613 
11 0.25 89540000 25.8277 0.0771599 -1.78119 0.0147269 11.5235 0.0959275 479.635 8.41054 6.07357e-05 0.00130769 -0.00157539 0.00111755 0.134875 0.000687382 0.0330308 0.00031202 
11 0.25 90750000 25.8277 0.0771599 -1.78119 0.0147269 11.5235 0.0959275 479.635 8.41054 6.07357e-05 0.00130769 -0.00157539 0.00110607 0.134875 0.000687382 0.0330308 0.00031202 
11 0.25 91960000 25.8277 0.0771599 -1.78119 0.0147269 11.5235 0.0959275 479.635 8.22458 6.07357e-05 0.00130769 -0.00157539 0.00109977 0.134875 0.000687382 0.0330308 0.00031202 
11 0.25 93170000 25.8277 0.0771599 -1.78119 0.0147269 11.5235 0.0959275 479.635 8.22458 6.07357e-05 0.00130769 -0.00157539 0.00109133 0.134875 0.000687382 0.0330308 0.00031202 
11 0.25 94380000 25.7918 0.0771599 -1.78277 0.0147269 11.5292 0.0959275 479.568 8.04387 -0.000115416 0.00130769 -0.00160915 0.00107992 0.134959 0.000687382 0.0330439 0.00031202 
11 0.25 95590000 25.7918 0.0771599 -1.78277 0.0147269 11.5292 0.0959275 479.568 8.04387 -0.000115416 0.00130769 -0.00160915 0.00106747 0.134959 0.000687382 0.0330439 0.00031202 
11 0.25 96800000 25.7918 0.0771599 -1.78277 0.0147269 11.5292 0.0959275 479.568 7.98058 -0.000115416 0.00130769 -0.00160915 0.0010563 0.134959 0.000687382 0.0330439 0.00031202 
11 0.25 98010000 25.7918 0.0771599 -1.78277 0.0147269 11.5292 0.0959275 479.568 7.98058 -0.000115416 0.00130769 -0.00160915 0.00104609 0.134959 0.000687382 0.0330439 0.00031202 
11 0.25 99220000 25.7918 0.0771599 -1.78277 0.0147269 11.5292 0.0959275 479.568 7.98058 -0.000115416 0.00130769 -0.00160915 0.00104609 0.134959 0.000687382 0.0330439 0.00031202 
