L J MC_steps R2 R2_std E E_std E2 E2_std E4 E4_std Sin1 Sin1_std Cos1 Cos1_std Mag2 Mag2_std Mag4 Mag4_std
11 1.5 1210000 8.125 0.507929 -16.2128 0.136739 268.284 4.48156 77056.6 2523.94 -0.106109 0.052906 0.120509 0.0707603 0.781042 0.00558404 0.625126 0.00803979 
11 1.5 2420000 8.39286 0.267517 -16.095 0.0849248 264.127 2.76709 74501.8 1549.93 -0.0563248 0.0422015 0.0778021 0.0465645 0.775667 0.00368698 0.61628 0.0054169 
11 1.5 3630000 8.50568 0.210406 -16.0951 0.0605825 264.078 1.94701 74433 1070.55 -0.0674491 0.0335842 0.014296 0.0465902 0.776358 0.00279822 0.616824 0.00399732 
11 1.5 4840000 8.23906 0.212003 -16.1701 0.0938357 266.616 3.10472 75916.2 1781.24 -0.027822 0.0366043 0.0118302 0.0374902 0.780277 0.00417551 0.623125 0.00636132 
11 1.5 6050000 8.16941 0.215567 -16.1918 0.0806127 267.375 2.68694 76344 1542.46 -0.023315 0.029573 0.0123283 0.0310625 0.780448 0.00349029 0.62364 0.00532168 
11 1.5 7260000 8.17898 0.198126 -16.1775 0.0680953 266.912 2.25802 76106.4 1286.58 -0.0263735 0.0279364 0.0184441 0.0283115 0.779472 0.00297072 0.622086 0.00451599 
11 1.5 8470000 8.26172 0.172231 -16.1686 0.058367 266.624 1.92146 75968 1093.39 -0.0196094 0.0250122 0.0135067 0.0244022 0.77939 0.00265903 0.62191 0.00402046 
11 1.5 9680000 8.2901 0.151485 -16.1669 0.0517576 266.547 1.70668 75924.8 972.808 -0.0336909 0.0229694 0.0117966 0.0233369 0.778749 0.00237008 0.621081 0.00358083 
11 1.5 10890000 8.3063 0.136607 -16.1428 0.0483729 265.837 1.58164 75599.9 888.169 -0.0316959 0.0213809 0.00560189 0.0217261 0.777401 0.0022132 0.619129 0.00333296 
11 1.5 12100000 8.25226 0.124457 -16.1411 0.0433391 265.837 1.4163 75640.2 795.397 -0.0273814 0.0203874 0.00734487 0.0195491 0.776802 0.00200915 0.618369 0.00301782 
11 1.5 13310000 8.25449 0.11599 -16.1308 0.0410105 265.514 1.34265 75476 750.983 -0.0225105 0.0215394 0.00887163 0.0184111 0.776369 0.00201523 0.6178 0.0028623 
11 1.5 14520000 8.25124 0.115009 -16.1287 0.0379369 265.399 1.24066 75374.1 692.408 -0.0187961 0.0215394 0.0132708 0.0172915 0.776277 0.00201523 0.617662 0.0028623 
11 1.5 15730000 8.24365 0.096973 -16.1279 0.0357656 265.389 1.16926 75394.9 661.037 -0.0110961 0.0207547 0.0160026 0.0161715 0.776403 0.00167965 0.617867 0.00246677 
11 1.5 16940000 8.2186 0.09635 -16.1195 0.0336492 265.124 1.10023 75253.6 622.096 -0.00805252 0.0207547 0.0120903 0.0166067 0.775775 0.00167965 0.616919 0.00238603 
11 1.5 18150000 8.23451 0.0874278 -16.1235 0.0315739 265.235 1.03008 75291.2 580.988 -0.0074052 0.018115 -0.00140617 0.0200574 0.776603 0.00151434 0.618095 0.00225334 
11 1.5 19360000 8.23464 0.0830179 -16.1196 0.0300301 265.106 0.982175 75218 555.963 -0.00838871 0.018115 0.00310376 0.0200574 0.776343 0.00145153 0.617685 0.00212217 
11 1.5 20570000 8.23145 0.0765617 -16.108 0.0288708 264.714 0.941971 74987.1 531.221 -0.0102739 0.0162297 -0.00453211 0.0178736 0.775824 0.00146401 0.616858 0.00214487 
11 1.5 21780000 8.22518 0.074076 -16.102 0.0279805 264.532 0.916436 74896.8 514.218 -0.0159183 0.0160762 -0.00243662 0.0177922 0.775423 0.00146401 0.616359 0.00213902 
11 1.5 22990000 8.24729 0.0737518 -16.0986 0.0274979 264.41 0.896611 74820.9 499.989 -0.0181882 0.0161208 -0.000543338 0.0162562 0.775386 0.00136552 0.616249 0.00198602 
11 1.5 24200000 8.23324 0.0707868 -16.1052 0.0268672 264.61 0.873921 74925.7 486.579 -0.0140708 0.0161208 -0.00632707 0.016266 0.775465 0.00136552 0.616335 0.00198602 
11 1.5 25410000 8.21445 0.0692934 -16.1032 0.0258228 264.558 0.835409 74903.4 466.571 -0.0138481 0.0150816 -0.0103676 0.017347 0.775292 0.00127093 0.616095 0.00186859 
11 1.5 26620000 8.21445 0.0673738 -16.1032 0.0252795 264.558 0.814843 74903.4 453.285 -0.0138481 0.0150816 -0.0103676 0.017347 0.775292 0.00124924 0.616095 0.00183121 
11 1.5 27830000 8.1986 0.0662312 -16.1165 0.026101 264.984 0.843171 75128.7 470.498 -0.0120301 0.0152108 -0.00961882 0.0167168 0.775952 0.00128496 0.617167 0.00192437 
11 1.5 29040000 8.1986 0.0646812 -16.1165 0.0253047 264.984 0.819189 75128.7 453.643 -0.0120301 0.0146278 -0.00961882 0.0167168 0.775952 0.00128496 0.617167 0.00192437 
11 1.5 30250000 8.22575 0.0633715 -16.1052 0.0244248 264.625 0.790477 74932.7 437.931 -0.00970705 0.0142047 -0.00848 0.0145117 0.775473 0.00126422 0.616458 0.00189027 
11 1.5 31460000 8.22575 0.0633715 -16.1052 0.0241168 264.625 0.778349 74932.7 429.115 -0.00970705 0.0136681 -0.00848 0.0145117 0.775473 0.00126422 0.616458 0.00189027 
11 1.5 32670000 8.23655 0.0594107 -16.1065 0.0232461 264.662 0.750897 74947.8 414.882 -0.0102234 0.0133531 -0.00372484 0.0141531 0.775579 0.00117146 0.616608 0.00175083 
11 1.5 33880000 8.23655 0.0594107 -16.1065 0.022921 264.662 0.738281 74947.8 410.49 -0.0102234 0.0129646 -0.00372484 0.0141531 0.775579 0.00117146 0.616608 0.00175083 
11 1.5 35090000 8.22461 0.0574006 -16.1111 0.0223409 264.823 0.720054 75044.6 400.777 -0.0113196 0.0125225 -0.00091462 0.0139218 0.775598 0.00109252 0.616612 0.00162578 
11 1.5 36300000 8.22461 0.056355 -16.1111 0.0219086 264.823 0.705213 75044.6 391.573 -0.0113196 0.0128653 -0.00091462 0.0139218 0.775598 0.00108794 0.616612 0.00162578 
11 1.5 37510000 8.22292 0.0547091 -16.1098 0.0213932 264.78 0.688941 75012.7 382.862 -0.00739158 0.0124388 0.00156693 0.0139218 0.775564 0.00104628 0.61651 0.00154285 
11 1.5 38720000 8.22292 0.0545935 -16.1098 0.0212859 264.78 0.684799 75012.7 380.262 -0.00739158 0.0122946 0.00156693 0.0139218 0.775564 0.0010381 0.61651 0.00153092 
11 1.5 39930000 8.2251 0.0551327 -16.1134 0.0206686 264.921 0.664863 75107.8 369.138 -0.0118102 0.012624 0.000322666 0.0122365 0.775866 0.0010134 0.617016 0.00150738 
11 1.5 41140000 8.2251 0.0539505 -16.1134 0.0201905 264.921 0.649367 75107.8 360.407 -0.0118102 0.0123654 0.000322666 0.0122365 0.775866 0.000996174 0.617016 0.00150738 
11 1.5 42350000 8.22111 0.0528113 -16.116 0.0198623 265.002 0.639699 75149.2 355.669 -0.00709419 0.0121624 -0.000249876 0.0122365 0.775844 0.000974333 0.617024 0.00144023 
11 1.5 43560000 8.22111 0.0517448 -16.116 0.0194832 265.002 0.629202 75149.2 351.818 -0.00709419 0.0118398 -0.000249876 0.0122365 0.775844 0.000950193 0.617024 0.00141873 
11 1.5 44770000 8.20128 0.0535476 -16.1269 0.0199851 265.35 0.648422 75338.8 358.116 -0.0104525 0.0116615 0.00181505 0.0113215 0.776174 0.000942082 0.617513 0.00142163 
11 1.5 45980000 8.20128 0.0521949 -16.1269 0.0199851 265.35 0.648422 75338.8 358.116 -0.0104525 0.0113969 0.00181505 0.0114437 0.776174 0.000942082 0.617513 0.00142163 
11 1.5 47190000 8.20128 0.0519183 -16.1269 0.0199851 265.35 0.648422 75338.8 358.116 -0.0104525 0.0113187 0.00181505 0.0114437 0.776174 0.000942082 0.617513 0.00142163 
11 1.5 48400000 8.21911 0.0516663 -16.1248 0.0190427 265.29 0.617145 75311.1 340.342 -0.00954695 0.0111663 -0.004912 0.0122106 0.776063 0.000898986 0.617381 0.00135285 
11 1.5 49610000 8.21911 0.0503877 -16.1248 0.0190427 265.29 0.617145 75311.1 340.342 -0.00954695 0.010949 -0.004912 0.0122106 0.776063 0.000898986 0.617381 0.00135285 
11 1.5 50820000 8.21973 0.0491838 -16.1218 0.0183186 265.192 0.593973 75252 328.406 -0.00471181 0.0112553 -0.00748 0.0132359 0.775834 0.000882917 0.617063 0.00132209 
11 1.5 52030000 8.21973 0.0480068 -16.1218 0.0183186 265.192 0.593973 75252 328.406 -0.00471181 0.0112553 -0.00748 0.0132359 0.775834 0.000882917 0.617063 0.00132209 
11 1.5 53240000 8.21973 0.047008 -16.1218 0.017585 265.192 0.568541 75252 313.502 -0.00471181 0.0111747 -0.00748 0.0132359 0.775834 0.000849583 0.617063 0.00126595 
11 1.5 54450000 8.21973 0.0463066 -16.1218 0.017585 265.192 0.568541 75252 313.502 -0.00471181 0.0111747 -0.00748 0.0132359 0.775834 0.000849583 0.617063 0.00126595 
11 1.5 55660000 8.21813 0.0454224 -16.12 0.0167907 265.146 0.542839 75236.5 299.318 -0.00697383 0.0107091 -0.0112544 0.0125593 0.775638 0.000813988 0.616811 0.00121391 
11 1.5 56870000 8.21813 0.0444288 -16.12 0.0167907 265.146 0.542839 75236.5 299.318 -0.00697383 0.0107091 -0.0112544 0.0125593 0.775638 0.000813988 0.616811 0.00121391 
11 1.5 58080000 8.21813 0.0439374 -16.12 0.0161823 265.146 0.525525 75236.5 292.416 -0.00697383 0.0112651 -0.0112544 0.0125593 0.775638 0.000781981 0.616811 0.00117029 
11 1.5 59290000 8.21813 0.0441815 -16.12 0.0161823 265.146 0.525525 75236.5 292.416 -0.00697383 0.0112651 -0.0112544 0.0125593 0.775638 0.000781268 0.616811 0.00117029 
11 1.5 60500000 8.21008 0.0436953 -16.1195 0.0158596 265.108 0.509316 75197.1 281.557 0.000945502 0.0112212 -0.00892074 0.0117275 0.77556 0.000768711 0.616641 0.0011254 
11 1.5 61710000 8.21008 0.0430775 -16.1195 0.0156124 265.108 0.505516 75197.1 281.01 0.000945502 0.0112212 -0.00892074 0.0117275 0.77556 0.000754439 0.616641 0.00112171 
11 1.5 62920000 8.21008 0.0434089 -16.1195 0.0156425 265.108 0.501601 75197.1 277.919 0.000945502 0.010866 -0.00892074 0.0117275 0.77556 0.000751563 0.616641 0.00110565 
11 1.5 64130000 8.21008 0.0426104 -16.1195 0.015379 265.108 0.493385 75197.1 273.55 0.000945502 0.010866 -0.00892074 0.0117275 0.77556 0.000739137 0.616641 0.00109962 
11 1.5 65340000 8.21041 0.0425043 -16.12 0.01513 265.103 0.48537 75173.7 269.059 0.00354734 0.011179 -0.00794637 0.0108658 0.775615 0.000728944 0.616658 0.00108419 
11 1.5 66550000 8.21041 0.0420274 -16.12 0.014885 265.103 0.477427 75173.7 264.689 0.00354734 0.011179 -0.00794637 0.0108658 0.775615 0.000721681 0.616658 0.00108419 
11 1.5 67760000 8.21041 0.0412787 -16.12 0.0146527 265.103 0.469937 75173.7 260.425 0.00354734 0.011126 -0.00794637 0.0108658 0.775615 0.000708082 0.616658 0.00105516 
11 1.5 68970000 8.21041 0.0409126 -16.12 0.0145828 265.103 0.467631 75173.7 259.075 0.00354734 0.011126 -0.00794637 0.0108658 0.775615 0.000716557 0.616658 0.00105516 
11 1.5 70180000 8.20832 0.0407186 -16.1196 0.0144798 265.096 0.463452 75175.5 256.251 -0.00107753 0.010867 -0.00861159 0.01011 0.775691 0.000715461 0.616775 0.00105216 
11 1.5 71390000 8.20832 0.040056 -16.1196 0.0143395 265.096 0.45904 75175.5 253.926 -0.00107753 0.010867 -0.00861159 0.01011 0.775691 0.000705484 0.616775 0.00105216 
11 1.5 72600000 8.20832 0.0397223 -16.1196 0.0143251 265.096 0.459549 75175.5 254.653 -0.00107753 0.0105344 -0.00861159 0.01011 0.775691 0.000703917 0.616775 0.00103692 
11 1.5 73810000 8.20832 0.0392626 -16.1196 0.0142761 265.096 0.458092 75175.5 254.192 -0.00107753 0.0105344 -0.00861159 0.01011 0.775691 0.000701424 0.616775 0.00103638 
11 1.5 75020000 8.20638 0.0388733 -16.1201 0.014064 265.101 0.45105 75167.8 250.214 -0.00120982 0.0102322 -0.00974 0.00949876 0.775573 0.000693685 0.616573 0.00102598 
11 1.5 76230000 8.20638 0.0387011 -16.1201 0.0139165 265.101 0.446313 75167.8 247.632 -0.00120982 0.0102322 -0.00974 0.00949876 0.775573 0.000684407 0.616573 0.00101178 
11 1.5 77440000 8.20638 0.0382524 -16.1201 0.0137105 265.101 0.439712 75167.8 244.084 -0.00120982 0.0108486 -0.00974 0.00949876 0.775573 0.000674716 0.616573 0.000998309 
11 1.5 78650000 8.20638 0.0379107 -16.1201 0.0136219 265.101 0.437033 75167.8 242.603 -0.00120982 0.0108486 -0.00974 0.00949876 0.775573 0.000669389 0.616573 0.000990497 
11 1.5 79860000 8.22229 0.0373533 -16.1176 0.0134174 265.025 0.430627 75127.8 239.224 0.00443536 0.010717 -0.00837436 0.00900272 0.775522 0.000660157 0.616493 0.000976886 
11 1.5 81070000 8.22229 0.0368234 -16.1176 0.0132402 265.025 0.425025 75127.8 236.148 0.00443536 0.010717 -0.00837436 0.00900272 0.775522 0.000650807 0.616493 0.000963125 
11 1.5 82280000 8.22229 0.0362832 -16.1176 0.0131348 265.025 0.421644 75127.8 234.181 0.00443536 0.010717 -0.00837436 0.00900272 0.775522 0.00064806 0.616493 0.000957856 
11 1.5 83490000 8.22229 0.0359491 -16.1176 0.0130424 265.025 0.418819 75127.8 233.29 0.00443536 0.010717 -0.00837436 0.00900272 0.775522 0.000641277 0.616493 0.000947776 
11 1.5 84700000 8.22659 0.0354919 -16.114 0.0128759 264.892 0.413652 75041.2 229.147 0.00423577 0.0100885 -0.00903415 0.00849729 0.775368 0.000634082 0.616275 0.000936842 
11 1.5 85910000 8.22659 0.0353755 -16.114 0.0127619 264.892 0.409515 75041.2 226.964 0.00423577 0.0100885 -0.00903415 0.00849729 0.775368 0.000628144 0.616275 0.000927965 
11 1.5 87120000 8.22659 0.0350544 -16.114 0.0127383 264.892 0.408374 75041.2 226.226 0.00423577 0.0100885 -0.00903415 0.00849729 0.775368 0.000627159 0.616275 0.000926365 
11 1.5 88330000 8.22659 0.0349472 -16.114 0.0126472 264.892 0.405228 75041.2 224.262 0.00423577 0.0100885 -0.00903415 0.00849729 0.775368 0.000622089 0.616275 0.000917825 
11 1.5 89540000 8.2204 0.0345874 -16.1176 0.0125008 265.009 0.400493 75103.2 221.63 0.00339548 0.0097046 -0.00982481 0.00830723 0.775526 0.000615127 0.616504 0.000907972 
11 1.5 90750000 8.2204 0.0342684 -16.1176 0.0123584 265.009 0.395886 75103.2 219.085 0.00339548 0.0097046 -0.00982481 0.00820317 0.775526 0.00060789 0.616504 0.000897511 
11 1.5 91960000 8.2204 0.0343189 -16.1176 0.0123268 265.009 0.393937 75103.2 217.536 0.00339548 0.00957888 -0.00982481 0.00813523 0.775526 0.000601681 0.616504 0.00088866 
11 1.5 93170000 8.2204 0.0340345 -16.1176 0.0122241 265.009 0.391291 75103.2 216.998 0.00339548 0.00957888 -0.00982481 0.00806192 0.775526 0.000602773 0.616504 0.000889464 
11 1.5 94380000 8.22466 0.0337061 -16.1132 0.0121271 264.869 0.387829 75028.9 214.258 0.00173986 0.00932683 -0.0120528 0.00795768 0.775383 0.000597923 0.616253 0.000882246 
11 1.5 95590000 8.22466 0.0338875 -16.1132 0.0120196 264.869 0.384456 75028.9 213.147 0.00173986 0.00932683 -0.0120528 0.0079395 0.775383 0.000595546 0.616253 0.000878927 
11 1.5 96800000 8.22466 0.0334542 -16.1132 0.0119071 264.869 0.380895 75028.9 210.484 0.00173986 0.00920182 -0.0120528 0.0079395 0.775383 0.000588568 0.616253 0.00086887 
11 1.5 98010000 8.22466 0.0333135 -16.1132 0.0118878 264.869 0.380281 75028.9 210.113 0.00173986 0.00920182 -0.0120528 0.0079395 0.775383 0.000585747 0.616253 0.000865386 
11 1.5 99220000 8.22466 0.0331066 -16.1132 0.011822 264.869 0.378364 75028.9 209.08 0.00173986 0.00920182 -0.0120528 0.0079395 0.775383 0.000581459 0.616253 0.000860022 
