L J MC_steps R2 R2_std E E_std E2 E2_std E4 E4_std Sin1 Sin1_std Cos1 Cos1_std Mag2 Mag2_std Mag4 Mag4_std
5 1 250000 6.24777 0.117004 -2.98064 0.0647408 11.9697 0.342915 239.511 11.2934 0.0144458 0.0185799 -0.0120714 0.0176886 0.560736 0.0107215 0.389115 0.0113762 
5 1 500000 6.18973 0.0971266 -2.99579 0.0439411 11.8984 0.266405 235.028 8.92841 0.00718525 0.0135524 -0.0133741 0.0125111 0.563654 0.00663641 0.38842 0.00742033 
5 1 750000 6.14489 0.0935845 -2.99124 0.037175 11.8584 0.18075 233.617 6.00229 -0.000962406 0.0115949 -0.00956918 0.00975939 0.564051 0.00497904 0.386926 0.00521917 
5 1 1000000 6.15521 0.0752867 -2.96685 0.029456 11.7034 0.156085 229.481 5.13853 -0.00284206 0.0097565 -0.00625038 0.00893588 0.560006 0.00433769 0.382564 0.00451985 
5 1 1250000 6.15666 0.0604981 -2.96903 0.0272821 11.7262 0.145137 231.138 4.59097 -0.00358428 0.00824567 -0.0063166 0.00784908 0.560083 0.00381721 0.382505 0.00415531 
5 1 1500000 6.17259 0.0527958 -2.95606 0.0254998 11.6496 0.134151 228.855 4.17785 -0.00206387 0.0075646 -0.00364447 0.00731792 0.55964 0.0035251 0.381893 0.0037664 
5 1 1750000 6.19351 0.0471929 -2.95445 0.0228208 11.6189 0.123728 227.61 3.93935 0.00122682 0.00687912 0.00084542 0.00660992 0.559118 0.00329212 0.381173 0.00343772 
5 1 2000000 6.20859 0.0422338 -2.95246 0.0198656 11.5988 0.11636 227.263 3.68433 6.8338e-05 0.00641141 0.00190125 0.00591791 0.559407 0.0030639 0.381096 0.00326504 
5 1 2250000 6.20106 0.0389786 -2.95535 0.0187231 11.6212 0.109751 227.915 3.51273 0.00171145 0.00630596 0.00686475 0.00648686 0.559639 0.00288714 0.381541 0.00311058 
5 1 2500000 6.21114 0.0357361 -2.9589 0.0177384 11.6382 0.103384 228.096 3.31279 0.00274127 0.00608147 0.00429536 0.00576814 0.560445 0.0027354 0.382486 0.00294925 
5 1 2750000 6.21484 0.033755 -2.95921 0.0169117 11.6275 0.0982279 227.371 3.16139 0.00222043 0.00567543 0.00323677 0.00680833 0.560599 0.00258545 0.382485 0.00277045 
5 1 3000000 6.22372 0.0328048 -2.958 0.0157536 11.6263 0.0918534 227.624 2.95631 0.00110619 0.00539537 0.00416348 0.00680833 0.560355 0.00244676 0.382236 0.00262414 
5 1 3250000 6.22705 0.0310219 -2.95626 0.015215 11.6218 0.0888359 227.556 2.83077 -0.000156825 0.00504723 0.00149593 0.00589197 0.560182 0.00240858 0.382208 0.00255693 
5 1 3500000 6.23422 0.0297104 -2.95819 0.0148356 11.6448 0.0843332 228.139 2.67336 -0.000932425 0.00480752 -0.000171723 0.00589197 0.560748 0.00231168 0.382889 0.00244452 
5 1 3750000 6.23312 0.0288537 -2.95561 0.014251 11.6352 0.0810111 227.734 2.56756 -0.000107762 0.00466153 0.00143707 0.00519821 0.560295 0.0022056 0.382335 0.00234176 
5 1 4000000 6.22734 0.0284213 -2.95473 0.0135563 11.6263 0.0768181 227.396 2.45107 0.000748977 0.00452347 0.00245848 0.00505055 0.5602 0.00208436 0.382166 0.00220956 
5 1 4250000 6.22424 0.0274009 -2.95232 0.0130732 11.6208 0.0736537 227.045 2.33982 0.00175542 0.0044783 0.00283528 0.00465588 0.560243 0.00199042 0.382332 0.00210645 
5 1 4500000 6.22036 0.0267469 -2.95437 0.01265 11.6363 0.0707712 227.545 2.24107 0.00203899 0.00434935 0.00230191 0.00460871 0.560186 0.00192564 0.382348 0.00201987 
5 1 4750000 6.22114 0.0257091 -2.94774 0.0126984 11.6107 0.0698532 226.984 2.203 0.00138667 0.00415709 0.00237198 0.00416787 0.55929 0.0018948 0.381533 0.00199164 
5 1 5000000 6.21844 0.0249874 -2.9513 0.0123153 11.6308 0.0680559 227.644 2.16211 0.00186395 0.00404456 0.00145639 0.00411985 0.559908 0.00183966 0.38223 0.00193479 
5 1 5250000 6.21562 0.0245974 -2.95165 0.0118828 11.6233 0.0666924 227.039 2.14048 0.00150551 0.00392308 0.000769331 0.00472181 0.559898 0.00180012 0.381945 0.00189695 
5 1 5500000 6.21562 0.0235516 -2.95165 0.0115578 11.6233 0.0650467 227.039 2.08891 0.00150551 0.00379298 0.000769331 0.00472181 0.559898 0.00176081 0.381945 0.00184682 
5 1 5750000 6.20969 0.0233848 -2.95292 0.0112564 11.6324 0.0638111 227.209 2.05048 0.00267431 0.00368096 0.00132835 0.00472181 0.559865 0.00172756 0.382017 0.00182422 
5 1 6000000 6.20969 0.0233848 -2.95292 0.0109776 11.6324 0.0623105 227.209 2.00648 0.00267431 0.0035797 0.00132835 0.00472181 0.559865 0.00169688 0.382017 0.00178861 
5 1 6250000 6.20955 0.0229987 -2.95595 0.0106697 11.6475 0.060156 227.429 1.93107 0.0024964 0.00352104 -0.000310409 0.00405642 0.560075 0.0016535 0.382319 0.00173875 
5 1 6500000 6.20955 0.0222076 -2.95595 0.0104324 11.6475 0.0586782 227.429 1.89369 0.0024964 0.00343115 -0.000310409 0.00405642 0.560075 0.00162043 0.382319 0.00169315 
5 1 6750000 6.20395 0.0214929 -2.95196 0.01021 11.6295 0.0572026 227.185 1.84542 0.00273998 0.00334884 -0.00264384 0.00410243 0.559326 0.00159096 0.381666 0.00166069 
5 1 7000000 6.20395 0.0208514 -2.95196 0.0100414 11.6295 0.0559179 227.185 1.79563 0.00273998 0.00326213 -0.00264384 0.00410243 0.559326 0.0015687 0.381666 0.00163548 
5 1 7250000 6.19796 0.0205298 -2.9544 0.00992258 11.6375 0.0555414 227.315 1.77334 0.00297287 0.0032061 -0.00404149 0.00490115 0.559587 0.00153752 0.381829 0.00160576 
5 1 7500000 6.19796 0.0204138 -2.9544 0.00973674 11.6375 0.0546791 227.315 1.73863 0.00297287 0.00313795 -0.00404149 0.00490115 0.559587 0.00151249 0.381829 0.00157904 
5 1 7750000 6.19766 0.0204138 -2.95597 0.00959948 11.6485 0.0540278 227.638 1.72052 0.00279834 0.00308434 -0.00431311 0.00490115 0.559853 0.00147975 0.382137 0.00154329 
5 1 8000000 6.19766 0.0204138 -2.95597 0.00951363 11.6485 0.0533067 227.638 1.68991 0.00279834 0.00303112 -0.00431311 0.00490115 0.559853 0.00145906 0.382137 0.00152294 
5 1 8250000 6.20068 0.0188275 -2.95383 0.00945304 11.636 0.0528696 227.29 1.67501 0.00205771 0.00296557 -0.00393827 0.0042896 0.559444 0.00143904 0.381684 0.001511 
5 1 8500000 6.20068 0.0187201 -2.95383 0.00931642 11.636 0.0524268 227.29 1.66666 0.00205771 0.0029251 -0.00393827 0.0042896 0.559444 0.00142193 0.381684 0.00149577 
5 1 8750000 6.20169 0.0184853 -2.95438 0.00918712 11.6326 0.0517572 227.011 1.64462 0.00125174 0.00289788 -0.00314879 0.0042896 0.55936 0.00140817 0.381457 0.00148774 
5 1 9000000 6.20169 0.0182349 -2.95438 0.00900167 11.6326 0.0506565 227.011 1.61636 0.00125174 0.00285662 -0.00314879 0.0042896 0.55936 0.00137935 0.381457 0.00145601 
5 1 9250000 6.20047 0.0180699 -2.95641 0.00897465 11.6471 0.0504366 227.75 1.61538 0.000181429 0.0028184 -0.00432042 0.00382996 0.559432 0.00137878 0.381617 0.00144895 
5 1 9500000 6.20047 0.0178439 -2.95641 0.00884201 11.6471 0.049481 227.75 1.59173 0.000181429 0.0027688 -0.00432042 0.00382996 0.559432 0.00135545 0.381617 0.0014219 
5 1 9750000 6.20047 0.0177624 -2.95641 0.00879163 11.6471 0.0489844 227.75 1.56752 0.000181429 0.00273891 -0.00432042 0.00382996 0.559432 0.00135092 0.381617 0.00141826 
5 1 10000000 6.20472 0.0174607 -2.95204 0.00867592 11.6253 0.0485555 227.028 1.5567 0.000233246 0.00269708 -0.00511494 0.00382996 0.558885 0.00133037 0.38093 0.00140205 
5 1 10250000 6.20472 0.0171321 -2.95204 0.00855328 11.6253 0.0478566 227.028 1.5318 0.000233246 0.00267183 -0.00511494 0.00382996 0.558885 0.0013175 0.38093 0.00138765 
5 1 10500000 6.20894 0.0168933 -2.951 0.00839649 11.627 0.0471557 227.219 1.51475 -0.000447683 0.00264306 -0.00581172 0.00372601 0.558564 0.00129158 0.380627 0.00136021 
5 1 10750000 6.20894 0.0166241 -2.951 0.00825005 11.627 0.0464036 227.219 1.49687 -0.000447683 0.00262144 -0.00581172 0.00372601 0.558564 0.00127384 0.380627 0.00134079 
5 1 11000000 6.20894 0.0165204 -2.951 0.00810539 11.627 0.0456996 227.219 1.47608 -0.000447683 0.00260709 -0.00581172 0.00372601 0.558564 0.0012525 0.380627 0.00131905 
5 1 11250000 6.20894 0.0165204 -2.951 0.00801043 11.627 0.0451985 227.219 1.45751 -0.000447683 0.00258292 -0.00581172 0.00372601 0.558564 0.00124347 0.380627 0.00130535 
5 1 11500000 6.21103 0.0162793 -2.95179 0.0078686 11.631 0.0444296 227.333 1.43138 -0.000764017 0.0025675 -0.00546617 0.00349245 0.558681 0.00122473 0.380796 0.00128466 
5 1 11750000 6.21103 0.0160611 -2.95179 0.00777983 11.631 0.0437726 227.333 1.40707 -0.000764017 0.0025568 -0.00546617 0.00349245 0.558681 0.00121276 0.380796 0.00126589 
5 1 12000000 6.21103 0.0159483 -2.95179 0.00770509 11.631 0.0431117 227.333 1.38616 -0.000764017 0.00252644 -0.00546617 0.00349245 0.558681 0.00119663 0.380796 0.00125097 
5 1 12250000 6.21103 0.015913 -2.95179 0.00766264 11.631 0.042882 227.333 1.38477 -0.000764017 0.00249212 -0.00546617 0.00349245 0.558681 0.00119035 0.380796 0.00124546 
5 1 12500000 6.21114 0.0157124 -2.9505 0.00760567 11.6234 0.042698 227.273 1.38153 0.000740648 0.00249653 -0.00455735 0.00323873 0.558444 0.0011779 0.38053 0.00123314 
5 1 12750000 6.21114 0.015497 -2.9505 0.00753718 11.6234 0.0422408 227.273 1.36303 0.000740648 0.00247568 -0.00455735 0.00323873 0.558444 0.00116431 0.38053 0.00121662 
5 1 13000000 6.21114 0.0153137 -2.9505 0.00742853 11.6234 0.0415409 227.273 1.34163 0.000740648 0.00244054 -0.00455735 0.00323873 0.558444 0.00114778 0.38053 0.0011999 
5 1 13250000 6.21114 0.0151656 -2.9505 0.00735562 11.6234 0.041593 227.273 1.34745 0.000740648 0.00242265 -0.00455735 0.00323873 0.558444 0.00113608 0.38053 0.00119591 
5 1 13500000 6.20741 0.0149884 -2.94962 0.00732114 11.624 0.041172 227.446 1.33252 0.000506031 0.00239855 -0.00499988 0.00312754 0.558224 0.0011337 0.380368 0.00118686 
5 1 13750000 6.20741 0.0148258 -2.94962 0.00724319 11.624 0.0408129 227.446 1.3258 0.000506031 0.00236493 -0.00499988 0.00312754 0.558224 0.00112097 0.380368 0.00117422 
5 1 14000000 6.20741 0.0146355 -2.94962 0.00717945 11.624 0.0404922 227.446 1.31964 0.000506031 0.00234223 -0.00499988 0.00312754 0.558224 0.00110875 0.380368 0.0011623 
5 1 14250000 6.20741 0.0144978 -2.94962 0.00707847 11.624 0.0398617 227.446 1.30036 0.000506031 0.00231371 -0.00499988 0.00312754 0.558224 0.00109487 0.380368 0.00114579 
5 1 14500000 6.20665 0.0143496 -2.94932 0.00699708 11.6195 0.039393 227.193 1.28599 0.000378275 0.0022817 -0.00411196 0.00293163 0.558211 0.00108301 0.380252 0.00113478 
5 1 14750000 6.20665 0.0142258 -2.94932 0.006951 11.6195 0.0389904 227.193 1.2698 0.000378275 0.00227743 -0.00411196 0.00293163 0.558211 0.00107613 0.380252 0.00112609 
5 1 15000000 6.20665 0.0141708 -2.94932 0.00691577 11.6195 0.0387333 227.193 1.26112 0.000378275 0.00224596 -0.00411196 0.00293163 0.558211 0.00106962 0.380252 0.00111974 
5 1 15250000 6.20665 0.0140812 -2.94932 0.00685386 11.6195 0.0384663 227.193 1.25354 0.000378275 0.00221158 -0.00411196 0.00293163 0.558211 0.00106047 0.380252 0.00110897 
5 1 15500000 6.2013 0.0139577 -2.95256 0.00681441 11.6395 0.038109 227.819 1.23848 0.000795605 0.00218428 -0.00458939 0.00277479 0.558745 0.00105616 0.380799 0.00110459 
5 1 15750000 6.2013 0.0138891 -2.95256 0.00677195 11.6395 0.0377982 227.819 1.22579 0.000795605 0.00216339 -0.00458939 0.00277479 0.558745 0.00104836 0.380799 0.00109558 
5 1 16000000 6.2013 0.0137102 -2.95256 0.00670373 11.6395 0.037453 227.819 1.21081 0.000795605 0.00215113 -0.00458939 0.00277479 0.558745 0.0010399 0.380799 0.00108704 
5 1 16250000 6.2013 0.0134283 -2.95256 0.00654362 11.6395 0.0368698 227.819 1.2001 0.000795605 0.00212669 -0.00458939 0.00277479 0.558745 0.00101346 0.380799 0.00106391 
5 1 16500000 6.1987 0.0133015 -2.95413 0.00648888 11.6485 0.0365031 228.058 1.18835 0.000497241 0.00210639 -0.00379823 0.00271181 0.559016 0.00100306 0.38107 0.00105223 
5 1 16750000 6.1987 0.0132553 -2.95413 0.00644406 11.6485 0.0361759 228.058 1.1766 0.000497241 0.00208278 -0.00379823 0.00271181 0.559016 0.000995241 0.38107 0.00104701 
5 1 17000000 6.1987 0.0131053 -2.95413 0.00637343 11.6485 0.0358465 228.058 1.16934 0.000497241 0.0020629 -0.00379823 0.00271181 0.559016 0.000983985 0.38107 0.00104701 
5 1 17250000 6.1987 0.0129546 -2.95413 0.00629991 11.6485 0.0354564 228.058 1.15639 0.000497241 0.00204507 -0.00379823 0.00271181 0.559016 0.000976377 0.38107 0.00104701 
5 1 17500000 6.19698 0.0128156 -2.95508 0.00625316 11.651 0.0352028 228.122 1.14857 0.00036145 0.00202902 -0.00462783 0.00267618 0.559208 0.000973356 0.381205 0.00104701 
5 1 17750000 6.19698 0.0126953 -2.95508 0.00624062 11.651 0.0351185 228.122 1.14382 0.00036145 0.00201288 -0.00462783 0.00267618 0.559208 0.000973356 0.381205 0.00104701 
5 1 18000000 6.19698 0.0126205 -2.95508 0.00618984 11.651 0.0347646 228.122 1.13129 0.00036145 0.00199644 -0.00462783 0.00267618 0.559208 0.000973356 0.381205 0.00104701 
5 1 18250000 6.19698 0.0125037 -2.95508 0.00615724 11.651 0.0346491 228.122 1.1279 0.00036145 0.0019801 -0.00462783 0.00267618 0.559208 0.000973356 0.381205 0.00104701 
5 1 18500000 6.19184 0.0124757 -2.9576 0.00609041 11.6646 0.0342581 228.608 1.11522 0.000879402 0.00196494 -0.00413488 0.0025725 0.559525 0.000989613 0.38158 0.00104723 
5 1 18750000 6.19184 0.0124757 -2.9576 0.00607003 11.6646 0.0340919 228.608 1.10803 0.000879402 0.00194059 -0.00413488 0.0025725 0.559525 0.000989613 0.38158 0.00104723 
5 1 19000000 6.19184 0.0124757 -2.9576 0.00602084 11.6646 0.0338024 228.608 1.09774 0.000879402 0.0019326 -0.00413488 0.0025725 0.559525 0.000989613 0.38158 0.00104723 
5 1 19250000 6.19184 0.0124757 -2.9576 0.00597054 11.6646 0.0335323 228.608 1.09207 0.000879402 0.00192986 -0.00413488 0.0025725 0.559525 0.000989613 0.38158 0.00104723 
5 1 19500000 6.19562 0.0124757 -2.95855 0.00590389 11.6684 0.0331598 228.67 1.08185 0.000923207 0.00190805 -0.00391802 0.00244623 0.559641 0.000989613 0.381737 0.00104723 
5 1 19750000 6.19562 0.0124757 -2.95855 0.00585361 11.6684 0.0328837 228.67 1.07385 0.000923207 0.00189402 -0.00391802 0.00244623 0.559641 0.000989613 0.381737 0.00104723 
5 1 20000000 6.19562 0.0124757 -2.95855 0.00580367 11.6684 0.0325975 228.67 1.0645 0.000923207 0.00187499 -0.00391802 0.00244623 0.559641 0.000989613 0.381737 0.00104723 
5 1 20250000 6.19562 0.0124757 -2.95855 0.00575717 11.6684 0.0323953 228.67 1.06195 0.000923207 0.00187057 -0.00391802 0.00244623 0.559641 0.000989613 0.381737 0.00104723 
5 1 20500000 6.19562 0.0124757 -2.95855 0.00576426 11.6684 0.0323995 228.67 1.06016 0.000923207 0.00186326 -0.00391802 0.00244623 0.559641 0.000989613 0.381737 0.00104723 
5 1 20750000 6.19614 0.0122546 -2.95905 0.0057022 11.6697 0.0320454 228.883 1.04966 0.000543109 0.00185453 -0.00329285 0.00240248 0.55955 0.000890957 0.381656 0.000945293 
5 1 21000000 6.19614 0.0122546 -2.95905 0.00567132 11.6697 0.0319148 228.883 1.04524 0.000543109 0.00184496 -0.00329285 0.00240248 0.55955 0.000890957 0.381656 0.000945293 
5 1 21250000 6.19614 0.0122546 -2.95905 0.00564731 11.6697 0.0317674 228.883 1.03958 0.000543109 0.00183918 -0.00329285 0.00240248 0.55955 0.000890957 0.381656 0.000945293 
5 1 21500000 6.19614 0.0122546 -2.95905 0.00559482 11.6697 0.0314519 228.883 1.02918 0.000543109 0.00182633 -0.00329285 0.00240248 0.55955 0.000890957 0.381656 0.000945293 
5 1 21750000 6.19614 0.0122546 -2.95905 0.00557041 11.6697 0.0313651 228.883 1.02517 0.000543109 0.00181757 -0.00329285 0.00228917 0.55955 0.000890957 0.381656 0.000945293 
5 1 22000000 6.19614 0.0122546 -2.95905 0.00554154 11.6697 0.0311961 228.883 1.01867 0.000543109 0.00180675 -0.00329285 0.00228917 0.55955 0.000890957 0.381656 0.000945293 
5 1 22250000 6.19614 0.0122546 -2.95905 0.00550452 11.6697 0.0309794 228.883 1.01207 0.000543109 0.00179684 -0.00329285 0.00228917 0.55955 0.000890957 0.381656 0.000945293 
5 1 22500000 6.19614 0.0122546 -2.95905 0.0054558 11.6697 0.0307027 228.883 1.00316 0.000543109 0.00178989 -0.00329285 0.00228917 0.55955 0.000890957 0.381656 0.000945293 
5 1 22750000 6.19751 0.0122546 -2.95667 0.00542704 11.6579 0.0304863 228.617 0.994184 0.00114113 0.00179196 -0.00324638 0.00218822 0.559214 0.000870944 0.381319 0.000917343 
5 1 23000000 6.19751 0.0122546 -2.95667 0.00541111 11.6579 0.0303411 228.617 0.988086 0.00114113 0.00177861 -0.00324638 0.00218822 0.559214 0.000870944 0.381319 0.000917343 
5 1 23250000 6.19751 0.0122546 -2.95667 0.00537379 11.6579 0.0301069 228.617 0.980109 0.00114113 0.00176367 -0.00324638 0.00218822 0.559214 0.000870944 0.381319 0.000917343 
5 1 23500000 6.19751 0.0122546 -2.95667 0.00534669 11.6579 0.0299515 228.617 0.973705 0.00114113 0.00176032 -0.00324638 0.00218822 0.559214 0.000870944 0.381319 0.000917343 
5 1 23750000 6.19751 0.0122546 -2.95667 0.00534024 11.6579 0.029834 228.617 0.970138 0.00114113 0.00174696 -0.00324638 0.00209528 0.559214 0.000870944 0.381319 0.000917343 
5 1 24000000 6.19751 0.0122546 -2.95667 0.00534024 11.6579 0.0298256 228.617 0.966949 0.00114113 0.00174538 -0.00324638 0.00209528 0.559214 0.000870944 0.381319 0.000917343 
5 1 24250000 6.19751 0.0122546 -2.95667 0.00534024 11.6579 0.0295866 228.617 0.95918 0.00114113 0.00173905 -0.00324638 0.00209528 0.559214 0.000870944 0.381319 0.000917343 
5 1 24500000 6.19751 0.0122546 -2.95667 0.00534024 11.6579 0.0294019 228.617 0.953406 0.00114113 0.00173173 -0.00324638 0.00209528 0.559214 0.000870944 0.381319 0.000917343 
5 1 24750000 6.19666 0.0107276 -2.95534 0.00558855 11.6545 0.029238 228.7 0.949461 0.00143624 0.00172251 -0.00303456 0.00201106 0.559114 0.000811648 0.381315 0.000851518 
5 1 25000000 6.19666 0.0106572 -2.95534 0.00558855 11.6545 0.0290934 228.7 0.943225 0.00143624 0.00171027 -0.00303456 0.00201106 0.559114 0.000808642 0.381315 0.000850047 
5 1 25250000 6.19666 0.010609 -2.95534 0.00558855 11.6545 0.0289508 228.7 0.938039 0.00143624 0.00171082 -0.00303456 0.00201106 0.559114 0.000804118 0.381315 0.000844684 
5 1 25500000 6.19666 0.0105476 -2.95534 0.00558855 11.6545 0.028852 228.7 0.934634 0.00143624 0.00170109 -0.00303456 0.00201106 0.559114 0.000804118 0.381315 0.000841333 
5 1 25750000 6.19666 0.0104892 -2.95534 0.00558855 11.6545 0.0287419 228.7 0.931355 0.00143624 0.00169858 -0.00303456 0.00194724 0.559114 0.000804118 0.381315 0.000840907 
5 1 26000000 6.19666 0.0104052 -2.95534 0.00558855 11.6545 0.0287238 228.7 0.930037 0.00143624 0.00169244 -0.00303456 0.00194724 0.559114 0.000804118 0.381315 0.000840907 
5 1 26250000 6.19666 0.0103796 -2.95534 0.00558855 11.6545 0.0285067 228.7 0.923264 0.00143624 0.00168711 -0.00303456 0.00194724 0.559114 0.000804118 0.381315 0.000840907 
5 1 26500000 6.19666 0.0103238 -2.95534 0.00558855 11.6545 0.0282899 228.7 0.916526 0.00143624 0.00167746 -0.00303456 0.00194724 0.559114 0.000804118 0.381315 0.000840907 
5 1 26750000 6.1943 0.0102816 -2.95641 0.00558855 11.6627 0.0281822 228.923 0.910694 0.00140861 0.00167455 -0.00295976 0.00188105 0.559137 0.000792589 0.381444 0.000822669 
5 1 27000000 6.1943 0.0102935 -2.95641 0.00558855 11.6627 0.0280552 228.923 0.906868 0.00140861 0.00166242 -0.00295976 0.00188105 0.559137 0.000792589 0.381444 0.000819221 
5 1 27250000 6.1943 0.0102482 -2.95641 0.00558855 11.6627 0.0278902 228.923 0.900144 0.00140861 0.00165268 -0.00295976 0.00188105 0.559137 0.000792589 0.381444 0.000813206 
5 1 27500000 6.1943 0.0102229 -2.95641 0.00558855 11.6627 0.0277752 228.923 0.896531 0.00140861 0.00164213 -0.00295976 0.00188105 0.559137 0.000792589 0.381444 0.000810438 
5 1 27750000 6.1943 0.0103096 -2.95641 0.00558855 11.6627 0.0277295 228.923 0.895994 0.00140861 0.00163144 -0.00295976 0.0018593 0.559137 0.000792589 0.381444 0.00081004 
5 1 28000000 6.1943 0.0103096 -2.95641 0.00558855 11.6627 0.0275586 228.923 0.891694 0.00140861 0.00162564 -0.00295976 0.0018593 0.559137 0.000792589 0.381444 0.000805594 
5 1 28250000 6.1943 0.0103096 -2.95641 0.00558855 11.6627 0.0274017 228.923 0.885459 0.00140861 0.00161416 -0.00295976 0.0018593 0.559137 0.000792589 0.381444 0.000800836 
5 1 28500000 6.1943 0.0103096 -2.95641 0.00558855 11.6627 0.0272082 228.923 0.880696 0.00140861 0.00160718 -0.00295976 0.0018593 0.559137 0.000792589 0.381444 0.000795107 
5 1 28750000 6.19758 0.0101104 -2.95451 0.00486529 11.6519 0.0270675 228.647 0.874529 0.00148134 0.00159917 -0.00336021 0.0017931 0.559079 0.000752064 0.38137 0.000792399 
5 1 29000000 6.19758 0.0101104 -2.95451 0.00485283 11.6519 0.0268879 228.647 0.867619 0.00148134 0.00159116 -0.00336021 0.0017931 0.559079 0.000748847 0.38137 0.000787823 
5 1 29250000 6.19758 0.0101104 -2.95451 0.00486532 11.6519 0.0270176 228.647 0.870753 0.00148134 0.00158228 -0.00336021 0.0017931 0.559079 0.000751511 0.38137 0.000789894 
5 1 29500000 6.19758 0.0101104 -2.95451 0.00485283 11.6519 0.0268989 228.647 0.866058 0.00148134 0.00157075 -0.00336021 0.0017931 0.559079 0.000746494 0.38137 0.000784657 
5 1 29750000 6.19758 0.00979922 -2.95451 0.00485283 11.6519 0.0268022 228.647 0.862736 0.00148134 0.00157918 -0.00336021 0.00173428 0.559079 0.000742352 0.38137 0.000780516 
5 1 30000000 6.19758 0.00979086 -2.95451 0.00485283 11.6519 0.0266228 228.647 0.856546 0.00148134 0.00157208 -0.00336021 0.00173428 0.559079 0.000738881 0.38137 0.000776184 
5 1 30250000 6.19758 0.00978686 -2.95451 0.00485283 11.6519 0.0265404 228.647 0.85377 0.00148134 0.0015678 -0.00336021 0.00173428 0.559079 0.000735735 0.38137 0.00077303 
5 1 30500000 6.19758 0.00978686 -2.95451 0.00485283 11.6519 0.0263761 228.647 0.849844 0.00148134 0.00155855 -0.00336021 0.00173428 0.559079 0.000730577 0.38137 0.000767472 
5 1 30750000 6.19629 0.00966356 -2.95343 0.00485283 11.6467 0.0262434 228.477 0.845437 0.000647127 0.0015588 -0.00362951 0.00171619 0.558846 0.000726757 0.381109 0.000763618 
5 1 31000000 6.19629 0.00966356 -2.95343 0.00485283 11.6467 0.02616 228.477 0.844111 0.000647127 0.00155475 -0.00362951 0.00171619 0.558846 0.000723636 0.381109 0.000760961 
5 1 31250000 6.19629 0.00966356 -2.95343 0.00485283 11.6467 0.026103 228.477 0.842727 0.000647127 0.00154822 -0.00362951 0.00171619 0.558846 0.000721322 0.381109 0.000758621 
5 1 31500000 6.19629 0.00966356 -2.95343 0.00485283 11.6467 0.0260362 228.477 0.841452 0.000647127 0.00154607 -0.00362951 0.00171619 0.558846 0.000718025 0.381109 0.000755004 
5 1 31750000 6.19629 0.00966356 -2.95343 0.00485283 11.6467 0.025937 228.477 0.838005 0.000647127 0.00154259 -0.00362951 0.00171619 0.558846 0.00071586 0.381109 0.000752211 
5 1 32000000 6.19629 0.00964007 -2.95343 0.00485283 11.6467 0.0258172 228.477 0.834002 0.000647127 0.00153571 -0.00362951 0.00173481 0.558846 0.000712281 0.381109 0.000748443 
5 1 32250000 6.19629 0.00964007 -2.95343 0.00485283 11.6467 0.0256202 228.477 0.829677 0.000647127 0.00148923 -0.00362951 0.00173481 0.558846 0.000700138 0.381109 0.000742838 
5 1 32500000 6.19629 0.00964007 -2.95343 0.00485283 11.6467 0.0256682 228.477 0.832897 0.000647127 0.00148333 -0.00362951 0.00173481 0.558846 0.000696504 0.381109 0.000740134 
5 1 32750000 6.19629 0.00964007 -2.95343 0.00485283 11.6467 0.0255054 228.477 0.827952 0.000647127 0.00148302 -0.00362951 0.00173481 0.558846 0.000694854 0.381109 0.000737999 
5 1 33000000 6.19514 0.00941747 -2.95589 0.00489095 11.6608 0.0263947 228.974 0.824676 0.000902109 0.00147482 -0.00265695 0.0017413 0.559182 0.000718992 0.381522 0.000792276 
5 1 33250000 6.19514 0.00941747 -2.95589 0.00489095 11.6608 0.0263947 228.974 0.824334 0.000902109 0.001471 -0.00265695 0.0017413 0.559182 0.000718992 0.381522 0.000792276 
5 1 33500000 6.19514 0.00941747 -2.95589 0.00489095 11.6608 0.0263947 228.974 0.822063 0.000902109 0.00146011 -0.00265695 0.0017413 0.559182 0.000718992 0.381522 0.000792276 
5 1 33750000 6.19514 0.00941747 -2.95589 0.00489095 11.6608 0.0263947 228.974 0.819731 0.000902109 0.00145665 -0.00265695 0.0017413 0.559182 0.000718992 0.381522 0.000792276 
5 1 34000000 6.19514 0.00915007 -2.95589 0.00489095 11.6608 0.0263947 228.974 0.815966 0.000902109 0.00144904 -0.00265695 0.00168886 0.559182 0.000718992 0.381522 0.000792276 
5 1 34250000 6.19514 0.00915007 -2.95589 0.00489095 11.6608 0.0263947 228.974 0.81394 0.000902109 0.0014413 -0.00265695 0.00168886 0.559182 0.000718992 0.381522 0.000792276 
5 1 34500000 6.19514 0.00915007 -2.95589 0.00489095 11.6608 0.0263947 228.974 0.81394 0.000902109 0.0014358 -0.00265695 0.00168886 0.559182 0.000718992 0.381522 0.000792276 
5 1 34750000 6.19514 0.00915007 -2.95589 0.00489095 11.6608 0.0263947 228.974 0.81394 0.000902109 0.00142813 -0.00265695 0.00168886 0.559182 0.000718992 0.381522 0.000792276 
5 1 35000000 6.19508 0.00894553 -2.95605 0.00460601 11.662 0.0248714 229.017 0.799849 0.00113198 0.00143311 -0.00237527 0.00166833 0.559233 0.000678526 0.381582 0.000747904 
5 1 35250000 6.19508 0.00890359 -2.95605 0.00460601 11.662 0.0248714 229.017 0.796767 0.00113198 0.0014231 -0.00237527 0.00166833 0.559233 0.000678526 0.381582 0.000747904 
5 1 35500000 6.19508 0.00890359 -2.95605 0.00460601 11.662 0.0248714 229.017 0.795542 0.00113198 0.00141448 -0.00237527 0.00166833 0.559233 0.000678526 0.381582 0.000747904 
5 1 35750000 6.19508 0.00890359 -2.95605 0.00460601 11.662 0.0248714 229.017 0.794417 0.00113198 0.00140778 -0.00237527 0.00166833 0.559233 0.000678526 0.381582 0.000747904 
5 1 36000000 6.19508 0.00878396 -2.95605 0.00460601 11.662 0.0248714 229.017 0.791184 0.00113198 0.00139809 -0.00237527 0.00162979 0.559233 0.000678526 0.381582 0.000747904 
5 1 36250000 6.19508 0.00878396 -2.95605 0.00460601 11.662 0.0248714 229.017 0.791443 0.00113198 0.0014065 -0.00237527 0.00162979 0.559233 0.000678526 0.381582 0.000747904 
5 1 36500000 6.19508 0.00878396 -2.95605 0.00460601 11.662 0.0248714 229.017 0.791809 0.00113198 0.00140156 -0.00237527 0.00162979 0.559233 0.000678526 0.381582 0.000747904 
5 1 36750000 6.19508 0.00878396 -2.95605 0.00460601 11.662 0.0248714 229.017 0.78803 0.00113198 0.00139724 -0.00237527 0.00162979 0.559233 0.000678526 0.381582 0.000747904 
5 1 37000000 6.19781 0.0086502 -2.95639 0.00436291 11.6614 0.0241405 228.95 0.784906 0.00144389 0.0013953 -0.00271173 0.00159252 0.55922 0.000652813 0.381561 0.000706636 
5 1 37250000 6.19781 0.00861757 -2.95639 0.00436291 11.6614 0.0241262 228.95 0.782879 0.00144389 0.00138672 -0.00271173 0.00159252 0.55922 0.000652692 0.381561 0.000706636 
5 1 37500000 6.19781 0.00861757 -2.95639 0.00436291 11.6614 0.0240331 228.95 0.780146 0.00144389 0.0013798 -0.00271173 0.00159252 0.55922 0.000650195 0.381561 0.000706636 
5 1 37750000 6.19781 0.00861757 -2.95639 0.00436291 11.6614 0.0240252 228.95 0.778831 0.00144389 0.00137243 -0.00271173 0.00159252 0.55922 0.000652387 0.381561 0.000706636 
5 1 38000000 6.19781 0.00846452 -2.95639 0.00436291 11.6614 0.0239241 228.95 0.77467 0.00144389 0.00136576 -0.00271173 0.00160402 0.55922 0.000652441 0.381561 0.000706636 
5 1 38250000 6.19781 0.00846452 -2.95639 0.00436291 11.6614 0.0237869 228.95 0.770048 0.00144389 0.00138182 -0.00271173 0.00160402 0.55922 0.000649436 0.381561 0.000706636 
5 1 38500000 6.19781 0.00846452 -2.95639 0.00436291 11.6614 0.0237331 228.95 0.76684 0.00144389 0.00137836 -0.00271173 0.00160402 0.55922 0.000652919 0.381561 0.000706636 
5 1 38750000 6.19781 0.00846452 -2.95639 0.00436291 11.6614 0.0235816 228.95 0.762163 0.00144389 0.0013708 -0.00271173 0.00160402 0.55922 0.000649883 0.381561 0.000706636 
5 1 39000000 6.19557 0.00833519 -2.95813 0.00446683 11.668 0.0235079 229.031 0.760143 0.00116162 0.0013624 -0.0028334 0.00158939 0.559491 0.000662382 0.381831 0.000719144 
5 1 39250000 6.19557 0.00830821 -2.95813 0.00446683 11.668 0.0234091 229.031 0.756487 0.00116162 0.00135888 -0.0028334 0.00158939 0.559491 0.000662382 0.381831 0.000719144 
5 1 39500000 6.19557 0.00831064 -2.95813 0.00446683 11.668 0.0234151 229.031 0.755064 0.00116162 0.00135251 -0.0028334 0.00158939 0.559491 0.000662382 0.381831 0.000719144 
5 1 39750000 6.19557 0.00830821 -2.95813 0.00446683 11.668 0.0233011 229.031 0.751712 0.00116162 0.00135501 -0.0028334 0.00158939 0.559491 0.000662382 0.381831 0.000719144 
5 1 40000000 6.19557 0.00828723 -2.95813 0.00446683 11.668 0.023231 229.031 0.750686 0.00116162 0.00134893 -0.0028334 0.00154956 0.559491 0.000662382 0.381831 0.000719144 
5 1 40250000 6.19557 0.00828723 -2.95813 0.00446683 11.668 0.0231648 229.031 0.74793 0.00116162 0.00134254 -0.0028334 0.00154956 0.559491 0.000662382 0.381831 0.000719144 
5 1 40500000 6.19557 0.00828723 -2.95813 0.00446683 11.668 0.0232173 229.031 0.752841 0.00116162 0.00133432 -0.0028334 0.00154956 0.559491 0.000662382 0.381831 0.000719144 
5 1 40750000 6.19557 0.00828723 -2.95813 0.00446683 11.668 0.0231648 229.031 0.750786 0.00116162 0.00132652 -0.0028334 0.00154956 0.559491 0.000662382 0.381831 0.000719144 
5 1 41000000 6.19304 0.00819245 -2.95978 0.00480594 11.6776 0.0239219 229.343 0.747653 0.00105318 0.00131906 -0.00294254 0.00151941 0.559718 0.000676125 0.38205 0.000715746 
5 1 41250000 6.19304 0.00817644 -2.95978 0.00480594 11.6776 0.0239219 229.343 0.749709 0.00105318 0.00131301 -0.00294254 0.00151941 0.559718 0.000676125 0.38205 0.000715746 
5 1 41500000 6.19304 0.00817644 -2.95978 0.00480594 11.6776 0.0239219 229.343 0.749933 0.00105318 0.00131208 -0.00294254 0.00151941 0.559718 0.000676125 0.38205 0.000715746 
5 1 41750000 6.19304 0.00817644 -2.95978 0.00480594 11.6776 0.0239219 229.343 0.746567 0.00105318 0.00131001 -0.00294254 0.00151941 0.559718 0.000676125 0.38205 0.000715746 
5 1 42000000 6.19304 0.00817644 -2.95978 0.00480594 11.6776 0.0239219 229.343 0.742806 0.00105318 0.00130496 -0.00294254 0.00151941 0.559718 0.000676125 0.38205 0.000715746 
5 1 42250000 6.19304 0.00817644 -2.95978 0.00480594 11.6776 0.0239219 229.343 0.739495 0.00105318 0.0013097 -0.00294254 0.00150622 0.559718 0.000676125 0.38205 0.000715746 
5 1 42500000 6.19304 0.00817644 -2.95978 0.00480594 11.6776 0.0239219 229.343 0.735597 0.00105318 0.00130219 -0.00294254 0.00150622 0.559718 0.000676125 0.38205 0.000715746 
5 1 42750000 6.19304 0.00817644 -2.95978 0.00480594 11.6776 0.0239219 229.343 0.734519 0.00105318 0.00129522 -0.00294254 0.00150622 0.559718 0.000676125 0.38205 0.000715746 
5 1 43000000 6.19304 0.00817644 -2.95978 0.00480594 11.6776 0.0239219 229.343 0.731198 0.00105318 0.00128812 -0.00294254 0.00150622 0.559718 0.000676125 0.38205 0.000715746 
5 1 43250000 6.19304 0.00817644 -2.95978 0.00480594 11.6776 0.0230626 229.343 0.728786 0.00105318 0.00128117 -0.00294254 0.0014749 0.559718 0.000676125 0.38205 0.000682812 
5 1 43500000 6.19304 0.00817644 -2.95978 0.00480594 11.6776 0.0230626 229.343 0.724584 0.00105318 0.00127671 -0.00294254 0.0014749 0.559718 0.000676125 0.38205 0.000682812 
5 1 43750000 6.19304 0.00817644 -2.95978 0.00480594 11.6776 0.0230626 229.343 0.721015 0.00105318 0.00127686 -0.00294254 0.0014749 0.559718 0.000676125 0.38205 0.000682812 
5 1 44000000 6.19304 0.00817644 -2.95978 0.00480594 11.6776 0.0230626 229.343 0.719224 0.00105318 0.00127018 -0.00294254 0.0014749 0.559718 0.000676125 0.38205 0.000682812 
5 1 44250000 6.19304 0.00817644 -2.95978 0.00480594 11.6776 0.0230626 229.343 0.715708 0.00105318 0.00126506 -0.00294254 0.00144264 0.559718 0.000676125 0.38205 0.000682812 
5 1 44500000 6.19304 0.00817644 -2.95978 0.00480594 11.6776 0.0230626 229.343 0.712938 0.00105318 0.00126298 -0.00294254 0.00144264 0.559718 0.000676125 0.38205 0.000682812 
5 1 44750000 6.19304 0.00817644 -2.95978 0.00480594 11.6776 0.0230626 229.343 0.712135 0.00105318 0.00125649 -0.00294254 0.00144264 0.559718 0.000676125 0.38205 0.000682812 
5 1 45000000 6.19304 0.00817644 -2.95978 0.00480594 11.6776 0.0230626 229.343 0.709463 0.00105318 0.00125328 -0.00294254 0.00144264 0.559718 0.000676125 0.38205 0.000682812 
5 1 45250000 6.18848 0.00861392 -2.96091 0.00449968 11.685 0.0224782 229.608 0.711134 0.000556619 0.00125534 -0.00312125 0.00141079 0.559897 0.000637912 0.382237 0.000667308 
5 1 45500000 6.18848 0.00861392 -2.96091 0.00449968 11.685 0.0224782 229.608 0.708214 0.000556619 0.00126749 -0.00312125 0.00141079 0.559897 0.000637912 0.382237 0.000667308 
5 1 45750000 6.18848 0.00861392 -2.96091 0.00449968 11.685 0.0224782 229.608 0.705756 0.000556619 0.00126633 -0.00312125 0.00141079 0.559897 0.000637912 0.382237 0.000667308 
5 1 46000000 6.18848 0.00861392 -2.96091 0.00449968 11.685 0.0224782 229.608 0.702354 0.000556619 0.00126482 -0.00312125 0.00141079 0.559897 0.000637912 0.382237 0.000667308 
5 1 46250000 6.18848 0.00861392 -2.96091 0.00449968 11.685 0.0224782 229.608 0.699442 0.000556619 0.0012585 -0.00312125 0.00139659 0.559897 0.000637912 0.382237 0.000667308 
5 1 46500000 6.18848 0.00861392 -2.96091 0.00449968 11.685 0.0224782 229.608 0.69593 0.000556619 0.00125774 -0.00312125 0.00139659 0.559897 0.000637912 0.382237 0.000667308 
5 1 46750000 6.18848 0.00861392 -2.96091 0.00449968 11.685 0.0224782 229.608 0.693676 0.000556619 0.0012525 -0.00312125 0.00139659 0.559897 0.000637912 0.382237 0.000667308 
5 1 47000000 6.18848 0.00861392 -2.96091 0.00449968 11.685 0.0224782 229.608 0.691578 0.000556619 0.00124909 -0.00312125 0.00139659 0.559897 0.000637912 0.382237 0.000667308 
5 1 47250000 6.18848 0.00861392 -2.96091 0.00449968 11.685 0.0221242 229.608 0.690023 0.000556619 0.00124313 -0.00312125 0.00136629 0.559897 0.000637912 0.382237 0.000639968 
5 1 47500000 6.18848 0.00861392 -2.96091 0.00449968 11.685 0.0221242 229.608 0.687173 0.000556619 0.0012447 -0.00312125 0.00136629 0.559897 0.000637912 0.382237 0.000639968 
5 1 47750000 6.18848 0.00861392 -2.96091 0.00449968 11.685 0.0221242 229.608 0.68404 0.000556619 0.00123816 -0.00312125 0.00136629 0.559897 0.000637912 0.382237 0.000639968 
5 1 48000000 6.18848 0.00861392 -2.96091 0.00449968 11.685 0.0221242 229.608 0.680706 0.000556619 0.00123802 -0.00312125 0.00136629 0.559897 0.000637912 0.382237 0.000639968 
5 1 48250000 6.18848 0.00861392 -2.96091 0.00449968 11.685 0.0221242 229.608 0.679433 0.000556619 0.00123922 -0.00312125 0.00135163 0.559897 0.000637912 0.382237 0.000639968 
5 1 48500000 6.18848 0.00861392 -2.96091 0.00449968 11.685 0.0221242 229.608 0.677445 0.000556619 0.00123297 -0.00312125 0.00135163 0.559897 0.000637912 0.382237 0.000639968 
5 1 48750000 6.18848 0.00861392 -2.96091 0.00449968 11.685 0.0221242 229.608 0.676152 0.000556619 0.00123125 -0.00312125 0.00135163 0.559897 0.000637912 0.382237 0.000639968 
5 1 49000000 6.18848 0.00861392 -2.96091 0.00449968 11.685 0.0221242 229.608 0.674334 0.000556619 0.0012252 -0.00312125 0.00135163 0.559897 0.000637912 0.382237 0.000639968 
5 1 49250000 6.18778 0.00812717 -2.96203 0.00426321 11.6925 0.0215026 229.775 0.672328 -6.85406e-05 0.00122279 -0.00341441 0.00132821 0.559972 0.000589197 0.382317 0.000617359 
5 1 49500000 6.18778 0.00812717 -2.96203 0.00426321 11.6925 0.0215026 229.775 0.669162 -6.85406e-05 0.00121739 -0.00341441 0.00132821 0.559972 0.000589197 0.382317 0.000617359 
5 1 49750000 6.18778 0.00812717 -2.96203 0.00426321 11.6925 0.0215026 229.775 0.668218 -6.85406e-05 0.00121157 -0.00341441 0.00132821 0.559972 0.000589197 0.382317 0.000617359 
5 1 50000000 6.18778 0.00812717 -2.96203 0.00426321 11.6925 0.0215026 229.775 0.667826 -6.85406e-05 0.00120819 -0.00341441 0.00132821 0.559972 0.000589197 0.382317 0.000617359 
5 1 50250000 6.18778 0.00797079 -2.96203 0.00426321 11.6925 0.0215026 229.775 0.665559 -6.85406e-05 0.00120772 -0.00341441 0.00135401 0.559972 0.000589197 0.382317 0.00061468 
5 1 50500000 6.18778 0.00797079 -2.96203 0.00426321 11.6925 0.0215026 229.775 0.669436 -6.85406e-05 0.0012025 -0.00341441 0.00135401 0.559972 0.000589197 0.382317 0.00061468 
5 1 50750000 6.18778 0.00797079 -2.96203 0.00426321 11.6925 0.0215026 229.775 0.668546 -6.85406e-05 0.00120228 -0.00341441 0.00135401 0.559972 0.000589197 0.382317 0.00061468 
5 1 51000000 6.18778 0.00797079 -2.96203 0.00426321 11.6925 0.0215026 229.775 0.665566 -6.85406e-05 0.00120359 -0.00341441 0.00135401 0.559972 0.000589197 0.382317 0.00061468 
5 1 51250000 6.18778 0.00792382 -2.96203 0.00426321 11.6925 0.0215026 229.775 0.668046 -6.85406e-05 0.00119999 -0.00341441 0.0013417 0.559972 0.000589197 0.382317 0.000596461 
5 1 51500000 6.18778 0.00792382 -2.96203 0.00426321 11.6925 0.0215026 229.775 0.668046 -6.85406e-05 0.0011994 -0.00341441 0.0013417 0.559972 0.000589197 0.382317 0.00059571 
5 1 51750000 6.18778 0.00792382 -2.96203 0.00426321 11.6925 0.0215026 229.775 0.668046 -6.85406e-05 0.0011994 -0.00341441 0.0013417 0.559972 0.000589197 0.382317 0.00059571 
5 1 52000000 6.18778 0.00792382 -2.96203 0.00426321 11.6925 0.0215026 229.775 0.668046 -6.85406e-05 0.0011994 -0.00341441 0.0013417 0.559972 0.000589197 0.382317 0.00059571 
5 1 52250000 6.18778 0.00792382 -2.96203 0.00426321 11.6925 0.0215026 229.775 0.668046 -6.85406e-05 0.0011994 -0.00341441 0.00131634 0.559972 0.000589197 0.382317 0.00059571 
5 1 52500000 6.18778 0.00792382 -2.96203 0.00426321 11.6925 0.0215026 229.775 0.668046 -6.85406e-05 0.0011994 -0.00341441 0.00131634 0.559972 0.000589197 0.382317 0.00059571 
5 1 52750000 6.18778 0.00792382 -2.96203 0.00426321 11.6925 0.0215026 229.775 0.668046 -6.85406e-05 0.0011994 -0.00341441 0.00131634 0.559972 0.000589197 0.382317 0.00059571 
5 1 53000000 6.18778 0.00792382 -2.96203 0.00426321 11.6925 0.0215026 229.775 0.668046 -6.85406e-05 0.0011994 -0.00341441 0.00131634 0.559972 0.000589197 0.382317 0.00059571 
5 1 53250000 6.18778 0.00792382 -2.96203 0.00426321 11.6925 0.0215026 229.775 0.668046 -6.85406e-05 0.0011994 -0.00341441 0.00131634 0.559972 0.000589197 0.382317 0.00059571 
5 1 53500000 6.1903 0.00771421 -2.96133 0.0039932 11.6847 0.0212166 229.393 0.672292 0.000532835 0.0011994 -0.00407388 0.00129136 0.55987 0.000563597 0.382137 0.000601967 
5 1 53750000 6.1903 0.00771421 -2.96133 0.0039932 11.6847 0.0212166 229.393 0.672292 0.000532835 0.0011994 -0.00407388 0.00129136 0.55987 0.000563597 0.382137 0.000601967 
5 1 54000000 6.1903 0.00771421 -2.96133 0.0039932 11.6847 0.0212166 229.393 0.672292 0.000532835 0.0011994 -0.00407388 0.00129136 0.55987 0.000563597 0.382137 0.000601967 
5 1 54250000 6.1903 0.00771421 -2.96133 0.0039932 11.6847 0.0212166 229.393 0.672292 0.000532835 0.0011994 -0.00407388 0.00129136 0.55987 0.000563597 0.382137 0.000601967 
5 1 54500000 6.1903 0.00771568 -2.96133 0.0039932 11.6847 0.0212166 229.393 0.672292 0.000532835 0.0011994 -0.00407388 0.00129797 0.55987 0.000553285 0.382137 0.000590612 
5 1 54750000 6.1903 0.00771568 -2.96133 0.0039932 11.6847 0.0212166 229.393 0.672292 0.000532835 0.0011994 -0.00407388 0.00129797 0.55987 0.000553285 0.382137 0.000590612 
5 1 55000000 6.1903 0.00771568 -2.96133 0.0039932 11.6847 0.0212166 229.393 0.672292 0.000532835 0.0011994 -0.00407388 0.00129797 0.55987 0.000553285 0.382137 0.000590612 
5 1 55250000 6.1903 0.00771568 -2.96133 0.0039932 11.6847 0.0212166 229.393 0.672292 0.000532835 0.0011994 -0.00407388 0.00129797 0.55987 0.000553285 0.382137 0.000590612 
5 1 55500000 6.1903 0.00770261 -2.96133 0.0039932 11.6847 0.0212166 229.393 0.672292 0.000532835 0.0011994 -0.00407388 0.00127705 0.55987 0.00055274 0.382137 0.000581661 
5 1 55750000 6.1903 0.00770261 -2.96133 0.0039932 11.6847 0.0212166 229.393 0.672292 0.000532835 0.0011994 -0.00407388 0.00127705 0.55987 0.00055274 0.382137 0.000581661 
5 1 56000000 6.1903 0.00770261 -2.96133 0.0039932 11.6847 0.0212166 229.393 0.672292 0.000532835 0.0011994 -0.00407388 0.00127705 0.55987 0.00055274 0.382137 0.000581661 
5 1 56250000 6.1903 0.00770261 -2.96133 0.0039932 11.6847 0.0212166 229.393 0.672292 0.000532835 0.0011994 -0.00407388 0.00127705 0.55987 0.00055274 0.382137 0.000581661 
5 1 56500000 6.1903 0.00770261 -2.96133 0.0039932 11.6847 0.0212166 229.393 0.672292 0.000532835 0.0011994 -0.00407388 0.00125696 0.55987 0.00058319 0.382137 0.00062221 
5 1 56750000 6.1903 0.00770261 -2.96133 0.0039932 11.6847 0.0212166 229.393 0.672292 0.000532835 0.0011994 -0.00407388 0.00125696 0.55987 0.00058319 0.382137 0.00062221 
5 1 57000000 6.1903 0.00770261 -2.96133 0.0039932 11.6847 0.0212166 229.393 0.672292 0.000532835 0.0011994 -0.00407388 0.00125696 0.55987 0.00058319 0.382137 0.00062221 
5 1 57250000 6.1903 0.00770261 -2.96133 0.0039932 11.6847 0.0212166 229.393 0.672292 0.000532835 0.0011994 -0.00407388 0.00125696 0.55987 0.00058319 0.382137 0.00062221 
5 1 57500000 6.19438 0.00816238 -2.95907 0.00429957 11.671 0.0257942 228.935 0.931515 0.000319616 0.00112282 -0.00373632 0.00124085 0.559508 0.000620181 0.381778 0.000662421 
5 1 57750000 6.19438 0.00816238 -2.95907 0.00429957 11.671 0.0257942 228.935 0.931515 0.000319616 0.00112048 -0.00373632 0.00124085 0.559508 0.000620181 0.381778 0.000662421 
5 1 58000000 6.19438 0.00816238 -2.95907 0.00429957 11.671 0.0257942 228.935 0.931515 0.000319616 0.00112061 -0.00373632 0.00124085 0.559508 0.000620181 0.381778 0.000662421 
5 1 58250000 6.19438 0.00816238 -2.95907 0.00429957 11.671 0.0257942 228.935 0.931515 0.000319616 0.00111812 -0.00373632 0.00124085 0.559508 0.000620181 0.381778 0.000662421 
5 1 58500000 6.19438 0.00816238 -2.95907 0.00429957 11.671 0.0257942 228.935 0.931515 0.000319616 0.00111372 -0.00373632 0.00122076 0.559508 0.000620181 0.381778 0.000662421 
5 1 58750000 6.19438 0.00816238 -2.95907 0.00429957 11.671 0.0257942 228.935 0.931515 0.000319616 0.00111048 -0.00373632 0.00122076 0.559508 0.000620181 0.381778 0.000662421 
5 1 59000000 6.19438 0.00816238 -2.95907 0.00429957 11.671 0.0257942 228.935 0.931515 0.000319616 0.00110628 -0.00373632 0.00122076 0.559508 0.000620181 0.381778 0.000662421 
5 1 59250000 6.19438 0.00816238 -2.95907 0.00429957 11.671 0.0257942 228.935 0.931515 0.000319616 0.00110287 -0.00373632 0.00122076 0.559508 0.000620181 0.381778 0.000662421 
5 1 59500000 6.19438 0.00816238 -2.95907 0.00429957 11.671 0.0257942 228.935 0.931515 0.000319616 0.00109981 -0.00373632 0.0012016 0.559508 0.000620181 0.381778 0.000662421 
5 1 59750000 6.19438 0.00816238 -2.95907 0.00429957 11.671 0.0257942 228.935 0.931515 0.000319616 0.00109834 -0.00373632 0.0012016 0.559508 0.000620181 0.381778 0.000662421 
5 1 60000000 6.19438 0.00816238 -2.95907 0.00429957 11.671 0.0257942 228.935 0.931515 0.000319616 0.0010968 -0.00373632 0.0012016 0.559508 0.000620181 0.381778 0.000662421 
5 1 60250000 6.19438 0.00816238 -2.95907 0.00429957 11.671 0.0257942 228.935 0.931515 0.000319616 0.0010958 -0.00373632 0.0012016 0.559508 0.000620181 0.381778 0.000662421 
5 1 60500000 6.19438 0.00816238 -2.95907 0.00429957 11.671 0.0257942 228.935 0.931515 0.000319616 0.001095 -0.00373632 0.00118158 0.559508 0.000620181 0.381778 0.000662421 
5 1 60750000 6.19438 0.00816238 -2.95907 0.00429957 11.671 0.0257942 228.935 0.931515 0.000319616 0.00109191 -0.00373632 0.00118158 0.559508 0.000620181 0.381778 0.000662421 
5 1 61000000 6.19438 0.00816238 -2.95907 0.00429957 11.671 0.0257942 228.935 0.931515 0.000319616 0.00108906 -0.00373632 0.00118158 0.559508 0.000620181 0.381778 0.000662421 
5 1 61250000 6.19438 0.00816238 -2.95907 0.00429957 11.671 0.0257942 228.935 0.931515 0.000319616 0.00108906 -0.00373632 0.00118158 0.559508 0.000620181 0.381778 0.000662421 
5 1 61500000 6.19187 0.00799466 -2.96134 0.00457246 11.6848 0.0258256 229.294 0.931515 0.000228915 0.00108906 -0.00390961 0.00116195 0.55996 0.000724721 0.382206 0.000721971 
5 1 61750000 6.19187 0.00799466 -2.96134 0.00457246 11.6848 0.0258256 229.294 0.931515 0.000228915 0.00108906 -0.00390961 0.00116195 0.55996 0.000724721 0.382206 0.000721971 
5 1 62000000 6.19187 0.00799466 -2.96134 0.00457246 11.6848 0.0258256 229.294 0.931515 0.000228915 0.00108906 -0.00390961 0.00116195 0.55996 0.000724721 0.382206 0.000721971 
5 1 62250000 6.19187 0.00799466 -2.96134 0.00457246 11.6848 0.0258256 229.294 0.931515 0.000228915 0.00108906 -0.00390961 0.00116195 0.55996 0.000724721 0.382206 0.000721971 
5 1 62500000 6.19187 0.00799466 -2.96134 0.00457246 11.6848 0.0258256 229.294 0.931515 0.000228915 0.00108906 -0.00390961 0.00114613 0.55996 0.000724721 0.382206 0.000721971 
5 1 62750000 6.19187 0.00799466 -2.96134 0.00457246 11.6848 0.0258256 229.294 0.931515 0.000228915 0.00108906 -0.00390961 0.00114613 0.55996 0.000724721 0.382206 0.000721971 
5 1 63000000 6.19187 0.00799466 -2.96134 0.00457246 11.6848 0.0258256 229.294 0.931515 0.000228915 0.00108906 -0.00390961 0.00114613 0.55996 0.000724721 0.382206 0.000721971 
5 1 63250000 6.19187 0.00799466 -2.96134 0.00457246 11.6848 0.0258256 229.294 0.931515 0.000228915 0.00108906 -0.00390961 0.00114613 0.55996 0.000724721 0.382206 0.000721971 
5 1 63500000 6.19187 0.00799466 -2.96134 0.00457246 11.6848 0.0258256 229.294 0.931515 0.000228915 0.00108906 -0.00390961 0.00114613 0.55996 0.000724721 0.382206 0.000721971 
5 1 63750000 6.19187 0.00799466 -2.96134 0.00457246 11.6848 0.0258256 229.294 0.931515 0.000228915 0.00108906 -0.00390961 0.00113544 0.55996 0.000724721 0.382206 0.000721971 
5 1 64000000 6.19187 0.00799466 -2.96134 0.00457246 11.6848 0.0258256 229.294 0.931515 0.000228915 0.00108906 -0.00390961 0.00113544 0.55996 0.000724721 0.382206 0.000721971 
5 1 64250000 6.19187 0.00799466 -2.96134 0.00457246 11.6848 0.0258256 229.294 0.931515 0.000228915 0.00108906 -0.00390961 0.00113544 0.55996 0.000724721 0.382206 0.000721971 
5 1 64500000 6.19187 0.00799466 -2.96134 0.00457246 11.6848 0.0258256 229.294 0.931515 0.000228915 0.00108906 -0.00390961 0.00113544 0.55996 0.000724721 0.382206 0.000721971 
5 1 64750000 6.19187 0.00799466 -2.96134 0.00457246 11.6848 0.0258256 229.294 0.931515 0.000228915 0.00108906 -0.00390961 0.00112177 0.55996 0.000724721 0.382206 0.000721971 
5 1 65000000 6.19187 0.00799466 -2.96134 0.00457246 11.6848 0.0258256 229.294 0.931515 0.000228915 0.00108906 -0.00390961 0.00112177 0.55996 0.000724721 0.382206 0.000721971 
5 1 65250000 6.19187 0.00799466 -2.96134 0.00457246 11.6848 0.0258256 229.294 0.931515 0.000228915 0.00108906 -0.00390961 0.00112177 0.55996 0.000724721 0.382206 0.000721971 
5 1 65500000 6.19187 0.00799466 -2.96134 0.00457246 11.6848 0.0258256 229.294 0.931515 0.000228915 0.00108906 -0.00390961 0.00112177 0.55996 0.000724721 0.382206 0.000721971 
5 1 65750000 6.19242 0.00751395 -2.96251 0.0048413 11.6888 0.0280283 229.366 0.909268 0.000733581 0.00107398 -0.00379533 0.00110427 0.560226 0.000848345 0.382462 0.000862762 
5 1 66000000 6.19242 0.00751395 -2.96251 0.0048413 11.6888 0.0280283 229.366 0.909268 0.000733581 0.00107398 -0.00379533 0.00110427 0.560226 0.000848345 0.382462 0.000862762 
5 1 66250000 6.19242 0.00751395 -2.96251 0.0048413 11.6888 0.0280283 229.366 0.909268 0.000733581 0.00107398 -0.00379533 0.00110427 0.560226 0.000848345 0.382462 0.000862762 
5 1 66500000 6.19242 0.00751395 -2.96251 0.0048413 11.6888 0.0280283 229.366 0.909268 0.000733581 0.00107398 -0.00379533 0.00110427 0.560226 0.000848345 0.382462 0.000862762 
5 1 66750000 6.19242 0.00751395 -2.96251 0.0048413 11.6888 0.0280283 229.366 0.909268 0.000733581 0.00107398 -0.00379533 0.00109316 0.560226 0.000848345 0.382462 0.000862762 
5 1 67000000 6.19242 0.00751395 -2.96251 0.0048413 11.6888 0.0280283 229.366 0.909268 0.000733581 0.00107398 -0.00379533 0.00109316 0.560226 0.000848345 0.382462 0.000862762 
5 1 67250000 6.19242 0.00751395 -2.96251 0.0048413 11.6888 0.0280283 229.366 0.909268 0.000733581 0.00107398 -0.00379533 0.00109316 0.560226 0.000848345 0.382462 0.000862762 
5 1 67500000 6.19242 0.00751395 -2.96251 0.0048413 11.6888 0.0280283 229.366 0.909268 0.000733581 0.00107398 -0.00379533 0.00109316 0.560226 0.000848345 0.382462 0.000862762 
5 1 67750000 6.19242 0.00751395 -2.96251 0.0048413 11.6888 0.0280283 229.366 0.909268 0.000733581 0.00107398 -0.00379533 0.00108001 0.560226 0.000848345 0.382462 0.000862762 
5 1 68000000 6.19242 0.00751395 -2.96251 0.0048413 11.6888 0.0280283 229.366 0.909268 0.000733581 0.00107398 -0.00379533 0.00108001 0.560226 0.000848345 0.382462 0.000862762 
5 1 68250000 6.19242 0.00751395 -2.96251 0.0048413 11.6888 0.0280283 229.366 0.909268 0.000733581 0.00107398 -0.00379533 0.00108001 0.560226 0.000848345 0.382462 0.000862762 
5 1 68500000 6.19242 0.00751395 -2.96251 0.0048413 11.6888 0.0280283 229.366 0.909268 0.000733581 0.00107398 -0.00379533 0.00108001 0.560226 0.000848345 0.382462 0.000862762 
5 1 68750000 6.19242 0.00751395 -2.96251 0.0048413 11.6888 0.0280283 229.366 0.909268 0.000733581 0.00107398 -0.00379533 0.00107231 0.560226 0.000848345 0.382462 0.000862762 
5 1 69000000 6.19242 0.00751395 -2.96251 0.0048413 11.6888 0.0280283 229.366 0.909268 0.000733581 0.00107398 -0.00379533 0.00107231 0.560226 0.000848345 0.382462 0.000862762 
5 1 69250000 6.19242 0.00751395 -2.96251 0.0048413 11.6888 0.0280283 229.366 0.909268 0.000733581 0.00107398 -0.00379533 0.00107231 0.560226 0.000848345 0.382462 0.000862762 
5 1 69500000 6.19242 0.00751395 -2.96251 0.0048413 11.6888 0.0280283 229.366 0.909268 0.000733581 0.00107398 -0.00379533 0.00107231 0.560226 0.000848345 0.382462 0.000862762 
5 1 69750000 6.19412 0.00726162 -2.96088 0.0048413 11.6802 0.0280283 229.15 0.909268 0.000243501 0.00111704 -0.00334442 0.0010638 0.560001 0.000848345 0.38227 0.000862762 
5 1 70000000 6.19412 0.00726162 -2.96088 0.0048413 11.6802 0.0280283 229.15 0.909268 0.000243501 0.00111704 -0.00334442 0.0010638 0.560001 0.000848345 0.38227 0.000862762 
5 1 70250000 6.19412 0.00726162 -2.96088 0.0048413 11.6802 0.0280283 229.15 0.909268 0.000243501 0.00111704 -0.00334442 0.0010638 0.560001 0.000848345 0.38227 0.000862762 
5 1 70500000 6.19412 0.00726162 -2.96088 0.0048413 11.6802 0.0280283 229.15 0.909268 0.000243501 0.00111704 -0.00334442 0.0010638 0.560001 0.000848345 0.38227 0.000862762 
5 1 70750000 6.19412 0.00726162 -2.96088 0.0048413 11.6802 0.0280283 229.15 0.909268 0.000243501 0.00111704 -0.00334442 0.0010683 0.560001 0.000848345 0.38227 0.000862762 
5 1 71000000 6.19412 0.00726162 -2.96088 0.0048413 11.6802 0.0280283 229.15 0.909268 0.000243501 0.00111704 -0.00334442 0.0010683 0.560001 0.000848345 0.38227 0.000862762 
5 1 71250000 6.19412 0.00726162 -2.96088 0.0048413 11.6802 0.0280283 229.15 0.909268 0.000243501 0.00111704 -0.00334442 0.0010683 0.560001 0.000848345 0.38227 0.000862762 
5 1 71500000 6.19412 0.00726162 -2.96088 0.0048413 11.6802 0.0280283 229.15 0.909268 0.000243501 0.00111704 -0.00334442 0.0010683 0.560001 0.000848345 0.38227 0.000862762 
5 1 71750000 6.19412 0.00726162 -2.96088 0.0048413 11.6802 0.0280283 229.15 0.909268 0.000243501 0.00111704 -0.00334442 0.00105366 0.560001 0.000848345 0.38227 0.000862762 
5 1 72000000 6.19412 0.00726162 -2.96088 0.0048413 11.6802 0.0280283 229.15 0.909268 0.000243501 0.00111704 -0.00334442 0.00105366 0.560001 0.000848345 0.38227 0.000862762 
5 1 72250000 6.19412 0.00726162 -2.96088 0.0048413 11.6802 0.0280283 229.15 0.909268 0.000243501 0.00111704 -0.00334442 0.00105366 0.560001 0.000848345 0.38227 0.000862762 
5 1 72500000 6.19412 0.00726162 -2.96088 0.0048413 11.6802 0.0280283 229.15 0.909268 0.000243501 0.00111704 -0.00334442 0.00105366 0.560001 0.000848345 0.38227 0.000862762 
5 1 72750000 6.19412 0.00726162 -2.96088 0.0048413 11.6802 0.0280283 229.15 0.909268 0.000243501 0.00111704 -0.00334442 0.00104784 0.560001 0.000848345 0.38227 0.000862762 
5 1 73000000 6.19412 0.00726162 -2.96088 0.0048413 11.6802 0.0280283 229.15 0.909268 0.000243501 0.00111704 -0.00334442 0.00104784 0.560001 0.000848345 0.38227 0.000862762 
5 1 73250000 6.19412 0.00726162 -2.96088 0.0048413 11.6802 0.0280283 229.15 0.909268 0.000243501 0.00111704 -0.00334442 0.00104784 0.560001 0.000848345 0.38227 0.000862762 
5 1 73500000 6.19412 0.00726162 -2.96088 0.0048413 11.6802 0.0280283 229.15 0.909268 0.000243501 0.00111704 -0.00334442 0.00104784 0.560001 0.000848345 0.38227 0.000862762 
5 1 73750000 6.19412 0.00726162 -2.96088 0.0048413 11.6802 0.0280283 229.15 0.909268 0.000243501 0.00111704 -0.00334442 0.00104784 0.560001 0.000848345 0.38227 0.000862762 
5 1 74000000 6.1933 0.00690458 -2.9611 0.00450403 11.6836 0.0253897 229.264 0.813937 3.33537e-06 0.00114454 -0.00320559 0.00102894 0.560099 0.000763605 0.382371 0.000771607 
5 1 74250000 6.1933 0.00690458 -2.9611 0.00450403 11.6836 0.0253897 229.264 0.813937 3.33537e-06 0.00114454 -0.00320559 0.00102894 0.560099 0.000763605 0.382371 0.000771607 
5 1 74500000 6.1933 0.00690458 -2.9611 0.00450403 11.6836 0.0253897 229.264 0.813937 3.33537e-06 0.00114454 -0.00320559 0.00102894 0.560099 0.000763605 0.382371 0.000771607 
5 1 74750000 6.1933 0.00690458 -2.9611 0.00450403 11.6836 0.0253897 229.264 0.813937 3.33537e-06 0.00114454 -0.00320559 0.00102894 0.560099 0.000763605 0.382371 0.000771607 
5 1 75000000 6.1933 0.00690458 -2.9611 0.00450403 11.6836 0.0253897 229.264 0.813937 3.33537e-06 0.00114454 -0.00320559 0.00102264 0.560099 0.000763605 0.382371 0.000771607 
5 1 75250000 6.1933 0.00690458 -2.9611 0.00450403 11.6836 0.0253897 229.264 0.813937 3.33537e-06 0.00114454 -0.00320559 0.00102264 0.560099 0.000763605 0.382371 0.000771607 
5 1 75500000 6.1933 0.00690458 -2.9611 0.00450403 11.6836 0.0253897 229.264 0.813937 3.33537e-06 0.00114454 -0.00320559 0.00102264 0.560099 0.000763605 0.382371 0.000771607 
5 1 75750000 6.1933 0.00690458 -2.9611 0.00450403 11.6836 0.0253897 229.264 0.813937 3.33537e-06 0.00114454 -0.00320559 0.00102264 0.560099 0.000763605 0.382371 0.000771607 
5 1 76000000 6.1933 0.00690458 -2.9611 0.00450403 11.6836 0.0253897 229.264 0.813937 3.33537e-06 0.00114454 -0.00320559 0.00100985 0.560099 0.000763605 0.382371 0.000771607 
5 1 76250000 6.1933 0.00690458 -2.9611 0.00450403 11.6836 0.0253897 229.264 0.813937 3.33537e-06 0.00114454 -0.00320559 0.00100985 0.560099 0.000763605 0.382371 0.000771607 
5 1 76500000 6.1933 0.00690458 -2.9611 0.00450403 11.6836 0.0253897 229.264 0.813937 3.33537e-06 0.00114454 -0.00320559 0.00100985 0.560099 0.000763605 0.382371 0.000771607 
5 1 76750000 6.1933 0.00690458 -2.9611 0.00450403 11.6836 0.0253897 229.264 0.813937 3.33537e-06 0.00114454 -0.00320559 0.00100985 0.560099 0.000763605 0.382371 0.000771607 
5 1 77000000 6.1933 0.00690458 -2.9611 0.00450403 11.6836 0.0253897 229.264 0.813937 3.33537e-06 0.00114454 -0.00320559 0.00100687 0.560099 0.000763605 0.382371 0.000771607 
5 1 77250000 6.1933 0.00690458 -2.9611 0.00450403 11.6836 0.0253897 229.264 0.813937 3.33537e-06 0.00114454 -0.00320559 0.00100687 0.560099 0.000763605 0.382371 0.000771607 
5 1 77500000 6.1933 0.00690458 -2.9611 0.00450403 11.6836 0.0253897 229.264 0.813937 3.33537e-06 0.00114454 -0.00320559 0.00100687 0.560099 0.000763605 0.382371 0.000771607 
5 1 77750000 6.1933 0.00690458 -2.9611 0.00450403 11.6836 0.0253897 229.264 0.813937 3.33537e-06 0.00114454 -0.00320559 0.00100687 0.560099 0.000763605 0.382371 0.000771607 
5 1 78000000 6.19229 0.00661492 -2.96105 0.00450403 11.683 0.0253897 229.276 0.813937 -9.875e-06 0.00114454 -0.00331044 0.000994415 0.560094 0.000763605 0.382359 0.000771607 
5 1 78250000 6.19229 0.00661492 -2.96105 0.00450403 11.683 0.0253897 229.276 0.813937 -9.875e-06 0.00114454 -0.00331044 0.000994415 0.560094 0.000763605 0.382359 0.000771607 
5 1 78500000 6.19229 0.00661492 -2.96105 0.00450403 11.683 0.0253897 229.276 0.813937 -9.875e-06 0.00114454 -0.00331044 0.000994415 0.560094 0.000763605 0.382359 0.000771607 
5 1 78750000 6.19229 0.00661492 -2.96105 0.00450403 11.683 0.0253897 229.276 0.813937 -9.875e-06 0.00114454 -0.00331044 0.000994415 0.560094 0.000763605 0.382359 0.000771607 
5 1 79000000 6.19229 0.00661492 -2.96105 0.00450403 11.683 0.0253897 229.276 0.813937 -9.875e-06 0.00114454 -0.00331044 0.000991683 0.560094 0.000763605 0.382359 0.000771607 
5 1 79250000 6.19229 0.00661492 -2.96105 0.00450403 11.683 0.0253897 229.276 0.813937 -9.875e-06 0.00114454 -0.00331044 0.000991683 0.560094 0.000763605 0.382359 0.000771607 
5 1 79500000 6.19229 0.00661492 -2.96105 0.00450403 11.683 0.0253897 229.276 0.813937 -9.875e-06 0.00114454 -0.00331044 0.000991683 0.560094 0.000763605 0.382359 0.000771607 
5 1 79750000 6.19229 0.00661492 -2.96105 0.00450403 11.683 0.0253897 229.276 0.813937 -9.875e-06 0.00114454 -0.00331044 0.000991683 0.560094 0.000763605 0.382359 0.000771607 
5 1 80000000 6.19229 0.00661492 -2.96105 0.00450403 11.683 0.0253897 229.276 0.813937 -9.875e-06 0.00114454 -0.00331044 0.00102291 0.560094 0.000763605 0.382359 0.000771607 
5 1 80250000 6.19229 0.00661492 -2.96105 0.00450403 11.683 0.0253897 229.276 0.813937 -9.875e-06 0.00114454 -0.00331044 0.00102291 0.560094 0.000763605 0.382359 0.000771607 
5 1 80500000 6.19229 0.00661492 -2.96105 0.00450403 11.683 0.0253897 229.276 0.813937 -9.875e-06 0.00114454 -0.00331044 0.00102291 0.560094 0.000763605 0.382359 0.000771607 
5 1 80750000 6.19229 0.00661492 -2.96105 0.00450403 11.683 0.0253897 229.276 0.813937 -9.875e-06 0.00114454 -0.00331044 0.00102291 0.560094 0.000763605 0.382359 0.000771607 
5 1 81000000 6.19229 0.00661492 -2.96105 0.00450403 11.683 0.0253897 229.276 0.813937 -9.875e-06 0.00114454 -0.00331044 0.00102291 0.560094 0.000763605 0.382359 0.000771607 
5 1 81250000 6.19229 0.00661492 -2.96105 0.00450403 11.683 0.0253897 229.276 0.813937 -9.875e-06 0.00114454 -0.00331044 0.00102291 0.560094 0.000763605 0.382359 0.000771607 
5 1 81500000 6.19229 0.00661492 -2.96105 0.00450403 11.683 0.0253897 229.276 0.813937 -9.875e-06 0.00114454 -0.00331044 0.00102291 0.560094 0.000763605 0.382359 0.000771607 
5 1 81750000 6.19229 0.00661492 -2.96105 0.00450403 11.683 0.0253897 229.276 0.813937 -9.875e-06 0.00114454 -0.00331044 0.00102291 0.560094 0.000763605 0.382359 0.000771607 
5 1 82000000 6.1924 0.00628516 -2.96091 0.00405762 11.6815 0.022935 229.182 0.736665 1.15231e-05 0.00103012 -0.00285887 0.00100654 0.56012 0.000687545 0.382389 0.000694655 
5 1 82250000 6.1924 0.00628516 -2.96091 0.00405762 11.6815 0.022935 229.182 0.736665 1.15231e-05 0.00103012 -0.00285887 0.00100654 0.56012 0.000687545 0.382389 0.000694655 
5 1 82500000 6.1924 0.00628516 -2.96091 0.00405762 11.6815 0.022935 229.182 0.736665 1.15231e-05 0.00103012 -0.00285887 0.00100654 0.56012 0.000687545 0.382389 0.000694655 
5 1 82750000 6.1924 0.00628516 -2.96091 0.00405762 11.6815 0.022935 229.182 0.736665 1.15231e-05 0.00103012 -0.00285887 0.00100654 0.56012 0.000687545 0.382389 0.000694655 
5 1 83000000 6.1924 0.00628516 -2.96091 0.00405762 11.6815 0.022935 229.182 0.736665 1.15231e-05 0.00103012 -0.00285887 0.00100654 0.56012 0.000687545 0.382389 0.000694655 
5 1 83250000 6.1924 0.00628516 -2.96091 0.00405762 11.6815 0.022935 229.182 0.736665 1.15231e-05 0.00103012 -0.00285887 0.00100654 0.56012 0.000687545 0.382389 0.000694655 
5 1 83500000 6.1924 0.00628516 -2.96091 0.00405762 11.6815 0.022935 229.182 0.736665 1.15231e-05 0.00103012 -0.00285887 0.00100654 0.56012 0.000687545 0.382389 0.000694655 
5 1 83750000 6.1924 0.00628516 -2.96091 0.00405762 11.6815 0.022935 229.182 0.736665 1.15231e-05 0.00103012 -0.00285887 0.00100654 0.56012 0.000687545 0.382389 0.000694655 
5 1 84000000 6.1924 0.00628516 -2.96091 0.00405762 11.6815 0.022935 229.182 0.736665 1.15231e-05 0.00103012 -0.00285887 0.00100654 0.56012 0.000687545 0.382389 0.000694655 
5 1 84250000 6.1924 0.00628516 -2.96091 0.00405762 11.6815 0.022935 229.182 0.736665 1.15231e-05 0.00103012 -0.00285887 0.00100654 0.56012 0.000687545 0.382389 0.000694655 
5 1 84500000 6.1924 0.00628516 -2.96091 0.00405762 11.6815 0.022935 229.182 0.736665 1.15231e-05 0.00103012 -0.00285887 0.00100654 0.56012 0.000687545 0.382389 0.000694655 
5 1 84750000 6.1924 0.00628516 -2.96091 0.00405762 11.6815 0.022935 229.182 0.736665 1.15231e-05 0.00103012 -0.00285887 0.00100654 0.56012 0.000687545 0.382389 0.000694655 
5 1 85000000 6.1924 0.00628516 -2.96091 0.00405762 11.6815 0.022935 229.182 0.736665 1.15231e-05 0.00103012 -0.00285887 0.00100654 0.56012 0.000687545 0.382389 0.000694655 
5 1 85250000 6.1924 0.00628516 -2.96091 0.00405762 11.6815 0.022935 229.182 0.736665 1.15231e-05 0.00103012 -0.00285887 0.00100654 0.56012 0.000687545 0.382389 0.000694655 
5 1 85500000 6.1924 0.00628516 -2.96091 0.00405762 11.6815 0.022935 229.182 0.736665 1.15231e-05 0.00103012 -0.00285887 0.00100654 0.56012 0.000687545 0.382389 0.000694655 
5 1 85750000 6.1924 0.00628516 -2.96091 0.00405762 11.6815 0.022935 229.182 0.736665 1.15231e-05 0.00103012 -0.00285887 0.00100654 0.56012 0.000687545 0.382389 0.000694655 
5 1 86000000 6.1924 0.00628516 -2.96091 0.00405762 11.6815 0.022935 229.182 0.736665 1.15231e-05 0.00103012 -0.00285887 0.00100654 0.56012 0.000687545 0.382389 0.000694655 
5 1 86250000 6.1924 0.00600965 -2.96091 0.00405762 11.6815 0.022935 229.182 0.736665 1.15231e-05 0.00103012 -0.00285887 0.00100654 0.56012 0.000687545 0.382389 0.000694655 
5 1 86500000 6.1924 0.00600965 -2.96091 0.00405762 11.6815 0.022935 229.182 0.736665 1.15231e-05 0.00103012 -0.00285887 0.00100654 0.56012 0.000687545 0.382389 0.000694655 
5 1 86750000 6.1924 0.00600965 -2.96091 0.00405762 11.6815 0.022935 229.182 0.736665 1.15231e-05 0.00103012 -0.00285887 0.00100654 0.56012 0.000687545 0.382389 0.000694655 
5 1 87000000 6.1924 0.00600965 -2.96091 0.00405762 11.6815 0.022935 229.182 0.736665 1.15231e-05 0.00103012 -0.00285887 0.00100654 0.56012 0.000687545 0.382389 0.000694655 
5 1 87250000 6.1924 0.00600965 -2.96091 0.00405762 11.6815 0.022935 229.182 0.736665 1.15231e-05 0.00103012 -0.00285887 0.00100654 0.56012 0.000687545 0.382389 0.000694655 
5 1 87500000 6.1924 0.00600965 -2.96091 0.00405762 11.6815 0.022935 229.182 0.736665 1.15231e-05 0.00103012 -0.00285887 0.00100654 0.56012 0.000687545 0.382389 0.000694655 
5 1 87750000 6.1924 0.00600965 -2.96091 0.00405762 11.6815 0.022935 229.182 0.736665 1.15231e-05 0.00103012 -0.00285887 0.00100654 0.56012 0.000687545 0.382389 0.000694655 
5 1 88000000 6.1924 0.00600965 -2.96091 0.00405762 11.6815 0.022935 229.182 0.736665 1.15231e-05 0.00103012 -0.00285887 0.00100654 0.56012 0.000687545 0.382389 0.000694655 
5 1 88250000 6.1924 0.00600965 -2.96091 0.00405762 11.6815 0.022935 229.182 0.736665 1.15231e-05 0.00103012 -0.00285887 0.00100654 0.56012 0.000687545 0.382389 0.000694655 
5 1 88500000 6.1924 0.00600965 -2.96091 0.00405762 11.6815 0.022935 229.182 0.736665 1.15231e-05 0.00103012 -0.00285887 0.00100654 0.56012 0.000687545 0.382389 0.000694655 
5 1 88750000 6.1924 0.00600965 -2.96091 0.00405762 11.6815 0.022935 229.182 0.736665 1.15231e-05 0.00103012 -0.00285887 0.00100654 0.56012 0.000687545 0.382389 0.000694655 
5 1 89000000 6.1924 0.00600965 -2.96091 0.00405762 11.6815 0.022935 229.182 0.736665 1.15231e-05 0.00103012 -0.00285887 0.00100654 0.56012 0.000687545 0.382389 0.000694655 
5 1 89250000 6.1924 0.00600965 -2.96091 0.00405762 11.6815 0.022935 229.182 0.736665 1.15231e-05 0.00103012 -0.00285887 0.00100654 0.56012 0.000687545 0.382389 0.000694655 
5 1 89500000 6.1924 0.00600965 -2.96091 0.00405762 11.6815 0.022935 229.182 0.736665 1.15231e-05 0.00103012 -0.00285887 0.00100654 0.56012 0.000687545 0.382389 0.000694655 
5 1 89750000 6.1924 0.00600965 -2.96091 0.00405762 11.6815 0.022935 229.182 0.736665 1.15231e-05 0.00103012 -0.00285887 0.00100654 0.56012 0.000687545 0.382389 0.000694655 
5 1 90000000 6.1924 0.00600965 -2.96091 0.00405762 11.6815 0.022935 229.182 0.736665 1.15231e-05 0.00103012 -0.00285887 0.00100654 0.56012 0.000687545 0.382389 0.000694655 
5 1 90250000 6.19254 0.00577595 -2.95996 0.00379854 11.6751 0.0217233 229.002 0.691302 5.49111e-05 0.000982425 -0.00316164 0.00100654 0.560045 0.000629175 0.382278 0.000640379 
5 1 90500000 6.19254 0.00577595 -2.95996 0.00379854 11.6751 0.0217233 229.002 0.691302 5.49111e-05 0.000982425 -0.00316164 0.00100654 0.560045 0.000629175 0.382278 0.000640379 
5 1 90750000 6.19254 0.00577595 -2.95996 0.00379854 11.6751 0.0217233 229.002 0.691302 5.49111e-05 0.000982425 -0.00316164 0.00100654 0.560045 0.000629175 0.382278 0.000640379 
5 1 91000000 6.19254 0.00577595 -2.95996 0.00379854 11.6751 0.0217233 229.002 0.691302 5.49111e-05 0.000982425 -0.00316164 0.00100654 0.560045 0.000629175 0.382278 0.000640379 
5 1 91250000 6.19254 0.00577595 -2.95996 0.00379854 11.6751 0.0217233 229.002 0.691302 5.49111e-05 0.000982425 -0.00316164 0.00100654 0.560045 0.000629175 0.382278 0.000640379 
5 1 91500000 6.19254 0.00577595 -2.95996 0.00379854 11.6751 0.0217233 229.002 0.691302 5.49111e-05 0.000982425 -0.00316164 0.00100654 0.560045 0.000629175 0.382278 0.000640379 
5 1 91750000 6.19254 0.00577595 -2.95996 0.00379854 11.6751 0.0217233 229.002 0.691302 5.49111e-05 0.000982425 -0.00316164 0.00100654 0.560045 0.000629175 0.382278 0.000640379 
5 1 92000000 6.19254 0.00577595 -2.95996 0.00379854 11.6751 0.0217233 229.002 0.691302 5.49111e-05 0.000982425 -0.00316164 0.00100654 0.560045 0.000629175 0.382278 0.000640379 
5 1 92250000 6.19254 0.00577595 -2.95996 0.00379854 11.6751 0.0217233 229.002 0.691302 5.49111e-05 0.000982425 -0.00316164 0.00100654 0.560045 0.000629175 0.382278 0.000640379 
5 1 92500000 6.19254 0.00577595 -2.95996 0.00379854 11.6751 0.0217233 229.002 0.691302 5.49111e-05 0.000982425 -0.00316164 0.00100654 0.560045 0.000629175 0.382278 0.000640379 
5 1 92750000 6.19254 0.00577595 -2.95996 0.00379854 11.6751 0.0217233 229.002 0.691302 5.49111e-05 0.000982425 -0.00316164 0.00100654 0.560045 0.000629175 0.382278 0.000640379 
5 1 93000000 6.19254 0.00577595 -2.95996 0.00379854 11.6751 0.0217233 229.002 0.691302 5.49111e-05 0.000982425 -0.00316164 0.00100654 0.560045 0.000629175 0.382278 0.000640379 
5 1 93250000 6.19254 0.00577595 -2.95996 0.00379854 11.6751 0.0217233 229.002 0.691302 5.49111e-05 0.000982425 -0.00316164 0.00100654 0.560045 0.000629175 0.382278 0.000640379 
5 1 93500000 6.19254 0.00577595 -2.95996 0.00379854 11.6751 0.0217233 229.002 0.691302 5.49111e-05 0.000982425 -0.00316164 0.00100654 0.560045 0.000629175 0.382278 0.000640379 
5 1 93750000 6.19254 0.00577595 -2.95996 0.00379854 11.6751 0.0217233 229.002 0.691302 5.49111e-05 0.000982425 -0.00316164 0.00100654 0.560045 0.000629175 0.382278 0.000640379 
5 1 94000000 6.19254 0.00577595 -2.95996 0.00379854 11.6751 0.0217233 229.002 0.691302 5.49111e-05 0.000982425 -0.00316164 0.00100654 0.560045 0.000629175 0.382278 0.000640379 
5 1 94250000 6.19254 0.00564726 -2.95996 0.00379854 11.6751 0.0217233 229.002 0.691302 5.49111e-05 0.000982425 -0.00316164 0.00100654 0.560045 0.000629175 0.382278 0.000640379 
5 1 94500000 6.19254 0.00564726 -2.95996 0.00379854 11.6751 0.0217233 229.002 0.691302 5.49111e-05 0.000982425 -0.00316164 0.00100654 0.560045 0.000629175 0.382278 0.000640379 
5 1 94750000 6.19254 0.00564726 -2.95996 0.00379854 11.6751 0.0217233 229.002 0.691302 5.49111e-05 0.000982425 -0.00316164 0.00100654 0.560045 0.000629175 0.382278 0.000640379 
5 1 95000000 6.19254 0.00564726 -2.95996 0.00379854 11.6751 0.0217233 229.002 0.691302 5.49111e-05 0.000982425 -0.00316164 0.00100654 0.560045 0.000629175 0.382278 0.000640379 
5 1 95250000 6.19254 0.00564726 -2.95996 0.00379854 11.6751 0.0217233 229.002 0.691302 5.49111e-05 0.000982425 -0.00316164 0.00100654 0.560045 0.000629175 0.382278 0.000640379 
5 1 95500000 6.19254 0.00564726 -2.95996 0.00379854 11.6751 0.0217233 229.002 0.691302 5.49111e-05 0.000982425 -0.00316164 0.00100654 0.560045 0.000629175 0.382278 0.000640379 
5 1 95750000 6.19254 0.00564726 -2.95996 0.00379854 11.6751 0.0217233 229.002 0.691302 5.49111e-05 0.000982425 -0.00316164 0.00100654 0.560045 0.000629175 0.382278 0.000640379 
5 1 96000000 6.19254 0.00564726 -2.95996 0.00379854 11.6751 0.0217233 229.002 0.691302 5.49111e-05 0.000982425 -0.00316164 0.00100654 0.560045 0.000629175 0.382278 0.000640379 
5 1 96250000 6.19254 0.00564726 -2.95996 0.00379854 11.6751 0.0217233 229.002 0.691302 5.49111e-05 0.000982425 -0.00316164 0.00100654 0.560045 0.000629175 0.382278 0.000640379 
5 1 96500000 6.19254 0.00564726 -2.95996 0.00379854 11.6751 0.0217233 229.002 0.691302 5.49111e-05 0.000982425 -0.00316164 0.00100654 0.560045 0.000629175 0.382278 0.000640379 
5 1 96750000 6.19254 0.00564726 -2.95996 0.00379854 11.6751 0.0217233 229.002 0.691302 5.49111e-05 0.000982425 -0.00316164 0.00100654 0.560045 0.000629175 0.382278 0.000640379 
5 1 97000000 6.19254 0.00564726 -2.95996 0.00379854 11.6751 0.0217233 229.002 0.691302 5.49111e-05 0.000982425 -0.00316164 0.00100654 0.560045 0.000629175 0.382278 0.000640379 
5 1 97250000 6.19254 0.00564726 -2.95996 0.00379854 11.6751 0.0217233 229.002 0.691302 5.49111e-05 0.000982425 -0.00316164 0.00100654 0.560045 0.000629175 0.382278 0.000640379 
5 1 97500000 6.19254 0.00564726 -2.95996 0.00379854 11.6751 0.0217233 229.002 0.691302 5.49111e-05 0.000982425 -0.00316164 0.00100654 0.560045 0.000629175 0.382278 0.000640379 
5 1 97750000 6.19254 0.00564726 -2.95996 0.00379854 11.6751 0.0217233 229.002 0.691302 5.49111e-05 0.000982425 -0.00316164 0.00100654 0.560045 0.000629175 0.382278 0.000640379 
5 1 98000000 6.19254 0.00564726 -2.95996 0.00379854 11.6751 0.0217233 229.002 0.691302 5.49111e-05 0.000982425 -0.00316164 0.00100654 0.560045 0.000629175 0.382278 0.000640379 
5 1 98250000 6.19254 0.00564726 -2.95996 0.00379854 11.6751 0.0217233 229.002 0.691302 5.49111e-05 0.000982425 -0.00316164 0.00100654 0.560045 0.000629175 0.382278 0.000640379 
5 1 98500000 6.19169 0.00551124 -2.96154 0.00379768 11.6858 0.0223896 229.328 0.706245 0.00042165 0.00092824 -0.00272425 0.000911717 0.560238 0.000605871 0.382502 0.000625097 
5 1 98750000 6.19169 0.00551124 -2.96154 0.00379768 11.6858 0.0223896 229.328 0.706245 0.00042165 0.00092824 -0.00272425 0.000911717 0.560238 0.000605871 0.382502 0.000625097 
5 1 99000000 6.19169 0.00551124 -2.96154 0.00379768 11.6858 0.0223896 229.328 0.706245 0.00042165 0.00092824 -0.00272425 0.000911717 0.560238 0.000605871 0.382502 0.000625097 
5 1 99250000 6.19169 0.00551124 -2.96154 0.00379768 11.6858 0.0223896 229.328 0.706245 0.00042165 0.00092824 -0.00272425 0.000911717 0.560238 0.000605871 0.382502 0.000625097 
5 1 99500000 6.19169 0.00551326 -2.96154 0.00379768 11.6858 0.0223896 229.328 0.706245 0.00042165 0.00092824 -0.00272425 0.000911717 0.560238 0.000605871 0.382502 0.000625097 
5 1 99750000 6.19169 0.00551326 -2.96154 0.00379768 11.6858 0.0223896 229.328 0.706245 0.00042165 0.00092824 -0.00272425 0.000911717 0.560238 0.000605871 0.382502 0.000625097 
5 1 100000000 6.19169 0.00551326 -2.96154 0.00379768 11.6858 0.0223896 229.328 0.706245 0.00042165 0.00092824 -0.00272425 0.000911717 0.560238 0.000605871 0.382502 0.000625097 
