L J MC_steps R2 R2_std E E_std E2 E2_std E4 E4_std Sin1 Sin1_std Cos1 Cos1_std Mag2 Mag2_std Mag4 Mag4_std
6 1.25 360000 6.57143 0.176498 -5.20112 0.0641285 30.5386 0.628381 1256.52 42.5156 0.00761664 0.0231195 0.00730655 0.0244745 0.664126 0.00893834 0.491004 0.0103169 
6 1.25 720000 6.52902 0.117523 -5.22278 0.0505175 30.7001 0.459043 1263.06 32.8594 -0.0177865 0.0179234 0.030338 0.0179438 0.666618 0.00646733 0.491273 0.00706514 
6 1.25 1080000 6.59801 0.0955391 -5.21658 0.0440537 30.7882 0.425362 1280.62 33.1654 -0.0032455 0.017051 0.0106882 0.0161145 0.663945 0.00535926 0.490038 0.0059039 
6 1.25 1440000 6.55625 0.0811618 -5.20585 0.0373848 30.7389 0.358221 1283.73 24.8555 0.00882935 0.0150714 0.0010701 0.0135143 0.661513 0.00475194 0.487807 0.00523948 
6 1.25 1800000 6.58717 0.071712 -5.21136 0.0359599 30.7996 0.322446 1285.6 19.98 0.00635 0.0124325 0.00121644 0.0109504 0.66272 0.00466393 0.48928 0.00503536 
6 1.25 2160000 6.59162 0.0630198 -5.20978 0.0308381 30.7534 0.286928 1281.6 19.407 0.00504348 0.0111166 0.00275357 0.010204 0.662366 0.00410705 0.488627 0.00452288 
6 1.25 2520000 6.53425 0.0586727 -5.21945 0.0291014 30.8411 0.289588 1287.33 21.4763 0.00514471 0.0112446 -0.00749593 0.0101605 0.66335 0.00377327 0.49001 0.00431207 
6 1.25 2880000 6.52292 0.0544612 -5.22306 0.0262051 30.8486 0.266635 1287.68 19.3115 0.00567032 0.0109152 -0.00825553 0.0094684 0.663469 0.00350089 0.489996 0.00418827 
6 1.25 3240000 6.52068 0.0507685 -5.21827 0.0237103 30.7701 0.241501 1279.61 17.8993 0.00819805 0.00960504 -0.00973739 0.00871381 0.662733 0.00319328 0.488772 0.00378597 
6 1.25 3600000 6.49465 0.0484882 -5.22453 0.0214801 30.8106 0.217769 1279.03 16.0464 0.00844197 0.00888384 -0.00641152 0.00799563 0.663582 0.0029038 0.489646 0.00344959 
6 1.25 3960000 6.50664 0.0454808 -5.22362 0.0210775 30.7937 0.214956 1277.17 15.8765 0.00784524 0.00803121 -0.00611686 0.00904613 0.663856 0.00275919 0.489895 0.00334163 
6 1.25 4320000 6.51669 0.0426132 -5.21937 0.0195183 30.7397 0.199249 1272.19 14.5762 0.00536311 0.00767509 -0.00438153 0.00904613 0.662897 0.00252954 0.48876 0.00305169 
6 1.25 4680000 6.53906 0.0438915 -5.21805 0.0184543 30.741 0.18863 1272.93 13.6657 0.00528789 0.00703586 -0.00559714 0.00755335 0.663016 0.00241439 0.48912 0.00290135 
6 1.25 5040000 6.5601 0.0424502 -5.21435 0.0172552 30.7161 0.175442 1271.65 12.6859 0.00612578 0.00654435 -0.00343294 0.00755335 0.662647 0.00227489 0.488839 0.00275142 
6 1.25 5400000 6.55329 0.0409747 -5.21646 0.0166951 30.7243 0.164845 1270.86 12.1151 0.00278172 0.00687842 -0.00346373 0.00676889 0.662293 0.00218041 0.488305 0.00258433 
6 1.25 5760000 6.57214 0.0411308 -5.21313 0.016783 30.6759 0.167223 1266.4 12.0693 0.00329833 0.00643923 -0.00561071 0.00676889 0.662305 0.00216304 0.488153 0.00251723 
6 1.25 6120000 6.57422 0.0391113 -5.20206 0.0170679 30.5757 0.16156 1260.17 11.6304 0.00396919 0.00607162 -0.00692366 0.00674937 0.661215 0.002113 0.487022 0.00245355 
6 1.25 6480000 6.5733 0.0391113 -5.1994 0.0170679 30.5415 0.160372 1257.56 11.5866 0.00255432 0.00593415 -0.0059594 0.00674937 0.661267 0.00206738 0.48701 0.0024033 
6 1.25 6840000 6.56771 0.0353033 -5.19786 0.0156804 30.5299 0.151715 1256.58 10.8905 0.00103404 0.00574378 -0.00640974 0.00601897 0.66128 0.00197288 0.487162 0.00228055 
6 1.25 7200000 6.56702 0.0353033 -5.19495 0.0156804 30.4996 0.1476 1254.78 10.842 0.00261652 0.00565527 -0.00580421 0.00601897 0.66077 0.00190573 0.486412 0.00222383 
6 1.25 7560000 6.56543 0.0330474 -5.19317 0.0151626 30.4787 0.151168 1253.01 11.9379 0.00187172 0.00542133 -0.00472276 0.00564854 0.66009 0.00189883 0.485642 0.00217837 
6 1.25 7920000 6.56543 0.0321807 -5.19317 0.0151626 30.4787 0.151168 1253.01 11.9379 0.00187172 0.00530254 -0.00472276 0.00564854 0.66009 0.00189883 0.485642 0.00215148 
6 1.25 8280000 6.56072 0.0312438 -5.19101 0.0151626 30.4566 0.151168 1251.35 11.9379 -0.000356822 0.00516185 -0.00306632 0.00537243 0.659885 0.00179364 0.485175 0.00206116 
6 1.25 8640000 6.56072 0.0306777 -5.19101 0.0151626 30.4566 0.151168 1251.35 11.9379 -0.000356822 0.00511305 -0.00306632 0.00537243 0.659885 0.00179364 0.485175 0.00206116 
6 1.25 9000000 6.54606 0.0303036 -5.19201 0.012744 30.4667 0.12645 1252.33 9.96797 -0.000201419 0.00491272 -0.0040579 0.0050154 0.659929 0.00162229 0.485228 0.00194767 
6 1.25 9360000 6.54606 0.0303036 -5.19201 0.01268 30.4667 0.12645 1252.33 9.96797 -0.000201419 0.00480652 -0.0040579 0.0050154 0.659929 0.00159807 0.485228 0.00190477 
6 1.25 9720000 6.55559 0.0294323 -5.19093 0.01268 30.4697 0.12645 1253.41 9.96797 0.000597373 0.00466052 -0.00424645 0.00463314 0.659954 0.00155785 0.485479 0.00183618 
6 1.25 10080000 6.55559 0.0294323 -5.19093 0.01268 30.4697 0.12645 1253.41 9.96797 0.000597373 0.00453295 -0.00424645 0.00463314 0.659954 0.00153529 0.485479 0.00178487 
6 1.25 10440000 6.56097 0.0284549 -5.18815 0.0119062 30.4485 0.113924 1252.5 8.5455 0.000216114 0.00443507 -0.00478967 0.00433393 0.659745 0.00149649 0.485232 0.00175084 
6 1.25 10800000 6.56097 0.0284549 -5.18815 0.0116736 30.4485 0.111559 1252.5 8.5455 0.000216114 0.00433188 -0.00478967 0.00433393 0.659745 0.00146648 0.485232 0.00172162 
6 1.25 11160000 6.5599 0.0284549 -5.18466 0.0114398 30.4225 0.109687 1251.35 8.5455 0.000350214 0.00420554 -0.00498484 0.00404939 0.659371 0.00142585 0.484789 0.00168547 
6 1.25 11520000 6.5599 0.0284549 -5.18466 0.0114398 30.4225 0.109687 1251.35 8.5455 0.000350214 0.00422119 -0.00498484 0.00404939 0.659371 0.00141555 0.484789 0.00166572 
6 1.25 11880000 6.56738 0.0256115 -5.1878 0.0111078 30.4398 0.105635 1251.72 7.51279 -0.0012745 0.00410238 -0.00379682 0.00396675 0.659659 0.00137478 0.485016 0.00162436 
6 1.25 12240000 6.56738 0.0256115 -5.1878 0.0111982 30.4398 0.103866 1251.72 7.51279 -0.0012745 0.00403294 -0.00379682 0.00396675 0.659659 0.00138382 0.485016 0.00159347 
6 1.25 12600000 6.56916 0.0256115 -5.18981 0.0110214 30.4626 0.101499 1253.49 7.51279 -0.00094594 0.00393183 -0.00377245 0.00376739 0.660072 0.00135008 0.485482 0.00155031 
6 1.25 12960000 6.56916 0.0256115 -5.18981 0.0109451 30.4626 0.101301 1253.49 7.51279 -0.00094594 0.00401766 -0.00377245 0.00373349 0.660072 0.00132687 0.485482 0.00152744 
6 1.25 13320000 6.57161 0.0250244 -5.18881 0.0110502 30.4605 0.102302 1254.21 7.07707 -0.000446477 0.0039085 -0.00290656 0.00363404 0.659888 0.00132359 0.485314 0.00151307 
6 1.25 13680000 6.57161 0.0243954 -5.18881 0.0109858 30.4605 0.101577 1254.21 7.07707 -0.000446477 0.00382392 -0.00290656 0.00362509 0.659888 0.00131781 0.485314 0.00151908 
6 1.25 14040000 6.57161 0.0240654 -5.18881 0.0107819 30.4605 0.0996847 1254.21 7.07707 -0.000446477 0.00378555 -0.00290656 0.00362509 0.659888 0.00129303 0.485314 0.00150696 
6 1.25 14400000 6.57401 0.023949 -5.19256 0.0105287 30.4946 0.0972787 1256.49 7.07707 0.000576228 0.00369476 -0.00270482 0.00355338 0.660285 0.00126326 0.485773 0.00146748 
6 1.25 14760000 6.57401 0.0236083 -5.19256 0.0103016 30.4946 0.0953362 1256.49 7.07707 0.000576228 0.00364817 -0.00270482 0.0035316 0.660285 0.00123651 0.485773 0.00143533 
6 1.25 15120000 6.57148 0.0235234 -5.19036 0.0100857 30.4717 0.0933997 1254.87 7.92726 0.00109327 0.00357361 -0.00188334 0.00349652 0.660131 0.00121248 0.485665 0.0014015 
6 1.25 15480000 6.57148 0.0235234 -5.19036 0.00987173 30.4717 0.091449 1254.87 7.92726 0.00109327 0.00358143 -0.00188334 0.00347223 0.660131 0.00118764 0.485665 0.00137599 
6 1.25 15840000 6.57148 0.0235234 -5.19036 0.009694 30.4717 0.089874 1254.87 7.92726 0.00109327 0.00352393 -0.00188334 0.00344902 0.660131 0.00116766 0.485665 0.00136417 
6 1.25 16200000 6.57148 0.0235234 -5.19036 0.0096261 30.4717 0.0896944 1254.87 7.92726 0.00109327 0.0034747 -0.00188334 0.00341053 0.660131 0.00116761 0.485665 0.00136751 
6 1.25 16560000 6.57164 0.0235234 -5.19098 0.00947667 30.4601 0.0886455 1252.8 7.92726 0.00182325 0.00342892 -0.000522756 0.00337135 0.660301 0.00114781 0.485605 0.00134371 
6 1.25 16920000 6.57164 0.0235234 -5.19098 0.00929994 30.4601 0.0886455 1252.8 7.92726 0.00182325 0.00347047 -0.000522756 0.00333667 0.660301 0.00112557 0.485605 0.00131443 
6 1.25 17280000 6.57164 0.0235234 -5.19098 0.00913158 30.4601 0.0886455 1252.8 7.92726 0.00182325 0.00341175 -0.000522756 0.00329792 0.660301 0.0011037 0.485605 0.00129272 
6 1.25 17640000 6.57164 0.0235234 -5.19098 0.00899595 30.4601 0.0886455 1252.8 7.92726 0.00182325 0.00334549 -0.000522756 0.00324958 0.660301 0.0010855 0.485605 0.00126845 
6 1.25 18000000 6.56169 0.0215471 -5.19462 0.00891536 30.4892 0.0829201 1254.35 6.62298 0.00132279 0.00331048 -0.0017095 0.00321605 0.66045 0.00107498 0.485793 0.00125858 
6 1.25 18360000 6.56169 0.0215471 -5.19462 0.00874748 30.4892 0.0814177 1254.35 6.62298 0.00132279 0.00332094 -0.0017095 0.00319675 0.66045 0.00105708 0.485793 0.00123798 
6 1.25 18720000 6.56169 0.0215471 -5.19462 0.0088187 30.4892 0.0815811 1254.35 6.62298 0.00132279 0.00326962 -0.0017095 0.00316576 0.66045 0.00105521 0.485793 0.0012136 
6 1.25 19080000 6.56169 0.0215471 -5.19462 0.00869416 30.4892 0.0804275 1254.35 6.62298 0.00132279 0.00324425 -0.0017095 0.00312821 0.66045 0.00103767 0.485793 0.00119384 
6 1.25 19440000 6.56363 0.0215471 -5.19352 0.00865666 30.4874 0.0801199 1254.72 6.62298 0.00283648 0.0032913 -0.000869654 0.00309702 0.660309 0.00102376 0.485626 0.00117786 
6 1.25 19800000 6.56363 0.0215471 -5.19352 0.00864061 30.4874 0.0803098 1254.72 6.62298 0.00283648 0.00327167 -0.000869654 0.00308729 0.660309 0.00101651 0.485626 0.00116511 
6 1.25 20160000 6.56363 0.0215471 -5.19352 0.00859341 30.4874 0.0799658 1254.72 6.62298 0.00283648 0.00321409 -0.000869654 0.00306002 0.660309 0.00100981 0.485626 0.00115521 
6 1.25 20520000 6.56363 0.0215471 -5.19352 0.00846156 30.4874 0.0792592 1254.72 6.62298 0.00283648 0.00316341 -0.000869654 0.00303685 0.660309 0.00099529 0.485626 0.0011373 
6 1.25 20880000 6.5565 0.0203519 -5.19677 0.00843345 30.5255 0.0785676 1257.46 6.36793 0.00269388 0.00311129 -0.00164976 0.00299681 0.660345 0.000997503 0.485772 0.00114247 
6 1.25 21240000 6.5565 0.0204568 -5.19677 0.0083306 30.5255 0.0775644 1257.46 6.36793 0.00269388 0.00309563 -0.00164976 0.00296207 0.660345 0.000982537 0.485772 0.0011247 
6 1.25 21600000 6.5565 0.020296 -5.19677 0.00824461 30.5255 0.0767675 1257.46 6.36793 0.00269388 0.00307132 -0.00164976 0.00293994 0.660345 0.000972636 0.485772 0.00111403 
6 1.25 21960000 6.5565 0.0200515 -5.19677 0.00821453 30.5255 0.0766594 1257.46 6.36793 0.00269388 0.00302295 -0.00164976 0.0029249 0.660345 0.000966445 0.485772 0.00110834 
6 1.25 22320000 6.54974 0.0197548 -5.19932 0.00809868 30.5472 0.0754678 1258.65 6.36793 0.00357231 0.00298221 -0.00137599 0.00289415 0.660843 0.000954284 0.48636 0.00109325 
6 1.25 22680000 6.54974 0.0195175 -5.19932 0.00804928 30.5472 0.0749849 1258.65 6.36793 0.00357231 0.00294269 -0.00137599 0.00287092 0.660843 0.000948958 0.48636 0.00108685 
6 1.25 23040000 6.54974 0.0192853 -5.19932 0.00795039 30.5472 0.0740947 1258.65 6.36793 0.00357231 0.00294706 -0.00137599 0.0028458 0.660843 0.000940313 0.48636 0.00107738 
6 1.25 23400000 6.54974 0.0192046 -5.19932 0.00788655 30.5472 0.0736709 1258.65 6.36793 0.00357231 0.00292132 -0.00137599 0.0027689 0.660843 0.000934821 0.48636 0.00107086 
6 1.25 23760000 6.54865 0.0190995 -5.19745 0.00782309 30.5327 0.0726437 1257.95 5.59011 0.00375235 0.00288735 -0.00197954 0.00274054 0.660744 0.000925611 0.486223 0.0010611 
6 1.25 24120000 6.54865 0.0189629 -5.19745 0.00775084 30.5327 0.0719384 1257.95 5.59011 0.00375235 0.00288857 -0.00197954 0.00271435 0.660744 0.000922675 0.486223 0.00105496 
6 1.25 24480000 6.54865 0.0188329 -5.19745 0.00766952 30.5327 0.071045 1257.95 5.59011 0.00375235 0.0028454 -0.00197954 0.00268591 0.660744 0.000915011 0.486223 0.00104519 
6 1.25 24840000 6.54865 0.0185568 -5.19745 0.00762121 30.5327 0.0705461 1257.95 5.59011 0.00375235 0.0028032 -0.00197954 0.00267069 0.660744 0.00090778 0.486223 0.00103556 
6 1.25 25200000 6.55113 0.0183057 -5.19701 0.0075556 30.5261 0.0698474 1257.4 5.59011 0.00360632 0.00278492 -0.00114377 0.00265897 0.660601 0.000901864 0.48602 0.00102831 
6 1.25 25560000 6.55113 0.0182776 -5.19701 0.00753932 30.5261 0.069672 1257.4 5.59011 0.00360632 0.00276096 -0.00114377 0.00263762 0.660601 0.00090228 0.48602 0.00103529 
6 1.25 25920000 6.55113 0.0182429 -5.19701 0.00751868 30.5261 0.0695186 1257.4 5.59011 0.00360632 0.00272172 -0.00114377 0.00260629 0.660601 0.000895422 0.48602 0.00102213 
6 1.25 26280000 6.55113 0.0182429 -5.19701 0.00745243 30.5261 0.0690166 1257.4 5.59011 0.00360632 0.00268823 -0.00114377 0.00257984 0.660601 0.000888327 0.48602 0.00101501 
6 1.25 26640000 6.55339 0.0185018 -5.19934 0.0074327 30.543 0.0689543 1257.9 4.96917 0.00375327 0.00265591 -0.00101468 0.00255255 0.661023 0.000884711 0.486482 0.00101174 
6 1.25 27000000 6.55339 0.0185018 -5.19934 0.00743596 30.543 0.0690041 1257.9 4.96917 0.00375327 0.00265323 -0.00101468 0.00252854 0.661023 0.000890942 0.486482 0.00103025 
6 1.25 27360000 6.55339 0.0186462 -5.19934 0.00741747 30.543 0.0689019 1257.9 4.96917 0.00375327 0.00263901 -0.00101468 0.0025215 0.661023 0.000886671 0.486482 0.00103308 
6 1.25 27720000 6.55339 0.0186462 -5.19934 0.00741478 30.543 0.068954 1257.9 4.96917 0.00375327 0.00261423 -0.00101468 0.00250409 0.661023 0.000884953 0.486482 0.00102747 
6 1.25 28080000 6.5495 0.0181843 -5.20072 0.00735794 30.554 0.0684915 1258.26 4.96917 0.00408723 0.00258757 -0.00138011 0.00247997 0.661146 0.000875857 0.486612 0.00102348 
6 1.25 28440000 6.5495 0.0181843 -5.20072 0.00729821 30.554 0.0680225 1258.26 4.96917 0.00408723 0.00256696 -0.00138011 0.00245982 0.661146 0.00086834 0.486612 0.00101476 
6 1.25 28800000 6.5495 0.0179229 -5.20072 0.00724655 30.554 0.0676244 1258.26 4.96917 0.00408723 0.00254156 -0.00138011 0.00243194 0.661146 0.000859154 0.486612 0.00100554 
6 1.25 29160000 6.5495 0.0179229 -5.20072 0.00719143 30.554 0.0670162 1258.26 4.96917 0.00408723 0.00252569 -0.00138011 0.00241646 0.661146 0.000858864 0.486612 0.0010075 
6 1.25 29520000 6.5495 0.0179229 -5.20072 0.00712614 30.554 0.0664567 1258.26 4.96917 0.00408723 0.00251837 -0.00138011 0.00240093 0.661146 0.000852464 0.486612 0.00100131 
6 1.25 29880000 6.55234 0.0174752 -5.20022 0.00710529 30.5464 0.0660613 1257.78 4.56409 0.00387458 0.00258147 -0.00130789 0.00237755 0.661133 0.00084794 0.48657 0.00099975 
6 1.25 30240000 6.55234 0.0174752 -5.20022 0.00703662 30.5464 0.0654277 1257.78 4.51393 0.00387458 0.00258147 -0.00130789 0.00236774 0.661133 0.000838394 0.48657 0.00098758 
6 1.25 30600000 6.55234 0.0176764 -5.20022 0.00701548 30.5464 0.0653328 1257.78 4.49667 0.00387458 0.00258147 -0.00130789 0.0023452 0.661133 0.000832795 0.48657 0.000980424 
6 1.25 30960000 6.55234 0.0176764 -5.20022 0.00695308 30.5464 0.0647554 1257.78 4.47377 0.00387458 0.00258147 -0.00130789 0.00232703 0.661133 0.000826328 0.48657 0.000975394 
6 1.25 31320000 6.55234 0.0173694 -5.20022 0.00691492 30.5464 0.0643613 1257.78 4.47775 0.00387458 0.00258147 -0.00130789 0.0023084 0.661133 0.000821254 0.48657 0.00096656 
6 1.25 31680000 6.55234 0.0173694 -5.20022 0.00684424 30.5464 0.0639268 1257.78 4.47377 0.00387458 0.00258147 -0.00130789 0.00229076 0.661133 0.000812836 0.48657 0.000960327 
6 1.25 32040000 6.55234 0.0170126 -5.20022 0.00677268 30.5464 0.06348 1257.78 4.50277 0.00387458 0.00258147 -0.00130789 0.00228912 0.661133 0.000805243 0.48657 0.000952026 
6 1.25 32400000 6.55234 0.0170126 -5.20022 0.00671845 30.5464 0.0628422 1257.78 4.47377 0.00387458 0.00258147 -0.00130789 0.00228002 0.661133 0.00080112 0.48657 0.000941278 
6 1.25 32760000 6.55868 0.0173182 -5.19784 0.00665243 30.5193 0.0622886 1255.5 4.61218 0.00419508 0.00258147 -0.000934289 0.0022626 0.660954 0.00079321 0.48629 0.000934482 
6 1.25 33120000 6.55868 0.0173182 -5.19784 0.00660619 30.5193 0.0618998 1255.5 4.61218 0.00419508 0.00258147 -0.000934289 0.00224637 0.660954 0.000787355 0.48629 0.000924504 
6 1.25 33480000 6.55868 0.0170433 -5.19784 0.00660473 30.5193 0.0616864 1255.5 4.61218 0.00419508 0.00258147 -0.000934289 0.00224127 0.660954 0.000784979 0.48629 0.000917019 
6 1.25 33840000 6.55868 0.0170433 -5.19784 0.00655816 30.5193 0.0612864 1255.5 4.61218 0.00419508 0.00258147 -0.000934289 0.00222743 0.660954 0.000779201 0.48629 0.000909934 
6 1.25 34200000 6.55868 0.0166741 -5.19784 0.00649595 30.5193 0.060691 1255.5 4.61218 0.00419508 0.00258147 -0.000934289 0.00221583 0.660954 0.000775248 0.48629 0.000909468 
6 1.25 34560000 6.55868 0.0166741 -5.19784 0.00643384 30.5193 0.0601253 1255.5 4.61218 0.00419508 0.00258147 -0.000934289 0.00220367 0.660954 0.000768496 0.48629 0.000902429 
6 1.25 34920000 6.55868 0.0163693 -5.19784 0.00639174 30.5193 0.0598151 1255.5 4.61218 0.00419508 0.00258147 -0.000934289 0.00219303 0.660954 0.00076271 0.48629 0.000896944 
6 1.25 35280000 6.55868 0.0163693 -5.19784 0.0063868 30.5193 0.0599593 1255.5 4.61218 0.00419508 0.00258147 -0.000934289 0.00218652 0.660954 0.000760046 0.48629 0.000890176 
6 1.25 35640000 6.55538 0.0162069 -5.19992 0.00635966 30.543 0.059521 1257.21 4.53579 0.00352444 0.00230009 -0.000372866 0.00218337 0.6611 0.000759796 0.486483 0.00088214 
6 1.25 36000000 6.55538 0.0162069 -5.19992 0.00630383 30.543 0.0590492 1257.21 4.53579 0.00352444 0.00230357 -0.000372866 0.00218337 0.6611 0.000753835 0.486483 0.000876401 
6 1.25 36360000 6.55538 0.0160905 -5.19992 0.00632133 30.543 0.0593959 1257.21 4.53579 0.00352444 0.00228946 -0.000372866 0.00218337 0.6611 0.000753561 0.486483 0.000885925 
6 1.25 36720000 6.55538 0.0160905 -5.19992 0.00628184 30.543 0.0590302 1257.21 4.53579 0.00352444 0.0023365 -0.000372866 0.00218337 0.6611 0.000749323 0.486483 0.000877712 
6 1.25 37080000 6.55538 0.0157691 -5.19992 0.00626578 30.543 0.0589989 1257.21 4.53579 0.00352444 0.00232616 -0.000372866 0.00216623 0.6611 0.000746724 0.486483 0.000877886 
6 1.25 37440000 6.55538 0.0157691 -5.19992 0.00621843 30.543 0.0585429 1257.21 4.53579 0.00352444 0.0023034 -0.000372866 0.00216623 0.6611 0.000740268 0.486483 0.000870013 
6 1.25 37800000 6.55538 0.0159176 -5.19992 0.00618728 30.543 0.0582779 1257.21 4.53579 0.00352444 0.00228163 -0.000372866 0.00216623 0.6611 0.000736792 0.486483 0.000867881 
6 1.25 38160000 6.55538 0.0159176 -5.19992 0.00620175 30.543 0.0585396 1257.21 4.53579 0.00352444 0.00226646 -0.000372866 0.00216623 0.6611 0.000736273 0.486483 0.000862771 
6 1.25 38520000 6.55735 0.0156258 -5.20106 0.00619114 30.5554 0.05848 1258.16 4.28462 0.00231839 0.00225687 -0.000832678 0.00210371 0.661192 0.000733667 0.486627 0.000854557 
6 1.25 38880000 6.55735 0.0156258 -5.20106 0.00615606 30.5554 0.05809 1258.16 4.28462 0.00231839 0.00223701 -0.000832678 0.00209247 0.661192 0.000731991 0.486627 0.000864003 
6 1.25 39240000 6.55735 0.015331 -5.20106 0.00613416 30.5554 0.0577737 1258.16 4.28462 0.00231839 0.00222716 -0.000832678 0.00208515 0.661192 0.000727345 0.486627 0.000856898 
6 1.25 39600000 6.55735 0.015331 -5.20106 0.00611508 30.5554 0.0575826 1258.16 4.28462 0.00231839 0.00222642 -0.000832678 0.00209159 0.661192 0.000727898 0.486627 0.00086264 
6 1.25 39960000 6.55735 0.0151477 -5.20106 0.00608327 30.5554 0.0572244 1258.16 4.28462 0.00231839 0.00220787 -0.000832678 0.00207635 0.661192 0.000723531 0.486627 0.000854888 
6 1.25 40320000 6.55735 0.0151477 -5.20106 0.00607513 30.5554 0.0571345 1258.16 4.28462 0.00231839 0.00219537 -0.000832678 0.00209145 0.661192 0.000723548 0.486627 0.000854885 
6 1.25 40680000 6.55735 0.0151513 -5.20106 0.00603965 30.5554 0.0568598 1258.16 4.28462 0.00231839 0.00217928 -0.000832678 0.00207772 0.661192 0.000718285 0.486627 0.000850925 
6 1.25 41040000 6.55735 0.0151513 -5.20106 0.0060088 30.5554 0.0565304 1258.16 4.28462 0.00231839 0.00217484 -0.000832678 0.00205997 0.661192 0.000714919 0.486627 0.000844713 
6 1.25 41400000 6.558 0.0149899 -5.20374 0.00596125 30.5798 0.05611 1259.55 4.19886 0.00170837 0.00251038 -0.00116355 0.00204272 0.661477 0.000709731 0.487011 0.000840083 
6 1.25 41760000 6.558 0.0149899 -5.20374 0.00595695 30.5798 0.0559474 1259.55 4.19886 0.00170837 0.00251038 -0.00116355 0.00204458 0.661477 0.000709291 0.487011 0.000837268 
6 1.25 42120000 6.558 0.0150092 -5.20374 0.00592616 30.5798 0.0557003 1259.55 4.19886 0.00170837 0.00251038 -0.00116355 0.00204486 0.661477 0.000707214 0.487011 0.000834343 
6 1.25 42480000 6.558 0.0150092 -5.20374 0.00588298 30.5798 0.0553508 1259.55 4.19886 0.00170837 0.00251038 -0.00116355 0.0020418 0.661477 0.000701936 0.487011 0.000827576 
6 1.25 42840000 6.558 0.0147527 -5.20374 0.00586406 30.5798 0.0550998 1259.55 4.19886 0.00170837 0.00251038 -0.00116355 0.00212307 0.661477 0.000698845 0.487011 0.000822111 
6 1.25 43200000 6.558 0.0147527 -5.20374 0.00581908 30.5798 0.054681 1259.55 4.19886 0.00170837 0.00251038 -0.00116355 0.00212307 0.661477 0.00069431 0.487011 0.000816083 
6 1.25 43560000 6.558 0.0146462 -5.20374 0.00579415 30.5798 0.0544197 1259.55 4.19886 0.00170837 0.00251038 -0.00116355 0.00212307 0.661477 0.000690321 0.487011 0.00081123 
6 1.25 43920000 6.558 0.0146462 -5.20374 0.00578174 30.5798 0.0544298 1259.55 4.19886 0.00170837 0.00251038 -0.00116355 0.00212307 0.661477 0.000687557 0.487011 0.000806457 
6 1.25 44280000 6.55993 0.0144242 -5.20293 0.00574963 30.5748 0.0541041 1259.28 3.92747 0.000956666 0.00251038 -0.00200537 0.00205559 0.661355 0.000683121 0.486904 0.00079982 
6 1.25 44640000 6.55993 0.0144242 -5.20293 0.00572618 30.5748 0.0539677 1259.28 3.92747 0.000956666 0.00251038 -0.00200537 0.00205559 0.661355 0.00067988 0.486904 0.000797033 
6 1.25 45000000 6.55993 0.0144242 -5.20293 0.00568526 30.5748 0.0535553 1259.28 3.92747 0.000956666 0.00251038 -0.00200537 0.00205559 0.661355 0.00067503 0.486904 0.000791405 
6 1.25 45360000 6.55993 0.0142257 -5.20293 0.0056638 30.5748 0.0533221 1259.28 3.92747 0.000956666 0.00251038 -0.00200537 0.00205811 0.661355 0.000674149 0.486904 0.000788555 
6 1.25 45720000 6.55993 0.0142257 -5.20293 0.00562243 30.5748 0.052935 1259.28 3.92747 0.000956666 0.00251038 -0.00200537 0.00205811 0.661355 0.000669062 0.486904 0.000782717 
6 1.25 46080000 6.55993 0.0140496 -5.20293 0.00562243 30.5748 0.0525296 1259.28 3.92747 0.000956666 0.00251038 -0.00200537 0.00203744 0.661355 0.000664856 0.486904 0.0007779 
6 1.25 46440000 6.55993 0.0140496 -5.20293 0.00562243 30.5748 0.0525296 1259.28 3.92747 0.000956666 0.00251038 -0.00200537 0.00203744 0.661355 0.000660182 0.486904 0.000771719 
6 1.25 46800000 6.55993 0.0138471 -5.20293 0.00562243 30.5748 0.0525296 1259.28 3.92747 0.000956666 0.00251038 -0.00200537 0.00203103 0.661355 0.000656085 0.486904 0.00076648 
6 1.25 47160000 6.55993 0.0138471 -5.20293 0.00562243 30.5748 0.0525296 1259.28 3.92747 0.000956666 0.00251038 -0.00200537 0.00203103 0.661355 0.00065186 0.486904 0.000760759 
6 1.25 47520000 6.55792 0.0136392 -5.20361 0.00545354 30.5831 0.0513967 1260.18 3.78294 0.00102486 0.00228774 -0.00209101 0.00199985 0.66144 0.000647447 0.487015 0.000758026 
6 1.25 47880000 6.55792 0.0136392 -5.20361 0.00543778 30.5831 0.0512463 1260.18 3.78294 0.00102486 0.00228774 -0.00209101 0.00199985 0.66144 0.000644381 0.487015 0.000752243 
6 1.25 48240000 6.55792 0.0134541 -5.20361 0.00544551 30.5831 0.0512553 1260.18 3.78294 0.00102486 0.00228774 -0.00209101 0.00201478 0.66144 0.000647988 0.487015 0.000755573 
6 1.25 48600000 6.55792 0.0134541 -5.20361 0.00541506 30.5831 0.0509681 1260.18 3.78294 0.00102486 0.00228774 -0.00209101 0.00201478 0.66144 0.00064453 0.487015 0.000751269 
6 1.25 48960000 6.55792 0.0133382 -5.20361 0.00538698 30.5831 0.0507288 1260.18 3.78294 0.00102486 0.00228774 -0.00209101 0.00199284 0.66144 0.000641478 0.487015 0.000747319 
6 1.25 49320000 6.55792 0.0133382 -5.20361 0.00536479 30.5831 0.0505116 1260.18 3.78294 0.00102486 0.00228774 -0.00209101 0.00199284 0.66144 0.000641484 0.487015 0.000747611 
6 1.25 49680000 6.55792 0.0131766 -5.20361 0.00538584 30.5831 0.0507745 1260.18 3.78294 0.00102486 0.00228774 -0.00209101 0.00197218 0.66144 0.00064347 0.487015 0.000746229 
6 1.25 50040000 6.55792 0.0131766 -5.20361 0.00535036 30.5831 0.0504584 1260.18 3.78294 0.00102486 0.00228774 -0.00209101 0.00197218 0.66144 0.000639191 0.487015 0.000741577 
6 1.25 50400000 6.56037 0.013627 -5.20226 0.00532466 30.57 0.0502625 1259.15 3.69744 0.00101457 0.00228774 -0.0021043 0.00194358 0.661287 0.000637089 0.486852 0.000738696 
6 1.25 50760000 6.56037 0.013627 -5.20226 0.00530001 30.57 0.0500081 1259.15 3.69744 0.00101457 0.00228774 -0.0021043 0.00194358 0.661287 0.000633825 0.486852 0.000734608 
6 1.25 51120000 6.56037 0.0134354 -5.20226 0.00527394 30.57 0.0497935 1259.15 3.69744 0.00101457 0.00228774 -0.0021043 0.00194214 0.661287 0.000631417 0.486852 0.000731368 
6 1.25 51480000 6.56037 0.0134354 -5.20226 0.00525312 30.57 0.0495371 1259.15 3.69744 0.00101457 0.00228774 -0.0021043 0.00194214 0.661287 0.000628435 0.486852 0.000727511 
6 1.25 51840000 6.56037 0.0132439 -5.20226 0.00525292 30.57 0.0495069 1259.15 3.69744 0.00101457 0.00228774 -0.0021043 0.00197329 0.661287 0.000627903 0.486852 0.000726853 
6 1.25 52200000 6.56037 0.0132439 -5.20226 0.00522542 30.57 0.0492531 1259.15 3.69744 0.00101457 0.00228774 -0.0021043 0.00197329 0.661287 0.00062475 0.486852 0.000723246 
6 1.25 52560000 6.56037 0.0130905 -5.20226 0.00520883 30.57 0.0490947 1259.15 3.69744 0.00101457 0.00228774 -0.0021043 0.00196521 0.661287 0.000622613 0.486852 0.000720518 
6 1.25 52920000 6.56037 0.0130905 -5.20226 0.00517733 30.57 0.0487959 1259.15 3.69744 0.00101457 0.00228774 -0.0021043 0.00196521 0.661287 0.000618406 0.486852 0.000715697 
6 1.25 53280000 6.56255 0.0132116 -5.20044 0.00529776 30.5522 0.0502982 1258.18 3.61695 0.000287811 0.002149 -0.00216973 0.00194676 0.661233 0.000615012 0.486771 0.000711638 
6 1.25 53640000 6.56255 0.0132116 -5.20044 0.00529776 30.5522 0.0502982 1258.18 3.61695 0.000287811 0.002149 -0.00216973 0.00194676 0.661233 0.00061277 0.486771 0.000709278 
6 1.25 54000000 6.56255 0.0132581 -5.20044 0.00529776 30.5522 0.0502982 1258.18 3.61695 0.000287811 0.002149 -0.00216973 0.00192268 0.661233 0.000610839 0.486771 0.000707139 
6 1.25 54360000 6.56255 0.0132581 -5.20044 0.00529776 30.5522 0.0502982 1258.18 3.61695 0.000287811 0.002149 -0.00216973 0.00192268 0.661233 0.000607114 0.486771 0.000702738 
6 1.25 54720000 6.56255 0.0131193 -5.20044 0.00529776 30.5522 0.0502982 1258.18 3.61695 0.000287811 0.002149 -0.00216973 0.00189882 0.661233 0.000603726 0.486771 0.00069884 
6 1.25 55080000 6.56255 0.0131193 -5.20044 0.00529776 30.5522 0.0502982 1258.18 3.61695 0.000287811 0.002149 -0.00216973 0.00189882 0.661233 0.000601931 0.486771 0.000696267 
6 1.25 55440000 6.56255 0.0130006 -5.20044 0.00529776 30.5522 0.0502982 1258.18 3.61695 0.000287811 0.002149 -0.00216973 0.00187377 0.661233 0.000600924 0.486771 0.000695152 
6 1.25 55800000 6.56255 0.0130006 -5.20044 0.00529776 30.5522 0.0502982 1258.18 3.61695 0.000287811 0.002149 -0.00216973 0.00187377 0.661233 0.000600282 0.486771 0.000693858 
6 1.25 56160000 6.56042 0.0129713 -5.20176 0.00529776 30.5622 0.0502982 1258.67 3.45936 0.000366394 0.002149 -0.00207875 0.00185375 0.661352 0.000599862 0.486891 0.000692984 
6 1.25 56520000 6.56042 0.0129713 -5.20176 0.00529776 30.5622 0.0502982 1258.67 3.45936 0.000366394 0.002149 -0.00207875 0.00185375 0.661352 0.000601544 0.486891 0.000693895 
6 1.25 56880000 6.56042 0.0128128 -5.20176 0.00529776 30.5622 0.0502982 1258.67 3.45936 0.000366394 0.002149 -0.00207875 0.00183075 0.661352 0.000598349 0.486891 0.000689927 
6 1.25 57240000 6.56042 0.0128128 -5.20176 0.00529776 30.5622 0.0502982 1258.67 3.45936 0.000366394 0.002149 -0.00207875 0.00183075 0.661352 0.000597517 0.486891 0.000688522 
6 1.25 57600000 6.56042 0.0129671 -5.20176 0.00529776 30.5622 0.0502982 1258.67 3.45936 0.000366394 0.002149 -0.00207875 0.00180846 0.661352 0.000599743 0.486891 0.000685198 
6 1.25 57960000 6.56042 0.0129671 -5.20176 0.00529776 30.5622 0.0502982 1258.67 3.45936 0.000366394 0.002149 -0.00207875 0.00180846 0.661352 0.000599743 0.486891 0.000681882 
6 1.25 58320000 6.56042 0.0128698 -5.20176 0.00529776 30.5622 0.0502982 1258.67 3.45936 0.000366394 0.002149 -0.00207875 0.001795 0.661352 0.000592798 0.486891 0.000679161 
6 1.25 58680000 6.56042 0.0128698 -5.20176 0.00529776 30.5622 0.0502982 1258.67 3.45936 0.000366394 0.002149 -0.00207875 0.001795 0.661352 0.000592798 0.486891 0.00067701 
6 1.25 59040000 6.56709 0.0128587 -5.20042 0.00488541 30.5494 0.0489639 1257.84 3.43927 -1.60691e-06 0.00242403 -0.00173773 0.00177957 0.66127 0.000590568 0.486834 0.000674006 
6 1.25 59400000 6.56709 0.0128587 -5.20042 0.0048689 30.5494 0.0489639 1257.84 3.43927 -1.60691e-06 0.00242403 -0.00173773 0.00177957 0.66127 0.000590568 0.486834 0.000671363 
6 1.25 59760000 6.56709 0.0127484 -5.20042 0.00485884 30.5494 0.0489639 1257.84 3.43927 -1.60691e-06 0.00242403 -0.00173773 0.00176994 0.66127 0.000583737 0.486834 0.000669685 
6 1.25 60120000 6.56709 0.0127484 -5.20042 0.00485884 30.5494 0.0489639 1257.84 3.43927 -1.60691e-06 0.00242403 -0.00173773 0.00176994 0.66127 0.000583737 0.486834 0.000666761 
6 1.25 60480000 6.56709 0.0127484 -5.20042 0.00485884 30.5494 0.0489639 1257.84 3.43927 -1.60691e-06 0.00242403 -0.00173773 0.00176994 0.66127 0.000583737 0.486834 0.00066512 
6 1.25 60840000 6.56709 0.0125938 -5.20042 0.00485884 30.5494 0.0489639 1257.84 3.43927 -1.60691e-06 0.00242403 -0.00173773 0.00175317 0.66127 0.000576622 0.486834 0.000661708 
6 1.25 61200000 6.56709 0.0125938 -5.20042 0.00485884 30.5494 0.0489639 1257.84 3.43927 -1.60691e-06 0.00242403 -0.00173773 0.00175317 0.66127 0.000576622 0.486834 0.000658116 
6 1.25 61560000 6.56709 0.0125551 -5.20042 0.00485884 30.5494 0.0489639 1257.84 3.43927 -1.60691e-06 0.00242403 -0.00173773 0.00175252 0.66127 0.000569897 0.486834 0.000656387 
6 1.25 61920000 6.56709 0.0125551 -5.20042 0.00485884 30.5494 0.0489639 1257.84 3.43927 -1.60691e-06 0.00242403 -0.00173773 0.00175252 0.66127 0.000569897 0.486834 0.00065509 
6 1.25 62280000 6.56709 0.0124237 -5.20042 0.00485884 30.5494 0.0489639 1257.84 3.43927 -1.60691e-06 0.00242403 -0.00173773 0.00173219 0.66127 0.000574581 0.486834 0.000652581 
6 1.25 62640000 6.56709 0.0124237 -5.20042 0.00485884 30.5494 0.0489639 1257.84 3.43927 -1.60691e-06 0.00242403 -0.00173773 0.00173219 0.66127 0.000574581 0.486834 0.000650178 
6 1.25 63000000 6.56709 0.0122782 -5.20042 0.00485884 30.5494 0.0489639 1257.84 3.43927 -1.60691e-06 0.00242403 -0.00173773 0.00176662 0.66127 0.000568002 0.486834 0.000648314 
6 1.25 63360000 6.56709 0.0122782 -5.20042 0.00485884 30.5494 0.0489639 1257.84 3.43927 -1.60691e-06 0.00242403 -0.00173773 0.00176662 0.66127 0.000568002 0.486834 0.000645523 
6 1.25 63720000 6.56709 0.0121391 -5.20042 0.00485884 30.5494 0.0489639 1257.84 3.43927 -1.60691e-06 0.00242403 -0.00173773 0.00175094 0.66127 0.000561488 0.486834 0.000642709 
6 1.25 64080000 6.56709 0.0121391 -5.20042 0.00485884 30.5494 0.0489639 1257.84 3.43927 -1.60691e-06 0.00242403 -0.00173773 0.00175094 0.66127 0.000561488 0.486834 0.000639705 
6 1.25 64440000 6.56709 0.0120395 -5.20042 0.00485884 30.5494 0.0489639 1257.84 3.43927 -1.60691e-06 0.00242403 -0.00173773 0.00174721 0.66127 0.000555545 0.486834 0.000637485 
6 1.25 64800000 6.56709 0.0120395 -5.20042 0.00485884 30.5494 0.0489639 1257.84 3.43927 -1.60691e-06 0.00242403 -0.00173773 0.00174721 0.66127 0.000555545 0.486834 0.000634857 
6 1.25 65160000 6.56401 0.012016 -5.20157 0.00485884 30.5618 0.0489639 1258.72 3.43927 -5.33768e-05 0.00242403 -0.00118907 0.00172761 0.661338 0.000550229 0.486946 0.000632347 
6 1.25 65520000 6.56401 0.012016 -5.20157 0.00485884 30.5618 0.0489639 1258.72 3.43927 -5.33768e-05 0.00242403 -0.00118907 0.00172761 0.661338 0.000550229 0.486946 0.000629007 
6 1.25 65880000 6.56401 0.0121177 -5.20157 0.00485884 30.5618 0.0489639 1258.72 3.43927 -5.33768e-05 0.00242403 -0.00118907 0.00174444 0.661338 0.000544714 0.486946 0.000626068 
6 1.25 66240000 6.56401 0.0121177 -5.20157 0.00485884 30.5618 0.0489639 1258.72 3.43927 -5.33768e-05 0.00242403 -0.00118907 0.00174444 0.661338 0.000544714 0.486946 0.000625688 
6 1.25 66600000 6.56401 0.0119901 -5.20157 0.00485884 30.5618 0.0489639 1258.72 3.43927 -5.33768e-05 0.00242403 -0.00118907 0.00173288 0.661338 0.000540986 0.486946 0.000624089 
6 1.25 66960000 6.56401 0.0119901 -5.20157 0.00485884 30.5618 0.0489639 1258.72 3.43927 -5.33768e-05 0.00242403 -0.00118907 0.00173288 0.661338 0.000540425 0.486946 0.000621183 
6 1.25 67320000 6.56401 0.0118596 -5.20157 0.00485884 30.5618 0.0489639 1258.72 3.43927 -5.33768e-05 0.00242403 -0.00118907 0.00171795 0.661338 0.000540361 0.486946 0.0006193 
6 1.25 67680000 6.56401 0.0118596 -5.20157 0.00485884 30.5618 0.0489639 1258.72 3.43927 -5.33768e-05 0.00242403 -0.00118907 0.00171795 0.661338 0.000540361 0.486946 0.00061875 
6 1.25 68040000 6.56401 0.0117542 -5.20157 0.00485884 30.5618 0.0489639 1258.72 3.43927 -5.33768e-05 0.00242403 -0.00118907 0.00170342 0.661338 0.000537348 0.486946 0.000615566 
6 1.25 68400000 6.56401 0.0117542 -5.20157 0.00485884 30.5618 0.0489639 1258.72 3.43927 -5.33768e-05 0.00242403 -0.00118907 0.00170342 0.661338 0.000537348 0.486946 0.000615107 
6 1.25 68760000 6.56401 0.0116279 -5.20157 0.00485884 30.5618 0.0489639 1258.72 3.43927 -5.33768e-05 0.00242403 -0.00118907 0.00170108 0.661338 0.000532564 0.486946 0.000614146 
6 1.25 69120000 6.56401 0.0116279 -5.20157 0.00485884 30.5618 0.0489639 1258.72 3.43927 -5.33768e-05 0.00242403 -0.00118907 0.00170108 0.661338 0.000532564 0.486946 0.000610896 
6 1.25 69480000 6.56401 0.0115206 -5.20157 0.00485884 30.5618 0.0489639 1258.72 3.43927 -5.33768e-05 0.00242403 -0.00118907 0.00168971 0.661338 0.000528322 0.486946 0.000610268 
6 1.25 69840000 6.56401 0.0115206 -5.20157 0.00485884 30.5618 0.0489639 1258.72 3.43927 -5.33768e-05 0.00242403 -0.00118907 0.00168971 0.661338 0.000527158 0.486946 0.000607087 
6 1.25 70200000 6.56401 0.0113993 -5.20157 0.00485884 30.5618 0.0489639 1258.72 3.43927 -5.33768e-05 0.00242403 -0.00118907 0.00171279 0.661338 0.000528428 0.486946 0.000608698 
6 1.25 70560000 6.56401 0.0113993 -5.20157 0.00485884 30.5618 0.0489639 1258.72 3.43927 -5.33768e-05 0.00242403 -0.00118907 0.00171279 0.661338 0.000528315 0.486946 0.000606274 
6 1.25 70920000 6.56439 0.0113249 -5.20122 0.00435482 30.565 0.043196 1259.49 3.23521 0.000832995 0.00215892 -0.00114118 0.00170455 0.661296 0.000523631 0.486915 0.000603708 
6 1.25 71280000 6.56439 0.0113101 -5.20122 0.00433262 30.565 0.043196 1259.49 3.23521 0.000832995 0.00215892 -0.00114118 0.00170455 0.661296 0.000523127 0.486915 0.000600658 
6 1.25 71640000 6.56439 0.0113194 -5.20122 0.00432707 30.565 0.043196 1259.49 3.23521 0.000832995 0.00215892 -0.00114118 0.00174453 0.661296 0.000521494 0.486915 0.000600155 
6 1.25 72000000 6.56439 0.0113194 -5.20122 0.00430913 30.565 0.043196 1259.49 3.23521 0.000832995 0.00215892 -0.00114118 0.00174453 0.661296 0.000519342 0.486915 0.000597335 
6 1.25 72360000 6.56439 0.0113384 -5.20122 0.00432539 30.565 0.043196 1259.49 3.23521 0.000832995 0.00215892 -0.00114118 0.00173401 0.661296 0.000520831 0.486915 0.000598467 
6 1.25 72720000 6.56439 0.0113384 -5.20122 0.0043094 30.565 0.043196 1259.49 3.23521 0.000832995 0.00215892 -0.00114118 0.00173401 0.661296 0.000519033 0.486915 0.000596451 
6 1.25 73080000 6.56439 0.0112917 -5.20122 0.00429039 30.565 0.043196 1259.49 3.23521 0.000832995 0.00215892 -0.00114118 0.00171663 0.661296 0.000516542 0.486915 0.000593627 
6 1.25 73440000 6.56439 0.0112917 -5.20122 0.00427257 30.565 0.043196 1259.49 3.23521 0.000832995 0.00215892 -0.00114118 0.00171663 0.661296 0.000514397 0.486915 0.000591483 
6 1.25 73800000 6.56439 0.0112221 -5.20122 0.00426397 30.565 0.043196 1259.49 3.23521 0.000832995 0.00215892 -0.00114118 0.00171694 0.661296 0.000513259 0.486915 0.000589469 
6 1.25 74160000 6.56439 0.0112221 -5.20122 0.00424918 30.565 0.043196 1259.49 3.23521 0.000832995 0.00215892 -0.00114118 0.00171694 0.661296 0.00051118 0.486915 0.000587203 
6 1.25 74520000 6.56439 0.0115781 -5.20122 0.00424504 30.565 0.043196 1259.49 3.23521 0.000832995 0.00215892 -0.00114118 0.00170117 0.661296 0.000510034 0.486915 0.000585246 
6 1.25 74880000 6.56439 0.0115781 -5.20122 0.0042369 30.565 0.043196 1259.49 3.23521 0.000832995 0.00215892 -0.00114118 0.00170117 0.661296 0.000508455 0.486915 0.000583371 
6 1.25 75240000 6.56439 0.0115066 -5.20122 0.00421898 30.565 0.043196 1259.49 3.23521 0.000832995 0.00215892 -0.00114118 0.00168467 0.661296 0.00050608 0.486915 0.000580765 
6 1.25 75600000 6.56439 0.0115066 -5.20122 0.00421387 30.565 0.043196 1259.49 3.23521 0.000832995 0.00215892 -0.00114118 0.00168467 0.661296 0.000505443 0.486915 0.000580234 
6 1.25 75960000 6.56439 0.0115066 -5.20122 0.00419749 30.565 0.043196 1259.49 3.23521 0.000832995 0.00215892 -0.00114118 0.00168467 0.661296 0.000503295 0.486915 0.000577856 
6 1.25 76320000 6.56439 0.0113967 -5.20122 0.00419828 30.565 0.043196 1259.49 3.23521 0.000832995 0.00215892 -0.00114118 0.00166848 0.661296 0.000502673 0.486915 0.00057698 
6 1.25 76680000 6.56439 0.0113967 -5.20122 0.00418216 30.565 0.043196 1259.49 3.23521 0.000832995 0.00215892 -0.00114118 0.00166848 0.661296 0.000501145 0.486915 0.000576027 
6 1.25 77040000 6.5681 0.0112872 -5.19925 0.004242 30.5516 0.043196 1259.16 3.23521 0.00137291 0.00215892 -0.00165203 0.00165265 0.661107 0.000500355 0.486739 0.000576346 
6 1.25 77400000 6.5681 0.0112872 -5.19925 0.004242 30.5516 0.043196 1259.16 3.23521 0.00137291 0.00215892 -0.00165203 0.00165265 0.661107 0.000498602 0.486739 0.00057412 
6 1.25 77760000 6.5681 0.011182 -5.19925 0.004242 30.5516 0.043196 1259.16 3.23521 0.00137291 0.00215892 -0.00165203 0.00163846 0.661107 0.00049663 0.486739 0.000573696 
6 1.25 78120000 6.5681 0.011182 -5.19925 0.004242 30.5516 0.043196 1259.16 3.23521 0.00137291 0.00215892 -0.00165203 0.00163846 0.661107 0.000494734 0.486739 0.000571204 
6 1.25 78480000 6.5681 0.0112522 -5.19925 0.004242 30.5516 0.043196 1259.16 3.23521 0.00137291 0.00215892 -0.00165203 0.00162387 0.661107 0.000492909 0.486739 0.000569333 
6 1.25 78840000 6.5681 0.0112522 -5.19925 0.004242 30.5516 0.043196 1259.16 3.23521 0.00137291 0.00215892 -0.00165203 0.00162387 0.661107 0.000491719 0.486739 0.000567914 
6 1.25 79200000 6.5681 0.0111886 -5.19925 0.004242 30.5516 0.043196 1259.16 3.23521 0.00137291 0.00215892 -0.00165203 0.00161644 0.661107 0.000493239 0.486739 0.000565816 
6 1.25 79560000 6.5681 0.0111886 -5.19925 0.004242 30.5516 0.043196 1259.16 3.23521 0.00137291 0.00215892 -0.00165203 0.00161644 0.661107 0.000493239 0.486739 0.000563806 
6 1.25 79920000 6.5681 0.0112345 -5.19925 0.004242 30.5516 0.043196 1259.16 3.23521 0.00137291 0.00215892 -0.00165203 0.00161058 0.661107 0.000489356 0.486739 0.000562199 
6 1.25 80280000 6.5681 0.0112345 -5.19925 0.004242 30.5516 0.043196 1259.16 3.23521 0.00137291 0.00215892 -0.00165203 0.00161058 0.661107 0.000489356 0.486739 0.000560018 
6 1.25 80640000 6.5681 0.0111585 -5.19925 0.004242 30.5516 0.043196 1259.16 3.23521 0.00137291 0.00215892 -0.00165203 0.0015978 0.661107 0.000487405 0.486739 0.000559249 
6 1.25 81000000 6.5681 0.0111585 -5.19925 0.004242 30.5516 0.043196 1259.16 3.23521 0.00137291 0.00215892 -0.00165203 0.0015978 0.661107 0.000487405 0.486739 0.000557022 
6 1.25 81360000 6.5681 0.011058 -5.19925 0.004242 30.5516 0.043196 1259.16 3.23521 0.00137291 0.00215892 -0.00165203 0.00158715 0.661107 0.000486614 0.486739 0.00055616 
6 1.25 81720000 6.5681 0.011058 -5.19925 0.004242 30.5516 0.043196 1259.16 3.23521 0.00137291 0.00215892 -0.00165203 0.00158715 0.661107 0.000486614 0.486739 0.000554475 
6 1.25 82080000 6.5681 0.0109993 -5.19925 0.004242 30.5516 0.043196 1259.16 3.23521 0.00137291 0.00215892 -0.00165203 0.00157523 0.661107 0.000482306 0.486739 0.000552167 
6 1.25 82440000 6.5681 0.0109993 -5.19925 0.004242 30.5516 0.043196 1259.16 3.23521 0.00137291 0.00215892 -0.00165203 0.00157523 0.661107 0.000482306 0.486739 0.000550706 
6 1.25 82800000 6.56853 0.0109434 -5.19935 0.00395866 30.5552 0.0381197 1259.5 2.77308 0.00151121 0.00195413 -0.00123646 0.00156187 0.661149 0.000478095 0.486812 0.000549741 
6 1.25 83160000 6.56853 0.0109434 -5.19935 0.00394684 30.5552 0.0381197 1259.5 2.77308 0.00151121 0.00195413 -0.00123646 0.00156187 0.661149 0.000478095 0.486812 0.000548656 
6 1.25 83520000 6.56853 0.0110608 -5.19935 0.00394024 30.5552 0.0381197 1259.5 2.77308 0.00151121 0.00195413 -0.00123646 0.0015546 0.661149 0.000475353 0.486812 0.000546445 
6 1.25 83880000 6.56853 0.0110608 -5.19935 0.00394024 30.5552 0.0381197 1259.5 2.77308 0.00151121 0.00195413 -0.00123646 0.0015546 0.661149 0.000475196 0.486812 0.000545325 
6 1.25 84240000 6.56853 0.010966 -5.19935 0.00394024 30.5552 0.0381197 1259.5 2.77308 0.00151121 0.00195413 -0.00123646 0.00154954 0.661149 0.000474123 0.486812 0.000543506 
6 1.25 84600000 6.56853 0.010966 -5.19935 0.00394024 30.5552 0.0381197 1259.5 2.77308 0.00151121 0.00195413 -0.00123646 0.00154954 0.661149 0.000474123 0.486812 0.000541758 
6 1.25 84960000 6.56853 0.010898 -5.19935 0.00394024 30.5552 0.0381197 1259.5 2.77308 0.00151121 0.00195413 -0.00123646 0.00153641 0.661149 0.000473205 0.486812 0.000541333 
6 1.25 85320000 6.56853 0.010898 -5.19935 0.00394024 30.5552 0.0381197 1259.5 2.77308 0.00151121 0.00195413 -0.00123646 0.00153641 0.661149 0.000473205 0.486812 0.000541039 
6 1.25 85680000 6.56853 0.0114756 -5.19935 0.00409544 30.5552 0.0381197 1259.5 2.77308 0.00151121 0.00195413 -0.00123646 0.00152338 0.661149 0.000489867 0.486812 0.000544492 
6 1.25 86040000 6.56853 0.0114756 -5.19935 0.00409544 30.5552 0.0381197 1259.5 2.77308 0.00151121 0.00195413 -0.00123646 0.00152338 0.661149 0.000489867 0.486812 0.000544492 
6 1.25 86400000 6.56853 0.0113843 -5.19935 0.00408469 30.5552 0.0381197 1259.5 2.77308 0.00151121 0.00195413 -0.00123646 0.00151431 0.661149 0.000487026 0.486812 0.000544492 
6 1.25 86760000 6.56853 0.0113843 -5.19935 0.00408469 30.5552 0.0381197 1259.5 2.77308 0.00151121 0.00195413 -0.00123646 0.00151431 0.661149 0.000487026 0.486812 0.000544492 
6 1.25 87120000 6.56853 0.0113021 -5.19935 0.00403159 30.5552 0.0381197 1259.5 2.77308 0.00151121 0.00195413 -0.00123646 0.00150147 0.661149 0.000481914 0.486812 0.000537519 
6 1.25 87480000 6.56853 0.0113021 -5.19935 0.00403159 30.5552 0.0381197 1259.5 2.77308 0.00151121 0.00195413 -0.00123646 0.00150147 0.661149 0.000481914 0.486812 0.000535788 
6 1.25 87840000 6.56853 0.0112224 -5.19935 0.00401732 30.5552 0.0381197 1259.5 2.77308 0.00151121 0.00195413 -0.00123646 0.0014893 0.661149 0.000478788 0.486812 0.000535788 
6 1.25 88200000 6.56853 0.0112224 -5.19935 0.00401732 30.5552 0.0381197 1259.5 2.77308 0.00151121 0.00195413 -0.00123646 0.0014893 0.661149 0.000478788 0.486812 0.000535788 
6 1.25 88560000 6.5673 0.0111294 -5.20026 0.00397083 30.5603 0.0381197 1259.57 2.77308 0.00120946 0.00195413 -0.000861442 0.00147704 0.661331 0.000474035 0.487032 0.000531284 
6 1.25 88920000 6.5673 0.0111294 -5.20026 0.00397083 30.5603 0.0381197 1259.57 2.77308 0.00120946 0.00195413 -0.000861442 0.00147704 0.661331 0.000474035 0.487032 0.00053096 
6 1.25 89280000 6.5673 0.0110385 -5.20026 0.00400772 30.5603 0.0381197 1259.57 2.77308 0.00120946 0.00195413 -0.000861442 0.00146625 0.661331 0.000475005 0.487032 0.000530689 
6 1.25 89640000 6.5673 0.0110385 -5.20026 0.00400772 30.5603 0.0381197 1259.57 2.77308 0.00120946 0.00195413 -0.000861442 0.00146625 0.661331 0.000475005 0.487032 0.000530223 
6 1.25 90000000 6.5673 0.010999 -5.20026 0.00397924 30.5603 0.0381197 1259.57 2.77308 0.00120946 0.00195413 -0.000861442 0.0014577 0.661331 0.000471664 0.487032 0.000528083 
6 1.25 90360000 6.5673 0.010999 -5.20026 0.00397924 30.5603 0.0381197 1259.57 2.77308 0.00120946 0.00195413 -0.000861442 0.0014577 0.661331 0.000471664 0.487032 0.000526609 
6 1.25 90720000 6.5673 0.010999 -5.20026 0.00397924 30.5603 0.0381197 1259.57 2.77308 0.00120946 0.00195413 -0.000861442 0.0014577 0.661331 0.000471664 0.487032 0.000525895 
6 1.25 91080000 6.5673 0.0109151 -5.20026 0.00397924 30.5603 0.0381197 1259.57 2.77308 0.00120946 0.00195413 -0.000861442 0.00145211 0.661331 0.000468513 0.487032 0.000524318 
6 1.25 91440000 6.5673 0.0109151 -5.20026 0.00397924 30.5603 0.0381197 1259.57 2.77308 0.00120946 0.00195413 -0.000861442 0.00145211 0.661331 0.000468513 0.487032 0.000522279 
6 1.25 91800000 6.5673 0.0108644 -5.20026 0.00393523 30.5603 0.0381197 1259.57 2.77308 0.00120946 0.00195413 -0.000861442 0.00144091 0.661331 0.000464741 0.487032 0.000520192 
6 1.25 92160000 6.5673 0.0108644 -5.20026 0.00393523 30.5603 0.0381197 1259.57 2.77308 0.00120946 0.00195413 -0.000861442 0.00144091 0.661331 0.000464741 0.487032 0.000518647 
6 1.25 92520000 6.5673 0.0107779 -5.20026 0.00393523 30.5603 0.0381197 1259.57 2.77308 0.00120946 0.00195413 -0.000861442 0.0014295 0.661331 0.000462655 0.487032 0.00051665 
6 1.25 92880000 6.5673 0.0107779 -5.20026 0.00393523 30.5603 0.0381197 1259.57 2.77308 0.00120946 0.00195413 -0.000861442 0.0014295 0.661331 0.000462655 0.487032 0.000515604 
6 1.25 93240000 6.5673 0.0107139 -5.20026 0.00392842 30.5603 0.0381197 1259.57 2.77308 0.00120946 0.00195413 -0.000861442 0.00141819 0.661331 0.000459305 0.487032 0.000513756 
6 1.25 93600000 6.5673 0.0107139 -5.20026 0.00392842 30.5603 0.0381197 1259.57 2.77308 0.00120946 0.00195413 -0.000861442 0.00141819 0.661331 0.000459305 0.487032 0.000513057 
6 1.25 93960000 6.5673 0.0106339 -5.20026 0.00392842 30.5603 0.0381197 1259.57 2.77308 0.00120946 0.00195413 -0.000861442 0.00142791 0.661331 0.000456075 0.487032 0.000511907 
6 1.25 94320000 6.5673 0.0106339 -5.20026 0.00392842 30.5603 0.0381197 1259.57 2.77308 0.00120946 0.00195413 -0.000861442 0.00142791 0.661331 0.000456075 0.487032 0.000511058 
6 1.25 94680000 6.5652 0.0105569 -5.20178 0.00411746 30.5731 0.0373423 1260.15 2.50101 0.0017074 0.00171969 -0.000743652 0.00142076 0.661457 0.000452775 0.487194 0.000509646 
6 1.25 95040000 6.5652 0.0105569 -5.20178 0.00411746 30.5731 0.0373423 1260.15 2.50101 0.0017074 0.00171969 -0.000743652 0.00142076 0.661457 0.000452775 0.487194 0.000507811 
6 1.25 95400000 6.5652 0.0104797 -5.20178 0.00411746 30.5731 0.0373423 1260.15 2.50101 0.0017074 0.00171969 -0.000743652 0.00141145 0.661457 0.000449915 0.487194 0.000507016 
6 1.25 95760000 6.5652 0.0104797 -5.20178 0.00411746 30.5731 0.0373423 1260.15 2.50101 0.0017074 0.00171969 -0.000743652 0.00141145 0.661457 0.000449915 0.487194 0.00050783 
6 1.25 96120000 6.5652 0.010441 -5.20178 0.00411746 30.5731 0.0373423 1260.15 2.50101 0.0017074 0.00171969 -0.000743652 0.00140089 0.661457 0.000450154 0.487194 0.00050652 
6 1.25 96480000 6.5652 0.010441 -5.20178 0.00411746 30.5731 0.0373423 1260.15 2.50101 0.0017074 0.00171969 -0.000743652 0.00140089 0.661457 0.000450154 0.487194 0.000506061 
6 1.25 96840000 6.5652 0.0103729 -5.20178 0.00411746 30.5731 0.0373423 1260.15 2.50101 0.0017074 0.00171969 -0.000743652 0.00139226 0.661457 0.000453633 0.487194 0.000505578 
6 1.25 97200000 6.5652 0.0103729 -5.20178 0.00411746 30.5731 0.0373423 1260.15 2.50101 0.0017074 0.00171969 -0.000743652 0.00139226 0.661457 0.000453633 0.487194 0.000505578 
6 1.25 97560000 6.5652 0.0102943 -5.20178 0.00411746 30.5731 0.0373423 1260.15 2.50101 0.0017074 0.00171969 -0.000743652 0.00138198 0.661457 0.000450659 0.487194 0.000503166 
6 1.25 97920000 6.5652 0.0102943 -5.20178 0.00411746 30.5731 0.0373423 1260.15 2.50101 0.0017074 0.00171969 -0.000743652 0.00138198 0.661457 0.000450659 0.487194 0.000502799 
6 1.25 98280000 6.5652 0.0102347 -5.20178 0.00411746 30.5731 0.0373423 1260.15 2.50101 0.0017074 0.00171969 -0.000743652 0.00137162 0.661457 0.000447592 0.487194 0.000503133 
6 1.25 98640000 6.5652 0.0102347 -5.20178 0.00411746 30.5731 0.0373423 1260.15 2.50101 0.0017074 0.00171969 -0.000743652 0.00137162 0.661457 0.000447592 0.487194 0.000502651 
6 1.25 99000000 6.5652 0.0102364 -5.20178 0.00411746 30.5731 0.0373423 1260.15 2.50101 0.0017074 0.00171969 -0.000743652 0.00136139 0.661457 0.000445954 0.487194 0.000502651 
6 1.25 99360000 6.5652 0.0102364 -5.20178 0.00411746 30.5731 0.0373423 1260.15 2.50101 0.0017074 0.00171969 -0.000743652 0.00136139 0.661457 0.000445954 0.487194 0.000502651 
6 1.25 99720000 6.5652 0.0101744 -5.20178 0.00411746 30.5731 0.0373423 1260.15 2.50101 0.0017074 0.00171969 -0.000743652 0.00135243 0.661457 0.000445261 0.487194 0.000502651 
