L J MC_steps R2 R2_std E E_std E2 E2_std E4 E4_std Sin1 Sin1_std Cos1 Cos1_std Mag2 Mag2_std Mag4 Mag4_std
7 1 490000 9.78795 0.213625 -5.3692 0.0814841 34.3248 0.897997 1766.23 80.1278 -0.0521559 0.0212114 0.00483098 0.0199654 0.550675 0.00870145 0.359742 0.00891706 
7 1 980000 10 0.184263 -5.33589 0.0549976 34.0805 0.581306 1765.12 51.3633 -0.0228187 0.0182582 -0.0109164 0.0130519 0.545464 0.0057808 0.355375 0.00597727 
7 1 1470000 9.85582 0.168337 -5.38661 0.0522419 34.7425 0.512799 1826.82 43.8563 -0.00824063 0.0155484 -0.0142942 0.0103729 0.548082 0.00482202 0.358961 0.00498746 
7 1 1960000 9.85625 0.12961 -5.39577 0.0443418 34.7881 0.495268 1824.54 45.4468 -0.00312766 0.0140455 -0.0101467 0.00899659 0.548399 0.00422375 0.359171 0.00439711 
7 1 2450000 9.83882 0.109537 -5.37528 0.0400653 34.5712 0.434436 1802.97 39.3471 -0.000965081 0.0113662 -0.00572472 0.00830473 0.545724 0.00371972 0.356366 0.0038494 
7 1 2940000 9.85085 0.0926828 -5.37227 0.035983 34.5467 0.403932 1798.47 39.2125 -0.00599613 0.00975179 -0.0041015 0.00756065 0.545549 0.00360808 0.356736 0.00415868 
7 1 3430000 9.85276 0.084258 -5.36284 0.0348354 34.4541 0.365299 1790.83 33.6484 -0.00533385 0.00830543 -0.00603907 0.00718829 0.544637 0.00346404 0.35615 0.00355251 
7 1 3920000 9.84583 0.0792007 -5.36365 0.0302432 34.4647 0.314883 1793.19 28.9178 -0.00331926 0.00751727 -0.00536105 0.00666834 0.544729 0.00300298 0.356497 0.00309544 
7 1 4410000 9.88672 0.0735893 -5.34883 0.0284641 34.3398 0.289036 1784.07 26.0872 -0.00140284 0.00693272 -0.00896534 0.0062611 0.543279 0.0027713 0.355308 0.00277972 
7 1 4900000 9.85917 0.0666167 -5.34801 0.0282236 34.3174 0.290399 1781.03 25.8802 -0.00153335 0.00626455 -0.00990296 0.00586093 0.542767 0.00284753 0.354475 0.00287355 
7 1 5390000 9.86562 0.064579 -5.34639 0.0255805 34.2968 0.266224 1778.98 23.2993 -0.00144349 0.00572815 -0.00800537 0.00547628 0.542652 0.00256288 0.354185 0.00275511 
7 1 5880000 9.82404 0.0603572 -5.36268 0.0278738 34.4605 0.284568 1791.21 24.1823 0.000741306 0.00560861 -0.0104087 0.00577533 0.544497 0.00291981 0.356295 0.00310442 
7 1 6370000 9.84424 0.0563456 -5.36371 0.0255701 34.456 0.26089 1790.95 22.1685 0.00154826 0.00519895 -0.0100868 0.00553758 0.544101 0.00270331 0.355751 0.00289299 
7 1 6860000 9.85126 0.0551805 -5.35672 0.0245407 34.3898 0.24907 1787.52 21.1883 0.00274492 0.00493483 -0.00873676 0.00535279 0.543716 0.00252259 0.355323 0.00270194 
7 1 7350000 9.83217 0.0525131 -5.35097 0.0238121 34.32 0.247039 1781.28 20.2506 0.00297414 0.00476151 -0.00890455 0.00523352 0.543066 0.00242459 0.354484 0.00263589 
7 1 7840000 9.81784 0.051033 -5.34987 0.0238121 34.2987 0.247039 1782 20.2506 0.00164139 0.00462137 -0.00839148 0.0049747 0.542742 0.00228459 0.354118 0.00248542 
7 1 8330000 9.82385 0.0503179 -5.34343 0.0219968 34.2514 0.225484 1779.3 17.8498 -0.000413251 0.00496837 -0.0075739 0.00467389 0.542301 0.00218379 0.353677 0.00236899 
7 1 8820000 9.83869 0.0488527 -5.33906 0.0219968 34.197 0.225484 1775.32 17.8151 0.000871858 0.00496837 -0.00819655 0.00459136 0.541618 0.00215949 0.35297 0.00233272 
7 1 9310000 9.84918 0.04674 -5.34127 0.0196583 34.2393 0.203018 1781.19 17.2538 0.00262567 0.0052643 -0.00705803 0.00470883 0.542004 0.00207366 0.353517 0.00226627 
7 1 9800000 9.85845 0.0454783 -5.34064 0.0196583 34.2452 0.200756 1783.08 16.4488 0.0030277 0.0052643 -0.00703636 0.00448737 0.542292 0.00198445 0.353952 0.00218851 
7 1 10290000 9.84873 0.0442512 -5.34422 0.0180063 34.2765 0.18533 1783.98 15.6508 0.00238257 0.00474348 -0.00631884 0.00433524 0.542744 0.00193595 0.354309 0.00210792 
7 1 10780000 9.84873 0.0431159 -5.34422 0.0179115 34.2765 0.184102 1783.98 15.0716 0.00238257 0.00474348 -0.00631884 0.00413797 0.542744 0.00184526 0.354309 0.00201124 
7 1 11270000 9.83967 0.0420268 -5.34668 0.0172936 34.2801 0.174485 1782.39 14.4025 0.00181821 0.0043457 -0.00572379 0.00395608 0.542819 0.00176756 0.354307 0.00192358 
7 1 11760000 9.83967 0.0409858 -5.34668 0.0172936 34.2801 0.174485 1782.39 14.5472 0.00181821 0.0043457 -0.00572379 0.00394359 0.542819 0.00178522 0.354307 0.00194582 
7 1 12250000 9.8597 0.040526 -5.34537 0.0168613 34.2506 0.169983 1778.92 13.9996 0.00199002 0.00398695 -0.00352367 0.00388322 0.542811 0.00180208 0.35418 0.00193305 
7 1 12740000 9.8597 0.0406251 -5.34537 0.0162098 34.2506 0.164927 1778.92 13.7433 0.00199002 0.00398695 -0.00352367 0.00372885 0.542811 0.00173075 0.35418 0.0018591 
7 1 13230000 9.84052 0.0396714 -5.34304 0.015651 34.2099 0.15939 1774.29 13.3187 0.00153836 0.00391417 -0.00313656 0.00360605 0.542562 0.00169027 0.353799 0.00180671 
7 1 13720000 9.84052 0.0383712 -5.34304 0.0152182 34.2099 0.154987 1774.29 13.0332 0.00153836 0.00377642 -0.00313656 0.00350164 0.542562 0.00163003 0.353799 0.00174122 
7 1 14210000 9.8254 0.0383122 -5.34075 0.0146754 34.1815 0.149586 1770.4 12.8366 0.000935099 0.00373403 -0.00237674 0.00340093 0.542566 0.00157401 0.353788 0.00168096 
7 1 14700000 9.8254 0.038253 -5.34075 0.0141798 34.1815 0.144484 1770.4 12.8366 0.000935099 0.00369903 -0.00237674 0.00335487 0.542566 0.00152233 0.353788 0.00162448 
7 1 15190000 9.81283 0.0386464 -5.33826 0.0138394 34.1557 0.141556 1768.14 12.8366 0.000780975 0.00363916 -0.00389226 0.00330945 0.542357 0.00147623 0.353537 0.0015803 
7 1 15680000 9.81283 0.038253 -5.33826 0.0134578 34.1557 0.141556 1768.14 12.8366 0.000780975 0.00354543 -0.00389226 0.00323605 0.542357 0.00143096 0.353537 0.0015347 
7 1 16170000 9.81342 0.0366919 -5.33324 0.0135302 34.0966 0.147144 1763.83 12.8073 0.000766181 0.00346068 -0.00406582 0.00319468 0.541904 0.00143322 0.352997 0.00154047 
7 1 16660000 9.81342 0.0360688 -5.33324 0.0134488 34.0966 0.147144 1763.83 12.8073 0.000766181 0.00336213 -0.00406582 0.00314611 0.541904 0.00139158 0.352997 0.00149635 
7 1 17150000 9.82181 0.0353002 -5.33182 0.0134488 34.0812 0.147144 1762.33 12.8073 0.000843986 0.00326582 -0.00298872 0.0031455 0.541713 0.0013752 0.352792 0.00148099 
7 1 17640000 9.82181 0.0353002 -5.33182 0.0134488 34.0812 0.147144 1762.33 12.8073 0.000843986 0.00317954 -0.00298872 0.00308036 0.541713 0.00133592 0.352792 0.00144094 
7 1 18130000 9.81999 0.0332162 -5.33331 0.0125906 34.1054 0.131057 1765.25 11.4635 0.0009753 0.0030923 -0.00324866 0.00306436 0.542076 0.00134831 0.353215 0.00144082 
7 1 18620000 9.81999 0.0332879 -5.33331 0.0126817 34.1054 0.131057 1765.25 11.4635 0.0009753 0.00307756 -0.00324866 0.00300061 0.542076 0.00137822 0.353215 0.00144798 
7 1 19110000 9.81999 0.0332879 -5.33331 0.0126817 34.1054 0.131057 1765.25 11.4635 0.0009753 0.00307756 -0.00324866 0.00300767 0.542076 0.00137822 0.353215 0.00144798 
7 1 19600000 9.82319 0.0327679 -5.32946 0.0123539 34.0758 0.131057 1763.05 11.4635 0.00237958 0.00308615 -0.00218763 0.00298346 0.541619 0.00134225 0.352838 0.00140991 
7 1 20090000 9.82319 0.0322819 -5.32946 0.0127276 34.0758 0.131057 1763.05 11.4635 0.00237958 0.00300894 -0.00218763 0.00291796 0.541619 0.0013384 0.352838 0.00139601 
7 1 20580000 9.81899 0.0381543 -5.33482 0.0124197 34.1288 0.127459 1767.79 11.4927 0.00261651 0.00295352 -0.00308479 0.00289222 0.542135 0.0013249 0.35339 0.00139315 
7 1 21070000 9.81899 0.0381543 -5.33482 0.0121798 34.1288 0.127459 1767.79 11.4927 0.00261651 0.00290058 -0.00308479 0.00286965 0.542135 0.00129391 0.35339 0.00136227 
7 1 21560000 9.81899 0.0381543 -5.33482 0.0119277 34.1288 0.121496 1767.79 11.4927 0.00261651 0.00284913 -0.00308479 0.00282582 0.542135 0.00126807 0.35339 0.00132984 
7 1 22050000 9.81899 0.0381543 -5.33482 0.0118424 34.1288 0.121496 1767.79 11.4927 0.00261651 0.00278871 -0.00308479 0.00282582 0.542135 0.00127572 0.35339 0.00131767 
7 1 22540000 9.8244 0.0381543 -5.33074 0.0119376 34.0699 0.127291 1762.19 11.4927 0.00284494 0.00275784 -0.00305551 0.0027991 0.541549 0.001305 0.352657 0.00138537 
7 1 23030000 9.8244 0.0381543 -5.33074 0.0118178 34.0699 0.127291 1762.19 11.4927 0.00284494 0.00270871 -0.00305551 0.0027991 0.541549 0.00129145 0.352657 0.00138537 
7 1 23520000 9.8244 0.0381543 -5.33074 0.0114988 34.0699 0.122769 1762.19 11.4927 0.00284494 0.00264992 -0.00305551 0.00268284 0.541549 0.00125228 0.352657 0.00133729 
7 1 24010000 9.8244 0.0381543 -5.33074 0.0113678 34.0699 0.122769 1762.19 11.4927 0.00284494 0.00259375 -0.00305551 0.00268284 0.541549 0.001241 0.352657 0.00133729 
7 1 24500000 9.83122 0.0336964 -5.33203 0.0111269 34.085 0.117657 1763.43 10.3728 0.00289435 0.00256525 -0.00227051 0.00263957 0.541629 0.00120045 0.352838 0.00128158 
7 1 24990000 9.83122 0.0336964 -5.33203 0.0109689 34.085 0.117657 1763.43 10.3728 0.00289435 0.00252383 -0.00227051 0.00263957 0.541629 0.00119 0.352838 0.00128158 
7 1 25480000 9.83122 0.0336964 -5.33203 0.0110791 34.085 0.114579 1763.43 10.3728 0.00289435 0.0024811 -0.00227051 0.00255208 0.541629 0.00115585 0.352838 0.00123703 
7 1 25970000 9.83122 0.0336964 -5.33203 0.0109408 34.085 0.114579 1763.43 10.3728 0.00289435 0.00247144 -0.00227051 0.00255208 0.541629 0.00114901 0.352838 0.00123703 
7 1 26460000 9.81329 0.0336964 -5.33404 0.0107917 34.0927 0.1108 1763.41 10.3728 0.00306529 0.00244008 -0.00167269 0.00247014 0.541505 0.00111916 0.352655 0.00119055 
7 1 26950000 9.81329 0.0336964 -5.33404 0.0107245 34.0927 0.1108 1763.41 10.3728 0.00306529 0.00241401 -0.00167269 0.00247014 0.541505 0.00112535 0.352655 0.00119055 
7 1 27440000 9.81329 0.0336964 -5.33404 0.0108744 34.0927 0.117435 1763.41 10.3728 0.00306529 0.00239261 -0.00167269 0.00238442 0.541505 0.00117869 0.352655 0.00125255 
7 1 27930000 9.81329 0.0336964 -5.33404 0.0108744 34.0927 0.117435 1763.41 10.3728 0.00306529 0.00236473 -0.00167269 0.00238442 0.541505 0.00117869 0.352655 0.00125255 
7 1 28420000 9.80922 0.0353399 -5.33704 0.010597 34.1233 0.114827 1765.45 9.84684 0.00272508 0.00234909 -0.00119987 0.00231856 0.541751 0.0011674 0.352844 0.00124932 
7 1 28910000 9.80922 0.0353399 -5.33704 0.010597 34.1233 0.114827 1765.45 9.84684 0.00272508 0.00232503 -0.00119987 0.00234849 0.541751 0.0011674 0.352844 0.00124932 
7 1 29400000 9.80922 0.0353399 -5.33704 0.0103567 34.1233 0.112406 1765.45 9.59735 0.00272508 0.0023052 -0.00119987 0.002338 0.541751 0.0011306 0.352844 0.00121733 
7 1 29890000 9.80922 0.0353399 -5.33704 0.0103567 34.1233 0.112406 1765.45 9.59735 0.00272508 0.00232826 -0.00119987 0.002338 0.541751 0.0011306 0.352844 0.00121733 
7 1 30380000 9.8071 0.0353399 -5.33404 0.0101148 34.096 0.108974 1763.53 9.29559 0.00236077 0.00229611 -0.00144501 0.00230133 0.541638 0.00109314 0.35267 0.00117677 
7 1 30870000 9.8071 0.0353399 -5.33404 0.0101012 34.096 0.108974 1763.53 9.29559 0.00236077 0.00232262 -0.00144501 0.00230133 0.541638 0.00109314 0.35267 0.00117677 
7 1 31360000 9.8071 0.0353399 -5.33404 0.00998427 34.096 0.106715 1763.53 9.08683 0.00236077 0.00228524 -0.00144501 0.00225839 0.541638 0.00108609 0.35267 0.00116057 
7 1 31850000 9.8071 0.0353399 -5.33404 0.00998427 34.096 0.106715 1763.53 9.08683 0.00236077 0.00226593 -0.00144501 0.00225839 0.541638 0.00108609 0.35267 0.00116057 
7 1 32340000 9.81357 0.0311885 -5.33404 0.00988386 34.0986 0.104298 1763.87 8.76805 0.00326537 0.00231305 -0.00177638 0.0021939 0.541597 0.00109051 0.352649 0.00115057 
7 1 32830000 9.81357 0.0311885 -5.33404 0.00988386 34.0986 0.104298 1763.87 8.76805 0.00326537 0.00227754 -0.00177638 0.00218836 0.541597 0.00109051 0.352649 0.00115057 
7 1 33320000 9.81357 0.0311885 -5.33404 0.00959023 34.0986 0.102163 1763.87 8.73591 0.00326537 0.00228569 -0.00177638 0.00213856 0.541597 0.00106295 0.352649 0.00112638 
7 1 33810000 9.81357 0.0311885 -5.33404 0.00959023 34.0986 0.102163 1763.87 8.73591 0.00326537 0.00227169 -0.00177638 0.00213635 0.541597 0.00106295 0.352649 0.00112638 
7 1 34300000 9.80862 0.0311885 -5.33702 0.00966325 34.1405 0.10272 1768.1 8.75078 0.0027666 0.00225389 -0.00140132 0.0021314 0.541939 0.00105677 0.353036 0.00111634 
7 1 34790000 9.80862 0.0311885 -5.33702 0.00966325 34.1405 0.10272 1768.1 8.75078 0.0027666 0.00222356 -0.00140132 0.00212598 0.541939 0.00105677 0.353036 0.00111634 
7 1 35280000 9.80862 0.0311885 -5.33702 0.0094473 34.1405 0.10025 1768.1 8.59005 0.0027666 0.00219263 -0.00140132 0.00214806 0.541939 0.00102989 0.353036 0.00108852 
7 1 35770000 9.80862 0.0311885 -5.33702 0.0094473 34.1405 0.10025 1768.1 8.59005 0.0027666 0.00216217 -0.00140132 0.00214806 0.541939 0.00102989 0.353036 0.00108852 
7 1 36260000 9.80756 0.0282954 -5.33634 0.00934707 34.1348 0.0986459 1768.04 8.39361 0.00239499 0.00213843 -0.000553697 0.00209191 0.541587 0.00103566 0.352692 0.00108624 
7 1 36750000 9.80756 0.0282954 -5.33634 0.00934707 34.1348 0.0986459 1768.04 8.39361 0.00239499 0.00211849 -0.000553697 0.00209073 0.541587 0.00103566 0.352692 0.00108624 
7 1 37240000 9.80756 0.0282954 -5.33634 0.00919149 34.1348 0.0962135 1768.04 8.19996 0.00239499 0.0021035 -0.000553697 0.00204495 0.541587 0.00101137 0.352692 0.0010591 
7 1 37730000 9.80756 0.0282954 -5.33634 0.00910826 34.1348 0.0962135 1768.04 8.19996 0.00239499 0.00207867 -0.000553697 0.00203801 0.541587 0.00101137 0.352692 0.0010591 
7 1 38220000 9.81291 0.0282954 -5.33787 0.0092309 34.1413 0.0945907 1767.85 8.19289 0.00268005 0.00208238 -0.000536843 0.00199798 0.541646 0.000995439 0.352714 0.00103517 
7 1 38710000 9.81291 0.0282954 -5.33787 0.00915145 34.1413 0.0945907 1767.85 8.19289 0.00268005 0.0020554 -0.000536843 0.00200464 0.541646 0.000995439 0.352714 0.00103517 
7 1 39200000 9.81291 0.0282954 -5.33787 0.00907442 34.1413 0.0928147 1767.85 8.19289 0.00268005 0.00204254 -0.000536843 0.00198347 0.541646 0.000993348 0.352714 0.00102655 
7 1 39690000 9.81291 0.0282954 -5.33787 0.00901701 34.1413 0.0928147 1767.85 8.19289 0.00268005 0.00202106 -0.000536843 0.00197428 0.541646 0.000993348 0.352714 0.00102655 
7 1 40180000 9.81291 0.0282954 -5.33787 0.00896515 34.1413 0.0928147 1767.85 8.19289 0.00268005 0.00202106 -0.000536843 0.00197428 0.541646 0.000993348 0.352714 0.00102655 
7 1 40670000 9.8083 0.0254755 -5.33863 0.00892739 34.1495 0.0905393 1767.69 7.60756 0.00200309 0.00202166 -0.000118982 0.00201813 0.541846 0.000968671 0.352902 0.00100089 
7 1 41160000 9.8083 0.0254755 -5.33863 0.00884457 34.1495 0.0905393 1767.69 7.60756 0.00200309 0.00199731 -0.000118982 0.00201813 0.541846 0.000968671 0.352902 0.00100089 
7 1 41650000 9.8083 0.0254755 -5.33863 0.00874803 34.1495 0.0893525 1767.69 7.58415 0.00200309 0.0020276 -0.000118982 0.00201813 0.541846 0.000946138 0.352902 0.000979061 
7 1 42140000 9.8083 0.0254755 -5.33863 0.00867048 34.1495 0.0893525 1767.69 7.58415 0.00200309 0.00201659 -0.000118982 0.00201813 0.541846 0.000946138 0.352902 0.000979061 
7 1 42630000 9.8083 0.0254755 -5.33863 0.00866327 34.1495 0.0878899 1767.69 7.45424 0.00200309 0.00199269 -0.000118982 0.00206233 0.541846 0.000927318 0.352902 0.00096309 
7 1 43120000 9.8083 0.0254755 -5.33863 0.00860436 34.1495 0.0878899 1767.69 7.45424 0.00200309 0.00206112 -0.000118982 0.00206233 0.541846 0.000927318 0.352902 0.00096309 
7 1 43610000 9.8083 0.0254755 -5.33863 0.00857905 34.1495 0.0873098 1767.69 7.43676 0.00200309 0.00203719 -0.000118982 0.00205157 0.541846 0.000914684 0.352902 0.000952494 
7 1 44100000 9.8083 0.0254755 -5.33863 0.00850928 34.1495 0.0873098 1767.69 7.43676 0.00200309 0.00205039 -0.000118982 0.00205157 0.541846 0.000914684 0.352902 0.000952494 
7 1 44590000 9.80049 0.0243267 -5.34145 0.00845871 34.1834 0.0855897 1770.55 7.35226 0.00176774 0.00203752 -0.000545292 0.00202296 0.5421 0.000893911 0.353215 0.000931347 
7 1 45080000 9.80049 0.0243267 -5.34145 0.00841283 34.1834 0.0855897 1770.55 7.35226 0.00176774 0.0020232 -0.000545292 0.00202296 0.5421 0.000893911 0.353215 0.000931347 
7 1 45570000 9.80049 0.0243267 -5.34145 0.00835527 34.1834 0.0839663 1770.55 7.24489 0.00176774 0.00206569 -0.000545292 0.00201813 0.5421 0.00089431 0.353215 0.000924097 
7 1 46060000 9.80049 0.0243267 -5.34145 0.00830549 34.1834 0.0839663 1770.55 7.24489 0.00176774 0.00206443 -0.000545292 0.00201813 0.5421 0.00089431 0.353215 0.000924097 
7 1 46550000 9.80049 0.0243267 -5.34145 0.00823933 34.1834 0.0830656 1770.55 7.24489 0.00176774 0.00204202 -0.000545292 0.00201813 0.5421 0.000880592 0.353215 0.000908155 
7 1 47040000 9.80049 0.0243267 -5.34145 0.00818168 34.1834 0.0830656 1770.55 7.24489 0.00176774 0.00202907 -0.000545292 0.00201813 0.5421 0.000880592 0.353215 0.000908155 
7 1 47530000 9.80049 0.0243267 -5.34145 0.00812693 34.1834 0.0817939 1770.55 7.24489 0.00176774 0.0020075 -0.000545292 0.00201813 0.5421 0.000862191 0.353215 0.00088921 
7 1 48020000 9.80049 0.0243267 -5.34145 0.0080521 34.1834 0.0813659 1770.55 7.24489 0.00176774 0.00198861 -0.000545292 0.00201813 0.5421 0.000862191 0.353215 0.00088921 
7 1 48510000 9.79889 0.0223522 -5.34038 0.00799294 34.184 0.0806243 1771.61 6.86137 0.00152467 0.00197019 -0.000865479 0.00186448 0.541863 0.000852904 0.353048 0.000879029 
7 1 49000000 9.79889 0.0223522 -5.34038 0.0079405 34.184 0.0801934 1771.61 6.86137 0.00152467 0.00195049 -0.000865479 0.00186448 0.541863 0.000852904 0.353048 0.000879029 
7 1 49490000 9.79889 0.0223522 -5.34038 0.00789587 34.184 0.0797725 1771.61 6.90204 0.00152467 0.00193062 -0.000865479 0.00185004 0.541863 0.00083561 0.353048 0.000861213 
7 1 49980000 9.79889 0.0223522 -5.34038 0.00784382 34.184 0.0797725 1771.61 6.90204 0.00152467 0.00191305 -0.000865479 0.00185004 0.541863 0.00083561 0.353048 0.000861213 
7 1 50470000 9.79889 0.0223522 -5.34038 0.00780053 34.184 0.0801854 1771.61 6.94104 0.00152467 0.00189429 -0.000865479 0.00181987 0.541863 0.000833246 0.353048 0.000860506 
7 1 50960000 9.79889 0.0223522 -5.34038 0.00775812 34.184 0.0801854 1771.61 6.94104 0.00152467 0.00188002 -0.000865479 0.00181987 0.541863 0.000833246 0.353048 0.000860506 
7 1 51450000 9.79889 0.0223522 -5.34038 0.0077366 34.184 0.0789124 1771.61 6.83862 0.00152467 0.00187107 -0.000865479 0.0018146 0.541863 0.000821188 0.353048 0.000854418 
7 1 51940000 9.79889 0.0223522 -5.34038 0.00770253 34.184 0.0789124 1771.61 6.83862 0.00152467 0.0018564 -0.000865479 0.0018146 0.541863 0.000821188 0.353048 0.000854418 
7 1 52430000 9.80296 0.0210002 -5.33875 0.0076683 34.1667 0.0785862 1770.08 6.75789 0.00127455 0.00184058 -0.000986768 0.0018146 0.541795 0.000819417 0.352936 0.000852751 
7 1 52920000 9.80296 0.0210002 -5.33875 0.00761749 34.1667 0.0785862 1770.08 6.75789 0.00127455 0.00183214 -0.000986768 0.0018146 0.541795 0.000819417 0.352936 0.000852751 
7 1 53410000 9.80296 0.0210002 -5.33875 0.00761052 34.1667 0.0771749 1770.08 6.63097 0.00127455 0.00181772 -0.000986768 0.0018146 0.541795 0.000804062 0.352936 0.000836662 
7 1 53900000 9.80296 0.0210002 -5.33875 0.007605 34.1667 0.0771749 1770.08 6.63097 0.00127455 0.00180644 -0.000986768 0.0018146 0.541795 0.000804062 0.352936 0.000836662 
7 1 54390000 9.80296 0.0210002 -5.33875 0.00758812 34.1667 0.0767412 1770.08 6.51121 0.00127455 0.00179086 -0.000986768 0.0018146 0.541795 0.000789212 0.352936 0.000821906 
7 1 54880000 9.80296 0.0210002 -5.33875 0.00756685 34.1667 0.0766431 1770.08 6.51121 0.00127455 0.00177468 -0.000986768 0.0018146 0.541795 0.000789212 0.352936 0.000821906 
7 1 55370000 9.80296 0.0210002 -5.33875 0.00752245 34.1667 0.0787582 1770.08 6.7637 0.00127455 0.00176622 -0.000986768 0.0018146 0.541795 0.000795975 0.352936 0.000835584 
7 1 55860000 9.80296 0.0210002 -5.33875 0.00748244 34.1667 0.0787582 1770.08 6.7637 0.00127455 0.00176511 -0.000986768 0.0018146 0.541795 0.000795975 0.352936 0.000835584 
7 1 56350000 9.80402 0.0195272 -5.33661 0.00741987 34.1416 0.0775719 1767.37 6.68613 0.000757066 0.00174969 -0.000744912 0.00167829 0.541571 0.000784152 0.352668 0.000824933 
7 1 56840000 9.80402 0.0195272 -5.33661 0.00736134 34.1416 0.0775719 1767.37 6.68613 0.000757066 0.00174335 -0.000744912 0.00167829 0.541571 0.000784152 0.352668 0.000824933 
7 1 57330000 9.80402 0.0195272 -5.33661 0.00731933 34.1416 0.0765433 1767.37 6.59167 0.000757066 0.0017305 -0.000744912 0.0016498 0.541571 0.000770795 0.352668 0.000810509 
7 1 57820000 9.80402 0.0195272 -5.33661 0.00726689 34.1416 0.0765433 1767.37 6.59167 0.000757066 0.00171733 -0.000744912 0.0016498 0.541571 0.000770795 0.352668 0.000810509 
7 1 58310000 9.80402 0.0195272 -5.33661 0.00724547 34.1416 0.0760245 1767.37 6.51902 0.000757066 0.00170786 -0.000744912 0.0016214 0.541571 0.000771326 0.352668 0.000808713 
7 1 58800000 9.80402 0.0195272 -5.33661 0.00722333 34.1416 0.0760245 1767.37 6.51902 0.000757066 0.00170986 -0.000744912 0.0016214 0.541571 0.000771326 0.352668 0.000808713 
7 1 59290000 9.80402 0.0195272 -5.33661 0.00717299 34.1416 0.0749669 1767.37 6.46668 0.000757066 0.00170312 -0.000744912 0.00161903 0.541571 0.000763256 0.352668 0.00079787 
7 1 59780000 9.80402 0.0195272 -5.33661 0.00715062 34.1416 0.0749669 1767.37 6.46668 0.000757066 0.00169022 -0.000744912 0.00161903 0.541571 0.000763256 0.352668 0.00079787 
7 1 60270000 9.80531 0.0182673 -5.33936 0.00710043 34.1661 0.073718 1768.82 6.37212 0.000140278 0.00167995 -0.000998411 0.0015939 0.541887 0.000752628 0.352923 0.000785462 
7 1 60760000 9.80531 0.0182673 -5.33936 0.00706576 34.1661 0.073718 1768.82 6.37212 0.000140278 0.00167995 -0.000998411 0.0015939 0.541887 0.000752628 0.352923 0.000785462 
7 1 61250000 9.80531 0.0182673 -5.33936 0.00706826 34.1661 0.073718 1768.82 6.37212 0.000140278 0.00168555 -0.000998411 0.0015939 0.541887 0.000752628 0.352923 0.000785462 
7 1 61740000 9.80531 0.0182673 -5.33936 0.00704269 34.1661 0.0725252 1768.82 6.37212 0.000140278 0.00167552 -0.000998411 0.00158302 0.541887 0.000740334 0.352923 0.000772801 
7 1 62230000 9.80531 0.0182673 -5.33936 0.00701077 34.1661 0.0725252 1768.82 6.37212 0.000140278 0.00166197 -0.000998411 0.00159216 0.541887 0.000740334 0.352923 0.000772801 
7 1 62720000 9.80531 0.0182673 -5.33936 0.00698241 34.1661 0.0713982 1768.82 6.37212 0.000140278 0.00165265 -0.000998411 0.00158081 0.541887 0.000728481 0.352923 0.000760339 
7 1 63210000 9.80531 0.0182673 -5.33936 0.0069349 34.1661 0.0713982 1768.82 6.37212 0.000140278 0.00163986 -0.000998411 0.0015731 0.541887 0.000728481 0.352923 0.000760339 
7 1 63700000 9.80531 0.0182673 -5.33936 0.00689127 34.1661 0.0706898 1768.82 6.37212 0.000140278 0.00165241 -0.000998411 0.00155937 0.541887 0.000718253 0.352923 0.000750252 
7 1 64190000 9.80531 0.0182673 -5.33936 0.00686536 34.1661 0.0706898 1768.82 6.37212 0.000140278 0.00164028 -0.000998411 0.00155937 0.541887 0.000718253 0.352923 0.000750252 
7 1 64680000 9.80515 0.0171263 -5.33999 0.00682534 34.1691 0.0699163 1769.17 5.97268 0.000342065 0.00163344 -0.00168208 0.0016218 0.541901 0.000708087 0.352924 0.000739553 
7 1 65170000 9.80515 0.0171263 -5.33999 0.00679636 34.1691 0.0699163 1769.17 5.97268 0.000342065 0.00162577 -0.00168208 0.0016218 0.541901 0.000708087 0.352924 0.000739553 
7 1 65660000 9.80515 0.0171263 -5.33999 0.00677303 34.1691 0.0691731 1769.17 5.94382 0.000342065 0.00161577 -0.00168208 0.0016218 0.541901 0.000697199 0.352924 0.000729374 
7 1 66150000 9.80515 0.0171263 -5.33999 0.00673851 34.1691 0.0691731 1769.17 5.94382 0.000342065 0.00160493 -0.00168208 0.0016218 0.541901 0.000697199 0.352924 0.000729374 
7 1 66640000 9.80515 0.0171263 -5.33999 0.0067052 34.1691 0.0687417 1769.17 5.86813 0.000342065 0.00159361 -0.00168208 0.0016218 0.541901 0.000705385 0.352924 0.000729137 
7 1 67130000 9.80515 0.0171263 -5.33999 0.00668211 34.1691 0.0687417 1769.17 5.86813 0.000342065 0.00158923 -0.00168208 0.0016218 0.541901 0.000705385 0.352924 0.000729137 
7 1 67620000 9.80515 0.0171263 -5.33999 0.00664304 34.1691 0.0680538 1769.17 5.82387 0.000342065 0.00158068 -0.00168208 0.0016218 0.541901 0.000695316 0.352924 0.000718689 
7 1 68110000 9.80515 0.0171263 -5.33999 0.0066094 34.1691 0.0680538 1769.17 5.82387 0.000342065 0.00156996 -0.00168208 0.0016218 0.541901 0.000695316 0.352924 0.000718689 
7 1 68600000 9.80538 0.0165652 -5.34039 0.00657863 34.1745 0.0670604 1769.99 5.82387 0.000272955 0.00156036 -0.00224107 0.0016218 0.541805 0.000686466 0.352934 0.000711414 
7 1 69090000 9.80538 0.0164857 -5.34039 0.00654541 34.1745 0.0670604 1769.99 5.82387 0.000272955 0.00155003 -0.00224107 0.0016218 0.541805 0.000686466 0.352934 0.000711414 
7 1 69580000 9.80538 0.0163882 -5.34039 0.00651456 34.1745 0.0664391 1769.99 5.82387 0.000272955 0.00153882 -0.00224107 0.0016218 0.541805 0.000678661 0.352934 0.000701507 
7 1 70070000 9.80538 0.0163019 -5.34039 0.00647519 34.1745 0.0664391 1769.99 5.82387 0.000272955 0.00152775 -0.00224107 0.0016218 0.541805 0.000678661 0.352934 0.000701507 
7 1 70560000 9.80538 0.0162636 -5.34039 0.00647298 34.1745 0.0665585 1769.99 5.82387 0.000272955 0.00151979 -0.00224107 0.0016218 0.541805 0.000683019 0.352934 0.00070695 
7 1 71050000 9.80538 0.0162766 -5.34039 0.00644422 34.1745 0.0665585 1769.99 5.82387 0.000272955 0.00150993 -0.00224107 0.0016218 0.541805 0.000683019 0.352934 0.00070695 
7 1 71540000 9.80538 0.0164629 -5.34039 0.00641668 34.1745 0.0656298 1769.99 5.82387 0.000272955 0.00150858 -0.00224107 0.0016218 0.541805 0.000673405 0.352934 0.000697045 
7 1 72030000 9.80538 0.0163855 -5.34039 0.0064151 34.1745 0.0656298 1769.99 5.82387 0.000272955 0.00150184 -0.00224107 0.0016218 0.541805 0.000673405 0.352934 0.000697045 
7 1 72520000 9.80089 0.0163041 -5.33987 0.00637622 34.1712 0.0650442 1770.05 5.52998 0.000316087 0.00149637 -0.0023112 0.00155885 0.541712 0.000664153 0.352821 0.000687369 
7 1 73010000 9.80089 0.0162266 -5.33987 0.00633288 34.1712 0.0647222 1770.05 5.49217 0.000316087 0.0014865 -0.0023112 0.00155885 0.541712 0.000664153 0.352821 0.000687369 
7 1 73500000 9.80089 0.0161847 -5.33987 0.00632561 34.1712 0.0647675 1770.05 5.49308 0.000316087 0.00149995 -0.0023112 0.00155885 0.541712 0.000662041 0.352821 0.000679696 
7 1 73990000 9.80089 0.0161029 -5.33987 0.00631808 34.1712 0.0644246 1770.05 5.46128 0.000316087 0.00149108 -0.0023112 0.00155885 0.541712 0.000662041 0.352821 0.000679696 
7 1 74480000 9.80089 0.0160026 -5.33987 0.00629102 34.1712 0.0642063 1770.05 5.43198 0.000316087 0.00148253 -0.0023112 0.00155885 0.541712 0.000655059 0.352821 0.000672243 
7 1 74970000 9.80089 0.0159808 -5.33987 0.00625564 34.1712 0.0641359 1770.05 5.41319 0.000316087 0.0014765 -0.0023112 0.00155885 0.541712 0.000655059 0.352821 0.000672243 
7 1 75460000 9.80089 0.0161096 -5.33987 0.00626775 34.1712 0.0636104 1770.05 5.39337 0.000316087 0.0014669 -0.0023112 0.00155885 0.541712 0.000646801 0.352821 0.000665163 
7 1 75950000 9.80089 0.0160364 -5.33987 0.00623537 34.1712 0.0636874 1770.05 5.39827 0.000316087 0.00145759 -0.0023112 0.00155885 0.541712 0.000646801 0.352821 0.000665163 
7 1 76440000 9.79535 0.0160305 -5.34111 0.00622633 34.1784 0.0641448 1770.64 5.44784 0.000109471 0.00146277 -0.00233467 0.00155885 0.54193 0.00066781 0.353003 0.0006957 
7 1 76930000 9.79535 0.0160147 -5.34111 0.00622925 34.1784 0.0641448 1770.64 5.44784 0.000109471 0.00145571 -0.00233467 0.00155885 0.54193 0.00066781 0.353003 0.0006957 
7 1 77420000 9.79535 0.0159444 -5.34111 0.00620596 34.1784 0.0642488 1770.64 5.45784 0.000109471 0.00145507 -0.00233467 0.00155885 0.54193 0.000664629 0.353003 0.000690806 
7 1 77910000 9.79535 0.0159444 -5.34111 0.00618867 34.1784 0.0642488 1770.64 5.45784 0.000109471 0.0014576 -0.00233467 0.00155885 0.54193 0.000664629 0.353003 0.000690806 
7 1 78400000 9.79535 0.0159444 -5.34111 0.0062243 34.1784 0.0644565 1770.64 5.4485 0.000109471 0.00144966 -0.00233467 0.00155885 0.54193 0.000657228 0.353003 0.000683585 
7 1 78890000 9.79535 0.0159444 -5.34111 0.0062243 34.1784 0.0644565 1770.64 5.4485 0.000109471 0.00144561 -0.00233467 0.00155885 0.54193 0.000657228 0.353003 0.000683585 
7 1 79380000 9.79535 0.0159444 -5.34111 0.00614557 34.1784 0.0636615 1770.64 5.38656 0.000109471 0.00143647 -0.00233467 0.00155885 0.54193 0.000649134 0.353003 0.000674954 
7 1 79870000 9.79535 0.0159444 -5.34111 0.00614557 34.1784 0.0636615 1770.64 5.38656 0.000109471 0.00142893 -0.00233467 0.00155885 0.54193 0.000649134 0.353003 0.000674954 
7 1 80360000 9.78939 0.0164022 -5.34301 0.00607813 34.2017 0.0628723 1772.75 5.36867 -9.99862e-06 0.00144238 -0.00239812 0.00140539 0.542012 0.000643788 0.353077 0.000668784 
7 1 80850000 9.78939 0.0164022 -5.34301 0.00607746 34.2017 0.0628723 1772.75 5.36867 -9.99862e-06 0.00143447 -0.00239812 0.00140539 0.542012 0.000643788 0.353077 0.000668784 
7 1 81340000 9.78939 0.0164022 -5.34301 0.00605214 34.2017 0.0622738 1772.75 5.36867 -9.99862e-06 0.00142588 -0.00239812 0.00140539 0.542012 0.000637434 0.353077 0.00066127 
7 1 81830000 9.78939 0.0164022 -5.34301 0.006033 34.2017 0.0622738 1772.75 5.36867 -9.99862e-06 0.00142588 -0.00239812 0.00140539 0.542012 0.000637434 0.353077 0.00066127 
7 1 82320000 9.78939 0.0164022 -5.34301 0.00600882 34.2017 0.0622738 1772.75 5.36867 -9.99862e-06 0.00142313 -0.00239812 0.00140539 0.542012 0.000637434 0.353077 0.00066127 
7 1 82810000 9.78939 0.0164022 -5.34301 0.00598966 34.2017 0.0615897 1772.75 5.36867 -9.99862e-06 0.00141924 -0.00239812 0.00140539 0.542012 0.000630175 0.353077 0.00065438 
7 1 83300000 9.78939 0.0164022 -5.34301 0.00596067 34.2017 0.0615897 1772.75 5.36867 -9.99862e-06 0.00141792 -0.00239812 0.00140539 0.542012 0.000630175 0.353077 0.00065438 
7 1 83790000 9.78939 0.0164022 -5.34301 0.00592769 34.2017 0.0608846 1772.75 5.36867 -9.99862e-06 0.00141327 -0.00239812 0.00140539 0.542012 0.000624751 0.353077 0.000649263 
7 1 84280000 9.78939 0.0164022 -5.34301 0.00590153 34.2017 0.0608846 1772.75 5.36867 -9.99862e-06 0.00141327 -0.00239812 0.00140539 0.542012 0.000624751 0.353077 0.000649263 
7 1 84770000 9.78939 0.0164022 -5.34301 0.00589311 34.2017 0.0606322 1772.75 5.36867 -9.99862e-06 0.00141327 -0.00239812 0.00140539 0.542012 0.000617514 0.353077 0.000642128 
7 1 85260000 9.78939 0.0164022 -5.34301 0.00587228 34.2017 0.0606322 1772.75 5.36867 -9.99862e-06 0.00141327 -0.00239812 0.00140539 0.542012 0.000617514 0.353077 0.000642128 
7 1 85750000 9.78939 0.0164022 -5.34301 0.00585537 34.2017 0.0604563 1772.75 5.36867 -9.99862e-06 0.00141327 -0.00239812 0.00140539 0.542012 0.000613118 0.353077 0.000637649 
7 1 86240000 9.78939 0.0164022 -5.34301 0.00585537 34.2017 0.0604563 1772.75 5.36867 -9.99862e-06 0.00141327 -0.00239812 0.00140539 0.542012 0.000613118 0.353077 0.000637649 
7 1 86730000 9.78939 0.0164022 -5.34301 0.00582634 34.2017 0.0597981 1772.75 5.36867 -9.99862e-06 0.00141327 -0.00239812 0.00140539 0.542012 0.000606096 0.353077 0.000630245 
7 1 87220000 9.78939 0.0164022 -5.34301 0.00580364 34.2017 0.0597981 1772.75 5.36867 -9.99862e-06 0.00141327 -0.00239812 0.00140539 0.542012 0.000606096 0.353077 0.000630245 
7 1 87710000 9.78939 0.0164022 -5.34301 0.00579519 34.2017 0.0593346 1772.75 5.36867 -9.99862e-06 0.00141327 -0.00239812 0.00140539 0.542012 0.000600919 0.353077 0.000623735 
7 1 88200000 9.78939 0.0164022 -5.34301 0.00577854 34.2017 0.0593346 1772.75 5.36867 -9.99862e-06 0.00141327 -0.00239812 0.00140539 0.542012 0.000600919 0.353077 0.000623735 
7 1 88690000 9.7931 0.0164022 -5.34077 0.00577184 34.1794 0.0595555 1770.94 5.24242 -6.7468e-05 0.00141327 -0.0027882 0.00133066 0.541833 0.000600695 0.352896 0.000620776 
7 1 89180000 9.7931 0.0164022 -5.34077 0.00577184 34.1794 0.0595555 1770.94 5.24242 -6.7468e-05 0.00141327 -0.0027882 0.00133066 0.541833 0.000600695 0.352896 0.000620776 
7 1 89670000 9.7931 0.0164022 -5.34077 0.00573533 34.1794 0.0593536 1770.94 5.24242 -6.7468e-05 0.00141327 -0.0027882 0.00133066 0.541833 0.000598396 0.352896 0.000619127 
7 1 90160000 9.7931 0.0164022 -5.34077 0.00573533 34.1794 0.0593536 1770.94 5.24242 -6.7468e-05 0.00141327 -0.0027882 0.00133066 0.541833 0.000598396 0.352896 0.000619127 
7 1 90650000 9.7931 0.0164022 -5.34077 0.00567248 34.1794 0.0586959 1770.94 5.24242 -6.7468e-05 0.00141327 -0.0027882 0.00133066 0.541833 0.00059249 0.352896 0.000613291 
7 1 91140000 9.7931 0.0164022 -5.34077 0.00567248 34.1794 0.0586959 1770.94 5.24242 -6.7468e-05 0.00141327 -0.0027882 0.00133066 0.541833 0.00059249 0.352896 0.000613291 
7 1 91630000 9.7931 0.0164022 -5.34077 0.00574822 34.1794 0.058867 1770.94 5.24242 -6.7468e-05 0.00141327 -0.0027882 0.00133066 0.541833 0.00059744 0.352896 0.000613101 
7 1 92120000 9.7931 0.0164022 -5.34077 0.00574822 34.1794 0.058867 1770.94 5.24242 -6.7468e-05 0.00141327 -0.0027882 0.00133066 0.541833 0.00059744 0.352896 0.000613101 
7 1 92610000 9.7931 0.0164022 -5.34077 0.0056922 34.1794 0.058417 1770.94 5.24242 -6.7468e-05 0.00141327 -0.0027882 0.00133066 0.541833 0.000592828 0.352896 0.000610074 
7 1 93100000 9.7931 0.0164022 -5.34077 0.0056922 34.1794 0.058417 1770.94 5.24242 -6.7468e-05 0.00141327 -0.0027882 0.00133066 0.541833 0.000592828 0.352896 0.000610074 
7 1 93590000 9.7931 0.0164022 -5.34077 0.00565867 34.1794 0.0580708 1770.94 5.24242 -6.7468e-05 0.00141327 -0.0027882 0.00133066 0.541833 0.000587493 0.352896 0.00060512 
7 1 94080000 9.7931 0.0164022 -5.34077 0.00565867 34.1794 0.0580708 1770.94 5.24242 -6.7468e-05 0.00141327 -0.0027882 0.00133066 0.541833 0.000587493 0.352896 0.00060512 
7 1 94570000 9.7931 0.0164022 -5.34077 0.00586614 34.1794 0.0596956 1770.94 5.24242 -6.7468e-05 0.00141327 -0.0027882 0.00133066 0.541833 0.000601909 0.352896 0.000616643 
7 1 95060000 9.7931 0.0164022 -5.34077 0.00586614 34.1794 0.0596956 1770.94 5.24242 -6.7468e-05 0.00141327 -0.0027882 0.00133066 0.541833 0.000601909 0.352896 0.000616643 
7 1 95550000 9.7931 0.0164022 -5.34077 0.00588819 34.1794 0.0601442 1770.94 5.24242 -6.7468e-05 0.00141327 -0.0027882 0.00133066 0.541833 0.000598696 0.352896 0.000614493 
7 1 96040000 9.7931 0.0164022 -5.34077 0.00588819 34.1794 0.0601442 1770.94 5.24242 -6.7468e-05 0.00141327 -0.0027882 0.00133066 0.541833 0.000598696 0.352896 0.000614493 
7 1 96530000 9.78358 0.0160148 -5.33944 0.00585004 34.1628 0.0595952 1769.36 5.35715 -8.99603e-05 0.00126507 -0.00256829 0.00123781 0.541645 0.000592924 0.352662 0.000608417 
7 1 97020000 9.78358 0.0160148 -5.33944 0.00585004 34.1628 0.0595952 1769.36 5.35715 -8.99603e-05 0.00126151 -0.00256829 0.00124111 0.541645 0.000592924 0.352662 0.000608417 
7 1 97510000 9.78358 0.0160148 -5.33944 0.005795 34.1628 0.0589822 1769.36 5.35715 -8.99603e-05 0.00126122 -0.00256829 0.00123781 0.541645 0.000587148 0.352662 0.000602599 
7 1 98000000 9.78358 0.0160148 -5.33944 0.005795 34.1628 0.0589822 1769.36 5.35715 -8.99603e-05 0.00125521 -0.00256829 0.00123781 0.541645 0.000587148 0.352662 0.000602599 
7 1 98490000 9.78358 0.0160148 -5.33944 0.00573611 34.1628 0.0583966 1769.36 5.35715 -8.99603e-05 0.00124971 -0.00256829 0.00123781 0.541645 0.0005818 0.352662 0.00059706 
7 1 98980000 9.78358 0.0160148 -5.33944 0.00573611 34.1628 0.0583966 1769.36 5.35715 -8.99603e-05 0.00125227 -0.00256829 0.00123781 0.541645 0.0005818 0.352662 0.00059706 
7 1 99470000 9.78358 0.0160148 -5.33944 0.0057191 34.1628 0.0579305 1769.36 5.35715 -8.99603e-05 0.00124799 -0.00256829 0.00123781 0.541645 0.000575957 0.352662 0.00059108 
7 1 99960000 9.78358 0.0160148 -5.33944 0.0057191 34.1628 0.0579305 1769.36 5.35715 -8.99603e-05 0.0012439 -0.00256829 0.00123781 0.541645 0.000575957 0.352662 0.00059108 
