L J MC_steps R2 R2_std E E_std E2 E2_std E4 E4_std Sin1 Sin1_std Cos1 Cos1_std Mag2 Mag2_std Mag4 Mag4_std
7 1.5 490000 7.32143 0.182068 -7.56866 0.0608573 60.2727 0.843167 4206.98 100.19 -0.0725503 0.030254 -0.0568945 0.0308745 0.738916 0.00595632 0.577163 0.00764423 
7 1.5 980000 7.12612 0.117062 -7.57137 0.0397442 60.141 0.630996 4167.25 86.3973 -0.0354135 0.0218815 -0.0392039 0.0220488 0.741116 0.00400623 0.578404 0.00527754 
7 1.5 1470000 7.11577 0.104298 -7.59776 0.0320632 60.5829 0.487759 4230.93 65.8154 -0.0292767 0.0200804 -0.0331625 0.0179059 0.743768 0.00357684 0.582592 0.00435014 
7 1.5 1960000 7.10625 0.0811649 -7.56266 0.0313555 60.148 0.436097 4188.58 54.9679 -0.0350028 0.016592 -0.0225985 0.0156835 0.740001 0.00317904 0.577718 0.00416736 
7 1.5 2450000 7.09581 0.0790807 -7.55671 0.0264055 60.1266 0.365719 4192.37 45.3471 -0.0153559 0.0159908 -0.0292331 0.0143695 0.738847 0.00263032 0.5764 0.00352941 
7 1.5 2940000 7.09766 0.0772834 -7.54738 0.0255003 59.9865 0.36099 4173.32 45.0263 -0.00498843 0.016111 -0.0257082 0.0130084 0.738324 0.00256017 0.575543 0.00347362 
7 1.5 3430000 7.08263 0.0646819 -7.54147 0.023642 59.8671 0.338823 4155.61 42.5433 -0.00741924 0.0144317 -0.0364483 0.0119143 0.737615 0.00236863 0.574282 0.00325412 
7 1.5 3920000 7.08177 0.0562965 -7.53117 0.0244478 59.741 0.342397 4144.35 41.9012 -0.00451451 0.0127383 -0.031522 0.0111917 0.737014 0.00254053 0.573575 0.00345554 
7 1.5 4410000 7.08525 0.0518787 -7.52868 0.0218448 59.755 0.304628 4150.85 37.5339 -0.000249708 0.0123214 -0.0272828 0.0101722 0.736317 0.0022909 0.57305 0.00309048 
7 1.5 4900000 7.09231 0.0493574 -7.52574 0.0204209 59.7091 0.281594 4145.25 34.2867 -0.00178428 0.0110394 -0.0305775 0.00965185 0.736149 0.00210629 0.572873 0.00282464 
7 1.5 5390000 7.09316 0.0475196 -7.51977 0.0193873 59.6311 0.269063 4136.75 32.4725 -0.00295441 0.0119601 -0.0299045 0.00959009 0.735601 0.00202974 0.572281 0.00269213 
7 1.5 5880000 7.09517 0.0455871 -7.5171 0.0190033 59.5849 0.250676 4131.25 30.2425 -0.00694683 0.0119601 -0.0283185 0.00905657 0.735688 0.00186313 0.572239 0.00246916 
7 1.5 6370000 7.10596 0.044514 -7.51561 0.0171101 59.5709 0.234253 4130.15 28.2259 0.00146197 0.0122276 -0.0249794 0.00881115 0.735768 0.00171805 0.572547 0.0022967 
7 1.5 6860000 7.10817 0.0431966 -7.51786 0.0162858 59.6025 0.22256 4132.5 26.8577 -0.00168558 0.0116851 -0.0278479 0.0083898 0.73584 0.00161448 0.572653 0.00215471 
7 1.5 7350000 7.12709 0.042736 -7.51364 0.0154206 59.5257 0.215778 4122.5 26.1013 -0.00222411 0.0108629 -0.0247921 0.00829667 0.735352 0.00154014 0.572008 0.0020491 
7 1.5 7840000 7.10938 0.0408294 -7.51037 0.0150174 59.488 0.21091 4119.95 25.4465 0.00178521 0.0108534 -0.0279503 0.00798985 0.734944 0.00154678 0.571464 0.00207138 
7 1.5 8330000 7.11328 0.0392623 -7.51206 0.0144279 59.5122 0.201553 4123.39 24.2662 0.00014757 0.0102978 -0.0245342 0.00815268 0.735161 0.00147525 0.571764 0.00196798 
7 1.5 8820000 7.10122 0.0380432 -7.51272 0.0138268 59.5058 0.192961 4119.75 23.2231 0.00176769 0.0098187 -0.0218699 0.00808679 0.735327 0.0014189 0.57185 0.00188427 
7 1.5 9310000 7.10308 0.0365882 -7.51506 0.0132999 59.5414 0.184183 4124.52 22.1934 0.00116286 0.00929182 -0.0224755 0.00766017 0.735595 0.00137769 0.572309 0.00181919 
7 1.5 9800000 7.11606 0.0358551 -7.51301 0.0128029 59.5121 0.178456 4121.83 21.4289 0.0016356 0.0088148 -0.0222508 0.00748596 0.735624 0.00130646 0.572331 0.00174319 
7 1.5 10290000 7.12236 0.0354633 -7.51018 0.0123269 59.4689 0.170815 4116.75 20.5396 0.000949336 0.00840073 -0.0202109 0.00726812 0.735457 0.00125214 0.572116 0.00165847 
7 1.5 10780000 7.12236 0.0347067 -7.51018 0.0119691 59.4689 0.164432 4116.75 19.6797 0.000949336 0.00815521 -0.0202109 0.00714218 0.735457 0.0012221 0.572116 0.00159462 
7 1.5 11270000 7.10502 0.0345351 -7.51493 0.0116577 59.5334 0.160949 4124.14 19.3864 -0.00149683 0.00815521 -0.0197544 0.00686016 0.736238 0.00121211 0.573061 0.00156838 
7 1.5 11760000 7.10502 0.0334384 -7.51493 0.0116577 59.5334 0.158857 4124.14 19.1193 -0.00149683 0.00815521 -0.0197544 0.00743279 0.736238 0.00120797 0.573061 0.00157007 
7 1.5 12250000 7.10555 0.0333014 -7.50874 0.0118431 59.4527 0.157682 4115.57 18.8279 -0.00178471 0.00723981 -0.0157858 0.00718329 0.735216 0.0014641 0.571788 0.00180089 
7 1.5 12740000 7.10555 0.0325511 -7.50874 0.0118431 59.4527 0.155623 4115.57 18.5297 -0.00178471 0.00723981 -0.0157858 0.00697118 0.735216 0.0014641 0.571788 0.00180089 
7 1.5 13230000 7.09841 0.0318657 -7.51248 0.0115078 59.4934 0.151537 4118.68 17.9769 -0.00313429 0.00723981 -0.0143343 0.00679984 0.735709 0.00143211 0.572359 0.00175046 
7 1.5 13720000 7.09841 0.0313451 -7.51248 0.0115078 59.4934 0.149457 4118.68 17.7113 -0.00313429 0.00723981 -0.0143343 0.00672319 0.735709 0.00143211 0.572359 0.00175046 
7 1.5 14210000 7.08489 0.0308329 -7.51283 0.0114142 59.4902 0.153433 4116.66 17.7857 -0.00485563 0.00682585 -0.0104728 0.00673029 0.735678 0.00133016 0.572207 0.00163198 
7 1.5 14700000 7.08489 0.0311163 -7.51283 0.0110984 59.4902 0.149058 4116.66 17.4295 -0.00485563 0.00682585 -0.0104728 0.00673029 0.735678 0.00133016 0.572207 0.00163198 
7 1.5 15190000 7.07409 0.0300897 -7.51508 0.0109245 59.5238 0.146831 4120.46 17.1976 -0.00306582 0.00682585 -0.00995896 0.00673029 0.735861 0.00125401 0.572401 0.00153461 
7 1.5 15680000 7.07409 0.029963 -7.51508 0.0106209 59.5238 0.142764 4120.46 16.6741 -0.00306582 0.00682585 -0.00995896 0.00673029 0.735861 0.00125401 0.572401 0.00153461 
7 1.5 16170000 7.08069 0.0320383 -7.51047 0.0106531 59.4623 0.143332 4114.45 16.5643 -0.00150723 0.00674407 -0.00855181 0.00615704 0.735366 0.00126966 0.571727 0.00157966 
7 1.5 16660000 7.08069 0.0335362 -7.51047 0.0106866 59.4623 0.143247 4114.45 16.2735 -0.00150723 0.00674407 -0.00855181 0.00615704 0.735366 0.00126966 0.571727 0.00157966 
7 1.5 17150000 7.08783 0.0330274 -7.50856 0.010613 59.4346 0.141864 4111.27 16.1243 -0.00340899 0.00674407 -0.00792758 0.00615704 0.735216 0.00120378 0.571606 0.00149137 
7 1.5 17640000 7.08783 0.0323411 -7.50856 0.0103714 59.4346 0.138378 4111.27 15.8521 -0.00340899 0.00674407 -0.00792758 0.00615704 0.735216 0.00120378 0.571606 0.00149137 
7 1.5 18130000 7.08832 0.0316469 -7.51155 0.0101433 59.4781 0.135815 4115.95 15.7424 -0.00220186 0.0060304 -0.00664585 0.00576038 0.735565 0.00118636 0.572094 0.00148634 
7 1.5 18620000 7.08832 0.0307971 -7.51155 0.0099807 59.4781 0.134037 4115.95 15.5713 -0.00220186 0.0060304 -0.00664585 0.00576038 0.735565 0.00118636 0.572094 0.00148634 
7 1.5 19110000 7.08832 0.0307971 -7.51155 0.0099807 59.4781 0.133629 4115.95 15.6109 -0.00220186 0.0060304 -0.00664585 0.00576038 0.735565 0.00118636 0.572094 0.00148634 
7 1.5 19600000 7.08686 0.0299989 -7.51576 0.0103059 59.5454 0.140674 4125.04 15.8316 -0.00341586 0.0060304 -0.00502266 0.00576038 0.735883 0.00116591 0.572561 0.00147963 
7 1.5 20090000 7.08686 0.0292509 -7.51576 0.0103059 59.5454 0.140674 4125.04 15.8316 -0.00341586 0.0060304 -0.00502266 0.00576038 0.735883 0.00116591 0.572561 0.00147963 
7 1.5 20580000 7.08242 0.0290449 -7.51693 0.00985734 59.5637 0.134824 4126.8 15.1377 -0.00394089 0.00567257 -0.00479428 0.00747274 0.735815 0.00110961 0.57254 0.0014058 
7 1.5 21070000 7.08242 0.0283575 -7.51693 0.00985734 59.5637 0.134824 4126.8 15.1377 -0.00394089 0.00567257 -0.00479428 0.00747274 0.735815 0.00110961 0.57254 0.0014058 
7 1.5 21560000 7.08242 0.0276902 -7.51693 0.0095719 59.5637 0.129753 4126.8 14.7268 -0.00394089 0.00567257 -0.00479428 0.00747274 0.735815 0.00105741 0.57254 0.00133907 
7 1.5 22050000 7.08242 0.0270558 -7.51693 0.00939925 59.5637 0.128477 4126.8 14.5524 -0.00394089 0.00567257 -0.00479428 0.00747274 0.735815 0.00105741 0.57254 0.00133907 
7 1.5 22540000 7.0827 0.026479 -7.51697 0.009177 59.5541 0.124397 4123.45 14.4033 -0.00327388 0.00519595 -0.0060121 0.00747274 0.735911 0.00101096 0.572573 0.00127939 
7 1.5 23030000 7.0827 0.0264119 -7.51697 0.00907589 59.5541 0.122981 4123.45 14.4033 -0.00327388 0.00519595 -0.0060121 0.00747274 0.735911 0.00101096 0.572573 0.00127939 
7 1.5 23520000 7.0827 0.0259335 -7.51697 0.00888857 59.5541 0.12062 4123.45 14.4033 -0.00327388 0.00519595 -0.0060121 0.00747274 0.735911 0.000969211 0.572573 0.00122666 
7 1.5 24010000 7.0827 0.0253866 -7.51697 0.00875407 59.5541 0.119997 4123.45 14.4033 -0.00327388 0.00519595 -0.0060121 0.00747274 0.735911 0.000969211 0.572573 0.00122666 
7 1.5 24500000 7.08903 0.0250119 -7.516 0.00859784 59.5425 0.116379 4122.25 13.349 -0.000373133 0.00551352 -0.00592338 0.00631201 0.735782 0.00093086 0.572432 0.00117674 
7 1.5 24990000 7.08903 0.0249149 -7.516 0.0084757 59.5425 0.114558 4122.25 13.1131 -0.000373133 0.00551352 -0.00592338 0.00631201 0.735782 0.00093086 0.572432 0.00117674 
7 1.5 25480000 7.08903 0.0244263 -7.516 0.00836817 59.5425 0.113017 4122.25 13.0087 -0.000373133 0.00551352 -0.00592338 0.00631201 0.735782 0.000900133 0.572432 0.00113834 
7 1.5 25970000 7.08903 0.0240091 -7.516 0.00828599 59.5425 0.111701 4122.25 12.7964 -0.000373133 0.00551352 -0.00592338 0.00631201 0.735782 0.000900133 0.572432 0.00113834 
7 1.5 26460000 7.08507 0.0236164 -7.51505 0.00819948 59.5308 0.110549 4121.14 12.7017 0.00132369 0.00534413 -0.00598619 0.00631201 0.735766 0.000870448 0.572397 0.00109964 
7 1.5 26950000 7.08507 0.0236057 -7.51505 0.00805259 59.5308 0.108566 4121.14 12.7017 0.00132369 0.00534413 -0.00598619 0.00631201 0.735766 0.000870448 0.572397 0.00109964 
7 1.5 27440000 7.08507 0.0233418 -7.51505 0.00790852 59.5308 0.106623 4121.14 12.7017 0.00132369 0.00534413 -0.00598619 0.00631201 0.735766 0.000838215 0.572397 0.00105892 
7 1.5 27930000 7.08507 0.0243488 -7.51505 0.00779025 59.5308 0.104923 4121.14 12.7017 0.00132369 0.00534413 -0.00598619 0.00631201 0.735766 0.000838215 0.572397 0.00105892 
7 1.5 28420000 7.06515 0.0263326 -7.5157 0.00769867 59.5364 0.103602 4120.82 11.9606 0.001497 0.00496522 -0.00525599 0.00544546 0.735711 0.000810253 0.572279 0.00102802 
7 1.5 28910000 7.06515 0.0263326 -7.5157 0.0076903 59.5364 0.103561 4120.82 11.8741 0.001497 0.00496522 -0.00525599 0.00544546 0.735711 0.000810253 0.572279 0.00102802 
7 1.5 29400000 7.06515 0.0263326 -7.5157 0.00768261 59.5364 0.103426 4120.82 11.7503 0.001497 0.00496522 -0.00525599 0.00544546 0.735711 0.000800277 0.572279 0.00102132 
7 1.5 29890000 7.06515 0.0263326 -7.5157 0.00755703 59.5364 0.101728 4120.82 11.5796 0.001497 0.00496522 -0.00525599 0.00544546 0.735711 0.000800277 0.572279 0.00102132 
7 1.5 30380000 7.06803 0.0263326 -7.51295 0.00745566 59.5018 0.10043 4118 11.5288 0.00124037 0.00464083 -0.00541771 0.00544546 0.735536 0.000773609 0.572026 0.000987307 
7 1.5 30870000 7.06803 0.0263326 -7.51295 0.00734713 59.5018 0.0989876 4118 11.4031 0.00124037 0.00464083 -0.00541771 0.00544546 0.735536 0.000773609 0.572026 0.000987307 
7 1.5 31360000 7.06803 0.0263326 -7.51295 0.00727338 59.5018 0.0980636 4118 11.3595 0.00124037 0.00464083 -0.00541771 0.00544546 0.735536 0.000750238 0.572026 0.000958033 
7 1.5 31850000 7.06803 0.0263326 -7.51295 0.00716466 59.5018 0.096992 4118 11.2325 0.00124037 0.00464083 -0.00541771 0.00544546 0.735536 0.000750238 0.572026 0.000958033 
7 1.5 32340000 7.06989 0.0234628 -7.51273 0.00705936 59.4964 0.095759 4117.76 11.1051 0.00232235 0.00447513 -0.00558514 0.00477471 0.735474 0.000726906 0.571942 0.00092819 
7 1.5 32830000 7.06989 0.0234628 -7.51273 0.00695418 59.4964 0.0949834 4117.76 10.9986 0.00232235 0.00447513 -0.00558514 0.00477471 0.735474 0.000726906 0.571942 0.00092819 
7 1.5 33320000 7.06989 0.0234628 -7.51273 0.00687075 59.4964 0.0944712 4117.76 10.9734 0.00232235 0.00447513 -0.00558514 0.00477471 0.735474 0.000709804 0.571942 0.000905264 
7 1.5 33810000 7.06989 0.0234628 -7.51273 0.00685599 59.4964 0.0936071 4117.76 10.8556 0.00232235 0.00447513 -0.00558514 0.00477471 0.735474 0.000709804 0.571942 0.000905264 
7 1.5 34300000 7.07511 0.0234628 -7.51172 0.00677671 59.4848 0.0925362 4116.63 10.7388 0.00242745 0.00421312 -0.00714715 0.00477471 0.735362 0.00068944 0.571791 0.000880139 
7 1.5 34790000 7.07511 0.0234628 -7.51172 0.00671288 59.4848 0.0920734 4116.63 10.6874 0.00242745 0.00421312 -0.00714715 0.00477471 0.735362 0.00068944 0.571791 0.000880139 
7 1.5 35280000 7.07511 0.0234628 -7.51172 0.00663099 59.4848 0.0912248 4116.63 10.6082 0.00242745 0.00421312 -0.00714715 0.00477471 0.735362 0.00066991 0.571791 0.000864336 
7 1.5 35770000 7.07511 0.0234628 -7.51172 0.00656781 59.4848 0.0902287 4116.63 10.479 0.00242745 0.00421312 -0.00714715 0.00477471 0.735362 0.00066991 0.571791 0.000857895 
7 1.5 36260000 7.07365 0.0211556 -7.51135 0.00651368 59.4813 0.0893496 4116.56 10.3746 0.0020549 0.00399549 -0.00589674 0.00425435 0.735363 0.000653495 0.571744 0.000849221 
7 1.5 36750000 7.07365 0.0211556 -7.51135 0.00649618 59.4813 0.088795 4116.56 10.3184 0.0020549 0.00399549 -0.00589674 0.00425435 0.735363 0.000651766 0.571744 0.000845379 
7 1.5 37240000 7.07365 0.0211556 -7.51135 0.00643853 59.4813 0.0884 4116.56 10.2656 0.0020549 0.00399549 -0.00589674 0.00425435 0.735363 0.000657166 0.571744 0.000843928 
7 1.5 37730000 7.07365 0.0211556 -7.51135 0.00636264 59.4813 0.0873204 4116.56 10.1415 0.0020549 0.00399549 -0.00589674 0.00425435 0.735363 0.000657166 0.571744 0.000843154 
7 1.5 38220000 7.07103 0.0211556 -7.51355 0.0064147 59.5128 0.0876041 4120.13 10.2 0.00253558 0.00381401 -0.00589963 0.00425435 0.735652 0.000649621 0.572155 0.000838659 
7 1.5 38710000 7.07103 0.0211556 -7.51355 0.00636134 59.5128 0.0871102 4120.13 10.1268 0.00253558 0.00381401 -0.00589963 0.00425435 0.735652 0.000649621 0.572155 0.000838659 
7 1.5 39200000 7.07103 0.0211556 -7.51355 0.00629571 59.5128 0.0861669 4120.13 10.0199 0.00253558 0.00381401 -0.00589963 0.00425435 0.735652 0.000637351 0.572155 0.00082783 
7 1.5 39690000 7.07103 0.0211556 -7.51355 0.00623906 59.5128 0.0853475 4120.13 9.91605 0.00253558 0.00381401 -0.00589963 0.00425435 0.735652 0.000637351 0.572155 0.00082783 
7 1.5 40180000 7.07103 0.0211556 -7.51355 0.00620052 59.5128 0.0847298 4120.13 9.86106 0.00253558 0.00381401 -0.00589963 0.00425435 0.735652 0.000637351 0.572155 0.00082783 
7 1.5 40670000 7.06804 0.0197691 -7.51248 0.00617018 59.4956 0.084058 4117.74 9.76711 0.00150895 0.00375894 -0.00472049 0.00476927 0.735602 0.000621927 0.572061 0.000808101 
7 1.5 41160000 7.06804 0.0197691 -7.51248 0.00612848 59.4956 0.0834451 4117.74 9.71629 0.00150895 0.00375894 -0.00472049 0.00476927 0.735602 0.000621927 0.572061 0.000808101 
7 1.5 41650000 7.06804 0.0197691 -7.51248 0.00605933 59.4956 0.0826461 4117.74 9.61725 0.00150895 0.00375894 -0.00472049 0.00476927 0.735602 0.000610282 0.572061 0.000790741 
7 1.5 42140000 7.06804 0.0197691 -7.51248 0.0059909 59.4956 0.0818029 4117.74 9.52231 0.00150895 0.00375894 -0.00472049 0.00476927 0.735602 0.000606764 0.572061 0.00078921 
7 1.5 42630000 7.06804 0.0197691 -7.51248 0.00596807 59.4956 0.081364 4117.74 9.4676 0.00150895 0.00374013 -0.00472049 0.00476927 0.735602 0.000603197 0.572061 0.000781354 
7 1.5 43120000 7.06804 0.0197691 -7.51248 0.00592786 59.4956 0.0807132 4117.74 9.39272 0.00150895 0.00374013 -0.00472049 0.00476927 0.735602 0.000597521 0.572061 0.000773899 
7 1.5 43610000 7.06804 0.0197691 -7.51248 0.00587453 59.4956 0.0804869 4117.74 9.39269 0.00150895 0.00374013 -0.00472049 0.00476927 0.735602 0.000597256 0.572061 0.000773021 
7 1.5 44100000 7.06804 0.0197691 -7.51248 0.00585916 59.4956 0.0798918 4117.74 9.31616 0.00150895 0.00374013 -0.00472049 0.00476927 0.735602 0.000592663 0.572061 0.000767796 
7 1.5 44590000 7.07693 0.0198683 -7.51252 0.00580779 59.5045 0.0792571 4120.16 9.24407 0.00214261 0.00360029 -0.00268219 0.00476927 0.735666 0.000587794 0.572181 0.000761665 
7 1.5 45080000 7.07693 0.0198683 -7.51252 0.00574502 59.5045 0.0786757 4120.16 9.19011 0.00214261 0.00360029 -0.00268219 0.00476927 0.735666 0.000584041 0.572181 0.000756443 
7 1.5 45570000 7.07693 0.0198683 -7.51252 0.00572896 59.5045 0.0783691 4120.16 9.14998 0.00214261 0.00360029 -0.00268219 0.00476927 0.735666 0.000585324 0.572181 0.000757352 
7 1.5 46060000 7.07693 0.0198683 -7.51252 0.0056669 59.5045 0.0776221 4120.16 9.06882 0.00214261 0.00360029 -0.00268219 0.00476927 0.735666 0.000579327 0.572181 0.000749643 
7 1.5 46550000 7.07693 0.0198683 -7.51252 0.00564463 59.5045 0.0772725 4120.16 9.01233 0.00214261 0.00348007 -0.00268219 0.00476927 0.735666 0.000577605 0.572181 0.000746065 
7 1.5 47040000 7.07693 0.0198683 -7.51252 0.00561771 59.5045 0.0767509 4120.16 8.96058 0.00214261 0.00348007 -0.00268219 0.00476927 0.735666 0.000573104 0.572181 0.000740516 
7 1.5 47530000 7.07693 0.0198683 -7.51252 0.00559929 59.5045 0.0763782 4120.16 8.91962 0.00214261 0.00348007 -0.00268219 0.00476927 0.735666 0.000569146 0.572181 0.000736225 
7 1.5 48020000 7.07693 0.0198683 -7.51252 0.00558492 59.5045 0.0760914 4120.16 8.86403 0.00214261 0.00348007 -0.00268219 0.00476927 0.735666 0.000565591 0.572181 0.000735962 
7 1.5 48510000 7.07062 0.0191881 -7.51073 0.00552802 59.4777 0.0753774 4116.97 8.7951 0.00224368 0.00335934 -0.00273274 0.00436903 0.735329 0.00055862 0.571743 0.000723859 
7 1.5 49000000 7.07062 0.0191881 -7.51073 0.00548065 59.4777 0.0746764 4116.97 8.72934 0.00224368 0.00335934 -0.00273274 0.00436903 0.735329 0.000555372 0.571743 0.000723859 
7 1.5 49490000 7.07062 0.0191881 -7.51073 0.00544512 59.4777 0.0743688 4116.97 8.70065 0.00224368 0.00335934 -0.00273274 0.00436903 0.735329 0.000550163 0.571743 0.000711311 
7 1.5 49980000 7.07062 0.0191881 -7.51073 0.00542224 59.4777 0.0741294 4116.97 8.68254 0.00224368 0.00335934 -0.00273274 0.00436903 0.735329 0.000550484 0.571743 0.000710927 
7 1.5 50470000 7.07062 0.0191881 -7.51073 0.00539505 59.4777 0.0738311 4116.97 8.63148 0.00224368 0.00324157 -0.00273274 0.00436903 0.735329 0.000549902 0.571743 0.000711602 
7 1.5 50960000 7.07062 0.0191881 -7.51073 0.00536919 59.4777 0.0733184 4116.97 8.58929 0.00224368 0.00324157 -0.00273274 0.00436903 0.735329 0.000548732 0.571743 0.000711602 
7 1.5 51450000 7.07062 0.0191881 -7.51073 0.0054234 59.4777 0.0746044 4116.97 8.65433 0.00224368 0.00324157 -0.00273274 0.00436903 0.735329 0.000566992 0.571743 0.000739129 
7 1.5 51940000 7.07062 0.0191881 -7.51073 0.00539933 59.4777 0.0746044 4116.97 8.61756 0.00224368 0.00324157 -0.00273274 0.00436903 0.735329 0.000566992 0.571743 0.000739129 
7 1.5 52430000 7.05921 0.0208271 -7.51373 0.0053708 59.5213 0.0734334 4122.22 8.75197 0.00255358 0.00311699 -0.00398209 0.00436903 0.735609 0.000557561 0.572111 0.000726749 
7 1.5 52920000 7.05921 0.0208271 -7.51373 0.00532415 59.5213 0.0734334 4122.22 8.75197 0.00255358 0.00311699 -0.00398209 0.00436903 0.735609 0.000557561 0.572111 0.000726749 
7 1.5 53410000 7.05921 0.0208271 -7.51373 0.00528232 59.5213 0.0729544 4122.22 8.75197 0.00255358 0.00311699 -0.00398209 0.00436903 0.735609 0.000547819 0.572111 0.000722848 
7 1.5 53900000 7.05921 0.0208271 -7.51373 0.00529874 59.5213 0.0729544 4122.22 8.75197 0.00255358 0.00311699 -0.00398209 0.00436903 0.735609 0.000547819 0.572111 0.000722848 
7 1.5 54390000 7.05921 0.0208271 -7.51373 0.00529302 59.5213 0.0729544 4122.22 8.75197 0.00255358 0.00302242 -0.00398209 0.00436903 0.735609 0.000543859 0.572111 0.000722848 
7 1.5 54880000 7.05921 0.0208271 -7.51373 0.00526715 59.5213 0.0729544 4122.22 8.75197 0.00255358 0.00300512 -0.00398209 0.00436903 0.735609 0.000543859 0.572111 0.000722848 
7 1.5 55370000 7.05921 0.0208271 -7.51373 0.0052893 59.5213 0.0736688 4122.22 8.75197 0.00255358 0.00300512 -0.00398209 0.00436903 0.735609 0.000561459 0.572111 0.000729416 
7 1.5 55860000 7.05921 0.0208271 -7.51373 0.0052893 59.5213 0.0736688 4122.22 8.75197 0.00255358 0.00300512 -0.00398209 0.00436903 0.735609 0.000561459 0.572111 0.000729416 
7 1.5 56350000 7.05643 0.0195244 -7.51393 0.00520249 59.5255 0.0724335 4122.74 8.39831 0.00174869 0.00296845 -0.00346942 0.00380649 0.735633 0.000552823 0.572129 0.000717444 
7 1.5 56840000 7.05643 0.0195244 -7.51393 0.00519884 59.5255 0.0724335 4122.74 8.39831 0.00174869 0.00296845 -0.00346942 0.00380649 0.735633 0.000552823 0.572129 0.000717444 
7 1.5 57330000 7.05643 0.0195244 -7.51393 0.00522619 59.5255 0.0730858 4122.74 8.51061 0.00174869 0.00296845 -0.00346942 0.00380649 0.735633 0.000554637 0.572129 0.000721251 
7 1.5 57820000 7.05643 0.0195244 -7.51393 0.00522619 59.5255 0.0730858 4122.74 8.51061 0.00174869 0.00296845 -0.00346942 0.00380649 0.735633 0.000554637 0.572129 0.000721251 
7 1.5 58310000 7.05643 0.0195244 -7.51393 0.00528578 59.5255 0.0740127 4122.74 8.61631 0.00174869 0.00289004 -0.00346942 0.00380649 0.735633 0.000546493 0.572129 0.000710307 
7 1.5 58800000 7.05643 0.0195244 -7.51393 0.00528578 59.5255 0.0740127 4122.74 8.61631 0.00174869 0.0029611 -0.00346942 0.00380649 0.735633 0.000546493 0.572129 0.000710307 
7 1.5 59290000 7.05643 0.0195244 -7.51393 0.00522294 59.5255 0.0730789 4122.74 8.48993 0.00174869 0.00293732 -0.00346942 0.00380649 0.735633 0.000548324 0.572129 0.000710368 
7 1.5 59780000 7.05643 0.0195244 -7.51393 0.00522294 59.5255 0.0730789 4122.74 8.48993 0.00174869 0.00292536 -0.00346942 0.00380649 0.735633 0.000548324 0.572129 0.000710368 
7 1.5 60270000 7.05477 0.0182934 -7.51462 0.00514464 59.5353 0.0719784 4123.7 8.35605 0.000859152 0.00290466 -0.00352117 0.00380649 0.73585 0.000540173 0.572416 0.000700134 
7 1.5 60760000 7.05477 0.0182934 -7.51462 0.00514464 59.5353 0.0719784 4123.7 8.35605 0.000859152 0.00290466 -0.00352117 0.00380649 0.73585 0.000540173 0.572416 0.000700134 
7 1.5 61250000 7.05477 0.0182934 -7.51462 0.00514464 59.5353 0.0719784 4123.7 8.35605 0.000859152 0.00290393 -0.00352117 0.00380649 0.73585 0.000540173 0.572416 0.000700134 
7 1.5 61740000 7.05477 0.0182934 -7.51462 0.00515846 59.5353 0.0716776 4123.7 8.27627 0.000859152 0.0028846 -0.00352117 0.00380649 0.73585 0.000535512 0.572416 0.0006924 
7 1.5 62230000 7.05477 0.0182934 -7.51462 0.00515846 59.5353 0.0716776 4123.7 8.27627 0.000859152 0.00287776 -0.00352117 0.00380649 0.73585 0.000535512 0.572416 0.0006924 
7 1.5 62720000 7.05477 0.0182934 -7.51462 0.00511049 59.5353 0.0709337 4123.7 8.18593 0.000859152 0.0028547 -0.00352117 0.00380649 0.73585 0.000526951 0.572416 0.000685393 
7 1.5 63210000 7.05477 0.0182934 -7.51462 0.00511049 59.5353 0.0709337 4123.7 8.18593 0.000859152 0.00283725 -0.00352117 0.00380649 0.73585 0.000526951 0.572416 0.000685393 
7 1.5 63700000 7.05477 0.0182934 -7.51462 0.00504894 59.5353 0.0699426 4123.7 8.05637 0.000859152 0.00281674 -0.00352117 0.00380649 0.73585 0.000520685 0.572416 0.000685393 
7 1.5 64190000 7.05477 0.0182934 -7.51462 0.00504894 59.5353 0.0699426 4123.7 8.05637 0.000859152 0.00286786 -0.00352117 0.00380649 0.73585 0.000520685 0.572416 0.000685393 
7 1.5 64680000 7.0518 0.0173887 -7.51537 0.0049871 59.5422 0.0692786 4124.24 8.01955 0.00138184 0.00284551 -0.00383966 0.00334863 0.735879 0.00051255 0.572477 0.00066218 
7 1.5 65170000 7.0518 0.0173887 -7.51537 0.0049871 59.5422 0.0692786 4124.24 8.01955 0.00138184 0.00284436 -0.00383966 0.00334863 0.735879 0.00051255 0.572477 0.00066218 
7 1.5 65660000 7.0518 0.0173887 -7.51537 0.00491061 59.5422 0.068225 4124.24 7.89689 0.00138184 0.00284814 -0.00383966 0.00334863 0.735879 0.000505698 0.572477 0.000652773 
7 1.5 66150000 7.0518 0.0173887 -7.51537 0.00491061 59.5422 0.068225 4124.24 7.89689 0.00138184 0.00283222 -0.00383966 0.00334863 0.735879 0.000505698 0.572477 0.000652773 
7 1.5 66640000 7.0518 0.0173887 -7.51537 0.00489552 59.5422 0.0685728 4124.24 8.01521 0.00138184 0.00281255 -0.00383966 0.00334863 0.735879 0.000498056 0.572477 0.000645317 
7 1.5 67130000 7.0518 0.0173887 -7.51537 0.00489552 59.5422 0.0685728 4124.24 8.01521 0.00138184 0.00279159 -0.00383966 0.00334863 0.735879 0.000498056 0.572477 0.000645317 
7 1.5 67620000 7.0518 0.0173887 -7.51537 0.00493497 59.5422 0.0691351 4124.24 8.06385 0.00138184 0.0027708 -0.00383966 0.00334863 0.735879 0.000495163 0.572477 0.000645317 
7 1.5 68110000 7.0518 0.0173887 -7.51537 0.00493497 59.5422 0.0691351 4124.24 8.06385 0.00138184 0.00276116 -0.00383966 0.00334863 0.735879 0.000495163 0.572477 0.000645317 
7 1.5 68600000 7.06287 0.0195748 -7.51369 0.00486573 59.5124 0.0681186 4120.28 7.94928 0.00230967 0.00274552 -0.00420681 0.00334863 0.735764 0.000488258 0.572293 0.000633184 
7 1.5 69090000 7.06287 0.0195748 -7.51369 0.00486573 59.5124 0.0681186 4120.28 7.94928 0.00230967 0.0027266 -0.00420681 0.00334863 0.735764 0.000488258 0.572293 0.000633184 
7 1.5 69580000 7.06287 0.0195748 -7.51369 0.00479587 59.5124 0.0671369 4120.28 7.84047 0.00230967 0.00271663 -0.00420681 0.00334863 0.735764 0.000482561 0.572293 0.000633184 
7 1.5 70070000 7.06287 0.0195748 -7.51369 0.00479587 59.5124 0.0671369 4120.28 7.84047 0.00230967 0.00270733 -0.00420681 0.00334863 0.735764 0.000482561 0.572293 0.000633184 
7 1.5 70560000 7.06287 0.0195748 -7.51369 0.00473248 59.5124 0.0663452 4120.28 7.78988 0.00230967 0.00268826 -0.00420681 0.00334863 0.735764 0.000475994 0.572293 0.000633184 
7 1.5 71050000 7.06287 0.0195748 -7.51369 0.00473248 59.5124 0.0663452 4120.28 7.78988 0.00230967 0.002675 -0.00420681 0.00334863 0.735764 0.000475994 0.572293 0.000633184 
7 1.5 71540000 7.06287 0.0195748 -7.51369 0.0046665 59.5124 0.0654282 4120.28 7.78988 0.00230967 0.00265672 -0.00420681 0.00334863 0.735764 0.000471195 0.572293 0.000633184 
7 1.5 72030000 7.06287 0.0195748 -7.51369 0.0046665 59.5124 0.0654282 4120.28 7.78988 0.00230967 0.00265347 -0.00420681 0.00334863 0.735764 0.000471195 0.572293 0.000633184 
7 1.5 72520000 7.0655 0.0193604 -7.51302 0.0046104 59.5055 0.0645371 4119.74 7.57189 0.00191533 0.00262536 -0.00363295 0.00298294 0.735894 0.000465792 0.57245 0.000617196 
7 1.5 73010000 7.0655 0.0193604 -7.51302 0.0046104 59.5055 0.0645371 4119.74 7.57189 0.00191533 0.002648 -0.00363295 0.00298294 0.735894 0.000465792 0.57245 0.000617196 
7 1.5 73500000 7.0655 0.0193604 -7.51302 0.00454849 59.5055 0.0637011 4119.74 7.47865 0.00191533 0.00263006 -0.00363295 0.00298294 0.735894 0.000462135 0.57245 0.000617196 
7 1.5 73990000 7.0655 0.0193604 -7.51302 0.00454849 59.5055 0.0637011 4119.74 7.47865 0.00191533 0.00262124 -0.00363295 0.00298294 0.735894 0.000462135 0.57245 0.000617196 
7 1.5 74480000 7.0655 0.0193604 -7.51302 0.00451623 59.5055 0.06323 4119.74 7.42404 0.00191533 0.0026114 -0.00363295 0.00298294 0.735894 0.00045669 0.57245 0.000617196 
7 1.5 74970000 7.0655 0.0193604 -7.51302 0.00451623 59.5055 0.06323 4119.74 7.42404 0.00191533 0.00259413 -0.00363295 0.00298294 0.735894 0.00045669 0.57245 0.000617196 
7 1.5 75460000 7.0655 0.0193604 -7.51302 0.00445843 59.5055 0.0624477 4119.74 7.37577 0.00191533 0.0025782 -0.00363295 0.00298294 0.735894 0.000455282 0.57245 0.000617196 
7 1.5 75950000 7.0655 0.0193604 -7.51302 0.00445843 59.5055 0.0624477 4119.74 7.37577 0.00191533 0.00256449 -0.00363295 0.00298294 0.735894 0.000455282 0.57245 0.000617196 
7 1.5 76440000 7.06984 0.0193604 -7.51296 0.00441812 59.5051 0.0616433 4119.68 7.23719 0.00170011 0.00255213 -0.00405263 0.00298294 0.736013 0.000450332 0.57259 0.000600438 
7 1.5 76930000 7.06984 0.0193604 -7.51296 0.00440843 59.5051 0.0616433 4119.68 7.23719 0.00170011 0.00253586 -0.00405263 0.00298294 0.736013 0.000450332 0.57259 0.000600438 
7 1.5 77420000 7.06984 0.0193604 -7.51296 0.00440603 59.5051 0.0614481 4119.68 7.18537 0.00170011 0.0025203 -0.00405263 0.00298294 0.736013 0.000449266 0.57259 0.000600438 
7 1.5 77910000 7.06984 0.0193604 -7.51296 0.00442177 59.5051 0.0614481 4119.68 7.18537 0.00170011 0.00252378 -0.00405263 0.00298294 0.736013 0.000449266 0.57259 0.000600438 
7 1.5 78400000 7.06984 0.0193604 -7.51296 0.00447926 59.5051 0.0622434 4119.68 7.23217 0.00170011 0.00250785 -0.00405263 0.00298294 0.736013 0.000453844 0.57259 0.000600438 
7 1.5 78890000 7.06984 0.0193604 -7.51296 0.00447926 59.5051 0.0622434 4119.68 7.23217 0.00170011 0.0024944 -0.00405263 0.00298294 0.736013 0.000453844 0.57259 0.000600438 
7 1.5 79380000 7.06984 0.0193604 -7.51296 0.00455329 59.5051 0.0632472 4119.68 7.34766 0.00170011 0.00248344 -0.00405263 0.00298294 0.736013 0.000452135 0.57259 0.000600438 
7 1.5 79870000 7.06984 0.0193604 -7.51296 0.00455329 59.5051 0.0632472 4119.68 7.34766 0.00170011 0.00247169 -0.00405263 0.00298294 0.736013 0.000452135 0.57259 0.000600438 
7 1.5 80360000 7.07067 0.0215411 -7.51264 0.00451308 59.5001 0.0625126 4119.02 7.25864 0.00143891 0.00246594 -0.00334493 0.00269851 0.735977 0.000451243 0.572544 0.000581368 
7 1.5 80850000 7.07067 0.0215411 -7.51264 0.00451308 59.5001 0.0625126 4119.02 7.25864 0.00143891 0.00245368 -0.00334493 0.00269851 0.735977 0.000451243 0.572544 0.000581368 
7 1.5 81340000 7.07067 0.0215411 -7.51264 0.00448997 59.5001 0.0617448 4119.02 7.17677 0.00143891 0.00245354 -0.00334493 0.00269851 0.735977 0.000446145 0.572544 0.000578623 
7 1.5 81830000 7.07067 0.0215411 -7.51264 0.00448997 59.5001 0.0617448 4119.02 7.17677 0.00143891 0.00244631 -0.00334493 0.00269851 0.735977 0.000446145 0.572544 0.000578623 
7 1.5 82320000 7.07067 0.0215411 -7.51264 0.00448997 59.5001 0.0617448 4119.02 7.17677 0.00143891 0.00243341 -0.00334493 0.00269851 0.735977 0.000446145 0.572544 0.000578623 
7 1.5 82810000 7.07067 0.0215411 -7.51264 0.00442021 59.5001 0.0611865 4119.02 7.10529 0.00143891 0.00242346 -0.00334493 0.00269851 0.735977 0.000442166 0.572544 0.00057221 
7 1.5 83300000 7.07067 0.0215411 -7.51264 0.00442021 59.5001 0.0611865 4119.02 7.10529 0.00143891 0.00241217 -0.00334493 0.00269851 0.735977 0.000442166 0.572544 0.00057221 
7 1.5 83790000 7.07067 0.0215411 -7.51264 0.00439261 59.5001 0.06063 4119.02 7.04435 0.00143891 0.00240344 -0.00334493 0.00269851 0.735977 0.000437882 0.572544 0.00057221 
7 1.5 84280000 7.07067 0.0215411 -7.51264 0.00439261 59.5001 0.06063 4119.02 7.04435 0.00143891 0.0023949 -0.00334493 0.00269851 0.735977 0.000437882 0.572544 0.00057221 
7 1.5 84770000 7.07067 0.0215411 -7.51264 0.00432875 59.5001 0.0599416 4119.02 6.96526 0.00143891 0.00238785 -0.00334493 0.00269851 0.735977 0.000433032 0.572544 0.000558363 
7 1.5 85260000 7.07067 0.0215411 -7.51264 0.00432875 59.5001 0.0599416 4119.02 6.96526 0.00143891 0.00238601 -0.00334493 0.00269851 0.735977 0.000433032 0.572544 0.000558363 
7 1.5 85750000 7.07067 0.0215411 -7.51264 0.00430006 59.5001 0.0598621 4119.02 6.95087 0.00143891 0.00237666 -0.00334493 0.00269851 0.735977 0.000428986 0.572544 0.000553244 
7 1.5 86240000 7.07067 0.0215411 -7.51264 0.00430006 59.5001 0.0598621 4119.02 6.95087 0.00143891 0.00236408 -0.00334493 0.00269851 0.735977 0.000428986 0.572544 0.000553244 
7 1.5 86730000 7.07067 0.0215411 -7.51264 0.00425044 59.5001 0.0598621 4119.02 6.94681 0.00143891 0.00235853 -0.00334493 0.00269851 0.735977 0.0004245 0.572544 0.000548588 
7 1.5 87220000 7.07067 0.0215411 -7.51264 0.00425044 59.5001 0.0598621 4119.02 6.94681 0.00143891 0.00235472 -0.00334493 0.00269851 0.735977 0.0004245 0.572544 0.000548588 
7 1.5 87710000 7.07067 0.0215411 -7.51264 0.00422132 59.5001 0.0598621 4119.02 6.94681 0.00143891 0.0023512 -0.00334493 0.00269851 0.735977 0.000419708 0.572544 0.000548588 
7 1.5 88200000 7.07067 0.0215411 -7.51264 0.00422132 59.5001 0.0598621 4119.02 6.94681 0.00143891 0.00234588 -0.00334493 0.00269851 0.735977 0.000419708 0.572544 0.000548588 
7 1.5 88690000 7.07161 0.0215411 -7.51118 0.00420749 59.4777 0.0598621 4116.32 6.94681 0.00211217 0.00233402 -0.00362214 0.00246739 0.735808 0.00042269 0.572303 0.000551314 
7 1.5 89180000 7.07161 0.0215411 -7.51118 0.00420749 59.4777 0.0598621 4116.32 6.94681 0.00211217 0.00232436 -0.00362214 0.00246739 0.735808 0.00042269 0.572303 0.000551314 
7 1.5 89670000 7.07161 0.0215411 -7.51118 0.00422056 59.4777 0.0598621 4116.32 7.00733 0.00211217 0.00231727 -0.00362214 0.00246739 0.735808 0.000418206 0.572303 0.000551314 
7 1.5 90160000 7.07161 0.0215411 -7.51118 0.00422056 59.4777 0.0598621 4116.32 7.00733 0.00211217 0.00230695 -0.00362214 0.00246739 0.735808 0.000418206 0.572303 0.000551314 
7 1.5 90650000 7.07161 0.0215411 -7.51118 0.00421102 59.4777 0.0598621 4116.32 6.94681 0.00211217 0.00230351 -0.00362214 0.00246739 0.735808 0.000416997 0.572303 0.000551314 
7 1.5 91140000 7.07161 0.0215411 -7.51118 0.00421102 59.4777 0.0598621 4116.32 6.94681 0.00211217 0.00229808 -0.00362214 0.00246739 0.735808 0.000416997 0.572303 0.000551314 
7 1.5 91630000 7.07161 0.0215411 -7.51118 0.00421102 59.4777 0.0598621 4116.32 6.94681 0.00211217 0.00229205 -0.00362214 0.00246739 0.735808 0.000417234 0.572303 0.000551314 
7 1.5 92120000 7.07161 0.0215411 -7.51118 0.00421102 59.4777 0.0598621 4116.32 6.94681 0.00211217 0.00228709 -0.00362214 0.00246739 0.735808 0.000417234 0.572303 0.000551314 
7 1.5 92610000 7.07161 0.0215411 -7.51118 0.00420749 59.4777 0.0598621 4116.32 6.94681 0.00211217 0.00228032 -0.00362214 0.00246739 0.735808 0.000414575 0.572303 0.000537727 
7 1.5 93100000 7.07161 0.0215411 -7.51118 0.00420749 59.4777 0.0598621 4116.32 6.94681 0.00211217 0.00226926 -0.00362214 0.00246739 0.735808 0.000414575 0.572303 0.000537727 
7 1.5 93590000 7.07161 0.0215411 -7.51118 0.00420749 59.4777 0.0598621 4116.32 6.94681 0.00211217 0.00225983 -0.00362214 0.00246739 0.735808 0.000410469 0.572303 0.000537727 
7 1.5 94080000 7.07161 0.0215411 -7.51118 0.00420749 59.4777 0.0598621 4116.32 6.94681 0.00211217 0.00225415 -0.00362214 0.00246739 0.735808 0.000410469 0.572303 0.000537727 
7 1.5 94570000 7.07161 0.0215411 -7.51118 0.00420749 59.4777 0.0598621 4116.32 6.94681 0.00211217 0.00224378 -0.00362214 0.00246739 0.735808 0.000407763 0.572303 0.000537727 
7 1.5 95060000 7.07161 0.0215411 -7.51118 0.00420749 59.4777 0.0598621 4116.32 6.94681 0.00211217 0.00223287 -0.00362214 0.00246739 0.735808 0.000407763 0.572303 0.000537727 
7 1.5 95550000 7.07161 0.0215411 -7.51118 0.00420749 59.4777 0.0598621 4116.32 6.94681 0.00211217 0.00222964 -0.00362214 0.00246739 0.735808 0.000403495 0.572303 0.000537727 
7 1.5 96040000 7.07161 0.0215411 -7.51118 0.00420749 59.4777 0.0598621 4116.32 6.94681 0.00211217 0.0022312 -0.00362214 0.00246739 0.735808 0.000403495 0.572303 0.000537727 
7 1.5 96530000 7.07066 0.0179509 -7.51169 0.00407107 59.4825 0.0572302 4116.74 6.75408 0.00169538 0.0022265 -0.00324992 0.00228982 0.735871 0.000400308 0.572345 0.00051925 
7 1.5 97020000 7.07066 0.0179509 -7.51169 0.00407107 59.4825 0.0572302 4116.74 6.75408 0.00169538 0.00223212 -0.00324992 0.00228968 0.735871 0.000400308 0.572345 0.00051925 
7 1.5 97510000 7.07066 0.0179509 -7.51169 0.0040465 59.4825 0.0568291 4116.74 6.70057 0.00169538 0.00227481 -0.00324992 0.00228968 0.735871 0.000396615 0.572345 0.00051925 
7 1.5 98000000 7.07066 0.0179509 -7.51169 0.0040465 59.4825 0.0568291 4116.74 6.70057 0.00169538 0.00227481 -0.00324992 0.00228968 0.735871 0.000396615 0.572345 0.00051925 
7 1.5 98490000 7.07066 0.0179509 -7.51169 0.0040566 59.4825 0.0566313 4116.74 6.65386 0.00169538 0.00225321 -0.00324992 0.00228968 0.735871 0.000396544 0.572345 0.00051925 
7 1.5 98980000 7.07066 0.0179509 -7.51169 0.0040566 59.4825 0.0566313 4116.74 6.65386 0.00169538 0.00225321 -0.00324992 0.00228968 0.735871 0.000396544 0.572345 0.00051925 
7 1.5 99470000 7.07066 0.0179509 -7.51169 0.0040566 59.4825 0.0560663 4116.74 6.58691 0.00169538 0.00224409 -0.00324992 0.00228968 0.735871 0.000392708 0.572345 0.00051925 
7 1.5 99960000 7.07066 0.0179509 -7.51169 0.0040566 59.4825 0.0560663 4116.74 6.58691 0.00169538 0.00224409 -0.00324992 0.00228968 0.735871 0.000392708 0.572345 0.00051925 
